<?xml version="1.0" encoding="UTF-8"?>
<testsuite xmlns:xsi="http://www.w3.org/2001/XMLSchema-instance" xsi:noNamespaceSchemaLocation="https://maven.apache.org/surefire/maven-surefire-plugin/xsd/surefire-test-report.xsd" version="3.0.2" name="com.example.tienda_ms_pedidos.AppTest" time="5.694" tests="2" errors="0" skipped="0" failures="0">
  <properties>
    <property name="java.specification.version" value="23"/>
    <property name="sonar.login" value="squ_5e4c5603d90e1d770861611138b26d0f447d89d9"/>
    <property name="sonar.host.url" value="http://localhost:9000"/>
    <property name="sun.jnu.encoding" value="UTF-8"/>
    <property name="java.class.path" value="/Users/gonzaloduranadasme/Documents/GitHub/FS3_Sumativa/backend-arquetipo/tienda-ms-pedidos/target/test-classes:/Users/gonzaloduranadasme/Documents/GitHub/FS3_Sumativa/backend-arquetipo/tienda-ms-pedidos/target/classes:/Users/gonzaloduranadasme/.m2/repository/org/junit/jupiter/junit-jupiter/5.9.3/junit-jupiter-5.9.3.jar:/Users/gonzaloduranadasme/.m2/repository/org/junit/jupiter/junit-jupiter-params/5.11.3/junit-jupiter-params-5.11.3.jar:/Users/gonzaloduranadasme/.m2/repository/org/springframework/boot/spring-boot-starter-data-jpa/3.4.0/spring-boot-starter-data-jpa-3.4.0.jar:/Users/gonzaloduranadasme/.m2/repository/org/springframework/boot/spring-boot-starter/3.4.0/spring-boot-starter-3.4.0.jar:/Users/gonzaloduranadasme/.m2/repository/org/springframework/boot/spring-boot-starter-logging/3.4.0/spring-boot-starter-logging-3.4.0.jar:/Users/gonzaloduranadasme/.m2/repository/ch/qos/logback/logback-classic/1.5.12/logback-classic-1.5.12.jar:/Users/gonzaloduranadasme/.m2/repository/ch/qos/logback/logback-core/1.5.12/logback-core-1.5.12.jar:/Users/gonzaloduranadasme/.m2/repository/org/apache/logging/log4j/log4j-to-slf4j/2.24.1/log4j-to-slf4j-2.24.1.jar:/Users/gonzaloduranadasme/.m2/repository/org/apache/logging/log4j/log4j-api/2.24.1/log4j-api-2.24.1.jar:/Users/gonzaloduranadasme/.m2/repository/org/slf4j/jul-to-slf4j/2.0.16/jul-to-slf4j-2.0.16.jar:/Users/gonzaloduranadasme/.m2/repository/jakarta/annotation/jakarta.annotation-api/2.1.1/jakarta.annotation-api-2.1.1.jar:/Users/gonzaloduranadasme/.m2/repository/org/yaml/snakeyaml/2.3/snakeyaml-2.3.jar:/Users/gonzaloduranadasme/.m2/repository/org/springframework/boot/spring-boot-starter-jdbc/3.4.0/spring-boot-starter-jdbc-3.4.0.jar:/Users/gonzaloduranadasme/.m2/repository/com/zaxxer/HikariCP/5.1.0/HikariCP-5.1.0.jar:/Users/gonzaloduranadasme/.m2/repository/org/springframework/spring-jdbc/6.2.0/spring-jdbc-6.2.0.jar:/Users/gonzaloduranadasme/.m2/repository/org/hibernate/orm/hibernate-core/6.6.2.Final/hibernate-core-6.6.2.Final.jar:/Users/gonzaloduranadasme/.m2/repository/jakarta/persistence/jakarta.persistence-api/3.1.0/jakarta.persistence-api-3.1.0.jar:/Users/gonzaloduranadasme/.m2/repository/jakarta/transaction/jakarta.transaction-api/2.0.1/jakarta.transaction-api-2.0.1.jar:/Users/gonzaloduranadasme/.m2/repository/org/jboss/logging/jboss-logging/3.6.1.Final/jboss-logging-3.6.1.Final.jar:/Users/gonzaloduranadasme/.m2/repository/org/hibernate/common/hibernate-commons-annotations/7.0.3.Final/hibernate-commons-annotations-7.0.3.Final.jar:/Users/gonzaloduranadasme/.m2/repository/io/smallrye/jandex/3.2.0/jandex-3.2.0.jar:/Users/gonzaloduranadasme/.m2/repository/com/fasterxml/classmate/1.7.0/classmate-1.7.0.jar:/Users/gonzaloduranadasme/.m2/repository/org/glassfish/jaxb/jaxb-runtime/4.0.5/jaxb-runtime-4.0.5.jar:/Users/gonzaloduranadasme/.m2/repository/org/glassfish/jaxb/jaxb-core/4.0.5/jaxb-core-4.0.5.jar:/Users/gonzaloduranadasme/.m2/repository/org/eclipse/angus/angus-activation/2.0.2/angus-activation-2.0.2.jar:/Users/gonzaloduranadasme/.m2/repository/org/glassfish/jaxb/txw2/4.0.5/txw2-4.0.5.jar:/Users/gonzaloduranadasme/.m2/repository/com/sun/istack/istack-commons-runtime/4.1.2/istack-commons-runtime-4.1.2.jar:/Users/gonzaloduranadasme/.m2/repository/jakarta/inject/jakarta.inject-api/2.0.1/jakarta.inject-api-2.0.1.jar:/Users/gonzaloduranadasme/.m2/repository/org/antlr/antlr4-runtime/4.13.0/antlr4-runtime-4.13.0.jar:/Users/gonzaloduranadasme/.m2/repository/org/springframework/data/spring-data-jpa/3.4.0/spring-data-jpa-3.4.0.jar:/Users/gonzaloduranadasme/.m2/repository/org/springframework/data/spring-data-commons/3.4.0/spring-data-commons-3.4.0.jar:/Users/gonzaloduranadasme/.m2/repository/org/springframework/spring-orm/6.2.0/spring-orm-6.2.0.jar:/Users/gonzaloduranadasme/.m2/repository/org/springframework/spring-context/6.2.0/spring-context-6.2.0.jar:/Users/gonzaloduranadasme/.m2/repository/org/springframework/spring-aop/6.2.0/spring-aop-6.2.0.jar:/Users/gonzaloduranadasme/.m2/repository/org/springframework/spring-tx/6.2.0/spring-tx-6.2.0.jar:/Users/gonzaloduranadasme/.m2/repository/org/springframework/spring-beans/6.2.0/spring-beans-6.2.0.jar:/Users/gonzaloduranadasme/.m2/repository/org/slf4j/slf4j-api/2.0.16/slf4j-api-2.0.16.jar:/Users/gonzaloduranadasme/.m2/repository/org/springframework/spring-aspects/6.2.0/spring-aspects-6.2.0.jar:/Users/gonzaloduranadasme/.m2/repository/org/aspectj/aspectjweaver/1.9.22.1/aspectjweaver-1.9.22.1.jar:/Users/gonzaloduranadasme/.m2/repository/org/springframework/boot/spring-boot-starter-web/3.4.0/spring-boot-starter-web-3.4.0.jar:/Users/gonzaloduranadasme/.m2/repository/org/springframework/boot/spring-boot-starter-json/3.4.0/spring-boot-starter-json-3.4.0.jar:/Users/gonzaloduranadasme/.m2/repository/com/fasterxml/jackson/core/jackson-databind/2.18.1/jackson-databind-2.18.1.jar:/Users/gonzaloduranadasme/.m2/repository/com/fasterxml/jackson/core/jackson-annotations/2.18.1/jackson-annotations-2.18.1.jar:/Users/gonzaloduranadasme/.m2/repository/com/fasterxml/jackson/core/jackson-core/2.18.1/jackson-core-2.18.1.jar:/Users/gonzaloduranadasme/.m2/repository/com/fasterxml/jackson/datatype/jackson-datatype-jdk8/2.18.1/jackson-datatype-jdk8-2.18.1.jar:/Users/gonzaloduranadasme/.m2/repository/com/fasterxml/jackson/datatype/jackson-datatype-jsr310/2.18.1/jackson-datatype-jsr310-2.18.1.jar:/Users/gonzaloduranadasme/.m2/repository/com/fasterxml/jackson/module/jackson-module-parameter-names/2.18.1/jackson-module-parameter-names-2.18.1.jar:/Users/gonzaloduranadasme/.m2/repository/org/springframework/boot/spring-boot-starter-tomcat/3.4.0/spring-boot-starter-tomcat-3.4.0.jar:/Users/gonzaloduranadasme/.m2/repository/org/apache/tomcat/embed/tomcat-embed-core/10.1.33/tomcat-embed-core-10.1.33.jar:/Users/gonzaloduranadasme/.m2/repository/org/apache/tomcat/embed/tomcat-embed-websocket/10.1.33/tomcat-embed-websocket-10.1.33.jar:/Users/gonzaloduranadasme/.m2/repository/org/springframework/spring-web/6.2.0/spring-web-6.2.0.jar:/Users/gonzaloduranadasme/.m2/repository/io/micrometer/micrometer-observation/1.14.1/micrometer-observation-1.14.1.jar:/Users/gonzaloduranadasme/.m2/repository/io/micrometer/micrometer-commons/1.14.1/micrometer-commons-1.14.1.jar:/Users/gonzaloduranadasme/.m2/repository/org/springframework/spring-webmvc/6.2.0/spring-webmvc-6.2.0.jar:/Users/gonzaloduranadasme/.m2/repository/org/springframework/spring-expression/6.2.0/spring-expression-6.2.0.jar:/Users/gonzaloduranadasme/.m2/repository/org/springframework/boot/spring-boot-devtools/3.4.0/spring-boot-devtools-3.4.0.jar:/Users/gonzaloduranadasme/.m2/repository/org/springframework/boot/spring-boot/3.4.0/spring-boot-3.4.0.jar:/Users/gonzaloduranadasme/.m2/repository/org/springframework/boot/spring-boot-autoconfigure/3.4.0/spring-boot-autoconfigure-3.4.0.jar:/Users/gonzaloduranadasme/.m2/repository/com/oracle/database/jdbc/ojdbc11/23.5.0.24.07/ojdbc11-23.5.0.24.07.jar:/Users/gonzaloduranadasme/.m2/repository/com/oracle/database/security/oraclepki/23.5.0.24.07/oraclepki-23.5.0.24.07.jar:/Users/gonzaloduranadasme/.m2/repository/com/oracle/database/security/osdt_cert/21.9.0.0/osdt_cert-21.9.0.0.jar:/Users/gonzaloduranadasme/.m2/repository/com/oracle/database/security/osdt_core/21.9.0.0/osdt_core-21.9.0.0.jar:/Users/gonzaloduranadasme/.m2/repository/org/projectlombok/lombok/1.18.36/lombok-1.18.36.jar:/Users/gonzaloduranadasme/.m2/repository/org/springframework/boot/spring-boot-starter-test/3.4.0/spring-boot-starter-test-3.4.0.jar:/Users/gonzaloduranadasme/.m2/repository/org/springframework/boot/spring-boot-test/3.4.0/spring-boot-test-3.4.0.jar:/Users/gonzaloduranadasme/.m2/repository/org/springframework/boot/spring-boot-test-autoconfigure/3.4.0/spring-boot-test-autoconfigure-3.4.0.jar:/Users/gonzaloduranadasme/.m2/repository/com/jayway/jsonpath/json-path/2.9.0/json-path-2.9.0.jar:/Users/gonzaloduranadasme/.m2/repository/jakarta/xml/bind/jakarta.xml.bind-api/4.0.2/jakarta.xml.bind-api-4.0.2.jar:/Users/gonzaloduranadasme/.m2/repository/jakarta/activation/jakarta.activation-api/2.1.3/jakarta.activation-api-2.1.3.jar:/Users/gonzaloduranadasme/.m2/repository/net/minidev/json-smart/2.5.1/json-smart-2.5.1.jar:/Users/gonzaloduranadasme/.m2/repository/net/minidev/accessors-smart/2.5.1/accessors-smart-2.5.1.jar:/Users/gonzaloduranadasme/.m2/repository/org/assertj/assertj-core/3.26.3/assertj-core-3.26.3.jar:/Users/gonzaloduranadasme/.m2/repository/org/awaitility/awaitility/4.2.2/awaitility-4.2.2.jar:/Users/gonzaloduranadasme/.m2/repository/org/hamcrest/hamcrest/2.2/hamcrest-2.2.jar:/Users/gonzaloduranadasme/.m2/repository/org/skyscreamer/jsonassert/1.5.3/jsonassert-1.5.3.jar:/Users/gonzaloduranadasme/.m2/repository/com/vaadin/external/google/android-json/0.0.20131108.vaadin1/android-json-0.0.20131108.vaadin1.jar:/Users/gonzaloduranadasme/.m2/repository/org/springframework/spring-core/6.2.0/spring-core-6.2.0.jar:/Users/gonzaloduranadasme/.m2/repository/org/springframework/spring-jcl/6.2.0/spring-jcl-6.2.0.jar:/Users/gonzaloduranadasme/.m2/repository/org/springframework/spring-test/6.2.0/spring-test-6.2.0.jar:/Users/gonzaloduranadasme/.m2/repository/org/xmlunit/xmlunit-core/2.10.0/xmlunit-core-2.10.0.jar:/Users/gonzaloduranadasme/.m2/repository/org/springframework/boot/spring-boot-starter-validation/3.4.0/spring-boot-starter-validation-3.4.0.jar:/Users/gonzaloduranadasme/.m2/repository/org/apache/tomcat/embed/tomcat-embed-el/10.1.33/tomcat-embed-el-10.1.33.jar:/Users/gonzaloduranadasme/.m2/repository/org/hibernate/validator/hibernate-validator/8.0.1.Final/hibernate-validator-8.0.1.Final.jar:/Users/gonzaloduranadasme/.m2/repository/jakarta/validation/jakarta.validation-api/3.0.2/jakarta.validation-api-3.0.2.jar:/Users/gonzaloduranadasme/.m2/repository/org/springframework/boot/spring-boot-starter-hateoas/3.4.0/spring-boot-starter-hateoas-3.4.0.jar:/Users/gonzaloduranadasme/.m2/repository/org/springframework/hateoas/spring-hateoas/2.4.0/spring-hateoas-2.4.0.jar:/Users/gonzaloduranadasme/.m2/repository/org/springframework/plugin/spring-plugin-core/3.0.0/spring-plugin-core-3.0.0.jar:/Users/gonzaloduranadasme/.m2/repository/org/jacoco/jacoco-maven-plugin/0.8.12/jacoco-maven-plugin-0.8.12.jar:/Users/gonzaloduranadasme/.m2/repository/org/codehaus/plexus/plexus-utils/3.0.24/plexus-utils-3.0.24.jar:/Users/gonzaloduranadasme/.m2/repository/org/apache/maven/shared/file-management/3.1.0/file-management-3.1.0.jar:/Users/gonzaloduranadasme/.m2/repository/commons-io/commons-io/2.11.0/commons-io-2.11.0.jar:/Users/gonzaloduranadasme/.m2/repository/org/apache/maven/reporting/maven-reporting-api/3.0/maven-reporting-api-3.0.jar:/Users/gonzaloduranadasme/.m2/repository/org/apache/maven/doxia/doxia-sink-api/1.0/doxia-sink-api-1.0.jar:/Users/gonzaloduranadasme/.m2/repository/org/jacoco/org.jacoco.agent/0.8.12/org.jacoco.agent-0.8.12-runtime.jar:/Users/gonzaloduranadasme/.m2/repository/org/jacoco/org.jacoco.core/0.8.12/org.jacoco.core-0.8.12.jar:/Users/gonzaloduranadasme/.m2/repository/org/ow2/asm/asm/9.7/asm-9.7.jar:/Users/gonzaloduranadasme/.m2/repository/org/ow2/asm/asm-commons/9.7/asm-commons-9.7.jar:/Users/gonzaloduranadasme/.m2/repository/org/ow2/asm/asm-tree/9.7/asm-tree-9.7.jar:/Users/gonzaloduranadasme/.m2/repository/org/jacoco/org.jacoco.report/0.8.12/org.jacoco.report-0.8.12.jar:/Users/gonzaloduranadasme/.m2/repository/com/h2database/h2/2.3.232/h2-2.3.232.jar:/Users/gonzaloduranadasme/.m2/repository/org/junit/jupiter/junit-jupiter-api/5.11.3/junit-jupiter-api-5.11.3.jar:/Users/gonzaloduranadasme/.m2/repository/org/opentest4j/opentest4j/1.3.0/opentest4j-1.3.0.jar:/Users/gonzaloduranadasme/.m2/repository/org/junit/platform/junit-platform-commons/1.11.3/junit-platform-commons-1.11.3.jar:/Users/gonzaloduranadasme/.m2/repository/org/apiguardian/apiguardian-api/1.1.2/apiguardian-api-1.1.2.jar:/Users/gonzaloduranadasme/.m2/repository/org/mockito/mockito-core/5.14.2/mockito-core-5.14.2.jar:/Users/gonzaloduranadasme/.m2/repository/net/bytebuddy/byte-buddy/1.15.10/byte-buddy-1.15.10.jar:/Users/gonzaloduranadasme/.m2/repository/net/bytebuddy/byte-buddy-agent/1.15.10/byte-buddy-agent-1.15.10.jar:/Users/gonzaloduranadasme/.m2/repository/org/objenesis/objenesis/3.3/objenesis-3.3.jar:/Users/gonzaloduranadasme/.m2/repository/org/mockito/mockito-junit-jupiter/5.14.2/mockito-junit-jupiter-5.14.2.jar:/Users/gonzaloduranadasme/.m2/repository/org/junit/jupiter/junit-jupiter-engine/5.11.3/junit-jupiter-engine-5.11.3.jar:/Users/gonzaloduranadasme/.m2/repository/org/junit/platform/junit-platform-engine/1.11.3/junit-platform-engine-1.11.3.jar:"/>
    <property name="java.vm.vendor" value="Oracle Corporation"/>
    <property name="sun.arch.data.model" value="64"/>
    <property name="java.vendor.url" value="https://java.oracle.com/"/>
    <property name="catalina.useNaming" value="false"/>
    <property name="user.timezone" value="America/Santiago"/>
    <property name="org.jboss.logging.provider" value="slf4j"/>
    <property name="os.name" value="Mac OS X"/>
    <property name="java.vm.specification.version" value="23"/>
    <property name="APPLICATION_NAME" value="tienda-ms-pedidos"/>
    <property name="sun.java.launcher" value="SUN_STANDARD"/>
    <property name="user.country" value="419"/>
    <property name="sun.boot.library.path" value="/Library/Java/JavaVirtualMachines/jdk-23.jdk/Contents/Home/lib"/>
    <property name="sun.java.command" value="/Users/gonzaloduranadasme/Documents/GitHub/FS3_Sumativa/backend-arquetipo/tienda-ms-pedidos/target/surefire/surefirebooter-20241215140351590_3.jar /Users/gonzaloduranadasme/Documents/GitHub/FS3_Sumativa/backend-arquetipo/tienda-ms-pedidos/target/surefire 2024-12-15T14-03-51_548-jvmRun1 surefire-20241215140351590_1tmp surefire_0-20241215140351590_2tmp"/>
    <property name="http.nonProxyHosts" value="local|*.local|169.254/16|*.169.254/16"/>
    <property name="jdk.debug" value="release"/>
    <property name="surefire.test.class.path" value="/Users/gonzaloduranadasme/Documents/GitHub/FS3_Sumativa/backend-arquetipo/tienda-ms-pedidos/target/test-classes:/Users/gonzaloduranadasme/Documents/GitHub/FS3_Sumativa/backend-arquetipo/tienda-ms-pedidos/target/classes:/Users/gonzaloduranadasme/.m2/repository/org/junit/jupiter/junit-jupiter/5.9.3/junit-jupiter-5.9.3.jar:/Users/gonzaloduranadasme/.m2/repository/org/junit/jupiter/junit-jupiter-params/5.11.3/junit-jupiter-params-5.11.3.jar:/Users/gonzaloduranadasme/.m2/repository/org/springframework/boot/spring-boot-starter-data-jpa/3.4.0/spring-boot-starter-data-jpa-3.4.0.jar:/Users/gonzaloduranadasme/.m2/repository/org/springframework/boot/spring-boot-starter/3.4.0/spring-boot-starter-3.4.0.jar:/Users/gonzaloduranadasme/.m2/repository/org/springframework/boot/spring-boot-starter-logging/3.4.0/spring-boot-starter-logging-3.4.0.jar:/Users/gonzaloduranadasme/.m2/repository/ch/qos/logback/logback-classic/1.5.12/logback-classic-1.5.12.jar:/Users/gonzaloduranadasme/.m2/repository/ch/qos/logback/logback-core/1.5.12/logback-core-1.5.12.jar:/Users/gonzaloduranadasme/.m2/repository/org/apache/logging/log4j/log4j-to-slf4j/2.24.1/log4j-to-slf4j-2.24.1.jar:/Users/gonzaloduranadasme/.m2/repository/org/apache/logging/log4j/log4j-api/2.24.1/log4j-api-2.24.1.jar:/Users/gonzaloduranadasme/.m2/repository/org/slf4j/jul-to-slf4j/2.0.16/jul-to-slf4j-2.0.16.jar:/Users/gonzaloduranadasme/.m2/repository/jakarta/annotation/jakarta.annotation-api/2.1.1/jakarta.annotation-api-2.1.1.jar:/Users/gonzaloduranadasme/.m2/repository/org/yaml/snakeyaml/2.3/snakeyaml-2.3.jar:/Users/gonzaloduranadasme/.m2/repository/org/springframework/boot/spring-boot-starter-jdbc/3.4.0/spring-boot-starter-jdbc-3.4.0.jar:/Users/gonzaloduranadasme/.m2/repository/com/zaxxer/HikariCP/5.1.0/HikariCP-5.1.0.jar:/Users/gonzaloduranadasme/.m2/repository/org/springframework/spring-jdbc/6.2.0/spring-jdbc-6.2.0.jar:/Users/gonzaloduranadasme/.m2/repository/org/hibernate/orm/hibernate-core/6.6.2.Final/hibernate-core-6.6.2.Final.jar:/Users/gonzaloduranadasme/.m2/repository/jakarta/persistence/jakarta.persistence-api/3.1.0/jakarta.persistence-api-3.1.0.jar:/Users/gonzaloduranadasme/.m2/repository/jakarta/transaction/jakarta.transaction-api/2.0.1/jakarta.transaction-api-2.0.1.jar:/Users/gonzaloduranadasme/.m2/repository/org/jboss/logging/jboss-logging/3.6.1.Final/jboss-logging-3.6.1.Final.jar:/Users/gonzaloduranadasme/.m2/repository/org/hibernate/common/hibernate-commons-annotations/7.0.3.Final/hibernate-commons-annotations-7.0.3.Final.jar:/Users/gonzaloduranadasme/.m2/repository/io/smallrye/jandex/3.2.0/jandex-3.2.0.jar:/Users/gonzaloduranadasme/.m2/repository/com/fasterxml/classmate/1.7.0/classmate-1.7.0.jar:/Users/gonzaloduranadasme/.m2/repository/org/glassfish/jaxb/jaxb-runtime/4.0.5/jaxb-runtime-4.0.5.jar:/Users/gonzaloduranadasme/.m2/repository/org/glassfish/jaxb/jaxb-core/4.0.5/jaxb-core-4.0.5.jar:/Users/gonzaloduranadasme/.m2/repository/org/eclipse/angus/angus-activation/2.0.2/angus-activation-2.0.2.jar:/Users/gonzaloduranadasme/.m2/repository/org/glassfish/jaxb/txw2/4.0.5/txw2-4.0.5.jar:/Users/gonzaloduranadasme/.m2/repository/com/sun/istack/istack-commons-runtime/4.1.2/istack-commons-runtime-4.1.2.jar:/Users/gonzaloduranadasme/.m2/repository/jakarta/inject/jakarta.inject-api/2.0.1/jakarta.inject-api-2.0.1.jar:/Users/gonzaloduranadasme/.m2/repository/org/antlr/antlr4-runtime/4.13.0/antlr4-runtime-4.13.0.jar:/Users/gonzaloduranadasme/.m2/repository/org/springframework/data/spring-data-jpa/3.4.0/spring-data-jpa-3.4.0.jar:/Users/gonzaloduranadasme/.m2/repository/org/springframework/data/spring-data-commons/3.4.0/spring-data-commons-3.4.0.jar:/Users/gonzaloduranadasme/.m2/repository/org/springframework/spring-orm/6.2.0/spring-orm-6.2.0.jar:/Users/gonzaloduranadasme/.m2/repository/org/springframework/spring-context/6.2.0/spring-context-6.2.0.jar:/Users/gonzaloduranadasme/.m2/repository/org/springframework/spring-aop/6.2.0/spring-aop-6.2.0.jar:/Users/gonzaloduranadasme/.m2/repository/org/springframework/spring-tx/6.2.0/spring-tx-6.2.0.jar:/Users/gonzaloduranadasme/.m2/repository/org/springframework/spring-beans/6.2.0/spring-beans-6.2.0.jar:/Users/gonzaloduranadasme/.m2/repository/org/slf4j/slf4j-api/2.0.16/slf4j-api-2.0.16.jar:/Users/gonzaloduranadasme/.m2/repository/org/springframework/spring-aspects/6.2.0/spring-aspects-6.2.0.jar:/Users/gonzaloduranadasme/.m2/repository/org/aspectj/aspectjweaver/1.9.22.1/aspectjweaver-1.9.22.1.jar:/Users/gonzaloduranadasme/.m2/repository/org/springframework/boot/spring-boot-starter-web/3.4.0/spring-boot-starter-web-3.4.0.jar:/Users/gonzaloduranadasme/.m2/repository/org/springframework/boot/spring-boot-starter-json/3.4.0/spring-boot-starter-json-3.4.0.jar:/Users/gonzaloduranadasme/.m2/repository/com/fasterxml/jackson/core/jackson-databind/2.18.1/jackson-databind-2.18.1.jar:/Users/gonzaloduranadasme/.m2/repository/com/fasterxml/jackson/core/jackson-annotations/2.18.1/jackson-annotations-2.18.1.jar:/Users/gonzaloduranadasme/.m2/repository/com/fasterxml/jackson/core/jackson-core/2.18.1/jackson-core-2.18.1.jar:/Users/gonzaloduranadasme/.m2/repository/com/fasterxml/jackson/datatype/jackson-datatype-jdk8/2.18.1/jackson-datatype-jdk8-2.18.1.jar:/Users/gonzaloduranadasme/.m2/repository/com/fasterxml/jackson/datatype/jackson-datatype-jsr310/2.18.1/jackson-datatype-jsr310-2.18.1.jar:/Users/gonzaloduranadasme/.m2/repository/com/fasterxml/jackson/module/jackson-module-parameter-names/2.18.1/jackson-module-parameter-names-2.18.1.jar:/Users/gonzaloduranadasme/.m2/repository/org/springframework/boot/spring-boot-starter-tomcat/3.4.0/spring-boot-starter-tomcat-3.4.0.jar:/Users/gonzaloduranadasme/.m2/repository/org/apache/tomcat/embed/tomcat-embed-core/10.1.33/tomcat-embed-core-10.1.33.jar:/Users/gonzaloduranadasme/.m2/repository/org/apache/tomcat/embed/tomcat-embed-websocket/10.1.33/tomcat-embed-websocket-10.1.33.jar:/Users/gonzaloduranadasme/.m2/repository/org/springframework/spring-web/6.2.0/spring-web-6.2.0.jar:/Users/gonzaloduranadasme/.m2/repository/io/micrometer/micrometer-observation/1.14.1/micrometer-observation-1.14.1.jar:/Users/gonzaloduranadasme/.m2/repository/io/micrometer/micrometer-commons/1.14.1/micrometer-commons-1.14.1.jar:/Users/gonzaloduranadasme/.m2/repository/org/springframework/spring-webmvc/6.2.0/spring-webmvc-6.2.0.jar:/Users/gonzaloduranadasme/.m2/repository/org/springframework/spring-expression/6.2.0/spring-expression-6.2.0.jar:/Users/gonzaloduranadasme/.m2/repository/org/springframework/boot/spring-boot-devtools/3.4.0/spring-boot-devtools-3.4.0.jar:/Users/gonzaloduranadasme/.m2/repository/org/springframework/boot/spring-boot/3.4.0/spring-boot-3.4.0.jar:/Users/gonzaloduranadasme/.m2/repository/org/springframework/boot/spring-boot-autoconfigure/3.4.0/spring-boot-autoconfigure-3.4.0.jar:/Users/gonzaloduranadasme/.m2/repository/com/oracle/database/jdbc/ojdbc11/23.5.0.24.07/ojdbc11-23.5.0.24.07.jar:/Users/gonzaloduranadasme/.m2/repository/com/oracle/database/security/oraclepki/23.5.0.24.07/oraclepki-23.5.0.24.07.jar:/Users/gonzaloduranadasme/.m2/repository/com/oracle/database/security/osdt_cert/21.9.0.0/osdt_cert-21.9.0.0.jar:/Users/gonzaloduranadasme/.m2/repository/com/oracle/database/security/osdt_core/21.9.0.0/osdt_core-21.9.0.0.jar:/Users/gonzaloduranadasme/.m2/repository/org/projectlombok/lombok/1.18.36/lombok-1.18.36.jar:/Users/gonzaloduranadasme/.m2/repository/org/springframework/boot/spring-boot-starter-test/3.4.0/spring-boot-starter-test-3.4.0.jar:/Users/gonzaloduranadasme/.m2/repository/org/springframework/boot/spring-boot-test/3.4.0/spring-boot-test-3.4.0.jar:/Users/gonzaloduranadasme/.m2/repository/org/springframework/boot/spring-boot-test-autoconfigure/3.4.0/spring-boot-test-autoconfigure-3.4.0.jar:/Users/gonzaloduranadasme/.m2/repository/com/jayway/jsonpath/json-path/2.9.0/json-path-2.9.0.jar:/Users/gonzaloduranadasme/.m2/repository/jakarta/xml/bind/jakarta.xml.bind-api/4.0.2/jakarta.xml.bind-api-4.0.2.jar:/Users/gonzaloduranadasme/.m2/repository/jakarta/activation/jakarta.activation-api/2.1.3/jakarta.activation-api-2.1.3.jar:/Users/gonzaloduranadasme/.m2/repository/net/minidev/json-smart/2.5.1/json-smart-2.5.1.jar:/Users/gonzaloduranadasme/.m2/repository/net/minidev/accessors-smart/2.5.1/accessors-smart-2.5.1.jar:/Users/gonzaloduranadasme/.m2/repository/org/assertj/assertj-core/3.26.3/assertj-core-3.26.3.jar:/Users/gonzaloduranadasme/.m2/repository/org/awaitility/awaitility/4.2.2/awaitility-4.2.2.jar:/Users/gonzaloduranadasme/.m2/repository/org/hamcrest/hamcrest/2.2/hamcrest-2.2.jar:/Users/gonzaloduranadasme/.m2/repository/org/skyscreamer/jsonassert/1.5.3/jsonassert-1.5.3.jar:/Users/gonzaloduranadasme/.m2/repository/com/vaadin/external/google/android-json/0.0.20131108.vaadin1/android-json-0.0.20131108.vaadin1.jar:/Users/gonzaloduranadasme/.m2/repository/org/springframework/spring-core/6.2.0/spring-core-6.2.0.jar:/Users/gonzaloduranadasme/.m2/repository/org/springframework/spring-jcl/6.2.0/spring-jcl-6.2.0.jar:/Users/gonzaloduranadasme/.m2/repository/org/springframework/spring-test/6.2.0/spring-test-6.2.0.jar:/Users/gonzaloduranadasme/.m2/repository/org/xmlunit/xmlunit-core/2.10.0/xmlunit-core-2.10.0.jar:/Users/gonzaloduranadasme/.m2/repository/org/springframework/boot/spring-boot-starter-validation/3.4.0/spring-boot-starter-validation-3.4.0.jar:/Users/gonzaloduranadasme/.m2/repository/org/apache/tomcat/embed/tomcat-embed-el/10.1.33/tomcat-embed-el-10.1.33.jar:/Users/gonzaloduranadasme/.m2/repository/org/hibernate/validator/hibernate-validator/8.0.1.Final/hibernate-validator-8.0.1.Final.jar:/Users/gonzaloduranadasme/.m2/repository/jakarta/validation/jakarta.validation-api/3.0.2/jakarta.validation-api-3.0.2.jar:/Users/gonzaloduranadasme/.m2/repository/org/springframework/boot/spring-boot-starter-hateoas/3.4.0/spring-boot-starter-hateoas-3.4.0.jar:/Users/gonzaloduranadasme/.m2/repository/org/springframework/hateoas/spring-hateoas/2.4.0/spring-hateoas-2.4.0.jar:/Users/gonzaloduranadasme/.m2/repository/org/springframework/plugin/spring-plugin-core/3.0.0/spring-plugin-core-3.0.0.jar:/Users/gonzaloduranadasme/.m2/repository/org/jacoco/jacoco-maven-plugin/0.8.12/jacoco-maven-plugin-0.8.12.jar:/Users/gonzaloduranadasme/.m2/repository/org/codehaus/plexus/plexus-utils/3.0.24/plexus-utils-3.0.24.jar:/Users/gonzaloduranadasme/.m2/repository/org/apache/maven/shared/file-management/3.1.0/file-management-3.1.0.jar:/Users/gonzaloduranadasme/.m2/repository/commons-io/commons-io/2.11.0/commons-io-2.11.0.jar:/Users/gonzaloduranadasme/.m2/repository/org/apache/maven/reporting/maven-reporting-api/3.0/maven-reporting-api-3.0.jar:/Users/gonzaloduranadasme/.m2/repository/org/apache/maven/doxia/doxia-sink-api/1.0/doxia-sink-api-1.0.jar:/Users/gonzaloduranadasme/.m2/repository/org/jacoco/org.jacoco.agent/0.8.12/org.jacoco.agent-0.8.12-runtime.jar:/Users/gonzaloduranadasme/.m2/repository/org/jacoco/org.jacoco.core/0.8.12/org.jacoco.core-0.8.12.jar:/Users/gonzaloduranadasme/.m2/repository/org/ow2/asm/asm/9.7/asm-9.7.jar:/Users/gonzaloduranadasme/.m2/repository/org/ow2/asm/asm-commons/9.7/asm-commons-9.7.jar:/Users/gonzaloduranadasme/.m2/repository/org/ow2/asm/asm-tree/9.7/asm-tree-9.7.jar:/Users/gonzaloduranadasme/.m2/repository/org/jacoco/org.jacoco.report/0.8.12/org.jacoco.report-0.8.12.jar:/Users/gonzaloduranadasme/.m2/repository/com/h2database/h2/2.3.232/h2-2.3.232.jar:/Users/gonzaloduranadasme/.m2/repository/org/junit/jupiter/junit-jupiter-api/5.11.3/junit-jupiter-api-5.11.3.jar:/Users/gonzaloduranadasme/.m2/repository/org/opentest4j/opentest4j/1.3.0/opentest4j-1.3.0.jar:/Users/gonzaloduranadasme/.m2/repository/org/junit/platform/junit-platform-commons/1.11.3/junit-platform-commons-1.11.3.jar:/Users/gonzaloduranadasme/.m2/repository/org/apiguardian/apiguardian-api/1.1.2/apiguardian-api-1.1.2.jar:/Users/gonzaloduranadasme/.m2/repository/org/mockito/mockito-core/5.14.2/mockito-core-5.14.2.jar:/Users/gonzaloduranadasme/.m2/repository/net/bytebuddy/byte-buddy/1.15.10/byte-buddy-1.15.10.jar:/Users/gonzaloduranadasme/.m2/repository/net/bytebuddy/byte-buddy-agent/1.15.10/byte-buddy-agent-1.15.10.jar:/Users/gonzaloduranadasme/.m2/repository/org/objenesis/objenesis/3.3/objenesis-3.3.jar:/Users/gonzaloduranadasme/.m2/repository/org/mockito/mockito-junit-jupiter/5.14.2/mockito-junit-jupiter-5.14.2.jar:/Users/gonzaloduranadasme/.m2/repository/org/junit/jupiter/junit-jupiter-engine/5.11.3/junit-jupiter-engine-5.11.3.jar:/Users/gonzaloduranadasme/.m2/repository/org/junit/platform/junit-platform-engine/1.11.3/junit-platform-engine-1.11.3.jar:"/>
    <property name="sun.cpu.endian" value="little"/>
    <property name="user.home" value="/Users/gonzaloduranadasme"/>
    <property name="user.language" value="es"/>
    <property name="java.specification.vendor" value="Oracle Corporation"/>
    <property name="java.version.date" value="2024-10-15"/>
    <property name="java.home" value="/Library/Java/JavaVirtualMachines/jdk-23.jdk/Contents/Home"/>
    <property name="file.separator" value="/"/>
    <property name="basedir" value="/Users/gonzaloduranadasme/Documents/GitHub/FS3_Sumativa/backend-arquetipo/tienda-ms-pedidos"/>
    <property name="java.vm.compressedOopsMode" value="Zero based"/>
    <property name="line.separator" value="&#10;"/>
    <property name="java.vm.specification.vendor" value="Oracle Corporation"/>
    <property name="java.specification.name" value="Java Platform API Specification"/>
    <property name="FILE_LOG_CHARSET" value="UTF-8"/>
    <property name="java.awt.headless" value="true"/>
    <property name="apple.awt.application.name" value="ForkedBooter"/>
    <property name="surefire.real.class.path" value="/Users/gonzaloduranadasme/Documents/GitHub/FS3_Sumativa/backend-arquetipo/tienda-ms-pedidos/target/surefire/surefirebooter-20241215140351590_3.jar"/>
    <property name="sun.management.compiler" value="HotSpot 64-Bit Tiered Compilers"/>
    <property name="ftp.nonProxyHosts" value="local|*.local|169.254/16|*.169.254/16"/>
    <property name="java.runtime.version" value="23.0.1+11-39"/>
    <property name="user.name" value="gonzaloduranadasme"/>
    <property name="stdout.encoding" value="UTF-8"/>
    <property name="path.separator" value=":"/>
    <property name="os.version" value="15.2"/>
    <property name="java.runtime.name" value="Java(TM) SE Runtime Environment"/>
    <property name="file.encoding" value="UTF-8"/>
    <property name="java.vm.name" value="Java HotSpot(TM) 64-Bit Server VM"/>
    <property name="localRepository" value="/Users/gonzaloduranadasme/.m2/repository"/>
    <property name="java.vendor.url.bug" value="https://bugreport.java.com/bugreport/"/>
    <property name="java.io.tmpdir" value="/var/folders/vl/66y56nn50qq4z_cg0vjl6t440000gn/T/"/>
    <property name="com.zaxxer.hikari.pool_number" value="3"/>
    <property name="catalina.home" value="/private/var/folders/vl/66y56nn50qq4z_cg0vjl6t440000gn/T/tomcat.8094.13535309877635500974"/>
    <property name="java.version" value="23.0.1"/>
    <property name="user.dir" value="/Users/gonzaloduranadasme/Documents/GitHub/FS3_Sumativa/backend-arquetipo/tienda-ms-pedidos"/>
    <property name="os.arch" value="aarch64"/>
    <property name="java.vm.specification.name" value="Java Virtual Machine Specification"/>
    <property name="PID" value="25938"/>
    <property name="CONSOLE_LOG_CHARSET" value="UTF-8"/>
    <property name="catalina.base" value="/private/var/folders/vl/66y56nn50qq4z_cg0vjl6t440000gn/T/tomcat.8094.13535309877635500974"/>
    <property name="native.encoding" value="UTF-8"/>
    <property name="java.library.path" value="/Users/gonzaloduranadasme/Library/Java/Extensions:/Library/Java/Extensions:/Network/Library/Java/Extensions:/System/Library/Java/Extensions:/usr/lib/java:."/>
    <property name="java.vm.info" value="mixed mode, sharing"/>
    <property name="stderr.encoding" value="UTF-8"/>
    <property name="java.vendor" value="Oracle Corporation"/>
    <property name="java.vm.version" value="23.0.1+11-39"/>
    <property name="sun.io.unicode.encoding" value="UnicodeBig"/>
    <property name="socksNonProxyHosts" value="local|*.local|169.254/16|*.169.254/16"/>
    <property name="java.class.version" value="67.0"/>
    <property name="LOGGED_APPLICATION_NAME" value="[tienda-ms-pedidos] "/>
  </properties>
  <testcase name="main" classname="com.example.tienda_ms_pedidos.AppTest" time="2.563">
    <system-out><![CDATA[2024-12-15T14:03:56.333-03:00 DEBUG 25938 --- [tienda-ms-pedidos] [           main] .b.t.c.SpringBootTestContextBootstrapper : Neither @ContextConfiguration nor @ContextHierarchy found for test class [AppTest]: using SpringBootContextLoader
2024-12-15T14:03:56.333-03:00 DEBUG 25938 --- [tienda-ms-pedidos] [           main] o.s.t.c.support.AbstractContextLoader    : Could not detect default resource locations for test class [com.example.tienda_ms_pedidos.AppTest]: no resource found for suffixes {-context.xml, Context.groovy}.
2024-12-15T14:03:56.333-03:00  INFO 25938 --- [tienda-ms-pedidos] [           main] t.c.s.AnnotationConfigContextLoaderUtils : Could not detect default configuration classes for test class [com.example.tienda_ms_pedidos.AppTest]: AppTest does not declare any static, non-private, non-final, nested classes annotated with @Configuration.
2024-12-15T14:03:56.333-03:00 DEBUG 25938 --- [tienda-ms-pedidos] [           main] .b.t.c.SpringBootTestContextBootstrapper : Using ContextCustomizerFactory implementations for test class [AppTest]: [ImportsContextCustomizerFactory, ExcludeFilterContextCustomizerFactory, HttpGraphQlTesterContextCustomizerFactory, DuplicateJsonObjectContextCustomizerFactory, MockitoContextCustomizerFactory, TestRestTemplateContextCustomizerFactory, WebTestClientContextCustomizerFactory, DisableReactorResourceFactoryGlobalResourcesContextCustomizerFactory, OnFailureConditionReportContextCustomizerFactory, OverrideAutoConfigurationContextCustomizerFactory, ObservabilityContextCustomizerFactory, TypeExcludeFiltersContextCustomizerFactory, PropertyMappingContextCustomizerFactory, WebDriverContextCustomizerFactory, BeanOverrideContextCustomizerFactory, MockServerContainerContextCustomizerFactory, DynamicPropertiesContextCustomizerFactory]
2024-12-15T14:03:56.335-03:00 DEBUG 25938 --- [tienda-ms-pedidos] [           main] .b.t.c.SpringBootTestContextBootstrapper : Using ContextCustomizers for test class [AppTest]: [ExcludeFilterContextCustomizer, DuplicateJsonObjectContextCustomizer, MockitoContextCustomizer, TestRestTemplateContextCustomizer, DisableReactorResourceFactoryGlobalResourcesContextCustomizerCustomizer, OnFailureConditionReportContextCustomizer, DisableObservabilityContextCustomizer, PropertyMappingContextCustomizer, WebDriverContextCustomizer, DynamicPropertiesContextCustomizer]
2024-12-15T14:03:56.353-03:00 DEBUG 25938 --- [tienda-ms-pedidos] [           main] ssPathScanningCandidateComponentProvider : Identified candidate component class: file [/Users/gonzaloduranadasme/Documents/GitHub/FS3_Sumativa/backend-arquetipo/tienda-ms-pedidos/target/classes/com/example/tienda_ms_pedidos/App.class]
2024-12-15T14:03:56.353-03:00  INFO 25938 --- [tienda-ms-pedidos] [           main] .b.t.c.SpringBootTestContextBootstrapper : Found @SpringBootConfiguration com.example.tienda_ms_pedidos.App for test class com.example.tienda_ms_pedidos.AppTest
2024-12-15T14:03:56.365-03:00 DEBUG 25938 --- [tienda-ms-pedidos] [           main] .s.t.c.u.TestContextSpringFactoriesUtils : Skipping candidate TestExecutionListener [org.springframework.test.context.observation.MicrometerObservationRegistryTestExecutionListener] due to a missing dependency. Specify custom TestExecutionListener classes or make the default TestExecutionListener classes and their required dependencies available. Offending class: io.micrometer.context.ThreadLocalAccessor. MicrometerObservationRegistryTestExecutionListener requires io.micrometer:micrometer-observation:1.10.8 or higher and io.micrometer:context-propagation:1.0.3 or higher.
2024-12-15T14:03:56.366-03:00 DEBUG 25938 --- [tienda-ms-pedidos] [           main] .b.t.c.SpringBootTestContextBootstrapper : Using TestExecutionListeners for test class [AppTest]: [ServletTestExecutionListener, DirtiesContextBeforeModesTestExecutionListener, ApplicationEventsTestExecutionListener, MockitoTestExecutionListener, BeanOverrideTestExecutionListener, DependencyInjectionTestExecutionListener, DirtiesContextTestExecutionListener, CommonCachesTestExecutionListener, TransactionalTestExecutionListener, SqlScriptsTestExecutionListener, EventPublishingTestExecutionListener, ResetMocksTestExecutionListener, RestDocsTestExecutionListener, MockRestServiceServerResetTestExecutionListener, MockMvcPrintOnlyOnFailureTestExecutionListener, WebDriverTestExecutionListener, MockWebServiceServerTestExecutionListener, MockitoResetTestExecutionListener]
2024-12-15T14:03:56.366-03:00 DEBUG 25938 --- [tienda-ms-pedidos] [           main] sContextBeforeModesTestExecutionListener : Before test class: class [AppTest], class annotated with @DirtiesContext [false] with mode [null]
2024-12-15T14:03:56.385-03:00  INFO 25938 --- [tienda-ms-pedidos] [           main] o.s.b.d.r.RestartApplicationListener     : Restart disabled due to context in which it is running
2024-12-15T14:03:56.398-03:00 DEBUG 25938 --- [tienda-ms-pedidos] [           main] .s.b.w.s.c.ApplicationServletEnvironment : Activating profiles []
2024-12-15T14:03:56.399-03:00 DEBUG 25938 --- [tienda-ms-pedidos] [           main] o.s.c.e.PropertySourcesPropertyResolver  : Found key 'spring.application.name' in PropertySource 'configurationProperties' with value of type String

  .   ____          _            __ _ _
 /\\ / ___'_ __ _ _(_)_ __  __ _ \ \ \ \
( ( )\___ | '_ | '_| | '_ \/ _` | \ \ \ \
 \\/  ___)| |_)| | | | | || (_| |  ) ) ) )
  '  |____| .__|_| |_|_| |_\__, | / / / /
 =========|_|==============|___/=/_/_/_/

 :: Spring Boot ::                (v3.4.0)

2024-12-15T14:03:56.406-03:00  INFO 25938 --- [tienda-ms-pedidos] [           main] com.example.tienda_ms_pedidos.AppTest    : Starting AppTest using Java 23.0.1 with PID 25938 (started by gonzaloduranadasme in /Users/gonzaloduranadasme/Documents/GitHub/FS3_Sumativa/backend-arquetipo/tienda-ms-pedidos)
2024-12-15T14:03:56.406-03:00  INFO 25938 --- [tienda-ms-pedidos] [           main] com.example.tienda_ms_pedidos.AppTest    : No active profile set, falling back to 1 default profile: "default"
2024-12-15T14:03:56.406-03:00 DEBUG 25938 --- [tienda-ms-pedidos] [           main] o.s.boot.SpringApplication               : Loading source class com.example.tienda_ms_pedidos.App
2024-12-15T14:03:56.407-03:00 DEBUG 25938 --- [tienda-ms-pedidos] [           main] o.s.w.c.s.GenericWebApplicationContext   : Refreshing org.springframework.web.context.support.GenericWebApplicationContext@73e8a384
2024-12-15T14:03:56.410-03:00 DEBUG 25938 --- [tienda-ms-pedidos] [           main] o.s.b.f.s.DefaultListableBeanFactory     : Creating shared instance of singleton bean 'org.springframework.context.annotation.internalConfigurationAnnotationProcessor'
2024-12-15T14:03:56.410-03:00 DEBUG 25938 --- [tienda-ms-pedidos] [           main] o.s.b.f.s.DefaultListableBeanFactory     : Creating shared instance of singleton bean 'org.springframework.boot.autoconfigure.internalCachingMetadataReaderFactory'
2024-12-15T14:03:56.414-03:00 DEBUG 25938 --- [tienda-ms-pedidos] [           main] o.s.c.a.ClassPathBeanDefinitionScanner   : Identified candidate component class: file [/Users/gonzaloduranadasme/Documents/GitHub/FS3_Sumativa/backend-arquetipo/tienda-ms-pedidos/target/classes/com/example/tienda_ms_pedidos/config/WebConfig.class]
2024-12-15T14:03:56.415-03:00 DEBUG 25938 --- [tienda-ms-pedidos] [           main] o.s.c.a.ClassPathBeanDefinitionScanner   : Identified candidate component class: file [/Users/gonzaloduranadasme/Documents/GitHub/FS3_Sumativa/backend-arquetipo/tienda-ms-pedidos/target/classes/com/example/tienda_ms_pedidos/controller/DetalleOrdenController.class]
2024-12-15T14:03:56.415-03:00 DEBUG 25938 --- [tienda-ms-pedidos] [           main] o.s.c.a.ClassPathBeanDefinitionScanner   : Identified candidate component class: file [/Users/gonzaloduranadasme/Documents/GitHub/FS3_Sumativa/backend-arquetipo/tienda-ms-pedidos/target/classes/com/example/tienda_ms_pedidos/controller/OrdenController.class]
2024-12-15T14:03:56.415-03:00 DEBUG 25938 --- [tienda-ms-pedidos] [           main] o.s.c.a.ClassPathBeanDefinitionScanner   : Identified candidate component class: file [/Users/gonzaloduranadasme/Documents/GitHub/FS3_Sumativa/backend-arquetipo/tienda-ms-pedidos/target/classes/com/example/tienda_ms_pedidos/controller/ProductoController.class]
2024-12-15T14:03:56.416-03:00 DEBUG 25938 --- [tienda-ms-pedidos] [           main] o.s.c.a.ClassPathBeanDefinitionScanner   : Ignored because not a concrete top-level class: file [/Users/gonzaloduranadasme/Documents/GitHub/FS3_Sumativa/backend-arquetipo/tienda-ms-pedidos/target/classes/com/example/tienda_ms_pedidos/repository/DetalleOrdenRepository.class]
2024-12-15T14:03:56.416-03:00 DEBUG 25938 --- [tienda-ms-pedidos] [           main] o.s.c.a.ClassPathBeanDefinitionScanner   : Ignored because not a concrete top-level class: file [/Users/gonzaloduranadasme/Documents/GitHub/FS3_Sumativa/backend-arquetipo/tienda-ms-pedidos/target/classes/com/example/tienda_ms_pedidos/repository/OrdenRepository.class]
2024-12-15T14:03:56.416-03:00 DEBUG 25938 --- [tienda-ms-pedidos] [           main] o.s.c.a.ClassPathBeanDefinitionScanner   : Ignored because not a concrete top-level class: file [/Users/gonzaloduranadasme/Documents/GitHub/FS3_Sumativa/backend-arquetipo/tienda-ms-pedidos/target/classes/com/example/tienda_ms_pedidos/repository/ProductoRepository.class]
2024-12-15T14:03:56.416-03:00 DEBUG 25938 --- [tienda-ms-pedidos] [           main] o.s.c.a.ClassPathBeanDefinitionScanner   : Identified candidate component class: file [/Users/gonzaloduranadasme/Documents/GitHub/FS3_Sumativa/backend-arquetipo/tienda-ms-pedidos/target/classes/com/example/tienda_ms_pedidos/service/DetalleOrdenServiceImpl.class]
2024-12-15T14:03:56.416-03:00 DEBUG 25938 --- [tienda-ms-pedidos] [           main] o.s.c.a.ClassPathBeanDefinitionScanner   : Identified candidate component class: file [/Users/gonzaloduranadasme/Documents/GitHub/FS3_Sumativa/backend-arquetipo/tienda-ms-pedidos/target/classes/com/example/tienda_ms_pedidos/service/OrdenServiceImpl.class]
2024-12-15T14:03:56.416-03:00 DEBUG 25938 --- [tienda-ms-pedidos] [           main] o.s.c.a.ClassPathBeanDefinitionScanner   : Identified candidate component class: file [/Users/gonzaloduranadasme/Documents/GitHub/FS3_Sumativa/backend-arquetipo/tienda-ms-pedidos/target/classes/com/example/tienda_ms_pedidos/service/ProductoServiceImpl.class]
2024-12-15T14:03:56.564-03:00  INFO 25938 --- [tienda-ms-pedidos] [           main] .s.d.r.c.RepositoryConfigurationDelegate : Bootstrapping Spring Data JPA repositories in DEFAULT mode.
2024-12-15T14:03:56.564-03:00 DEBUG 25938 --- [tienda-ms-pedidos] [           main] o.s.b.f.s.DefaultListableBeanFactory     : Creating shared instance of singleton bean 'org.springframework.boot.autoconfigure.AutoConfigurationPackages'
2024-12-15T14:03:56.564-03:00 DEBUG 25938 --- [tienda-ms-pedidos] [           main] o.s.b.a.AutoConfigurationPackages        : @EnableAutoConfiguration was declared on a class in the package 'com.example.tienda_ms_pedidos'. Automatic @Repository and @Entity scanning is enabled.
2024-12-15T14:03:56.564-03:00 DEBUG 25938 --- [tienda-ms-pedidos] [           main] .s.d.r.c.RepositoryConfigurationDelegate : Scanning for JPA repositories in packages com.example.tienda_ms_pedidos.
2024-12-15T14:03:56.566-03:00 DEBUG 25938 --- [tienda-ms-pedidos] [           main] o.s.d.r.c.RepositoryComponentProvider    : Identified candidate component class: file [/Users/gonzaloduranadasme/Documents/GitHub/FS3_Sumativa/backend-arquetipo/tienda-ms-pedidos/target/classes/com/example/tienda_ms_pedidos/repository/DetalleOrdenRepository.class]
2024-12-15T14:03:56.566-03:00 DEBUG 25938 --- [tienda-ms-pedidos] [           main] o.s.d.r.c.RepositoryComponentProvider    : Identified candidate component class: file [/Users/gonzaloduranadasme/Documents/GitHub/FS3_Sumativa/backend-arquetipo/tienda-ms-pedidos/target/classes/com/example/tienda_ms_pedidos/repository/OrdenRepository.class]
2024-12-15T14:03:56.566-03:00 DEBUG 25938 --- [tienda-ms-pedidos] [           main] o.s.d.r.c.RepositoryComponentProvider    : Identified candidate component class: file [/Users/gonzaloduranadasme/Documents/GitHub/FS3_Sumativa/backend-arquetipo/tienda-ms-pedidos/target/classes/com/example/tienda_ms_pedidos/repository/ProductoRepository.class]
2024-12-15T14:03:56.568-03:00 DEBUG 25938 --- [tienda-ms-pedidos] [           main] ssPathScanningCandidateComponentProvider : Identified candidate component class: file [/Users/gonzaloduranadasme/Documents/GitHub/FS3_Sumativa/backend-arquetipo/tienda-ms-pedidos/target/classes/com/example/tienda_ms_pedidos/service/DetalleOrdenServiceImpl.class]
2024-12-15T14:03:56.568-03:00 DEBUG 25938 --- [tienda-ms-pedidos] [           main] ssPathScanningCandidateComponentProvider : Identified candidate component class: file [/Users/gonzaloduranadasme/Documents/GitHub/FS3_Sumativa/backend-arquetipo/tienda-ms-pedidos/target/classes/com/example/tienda_ms_pedidos/service/OrdenServiceImpl.class]
2024-12-15T14:03:56.568-03:00 DEBUG 25938 --- [tienda-ms-pedidos] [           main] ssPathScanningCandidateComponentProvider : Identified candidate component class: file [/Users/gonzaloduranadasme/Documents/GitHub/FS3_Sumativa/backend-arquetipo/tienda-ms-pedidos/target/classes/com/example/tienda_ms_pedidos/service/ProductoServiceImpl.class]
2024-12-15T14:03:56.569-03:00  INFO 25938 --- [tienda-ms-pedidos] [           main] .s.d.r.c.RepositoryConfigurationDelegate : Finished Spring Data repository scanning in 4 ms. Found 3 JPA repository interfaces.
2024-12-15T14:03:56.618-03:00 DEBUG 25938 --- [tienda-ms-pedidos] [           main] o.s.b.f.s.DefaultListableBeanFactory     : Creating shared instance of singleton bean 'propertySourcesPlaceholderConfigurer'
2024-12-15T14:03:56.621-03:00 DEBUG 25938 --- [tienda-ms-pedidos] [           main] o.s.b.f.s.DefaultListableBeanFactory     : Creating shared instance of singleton bean 'org.springframework.boot.test.mock.mockito.MockitoPostProcessor'
2024-12-15T14:03:56.621-03:00 DEBUG 25938 --- [tienda-ms-pedidos] [           main] o.s.b.f.s.DefaultListableBeanFactory     : Creating shared instance of singleton bean 'emBeanDefinitionRegistrarPostProcessor'
2024-12-15T14:03:56.622-03:00 DEBUG 25938 --- [tienda-ms-pedidos] [           main] o.s.b.f.s.DefaultListableBeanFactory     : Creating shared instance of singleton bean 'org.springframework.boot.sql.init.dependency.DatabaseInitializationDependencyConfigurer$DependsOnDatabaseInitializationPostProcessor'
2024-12-15T14:03:56.633-03:00 DEBUG 25938 --- [tienda-ms-pedidos] [           main] o.s.b.f.s.DefaultListableBeanFactory     : Creating shared instance of singleton bean 'org.springframework.context.event.internalEventListenerProcessor'
2024-12-15T14:03:56.633-03:00 DEBUG 25938 --- [tienda-ms-pedidos] [           main] o.s.b.f.s.DefaultListableBeanFactory     : Creating shared instance of singleton bean 'preserveErrorControllerTargetClassPostProcessor'
2024-12-15T14:03:56.633-03:00 DEBUG 25938 --- [tienda-ms-pedidos] [           main] o.s.b.f.s.DefaultListableBeanFactory     : Creating shared instance of singleton bean 'org.springframework.context.event.internalEventListenerFactory'
2024-12-15T14:03:56.633-03:00 DEBUG 25938 --- [tienda-ms-pedidos] [           main] o.s.b.f.s.DefaultListableBeanFactory     : Creating shared instance of singleton bean 'org.springframework.transaction.config.internalTransactionalEventListenerFactory'
2024-12-15T14:03:56.634-03:00 DEBUG 25938 --- [tienda-ms-pedidos] [           main] o.s.b.f.s.DefaultListableBeanFactory     : Creating shared instance of singleton bean 'org.springframework.boot.test.mock.mockito.MockitoPostProcessor$SpyPostProcessor'
2024-12-15T14:03:56.634-03:00 DEBUG 25938 --- [tienda-ms-pedidos] [           main] o.s.b.f.s.DefaultListableBeanFactory     : Creating shared instance of singleton bean 'org.springframework.context.annotation.internalAutowiredAnnotationProcessor'
2024-12-15T14:03:56.635-03:00 DEBUG 25938 --- [tienda-ms-pedidos] [           main] o.s.b.f.s.DefaultListableBeanFactory     : Creating shared instance of singleton bean 'org.springframework.context.annotation.internalCommonAnnotationProcessor'
2024-12-15T14:03:56.635-03:00 DEBUG 25938 --- [tienda-ms-pedidos] [           main] o.s.b.f.s.DefaultListableBeanFactory     : Creating shared instance of singleton bean 'org.springframework.context.annotation.internalPersistenceAnnotationProcessor'
2024-12-15T14:03:56.635-03:00 DEBUG 25938 --- [tienda-ms-pedidos] [           main] o.s.b.f.s.DefaultListableBeanFactory     : Creating shared instance of singleton bean 'org.springframework.boot.context.properties.ConfigurationPropertiesBindingPostProcessor'
2024-12-15T14:03:56.635-03:00 DEBUG 25938 --- [tienda-ms-pedidos] [           main] o.s.b.f.s.DefaultListableBeanFactory     : Creating shared instance of singleton bean 'org.springframework.boot.context.internalConfigurationPropertiesBinder'
2024-12-15T14:03:56.635-03:00 DEBUG 25938 --- [tienda-ms-pedidos] [           main] o.s.b.f.s.DefaultListableBeanFactory     : Creating shared instance of singleton bean 'jdbcConnectionDetailsHikariBeanPostProcessor'
2024-12-15T14:03:56.635-03:00 DEBUG 25938 --- [tienda-ms-pedidos] [           main] o.s.b.f.s.DefaultListableBeanFactory     : Creating shared instance of singleton bean 'methodValidationPostProcessor'
2024-12-15T14:03:56.635-03:00 DEBUG 25938 --- [tienda-ms-pedidos] [           main] o.s.b.f.s.DefaultListableBeanFactory     : Autowiring by type from bean name 'methodValidationPostProcessor' via factory method to bean named 'environment'
2024-12-15T14:03:56.637-03:00 DEBUG 25938 --- [tienda-ms-pedidos] [           main] o.s.b.f.s.DefaultListableBeanFactory     : Creating shared instance of singleton bean 'org.springframework.boot.context.properties.EnableConfigurationPropertiesRegistrar.methodValidationExcludeFilter'
2024-12-15T14:03:56.642-03:00 DEBUG 25938 --- [tienda-ms-pedidos] [           main] o.s.b.f.s.DefaultListableBeanFactory     : Creating shared instance of singleton bean 'org.springframework.aop.config.internalAutoProxyCreator'
2024-12-15T14:03:56.650-03:00 DEBUG 25938 --- [tienda-ms-pedidos] [           main] o.s.b.f.s.DefaultListableBeanFactory     : Creating shared instance of singleton bean 'persistenceExceptionTranslationPostProcessor'
2024-12-15T14:03:56.650-03:00 DEBUG 25938 --- [tienda-ms-pedidos] [           main] o.s.b.f.s.DefaultListableBeanFactory     : Autowiring by type from bean name 'persistenceExceptionTranslationPostProcessor' via factory method to bean named 'environment'
2024-12-15T14:03:56.650-03:00 DEBUG 25938 --- [tienda-ms-pedidos] [           main] o.s.b.f.s.DefaultListableBeanFactory     : Creating shared instance of singleton bean 'webServerFactoryCustomizerBeanPostProcessor'
2024-12-15T14:03:56.651-03:00 DEBUG 25938 --- [tienda-ms-pedidos] [           main] o.s.b.f.s.DefaultListableBeanFactory     : Creating shared instance of singleton bean 'errorPageRegistrarBeanPostProcessor'
2024-12-15T14:03:56.651-03:00 DEBUG 25938 --- [tienda-ms-pedidos] [           main] o.s.b.f.s.DefaultListableBeanFactory     : Creating shared instance of singleton bean 'projectingArgumentResolverBeanPostProcessor'
2024-12-15T14:03:56.651-03:00 DEBUG 25938 --- [tienda-ms-pedidos] [           main] o.s.b.f.s.DefaultListableBeanFactory     : Creating shared instance of singleton bean 'org.springframework.transaction.config.internalTransactionAdvisor'
2024-12-15T14:03:56.651-03:00 DEBUG 25938 --- [tienda-ms-pedidos] [           main] o.s.b.f.s.DefaultListableBeanFactory     : Creating shared instance of singleton bean 'org.springframework.transaction.annotation.ProxyTransactionManagementConfiguration'
2024-12-15T14:03:56.654-03:00 DEBUG 25938 --- [tienda-ms-pedidos] [           main] o.s.b.f.s.DefaultListableBeanFactory     : Creating shared instance of singleton bean 'transactionAttributeSource'
2024-12-15T14:03:56.654-03:00 DEBUG 25938 --- [tienda-ms-pedidos] [           main] o.s.b.f.s.DefaultListableBeanFactory     : Creating shared instance of singleton bean 'transactionInterceptor'
2024-12-15T14:03:56.654-03:00 DEBUG 25938 --- [tienda-ms-pedidos] [           main] o.s.b.f.s.DefaultListableBeanFactory     : Autowiring by type from bean name 'transactionInterceptor' via factory method to bean named 'transactionAttributeSource'
2024-12-15T14:03:56.654-03:00 DEBUG 25938 --- [tienda-ms-pedidos] [           main] o.s.b.f.s.DefaultListableBeanFactory     : Autowiring by type from bean name 'org.springframework.transaction.config.internalTransactionAdvisor' via factory method to bean named 'transactionAttributeSource'
2024-12-15T14:03:56.654-03:00 DEBUG 25938 --- [tienda-ms-pedidos] [           main] o.s.b.f.s.DefaultListableBeanFactory     : Autowiring by type from bean name 'org.springframework.transaction.config.internalTransactionAdvisor' via factory method to bean named 'transactionInterceptor'
2024-12-15T14:03:56.657-03:00 DEBUG 25938 --- [tienda-ms-pedidos] [           main] o.s.b.f.s.DefaultListableBeanFactory     : Creating shared instance of singleton bean 'hypermediaRepresentionModelProcessorConfigurator'
2024-12-15T14:03:56.657-03:00 DEBUG 25938 --- [tienda-ms-pedidos] [           main] o.s.b.f.s.DefaultListableBeanFactory     : Creating shared instance of singleton bean 'hypermediaRestTemplateBeanPostProcessor'
2024-12-15T14:03:56.658-03:00 DEBUG 25938 --- [tienda-ms-pedidos] [           main] o.s.u.c.s.UiApplicationContextUtils      : Unable to locate ThemeSource with name 'themeSource': using default [org.springframework.ui.context.support.ResourceBundleThemeSource@37603cd8]
2024-12-15T14:03:56.658-03:00 DEBUG 25938 --- [tienda-ms-pedidos] [           main] o.s.b.f.s.DefaultListableBeanFactory     : Creating shared instance of singleton bean 'org.springframework.test.context.support.internalDynamicPropertyRegistrarBeanInitializer'
2024-12-15T14:03:56.659-03:00 DEBUG 25938 --- [tienda-ms-pedidos] [           main] o.s.b.f.s.DefaultListableBeanFactory     : Creating shared instance of singleton bean 'dataSourceScriptDatabaseInitializer'
2024-12-15T14:03:56.659-03:00 DEBUG 25938 --- [tienda-ms-pedidos] [           main] o.s.b.f.s.DefaultListableBeanFactory     : Creating shared instance of singleton bean 'org.springframework.boot.autoconfigure.sql.init.DataSourceInitializationConfiguration'
2024-12-15T14:03:56.659-03:00 DEBUG 25938 --- [tienda-ms-pedidos] [           main] o.s.b.f.s.DefaultListableBeanFactory     : Creating shared instance of singleton bean 'dataSource'
2024-12-15T14:03:56.659-03:00 DEBUG 25938 --- [tienda-ms-pedidos] [           main] o.s.b.f.s.DefaultListableBeanFactory     : Creating shared instance of singleton bean 'org.springframework.boot.autoconfigure.jdbc.DataSourceConfiguration$Hikari'
2024-12-15T14:03:56.659-03:00 DEBUG 25938 --- [tienda-ms-pedidos] [           main] o.s.b.f.s.DefaultListableBeanFactory     : Creating shared instance of singleton bean 'spring.datasource-org.springframework.boot.autoconfigure.jdbc.DataSourceProperties'
2024-12-15T14:03:56.659-03:00 DEBUG 25938 --- [tienda-ms-pedidos] [           main] o.s.b.f.s.DefaultListableBeanFactory     : Creating shared instance of singleton bean 'org.springframework.boot.context.properties.BoundConfigurationProperties'
2024-12-15T14:03:56.662-03:00 DEBUG 25938 --- [tienda-ms-pedidos] [           main] o.s.b.f.s.DefaultListableBeanFactory     : Creating shared instance of singleton bean 'jdbcConnectionDetails'
2024-12-15T14:03:56.662-03:00 DEBUG 25938 --- [tienda-ms-pedidos] [           main] o.s.b.f.s.DefaultListableBeanFactory     : Creating shared instance of singleton bean 'org.springframework.boot.autoconfigure.jdbc.DataSourceAutoConfiguration$PooledDataSourceConfiguration'
2024-12-15T14:03:56.662-03:00 DEBUG 25938 --- [tienda-ms-pedidos] [           main] o.s.b.f.s.DefaultListableBeanFactory     : Autowiring by type from bean name 'jdbcConnectionDetails' via factory method to bean named 'spring.datasource-org.springframework.boot.autoconfigure.jdbc.DataSourceProperties'
2024-12-15T14:03:56.662-03:00 DEBUG 25938 --- [tienda-ms-pedidos] [           main] o.s.b.f.s.DefaultListableBeanFactory     : Autowiring by type from bean name 'dataSource' via factory method to bean named 'spring.datasource-org.springframework.boot.autoconfigure.jdbc.DataSourceProperties'
2024-12-15T14:03:56.662-03:00 DEBUG 25938 --- [tienda-ms-pedidos] [           main] o.s.b.f.s.DefaultListableBeanFactory     : Autowiring by type from bean name 'dataSource' via factory method to bean named 'jdbcConnectionDetails'
2024-12-15T14:03:56.667-03:00 DEBUG 25938 --- [tienda-ms-pedidos] [           main] o.s.b.f.s.DefaultListableBeanFactory     : Creating shared instance of singleton bean 'spring.sql.init-org.springframework.boot.autoconfigure.sql.init.SqlInitializationProperties'
2024-12-15T14:03:56.668-03:00 DEBUG 25938 --- [tienda-ms-pedidos] [           main] o.s.b.f.s.DefaultListableBeanFactory     : Autowiring by type from bean name 'dataSourceScriptDatabaseInitializer' via factory method to bean named 'dataSource'
2024-12-15T14:03:56.668-03:00 DEBUG 25938 --- [tienda-ms-pedidos] [           main] o.s.b.f.s.DefaultListableBeanFactory     : Autowiring by type from bean name 'dataSourceScriptDatabaseInitializer' via factory method to bean named 'spring.sql.init-org.springframework.boot.autoconfigure.sql.init.SqlInitializationProperties'
2024-12-15T14:03:56.669-03:00 DEBUG 25938 --- [tienda-ms-pedidos] [           main] o.s.jdbc.datasource.DataSourceUtils      : Fetching JDBC Connection from DataSource
2024-12-15T14:03:56.669-03:00  INFO 25938 --- [tienda-ms-pedidos] [           main] com.zaxxer.hikari.HikariDataSource       : HikariPool-2 - Starting...
2024-12-15T14:03:56.669-03:00  WARN 25938 --- [tienda-ms-pedidos] [           main] c.zaxxer.hikari.util.DriverDataSource    : Registered driver with driverClassName=oracle.jdbc.driver.OracleDriver was not found, trying direct instantiation.
2024-12-15T14:03:57.862-03:00 DEBUG 25938 --- [tienda-ms-pedidos] [           main] o.s.b.f.s.DefaultListableBeanFactory     : Creating shared instance of singleton bean 'entityManagerFactory'
2024-12-15T14:03:57.863-03:00 DEBUG 25938 --- [tienda-ms-pedidos] [           main] o.s.b.f.s.DefaultListableBeanFactory     : Creating shared instance of singleton bean 'org.springframework.boot.autoconfigure.orm.jpa.HibernateJpaConfiguration'
2024-12-15T14:03:57.865-03:00 DEBUG 25938 --- [tienda-ms-pedidos] [           main] o.s.b.f.s.DefaultListableBeanFactory     : Creating shared instance of singleton bean 'spring.jpa-org.springframework.boot.autoconfigure.orm.jpa.JpaProperties'
2024-12-15T14:03:57.870-03:00 DEBUG 25938 --- [tienda-ms-pedidos] [           main] o.s.b.f.s.DefaultListableBeanFactory     : Creating shared instance of singleton bean 'spring.jpa.hibernate-org.springframework.boot.autoconfigure.orm.jpa.HibernateProperties'
2024-12-15T14:03:57.872-03:00 DEBUG 25938 --- [tienda-ms-pedidos] [           main] o.s.b.f.s.DefaultListableBeanFactory     : Autowiring by type from bean name 'org.springframework.boot.autoconfigure.orm.jpa.HibernateJpaConfiguration' via constructor to bean named 'dataSource'
2024-12-15T14:03:57.872-03:00 DEBUG 25938 --- [tienda-ms-pedidos] [           main] o.s.b.f.s.DefaultListableBeanFactory     : Autowiring by type from bean name 'org.springframework.boot.autoconfigure.orm.jpa.HibernateJpaConfiguration' via constructor to bean named 'spring.jpa-org.springframework.boot.autoconfigure.orm.jpa.JpaProperties'
2024-12-15T14:03:57.872-03:00 DEBUG 25938 --- [tienda-ms-pedidos] [           main] o.s.b.f.s.DefaultListableBeanFactory     : Autowiring by type from bean name 'org.springframework.boot.autoconfigure.orm.jpa.HibernateJpaConfiguration' via constructor to bean named 'org.springframework.beans.factory.support.DefaultListableBeanFactory@67f21aa5'
2024-12-15T14:03:57.872-03:00 DEBUG 25938 --- [tienda-ms-pedidos] [           main] o.s.b.f.s.DefaultListableBeanFactory     : Autowiring by type from bean name 'org.springframework.boot.autoconfigure.orm.jpa.HibernateJpaConfiguration' via constructor to bean named 'spring.jpa.hibernate-org.springframework.boot.autoconfigure.orm.jpa.HibernateProperties'
2024-12-15T14:03:57.873-03:00 DEBUG 25938 --- [tienda-ms-pedidos] [           main] o.s.b.f.s.DefaultListableBeanFactory     : Creating shared instance of singleton bean 'hikariPoolDataSourceMetadataProvider'
2024-12-15T14:03:57.873-03:00 DEBUG 25938 --- [tienda-ms-pedidos] [           main] o.s.b.f.s.DefaultListableBeanFactory     : Creating shared instance of singleton bean 'org.springframework.boot.autoconfigure.jdbc.metadata.DataSourcePoolMetadataProvidersConfiguration$HikariPoolDataSourceMetadataProviderConfiguration'
2024-12-15T14:03:57.875-03:00 DEBUG 25938 --- [tienda-ms-pedidos] [           main] o.s.b.f.s.DefaultListableBeanFactory     : Creating shared instance of singleton bean 'entityManagerFactoryBuilder'
2024-12-15T14:03:57.875-03:00 DEBUG 25938 --- [tienda-ms-pedidos] [           main] o.s.b.f.s.DefaultListableBeanFactory     : Creating shared instance of singleton bean 'jpaVendorAdapter'
2024-12-15T14:03:57.876-03:00 DEBUG 25938 --- [tienda-ms-pedidos] [           main] o.s.b.f.s.DefaultListableBeanFactory     : Autowiring by type from bean name 'entityManagerFactoryBuilder' via factory method to bean named 'jpaVendorAdapter'
2024-12-15T14:03:57.877-03:00 DEBUG 25938 --- [tienda-ms-pedidos] [           main] o.s.b.f.s.DefaultListableBeanFactory     : Creating shared instance of singleton bean 'persistenceManagedTypes'
2024-12-15T14:03:57.877-03:00 DEBUG 25938 --- [tienda-ms-pedidos] [           main] o.s.b.f.s.DefaultListableBeanFactory     : Autowiring by type from bean name 'persistenceManagedTypes' via factory method to bean named 'org.springframework.beans.factory.support.DefaultListableBeanFactory@67f21aa5'
2024-12-15T14:03:57.877-03:00 DEBUG 25938 --- [tienda-ms-pedidos] [           main] o.s.b.f.s.DefaultListableBeanFactory     : Autowiring by type from bean name 'persistenceManagedTypes' via factory method to bean named 'org.springframework.web.context.support.GenericWebApplicationContext@73e8a384'
2024-12-15T14:03:57.881-03:00 DEBUG 25938 --- [tienda-ms-pedidos] [           main] o.s.b.f.s.DefaultListableBeanFactory     : Autowiring by type from bean name 'entityManagerFactory' via factory method to bean named 'entityManagerFactoryBuilder'
2024-12-15T14:03:57.881-03:00 DEBUG 25938 --- [tienda-ms-pedidos] [           main] o.s.b.f.s.DefaultListableBeanFactory     : Autowiring by type from bean name 'entityManagerFactory' via factory method to bean named 'persistenceManagedTypes'
2024-12-15T14:03:57.883-03:00 DEBUG 25938 --- [tienda-ms-pedidos] [           main] j.LocalContainerEntityManagerFactoryBean : Building JPA container EntityManagerFactory for persistence unit 'default'
2024-12-15T14:03:57.883-03:00 DEBUG 25938 --- [tienda-ms-pedidos] [           main] o.hibernate.jpa.internal.util.LogHelper  : PersistenceUnitInfo [
	name: default
	persistence provider classname: null
	classloader: jdk.internal.loader.ClassLoaders$AppClassLoader@5a07e868
	excludeUnlistedClasses: true
	JTA datasource: null
	Non JTA datasource: HikariDataSource (null)
	Transaction type: RESOURCE_LOCAL
	PU root URL: file:/Users/gonzaloduranadasme/Documents/GitHub/FS3_Sumativa/backend-arquetipo/tienda-ms-pedidos/target/test-classes/
	Shared Cache Mode: UNSPECIFIED
	Validation Mode: AUTO
	Jar files URLs []
	Managed classes names [
		com.example.tienda_ms_pedidos.model.Categoria
		com.example.tienda_ms_pedidos.model.DetalleOrden
		com.example.tienda_ms_pedidos.model.Orden
		com.example.tienda_ms_pedidos.model.Producto]
	Mapping files names []
	Properties []
2024-12-15T14:03:57.883-03:00 DEBUG 25938 --- [tienda-ms-pedidos] [           main] o.h.i.internal.IntegratorServiceImpl     : Adding Integrator [org.hibernate.boot.beanvalidation.BeanValidationIntegrator].
2024-12-15T14:03:57.883-03:00 DEBUG 25938 --- [tienda-ms-pedidos] [           main] o.h.i.internal.IntegratorServiceImpl     : Adding Integrator [org.hibernate.cache.internal.CollectionCacheInvalidator].
2024-12-15T14:03:57.884-03:00 DEBUG 25938 --- [tienda-ms-pedidos] [           main] org.hibernate.orm.idgen.factory          : Registering IdentifierGenerator strategy [uuid2] -> [org.hibernate.id.UUIDGenerator]
2024-12-15T14:03:57.884-03:00 DEBUG 25938 --- [tienda-ms-pedidos] [           main] org.hibernate.orm.idgen.factory          : Registering IdentifierGenerator strategy [guid] -> [org.hibernate.id.GUIDGenerator]
2024-12-15T14:03:57.885-03:00 DEBUG 25938 --- [tienda-ms-pedidos] [           main] org.hibernate.orm.idgen.factory          : Registering IdentifierGenerator strategy [uuid] -> [org.hibernate.id.UUIDHexGenerator]
2024-12-15T14:03:57.885-03:00 DEBUG 25938 --- [tienda-ms-pedidos] [           main] org.hibernate.orm.idgen.factory          : Registering IdentifierGenerator strategy [uuid.hex] -> [org.hibernate.id.UUIDHexGenerator]
2024-12-15T14:03:57.885-03:00 DEBUG 25938 --- [tienda-ms-pedidos] [           main] org.hibernate.orm.idgen.factory          : Registering IdentifierGenerator strategy [assigned] -> [org.hibernate.id.Assigned]
2024-12-15T14:03:57.885-03:00 DEBUG 25938 --- [tienda-ms-pedidos] [           main] org.hibernate.orm.idgen.factory          : Registering IdentifierGenerator strategy [identity] -> [org.hibernate.id.IdentityGenerator]
2024-12-15T14:03:57.885-03:00 DEBUG 25938 --- [tienda-ms-pedidos] [           main] org.hibernate.orm.idgen.factory          : Registering IdentifierGenerator strategy [select] -> [org.hibernate.id.SelectGenerator]
2024-12-15T14:03:57.885-03:00 DEBUG 25938 --- [tienda-ms-pedidos] [           main] org.hibernate.orm.idgen.factory          : Registering IdentifierGenerator strategy [sequence] -> [org.hibernate.id.enhanced.SequenceStyleGenerator]
2024-12-15T14:03:57.885-03:00 DEBUG 25938 --- [tienda-ms-pedidos] [           main] org.hibernate.orm.idgen.factory          : Registering IdentifierGenerator strategy [increment] -> [org.hibernate.id.IncrementGenerator]
2024-12-15T14:03:57.885-03:00 DEBUG 25938 --- [tienda-ms-pedidos] [           main] org.hibernate.orm.idgen.factory          : Registering IdentifierGenerator strategy [foreign] -> [org.hibernate.id.ForeignGenerator]
2024-12-15T14:03:57.885-03:00 DEBUG 25938 --- [tienda-ms-pedidos] [           main] org.hibernate.orm.idgen.factory          : Registering IdentifierGenerator strategy [enhanced-sequence] -> [org.hibernate.id.enhanced.SequenceStyleGenerator]
2024-12-15T14:03:57.885-03:00 DEBUG 25938 --- [tienda-ms-pedidos] [           main] org.hibernate.orm.idgen.factory          : Registering IdentifierGenerator strategy [enhanced-table] -> [org.hibernate.id.enhanced.TableGenerator]
2024-12-15T14:03:57.885-03:00 DEBUG 25938 --- [tienda-ms-pedidos] [           main] o.h.c.internal.RegionFactoryInitiator    : Cannot default RegionFactory based on registered strategies as `[]` RegionFactory strategies were registered
2024-12-15T14:03:57.885-03:00  INFO 25938 --- [tienda-ms-pedidos] [           main] o.h.c.internal.RegionFactoryInitiator    : HHH000026: Second-level cache disabled
2024-12-15T14:03:57.885-03:00 DEBUG 25938 --- [tienda-ms-pedidos] [           main] org.hibernate.type.BasicTypeRegistry     : Adding type registration boolean -> org.hibernate.type.BasicTypeReference@189f3ccd
2024-12-15T14:03:57.885-03:00 DEBUG 25938 --- [tienda-ms-pedidos] [           main] org.hibernate.type.BasicTypeRegistry     : Adding type registration boolean -> org.hibernate.type.BasicTypeReference@189f3ccd
2024-12-15T14:03:57.885-03:00 DEBUG 25938 --- [tienda-ms-pedidos] [           main] org.hibernate.type.BasicTypeRegistry     : Adding type registration java.lang.Boolean -> org.hibernate.type.BasicTypeReference@189f3ccd
2024-12-15T14:03:57.885-03:00 DEBUG 25938 --- [tienda-ms-pedidos] [           main] org.hibernate.type.BasicTypeRegistry     : Adding type registration numeric_boolean -> org.hibernate.type.BasicTypeReference@2eb0932c
2024-12-15T14:03:57.885-03:00 DEBUG 25938 --- [tienda-ms-pedidos] [           main] org.hibernate.type.BasicTypeRegistry     : Adding type registration org.hibernate.type.NumericBooleanConverter -> org.hibernate.type.BasicTypeReference@2eb0932c
2024-12-15T14:03:57.885-03:00 DEBUG 25938 --- [tienda-ms-pedidos] [           main] org.hibernate.type.BasicTypeRegistry     : Adding type registration true_false -> org.hibernate.type.BasicTypeReference@82382d1
2024-12-15T14:03:57.885-03:00 DEBUG 25938 --- [tienda-ms-pedidos] [           main] org.hibernate.type.BasicTypeRegistry     : Adding type registration org.hibernate.type.TrueFalseConverter -> org.hibernate.type.BasicTypeReference@82382d1
2024-12-15T14:03:57.885-03:00 DEBUG 25938 --- [tienda-ms-pedidos] [           main] org.hibernate.type.BasicTypeRegistry     : Adding type registration yes_no -> org.hibernate.type.BasicTypeReference@6c120b00
2024-12-15T14:03:57.885-03:00 DEBUG 25938 --- [tienda-ms-pedidos] [           main] org.hibernate.type.BasicTypeRegistry     : Adding type registration org.hibernate.type.YesNoConverter -> org.hibernate.type.BasicTypeReference@6c120b00
2024-12-15T14:03:57.885-03:00 DEBUG 25938 --- [tienda-ms-pedidos] [           main] org.hibernate.type.BasicTypeRegistry     : Adding type registration byte -> org.hibernate.type.BasicTypeReference@d8a2b1b
2024-12-15T14:03:57.885-03:00 DEBUG 25938 --- [tienda-ms-pedidos] [           main] org.hibernate.type.BasicTypeRegistry     : Adding type registration byte -> org.hibernate.type.BasicTypeReference@d8a2b1b
2024-12-15T14:03:57.885-03:00 DEBUG 25938 --- [tienda-ms-pedidos] [           main] org.hibernate.type.BasicTypeRegistry     : Adding type registration java.lang.Byte -> org.hibernate.type.BasicTypeReference@d8a2b1b
2024-12-15T14:03:57.885-03:00 DEBUG 25938 --- [tienda-ms-pedidos] [           main] org.hibernate.type.BasicTypeRegistry     : Adding type registration binary -> org.hibernate.type.BasicTypeReference@2709e075
2024-12-15T14:03:57.885-03:00 DEBUG 25938 --- [tienda-ms-pedidos] [           main] org.hibernate.type.BasicTypeRegistry     : Adding type registration byte[] -> org.hibernate.type.BasicTypeReference@2709e075
2024-12-15T14:03:57.885-03:00 DEBUG 25938 --- [tienda-ms-pedidos] [           main] org.hibernate.type.BasicTypeRegistry     : Adding type registration [B -> org.hibernate.type.BasicTypeReference@2709e075
2024-12-15T14:03:57.885-03:00 DEBUG 25938 --- [tienda-ms-pedidos] [           main] org.hibernate.type.BasicTypeRegistry     : Adding type registration binary_wrapper -> org.hibernate.type.BasicTypeReference@3328db4f
2024-12-15T14:03:57.885-03:00 DEBUG 25938 --- [tienda-ms-pedidos] [           main] org.hibernate.type.BasicTypeRegistry     : Adding type registration wrapper-binary -> org.hibernate.type.BasicTypeReference@3328db4f
2024-12-15T14:03:57.885-03:00 DEBUG 25938 --- [tienda-ms-pedidos] [           main] org.hibernate.type.BasicTypeRegistry     : Adding type registration image -> org.hibernate.type.BasicTypeReference@4f9e9c21
2024-12-15T14:03:57.885-03:00 DEBUG 25938 --- [tienda-ms-pedidos] [           main] org.hibernate.type.BasicTypeRegistry     : Adding type registration blob -> org.hibernate.type.BasicTypeReference@1390a43a
2024-12-15T14:03:57.885-03:00 DEBUG 25938 --- [tienda-ms-pedidos] [           main] org.hibernate.type.BasicTypeRegistry     : Adding type registration java.sql.Blob -> org.hibernate.type.BasicTypeReference@1390a43a
2024-12-15T14:03:57.885-03:00 DEBUG 25938 --- [tienda-ms-pedidos] [           main] org.hibernate.type.BasicTypeRegistry     : Adding type registration materialized_blob -> org.hibernate.type.BasicTypeReference@7bf2e475
2024-12-15T14:03:57.885-03:00 DEBUG 25938 --- [tienda-ms-pedidos] [           main] org.hibernate.type.BasicTypeRegistry     : Adding type registration materialized_blob_wrapper -> org.hibernate.type.BasicTypeReference@e75bae7
2024-12-15T14:03:57.885-03:00 DEBUG 25938 --- [tienda-ms-pedidos] [           main] org.hibernate.type.BasicTypeRegistry     : Adding type registration short -> org.hibernate.type.BasicTypeReference@3531509c
2024-12-15T14:03:57.885-03:00 DEBUG 25938 --- [tienda-ms-pedidos] [           main] org.hibernate.type.BasicTypeRegistry     : Adding type registration short -> org.hibernate.type.BasicTypeReference@3531509c
2024-12-15T14:03:57.886-03:00 DEBUG 25938 --- [tienda-ms-pedidos] [           main] org.hibernate.type.BasicTypeRegistry     : Adding type registration java.lang.Short -> org.hibernate.type.BasicTypeReference@3531509c
2024-12-15T14:03:57.886-03:00 DEBUG 25938 --- [tienda-ms-pedidos] [           main] org.hibernate.type.BasicTypeRegistry     : Adding type registration integer -> org.hibernate.type.BasicTypeReference@23169374
2024-12-15T14:03:57.886-03:00 DEBUG 25938 --- [tienda-ms-pedidos] [           main] org.hibernate.type.BasicTypeRegistry     : Adding type registration int -> org.hibernate.type.BasicTypeReference@23169374
2024-12-15T14:03:57.886-03:00 DEBUG 25938 --- [tienda-ms-pedidos] [           main] org.hibernate.type.BasicTypeRegistry     : Adding type registration java.lang.Integer -> org.hibernate.type.BasicTypeReference@23169374
2024-12-15T14:03:57.886-03:00 DEBUG 25938 --- [tienda-ms-pedidos] [           main] org.hibernate.type.BasicTypeRegistry     : Adding type registration long -> org.hibernate.type.BasicTypeReference@4f2b1a2f
2024-12-15T14:03:57.886-03:00 DEBUG 25938 --- [tienda-ms-pedidos] [           main] org.hibernate.type.BasicTypeRegistry     : Adding type registration long -> org.hibernate.type.BasicTypeReference@4f2b1a2f
2024-12-15T14:03:57.886-03:00 DEBUG 25938 --- [tienda-ms-pedidos] [           main] org.hibernate.type.BasicTypeRegistry     : Adding type registration java.lang.Long -> org.hibernate.type.BasicTypeReference@4f2b1a2f
2024-12-15T14:03:57.886-03:00 DEBUG 25938 --- [tienda-ms-pedidos] [           main] org.hibernate.type.BasicTypeRegistry     : Adding type registration float -> org.hibernate.type.BasicTypeReference@6c2a33af
2024-12-15T14:03:57.886-03:00 DEBUG 25938 --- [tienda-ms-pedidos] [           main] org.hibernate.type.BasicTypeRegistry     : Adding type registration float -> org.hibernate.type.BasicTypeReference@6c2a33af
2024-12-15T14:03:57.886-03:00 DEBUG 25938 --- [tienda-ms-pedidos] [           main] org.hibernate.type.BasicTypeRegistry     : Adding type registration java.lang.Float -> org.hibernate.type.BasicTypeReference@6c2a33af
2024-12-15T14:03:57.886-03:00 DEBUG 25938 --- [tienda-ms-pedidos] [           main] org.hibernate.type.BasicTypeRegistry     : Adding type registration double -> org.hibernate.type.BasicTypeReference@53202b06
2024-12-15T14:03:57.886-03:00 DEBUG 25938 --- [tienda-ms-pedidos] [           main] org.hibernate.type.BasicTypeRegistry     : Adding type registration double -> org.hibernate.type.BasicTypeReference@53202b06
2024-12-15T14:03:57.886-03:00 DEBUG 25938 --- [tienda-ms-pedidos] [           main] org.hibernate.type.BasicTypeRegistry     : Adding type registration java.lang.Double -> org.hibernate.type.BasicTypeReference@53202b06
2024-12-15T14:03:57.886-03:00 DEBUG 25938 --- [tienda-ms-pedidos] [           main] org.hibernate.type.BasicTypeRegistry     : Adding type registration big_integer -> org.hibernate.type.BasicTypeReference@44ba9f25
2024-12-15T14:03:57.886-03:00 DEBUG 25938 --- [tienda-ms-pedidos] [           main] org.hibernate.type.BasicTypeRegistry     : Adding type registration java.math.BigInteger -> org.hibernate.type.BasicTypeReference@44ba9f25
2024-12-15T14:03:57.886-03:00 DEBUG 25938 --- [tienda-ms-pedidos] [           main] org.hibernate.type.BasicTypeRegistry     : Adding type registration big_decimal -> org.hibernate.type.BasicTypeReference@53570fff
2024-12-15T14:03:57.886-03:00 DEBUG 25938 --- [tienda-ms-pedidos] [           main] org.hibernate.type.BasicTypeRegistry     : Adding type registration java.math.BigDecimal -> org.hibernate.type.BasicTypeReference@53570fff
2024-12-15T14:03:57.886-03:00 DEBUG 25938 --- [tienda-ms-pedidos] [           main] org.hibernate.type.BasicTypeRegistry     : Adding type registration character -> org.hibernate.type.BasicTypeReference@6e5df971
2024-12-15T14:03:57.886-03:00 DEBUG 25938 --- [tienda-ms-pedidos] [           main] org.hibernate.type.BasicTypeRegistry     : Adding type registration char -> org.hibernate.type.BasicTypeReference@6e5df971
2024-12-15T14:03:57.886-03:00 DEBUG 25938 --- [tienda-ms-pedidos] [           main] org.hibernate.type.BasicTypeRegistry     : Adding type registration java.lang.Character -> org.hibernate.type.BasicTypeReference@6e5df971
2024-12-15T14:03:57.886-03:00 DEBUG 25938 --- [tienda-ms-pedidos] [           main] org.hibernate.type.BasicTypeRegistry     : Adding type registration character_nchar -> org.hibernate.type.BasicTypeReference@3c7787a7
2024-12-15T14:03:57.886-03:00 DEBUG 25938 --- [tienda-ms-pedidos] [           main] org.hibernate.type.BasicTypeRegistry     : Adding type registration string -> org.hibernate.type.BasicTypeReference@2ca464bb
2024-12-15T14:03:57.886-03:00 DEBUG 25938 --- [tienda-ms-pedidos] [           main] org.hibernate.type.BasicTypeRegistry     : Adding type registration java.lang.String -> org.hibernate.type.BasicTypeReference@2ca464bb
2024-12-15T14:03:57.886-03:00 DEBUG 25938 --- [tienda-ms-pedidos] [           main] org.hibernate.type.BasicTypeRegistry     : Adding type registration nstring -> org.hibernate.type.BasicTypeReference@4767be27
2024-12-15T14:03:57.886-03:00 DEBUG 25938 --- [tienda-ms-pedidos] [           main] org.hibernate.type.BasicTypeRegistry     : Adding type registration characters -> org.hibernate.type.BasicTypeReference@46f041cb
2024-12-15T14:03:57.886-03:00 DEBUG 25938 --- [tienda-ms-pedidos] [           main] org.hibernate.type.BasicTypeRegistry     : Adding type registration char[] -> org.hibernate.type.BasicTypeReference@46f041cb
2024-12-15T14:03:57.886-03:00 DEBUG 25938 --- [tienda-ms-pedidos] [           main] org.hibernate.type.BasicTypeRegistry     : Adding type registration [C -> org.hibernate.type.BasicTypeReference@46f041cb
2024-12-15T14:03:57.886-03:00 DEBUG 25938 --- [tienda-ms-pedidos] [           main] org.hibernate.type.BasicTypeRegistry     : Adding type registration wrapper-characters -> org.hibernate.type.BasicTypeReference@46baac0d
2024-12-15T14:03:57.886-03:00 DEBUG 25938 --- [tienda-ms-pedidos] [           main] org.hibernate.type.BasicTypeRegistry     : Adding type registration text -> org.hibernate.type.BasicTypeReference@493489dd
2024-12-15T14:03:57.886-03:00 DEBUG 25938 --- [tienda-ms-pedidos] [           main] org.hibernate.type.BasicTypeRegistry     : Adding type registration ntext -> org.hibernate.type.BasicTypeReference@3358805a
2024-12-15T14:03:57.886-03:00 DEBUG 25938 --- [tienda-ms-pedidos] [           main] org.hibernate.type.BasicTypeRegistry     : Adding type registration clob -> org.hibernate.type.BasicTypeReference@77e261e3
2024-12-15T14:03:57.886-03:00 DEBUG 25938 --- [tienda-ms-pedidos] [           main] org.hibernate.type.BasicTypeRegistry     : Adding type registration java.sql.Clob -> org.hibernate.type.BasicTypeReference@77e261e3
2024-12-15T14:03:57.886-03:00 DEBUG 25938 --- [tienda-ms-pedidos] [           main] org.hibernate.type.BasicTypeRegistry     : Adding type registration nclob -> org.hibernate.type.BasicTypeReference@642b71d6
2024-12-15T14:03:57.886-03:00 DEBUG 25938 --- [tienda-ms-pedidos] [           main] org.hibernate.type.BasicTypeRegistry     : Adding type registration java.sql.NClob -> org.hibernate.type.BasicTypeReference@642b71d6
2024-12-15T14:03:57.886-03:00 DEBUG 25938 --- [tienda-ms-pedidos] [           main] org.hibernate.type.BasicTypeRegistry     : Adding type registration materialized_clob -> org.hibernate.type.BasicTypeReference@93c66ef
2024-12-15T14:03:57.886-03:00 DEBUG 25938 --- [tienda-ms-pedidos] [           main] org.hibernate.type.BasicTypeRegistry     : Adding type registration materialized_clob_char_array -> org.hibernate.type.BasicTypeReference@7e916dc2
2024-12-15T14:03:57.886-03:00 DEBUG 25938 --- [tienda-ms-pedidos] [           main] org.hibernate.type.BasicTypeRegistry     : Adding type registration materialized_clob_character_array -> org.hibernate.type.BasicTypeReference@1a18e68a
2024-12-15T14:03:57.886-03:00 DEBUG 25938 --- [tienda-ms-pedidos] [           main] org.hibernate.type.BasicTypeRegistry     : Adding type registration materialized_nclob -> org.hibernate.type.BasicTypeReference@258291de
2024-12-15T14:03:57.886-03:00 DEBUG 25938 --- [tienda-ms-pedidos] [           main] org.hibernate.type.BasicTypeRegistry     : Adding type registration materialized_nclob_character_array -> org.hibernate.type.BasicTypeReference@4f63909f
2024-12-15T14:03:57.886-03:00 DEBUG 25938 --- [tienda-ms-pedidos] [           main] org.hibernate.type.BasicTypeRegistry     : Adding type registration materialized_nclob_char_array -> org.hibernate.type.BasicTypeReference@3ae91bcc
2024-12-15T14:03:57.886-03:00 DEBUG 25938 --- [tienda-ms-pedidos] [           main] org.hibernate.type.BasicTypeRegistry     : Adding type registration Duration -> org.hibernate.type.BasicTypeReference@679886ad
2024-12-15T14:03:57.886-03:00 DEBUG 25938 --- [tienda-ms-pedidos] [           main] org.hibernate.type.BasicTypeRegistry     : Adding type registration java.time.Duration -> org.hibernate.type.BasicTypeReference@679886ad
2024-12-15T14:03:57.886-03:00 DEBUG 25938 --- [tienda-ms-pedidos] [           main] org.hibernate.type.BasicTypeRegistry     : Adding type registration LocalDateTime -> org.hibernate.type.BasicTypeReference@5625e7e1
2024-12-15T14:03:57.886-03:00 DEBUG 25938 --- [tienda-ms-pedidos] [           main] org.hibernate.type.BasicTypeRegistry     : Adding type registration java.time.LocalDateTime -> org.hibernate.type.BasicTypeReference@5625e7e1
2024-12-15T14:03:57.886-03:00 DEBUG 25938 --- [tienda-ms-pedidos] [           main] org.hibernate.type.BasicTypeRegistry     : Adding type registration LocalDate -> org.hibernate.type.BasicTypeReference@59172d2
2024-12-15T14:03:57.886-03:00 DEBUG 25938 --- [tienda-ms-pedidos] [           main] org.hibernate.type.BasicTypeRegistry     : Adding type registration java.time.LocalDate -> org.hibernate.type.BasicTypeReference@59172d2
2024-12-15T14:03:57.886-03:00 DEBUG 25938 --- [tienda-ms-pedidos] [           main] org.hibernate.type.BasicTypeRegistry     : Adding type registration LocalTime -> org.hibernate.type.BasicTypeReference@77d42ed7
2024-12-15T14:03:57.886-03:00 DEBUG 25938 --- [tienda-ms-pedidos] [           main] org.hibernate.type.BasicTypeRegistry     : Adding type registration java.time.LocalTime -> org.hibernate.type.BasicTypeReference@77d42ed7
2024-12-15T14:03:57.886-03:00 DEBUG 25938 --- [tienda-ms-pedidos] [           main] org.hibernate.type.BasicTypeRegistry     : Adding type registration OffsetDateTime -> org.hibernate.type.BasicTypeReference@54da736e
2024-12-15T14:03:57.886-03:00 DEBUG 25938 --- [tienda-ms-pedidos] [           main] org.hibernate.type.BasicTypeRegistry     : Adding type registration java.time.OffsetDateTime -> org.hibernate.type.BasicTypeReference@54da736e
2024-12-15T14:03:57.886-03:00 DEBUG 25938 --- [tienda-ms-pedidos] [           main] org.hibernate.type.BasicTypeRegistry     : Adding type registration OffsetDateTimeWithTimezone -> org.hibernate.type.BasicTypeReference@2d398cfb
2024-12-15T14:03:57.886-03:00 DEBUG 25938 --- [tienda-ms-pedidos] [           main] org.hibernate.type.BasicTypeRegistry     : Adding type registration OffsetDateTimeWithoutTimezone -> org.hibernate.type.BasicTypeReference@23307c6c
2024-12-15T14:03:57.886-03:00 DEBUG 25938 --- [tienda-ms-pedidos] [           main] org.hibernate.type.BasicTypeRegistry     : Adding type registration OffsetTime -> org.hibernate.type.BasicTypeReference@75c45c4b
2024-12-15T14:03:57.886-03:00 DEBUG 25938 --- [tienda-ms-pedidos] [           main] org.hibernate.type.BasicTypeRegistry     : Adding type registration java.time.OffsetTime -> org.hibernate.type.BasicTypeReference@75c45c4b
2024-12-15T14:03:57.886-03:00 DEBUG 25938 --- [tienda-ms-pedidos] [           main] org.hibernate.type.BasicTypeRegistry     : Adding type registration OffsetTimeUtc -> org.hibernate.type.BasicTypeReference@7202009e
2024-12-15T14:03:57.886-03:00 DEBUG 25938 --- [tienda-ms-pedidos] [           main] org.hibernate.type.BasicTypeRegistry     : Adding type registration OffsetTimeWithTimezone -> org.hibernate.type.BasicTypeReference@133d0471
2024-12-15T14:03:57.886-03:00 DEBUG 25938 --- [tienda-ms-pedidos] [           main] org.hibernate.type.BasicTypeRegistry     : Adding type registration OffsetTimeWithoutTimezone -> org.hibernate.type.BasicTypeReference@33cec966
2024-12-15T14:03:57.886-03:00 DEBUG 25938 --- [tienda-ms-pedidos] [           main] org.hibernate.type.BasicTypeRegistry     : Adding type registration ZonedDateTime -> org.hibernate.type.BasicTypeReference@643fed50
2024-12-15T14:03:57.886-03:00 DEBUG 25938 --- [tienda-ms-pedidos] [           main] org.hibernate.type.BasicTypeRegistry     : Adding type registration java.time.ZonedDateTime -> org.hibernate.type.BasicTypeReference@643fed50
2024-12-15T14:03:57.886-03:00 DEBUG 25938 --- [tienda-ms-pedidos] [           main] org.hibernate.type.BasicTypeRegistry     : Adding type registration ZonedDateTimeWithTimezone -> org.hibernate.type.BasicTypeReference@65b07b9
2024-12-15T14:03:57.886-03:00 DEBUG 25938 --- [tienda-ms-pedidos] [           main] org.hibernate.type.BasicTypeRegistry     : Adding type registration ZonedDateTimeWithoutTimezone -> org.hibernate.type.BasicTypeReference@7dbe858f
2024-12-15T14:03:57.886-03:00 DEBUG 25938 --- [tienda-ms-pedidos] [           main] org.hibernate.type.BasicTypeRegistry     : Adding type registration date -> org.hibernate.type.BasicTypeReference@387ef6a7
2024-12-15T14:03:57.886-03:00 DEBUG 25938 --- [tienda-ms-pedidos] [           main] org.hibernate.type.BasicTypeRegistry     : Adding type registration java.sql.Date -> org.hibernate.type.BasicTypeReference@387ef6a7
2024-12-15T14:03:57.886-03:00 DEBUG 25938 --- [tienda-ms-pedidos] [           main] org.hibernate.type.BasicTypeRegistry     : Adding type registration time -> org.hibernate.type.BasicTypeReference@2330c995
2024-12-15T14:03:57.886-03:00 DEBUG 25938 --- [tienda-ms-pedidos] [           main] org.hibernate.type.BasicTypeRegistry     : Adding type registration java.sql.Time -> org.hibernate.type.BasicTypeReference@2330c995
2024-12-15T14:03:57.887-03:00 DEBUG 25938 --- [tienda-ms-pedidos] [           main] org.hibernate.type.BasicTypeRegistry     : Adding type registration timestamp -> org.hibernate.type.BasicTypeReference@7d086485
2024-12-15T14:03:57.887-03:00 DEBUG 25938 --- [tienda-ms-pedidos] [           main] org.hibernate.type.BasicTypeRegistry     : Adding type registration java.sql.Timestamp -> org.hibernate.type.BasicTypeReference@7d086485
2024-12-15T14:03:57.887-03:00 DEBUG 25938 --- [tienda-ms-pedidos] [           main] org.hibernate.type.BasicTypeRegistry     : Adding type registration java.util.Date -> org.hibernate.type.BasicTypeReference@7d086485
2024-12-15T14:03:57.887-03:00 DEBUG 25938 --- [tienda-ms-pedidos] [           main] org.hibernate.type.BasicTypeRegistry     : Adding type registration calendar -> org.hibernate.type.BasicTypeReference@74130456
2024-12-15T14:03:57.887-03:00 DEBUG 25938 --- [tienda-ms-pedidos] [           main] org.hibernate.type.BasicTypeRegistry     : Adding type registration java.util.Calendar -> org.hibernate.type.BasicTypeReference@74130456
2024-12-15T14:03:57.887-03:00 DEBUG 25938 --- [tienda-ms-pedidos] [           main] org.hibernate.type.BasicTypeRegistry     : Adding type registration java.util.GregorianCalendar -> org.hibernate.type.BasicTypeReference@74130456
2024-12-15T14:03:57.887-03:00 DEBUG 25938 --- [tienda-ms-pedidos] [           main] org.hibernate.type.BasicTypeRegistry     : Adding type registration calendar_date -> org.hibernate.type.BasicTypeReference@3b171fbd
2024-12-15T14:03:57.887-03:00 DEBUG 25938 --- [tienda-ms-pedidos] [           main] org.hibernate.type.BasicTypeRegistry     : Adding type registration calendar_time -> org.hibernate.type.BasicTypeReference@20dc763b
2024-12-15T14:03:57.887-03:00 DEBUG 25938 --- [tienda-ms-pedidos] [           main] org.hibernate.type.BasicTypeRegistry     : Adding type registration instant -> org.hibernate.type.BasicTypeReference@4c81e7c2
2024-12-15T14:03:57.887-03:00 DEBUG 25938 --- [tienda-ms-pedidos] [           main] org.hibernate.type.BasicTypeRegistry     : Adding type registration java.time.Instant -> org.hibernate.type.BasicTypeReference@4c81e7c2
2024-12-15T14:03:57.887-03:00 DEBUG 25938 --- [tienda-ms-pedidos] [           main] org.hibernate.type.BasicTypeRegistry     : Adding type registration uuid -> org.hibernate.type.BasicTypeReference@4fe8e318
2024-12-15T14:03:57.887-03:00 DEBUG 25938 --- [tienda-ms-pedidos] [           main] org.hibernate.type.BasicTypeRegistry     : Adding type registration java.util.UUID -> org.hibernate.type.BasicTypeReference@4fe8e318
2024-12-15T14:03:57.887-03:00 DEBUG 25938 --- [tienda-ms-pedidos] [           main] org.hibernate.type.BasicTypeRegistry     : Adding type registration pg-uuid -> org.hibernate.type.BasicTypeReference@4fe8e318
2024-12-15T14:03:57.887-03:00 DEBUG 25938 --- [tienda-ms-pedidos] [           main] org.hibernate.type.BasicTypeRegistry     : Adding type registration uuid-binary -> org.hibernate.type.BasicTypeReference@21e15093
2024-12-15T14:03:57.887-03:00 DEBUG 25938 --- [tienda-ms-pedidos] [           main] org.hibernate.type.BasicTypeRegistry     : Adding type registration uuid-char -> org.hibernate.type.BasicTypeReference@62cf873a
2024-12-15T14:03:57.887-03:00 DEBUG 25938 --- [tienda-ms-pedidos] [           main] org.hibernate.type.BasicTypeRegistry     : Adding type registration class -> org.hibernate.type.BasicTypeReference@21b3d356
2024-12-15T14:03:57.887-03:00 DEBUG 25938 --- [tienda-ms-pedidos] [           main] org.hibernate.type.BasicTypeRegistry     : Adding type registration java.lang.Class -> org.hibernate.type.BasicTypeReference@21b3d356
2024-12-15T14:03:57.887-03:00 DEBUG 25938 --- [tienda-ms-pedidos] [           main] org.hibernate.type.BasicTypeRegistry     : Adding type registration currency -> org.hibernate.type.BasicTypeReference@294b045b
2024-12-15T14:03:57.887-03:00 DEBUG 25938 --- [tienda-ms-pedidos] [           main] org.hibernate.type.BasicTypeRegistry     : Adding type registration Currency -> org.hibernate.type.BasicTypeReference@294b045b
2024-12-15T14:03:57.887-03:00 DEBUG 25938 --- [tienda-ms-pedidos] [           main] org.hibernate.type.BasicTypeRegistry     : Adding type registration java.util.Currency -> org.hibernate.type.BasicTypeReference@294b045b
2024-12-15T14:03:57.887-03:00 DEBUG 25938 --- [tienda-ms-pedidos] [           main] org.hibernate.type.BasicTypeRegistry     : Adding type registration locale -> org.hibernate.type.BasicTypeReference@285ac29
2024-12-15T14:03:57.887-03:00 DEBUG 25938 --- [tienda-ms-pedidos] [           main] org.hibernate.type.BasicTypeRegistry     : Adding type registration java.util.Locale -> org.hibernate.type.BasicTypeReference@285ac29
2024-12-15T14:03:57.887-03:00 DEBUG 25938 --- [tienda-ms-pedidos] [           main] org.hibernate.type.BasicTypeRegistry     : Adding type registration serializable -> org.hibernate.type.BasicTypeReference@1ced1d14
2024-12-15T14:03:57.887-03:00 DEBUG 25938 --- [tienda-ms-pedidos] [           main] org.hibernate.type.BasicTypeRegistry     : Adding type registration java.io.Serializable -> org.hibernate.type.BasicTypeReference@1ced1d14
2024-12-15T14:03:57.887-03:00 DEBUG 25938 --- [tienda-ms-pedidos] [           main] org.hibernate.type.BasicTypeRegistry     : Adding type registration timezone -> org.hibernate.type.BasicTypeReference@237b54bc
2024-12-15T14:03:57.887-03:00 DEBUG 25938 --- [tienda-ms-pedidos] [           main] org.hibernate.type.BasicTypeRegistry     : Adding type registration java.util.TimeZone -> org.hibernate.type.BasicTypeReference@237b54bc
2024-12-15T14:03:57.887-03:00 DEBUG 25938 --- [tienda-ms-pedidos] [           main] org.hibernate.type.BasicTypeRegistry     : Adding type registration ZoneOffset -> org.hibernate.type.BasicTypeReference@5263f554
2024-12-15T14:03:57.887-03:00 DEBUG 25938 --- [tienda-ms-pedidos] [           main] org.hibernate.type.BasicTypeRegistry     : Adding type registration java.time.ZoneOffset -> org.hibernate.type.BasicTypeReference@5263f554
2024-12-15T14:03:57.887-03:00 DEBUG 25938 --- [tienda-ms-pedidos] [           main] org.hibernate.type.BasicTypeRegistry     : Adding type registration url -> org.hibernate.type.BasicTypeReference@7d28efd5
2024-12-15T14:03:57.887-03:00 DEBUG 25938 --- [tienda-ms-pedidos] [           main] org.hibernate.type.BasicTypeRegistry     : Adding type registration java.net.URL -> org.hibernate.type.BasicTypeReference@7d28efd5
2024-12-15T14:03:57.887-03:00 DEBUG 25938 --- [tienda-ms-pedidos] [           main] org.hibernate.type.BasicTypeRegistry     : Adding type registration vector -> org.hibernate.type.BasicTypeReference@95958d9
2024-12-15T14:03:57.887-03:00 DEBUG 25938 --- [tienda-ms-pedidos] [           main] org.hibernate.type.BasicTypeRegistry     : Adding type registration float_vector -> org.hibernate.type.BasicTypeReference@70fe33fa
2024-12-15T14:03:57.887-03:00 DEBUG 25938 --- [tienda-ms-pedidos] [           main] org.hibernate.type.BasicTypeRegistry     : Adding type registration double_vector -> org.hibernate.type.BasicTypeReference@3dfaa1e4
2024-12-15T14:03:57.887-03:00 DEBUG 25938 --- [tienda-ms-pedidos] [           main] org.hibernate.type.BasicTypeRegistry     : Adding type registration byte_vector -> org.hibernate.type.BasicTypeReference@796a7c9
2024-12-15T14:03:57.887-03:00 DEBUG 25938 --- [tienda-ms-pedidos] [           main] org.hibernate.type.BasicTypeRegistry     : Adding type registration row_version -> org.hibernate.type.BasicTypeReference@44cab872
2024-12-15T14:03:57.887-03:00 DEBUG 25938 --- [tienda-ms-pedidos] [           main] org.hibernate.type.BasicTypeRegistry     : Adding type registration object -> org.hibernate.type.JavaObjectType@634d56eb
2024-12-15T14:03:57.887-03:00 DEBUG 25938 --- [tienda-ms-pedidos] [           main] org.hibernate.type.BasicTypeRegistry     : Adding type registration java.lang.Object -> org.hibernate.type.JavaObjectType@634d56eb
2024-12-15T14:03:57.887-03:00 DEBUG 25938 --- [tienda-ms-pedidos] [           main] org.hibernate.type.BasicTypeRegistry     : Adding type registration null -> org.hibernate.type.NullType@735b1ad2
2024-12-15T14:03:57.887-03:00 DEBUG 25938 --- [tienda-ms-pedidos] [           main] org.hibernate.type.BasicTypeRegistry     : Adding type registration imm_date -> org.hibernate.type.BasicTypeReference@1005997d
2024-12-15T14:03:57.887-03:00 DEBUG 25938 --- [tienda-ms-pedidos] [           main] org.hibernate.type.BasicTypeRegistry     : Adding type registration imm_time -> org.hibernate.type.BasicTypeReference@57f278f8
2024-12-15T14:03:57.887-03:00 DEBUG 25938 --- [tienda-ms-pedidos] [           main] org.hibernate.type.BasicTypeRegistry     : Adding type registration imm_timestamp -> org.hibernate.type.BasicTypeReference@1730aec6
2024-12-15T14:03:57.887-03:00 DEBUG 25938 --- [tienda-ms-pedidos] [           main] org.hibernate.type.BasicTypeRegistry     : Adding type registration imm_calendar -> org.hibernate.type.BasicTypeReference@10ccc158
2024-12-15T14:03:57.887-03:00 DEBUG 25938 --- [tienda-ms-pedidos] [           main] org.hibernate.type.BasicTypeRegistry     : Adding type registration imm_calendar_date -> org.hibernate.type.BasicTypeReference@2cbe6c4d
2024-12-15T14:03:57.887-03:00 DEBUG 25938 --- [tienda-ms-pedidos] [           main] org.hibernate.type.BasicTypeRegistry     : Adding type registration imm_calendar_time -> org.hibernate.type.BasicTypeReference@684fe49a
2024-12-15T14:03:57.887-03:00 DEBUG 25938 --- [tienda-ms-pedidos] [           main] org.hibernate.type.BasicTypeRegistry     : Adding type registration imm_binary -> org.hibernate.type.BasicTypeReference@7a9b21cb
2024-12-15T14:03:57.887-03:00 DEBUG 25938 --- [tienda-ms-pedidos] [           main] org.hibernate.type.BasicTypeRegistry     : Adding type registration imm_serializable -> org.hibernate.type.BasicTypeReference@cabe9c1
2024-12-15T14:03:57.888-03:00 DEBUG 25938 --- [tienda-ms-pedidos] [           main] o.h.boot.internal.BootstrapContextImpl   : Injecting JPA temp ClassLoader [org.springframework.instrument.classloading.SimpleThrowawayClassLoader@445475c6] into BootstrapContext; was [null]
2024-12-15T14:03:57.888-03:00 DEBUG 25938 --- [tienda-ms-pedidos] [           main] o.h.boot.internal.ClassLoaderAccessImpl  : ClassLoaderAccessImpl#injectTempClassLoader(org.springframework.instrument.classloading.SimpleThrowawayClassLoader@445475c6) [was null]
2024-12-15T14:03:57.888-03:00 DEBUG 25938 --- [tienda-ms-pedidos] [           main] o.h.boot.internal.BootstrapContextImpl   : Injecting ScanEnvironment [org.hibernate.jpa.boot.internal.StandardJpaScanEnvironmentImpl@676281fe] into BootstrapContext; was [null]
2024-12-15T14:03:57.888-03:00 DEBUG 25938 --- [tienda-ms-pedidos] [           main] o.h.boot.internal.BootstrapContextImpl   : Injecting ScanOptions [org.hibernate.boot.archive.scan.internal.StandardScanOptions@34548932] into BootstrapContext; was [org.hibernate.boot.archive.scan.internal.StandardScanOptions@26eeff6d]
2024-12-15T14:03:57.893-03:00  INFO 25938 --- [tienda-ms-pedidos] [           main] o.s.o.j.p.SpringPersistenceUnitInfo      : No LoadTimeWeaver setup: ignoring JPA class transformer
2024-12-15T14:03:57.893-03:00 DEBUG 25938 --- [tienda-ms-pedidos] [           main] o.h.boot.internal.BootstrapContextImpl   : Injecting JPA temp ClassLoader [null] into BootstrapContext; was [org.springframework.instrument.classloading.SimpleThrowawayClassLoader@445475c6]
2024-12-15T14:03:57.893-03:00 DEBUG 25938 --- [tienda-ms-pedidos] [           main] o.h.boot.internal.ClassLoaderAccessImpl  : ClassLoaderAccessImpl#injectTempClassLoader(null) [was org.springframework.instrument.classloading.SimpleThrowawayClassLoader@445475c6]
2024-12-15T14:03:57.893-03:00  INFO 25938 --- [tienda-ms-pedidos] [           main] com.zaxxer.hikari.HikariDataSource       : HikariPool-2 - Starting...
2024-12-15T14:03:57.893-03:00  WARN 25938 --- [tienda-ms-pedidos] [           main] c.zaxxer.hikari.util.DriverDataSource    : Registered driver with driverClassName=oracle.jdbc.driver.OracleDriver was not found, trying direct instantiation.
2024-12-15T14:03:58.901-03:00 DEBUG 25938 --- [tienda-ms-pedidos] [           main] o.h.engine.jdbc.spi.SqlExceptionHelper   : unable to obtain isolated JDBC connection [n/a]

java.sql.SQLException: ORA-12263: Fallo al acceder a tnsnames.ora en el directorio configurado como administrador de TNS: /app/wallet. El archivo no existe o no se puede acceder a él.
https://docs.oracle.com/error-help/db/ora-12263/
	at oracle.jdbc.driver.T4CConnection.handleLogonNetException(T4CConnection.java:1617) ~[ojdbc11-23.5.0.24.07.jar:23.5.0.24.07]
	at oracle.jdbc.driver.T4CConnection.logon(T4CConnection.java:1139) ~[ojdbc11-23.5.0.24.07.jar:23.5.0.24.07]
	at oracle.jdbc.driver.PhysicalConnection.connect(PhysicalConnection.java:1206) ~[ojdbc11-23.5.0.24.07.jar:23.5.0.24.07]
	at oracle.jdbc.driver.T4CDriverExtension.getConnection(T4CDriverExtension.java:105) ~[ojdbc11-23.5.0.24.07.jar:23.5.0.24.07]
	at oracle.jdbc.driver.OracleDriver.connect(OracleDriver.java:886) ~[ojdbc11-23.5.0.24.07.jar:23.5.0.24.07]
	at oracle.jdbc.driver.OracleDriver.connect(OracleDriver.java:693) ~[ojdbc11-23.5.0.24.07.jar:23.5.0.24.07]
	at com.zaxxer.hikari.util.DriverDataSource.getConnection(DriverDataSource.java:137) ~[HikariCP-5.1.0.jar:na]
	at com.zaxxer.hikari.pool.PoolBase.newConnection(PoolBase.java:360) ~[HikariCP-5.1.0.jar:na]
	at com.zaxxer.hikari.pool.PoolBase.newPoolEntry(PoolBase.java:202) ~[HikariCP-5.1.0.jar:na]
	at com.zaxxer.hikari.pool.HikariPool.createPoolEntry(HikariPool.java:461) ~[HikariCP-5.1.0.jar:na]
	at com.zaxxer.hikari.pool.HikariPool.checkFailFast(HikariPool.java:550) ~[HikariCP-5.1.0.jar:na]
	at com.zaxxer.hikari.pool.HikariPool.<init>(HikariPool.java:98) ~[HikariCP-5.1.0.jar:na]
	at com.zaxxer.hikari.HikariDataSource.getConnection(HikariDataSource.java:111) ~[HikariCP-5.1.0.jar:na]
	at org.hibernate.engine.jdbc.connections.internal.DatasourceConnectionProviderImpl.getConnection(DatasourceConnectionProviderImpl.java:126) ~[hibernate-core-6.6.2.Final.jar:6.6.2.Final]
	at org.hibernate.engine.jdbc.env.internal.JdbcEnvironmentInitiator$ConnectionProviderJdbcConnectionAccess.obtainConnection(JdbcEnvironmentInitiator.java:467) ~[hibernate-core-6.6.2.Final.jar:6.6.2.Final]
	at org.hibernate.resource.transaction.backend.jdbc.internal.JdbcIsolationDelegate.delegateWork(JdbcIsolationDelegate.java:61) ~[hibernate-core-6.6.2.Final.jar:6.6.2.Final]
	at org.hibernate.engine.jdbc.env.internal.JdbcEnvironmentInitiator.getJdbcEnvironmentUsingJdbcMetadata(JdbcEnvironmentInitiator.java:320) ~[hibernate-core-6.6.2.Final.jar:6.6.2.Final]
	at org.hibernate.engine.jdbc.env.internal.JdbcEnvironmentInitiator.initiateService(JdbcEnvironmentInitiator.java:129) ~[hibernate-core-6.6.2.Final.jar:6.6.2.Final]
	at org.hibernate.engine.jdbc.env.internal.JdbcEnvironmentInitiator.initiateService(JdbcEnvironmentInitiator.java:81) ~[hibernate-core-6.6.2.Final.jar:6.6.2.Final]
	at org.hibernate.boot.registry.internal.StandardServiceRegistryImpl.initiateService(StandardServiceRegistryImpl.java:130) ~[hibernate-core-6.6.2.Final.jar:6.6.2.Final]
	at org.hibernate.service.internal.AbstractServiceRegistryImpl.createService(AbstractServiceRegistryImpl.java:263) ~[hibernate-core-6.6.2.Final.jar:6.6.2.Final]
	at org.hibernate.service.internal.AbstractServiceRegistryImpl.initializeService(AbstractServiceRegistryImpl.java:238) ~[hibernate-core-6.6.2.Final.jar:6.6.2.Final]
	at org.hibernate.service.internal.AbstractServiceRegistryImpl.getService(AbstractServiceRegistryImpl.java:215) ~[hibernate-core-6.6.2.Final.jar:6.6.2.Final]
	at org.hibernate.boot.model.relational.Database.<init>(Database.java:45) ~[hibernate-core-6.6.2.Final.jar:6.6.2.Final]
	at org.hibernate.boot.internal.InFlightMetadataCollectorImpl.getDatabase(InFlightMetadataCollectorImpl.java:226) ~[hibernate-core-6.6.2.Final.jar:6.6.2.Final]
	at org.hibernate.boot.internal.InFlightMetadataCollectorImpl.<init>(InFlightMetadataCollectorImpl.java:194) ~[hibernate-core-6.6.2.Final.jar:6.6.2.Final]
	at org.hibernate.boot.model.process.spi.MetadataBuildingProcess.complete(MetadataBuildingProcess.java:171) ~[hibernate-core-6.6.2.Final.jar:6.6.2.Final]
	at org.hibernate.jpa.boot.internal.EntityManagerFactoryBuilderImpl.metadata(EntityManagerFactoryBuilderImpl.java:1431) ~[hibernate-core-6.6.2.Final.jar:6.6.2.Final]
	at org.hibernate.jpa.boot.internal.EntityManagerFactoryBuilderImpl.build(EntityManagerFactoryBuilderImpl.java:1502) ~[hibernate-core-6.6.2.Final.jar:6.6.2.Final]
	at org.springframework.orm.jpa.vendor.SpringHibernateJpaPersistenceProvider.createContainerEntityManagerFactory(SpringHibernateJpaPersistenceProvider.java:66) ~[spring-orm-6.2.0.jar:6.2.0]
	at org.springframework.orm.jpa.LocalContainerEntityManagerFactoryBean.createNativeEntityManagerFactory(LocalContainerEntityManagerFactoryBean.java:390) ~[spring-orm-6.2.0.jar:6.2.0]
	at org.springframework.orm.jpa.AbstractEntityManagerFactoryBean.buildNativeEntityManagerFactory(AbstractEntityManagerFactoryBean.java:419) ~[spring-orm-6.2.0.jar:6.2.0]
	at org.springframework.orm.jpa.AbstractEntityManagerFactoryBean.afterPropertiesSet(AbstractEntityManagerFactoryBean.java:400) ~[spring-orm-6.2.0.jar:6.2.0]
	at org.springframework.orm.jpa.LocalContainerEntityManagerFactoryBean.afterPropertiesSet(LocalContainerEntityManagerFactoryBean.java:366) ~[spring-orm-6.2.0.jar:6.2.0]
	at org.springframework.beans.factory.support.AbstractAutowireCapableBeanFactory.invokeInitMethods(AbstractAutowireCapableBeanFactory.java:1849) ~[spring-beans-6.2.0.jar:6.2.0]
	at org.springframework.beans.factory.support.AbstractAutowireCapableBeanFactory.initializeBean(AbstractAutowireCapableBeanFactory.java:1798) ~[spring-beans-6.2.0.jar:6.2.0]
	at org.springframework.beans.factory.support.AbstractAutowireCapableBeanFactory.doCreateBean(AbstractAutowireCapableBeanFactory.java:601) ~[spring-beans-6.2.0.jar:6.2.0]
	at org.springframework.beans.factory.support.AbstractAutowireCapableBeanFactory.createBean(AbstractAutowireCapableBeanFactory.java:523) ~[spring-beans-6.2.0.jar:6.2.0]
	at org.springframework.beans.factory.support.AbstractBeanFactory.lambda$doGetBean$0(AbstractBeanFactory.java:336) ~[spring-beans-6.2.0.jar:6.2.0]
	at org.springframework.beans.factory.support.DefaultSingletonBeanRegistry.getSingleton(DefaultSingletonBeanRegistry.java:288) ~[spring-beans-6.2.0.jar:6.2.0]
	at org.springframework.beans.factory.support.AbstractBeanFactory.doGetBean(AbstractBeanFactory.java:334) ~[spring-beans-6.2.0.jar:6.2.0]
	at org.springframework.beans.factory.support.AbstractBeanFactory.getBean(AbstractBeanFactory.java:204) ~[spring-beans-6.2.0.jar:6.2.0]
	at org.springframework.context.support.AbstractApplicationContext.finishBeanFactoryInitialization(AbstractApplicationContext.java:970) ~[spring-context-6.2.0.jar:6.2.0]
	at org.springframework.context.support.AbstractApplicationContext.refresh(AbstractApplicationContext.java:627) ~[spring-context-6.2.0.jar:6.2.0]
	at org.springframework.boot.SpringApplication.refresh(SpringApplication.java:752) ~[spring-boot-3.4.0.jar:3.4.0]
	at org.springframework.boot.SpringApplication.refreshContext(SpringApplication.java:439) ~[spring-boot-3.4.0.jar:3.4.0]
	at org.springframework.boot.SpringApplication.run(SpringApplication.java:318) ~[spring-boot-3.4.0.jar:3.4.0]
	at org.springframework.boot.test.context.SpringBootContextLoader.lambda$loadContext$3(SpringBootContextLoader.java:137) ~[spring-boot-test-3.4.0.jar:3.4.0]
	at org.springframework.util.function.ThrowingSupplier.get(ThrowingSupplier.java:58) ~[spring-core-6.2.0.jar:6.2.0]
	at org.springframework.util.function.ThrowingSupplier.get(ThrowingSupplier.java:46) ~[spring-core-6.2.0.jar:6.2.0]
	at org.springframework.boot.SpringApplication.withHook(SpringApplication.java:1461) ~[spring-boot-3.4.0.jar:3.4.0]
	at org.springframework.boot.test.context.SpringBootContextLoader$ContextLoaderHook.run(SpringBootContextLoader.java:553) ~[spring-boot-test-3.4.0.jar:3.4.0]
	at org.springframework.boot.test.context.SpringBootContextLoader.loadContext(SpringBootContextLoader.java:137) ~[spring-boot-test-3.4.0.jar:3.4.0]
	at org.springframework.boot.test.context.SpringBootContextLoader.loadContext(SpringBootContextLoader.java:108) ~[spring-boot-test-3.4.0.jar:3.4.0]
	at org.springframework.test.context.cache.DefaultCacheAwareContextLoaderDelegate.loadContextInternal(DefaultCacheAwareContextLoaderDelegate.java:225) ~[spring-test-6.2.0.jar:6.2.0]
	at org.springframework.test.context.cache.DefaultCacheAwareContextLoaderDelegate.loadContext(DefaultCacheAwareContextLoaderDelegate.java:152) ~[spring-test-6.2.0.jar:6.2.0]
	at org.springframework.test.context.support.DefaultTestContext.getApplicationContext(DefaultTestContext.java:130) ~[spring-test-6.2.0.jar:6.2.0]
	at org.springframework.test.context.web.ServletTestExecutionListener.setUpRequestContextIfNecessary(ServletTestExecutionListener.java:191) ~[spring-test-6.2.0.jar:6.2.0]
	at org.springframework.test.context.web.ServletTestExecutionListener.prepareTestInstance(ServletTestExecutionListener.java:130) ~[spring-test-6.2.0.jar:6.2.0]
	at org.springframework.test.context.TestContextManager.prepareTestInstance(TestContextManager.java:260) ~[spring-test-6.2.0.jar:6.2.0]
	at org.springframework.test.context.junit.jupiter.SpringExtension.postProcessTestInstance(SpringExtension.java:160) ~[spring-test-6.2.0.jar:6.2.0]
	at org.junit.jupiter.engine.descriptor.ClassBasedTestDescriptor.lambda$invokeTestInstancePostProcessors$11(ClassBasedTestDescriptor.java:378) ~[junit-jupiter-engine-5.11.3.jar:5.11.3]
	at org.junit.jupiter.engine.descriptor.ClassBasedTestDescriptor.executeAndMaskThrowable(ClassBasedTestDescriptor.java:383) ~[junit-jupiter-engine-5.11.3.jar:5.11.3]
	at org.junit.jupiter.engine.descriptor.ClassBasedTestDescriptor.lambda$invokeTestInstancePostProcessors$12(ClassBasedTestDescriptor.java:378) ~[junit-jupiter-engine-5.11.3.jar:5.11.3]
	at java.base/java.util.stream.ForEachOps$ForEachOp$OfRef.accept(ForEachOps.java:184) ~[na:na]
	at java.base/java.util.stream.ReferencePipeline$3$1.accept(ReferencePipeline.java:215) ~[na:na]
	at java.base/java.util.stream.ReferencePipeline$2$1.accept(ReferencePipeline.java:197) ~[na:na]
	at java.base/java.util.stream.ReferencePipeline$3$1.accept(ReferencePipeline.java:215) ~[na:na]
	at java.base/java.util.ArrayList$ArrayListSpliterator.forEachRemaining(ArrayList.java:1709) ~[na:na]
	at java.base/java.util.stream.AbstractPipeline.copyInto(AbstractPipeline.java:570) ~[na:na]
	at java.base/java.util.stream.AbstractPipeline.wrapAndCopyInto(AbstractPipeline.java:560) ~[na:na]
	at java.base/java.util.stream.ForEachOps$ForEachOp.evaluateSequential(ForEachOps.java:151) ~[na:na]
	at java.base/java.util.stream.ForEachOps$ForEachOp$OfRef.evaluateSequential(ForEachOps.java:174) ~[na:na]
	at java.base/java.util.stream.AbstractPipeline.evaluate(AbstractPipeline.java:265) ~[na:na]
	at java.base/java.util.stream.ReferencePipeline.forEach(ReferencePipeline.java:636) ~[na:na]
	at org.junit.jupiter.engine.descriptor.ClassBasedTestDescriptor.invokeTestInstancePostProcessors(ClassBasedTestDescriptor.java:377) ~[junit-jupiter-engine-5.11.3.jar:5.11.3]
	at org.junit.jupiter.engine.descriptor.ClassBasedTestDescriptor.lambda$instantiateAndPostProcessTestInstance$7(ClassBasedTestDescriptor.java:290) ~[junit-jupiter-engine-5.11.3.jar:5.11.3]
	at org.junit.platform.engine.support.hierarchical.ThrowableCollector.execute(ThrowableCollector.java:73) ~[junit-platform-engine-1.11.3.jar:1.11.3]
	at org.junit.jupiter.engine.descriptor.ClassBasedTestDescriptor.instantiateAndPostProcessTestInstance(ClassBasedTestDescriptor.java:289) ~[junit-jupiter-engine-5.11.3.jar:5.11.3]
	at org.junit.jupiter.engine.descriptor.ClassBasedTestDescriptor.lambda$testInstancesProvider$5(ClassBasedTestDescriptor.java:279) ~[junit-jupiter-engine-5.11.3.jar:5.11.3]
	at java.base/java.util.Optional.orElseGet(Optional.java:364) ~[na:na]
	at org.junit.jupiter.engine.descriptor.ClassBasedTestDescriptor.lambda$testInstancesProvider$6(ClassBasedTestDescriptor.java:278) ~[junit-jupiter-engine-5.11.3.jar:5.11.3]
	at org.junit.jupiter.engine.execution.TestInstancesProvider.getTestInstances(TestInstancesProvider.java:31) ~[junit-jupiter-engine-5.11.3.jar:5.11.3]
	at org.junit.jupiter.engine.descriptor.TestMethodTestDescriptor.lambda$prepare$1(TestMethodTestDescriptor.java:105) ~[junit-jupiter-engine-5.11.3.jar:5.11.3]
	at org.junit.platform.engine.support.hierarchical.ThrowableCollector.execute(ThrowableCollector.java:73) ~[junit-platform-engine-1.11.3.jar:1.11.3]
	at org.junit.jupiter.engine.descriptor.TestMethodTestDescriptor.prepare(TestMethodTestDescriptor.java:104) ~[junit-jupiter-engine-5.11.3.jar:5.11.3]
	at org.junit.jupiter.engine.descriptor.TestMethodTestDescriptor.prepare(TestMethodTestDescriptor.java:68) ~[junit-jupiter-engine-5.11.3.jar:5.11.3]
	at org.junit.platform.engine.support.hierarchical.NodeTestTask.lambda$prepare$2(NodeTestTask.java:128) ~[junit-platform-engine-1.11.3.jar:1.11.3]
	at org.junit.platform.engine.support.hierarchical.ThrowableCollector.execute(ThrowableCollector.java:73) ~[junit-platform-engine-1.11.3.jar:1.11.3]
	at org.junit.platform.engine.support.hierarchical.NodeTestTask.prepare(NodeTestTask.java:128) ~[junit-platform-engine-1.11.3.jar:1.11.3]
	at org.junit.platform.engine.support.hierarchical.NodeTestTask.execute(NodeTestTask.java:95) ~[junit-platform-engine-1.11.3.jar:1.11.3]
	at java.base/java.util.ArrayList.forEach(ArrayList.java:1597) ~[na:na]
	at org.junit.platform.engine.support.hierarchical.SameThreadHierarchicalTestExecutorService.invokeAll(SameThreadHierarchicalTestExecutorService.java:41) ~[junit-platform-engine-1.11.3.jar:1.11.3]
	at org.junit.platform.engine.support.hierarchical.NodeTestTask.lambda$executeRecursively$6(NodeTestTask.java:160) ~[junit-platform-engine-1.11.3.jar:1.11.3]
	at org.junit.platform.engine.support.hierarchical.ThrowableCollector.execute(ThrowableCollector.java:73) ~[junit-platform-engine-1.11.3.jar:1.11.3]
	at org.junit.platform.engine.support.hierarchical.NodeTestTask.lambda$executeRecursively$8(NodeTestTask.java:146) ~[junit-platform-engine-1.11.3.jar:1.11.3]
	at org.junit.platform.engine.support.hierarchical.Node.around(Node.java:137) ~[junit-platform-engine-1.11.3.jar:1.11.3]
	at org.junit.platform.engine.support.hierarchical.NodeTestTask.lambda$executeRecursively$9(NodeTestTask.java:144) ~[junit-platform-engine-1.11.3.jar:1.11.3]
	at org.junit.platform.engine.support.hierarchical.ThrowableCollector.execute(ThrowableCollector.java:73) ~[junit-platform-engine-1.11.3.jar:1.11.3]
	at org.junit.platform.engine.support.hierarchical.NodeTestTask.executeRecursively(NodeTestTask.java:143) ~[junit-platform-engine-1.11.3.jar:1.11.3]
	at org.junit.platform.engine.support.hierarchical.NodeTestTask.execute(NodeTestTask.java:100) ~[junit-platform-engine-1.11.3.jar:1.11.3]
	at java.base/java.util.ArrayList.forEach(ArrayList.java:1597) ~[na:na]
	at org.junit.platform.engine.support.hierarchical.SameThreadHierarchicalTestExecutorService.invokeAll(SameThreadHierarchicalTestExecutorService.java:41) ~[junit-platform-engine-1.11.3.jar:1.11.3]
	at org.junit.platform.engine.support.hierarchical.NodeTestTask.lambda$executeRecursively$6(NodeTestTask.java:160) ~[junit-platform-engine-1.11.3.jar:1.11.3]
	at org.junit.platform.engine.support.hierarchical.ThrowableCollector.execute(ThrowableCollector.java:73) ~[junit-platform-engine-1.11.3.jar:1.11.3]
	at org.junit.platform.engine.support.hierarchical.NodeTestTask.lambda$executeRecursively$8(NodeTestTask.java:146) ~[junit-platform-engine-1.11.3.jar:1.11.3]
	at org.junit.platform.engine.support.hierarchical.Node.around(Node.java:137) ~[junit-platform-engine-1.11.3.jar:1.11.3]
	at org.junit.platform.engine.support.hierarchical.NodeTestTask.lambda$executeRecursively$9(NodeTestTask.java:144) ~[junit-platform-engine-1.11.3.jar:1.11.3]
	at org.junit.platform.engine.support.hierarchical.ThrowableCollector.execute(ThrowableCollector.java:73) ~[junit-platform-engine-1.11.3.jar:1.11.3]
	at org.junit.platform.engine.support.hierarchical.NodeTestTask.executeRecursively(NodeTestTask.java:143) ~[junit-platform-engine-1.11.3.jar:1.11.3]
	at org.junit.platform.engine.support.hierarchical.NodeTestTask.execute(NodeTestTask.java:100) ~[junit-platform-engine-1.11.3.jar:1.11.3]
	at org.junit.platform.engine.support.hierarchical.SameThreadHierarchicalTestExecutorService.submit(SameThreadHierarchicalTestExecutorService.java:35) ~[junit-platform-engine-1.11.3.jar:1.11.3]
	at org.junit.platform.engine.support.hierarchical.HierarchicalTestExecutor.execute(HierarchicalTestExecutor.java:57) ~[junit-platform-engine-1.11.3.jar:1.11.3]
	at org.junit.platform.engine.support.hierarchical.HierarchicalTestEngine.execute(HierarchicalTestEngine.java:54) ~[junit-platform-engine-1.11.3.jar:1.11.3]
	at org.junit.platform.launcher.core.EngineExecutionOrchestrator.execute(EngineExecutionOrchestrator.java:198) ~[junit-platform-launcher-1.11.3.jar:1.11.3]
	at org.junit.platform.launcher.core.EngineExecutionOrchestrator.execute(EngineExecutionOrchestrator.java:169) ~[junit-platform-launcher-1.11.3.jar:1.11.3]
	at org.junit.platform.launcher.core.EngineExecutionOrchestrator.execute(EngineExecutionOrchestrator.java:93) ~[junit-platform-launcher-1.11.3.jar:1.11.3]
	at org.junit.platform.launcher.core.EngineExecutionOrchestrator.lambda$execute$0(EngineExecutionOrchestrator.java:58) ~[junit-platform-launcher-1.11.3.jar:1.11.3]
	at org.junit.platform.launcher.core.EngineExecutionOrchestrator.withInterceptedStreams(EngineExecutionOrchestrator.java:141) ~[junit-platform-launcher-1.11.3.jar:1.11.3]
	at org.junit.platform.launcher.core.EngineExecutionOrchestrator.execute(EngineExecutionOrchestrator.java:57) ~[junit-platform-launcher-1.11.3.jar:1.11.3]
	at org.junit.platform.launcher.core.DefaultLauncher.execute(DefaultLauncher.java:103) ~[junit-platform-launcher-1.11.3.jar:1.11.3]
	at org.junit.platform.launcher.core.DefaultLauncher.execute(DefaultLauncher.java:85) ~[junit-platform-launcher-1.11.3.jar:1.11.3]
	at org.junit.platform.launcher.core.DelegatingLauncher.execute(DelegatingLauncher.java:47) ~[junit-platform-launcher-1.11.3.jar:1.11.3]
	at org.apache.maven.surefire.junitplatform.LazyLauncher.execute(LazyLauncher.java:56) ~[surefire-junit-platform-3.5.2.jar:3.5.2]
	at org.apache.maven.surefire.junitplatform.JUnitPlatformProvider.execute(JUnitPlatformProvider.java:184) ~[surefire-junit-platform-3.5.2.jar:3.5.2]
	at org.apache.maven.surefire.junitplatform.JUnitPlatformProvider.invokeAllTests(JUnitPlatformProvider.java:148) ~[surefire-junit-platform-3.5.2.jar:3.5.2]
	at org.apache.maven.surefire.junitplatform.JUnitPlatformProvider.invoke(JUnitPlatformProvider.java:122) ~[surefire-junit-platform-3.5.2.jar:3.5.2]
	at org.apache.maven.surefire.booter.ForkedBooter.runSuitesInProcess(ForkedBooter.java:385) ~[surefire-booter-3.5.2.jar:3.5.2]
	at org.apache.maven.surefire.booter.ForkedBooter.execute(ForkedBooter.java:162) ~[surefire-booter-3.5.2.jar:3.5.2]
	at org.apache.maven.surefire.booter.ForkedBooter.run(ForkedBooter.java:507) ~[surefire-booter-3.5.2.jar:3.5.2]
	at org.apache.maven.surefire.booter.ForkedBooter.main(ForkedBooter.java:495) ~[surefire-booter-3.5.2.jar:3.5.2]
Caused by: oracle.net.ns.NetException: ORA-12263: Fallo al acceder a tnsnames.ora en el directorio configurado como administrador de TNS: /app/wallet. El archivo no existe o no se puede acceder a él.
https://docs.oracle.com/error-help/db/ora-12263/
	at oracle.net.resolver.TNSNamesNamingAdapter.resolve(TNSNamesNamingAdapter.java:142) ~[ojdbc11-23.5.0.24.07.jar:23.5.0.24.07]
	at oracle.net.resolver.NameResolver.resolveName(NameResolver.java:177) ~[ojdbc11-23.5.0.24.07.jar:23.5.0.24.07]
	at oracle.net.resolver.AddrResolution.resolveTNSAddress(AddrResolution.java:907) ~[ojdbc11-23.5.0.24.07.jar:23.5.0.24.07]
	at oracle.net.resolver.AddrResolution.initConnStrategy(AddrResolution.java:636) ~[ojdbc11-23.5.0.24.07.jar:23.5.0.24.07]
	at oracle.net.resolver.AddrResolution.<init>(AddrResolution.java:451) ~[ojdbc11-23.5.0.24.07.jar:23.5.0.24.07]
	at oracle.net.ns.NSProtocol.<init>(NSProtocol.java:247) ~[ojdbc11-23.5.0.24.07.jar:23.5.0.24.07]
	at oracle.net.ns.NSProtocolNIO.<init>(NSProtocolNIO.java:148) ~[ojdbc11-23.5.0.24.07.jar:23.5.0.24.07]
	at oracle.jdbc.driver.T4CConnection.logon(T4CConnection.java:1002) ~[ojdbc11-23.5.0.24.07.jar:23.5.0.24.07]
	... 129 common frames omitted
	Suppressed: oracle.net.ns.NetException: ORA-17866: Formato numérico no válido para el número de puerto
https://docs.oracle.com/error-help/db/ora-17866/
		at oracle.net.resolver.HostnameNamingAdapter.resolve(HostnameNamingAdapter.java:191) ~[ojdbc11-23.5.0.24.07.jar:23.5.0.24.07]
		... 136 common frames omitted

2024-12-15T14:03:58.908-03:00  WARN 25938 --- [tienda-ms-pedidos] [           main] o.h.engine.jdbc.spi.SqlExceptionHelper   : SQL Error: 12263, SQLState: 66000
2024-12-15T14:03:58.908-03:00 ERROR 25938 --- [tienda-ms-pedidos] [           main] o.h.engine.jdbc.spi.SqlExceptionHelper   : ORA-12263: Fallo al acceder a tnsnames.ora en el directorio configurado como administrador de TNS: /app/wallet. El archivo no existe o no se puede acceder a él.
https://docs.oracle.com/error-help/db/ora-12263/
2024-12-15T14:03:58.910-03:00  WARN 25938 --- [tienda-ms-pedidos] [           main] o.h.e.j.e.i.JdbcEnvironmentInitiator     : HHH000342: Could not obtain connection to query metadata

org.hibernate.exception.GenericJDBCException: unable to obtain isolated JDBC connection [ORA-12263: Fallo al acceder a tnsnames.ora en el directorio configurado como administrador de TNS: /app/wallet. El archivo no existe o no se puede acceder a él.
https://docs.oracle.com/error-help/db/ora-12263/] [n/a]
	at org.hibernate.exception.internal.StandardSQLExceptionConverter.convert(StandardSQLExceptionConverter.java:63) ~[hibernate-core-6.6.2.Final.jar:6.6.2.Final]
	at org.hibernate.engine.jdbc.spi.SqlExceptionHelper.convert(SqlExceptionHelper.java:108) ~[hibernate-core-6.6.2.Final.jar:6.6.2.Final]
	at org.hibernate.engine.jdbc.spi.SqlExceptionHelper.convert(SqlExceptionHelper.java:94) ~[hibernate-core-6.6.2.Final.jar:6.6.2.Final]
	at org.hibernate.resource.transaction.backend.jdbc.internal.JdbcIsolationDelegate.delegateWork(JdbcIsolationDelegate.java:116) ~[hibernate-core-6.6.2.Final.jar:6.6.2.Final]
	at org.hibernate.engine.jdbc.env.internal.JdbcEnvironmentInitiator.getJdbcEnvironmentUsingJdbcMetadata(JdbcEnvironmentInitiator.java:320) ~[hibernate-core-6.6.2.Final.jar:6.6.2.Final]
	at org.hibernate.engine.jdbc.env.internal.JdbcEnvironmentInitiator.initiateService(JdbcEnvironmentInitiator.java:129) ~[hibernate-core-6.6.2.Final.jar:6.6.2.Final]
	at org.hibernate.engine.jdbc.env.internal.JdbcEnvironmentInitiator.initiateService(JdbcEnvironmentInitiator.java:81) ~[hibernate-core-6.6.2.Final.jar:6.6.2.Final]
	at org.hibernate.boot.registry.internal.StandardServiceRegistryImpl.initiateService(StandardServiceRegistryImpl.java:130) ~[hibernate-core-6.6.2.Final.jar:6.6.2.Final]
	at org.hibernate.service.internal.AbstractServiceRegistryImpl.createService(AbstractServiceRegistryImpl.java:263) ~[hibernate-core-6.6.2.Final.jar:6.6.2.Final]
	at org.hibernate.service.internal.AbstractServiceRegistryImpl.initializeService(AbstractServiceRegistryImpl.java:238) ~[hibernate-core-6.6.2.Final.jar:6.6.2.Final]
	at org.hibernate.service.internal.AbstractServiceRegistryImpl.getService(AbstractServiceRegistryImpl.java:215) ~[hibernate-core-6.6.2.Final.jar:6.6.2.Final]
	at org.hibernate.boot.model.relational.Database.<init>(Database.java:45) ~[hibernate-core-6.6.2.Final.jar:6.6.2.Final]
	at org.hibernate.boot.internal.InFlightMetadataCollectorImpl.getDatabase(InFlightMetadataCollectorImpl.java:226) ~[hibernate-core-6.6.2.Final.jar:6.6.2.Final]
	at org.hibernate.boot.internal.InFlightMetadataCollectorImpl.<init>(InFlightMetadataCollectorImpl.java:194) ~[hibernate-core-6.6.2.Final.jar:6.6.2.Final]
	at org.hibernate.boot.model.process.spi.MetadataBuildingProcess.complete(MetadataBuildingProcess.java:171) ~[hibernate-core-6.6.2.Final.jar:6.6.2.Final]
	at org.hibernate.jpa.boot.internal.EntityManagerFactoryBuilderImpl.metadata(EntityManagerFactoryBuilderImpl.java:1431) ~[hibernate-core-6.6.2.Final.jar:6.6.2.Final]
	at org.hibernate.jpa.boot.internal.EntityManagerFactoryBuilderImpl.build(EntityManagerFactoryBuilderImpl.java:1502) ~[hibernate-core-6.6.2.Final.jar:6.6.2.Final]
	at org.springframework.orm.jpa.vendor.SpringHibernateJpaPersistenceProvider.createContainerEntityManagerFactory(SpringHibernateJpaPersistenceProvider.java:66) ~[spring-orm-6.2.0.jar:6.2.0]
	at org.springframework.orm.jpa.LocalContainerEntityManagerFactoryBean.createNativeEntityManagerFactory(LocalContainerEntityManagerFactoryBean.java:390) ~[spring-orm-6.2.0.jar:6.2.0]
	at org.springframework.orm.jpa.AbstractEntityManagerFactoryBean.buildNativeEntityManagerFactory(AbstractEntityManagerFactoryBean.java:419) ~[spring-orm-6.2.0.jar:6.2.0]
	at org.springframework.orm.jpa.AbstractEntityManagerFactoryBean.afterPropertiesSet(AbstractEntityManagerFactoryBean.java:400) ~[spring-orm-6.2.0.jar:6.2.0]
	at org.springframework.orm.jpa.LocalContainerEntityManagerFactoryBean.afterPropertiesSet(LocalContainerEntityManagerFactoryBean.java:366) ~[spring-orm-6.2.0.jar:6.2.0]
	at org.springframework.beans.factory.support.AbstractAutowireCapableBeanFactory.invokeInitMethods(AbstractAutowireCapableBeanFactory.java:1849) ~[spring-beans-6.2.0.jar:6.2.0]
	at org.springframework.beans.factory.support.AbstractAutowireCapableBeanFactory.initializeBean(AbstractAutowireCapableBeanFactory.java:1798) ~[spring-beans-6.2.0.jar:6.2.0]
	at org.springframework.beans.factory.support.AbstractAutowireCapableBeanFactory.doCreateBean(AbstractAutowireCapableBeanFactory.java:601) ~[spring-beans-6.2.0.jar:6.2.0]
	at org.springframework.beans.factory.support.AbstractAutowireCapableBeanFactory.createBean(AbstractAutowireCapableBeanFactory.java:523) ~[spring-beans-6.2.0.jar:6.2.0]
	at org.springframework.beans.factory.support.AbstractBeanFactory.lambda$doGetBean$0(AbstractBeanFactory.java:336) ~[spring-beans-6.2.0.jar:6.2.0]
	at org.springframework.beans.factory.support.DefaultSingletonBeanRegistry.getSingleton(DefaultSingletonBeanRegistry.java:288) ~[spring-beans-6.2.0.jar:6.2.0]
	at org.springframework.beans.factory.support.AbstractBeanFactory.doGetBean(AbstractBeanFactory.java:334) ~[spring-beans-6.2.0.jar:6.2.0]
	at org.springframework.beans.factory.support.AbstractBeanFactory.getBean(AbstractBeanFactory.java:204) ~[spring-beans-6.2.0.jar:6.2.0]
	at org.springframework.context.support.AbstractApplicationContext.finishBeanFactoryInitialization(AbstractApplicationContext.java:970) ~[spring-context-6.2.0.jar:6.2.0]
	at org.springframework.context.support.AbstractApplicationContext.refresh(AbstractApplicationContext.java:627) ~[spring-context-6.2.0.jar:6.2.0]
	at org.springframework.boot.SpringApplication.refresh(SpringApplication.java:752) ~[spring-boot-3.4.0.jar:3.4.0]
	at org.springframework.boot.SpringApplication.refreshContext(SpringApplication.java:439) ~[spring-boot-3.4.0.jar:3.4.0]
	at org.springframework.boot.SpringApplication.run(SpringApplication.java:318) ~[spring-boot-3.4.0.jar:3.4.0]
	at org.springframework.boot.test.context.SpringBootContextLoader.lambda$loadContext$3(SpringBootContextLoader.java:137) ~[spring-boot-test-3.4.0.jar:3.4.0]
	at org.springframework.util.function.ThrowingSupplier.get(ThrowingSupplier.java:58) ~[spring-core-6.2.0.jar:6.2.0]
	at org.springframework.util.function.ThrowingSupplier.get(ThrowingSupplier.java:46) ~[spring-core-6.2.0.jar:6.2.0]
	at org.springframework.boot.SpringApplication.withHook(SpringApplication.java:1461) ~[spring-boot-3.4.0.jar:3.4.0]
	at org.springframework.boot.test.context.SpringBootContextLoader$ContextLoaderHook.run(SpringBootContextLoader.java:553) ~[spring-boot-test-3.4.0.jar:3.4.0]
	at org.springframework.boot.test.context.SpringBootContextLoader.loadContext(SpringBootContextLoader.java:137) ~[spring-boot-test-3.4.0.jar:3.4.0]
	at org.springframework.boot.test.context.SpringBootContextLoader.loadContext(SpringBootContextLoader.java:108) ~[spring-boot-test-3.4.0.jar:3.4.0]
	at org.springframework.test.context.cache.DefaultCacheAwareContextLoaderDelegate.loadContextInternal(DefaultCacheAwareContextLoaderDelegate.java:225) ~[spring-test-6.2.0.jar:6.2.0]
	at org.springframework.test.context.cache.DefaultCacheAwareContextLoaderDelegate.loadContext(DefaultCacheAwareContextLoaderDelegate.java:152) ~[spring-test-6.2.0.jar:6.2.0]
	at org.springframework.test.context.support.DefaultTestContext.getApplicationContext(DefaultTestContext.java:130) ~[spring-test-6.2.0.jar:6.2.0]
	at org.springframework.test.context.web.ServletTestExecutionListener.setUpRequestContextIfNecessary(ServletTestExecutionListener.java:191) ~[spring-test-6.2.0.jar:6.2.0]
	at org.springframework.test.context.web.ServletTestExecutionListener.prepareTestInstance(ServletTestExecutionListener.java:130) ~[spring-test-6.2.0.jar:6.2.0]
	at org.springframework.test.context.TestContextManager.prepareTestInstance(TestContextManager.java:260) ~[spring-test-6.2.0.jar:6.2.0]
	at org.springframework.test.context.junit.jupiter.SpringExtension.postProcessTestInstance(SpringExtension.java:160) ~[spring-test-6.2.0.jar:6.2.0]
	at org.junit.jupiter.engine.descriptor.ClassBasedTestDescriptor.lambda$invokeTestInstancePostProcessors$11(ClassBasedTestDescriptor.java:378) ~[junit-jupiter-engine-5.11.3.jar:5.11.3]
	at org.junit.jupiter.engine.descriptor.ClassBasedTestDescriptor.executeAndMaskThrowable(ClassBasedTestDescriptor.java:383) ~[junit-jupiter-engine-5.11.3.jar:5.11.3]
	at org.junit.jupiter.engine.descriptor.ClassBasedTestDescriptor.lambda$invokeTestInstancePostProcessors$12(ClassBasedTestDescriptor.java:378) ~[junit-jupiter-engine-5.11.3.jar:5.11.3]
	at java.base/java.util.stream.ForEachOps$ForEachOp$OfRef.accept(ForEachOps.java:184) ~[na:na]
	at java.base/java.util.stream.ReferencePipeline$3$1.accept(ReferencePipeline.java:215) ~[na:na]
	at java.base/java.util.stream.ReferencePipeline$2$1.accept(ReferencePipeline.java:197) ~[na:na]
	at java.base/java.util.stream.ReferencePipeline$3$1.accept(ReferencePipeline.java:215) ~[na:na]
	at java.base/java.util.ArrayList$ArrayListSpliterator.forEachRemaining(ArrayList.java:1709) ~[na:na]
	at java.base/java.util.stream.AbstractPipeline.copyInto(AbstractPipeline.java:570) ~[na:na]
	at java.base/java.util.stream.AbstractPipeline.wrapAndCopyInto(AbstractPipeline.java:560) ~[na:na]
	at java.base/java.util.stream.ForEachOps$ForEachOp.evaluateSequential(ForEachOps.java:151) ~[na:na]
	at java.base/java.util.stream.ForEachOps$ForEachOp$OfRef.evaluateSequential(ForEachOps.java:174) ~[na:na]
	at java.base/java.util.stream.AbstractPipeline.evaluate(AbstractPipeline.java:265) ~[na:na]
	at java.base/java.util.stream.ReferencePipeline.forEach(ReferencePipeline.java:636) ~[na:na]
	at org.junit.jupiter.engine.descriptor.ClassBasedTestDescriptor.invokeTestInstancePostProcessors(ClassBasedTestDescriptor.java:377) ~[junit-jupiter-engine-5.11.3.jar:5.11.3]
	at org.junit.jupiter.engine.descriptor.ClassBasedTestDescriptor.lambda$instantiateAndPostProcessTestInstance$7(ClassBasedTestDescriptor.java:290) ~[junit-jupiter-engine-5.11.3.jar:5.11.3]
	at org.junit.platform.engine.support.hierarchical.ThrowableCollector.execute(ThrowableCollector.java:73) ~[junit-platform-engine-1.11.3.jar:1.11.3]
	at org.junit.jupiter.engine.descriptor.ClassBasedTestDescriptor.instantiateAndPostProcessTestInstance(ClassBasedTestDescriptor.java:289) ~[junit-jupiter-engine-5.11.3.jar:5.11.3]
	at org.junit.jupiter.engine.descriptor.ClassBasedTestDescriptor.lambda$testInstancesProvider$5(ClassBasedTestDescriptor.java:279) ~[junit-jupiter-engine-5.11.3.jar:5.11.3]
	at java.base/java.util.Optional.orElseGet(Optional.java:364) ~[na:na]
	at org.junit.jupiter.engine.descriptor.ClassBasedTestDescriptor.lambda$testInstancesProvider$6(ClassBasedTestDescriptor.java:278) ~[junit-jupiter-engine-5.11.3.jar:5.11.3]
	at org.junit.jupiter.engine.execution.TestInstancesProvider.getTestInstances(TestInstancesProvider.java:31) ~[junit-jupiter-engine-5.11.3.jar:5.11.3]
	at org.junit.jupiter.engine.descriptor.TestMethodTestDescriptor.lambda$prepare$1(TestMethodTestDescriptor.java:105) ~[junit-jupiter-engine-5.11.3.jar:5.11.3]
	at org.junit.platform.engine.support.hierarchical.ThrowableCollector.execute(ThrowableCollector.java:73) ~[junit-platform-engine-1.11.3.jar:1.11.3]
	at org.junit.jupiter.engine.descriptor.TestMethodTestDescriptor.prepare(TestMethodTestDescriptor.java:104) ~[junit-jupiter-engine-5.11.3.jar:5.11.3]
	at org.junit.jupiter.engine.descriptor.TestMethodTestDescriptor.prepare(TestMethodTestDescriptor.java:68) ~[junit-jupiter-engine-5.11.3.jar:5.11.3]
	at org.junit.platform.engine.support.hierarchical.NodeTestTask.lambda$prepare$2(NodeTestTask.java:128) ~[junit-platform-engine-1.11.3.jar:1.11.3]
	at org.junit.platform.engine.support.hierarchical.ThrowableCollector.execute(ThrowableCollector.java:73) ~[junit-platform-engine-1.11.3.jar:1.11.3]
	at org.junit.platform.engine.support.hierarchical.NodeTestTask.prepare(NodeTestTask.java:128) ~[junit-platform-engine-1.11.3.jar:1.11.3]
	at org.junit.platform.engine.support.hierarchical.NodeTestTask.execute(NodeTestTask.java:95) ~[junit-platform-engine-1.11.3.jar:1.11.3]
	at java.base/java.util.ArrayList.forEach(ArrayList.java:1597) ~[na:na]
	at org.junit.platform.engine.support.hierarchical.SameThreadHierarchicalTestExecutorService.invokeAll(SameThreadHierarchicalTestExecutorService.java:41) ~[junit-platform-engine-1.11.3.jar:1.11.3]
	at org.junit.platform.engine.support.hierarchical.NodeTestTask.lambda$executeRecursively$6(NodeTestTask.java:160) ~[junit-platform-engine-1.11.3.jar:1.11.3]
	at org.junit.platform.engine.support.hierarchical.ThrowableCollector.execute(ThrowableCollector.java:73) ~[junit-platform-engine-1.11.3.jar:1.11.3]
	at org.junit.platform.engine.support.hierarchical.NodeTestTask.lambda$executeRecursively$8(NodeTestTask.java:146) ~[junit-platform-engine-1.11.3.jar:1.11.3]
	at org.junit.platform.engine.support.hierarchical.Node.around(Node.java:137) ~[junit-platform-engine-1.11.3.jar:1.11.3]
	at org.junit.platform.engine.support.hierarchical.NodeTestTask.lambda$executeRecursively$9(NodeTestTask.java:144) ~[junit-platform-engine-1.11.3.jar:1.11.3]
	at org.junit.platform.engine.support.hierarchical.ThrowableCollector.execute(ThrowableCollector.java:73) ~[junit-platform-engine-1.11.3.jar:1.11.3]
	at org.junit.platform.engine.support.hierarchical.NodeTestTask.executeRecursively(NodeTestTask.java:143) ~[junit-platform-engine-1.11.3.jar:1.11.3]
	at org.junit.platform.engine.support.hierarchical.NodeTestTask.execute(NodeTestTask.java:100) ~[junit-platform-engine-1.11.3.jar:1.11.3]
	at java.base/java.util.ArrayList.forEach(ArrayList.java:1597) ~[na:na]
	at org.junit.platform.engine.support.hierarchical.SameThreadHierarchicalTestExecutorService.invokeAll(SameThreadHierarchicalTestExecutorService.java:41) ~[junit-platform-engine-1.11.3.jar:1.11.3]
	at org.junit.platform.engine.support.hierarchical.NodeTestTask.lambda$executeRecursively$6(NodeTestTask.java:160) ~[junit-platform-engine-1.11.3.jar:1.11.3]
	at org.junit.platform.engine.support.hierarchical.ThrowableCollector.execute(ThrowableCollector.java:73) ~[junit-platform-engine-1.11.3.jar:1.11.3]
	at org.junit.platform.engine.support.hierarchical.NodeTestTask.lambda$executeRecursively$8(NodeTestTask.java:146) ~[junit-platform-engine-1.11.3.jar:1.11.3]
	at org.junit.platform.engine.support.hierarchical.Node.around(Node.java:137) ~[junit-platform-engine-1.11.3.jar:1.11.3]
	at org.junit.platform.engine.support.hierarchical.NodeTestTask.lambda$executeRecursively$9(NodeTestTask.java:144) ~[junit-platform-engine-1.11.3.jar:1.11.3]
	at org.junit.platform.engine.support.hierarchical.ThrowableCollector.execute(ThrowableCollector.java:73) ~[junit-platform-engine-1.11.3.jar:1.11.3]
	at org.junit.platform.engine.support.hierarchical.NodeTestTask.executeRecursively(NodeTestTask.java:143) ~[junit-platform-engine-1.11.3.jar:1.11.3]
	at org.junit.platform.engine.support.hierarchical.NodeTestTask.execute(NodeTestTask.java:100) ~[junit-platform-engine-1.11.3.jar:1.11.3]
	at org.junit.platform.engine.support.hierarchical.SameThreadHierarchicalTestExecutorService.submit(SameThreadHierarchicalTestExecutorService.java:35) ~[junit-platform-engine-1.11.3.jar:1.11.3]
	at org.junit.platform.engine.support.hierarchical.HierarchicalTestExecutor.execute(HierarchicalTestExecutor.java:57) ~[junit-platform-engine-1.11.3.jar:1.11.3]
	at org.junit.platform.engine.support.hierarchical.HierarchicalTestEngine.execute(HierarchicalTestEngine.java:54) ~[junit-platform-engine-1.11.3.jar:1.11.3]
	at org.junit.platform.launcher.core.EngineExecutionOrchestrator.execute(EngineExecutionOrchestrator.java:198) ~[junit-platform-launcher-1.11.3.jar:1.11.3]
	at org.junit.platform.launcher.core.EngineExecutionOrchestrator.execute(EngineExecutionOrchestrator.java:169) ~[junit-platform-launcher-1.11.3.jar:1.11.3]
	at org.junit.platform.launcher.core.EngineExecutionOrchestrator.execute(EngineExecutionOrchestrator.java:93) ~[junit-platform-launcher-1.11.3.jar:1.11.3]
	at org.junit.platform.launcher.core.EngineExecutionOrchestrator.lambda$execute$0(EngineExecutionOrchestrator.java:58) ~[junit-platform-launcher-1.11.3.jar:1.11.3]
	at org.junit.platform.launcher.core.EngineExecutionOrchestrator.withInterceptedStreams(EngineExecutionOrchestrator.java:141) ~[junit-platform-launcher-1.11.3.jar:1.11.3]
	at org.junit.platform.launcher.core.EngineExecutionOrchestrator.execute(EngineExecutionOrchestrator.java:57) ~[junit-platform-launcher-1.11.3.jar:1.11.3]
	at org.junit.platform.launcher.core.DefaultLauncher.execute(DefaultLauncher.java:103) ~[junit-platform-launcher-1.11.3.jar:1.11.3]
	at org.junit.platform.launcher.core.DefaultLauncher.execute(DefaultLauncher.java:85) ~[junit-platform-launcher-1.11.3.jar:1.11.3]
	at org.junit.platform.launcher.core.DelegatingLauncher.execute(DelegatingLauncher.java:47) ~[junit-platform-launcher-1.11.3.jar:1.11.3]
	at org.apache.maven.surefire.junitplatform.LazyLauncher.execute(LazyLauncher.java:56) ~[surefire-junit-platform-3.5.2.jar:3.5.2]
	at org.apache.maven.surefire.junitplatform.JUnitPlatformProvider.execute(JUnitPlatformProvider.java:184) ~[surefire-junit-platform-3.5.2.jar:3.5.2]
	at org.apache.maven.surefire.junitplatform.JUnitPlatformProvider.invokeAllTests(JUnitPlatformProvider.java:148) ~[surefire-junit-platform-3.5.2.jar:3.5.2]
	at org.apache.maven.surefire.junitplatform.JUnitPlatformProvider.invoke(JUnitPlatformProvider.java:122) ~[surefire-junit-platform-3.5.2.jar:3.5.2]
	at org.apache.maven.surefire.booter.ForkedBooter.runSuitesInProcess(ForkedBooter.java:385) ~[surefire-booter-3.5.2.jar:3.5.2]
	at org.apache.maven.surefire.booter.ForkedBooter.execute(ForkedBooter.java:162) ~[surefire-booter-3.5.2.jar:3.5.2]
	at org.apache.maven.surefire.booter.ForkedBooter.run(ForkedBooter.java:507) ~[surefire-booter-3.5.2.jar:3.5.2]
	at org.apache.maven.surefire.booter.ForkedBooter.main(ForkedBooter.java:495) ~[surefire-booter-3.5.2.jar:3.5.2]
Caused by: java.sql.SQLException: ORA-12263: Fallo al acceder a tnsnames.ora en el directorio configurado como administrador de TNS: /app/wallet. El archivo no existe o no se puede acceder a él.
https://docs.oracle.com/error-help/db/ora-12263/
	at oracle.jdbc.driver.T4CConnection.handleLogonNetException(T4CConnection.java:1617) ~[ojdbc11-23.5.0.24.07.jar:23.5.0.24.07]
	at oracle.jdbc.driver.T4CConnection.logon(T4CConnection.java:1139) ~[ojdbc11-23.5.0.24.07.jar:23.5.0.24.07]
	at oracle.jdbc.driver.PhysicalConnection.connect(PhysicalConnection.java:1206) ~[ojdbc11-23.5.0.24.07.jar:23.5.0.24.07]
	at oracle.jdbc.driver.T4CDriverExtension.getConnection(T4CDriverExtension.java:105) ~[ojdbc11-23.5.0.24.07.jar:23.5.0.24.07]
	at oracle.jdbc.driver.OracleDriver.connect(OracleDriver.java:886) ~[ojdbc11-23.5.0.24.07.jar:23.5.0.24.07]
	at oracle.jdbc.driver.OracleDriver.connect(OracleDriver.java:693) ~[ojdbc11-23.5.0.24.07.jar:23.5.0.24.07]
	at com.zaxxer.hikari.util.DriverDataSource.getConnection(DriverDataSource.java:137) ~[HikariCP-5.1.0.jar:na]
	at com.zaxxer.hikari.pool.PoolBase.newConnection(PoolBase.java:360) ~[HikariCP-5.1.0.jar:na]
	at com.zaxxer.hikari.pool.PoolBase.newPoolEntry(PoolBase.java:202) ~[HikariCP-5.1.0.jar:na]
	at com.zaxxer.hikari.pool.HikariPool.createPoolEntry(HikariPool.java:461) ~[HikariCP-5.1.0.jar:na]
	at com.zaxxer.hikari.pool.HikariPool.checkFailFast(HikariPool.java:550) ~[HikariCP-5.1.0.jar:na]
	at com.zaxxer.hikari.pool.HikariPool.<init>(HikariPool.java:98) ~[HikariCP-5.1.0.jar:na]
	at com.zaxxer.hikari.HikariDataSource.getConnection(HikariDataSource.java:111) ~[HikariCP-5.1.0.jar:na]
	at org.hibernate.engine.jdbc.connections.internal.DatasourceConnectionProviderImpl.getConnection(DatasourceConnectionProviderImpl.java:126) ~[hibernate-core-6.6.2.Final.jar:6.6.2.Final]
	at org.hibernate.engine.jdbc.env.internal.JdbcEnvironmentInitiator$ConnectionProviderJdbcConnectionAccess.obtainConnection(JdbcEnvironmentInitiator.java:467) ~[hibernate-core-6.6.2.Final.jar:6.6.2.Final]
	at org.hibernate.resource.transaction.backend.jdbc.internal.JdbcIsolationDelegate.delegateWork(JdbcIsolationDelegate.java:61) ~[hibernate-core-6.6.2.Final.jar:6.6.2.Final]
	... 115 common frames omitted
Caused by: oracle.net.ns.NetException: ORA-12263: Fallo al acceder a tnsnames.ora en el directorio configurado como administrador de TNS: /app/wallet. El archivo no existe o no se puede acceder a él.
https://docs.oracle.com/error-help/db/ora-12263/
	at oracle.net.resolver.TNSNamesNamingAdapter.resolve(TNSNamesNamingAdapter.java:142) ~[ojdbc11-23.5.0.24.07.jar:23.5.0.24.07]
	at oracle.net.resolver.NameResolver.resolveName(NameResolver.java:177) ~[ojdbc11-23.5.0.24.07.jar:23.5.0.24.07]
	at oracle.net.resolver.AddrResolution.resolveTNSAddress(AddrResolution.java:907) ~[ojdbc11-23.5.0.24.07.jar:23.5.0.24.07]
	at oracle.net.resolver.AddrResolution.initConnStrategy(AddrResolution.java:636) ~[ojdbc11-23.5.0.24.07.jar:23.5.0.24.07]
	at oracle.net.resolver.AddrResolution.<init>(AddrResolution.java:451) ~[ojdbc11-23.5.0.24.07.jar:23.5.0.24.07]
	at oracle.net.ns.NSProtocol.<init>(NSProtocol.java:247) ~[ojdbc11-23.5.0.24.07.jar:23.5.0.24.07]
	at oracle.net.ns.NSProtocolNIO.<init>(NSProtocolNIO.java:148) ~[ojdbc11-23.5.0.24.07.jar:23.5.0.24.07]
	at oracle.jdbc.driver.T4CConnection.logon(T4CConnection.java:1002) ~[ojdbc11-23.5.0.24.07.jar:23.5.0.24.07]
	... 129 common frames omitted
	Suppressed: oracle.net.ns.NetException: ORA-17866: Formato numérico no válido para el número de puerto
https://docs.oracle.com/error-help/db/ora-17866/
		at oracle.net.resolver.HostnameNamingAdapter.resolve(HostnameNamingAdapter.java:191) ~[ojdbc11-23.5.0.24.07.jar:23.5.0.24.07]
		... 136 common frames omitted

2024-12-15T14:03:58.913-03:00  WARN 25938 --- [tienda-ms-pedidos] [           main] org.hibernate.orm.deprecation            : HHH90000025: OracleDialect does not need to be specified explicitly using 'hibernate.dialect' (remove the property setting and it will be selected by default)
2024-12-15T14:03:58.913-03:00 DEBUG 25938 --- [tienda-ms-pedidos] [           main] org.hibernate.orm.dialect                : HHH035001: Using dialect: org.hibernate.dialect.OracleDialect, version: 19.0
2024-12-15T14:03:58.916-03:00 DEBUG 25938 --- [tienda-ms-pedidos] [           main] org.hibernate.orm.jdbc.lob               : HHH10010002: Disabling contextual LOB creation as connection was null
2024-12-15T14:03:58.916-03:00  INFO 25938 --- [tienda-ms-pedidos] [           main] org.hibernate.orm.connections.pooling    : HHH10001005: Database info:
	Database JDBC URL [Connecting through datasource 'HikariDataSource (null)']
	Database driver: undefined/unknown
	Database version: 19.0
	Autocommit mode: undefined/unknown
	Isolation level: undefined/unknown
	Minimum pool size: undefined/unknown
	Maximum pool size: undefined/unknown
2024-12-15T14:03:58.917-03:00 DEBUG 25938 --- [tienda-ms-pedidos] [           main] o.h.t.d.jdbc.spi.JdbcTypeRegistry        : addDescriptor(NCharTypeDescriptor) replaced previous registration(CharTypeDescriptor)
2024-12-15T14:03:58.917-03:00 DEBUG 25938 --- [tienda-ms-pedidos] [           main] o.h.t.d.jdbc.spi.JdbcTypeRegistry        : addDescriptor(NVarcharTypeDescriptor) replaced previous registration(VarcharTypeDescriptor)
2024-12-15T14:03:58.917-03:00 DEBUG 25938 --- [tienda-ms-pedidos] [           main] o.h.t.d.jdbc.spi.JdbcTypeRegistry        : addDescriptor(LongNVarcharTypeDescriptor) replaced previous registration(LongVarcharTypeDescriptor)
2024-12-15T14:03:58.917-03:00 DEBUG 25938 --- [tienda-ms-pedidos] [           main] o.h.t.d.jdbc.spi.JdbcTypeRegistry        : addDescriptor(NClobTypeDescriptor(DEFAULT)) replaced previous registration(ClobTypeDescriptor(DEFAULT))
2024-12-15T14:03:58.917-03:00 DEBUG 25938 --- [tienda-ms-pedidos] [           main] o.h.t.d.jdbc.spi.JdbcTypeRegistry        : addDescriptor(BooleanTypeDescriptor) replaced previous registration(BooleanTypeDescriptor)
2024-12-15T14:03:58.917-03:00 DEBUG 25938 --- [tienda-ms-pedidos] [           main] org.hibernate.type.BasicTypeRegistry     : Adding type registration null -> org.hibernate.type.NullType@4951916e
2024-12-15T14:03:58.917-03:00 DEBUG 25938 --- [tienda-ms-pedidos] [           main] org.hibernate.type.BasicTypeRegistry     : Type registration key [null] overrode previous entry : `org.hibernate.type.NullType@735b1ad2`
2024-12-15T14:03:58.917-03:00 DEBUG 25938 --- [tienda-ms-pedidos] [           main] org.hibernate.type.BasicTypeRegistry     : Adding type registration JAVA_OBJECT -> org.hibernate.type.JavaObjectType@343b5eae
2024-12-15T14:03:58.917-03:00 DEBUG 25938 --- [tienda-ms-pedidos] [           main] org.hibernate.type.BasicTypeRegistry     : Adding type registration java.lang.Object -> org.hibernate.type.JavaObjectType@343b5eae
2024-12-15T14:03:58.917-03:00 DEBUG 25938 --- [tienda-ms-pedidos] [           main] org.hibernate.type.BasicTypeRegistry     : Type registration key [java.lang.Object] overrode previous entry : `org.hibernate.type.JavaObjectType@634d56eb`
2024-12-15T14:03:58.917-03:00 DEBUG 25938 --- [tienda-ms-pedidos] [           main] org.hibernate.type.BasicTypeRegistry     : Adding type registration org.hibernate.type.DurationType -> basicType@21(java.time.Duration,3015)
2024-12-15T14:03:58.917-03:00 DEBUG 25938 --- [tienda-ms-pedidos] [           main] org.hibernate.type.BasicTypeRegistry     : Adding type registration Duration -> basicType@21(java.time.Duration,3015)
2024-12-15T14:03:58.917-03:00 DEBUG 25938 --- [tienda-ms-pedidos] [           main] org.hibernate.type.BasicTypeRegistry     : Adding type registration java.time.Duration -> basicType@21(java.time.Duration,3015)
2024-12-15T14:03:58.917-03:00 DEBUG 25938 --- [tienda-ms-pedidos] [           main] o.h.type.spi.TypeConfiguration$Scope     : Scoping TypeConfiguration [org.hibernate.type.spi.TypeConfiguration@135060fb] to MetadataBuildingContext [org.hibernate.boot.internal.MetadataBuildingContextRootImpl@85c2354]
2024-12-15T14:03:58.918-03:00 DEBUG 25938 --- [tienda-ms-pedidos] [           main] o.h.boot.model.relational.Namespace      : Created database namespace [logicalName=Name{catalog=null, schema=null}, physicalName=Name{catalog=null, schema=null}]
2024-12-15T14:03:58.918-03:00 DEBUG 25938 --- [tienda-ms-pedidos] [           main] o.h.boot.model.internal.EntityBinder     : Binding entity from annotated class: com.example.tienda_ms_pedidos.model.Categoria
2024-12-15T14:03:58.918-03:00 DEBUG 25938 --- [tienda-ms-pedidos] [           main] o.h.boot.model.internal.EntityBinder     : Import with entity name Categoria
2024-12-15T14:03:58.918-03:00 DEBUG 25938 --- [tienda-ms-pedidos] [           main] o.h.boot.model.internal.EntityBinder     : Bind entity com.example.tienda_ms_pedidos.model.Categoria on table categoria
2024-12-15T14:03:58.919-03:00 DEBUG 25938 --- [tienda-ms-pedidos] [           main] o.h.boot.model.internal.AnnotatedColumn  : Binding column: AnnotatedDiscriminatorColumn(column='DTYPE')
2024-12-15T14:03:58.919-03:00 DEBUG 25938 --- [tienda-ms-pedidos] [           main] o.h.boot.model.internal.AnnotatedColumn  : Binding column: AnnotatedColumn(column='idCategoria')
2024-12-15T14:03:58.919-03:00 DEBUG 25938 --- [tienda-ms-pedidos] [           main] o.h.boot.internal.ClassLoaderAccessImpl  : Not known whether passed class name [com.example.tienda_ms_pedidos.model.Categoria] is safe
2024-12-15T14:03:58.919-03:00 DEBUG 25938 --- [tienda-ms-pedidos] [           main] o.h.boot.internal.ClassLoaderAccessImpl  : No temp ClassLoader provided; using live ClassLoader for loading potentially unsafe class : com.example.tienda_ms_pedidos.model.Categoria
2024-12-15T14:03:58.919-03:00 DEBUG 25938 --- [tienda-ms-pedidos] [           main] o.h.boot.model.internal.PropertyBinder   : MetadataSourceProcessor property id with lazy=false
2024-12-15T14:03:58.919-03:00 DEBUG 25938 --- [tienda-ms-pedidos] [           main] o.h.b.m.internal.AbstractPropertyHolder  : Attempting to locate auto-apply AttributeConverter for property [com.example.tienda_ms_pedidos.model.Categoria:id]
2024-12-15T14:03:58.919-03:00 DEBUG 25938 --- [tienda-ms-pedidos] [           main] o.h.b.model.internal.BasicValueBinder    : building BasicValue for id
2024-12-15T14:03:58.919-03:00 DEBUG 25938 --- [tienda-ms-pedidos] [           main] org.hibernate.mapping.BasicValue         : Skipping column re-registration: categoria.id_categoria
2024-12-15T14:03:58.920-03:00 DEBUG 25938 --- [tienda-ms-pedidos] [           main] o.h.boot.model.internal.PropertyBinder   : Building property id
2024-12-15T14:03:58.920-03:00 DEBUG 25938 --- [tienda-ms-pedidos] [           main] o.h.boot.model.internal.BinderHelper     : #makeIdGenerator(BasicValue([Column(id_categoria)]), id, identity, , ...)
2024-12-15T14:03:58.920-03:00 DEBUG 25938 --- [tienda-ms-pedidos] [           main] o.h.boot.model.internal.AnnotatedColumn  : Binding column: AnnotatedColumn(column='descripcion')
2024-12-15T14:03:58.920-03:00 DEBUG 25938 --- [tienda-ms-pedidos] [           main] o.h.boot.model.internal.PropertyBinder   : MetadataSourceProcessor property descripcion with lazy=false
2024-12-15T14:03:58.920-03:00 DEBUG 25938 --- [tienda-ms-pedidos] [           main] o.h.b.m.internal.AbstractPropertyHolder  : Attempting to locate auto-apply AttributeConverter for property [com.example.tienda_ms_pedidos.model.Categoria:descripcion]
2024-12-15T14:03:58.920-03:00 DEBUG 25938 --- [tienda-ms-pedidos] [           main] o.h.b.model.internal.BasicValueBinder    : building BasicValue for descripcion
2024-12-15T14:03:58.920-03:00 DEBUG 25938 --- [tienda-ms-pedidos] [           main] org.hibernate.mapping.BasicValue         : Skipping column re-registration: categoria.descripcion
2024-12-15T14:03:58.920-03:00 DEBUG 25938 --- [tienda-ms-pedidos] [           main] o.h.boot.model.internal.PropertyBinder   : Building property descripcion
2024-12-15T14:03:58.920-03:00 DEBUG 25938 --- [tienda-ms-pedidos] [           main] o.h.boot.model.internal.AnnotatedColumn  : Binding column: AnnotatedColumn(column='nombre')
2024-12-15T14:03:58.920-03:00 DEBUG 25938 --- [tienda-ms-pedidos] [           main] o.h.boot.model.internal.PropertyBinder   : MetadataSourceProcessor property nombre with lazy=false
2024-12-15T14:03:58.920-03:00 DEBUG 25938 --- [tienda-ms-pedidos] [           main] o.h.b.m.internal.AbstractPropertyHolder  : Attempting to locate auto-apply AttributeConverter for property [com.example.tienda_ms_pedidos.model.Categoria:nombre]
2024-12-15T14:03:58.921-03:00 DEBUG 25938 --- [tienda-ms-pedidos] [           main] o.h.b.model.internal.BasicValueBinder    : building BasicValue for nombre
2024-12-15T14:03:58.921-03:00 DEBUG 25938 --- [tienda-ms-pedidos] [           main] org.hibernate.mapping.BasicValue         : Skipping column re-registration: categoria.nombre
2024-12-15T14:03:58.921-03:00 DEBUG 25938 --- [tienda-ms-pedidos] [           main] o.h.boot.model.internal.PropertyBinder   : Building property nombre
2024-12-15T14:03:58.921-03:00 DEBUG 25938 --- [tienda-ms-pedidos] [           main] o.h.boot.model.internal.AnnotatedColumn  : Binding column: IndexColumn(column='productos_ORDER')
2024-12-15T14:03:58.921-03:00 DEBUG 25938 --- [tienda-ms-pedidos] [           main] o.h.boot.model.internal.AnnotatedColumn  : Binding column: AnnotatedColumn()
2024-12-15T14:03:58.921-03:00 DEBUG 25938 --- [tienda-ms-pedidos] [           main] o.h.boot.model.internal.AnnotatedColumn  : Binding column: AnnotatedColumn(column='productos_KEY')
2024-12-15T14:03:58.921-03:00 DEBUG 25938 --- [tienda-ms-pedidos] [           main] o.h.boot.model.internal.AnnotatedColumn  : Binding column: AnnotatedJoinColumn(column='productos_KEY')
2024-12-15T14:03:58.921-03:00 DEBUG 25938 --- [tienda-ms-pedidos] [           main] o.h.boot.model.internal.AnnotatedColumn  : Binding column: AnnotatedJoinColumn()
2024-12-15T14:03:58.921-03:00 DEBUG 25938 --- [tienda-ms-pedidos] [           main] o.h.boot.model.internal.AnnotatedColumn  : Binding column: AnnotatedJoinColumn()
2024-12-15T14:03:58.921-03:00 DEBUG 25938 --- [tienda-ms-pedidos] [           main] o.h.b.model.internal.CollectionBinder    : Collection role: com.example.tienda_ms_pedidos.model.Categoria.productos
2024-12-15T14:03:58.921-03:00 DEBUG 25938 --- [tienda-ms-pedidos] [           main] o.h.boot.model.internal.PropertyBinder   : Building property productos
2024-12-15T14:03:58.922-03:00 DEBUG 25938 --- [tienda-ms-pedidos] [           main] o.h.b.r.c.i.ClassLoaderServiceImpl       : HHH000194: Package not found or no package-info.java: com.example.tienda_ms_pedidos.model
2024-12-15T14:03:58.922-03:00 DEBUG 25938 --- [tienda-ms-pedidos] [           main] o.h.boot.model.internal.EntityBinder     : Binding entity from annotated class: com.example.tienda_ms_pedidos.model.DetalleOrden
2024-12-15T14:03:58.922-03:00 DEBUG 25938 --- [tienda-ms-pedidos] [           main] o.h.boot.model.internal.EntityBinder     : Import with entity name DetalleOrden
2024-12-15T14:03:58.922-03:00 DEBUG 25938 --- [tienda-ms-pedidos] [           main] o.h.boot.model.internal.EntityBinder     : Bind entity com.example.tienda_ms_pedidos.model.DetalleOrden on table detalle_ordenes
2024-12-15T14:03:58.922-03:00 DEBUG 25938 --- [tienda-ms-pedidos] [           main] o.h.boot.model.internal.AnnotatedColumn  : Binding column: AnnotatedDiscriminatorColumn(column='DTYPE')
2024-12-15T14:03:58.923-03:00 DEBUG 25938 --- [tienda-ms-pedidos] [           main] o.h.boot.model.internal.AnnotatedColumn  : Binding column: AnnotatedColumn(column='ID_DETALLE_ORDEN')
2024-12-15T14:03:58.923-03:00 DEBUG 25938 --- [tienda-ms-pedidos] [           main] o.h.boot.internal.ClassLoaderAccessImpl  : Not known whether passed class name [com.example.tienda_ms_pedidos.model.DetalleOrden] is safe
2024-12-15T14:03:58.923-03:00 DEBUG 25938 --- [tienda-ms-pedidos] [           main] o.h.boot.internal.ClassLoaderAccessImpl  : No temp ClassLoader provided; using live ClassLoader for loading potentially unsafe class : com.example.tienda_ms_pedidos.model.DetalleOrden
2024-12-15T14:03:58.923-03:00 DEBUG 25938 --- [tienda-ms-pedidos] [           main] o.h.boot.model.internal.PropertyBinder   : MetadataSourceProcessor property id with lazy=false
2024-12-15T14:03:58.923-03:00 DEBUG 25938 --- [tienda-ms-pedidos] [           main] o.h.b.m.internal.AbstractPropertyHolder  : Attempting to locate auto-apply AttributeConverter for property [com.example.tienda_ms_pedidos.model.DetalleOrden:id]
2024-12-15T14:03:58.923-03:00 DEBUG 25938 --- [tienda-ms-pedidos] [           main] o.h.b.model.internal.BasicValueBinder    : building BasicValue for id
2024-12-15T14:03:58.923-03:00 DEBUG 25938 --- [tienda-ms-pedidos] [           main] org.hibernate.mapping.BasicValue         : Skipping column re-registration: detalle_ordenes.id_detalle_orden
2024-12-15T14:03:58.923-03:00 DEBUG 25938 --- [tienda-ms-pedidos] [           main] o.h.boot.model.internal.PropertyBinder   : Building property id
2024-12-15T14:03:58.923-03:00 DEBUG 25938 --- [tienda-ms-pedidos] [           main] o.h.boot.model.internal.BinderHelper     : #makeIdGenerator(BasicValue([Column(id_detalle_orden)]), id, identity, , ...)
2024-12-15T14:03:58.923-03:00 DEBUG 25938 --- [tienda-ms-pedidos] [           main] o.h.boot.model.internal.AnnotatedColumn  : Binding column: AnnotatedColumn(column='CANTIDAD')
2024-12-15T14:03:58.923-03:00 DEBUG 25938 --- [tienda-ms-pedidos] [           main] o.h.boot.model.internal.PropertyBinder   : MetadataSourceProcessor property cantidad with lazy=false
2024-12-15T14:03:58.923-03:00 DEBUG 25938 --- [tienda-ms-pedidos] [           main] o.h.b.m.internal.AbstractPropertyHolder  : Attempting to locate auto-apply AttributeConverter for property [com.example.tienda_ms_pedidos.model.DetalleOrden:cantidad]
2024-12-15T14:03:58.923-03:00 DEBUG 25938 --- [tienda-ms-pedidos] [           main] o.h.b.model.internal.BasicValueBinder    : building BasicValue for cantidad
2024-12-15T14:03:58.923-03:00 DEBUG 25938 --- [tienda-ms-pedidos] [           main] org.hibernate.mapping.BasicValue         : Skipping column re-registration: detalle_ordenes.cantidad
2024-12-15T14:03:58.923-03:00 DEBUG 25938 --- [tienda-ms-pedidos] [           main] o.h.boot.model.internal.PropertyBinder   : Building property cantidad
2024-12-15T14:03:58.923-03:00 DEBUG 25938 --- [tienda-ms-pedidos] [           main] o.h.boot.model.internal.AnnotatedColumn  : Binding column: AnnotatedColumn(column='ID_PRODUCTO')
2024-12-15T14:03:58.923-03:00 DEBUG 25938 --- [tienda-ms-pedidos] [           main] o.h.boot.model.internal.PropertyBinder   : MetadataSourceProcessor property idProducto with lazy=false
2024-12-15T14:03:58.923-03:00 DEBUG 25938 --- [tienda-ms-pedidos] [           main] o.h.b.m.internal.AbstractPropertyHolder  : Attempting to locate auto-apply AttributeConverter for property [com.example.tienda_ms_pedidos.model.DetalleOrden:idProducto]
2024-12-15T14:03:58.923-03:00 DEBUG 25938 --- [tienda-ms-pedidos] [           main] o.h.b.model.internal.BasicValueBinder    : building BasicValue for idProducto
2024-12-15T14:03:58.923-03:00 DEBUG 25938 --- [tienda-ms-pedidos] [           main] org.hibernate.mapping.BasicValue         : Skipping column re-registration: detalle_ordenes.id_producto
2024-12-15T14:03:58.923-03:00 DEBUG 25938 --- [tienda-ms-pedidos] [           main] o.h.boot.model.internal.PropertyBinder   : Building property idProducto
2024-12-15T14:03:58.924-03:00 DEBUG 25938 --- [tienda-ms-pedidos] [           main] o.h.boot.model.internal.AnnotatedColumn  : Binding column: AnnotatedColumn(column='MONTO_TOTAL')
2024-12-15T14:03:58.924-03:00 DEBUG 25938 --- [tienda-ms-pedidos] [           main] o.h.boot.model.internal.PropertyBinder   : MetadataSourceProcessor property montoTotal with lazy=false
2024-12-15T14:03:58.924-03:00 DEBUG 25938 --- [tienda-ms-pedidos] [           main] o.h.b.m.internal.AbstractPropertyHolder  : Attempting to locate auto-apply AttributeConverter for property [com.example.tienda_ms_pedidos.model.DetalleOrden:montoTotal]
2024-12-15T14:03:58.924-03:00 DEBUG 25938 --- [tienda-ms-pedidos] [           main] o.h.b.model.internal.BasicValueBinder    : building BasicValue for montoTotal
2024-12-15T14:03:58.924-03:00 DEBUG 25938 --- [tienda-ms-pedidos] [           main] org.hibernate.mapping.BasicValue         : Skipping column re-registration: detalle_ordenes.monto_total
2024-12-15T14:03:58.924-03:00 DEBUG 25938 --- [tienda-ms-pedidos] [           main] o.h.boot.model.internal.PropertyBinder   : Building property montoTotal
2024-12-15T14:03:58.924-03:00 DEBUG 25938 --- [tienda-ms-pedidos] [           main] o.h.boot.model.internal.AnnotatedColumn  : Binding column: AnnotatedJoinColumn(column='id_orden')
2024-12-15T14:03:58.924-03:00 DEBUG 25938 --- [tienda-ms-pedidos] [           main] o.h.boot.model.internal.AnnotatedColumn  : Binding column: AnnotatedColumn()
2024-12-15T14:03:58.924-03:00 DEBUG 25938 --- [tienda-ms-pedidos] [           main] o.h.boot.model.internal.PropertyBinder   : Building property orden
2024-12-15T14:03:58.924-03:00 DEBUG 25938 --- [tienda-ms-pedidos] [           main] o.h.boot.model.internal.AnnotatedColumn  : Binding column: AnnotatedColumn(column='PRECIO')
2024-12-15T14:03:58.924-03:00 DEBUG 25938 --- [tienda-ms-pedidos] [           main] o.h.boot.model.internal.PropertyBinder   : MetadataSourceProcessor property precio with lazy=false
2024-12-15T14:03:58.924-03:00 DEBUG 25938 --- [tienda-ms-pedidos] [           main] o.h.b.m.internal.AbstractPropertyHolder  : Attempting to locate auto-apply AttributeConverter for property [com.example.tienda_ms_pedidos.model.DetalleOrden:precio]
2024-12-15T14:03:58.924-03:00 DEBUG 25938 --- [tienda-ms-pedidos] [           main] o.h.b.model.internal.BasicValueBinder    : building BasicValue for precio
2024-12-15T14:03:58.924-03:00 DEBUG 25938 --- [tienda-ms-pedidos] [           main] org.hibernate.mapping.BasicValue         : Skipping column re-registration: detalle_ordenes.precio
2024-12-15T14:03:58.924-03:00 DEBUG 25938 --- [tienda-ms-pedidos] [           main] o.h.boot.model.internal.PropertyBinder   : Building property precio
2024-12-15T14:03:58.924-03:00 DEBUG 25938 --- [tienda-ms-pedidos] [           main] o.h.b.r.c.i.ClassLoaderServiceImpl       : HHH000194: Package not found or no package-info.java: com.example.tienda_ms_pedidos.model
2024-12-15T14:03:58.925-03:00 DEBUG 25938 --- [tienda-ms-pedidos] [           main] o.h.boot.model.internal.EntityBinder     : Binding entity from annotated class: com.example.tienda_ms_pedidos.model.Orden
2024-12-15T14:03:58.925-03:00 DEBUG 25938 --- [tienda-ms-pedidos] [           main] o.h.boot.model.internal.EntityBinder     : Import with entity name Orden
2024-12-15T14:03:58.925-03:00 DEBUG 25938 --- [tienda-ms-pedidos] [           main] o.h.boot.model.internal.EntityBinder     : Bind entity com.example.tienda_ms_pedidos.model.Orden on table ordenes
2024-12-15T14:03:58.925-03:00 DEBUG 25938 --- [tienda-ms-pedidos] [           main] o.h.boot.model.internal.AnnotatedColumn  : Binding column: AnnotatedDiscriminatorColumn(column='DTYPE')
2024-12-15T14:03:58.925-03:00 DEBUG 25938 --- [tienda-ms-pedidos] [           main] o.h.boot.model.internal.AnnotatedColumn  : Binding column: AnnotatedColumn(column='ID_ORDEN')
2024-12-15T14:03:58.925-03:00 DEBUG 25938 --- [tienda-ms-pedidos] [           main] o.h.boot.internal.ClassLoaderAccessImpl  : Not known whether passed class name [com.example.tienda_ms_pedidos.model.Orden] is safe
2024-12-15T14:03:58.925-03:00 DEBUG 25938 --- [tienda-ms-pedidos] [           main] o.h.boot.internal.ClassLoaderAccessImpl  : No temp ClassLoader provided; using live ClassLoader for loading potentially unsafe class : com.example.tienda_ms_pedidos.model.Orden
2024-12-15T14:03:58.926-03:00 DEBUG 25938 --- [tienda-ms-pedidos] [           main] o.h.boot.model.internal.PropertyBinder   : MetadataSourceProcessor property id with lazy=false
2024-12-15T14:03:58.926-03:00 DEBUG 25938 --- [tienda-ms-pedidos] [           main] o.h.b.m.internal.AbstractPropertyHolder  : Attempting to locate auto-apply AttributeConverter for property [com.example.tienda_ms_pedidos.model.Orden:id]
2024-12-15T14:03:58.926-03:00 DEBUG 25938 --- [tienda-ms-pedidos] [           main] o.h.b.model.internal.BasicValueBinder    : building BasicValue for id
2024-12-15T14:03:58.926-03:00 DEBUG 25938 --- [tienda-ms-pedidos] [           main] org.hibernate.mapping.BasicValue         : Skipping column re-registration: ordenes.id_orden
2024-12-15T14:03:58.926-03:00 DEBUG 25938 --- [tienda-ms-pedidos] [           main] o.h.boot.model.internal.PropertyBinder   : Building property id
2024-12-15T14:03:58.926-03:00 DEBUG 25938 --- [tienda-ms-pedidos] [           main] o.h.boot.model.internal.BinderHelper     : #makeIdGenerator(BasicValue([Column(id_orden)]), id, identity, , ...)
2024-12-15T14:03:58.926-03:00 DEBUG 25938 --- [tienda-ms-pedidos] [           main] o.h.boot.model.internal.AnnotatedColumn  : Binding column: AnnotatedJoinColumn()
2024-12-15T14:03:58.926-03:00 DEBUG 25938 --- [tienda-ms-pedidos] [           main] o.h.boot.model.internal.AnnotatedColumn  : Binding column: AnnotatedColumn()
2024-12-15T14:03:58.926-03:00 DEBUG 25938 --- [tienda-ms-pedidos] [           main] o.h.boot.model.internal.AnnotatedColumn  : Binding column: IndexColumn(column='detalles_ORDER')
2024-12-15T14:03:58.926-03:00 DEBUG 25938 --- [tienda-ms-pedidos] [           main] o.h.boot.model.internal.AnnotatedColumn  : Binding column: AnnotatedColumn()
2024-12-15T14:03:58.926-03:00 DEBUG 25938 --- [tienda-ms-pedidos] [           main] o.h.boot.model.internal.AnnotatedColumn  : Binding column: AnnotatedColumn(column='detalles_KEY')
2024-12-15T14:03:58.926-03:00 DEBUG 25938 --- [tienda-ms-pedidos] [           main] o.h.boot.model.internal.AnnotatedColumn  : Binding column: AnnotatedJoinColumn(column='detalles_KEY')
2024-12-15T14:03:58.926-03:00 DEBUG 25938 --- [tienda-ms-pedidos] [           main] o.h.boot.model.internal.AnnotatedColumn  : Binding column: AnnotatedJoinColumn()
2024-12-15T14:03:58.926-03:00 DEBUG 25938 --- [tienda-ms-pedidos] [           main] o.h.boot.model.internal.AnnotatedColumn  : Binding column: AnnotatedJoinColumn()
2024-12-15T14:03:58.926-03:00 DEBUG 25938 --- [tienda-ms-pedidos] [           main] o.h.b.model.internal.CollectionBinder    : Collection role: com.example.tienda_ms_pedidos.model.Orden.detalles
2024-12-15T14:03:58.926-03:00 DEBUG 25938 --- [tienda-ms-pedidos] [           main] o.h.boot.model.internal.PropertyBinder   : Building property detalles
2024-12-15T14:03:58.926-03:00 DEBUG 25938 --- [tienda-ms-pedidos] [           main] o.h.boot.model.internal.AnnotatedColumn  : Binding column: AnnotatedColumn(column='EMAIL')
2024-12-15T14:03:58.926-03:00 DEBUG 25938 --- [tienda-ms-pedidos] [           main] o.h.boot.model.internal.PropertyBinder   : MetadataSourceProcessor property email with lazy=false
2024-12-15T14:03:58.926-03:00 DEBUG 25938 --- [tienda-ms-pedidos] [           main] o.h.b.m.internal.AbstractPropertyHolder  : Attempting to locate auto-apply AttributeConverter for property [com.example.tienda_ms_pedidos.model.Orden:email]
2024-12-15T14:03:58.926-03:00 DEBUG 25938 --- [tienda-ms-pedidos] [           main] o.h.b.model.internal.BasicValueBinder    : building BasicValue for email
2024-12-15T14:03:58.926-03:00 DEBUG 25938 --- [tienda-ms-pedidos] [           main] org.hibernate.mapping.BasicValue         : Skipping column re-registration: ordenes.email
2024-12-15T14:03:58.926-03:00 DEBUG 25938 --- [tienda-ms-pedidos] [           main] o.h.boot.model.internal.PropertyBinder   : Building property email
2024-12-15T14:03:58.927-03:00 DEBUG 25938 --- [tienda-ms-pedidos] [           main] o.h.boot.model.internal.AnnotatedColumn  : Binding column: AnnotatedColumn(column='ESTADO')
2024-12-15T14:03:58.927-03:00 DEBUG 25938 --- [tienda-ms-pedidos] [           main] o.h.boot.model.internal.PropertyBinder   : MetadataSourceProcessor property estado with lazy=false
2024-12-15T14:03:58.927-03:00 DEBUG 25938 --- [tienda-ms-pedidos] [           main] o.h.b.m.internal.AbstractPropertyHolder  : Attempting to locate auto-apply AttributeConverter for property [com.example.tienda_ms_pedidos.model.Orden:estado]
2024-12-15T14:03:58.927-03:00 DEBUG 25938 --- [tienda-ms-pedidos] [           main] o.h.b.model.internal.BasicValueBinder    : building BasicValue for estado
2024-12-15T14:03:58.927-03:00 DEBUG 25938 --- [tienda-ms-pedidos] [           main] org.hibernate.mapping.BasicValue         : Skipping column re-registration: ordenes.estado
2024-12-15T14:03:58.927-03:00 DEBUG 25938 --- [tienda-ms-pedidos] [           main] o.h.boot.model.internal.PropertyBinder   : Building property estado
2024-12-15T14:03:58.927-03:00 DEBUG 25938 --- [tienda-ms-pedidos] [           main] o.h.boot.model.internal.AnnotatedColumn  : Binding column: AnnotatedColumn(column='FECHA')
2024-12-15T14:03:58.927-03:00 DEBUG 25938 --- [tienda-ms-pedidos] [           main] o.h.boot.model.internal.PropertyBinder   : MetadataSourceProcessor property fecha with lazy=false
2024-12-15T14:03:58.927-03:00 DEBUG 25938 --- [tienda-ms-pedidos] [           main] o.h.b.m.internal.AbstractPropertyHolder  : Attempting to locate auto-apply AttributeConverter for property [com.example.tienda_ms_pedidos.model.Orden:fecha]
2024-12-15T14:03:58.927-03:00 DEBUG 25938 --- [tienda-ms-pedidos] [           main] o.h.b.model.internal.BasicValueBinder    : building BasicValue for fecha
2024-12-15T14:03:58.927-03:00 DEBUG 25938 --- [tienda-ms-pedidos] [           main] org.hibernate.mapping.BasicValue         : Skipping column re-registration: ordenes.fecha
2024-12-15T14:03:58.927-03:00 DEBUG 25938 --- [tienda-ms-pedidos] [           main] o.h.boot.model.internal.PropertyBinder   : Building property fecha
2024-12-15T14:03:58.927-03:00 DEBUG 25938 --- [tienda-ms-pedidos] [           main] o.h.boot.model.internal.AnnotatedColumn  : Binding column: AnnotatedColumn(column='MONTO_TOTAL')
2024-12-15T14:03:58.927-03:00 DEBUG 25938 --- [tienda-ms-pedidos] [           main] o.h.boot.model.internal.PropertyBinder   : MetadataSourceProcessor property montoTotal with lazy=false
2024-12-15T14:03:58.927-03:00 DEBUG 25938 --- [tienda-ms-pedidos] [           main] o.h.b.m.internal.AbstractPropertyHolder  : Attempting to locate auto-apply AttributeConverter for property [com.example.tienda_ms_pedidos.model.Orden:montoTotal]
2024-12-15T14:03:58.927-03:00 DEBUG 25938 --- [tienda-ms-pedidos] [           main] o.h.b.model.internal.BasicValueBinder    : building BasicValue for montoTotal
2024-12-15T14:03:58.927-03:00 DEBUG 25938 --- [tienda-ms-pedidos] [           main] org.hibernate.mapping.BasicValue         : Skipping column re-registration: ordenes.monto_total
2024-12-15T14:03:58.927-03:00 DEBUG 25938 --- [tienda-ms-pedidos] [           main] o.h.boot.model.internal.PropertyBinder   : Building property montoTotal
2024-12-15T14:03:58.927-03:00 DEBUG 25938 --- [tienda-ms-pedidos] [           main] o.h.b.r.c.i.ClassLoaderServiceImpl       : HHH000194: Package not found or no package-info.java: com.example.tienda_ms_pedidos.model
2024-12-15T14:03:58.927-03:00 DEBUG 25938 --- [tienda-ms-pedidos] [           main] o.h.boot.model.internal.EntityBinder     : Binding entity from annotated class: com.example.tienda_ms_pedidos.model.Producto
2024-12-15T14:03:58.928-03:00 DEBUG 25938 --- [tienda-ms-pedidos] [           main] o.h.boot.model.internal.EntityBinder     : Import with entity name Producto
2024-12-15T14:03:58.928-03:00 DEBUG 25938 --- [tienda-ms-pedidos] [           main] o.h.boot.model.internal.EntityBinder     : Bind entity com.example.tienda_ms_pedidos.model.Producto on table producto
2024-12-15T14:03:58.928-03:00 DEBUG 25938 --- [tienda-ms-pedidos] [           main] o.h.boot.model.internal.AnnotatedColumn  : Binding column: AnnotatedDiscriminatorColumn(column='DTYPE')
2024-12-15T14:03:58.928-03:00 DEBUG 25938 --- [tienda-ms-pedidos] [           main] o.h.boot.model.internal.AnnotatedColumn  : Binding column: AnnotatedColumn(column='idProducto')
2024-12-15T14:03:58.928-03:00 DEBUG 25938 --- [tienda-ms-pedidos] [           main] o.h.boot.internal.ClassLoaderAccessImpl  : Not known whether passed class name [com.example.tienda_ms_pedidos.model.Producto] is safe
2024-12-15T14:03:58.928-03:00 DEBUG 25938 --- [tienda-ms-pedidos] [           main] o.h.boot.internal.ClassLoaderAccessImpl  : No temp ClassLoader provided; using live ClassLoader for loading potentially unsafe class : com.example.tienda_ms_pedidos.model.Producto
2024-12-15T14:03:58.928-03:00 DEBUG 25938 --- [tienda-ms-pedidos] [           main] o.h.boot.model.internal.PropertyBinder   : MetadataSourceProcessor property id with lazy=false
2024-12-15T14:03:58.928-03:00 DEBUG 25938 --- [tienda-ms-pedidos] [           main] o.h.b.m.internal.AbstractPropertyHolder  : Attempting to locate auto-apply AttributeConverter for property [com.example.tienda_ms_pedidos.model.Producto:id]
2024-12-15T14:03:58.928-03:00 DEBUG 25938 --- [tienda-ms-pedidos] [           main] o.h.b.model.internal.BasicValueBinder    : building BasicValue for id
2024-12-15T14:03:58.928-03:00 DEBUG 25938 --- [tienda-ms-pedidos] [           main] org.hibernate.mapping.BasicValue         : Skipping column re-registration: producto.id_producto
2024-12-15T14:03:58.928-03:00 DEBUG 25938 --- [tienda-ms-pedidos] [           main] o.h.boot.model.internal.PropertyBinder   : Building property id
2024-12-15T14:03:58.928-03:00 DEBUG 25938 --- [tienda-ms-pedidos] [           main] o.h.boot.model.internal.BinderHelper     : #makeIdGenerator(BasicValue([Column(id_producto)]), id, identity, , ...)
2024-12-15T14:03:58.928-03:00 DEBUG 25938 --- [tienda-ms-pedidos] [           main] o.h.boot.model.internal.AnnotatedColumn  : Binding column: IndexColumn(column='categorias_ORDER')
2024-12-15T14:03:58.928-03:00 DEBUG 25938 --- [tienda-ms-pedidos] [           main] o.h.boot.model.internal.AnnotatedColumn  : Binding column: AnnotatedColumn()
2024-12-15T14:03:58.929-03:00 DEBUG 25938 --- [tienda-ms-pedidos] [           main] o.h.boot.model.internal.AnnotatedColumn  : Binding column: AnnotatedColumn(column='categorias_KEY')
2024-12-15T14:03:58.929-03:00 DEBUG 25938 --- [tienda-ms-pedidos] [           main] o.h.boot.model.internal.AnnotatedColumn  : Binding column: AnnotatedJoinColumn(column='categorias_KEY')
2024-12-15T14:03:58.929-03:00 DEBUG 25938 --- [tienda-ms-pedidos] [           main] o.h.boot.model.internal.AnnotatedColumn  : Binding column: AnnotatedJoinColumn(column='idProducto')
2024-12-15T14:03:58.929-03:00 DEBUG 25938 --- [tienda-ms-pedidos] [           main] o.h.boot.model.internal.AnnotatedColumn  : Binding column: AnnotatedJoinColumn(column='idCategoria')
2024-12-15T14:03:58.929-03:00 DEBUG 25938 --- [tienda-ms-pedidos] [           main] o.h.b.model.internal.CollectionBinder    : Collection role: com.example.tienda_ms_pedidos.model.Producto.categorias
2024-12-15T14:03:58.929-03:00 DEBUG 25938 --- [tienda-ms-pedidos] [           main] o.h.boot.model.internal.PropertyBinder   : Building property categorias
2024-12-15T14:03:58.930-03:00 DEBUG 25938 --- [tienda-ms-pedidos] [           main] o.h.boot.model.internal.AnnotatedColumn  : Binding column: AnnotatedColumn(column='descripcion')
2024-12-15T14:03:58.930-03:00 DEBUG 25938 --- [tienda-ms-pedidos] [           main] o.h.boot.model.internal.PropertyBinder   : MetadataSourceProcessor property descripcion with lazy=false
2024-12-15T14:03:58.930-03:00 DEBUG 25938 --- [tienda-ms-pedidos] [           main] o.h.b.m.internal.AbstractPropertyHolder  : Attempting to locate auto-apply AttributeConverter for property [com.example.tienda_ms_pedidos.model.Producto:descripcion]
2024-12-15T14:03:58.930-03:00 DEBUG 25938 --- [tienda-ms-pedidos] [           main] o.h.b.model.internal.BasicValueBinder    : building BasicValue for descripcion
2024-12-15T14:03:58.930-03:00 DEBUG 25938 --- [tienda-ms-pedidos] [           main] org.hibernate.mapping.BasicValue         : Skipping column re-registration: producto.descripcion
2024-12-15T14:03:58.930-03:00 DEBUG 25938 --- [tienda-ms-pedidos] [           main] o.h.boot.model.internal.PropertyBinder   : Building property descripcion
2024-12-15T14:03:58.930-03:00 DEBUG 25938 --- [tienda-ms-pedidos] [           main] o.h.boot.model.internal.AnnotatedColumn  : Binding column: AnnotatedColumn(column='imagen')
2024-12-15T14:03:58.930-03:00 DEBUG 25938 --- [tienda-ms-pedidos] [           main] o.h.boot.model.internal.PropertyBinder   : MetadataSourceProcessor property imagen with lazy=false
2024-12-15T14:03:58.930-03:00 DEBUG 25938 --- [tienda-ms-pedidos] [           main] o.h.b.m.internal.AbstractPropertyHolder  : Attempting to locate auto-apply AttributeConverter for property [com.example.tienda_ms_pedidos.model.Producto:imagen]
2024-12-15T14:03:58.930-03:00 DEBUG 25938 --- [tienda-ms-pedidos] [           main] o.h.b.model.internal.BasicValueBinder    : building BasicValue for imagen
2024-12-15T14:03:58.930-03:00 DEBUG 25938 --- [tienda-ms-pedidos] [           main] org.hibernate.mapping.BasicValue         : Skipping column re-registration: producto.imagen
2024-12-15T14:03:58.930-03:00 DEBUG 25938 --- [tienda-ms-pedidos] [           main] o.h.boot.model.internal.PropertyBinder   : Building property imagen
2024-12-15T14:03:58.930-03:00 DEBUG 25938 --- [tienda-ms-pedidos] [           main] o.h.boot.model.internal.AnnotatedColumn  : Binding column: AnnotatedColumn(column='nombre')
2024-12-15T14:03:58.930-03:00 DEBUG 25938 --- [tienda-ms-pedidos] [           main] o.h.boot.model.internal.PropertyBinder   : MetadataSourceProcessor property nombre with lazy=false
2024-12-15T14:03:58.930-03:00 DEBUG 25938 --- [tienda-ms-pedidos] [           main] o.h.b.m.internal.AbstractPropertyHolder  : Attempting to locate auto-apply AttributeConverter for property [com.example.tienda_ms_pedidos.model.Producto:nombre]
2024-12-15T14:03:58.930-03:00 DEBUG 25938 --- [tienda-ms-pedidos] [           main] o.h.b.model.internal.BasicValueBinder    : building BasicValue for nombre
2024-12-15T14:03:58.931-03:00 DEBUG 25938 --- [tienda-ms-pedidos] [           main] org.hibernate.mapping.BasicValue         : Skipping column re-registration: producto.nombre
2024-12-15T14:03:58.931-03:00 DEBUG 25938 --- [tienda-ms-pedidos] [           main] o.h.boot.model.internal.PropertyBinder   : Building property nombre
2024-12-15T14:03:58.931-03:00 DEBUG 25938 --- [tienda-ms-pedidos] [           main] o.h.boot.model.internal.AnnotatedColumn  : Binding column: AnnotatedColumn(column='precio')
2024-12-15T14:03:58.931-03:00 DEBUG 25938 --- [tienda-ms-pedidos] [           main] o.h.boot.model.internal.PropertyBinder   : MetadataSourceProcessor property precio with lazy=false
2024-12-15T14:03:58.931-03:00 DEBUG 25938 --- [tienda-ms-pedidos] [           main] o.h.b.m.internal.AbstractPropertyHolder  : Attempting to locate auto-apply AttributeConverter for property [com.example.tienda_ms_pedidos.model.Producto:precio]
2024-12-15T14:03:58.931-03:00 DEBUG 25938 --- [tienda-ms-pedidos] [           main] o.h.b.model.internal.BasicValueBinder    : building BasicValue for precio
2024-12-15T14:03:58.931-03:00 DEBUG 25938 --- [tienda-ms-pedidos] [           main] org.hibernate.mapping.BasicValue         : Skipping column re-registration: producto.precio
2024-12-15T14:03:58.931-03:00 DEBUG 25938 --- [tienda-ms-pedidos] [           main] o.h.boot.model.internal.PropertyBinder   : Building property precio
2024-12-15T14:03:58.931-03:00 DEBUG 25938 --- [tienda-ms-pedidos] [           main] o.h.boot.model.internal.AnnotatedColumn  : Binding column: AnnotatedColumn(column='stock')
2024-12-15T14:03:58.931-03:00 DEBUG 25938 --- [tienda-ms-pedidos] [           main] o.h.boot.model.internal.PropertyBinder   : MetadataSourceProcessor property stock with lazy=false
2024-12-15T14:03:58.931-03:00 DEBUG 25938 --- [tienda-ms-pedidos] [           main] o.h.b.m.internal.AbstractPropertyHolder  : Attempting to locate auto-apply AttributeConverter for property [com.example.tienda_ms_pedidos.model.Producto:stock]
2024-12-15T14:03:58.931-03:00 DEBUG 25938 --- [tienda-ms-pedidos] [           main] o.h.b.model.internal.BasicValueBinder    : building BasicValue for stock
2024-12-15T14:03:58.931-03:00 DEBUG 25938 --- [tienda-ms-pedidos] [           main] org.hibernate.mapping.BasicValue         : Skipping column re-registration: producto.stock
2024-12-15T14:03:58.931-03:00 DEBUG 25938 --- [tienda-ms-pedidos] [           main] o.h.boot.model.internal.PropertyBinder   : Building property stock
2024-12-15T14:03:58.931-03:00 DEBUG 25938 --- [tienda-ms-pedidos] [           main] o.h.b.r.c.i.ClassLoaderServiceImpl       : HHH000194: Package not found or no package-info.java: com.example.tienda_ms_pedidos.model
2024-12-15T14:03:58.932-03:00 DEBUG 25938 --- [tienda-ms-pedidos] [           main] o.h.b.model.internal.BasicValueBinder    : Starting `BasicValueBinder#fillSimpleValue` for id
2024-12-15T14:03:58.932-03:00 DEBUG 25938 --- [tienda-ms-pedidos] [           main] o.h.b.model.internal.BasicValueBinder    : Starting `BasicValueBinder#fillSimpleValue` for descripcion
2024-12-15T14:03:58.932-03:00 DEBUG 25938 --- [tienda-ms-pedidos] [           main] o.h.b.model.internal.BasicValueBinder    : Starting `BasicValueBinder#fillSimpleValue` for nombre
2024-12-15T14:03:58.932-03:00 DEBUG 25938 --- [tienda-ms-pedidos] [           main] o.h.b.model.internal.BasicValueBinder    : Starting `BasicValueBinder#fillSimpleValue` for id
2024-12-15T14:03:58.932-03:00 DEBUG 25938 --- [tienda-ms-pedidos] [           main] o.h.b.model.internal.BasicValueBinder    : Starting `BasicValueBinder#fillSimpleValue` for cantidad
2024-12-15T14:03:58.932-03:00 DEBUG 25938 --- [tienda-ms-pedidos] [           main] o.h.b.model.internal.BasicValueBinder    : Starting `BasicValueBinder#fillSimpleValue` for idProducto
2024-12-15T14:03:58.932-03:00 DEBUG 25938 --- [tienda-ms-pedidos] [           main] o.h.b.model.internal.BasicValueBinder    : Starting `BasicValueBinder#fillSimpleValue` for montoTotal
2024-12-15T14:03:58.932-03:00 DEBUG 25938 --- [tienda-ms-pedidos] [           main] o.h.b.model.internal.BasicValueBinder    : Starting `BasicValueBinder#fillSimpleValue` for precio
2024-12-15T14:03:58.932-03:00 DEBUG 25938 --- [tienda-ms-pedidos] [           main] o.h.b.model.internal.BasicValueBinder    : Starting `BasicValueBinder#fillSimpleValue` for id
2024-12-15T14:03:58.932-03:00 DEBUG 25938 --- [tienda-ms-pedidos] [           main] o.h.b.model.internal.BasicValueBinder    : Starting `BasicValueBinder#fillSimpleValue` for email
2024-12-15T14:03:58.932-03:00 DEBUG 25938 --- [tienda-ms-pedidos] [           main] o.h.b.model.internal.BasicValueBinder    : Starting `BasicValueBinder#fillSimpleValue` for estado
2024-12-15T14:03:58.932-03:00 DEBUG 25938 --- [tienda-ms-pedidos] [           main] o.h.b.model.internal.BasicValueBinder    : Starting `BasicValueBinder#fillSimpleValue` for fecha
2024-12-15T14:03:58.932-03:00 DEBUG 25938 --- [tienda-ms-pedidos] [           main] o.h.b.model.internal.BasicValueBinder    : Starting `BasicValueBinder#fillSimpleValue` for montoTotal
2024-12-15T14:03:58.932-03:00 DEBUG 25938 --- [tienda-ms-pedidos] [           main] o.h.b.model.internal.BasicValueBinder    : Starting `BasicValueBinder#fillSimpleValue` for id
2024-12-15T14:03:58.932-03:00 DEBUG 25938 --- [tienda-ms-pedidos] [           main] o.h.b.model.internal.BasicValueBinder    : Starting `BasicValueBinder#fillSimpleValue` for descripcion
2024-12-15T14:03:58.932-03:00 DEBUG 25938 --- [tienda-ms-pedidos] [           main] o.h.b.model.internal.BasicValueBinder    : Starting `BasicValueBinder#fillSimpleValue` for imagen
2024-12-15T14:03:58.932-03:00 DEBUG 25938 --- [tienda-ms-pedidos] [           main] o.h.b.model.internal.BasicValueBinder    : Starting `BasicValueBinder#fillSimpleValue` for nombre
2024-12-15T14:03:58.932-03:00 DEBUG 25938 --- [tienda-ms-pedidos] [           main] o.h.b.model.internal.BasicValueBinder    : Starting `BasicValueBinder#fillSimpleValue` for precio
2024-12-15T14:03:58.932-03:00 DEBUG 25938 --- [tienda-ms-pedidos] [           main] o.h.b.model.internal.BasicValueBinder    : Starting `BasicValueBinder#fillSimpleValue` for stock
2024-12-15T14:03:58.933-03:00 DEBUG 25938 --- [tienda-ms-pedidos] [           main] org.hibernate.mapping.PrimaryKey         : Forcing column [id_categoria] to be non-null as it is part of the primary key for table [categoria]
2024-12-15T14:03:58.933-03:00 DEBUG 25938 --- [tienda-ms-pedidos] [           main] org.hibernate.mapping.PrimaryKey         : Forcing column [id_detalle_orden] to be non-null as it is part of the primary key for table [detalle_ordenes]
2024-12-15T14:03:58.933-03:00 DEBUG 25938 --- [tienda-ms-pedidos] [           main] org.hibernate.mapping.PrimaryKey         : Forcing column [id_orden] to be non-null as it is part of the primary key for table [ordenes]
2024-12-15T14:03:58.933-03:00 DEBUG 25938 --- [tienda-ms-pedidos] [           main] org.hibernate.mapping.PrimaryKey         : Forcing column [id_producto] to be non-null as it is part of the primary key for table [producto]
2024-12-15T14:03:58.933-03:00 DEBUG 25938 --- [tienda-ms-pedidos] [           main] o.h.b.m.internal.CollectionSecondPass    : Second pass for collection: com.example.tienda_ms_pedidos.model.Producto.categorias
2024-12-15T14:03:58.933-03:00 DEBUG 25938 --- [tienda-ms-pedidos] [           main] o.h.b.model.internal.CollectionBinder    : Binding a ManyToMany: com.example.tienda_ms_pedidos.model.Producto.categorias
2024-12-15T14:03:58.933-03:00 DEBUG 25938 --- [tienda-ms-pedidos] [           main] o.h.b.r.c.i.ClassLoaderServiceImpl       : HHH000194: Package not found or no package-info.java: com.example.tienda_ms_pedidos.model
2024-12-15T14:03:58.933-03:00 DEBUG 25938 --- [tienda-ms-pedidos] [           main] org.hibernate.mapping.PrimaryKey         : Forcing column [id_producto] to be non-null as it is part of the primary key for table [producto_categoria]
2024-12-15T14:03:58.933-03:00 DEBUG 25938 --- [tienda-ms-pedidos] [           main] org.hibernate.mapping.PrimaryKey         : Forcing column [id_categoria] to be non-null as it is part of the primary key for table [producto_categoria]
2024-12-15T14:03:58.933-03:00 DEBUG 25938 --- [tienda-ms-pedidos] [           main] o.h.b.m.internal.CollectionSecondPass    : Mapped collection key: id_producto, element: id_categoria
2024-12-15T14:03:58.933-03:00 DEBUG 25938 --- [tienda-ms-pedidos] [           main] o.h.b.m.internal.CollectionSecondPass    : Second pass for collection: com.example.tienda_ms_pedidos.model.Categoria.productos
2024-12-15T14:03:58.933-03:00 DEBUG 25938 --- [tienda-ms-pedidos] [           main] o.h.b.model.internal.CollectionBinder    : Binding a ManyToMany: com.example.tienda_ms_pedidos.model.Categoria.productos
2024-12-15T14:03:58.934-03:00 DEBUG 25938 --- [tienda-ms-pedidos] [           main] o.h.b.r.c.i.ClassLoaderServiceImpl       : HHH000194: Package not found or no package-info.java: com.example.tienda_ms_pedidos.model
2024-12-15T14:03:58.934-03:00 DEBUG 25938 --- [tienda-ms-pedidos] [           main] o.h.boot.model.internal.TableBinder      : Retrieving property com.example.tienda_ms_pedidos.model.Producto.categorias
2024-12-15T14:03:58.934-03:00 DEBUG 25938 --- [tienda-ms-pedidos] [           main] o.h.b.m.internal.CollectionSecondPass    : Mapped collection key: id_categoria, element: id_producto
2024-12-15T14:03:58.934-03:00 DEBUG 25938 --- [tienda-ms-pedidos] [           main] o.h.b.m.internal.CollectionSecondPass    : Second pass for collection: com.example.tienda_ms_pedidos.model.Orden.detalles
2024-12-15T14:03:58.934-03:00 DEBUG 25938 --- [tienda-ms-pedidos] [           main] o.h.b.model.internal.CollectionBinder    : Binding a OneToMany: com.example.tienda_ms_pedidos.model.Orden.detalles through a foreign key
2024-12-15T14:03:58.934-03:00 DEBUG 25938 --- [tienda-ms-pedidos] [           main] o.h.b.model.internal.CollectionBinder    : Mapping collection: com.example.tienda_ms_pedidos.model.Orden.detalles -> detalle_ordenes
2024-12-15T14:03:58.934-03:00 DEBUG 25938 --- [tienda-ms-pedidos] [           main] o.h.boot.model.internal.TableBinder      : Retrieving property com.example.tienda_ms_pedidos.model.DetalleOrden.orden
2024-12-15T14:03:58.934-03:00 DEBUG 25938 --- [tienda-ms-pedidos] [           main] o.h.b.m.internal.CollectionSecondPass    : Mapped collection key: id_orden, one-to-many: com.example.tienda_ms_pedidos.model.DetalleOrden
2024-12-15T14:03:58.943-03:00 DEBUG 25938 --- [tienda-ms-pedidos] [           main] o.hibernate.internal.SessionFactoryImpl  : Building session factory
2024-12-15T14:03:58.944-03:00 DEBUG 25938 --- [tienda-ms-pedidos] [           main] .h.s.i.SessionFactoryServiceRegistryImpl : EventListenerRegistry access via ServiceRegistry is deprecated.  Use `sessionFactory.getEventEngine().getListenerRegistry()` instead
2024-12-15T14:03:58.944-03:00 DEBUG 25938 --- [tienda-ms-pedidos] [           main] o.hibernate.internal.SessionFactoryImpl  : Instantiating SessionFactory with settings: {hibernate.format_sql=true, java.specification.version=23, hibernate.resource.beans.container=org.springframework.orm.hibernate5.SpringBeanContainer@5b6a74e7, hibernate.connection.handling_mode=DELAYED_ACQUISITION_AND_HOLD, sonar.host.url=http://localhost:9000, sun.jnu.encoding=UTF-8, sonar.login=squ_5e4c5603d90e1d770861611138b26d0f447d89d9, hibernate.dialect=org.hibernate.dialect.OracleDialect, hibernate.implicit_naming_strategy=org.springframework.boot.orm.jpa.hibernate.SpringImplicitNamingStrategy, java.class.path=/Users/gonzaloduranadasme/Documents/GitHub/FS3_Sumativa/backend-arquetipo/tienda-ms-pedidos/target/test-classes:/Users/gonzaloduranadasme/Documents/GitHub/FS3_Sumativa/backend-arquetipo/tienda-ms-pedidos/target/classes:/Users/gonzaloduranadasme/.m2/repository/org/junit/jupiter/junit-jupiter/5.9.3/junit-jupiter-5.9.3.jar:/Users/gonzaloduranadasme/.m2/repository/org/junit/jupiter/junit-jupiter-params/5.11.3/junit-jupiter-params-5.11.3.jar:/Users/gonzaloduranadasme/.m2/repository/org/springframework/boot/spring-boot-starter-data-jpa/3.4.0/spring-boot-starter-data-jpa-3.4.0.jar:/Users/gonzaloduranadasme/.m2/repository/org/springframework/boot/spring-boot-starter/3.4.0/spring-boot-starter-3.4.0.jar:/Users/gonzaloduranadasme/.m2/repository/org/springframework/boot/spring-boot-starter-logging/3.4.0/spring-boot-starter-logging-3.4.0.jar:/Users/gonzaloduranadasme/.m2/repository/ch/qos/logback/logback-classic/1.5.12/logback-classic-1.5.12.jar:/Users/gonzaloduranadasme/.m2/repository/ch/qos/logback/logback-core/1.5.12/logback-core-1.5.12.jar:/Users/gonzaloduranadasme/.m2/repository/org/apache/logging/log4j/log4j-to-slf4j/2.24.1/log4j-to-slf4j-2.24.1.jar:/Users/gonzaloduranadasme/.m2/repository/org/apache/logging/log4j/log4j-api/2.24.1/log4j-api-2.24.1.jar:/Users/gonzaloduranadasme/.m2/repository/org/slf4j/jul-to-slf4j/2.0.16/jul-to-slf4j-2.0.16.jar:/Users/gonzaloduranadasme/.m2/repository/jakarta/annotation/jakarta.annotation-api/2.1.1/jakarta.annotation-api-2.1.1.jar:/Users/gonzaloduranadasme/.m2/repository/org/yaml/snakeyaml/2.3/snakeyaml-2.3.jar:/Users/gonzaloduranadasme/.m2/repository/org/springframework/boot/spring-boot-starter-jdbc/3.4.0/spring-boot-starter-jdbc-3.4.0.jar:/Users/gonzaloduranadasme/.m2/repository/com/zaxxer/HikariCP/5.1.0/HikariCP-5.1.0.jar:/Users/gonzaloduranadasme/.m2/repository/org/springframework/spring-jdbc/6.2.0/spring-jdbc-6.2.0.jar:/Users/gonzaloduranadasme/.m2/repository/org/hibernate/orm/hibernate-core/6.6.2.Final/hibernate-core-6.6.2.Final.jar:/Users/gonzaloduranadasme/.m2/repository/jakarta/persistence/jakarta.persistence-api/3.1.0/jakarta.persistence-api-3.1.0.jar:/Users/gonzaloduranadasme/.m2/repository/jakarta/transaction/jakarta.transaction-api/2.0.1/jakarta.transaction-api-2.0.1.jar:/Users/gonzaloduranadasme/.m2/repository/org/jboss/logging/jboss-logging/3.6.1.Final/jboss-logging-3.6.1.Final.jar:/Users/gonzaloduranadasme/.m2/repository/org/hibernate/common/hibernate-commons-annotations/7.0.3.Final/hibernate-commons-annotations-7.0.3.Final.jar:/Users/gonzaloduranadasme/.m2/repository/io/smallrye/jandex/3.2.0/jandex-3.2.0.jar:/Users/gonzaloduranadasme/.m2/repository/com/fasterxml/classmate/1.7.0/classmate-1.7.0.jar:/Users/gonzaloduranadasme/.m2/repository/org/glassfish/jaxb/jaxb-runtime/4.0.5/jaxb-runtime-4.0.5.jar:/Users/gonzaloduranadasme/.m2/repository/org/glassfish/jaxb/jaxb-core/4.0.5/jaxb-core-4.0.5.jar:/Users/gonzaloduranadasme/.m2/repository/org/eclipse/angus/angus-activation/2.0.2/angus-activation-2.0.2.jar:/Users/gonzaloduranadasme/.m2/repository/org/glassfish/jaxb/txw2/4.0.5/txw2-4.0.5.jar:/Users/gonzaloduranadasme/.m2/repository/com/sun/istack/istack-commons-runtime/4.1.2/istack-commons-runtime-4.1.2.jar:/Users/gonzaloduranadasme/.m2/repository/jakarta/inject/jakarta.inject-api/2.0.1/jakarta.inject-api-2.0.1.jar:/Users/gonzaloduranadasme/.m2/repository/org/antlr/antlr4-runtime/4.13.0/antlr4-runtime-4.13.0.jar:/Users/gonzaloduranadasme/.m2/repository/org/springframework/data/spring-data-jpa/3.4.0/spring-data-jpa-3.4.0.jar:/Users/gonzaloduranadasme/.m2/repository/org/springframework/data/spring-data-commons/3.4.0/spring-data-commons-3.4.0.jar:/Users/gonzaloduranadasme/.m2/repository/org/springframework/spring-orm/6.2.0/spring-orm-6.2.0.jar:/Users/gonzaloduranadasme/.m2/repository/org/springframework/spring-context/6.2.0/spring-context-6.2.0.jar:/Users/gonzaloduranadasme/.m2/repository/org/springframework/spring-aop/6.2.0/spring-aop-6.2.0.jar:/Users/gonzaloduranadasme/.m2/repository/org/springframework/spring-tx/6.2.0/spring-tx-6.2.0.jar:/Users/gonzaloduranadasme/.m2/repository/org/springframework/spring-beans/6.2.0/spring-beans-6.2.0.jar:/Users/gonzaloduranadasme/.m2/repository/org/slf4j/slf4j-api/2.0.16/slf4j-api-2.0.16.jar:/Users/gonzaloduranadasme/.m2/repository/org/springframework/spring-aspects/6.2.0/spring-aspects-6.2.0.jar:/Users/gonzaloduranadasme/.m2/repository/org/aspectj/aspectjweaver/1.9.22.1/aspectjweaver-1.9.22.1.jar:/Users/gonzaloduranadasme/.m2/repository/org/springframework/boot/spring-boot-starter-web/3.4.0/spring-boot-starter-web-3.4.0.jar:/Users/gonzaloduranadasme/.m2/repository/org/springframework/boot/spring-boot-starter-json/3.4.0/spring-boot-starter-json-3.4.0.jar:/Users/gonzaloduranadasme/.m2/repository/com/fasterxml/jackson/core/jackson-databind/2.18.1/jackson-databind-2.18.1.jar:/Users/gonzaloduranadasme/.m2/repository/com/fasterxml/jackson/core/jackson-annotations/2.18.1/jackson-annotations-2.18.1.jar:/Users/gonzaloduranadasme/.m2/repository/com/fasterxml/jackson/core/jackson-core/2.18.1/jackson-core-2.18.1.jar:/Users/gonzaloduranadasme/.m2/repository/com/fasterxml/jackson/datatype/jackson-datatype-jdk8/2.18.1/jackson-datatype-jdk8-2.18.1.jar:/Users/gonzaloduranadasme/.m2/repository/com/fasterxml/jackson/datatype/jackson-datatype-jsr310/2.18.1/jackson-datatype-jsr310-2.18.1.jar:/Users/gonzaloduranadasme/.m2/repository/com/fasterxml/jackson/module/jackson-module-parameter-names/2.18.1/jackson-module-parameter-names-2.18.1.jar:/Users/gonzaloduranadasme/.m2/repository/org/springframework/boot/spring-boot-starter-tomcat/3.4.0/spring-boot-starter-tomcat-3.4.0.jar:/Users/gonzaloduranadasme/.m2/repository/org/apache/tomcat/embed/tomcat-embed-core/10.1.33/tomcat-embed-core-10.1.33.jar:/Users/gonzaloduranadasme/.m2/repository/org/apache/tomcat/embed/tomcat-embed-websocket/10.1.33/tomcat-embed-websocket-10.1.33.jar:/Users/gonzaloduranadasme/.m2/repository/org/springframework/spring-web/6.2.0/spring-web-6.2.0.jar:/Users/gonzaloduranadasme/.m2/repository/io/micrometer/micrometer-observation/1.14.1/micrometer-observation-1.14.1.jar:/Users/gonzaloduranadasme/.m2/repository/io/micrometer/micrometer-commons/1.14.1/micrometer-commons-1.14.1.jar:/Users/gonzaloduranadasme/.m2/repository/org/springframework/spring-webmvc/6.2.0/spring-webmvc-6.2.0.jar:/Users/gonzaloduranadasme/.m2/repository/org/springframework/spring-expression/6.2.0/spring-expression-6.2.0.jar:/Users/gonzaloduranadasme/.m2/repository/org/springframework/boot/spring-boot-devtools/3.4.0/spring-boot-devtools-3.4.0.jar:/Users/gonzaloduranadasme/.m2/repository/org/springframework/boot/spring-boot/3.4.0/spring-boot-3.4.0.jar:/Users/gonzaloduranadasme/.m2/repository/org/springframework/boot/spring-boot-autoconfigure/3.4.0/spring-boot-autoconfigure-3.4.0.jar:/Users/gonzaloduranadasme/.m2/repository/com/oracle/database/jdbc/ojdbc11/23.5.0.24.07/ojdbc11-23.5.0.24.07.jar:/Users/gonzaloduranadasme/.m2/repository/com/oracle/database/security/oraclepki/23.5.0.24.07/oraclepki-23.5.0.24.07.jar:/Users/gonzaloduranadasme/.m2/repository/com/oracle/database/security/osdt_cert/21.9.0.0/osdt_cert-21.9.0.0.jar:/Users/gonzaloduranadasme/.m2/repository/com/oracle/database/security/osdt_core/21.9.0.0/osdt_core-21.9.0.0.jar:/Users/gonzaloduranadasme/.m2/repository/org/projectlombok/lombok/1.18.36/lombok-1.18.36.jar:/Users/gonzaloduranadasme/.m2/repository/org/springframework/boot/spring-boot-starter-test/3.4.0/spring-boot-starter-test-3.4.0.jar:/Users/gonzaloduranadasme/.m2/repository/org/springframework/boot/spring-boot-test/3.4.0/spring-boot-test-3.4.0.jar:/Users/gonzaloduranadasme/.m2/repository/org/springframework/boot/spring-boot-test-autoconfigure/3.4.0/spring-boot-test-autoconfigure-3.4.0.jar:/Users/gonzaloduranadasme/.m2/repository/com/jayway/jsonpath/json-path/2.9.0/json-path-2.9.0.jar:/Users/gonzaloduranadasme/.m2/repository/jakarta/xml/bind/jakarta.xml.bind-api/4.0.2/jakarta.xml.bind-api-4.0.2.jar:/Users/gonzaloduranadasme/.m2/repository/jakarta/activation/jakarta.activation-api/2.1.3/jakarta.activation-api-2.1.3.jar:/Users/gonzaloduranadasme/.m2/repository/net/minidev/json-smart/2.5.1/json-smart-2.5.1.jar:/Users/gonzaloduranadasme/.m2/repository/net/minidev/accessors-smart/2.5.1/accessors-smart-2.5.1.jar:/Users/gonzaloduranadasme/.m2/repository/org/assertj/assertj-core/3.26.3/assertj-core-3.26.3.jar:/Users/gonzaloduranadasme/.m2/repository/org/awaitility/awaitility/4.2.2/awaitility-4.2.2.jar:/Users/gonzaloduranadasme/.m2/repository/org/hamcrest/hamcrest/2.2/hamcrest-2.2.jar:/Users/gonzaloduranadasme/.m2/repository/org/skyscreamer/jsonassert/1.5.3/jsonassert-1.5.3.jar:/Users/gonzaloduranadasme/.m2/repository/com/vaadin/external/google/android-json/0.0.20131108.vaadin1/android-json-0.0.20131108.vaadin1.jar:/Users/gonzaloduranadasme/.m2/repository/org/springframework/spring-core/6.2.0/spring-core-6.2.0.jar:/Users/gonzaloduranadasme/.m2/repository/org/springframework/spring-jcl/6.2.0/spring-jcl-6.2.0.jar:/Users/gonzaloduranadasme/.m2/repository/org/springframework/spring-test/6.2.0/spring-test-6.2.0.jar:/Users/gonzaloduranadasme/.m2/repository/org/xmlunit/xmlunit-core/2.10.0/xmlunit-core-2.10.0.jar:/Users/gonzaloduranadasme/.m2/repository/org/springframework/boot/spring-boot-starter-validation/3.4.0/spring-boot-starter-validation-3.4.0.jar:/Users/gonzaloduranadasme/.m2/repository/org/apache/tomcat/embed/tomcat-embed-el/10.1.33/tomcat-embed-el-10.1.33.jar:/Users/gonzaloduranadasme/.m2/repository/org/hibernate/validator/hibernate-validator/8.0.1.Final/hibernate-validator-8.0.1.Final.jar:/Users/gonzaloduranadasme/.m2/repository/jakarta/validation/jakarta.validation-api/3.0.2/jakarta.validation-api-3.0.2.jar:/Users/gonzaloduranadasme/.m2/repository/org/springframework/boot/spring-boot-starter-hateoas/3.4.0/spring-boot-starter-hateoas-3.4.0.jar:/Users/gonzaloduranadasme/.m2/repository/org/springframework/hateoas/spring-hateoas/2.4.0/spring-hateoas-2.4.0.jar:/Users/gonzaloduranadasme/.m2/repository/org/springframework/plugin/spring-plugin-core/3.0.0/spring-plugin-core-3.0.0.jar:/Users/gonzaloduranadasme/.m2/repository/org/jacoco/jacoco-maven-plugin/0.8.12/jacoco-maven-plugin-0.8.12.jar:/Users/gonzaloduranadasme/.m2/repository/org/codehaus/plexus/plexus-utils/3.0.24/plexus-utils-3.0.24.jar:/Users/gonzaloduranadasme/.m2/repository/org/apache/maven/shared/file-management/3.1.0/file-management-3.1.0.jar:/Users/gonzaloduranadasme/.m2/repository/commons-io/commons-io/2.11.0/commons-io-2.11.0.jar:/Users/gonzaloduranadasme/.m2/repository/org/apache/maven/reporting/maven-reporting-api/3.0/maven-reporting-api-3.0.jar:/Users/gonzaloduranadasme/.m2/repository/org/apache/maven/doxia/doxia-sink-api/1.0/doxia-sink-api-1.0.jar:/Users/gonzaloduranadasme/.m2/repository/org/jacoco/org.jacoco.agent/0.8.12/org.jacoco.agent-0.8.12-runtime.jar:/Users/gonzaloduranadasme/.m2/repository/org/jacoco/org.jacoco.core/0.8.12/org.jacoco.core-0.8.12.jar:/Users/gonzaloduranadasme/.m2/repository/org/ow2/asm/asm/9.7/asm-9.7.jar:/Users/gonzaloduranadasme/.m2/repository/org/ow2/asm/asm-commons/9.7/asm-commons-9.7.jar:/Users/gonzaloduranadasme/.m2/repository/org/ow2/asm/asm-tree/9.7/asm-tree-9.7.jar:/Users/gonzaloduranadasme/.m2/repository/org/jacoco/org.jacoco.report/0.8.12/org.jacoco.report-0.8.12.jar:/Users/gonzaloduranadasme/.m2/repository/com/h2database/h2/2.3.232/h2-2.3.232.jar:/Users/gonzaloduranadasme/.m2/repository/org/junit/jupiter/junit-jupiter-api/5.11.3/junit-jupiter-api-5.11.3.jar:/Users/gonzaloduranadasme/.m2/repository/org/opentest4j/opentest4j/1.3.0/opentest4j-1.3.0.jar:/Users/gonzaloduranadasme/.m2/repository/org/junit/platform/junit-platform-commons/1.11.3/junit-platform-commons-1.11.3.jar:/Users/gonzaloduranadasme/.m2/repository/org/apiguardian/apiguardian-api/1.1.2/apiguardian-api-1.1.2.jar:/Users/gonzaloduranadasme/.m2/repository/org/mockito/mockito-core/5.14.2/mockito-core-5.14.2.jar:/Users/gonzaloduranadasme/.m2/repository/net/bytebuddy/byte-buddy/1.15.10/byte-buddy-1.15.10.jar:/Users/gonzaloduranadasme/.m2/repository/net/bytebuddy/byte-buddy-agent/1.15.10/byte-buddy-agent-1.15.10.jar:/Users/gonzaloduranadasme/.m2/repository/org/objenesis/objenesis/3.3/objenesis-3.3.jar:/Users/gonzaloduranadasme/.m2/repository/org/mockito/mockito-junit-jupiter/5.14.2/mockito-junit-jupiter-5.14.2.jar:/Users/gonzaloduranadasme/.m2/repository/org/junit/jupiter/junit-jupiter-engine/5.11.3/junit-jupiter-engine-5.11.3.jar:/Users/gonzaloduranadasme/.m2/repository/org/junit/platform/junit-platform-engine/1.11.3/junit-platform-engine-1.11.3.jar:, java.vm.vendor=Oracle Corporation, sun.arch.data.model=64, java.vendor.url=https://java.oracle.com/, user.timezone=America/Santiago, jakarta.persistence.sharedCache.mode=UNSPECIFIED, org.jboss.logging.provider=slf4j, os.name=Mac OS X, java.vm.specification.version=23, APPLICATION_NAME=tienda-ms-pedidos, jakarta.persistence.nonJtaDataSource=HikariDataSource (null), sun.java.launcher=SUN_STANDARD, user.country=419, sun.boot.library.path=/Library/Java/JavaVirtualMachines/jdk-23.jdk/Contents/Home/lib, sun.java.command=/Users/gonzaloduranadasme/Documents/GitHub/FS3_Sumativa/backend-arquetipo/tienda-ms-pedidos/target/surefire/surefirebooter-20241215140351590_3.jar /Users/gonzaloduranadasme/Documents/GitHub/FS3_Sumativa/backend-arquetipo/tienda-ms-pedidos/target/surefire 2024-12-15T14-03-51_548-jvmRun1 surefire-20241215140351590_1tmp surefire_0-20241215140351590_2tmp, javax.persistence.nonJtaDataSource=HikariDataSource (null), hibernate.use_sql_comments=true, hibernate.transaction.jta.platform=org.hibernate.engine.transaction.jta.platform.internal.NoJtaPlatform@4cb733ab, http.nonProxyHosts=local|*.local|169.254/16|*.169.254/16, jdk.debug=release, surefire.test.class.path=/Users/gonzaloduranadasme/Documents/GitHub/FS3_Sumativa/backend-arquetipo/tienda-ms-pedidos/target/test-classes:/Users/gonzaloduranadasme/Documents/GitHub/FS3_Sumativa/backend-arquetipo/tienda-ms-pedidos/target/classes:/Users/gonzaloduranadasme/.m2/repository/org/junit/jupiter/junit-jupiter/5.9.3/junit-jupiter-5.9.3.jar:/Users/gonzaloduranadasme/.m2/repository/org/junit/jupiter/junit-jupiter-params/5.11.3/junit-jupiter-params-5.11.3.jar:/Users/gonzaloduranadasme/.m2/repository/org/springframework/boot/spring-boot-starter-data-jpa/3.4.0/spring-boot-starter-data-jpa-3.4.0.jar:/Users/gonzaloduranadasme/.m2/repository/org/springframework/boot/spring-boot-starter/3.4.0/spring-boot-starter-3.4.0.jar:/Users/gonzaloduranadasme/.m2/repository/org/springframework/boot/spring-boot-starter-logging/3.4.0/spring-boot-starter-logging-3.4.0.jar:/Users/gonzaloduranadasme/.m2/repository/ch/qos/logback/logback-classic/1.5.12/logback-classic-1.5.12.jar:/Users/gonzaloduranadasme/.m2/repository/ch/qos/logback/logback-core/1.5.12/logback-core-1.5.12.jar:/Users/gonzaloduranadasme/.m2/repository/org/apache/logging/log4j/log4j-to-slf4j/2.24.1/log4j-to-slf4j-2.24.1.jar:/Users/gonzaloduranadasme/.m2/repository/org/apache/logging/log4j/log4j-api/2.24.1/log4j-api-2.24.1.jar:/Users/gonzaloduranadasme/.m2/repository/org/slf4j/jul-to-slf4j/2.0.16/jul-to-slf4j-2.0.16.jar:/Users/gonzaloduranadasme/.m2/repository/jakarta/annotation/jakarta.annotation-api/2.1.1/jakarta.annotation-api-2.1.1.jar:/Users/gonzaloduranadasme/.m2/repository/org/yaml/snakeyaml/2.3/snakeyaml-2.3.jar:/Users/gonzaloduranadasme/.m2/repository/org/springframework/boot/spring-boot-starter-jdbc/3.4.0/spring-boot-starter-jdbc-3.4.0.jar:/Users/gonzaloduranadasme/.m2/repository/com/zaxxer/HikariCP/5.1.0/HikariCP-5.1.0.jar:/Users/gonzaloduranadasme/.m2/repository/org/springframework/spring-jdbc/6.2.0/spring-jdbc-6.2.0.jar:/Users/gonzaloduranadasme/.m2/repository/org/hibernate/orm/hibernate-core/6.6.2.Final/hibernate-core-6.6.2.Final.jar:/Users/gonzaloduranadasme/.m2/repository/jakarta/persistence/jakarta.persistence-api/3.1.0/jakarta.persistence-api-3.1.0.jar:/Users/gonzaloduranadasme/.m2/repository/jakarta/transaction/jakarta.transaction-api/2.0.1/jakarta.transaction-api-2.0.1.jar:/Users/gonzaloduranadasme/.m2/repository/org/jboss/logging/jboss-logging/3.6.1.Final/jboss-logging-3.6.1.Final.jar:/Users/gonzaloduranadasme/.m2/repository/org/hibernate/common/hibernate-commons-annotations/7.0.3.Final/hibernate-commons-annotations-7.0.3.Final.jar:/Users/gonzaloduranadasme/.m2/repository/io/smallrye/jandex/3.2.0/jandex-3.2.0.jar:/Users/gonzaloduranadasme/.m2/repository/com/fasterxml/classmate/1.7.0/classmate-1.7.0.jar:/Users/gonzaloduranadasme/.m2/repository/org/glassfish/jaxb/jaxb-runtime/4.0.5/jaxb-runtime-4.0.5.jar:/Users/gonzaloduranadasme/.m2/repository/org/glassfish/jaxb/jaxb-core/4.0.5/jaxb-core-4.0.5.jar:/Users/gonzaloduranadasme/.m2/repository/org/eclipse/angus/angus-activation/2.0.2/angus-activation-2.0.2.jar:/Users/gonzaloduranadasme/.m2/repository/org/glassfish/jaxb/txw2/4.0.5/txw2-4.0.5.jar:/Users/gonzaloduranadasme/.m2/repository/com/sun/istack/istack-commons-runtime/4.1.2/istack-commons-runtime-4.1.2.jar:/Users/gonzaloduranadasme/.m2/repository/jakarta/inject/jakarta.inject-api/2.0.1/jakarta.inject-api-2.0.1.jar:/Users/gonzaloduranadasme/.m2/repository/org/antlr/antlr4-runtime/4.13.0/antlr4-runtime-4.13.0.jar:/Users/gonzaloduranadasme/.m2/repository/org/springframework/data/spring-data-jpa/3.4.0/spring-data-jpa-3.4.0.jar:/Users/gonzaloduranadasme/.m2/repository/org/springframework/data/spring-data-commons/3.4.0/spring-data-commons-3.4.0.jar:/Users/gonzaloduranadasme/.m2/repository/org/springframework/spring-orm/6.2.0/spring-orm-6.2.0.jar:/Users/gonzaloduranadasme/.m2/repository/org/springframework/spring-context/6.2.0/spring-context-6.2.0.jar:/Users/gonzaloduranadasme/.m2/repository/org/springframework/spring-aop/6.2.0/spring-aop-6.2.0.jar:/Users/gonzaloduranadasme/.m2/repository/org/springframework/spring-tx/6.2.0/spring-tx-6.2.0.jar:/Users/gonzaloduranadasme/.m2/repository/org/springframework/spring-beans/6.2.0/spring-beans-6.2.0.jar:/Users/gonzaloduranadasme/.m2/repository/org/slf4j/slf4j-api/2.0.16/slf4j-api-2.0.16.jar:/Users/gonzaloduranadasme/.m2/repository/org/springframework/spring-aspects/6.2.0/spring-aspects-6.2.0.jar:/Users/gonzaloduranadasme/.m2/repository/org/aspectj/aspectjweaver/1.9.22.1/aspectjweaver-1.9.22.1.jar:/Users/gonzaloduranadasme/.m2/repository/org/springframework/boot/spring-boot-starter-web/3.4.0/spring-boot-starter-web-3.4.0.jar:/Users/gonzaloduranadasme/.m2/repository/org/springframework/boot/spring-boot-starter-json/3.4.0/spring-boot-starter-json-3.4.0.jar:/Users/gonzaloduranadasme/.m2/repository/com/fasterxml/jackson/core/jackson-databind/2.18.1/jackson-databind-2.18.1.jar:/Users/gonzaloduranadasme/.m2/repository/com/fasterxml/jackson/core/jackson-annotations/2.18.1/jackson-annotations-2.18.1.jar:/Users/gonzaloduranadasme/.m2/repository/com/fasterxml/jackson/core/jackson-core/2.18.1/jackson-core-2.18.1.jar:/Users/gonzaloduranadasme/.m2/repository/com/fasterxml/jackson/datatype/jackson-datatype-jdk8/2.18.1/jackson-datatype-jdk8-2.18.1.jar:/Users/gonzaloduranadasme/.m2/repository/com/fasterxml/jackson/datatype/jackson-datatype-jsr310/2.18.1/jackson-datatype-jsr310-2.18.1.jar:/Users/gonzaloduranadasme/.m2/repository/com/fasterxml/jackson/module/jackson-module-parameter-names/2.18.1/jackson-module-parameter-names-2.18.1.jar:/Users/gonzaloduranadasme/.m2/repository/org/springframework/boot/spring-boot-starter-tomcat/3.4.0/spring-boot-starter-tomcat-3.4.0.jar:/Users/gonzaloduranadasme/.m2/repository/org/apache/tomcat/embed/tomcat-embed-core/10.1.33/tomcat-embed-core-10.1.33.jar:/Users/gonzaloduranadasme/.m2/repository/org/apache/tomcat/embed/tomcat-embed-websocket/10.1.33/tomcat-embed-websocket-10.1.33.jar:/Users/gonzaloduranadasme/.m2/repository/org/springframework/spring-web/6.2.0/spring-web-6.2.0.jar:/Users/gonzaloduranadasme/.m2/repository/io/micrometer/micrometer-observation/1.14.1/micrometer-observation-1.14.1.jar:/Users/gonzaloduranadasme/.m2/repository/io/micrometer/micrometer-commons/1.14.1/micrometer-commons-1.14.1.jar:/Users/gonzaloduranadasme/.m2/repository/org/springframework/spring-webmvc/6.2.0/spring-webmvc-6.2.0.jar:/Users/gonzaloduranadasme/.m2/repository/org/springframework/spring-expression/6.2.0/spring-expression-6.2.0.jar:/Users/gonzaloduranadasme/.m2/repository/org/springframework/boot/spring-boot-devtools/3.4.0/spring-boot-devtools-3.4.0.jar:/Users/gonzaloduranadasme/.m2/repository/org/springframework/boot/spring-boot/3.4.0/spring-boot-3.4.0.jar:/Users/gonzaloduranadasme/.m2/repository/org/springframework/boot/spring-boot-autoconfigure/3.4.0/spring-boot-autoconfigure-3.4.0.jar:/Users/gonzaloduranadasme/.m2/repository/com/oracle/database/jdbc/ojdbc11/23.5.0.24.07/ojdbc11-23.5.0.24.07.jar:/Users/gonzaloduranadasme/.m2/repository/com/oracle/database/security/oraclepki/23.5.0.24.07/oraclepki-23.5.0.24.07.jar:/Users/gonzaloduranadasme/.m2/repository/com/oracle/database/security/osdt_cert/21.9.0.0/osdt_cert-21.9.0.0.jar:/Users/gonzaloduranadasme/.m2/repository/com/oracle/database/security/osdt_core/21.9.0.0/osdt_core-21.9.0.0.jar:/Users/gonzaloduranadasme/.m2/repository/org/projectlombok/lombok/1.18.36/lombok-1.18.36.jar:/Users/gonzaloduranadasme/.m2/repository/org/springframework/boot/spring-boot-starter-test/3.4.0/spring-boot-starter-test-3.4.0.jar:/Users/gonzaloduranadasme/.m2/repository/org/springframework/boot/spring-boot-test/3.4.0/spring-boot-test-3.4.0.jar:/Users/gonzaloduranadasme/.m2/repository/org/springframework/boot/spring-boot-test-autoconfigure/3.4.0/spring-boot-test-autoconfigure-3.4.0.jar:/Users/gonzaloduranadasme/.m2/repository/com/jayway/jsonpath/json-path/2.9.0/json-path-2.9.0.jar:/Users/gonzaloduranadasme/.m2/repository/jakarta/xml/bind/jakarta.xml.bind-api/4.0.2/jakarta.xml.bind-api-4.0.2.jar:/Users/gonzaloduranadasme/.m2/repository/jakarta/activation/jakarta.activation-api/2.1.3/jakarta.activation-api-2.1.3.jar:/Users/gonzaloduranadasme/.m2/repository/net/minidev/json-smart/2.5.1/json-smart-2.5.1.jar:/Users/gonzaloduranadasme/.m2/repository/net/minidev/accessors-smart/2.5.1/accessors-smart-2.5.1.jar:/Users/gonzaloduranadasme/.m2/repository/org/assertj/assertj-core/3.26.3/assertj-core-3.26.3.jar:/Users/gonzaloduranadasme/.m2/repository/org/awaitility/awaitility/4.2.2/awaitility-4.2.2.jar:/Users/gonzaloduranadasme/.m2/repository/org/hamcrest/hamcrest/2.2/hamcrest-2.2.jar:/Users/gonzaloduranadasme/.m2/repository/org/skyscreamer/jsonassert/1.5.3/jsonassert-1.5.3.jar:/Users/gonzaloduranadasme/.m2/repository/com/vaadin/external/google/android-json/0.0.20131108.vaadin1/android-json-0.0.20131108.vaadin1.jar:/Users/gonzaloduranadasme/.m2/repository/org/springframework/spring-core/6.2.0/spring-core-6.2.0.jar:/Users/gonzaloduranadasme/.m2/repository/org/springframework/spring-jcl/6.2.0/spring-jcl-6.2.0.jar:/Users/gonzaloduranadasme/.m2/repository/org/springframework/spring-test/6.2.0/spring-test-6.2.0.jar:/Users/gonzaloduranadasme/.m2/repository/org/xmlunit/xmlunit-core/2.10.0/xmlunit-core-2.10.0.jar:/Users/gonzaloduranadasme/.m2/repository/org/springframework/boot/spring-boot-starter-validation/3.4.0/spring-boot-starter-validation-3.4.0.jar:/Users/gonzaloduranadasme/.m2/repository/org/apache/tomcat/embed/tomcat-embed-el/10.1.33/tomcat-embed-el-10.1.33.jar:/Users/gonzaloduranadasme/.m2/repository/org/hibernate/validator/hibernate-validator/8.0.1.Final/hibernate-validator-8.0.1.Final.jar:/Users/gonzaloduranadasme/.m2/repository/jakarta/validation/jakarta.validation-api/3.0.2/jakarta.validation-api-3.0.2.jar:/Users/gonzaloduranadasme/.m2/repository/org/springframework/boot/spring-boot-starter-hateoas/3.4.0/spring-boot-starter-hateoas-3.4.0.jar:/Users/gonzaloduranadasme/.m2/repository/org/springframework/hateoas/spring-hateoas/2.4.0/spring-hateoas-2.4.0.jar:/Users/gonzaloduranadasme/.m2/repository/org/springframework/plugin/spring-plugin-core/3.0.0/spring-plugin-core-3.0.0.jar:/Users/gonzaloduranadasme/.m2/repository/org/jacoco/jacoco-maven-plugin/0.8.12/jacoco-maven-plugin-0.8.12.jar:/Users/gonzaloduranadasme/.m2/repository/org/codehaus/plexus/plexus-utils/3.0.24/plexus-utils-3.0.24.jar:/Users/gonzaloduranadasme/.m2/repository/org/apache/maven/shared/file-management/3.1.0/file-management-3.1.0.jar:/Users/gonzaloduranadasme/.m2/repository/commons-io/commons-io/2.11.0/commons-io-2.11.0.jar:/Users/gonzaloduranadasme/.m2/repository/org/apache/maven/reporting/maven-reporting-api/3.0/maven-reporting-api-3.0.jar:/Users/gonzaloduranadasme/.m2/repository/org/apache/maven/doxia/doxia-sink-api/1.0/doxia-sink-api-1.0.jar:/Users/gonzaloduranadasme/.m2/repository/org/jacoco/org.jacoco.agent/0.8.12/org.jacoco.agent-0.8.12-runtime.jar:/Users/gonzaloduranadasme/.m2/repository/org/jacoco/org.jacoco.core/0.8.12/org.jacoco.core-0.8.12.jar:/Users/gonzaloduranadasme/.m2/repository/org/ow2/asm/asm/9.7/asm-9.7.jar:/Users/gonzaloduranadasme/.m2/repository/org/ow2/asm/asm-commons/9.7/asm-commons-9.7.jar:/Users/gonzaloduranadasme/.m2/repository/org/ow2/asm/asm-tree/9.7/asm-tree-9.7.jar:/Users/gonzaloduranadasme/.m2/repository/org/jacoco/org.jacoco.report/0.8.12/org.jacoco.report-0.8.12.jar:/Users/gonzaloduranadasme/.m2/repository/com/h2database/h2/2.3.232/h2-2.3.232.jar:/Users/gonzaloduranadasme/.m2/repository/org/junit/jupiter/junit-jupiter-api/5.11.3/junit-jupiter-api-5.11.3.jar:/Users/gonzaloduranadasme/.m2/repository/org/opentest4j/opentest4j/1.3.0/opentest4j-1.3.0.jar:/Users/gonzaloduranadasme/.m2/repository/org/junit/platform/junit-platform-commons/1.11.3/junit-platform-commons-1.11.3.jar:/Users/gonzaloduranadasme/.m2/repository/org/apiguardian/apiguardian-api/1.1.2/apiguardian-api-1.1.2.jar:/Users/gonzaloduranadasme/.m2/repository/org/mockito/mockito-core/5.14.2/mockito-core-5.14.2.jar:/Users/gonzaloduranadasme/.m2/repository/net/bytebuddy/byte-buddy/1.15.10/byte-buddy-1.15.10.jar:/Users/gonzaloduranadasme/.m2/repository/net/bytebuddy/byte-buddy-agent/1.15.10/byte-buddy-agent-1.15.10.jar:/Users/gonzaloduranadasme/.m2/repository/org/objenesis/objenesis/3.3/objenesis-3.3.jar:/Users/gonzaloduranadasme/.m2/repository/org/mockito/mockito-junit-jupiter/5.14.2/mockito-junit-jupiter-5.14.2.jar:/Users/gonzaloduranadasme/.m2/repository/org/junit/jupiter/junit-jupiter-engine/5.11.3/junit-jupiter-engine-5.11.3.jar:/Users/gonzaloduranadasme/.m2/repository/org/junit/platform/junit-platform-engine/1.11.3/junit-platform-engine-1.11.3.jar:, sun.cpu.endian=little, hibernate.cdi.extensions=true, user.home=/Users/gonzaloduranadasme, user.language=es, java.specification.vendor=Oracle Corporation, java.version.date=2024-10-15, java.home=/Library/Java/JavaVirtualMachines/jdk-23.jdk/Contents/Home, file.separator=/, basedir=/Users/gonzaloduranadasme/Documents/GitHub/FS3_Sumativa/backend-arquetipo/tienda-ms-pedidos, java.vm.compressedOopsMode=Zero based, line.separator=
, hibernate.persistenceUnitName=default, java.vm.specification.vendor=Oracle Corporation, java.specification.name=Java Platform API Specification, FILE_LOG_CHARSET=UTF-8, hibernate.transaction.coordinator_class=class org.hibernate.resource.transaction.backend.jdbc.internal.JdbcResourceLocalTransactionCoordinatorBuilderImpl, java.awt.headless=true, apple.awt.application.name=ForkedBooter, surefire.real.class.path=/Users/gonzaloduranadasme/Documents/GitHub/FS3_Sumativa/backend-arquetipo/tienda-ms-pedidos/target/surefire/surefirebooter-20241215140351590_3.jar, jakarta.persistence.validation.mode=AUTO, sun.management.compiler=HotSpot 64-Bit Tiered Compilers, ftp.nonProxyHosts=local|*.local|169.254/16|*.169.254/16, java.runtime.version=23.0.1+11-39, user.name=gonzaloduranadasme, stdout.encoding=UTF-8, path.separator=:, os.version=15.2, java.runtime.name=Java(TM) SE Runtime Environment, file.encoding=UTF-8, java.vm.name=Java HotSpot(TM) 64-Bit Server VM, hibernate.show_sql=true, localRepository=/Users/gonzaloduranadasme/.m2/repository, java.vendor.url.bug=https://bugreport.java.com/bugreport/, java.io.tmpdir=/var/folders/vl/66y56nn50qq4z_cg0vjl6t440000gn/T/, java.version=23.0.1, hibernate.physical_naming_strategy=org.hibernate.boot.model.naming.CamelCaseToUnderscoresNamingStrategy, user.dir=/Users/gonzaloduranadasme/Documents/GitHub/FS3_Sumativa/backend-arquetipo/tienda-ms-pedidos, os.arch=aarch64, java.vm.specification.name=Java Virtual Machine Specification, PID=25938, CONSOLE_LOG_CHARSET=UTF-8, hibernate.boot.CfgXmlAccessService.key=org.hibernate.boot.registry.StandardServiceRegistryBuilder$1@1c1ae4bc, native.encoding=UTF-8, java.library.path=/Users/gonzaloduranadasme/Library/Java/Extensions:/Library/Java/Extensions:/Network/Library/Java/Extensions:/System/Library/Java/Extensions:/usr/lib/java:., stderr.encoding=UTF-8, java.vendor=Oracle Corporation, java.vm.info=mixed mode, sharing, java.vm.version=23.0.1+11-39, sun.io.unicode.encoding=UnicodeBig, hibernate.archive.scanner=org.hibernate.boot.archive.scan.internal.DisabledScanner, hibernate.connection.datasource=HikariDataSource (null), socksNonProxyHosts=local|*.local|169.254/16|*.169.254/16, java.class.version=67.0, LOGGED_APPLICATION_NAME=[tienda-ms-pedidos] }
2024-12-15T14:03:58.944-03:00 DEBUG 25938 --- [tienda-ms-pedidos] [           main] o.hibernate.internal.SessionFactoryImpl  : Session factory constructed with filter configurations : {}
2024-12-15T14:03:58.944-03:00 DEBUG 25938 --- [tienda-ms-pedidos] [           main] o.h.v.i.xml.config.ValidationXmlParser   : Trying to load META-INF/validation.xml for XML based Validator configuration.
2024-12-15T14:03:58.944-03:00 DEBUG 25938 --- [tienda-ms-pedidos] [           main] o.h.v.i.xml.config.ResourceLoaderHelper  : Trying to load META-INF/validation.xml via TCCL
2024-12-15T14:03:58.944-03:00 DEBUG 25938 --- [tienda-ms-pedidos] [           main] o.h.v.i.xml.config.ResourceLoaderHelper  : Trying to load META-INF/validation.xml via Hibernate Validator's class loader
2024-12-15T14:03:58.945-03:00 DEBUG 25938 --- [tienda-ms-pedidos] [           main] o.h.v.i.xml.config.ValidationXmlParser   : No META-INF/validation.xml found. Using annotation based configuration only.
2024-12-15T14:03:58.945-03:00 DEBUG 25938 --- [tienda-ms-pedidos] [           main] o.h.v.i.e.resolver.TraversableResolvers  : Found jakarta.persistence.Persistence on classpath containing 'getPersistenceUtil'. Assuming JPA 2 environment. Trying to instantiate JPA aware TraversableResolver
2024-12-15T14:03:58.945-03:00 DEBUG 25938 --- [tienda-ms-pedidos] [           main] o.h.v.i.e.resolver.TraversableResolvers  : Instantiated JPA aware TraversableResolver of type org.hibernate.validator.internal.engine.resolver.JPATraversableResolver.
2024-12-15T14:03:58.945-03:00 DEBUG 25938 --- [tienda-ms-pedidos] [           main] .h.v.m.ResourceBundleMessageInterpolator : Loaded expression factory via original TCCL
2024-12-15T14:03:58.946-03:00 DEBUG 25938 --- [tienda-ms-pedidos] [           main] .i.e.ValidatorFactoryConfigurationHelper : HV000252: Using org.hibernate.validator.internal.engine.DefaultPropertyNodeNameProvider as property node name provider.
2024-12-15T14:03:58.946-03:00 DEBUG 25938 --- [tienda-ms-pedidos] [           main] .i.e.ValidatorFactoryConfigurationHelper : HV000234: Using org.hibernate.validator.messageinterpolation.ResourceBundleMessageInterpolator as ValidatorFactory-scoped message interpolator.
2024-12-15T14:03:58.946-03:00 DEBUG 25938 --- [tienda-ms-pedidos] [           main] .i.e.ValidatorFactoryConfigurationHelper : HV000234: Using org.hibernate.validator.internal.engine.resolver.JPATraversableResolver as ValidatorFactory-scoped traversable resolver.
2024-12-15T14:03:58.946-03:00 DEBUG 25938 --- [tienda-ms-pedidos] [           main] .i.e.ValidatorFactoryConfigurationHelper : HV000234: Using org.hibernate.validator.internal.util.ExecutableParameterNameProvider as ValidatorFactory-scoped parameter name provider.
2024-12-15T14:03:58.946-03:00 DEBUG 25938 --- [tienda-ms-pedidos] [           main] .i.e.ValidatorFactoryConfigurationHelper : HV000234: Using org.hibernate.validator.internal.engine.DefaultClockProvider as ValidatorFactory-scoped clock provider.
2024-12-15T14:03:58.946-03:00 DEBUG 25938 --- [tienda-ms-pedidos] [           main] .i.e.ValidatorFactoryConfigurationHelper : HV000234: Using org.hibernate.validator.internal.engine.scripting.DefaultScriptEvaluatorFactory as ValidatorFactory-scoped script evaluator factory.
2024-12-15T14:03:58.946-03:00 DEBUG 25938 --- [tienda-ms-pedidos] [           main] o.h.boot.internal.ClassLoaderAccessImpl  : Not known whether passed class name [com.example.tienda_ms_pedidos.model.DetalleOrden] is safe
2024-12-15T14:03:58.946-03:00 DEBUG 25938 --- [tienda-ms-pedidos] [           main] o.h.boot.internal.ClassLoaderAccessImpl  : No temp ClassLoader provided; using live ClassLoader for loading potentially unsafe class : com.example.tienda_ms_pedidos.model.DetalleOrden
2024-12-15T14:03:58.948-03:00 DEBUG 25938 --- [tienda-ms-pedidos] [           main] o.h.boot.internal.ClassLoaderAccessImpl  : Not known whether passed class name [com.example.tienda_ms_pedidos.model.Orden] is safe
2024-12-15T14:03:58.948-03:00 DEBUG 25938 --- [tienda-ms-pedidos] [           main] o.h.boot.internal.ClassLoaderAccessImpl  : No temp ClassLoader provided; using live ClassLoader for loading potentially unsafe class : com.example.tienda_ms_pedidos.model.Orden
2024-12-15T14:03:58.949-03:00 DEBUG 25938 --- [tienda-ms-pedidos] [           main] o.h.boot.internal.ClassLoaderAccessImpl  : Not known whether passed class name [com.example.tienda_ms_pedidos.model.Categoria] is safe
2024-12-15T14:03:58.949-03:00 DEBUG 25938 --- [tienda-ms-pedidos] [           main] o.h.boot.internal.ClassLoaderAccessImpl  : No temp ClassLoader provided; using live ClassLoader for loading potentially unsafe class : com.example.tienda_ms_pedidos.model.Categoria
2024-12-15T14:03:58.952-03:00 DEBUG 25938 --- [tienda-ms-pedidos] [           main] o.h.boot.internal.ClassLoaderAccessImpl  : Not known whether passed class name [com.example.tienda_ms_pedidos.model.Producto] is safe
2024-12-15T14:03:58.952-03:00 DEBUG 25938 --- [tienda-ms-pedidos] [           main] o.h.boot.internal.ClassLoaderAccessImpl  : No temp ClassLoader provided; using live ClassLoader for loading potentially unsafe class : com.example.tienda_ms_pedidos.model.Producto
2024-12-15T14:03:58.955-03:00 DEBUG 25938 --- [tienda-ms-pedidos] [           main] .h.s.i.SessionFactoryServiceRegistryImpl : EventListenerRegistry access via ServiceRegistry is deprecated.  Use `sessionFactory.getEventEngine().getListenerRegistry()` instead
2024-12-15T14:03:58.955-03:00 DEBUG 25938 --- [tienda-ms-pedidos] [           main] .h.t.s.s.SchemaManagementToolCoordinator : No schema actions specified for contributor `orm`; doing nothing
2024-12-15T14:03:58.956-03:00 DEBUG 25938 --- [tienda-ms-pedidos] [           main] o.h.q.sqm.function.SqmFunctionRegistry   : Registered SqmFunctionTemplate [NamedSqmFunctionTemplate(max)] under max; prior registration was null
2024-12-15T14:03:58.956-03:00 DEBUG 25938 --- [tienda-ms-pedidos] [           main] o.h.q.sqm.function.SqmFunctionRegistry   : Registered SqmFunctionTemplate [NamedSqmFunctionTemplate(min)] under min; prior registration was null
2024-12-15T14:03:58.956-03:00 DEBUG 25938 --- [tienda-ms-pedidos] [           main] o.h.q.sqm.function.SqmFunctionRegistry   : Registered SqmFunctionTemplate [NamedSqmFunctionTemplate(sum)] under sum; prior registration was null
2024-12-15T14:03:58.956-03:00 DEBUG 25938 --- [tienda-ms-pedidos] [           main] o.h.q.sqm.function.SqmFunctionRegistry   : Registered SqmFunctionTemplate [NamedSqmFunctionTemplate(avg)] under avg; prior registration was null
2024-12-15T14:03:58.956-03:00 DEBUG 25938 --- [tienda-ms-pedidos] [           main] o.h.q.sqm.function.SqmFunctionRegistry   : Registered SqmFunctionTemplate [org.hibernate.dialect.function.CountFunction@7168e312] under count; prior registration was null
2024-12-15T14:03:58.956-03:00 DEBUG 25938 --- [tienda-ms-pedidos] [           main] o.h.q.sqm.function.SqmFunctionRegistry   : Registered SqmFunctionTemplate [org.hibernate.dialect.function.EveryAnyEmulation@208b50e8] under every; prior registration was null
2024-12-15T14:03:58.956-03:00 DEBUG 25938 --- [tienda-ms-pedidos] [           main] o.h.q.sqm.function.SqmFunctionRegistry   : Registered SqmFunctionTemplate [org.hibernate.dialect.function.EveryAnyEmulation@1adef192] under any; prior registration was null
2024-12-15T14:03:58.956-03:00 DEBUG 25938 --- [tienda-ms-pedidos] [           main] o.h.q.sqm.function.SqmFunctionRegistry   : Registered SqmFunctionTemplate [NamedSqmFunctionTemplate(floor)] under floor; prior registration was null
2024-12-15T14:03:58.956-03:00 DEBUG 25938 --- [tienda-ms-pedidos] [           main] o.h.q.sqm.function.SqmFunctionRegistry   : Registered SqmFunctionTemplate [NamedSqmFunctionTemplate(ceiling)] under ceiling; prior registration was null
2024-12-15T14:03:58.956-03:00 DEBUG 25938 --- [tienda-ms-pedidos] [           main] o.h.q.sqm.function.SqmFunctionRegistry   : Registered SqmFunctionTemplate [NamedSqmFunctionTemplate(mod)] under mod; prior registration was null
2024-12-15T14:03:58.956-03:00 DEBUG 25938 --- [tienda-ms-pedidos] [           main] o.h.q.sqm.function.SqmFunctionRegistry   : Registered SqmFunctionTemplate [NamedSqmFunctionTemplate(abs)] under abs; prior registration was null
2024-12-15T14:03:58.956-03:00 DEBUG 25938 --- [tienda-ms-pedidos] [           main] o.h.q.sqm.function.SqmFunctionRegistry   : Registered SqmFunctionTemplate [NamedSqmFunctionTemplate(sign)] under sign; prior registration was null
2024-12-15T14:03:58.956-03:00 DEBUG 25938 --- [tienda-ms-pedidos] [           main] o.h.q.sqm.function.SqmFunctionRegistry   : Registered SqmFunctionTemplate [NamedSqmFunctionTemplate(sqrt)] under sqrt; prior registration was null
2024-12-15T14:03:58.956-03:00 DEBUG 25938 --- [tienda-ms-pedidos] [           main] o.h.q.sqm.function.SqmFunctionRegistry   : Registered SqmFunctionTemplate [NamedSqmFunctionTemplate(ln)] under ln; prior registration was null
2024-12-15T14:03:58.956-03:00 DEBUG 25938 --- [tienda-ms-pedidos] [           main] o.h.q.sqm.function.SqmFunctionRegistry   : Registered SqmFunctionTemplate [NamedSqmFunctionTemplate(exp)] under exp; prior registration was null
2024-12-15T14:03:58.956-03:00 DEBUG 25938 --- [tienda-ms-pedidos] [           main] o.h.q.sqm.function.SqmFunctionRegistry   : Registered SqmFunctionTemplate [NamedSqmFunctionTemplate(power)] under power; prior registration was null
2024-12-15T14:03:58.956-03:00 DEBUG 25938 --- [tienda-ms-pedidos] [           main] o.h.q.sqm.function.SqmFunctionRegistry   : Registered SqmFunctionTemplate [NamedSqmFunctionTemplate(round)] under round; prior registration was null
2024-12-15T14:03:58.956-03:00 DEBUG 25938 --- [tienda-ms-pedidos] [           main] o.h.q.sqm.function.SqmFunctionRegistry   : Registered SqmFunctionTemplate [NamedSqmFunctionTemplate(sin)] under sin; prior registration was null
2024-12-15T14:03:58.956-03:00 DEBUG 25938 --- [tienda-ms-pedidos] [           main] o.h.q.sqm.function.SqmFunctionRegistry   : Registered SqmFunctionTemplate [NamedSqmFunctionTemplate(cos)] under cos; prior registration was null
2024-12-15T14:03:58.956-03:00 DEBUG 25938 --- [tienda-ms-pedidos] [           main] o.h.q.sqm.function.SqmFunctionRegistry   : Registered SqmFunctionTemplate [NamedSqmFunctionTemplate(tan)] under tan; prior registration was null
2024-12-15T14:03:58.956-03:00 DEBUG 25938 --- [tienda-ms-pedidos] [           main] o.h.q.sqm.function.SqmFunctionRegistry   : Registered SqmFunctionTemplate [NamedSqmFunctionTemplate(asin)] under asin; prior registration was null
2024-12-15T14:03:58.956-03:00 DEBUG 25938 --- [tienda-ms-pedidos] [           main] o.h.q.sqm.function.SqmFunctionRegistry   : Registered SqmFunctionTemplate [NamedSqmFunctionTemplate(acos)] under acos; prior registration was null
2024-12-15T14:03:58.956-03:00 DEBUG 25938 --- [tienda-ms-pedidos] [           main] o.h.q.sqm.function.SqmFunctionRegistry   : Registered SqmFunctionTemplate [NamedSqmFunctionTemplate(atan)] under atan; prior registration was null
2024-12-15T14:03:58.956-03:00 DEBUG 25938 --- [tienda-ms-pedidos] [           main] o.h.q.sqm.function.SqmFunctionRegistry   : Registered SqmFunctionTemplate [NamedSqmFunctionTemplate(atan2)] under atan2; prior registration was null
2024-12-15T14:03:58.956-03:00 DEBUG 25938 --- [tienda-ms-pedidos] [           main] o.h.q.sqm.function.SqmFunctionRegistry   : Registered SqmFunctionTemplate [org.hibernate.query.sqm.function.PatternBasedSqmFunctionDescriptor@87a6a7a] under sinh; prior registration was null
2024-12-15T14:03:58.956-03:00 DEBUG 25938 --- [tienda-ms-pedidos] [           main] o.h.q.sqm.function.SqmFunctionRegistry   : Registered SqmFunctionTemplate [org.hibernate.query.sqm.function.PatternBasedSqmFunctionDescriptor@3ebc6814] under cosh; prior registration was null
2024-12-15T14:03:58.956-03:00 DEBUG 25938 --- [tienda-ms-pedidos] [           main] o.h.q.sqm.function.SqmFunctionRegistry   : Registered SqmFunctionTemplate [org.hibernate.query.sqm.function.PatternBasedSqmFunctionDescriptor@444a633b] under tanh; prior registration was null
2024-12-15T14:03:58.956-03:00 DEBUG 25938 --- [tienda-ms-pedidos] [           main] o.h.q.sqm.function.SqmFunctionRegistry   : Registered SqmFunctionTemplate [org.hibernate.query.sqm.function.PatternBasedSqmFunctionDescriptor@29755841] under pi; prior registration was null
2024-12-15T14:03:58.956-03:00 DEBUG 25938 --- [tienda-ms-pedidos] [           main] o.h.q.sqm.function.SqmFunctionRegistry   : Registered SqmFunctionTemplate [org.hibernate.query.sqm.function.PatternBasedSqmFunctionDescriptor@7287ceaf] under log; prior registration was null
2024-12-15T14:03:58.956-03:00 DEBUG 25938 --- [tienda-ms-pedidos] [           main] o.h.q.sqm.function.SqmFunctionRegistry   : Registered SqmFunctionTemplate [NamedSqmFunctionTemplate(coalesce)] under coalesce; prior registration was null
2024-12-15T14:03:58.956-03:00 DEBUG 25938 --- [tienda-ms-pedidos] [           main] o.h.q.sqm.function.SqmFunctionRegistry   : Registered SqmFunctionTemplate [NamedSqmFunctionTemplate(nullif)] under nullif; prior registration was null
2024-12-15T14:03:58.956-03:00 DEBUG 25938 --- [tienda-ms-pedidos] [           main] o.h.q.sqm.function.SqmFunctionRegistry   : Registered SqmFunctionTemplate [NamedSqmFunctionTemplate(left)] under left; prior registration was null
2024-12-15T14:03:58.956-03:00 DEBUG 25938 --- [tienda-ms-pedidos] [           main] o.h.q.sqm.function.SqmFunctionRegistry   : Registered SqmFunctionTemplate [NamedSqmFunctionTemplate(right)] under right; prior registration was null
2024-12-15T14:03:58.956-03:00 DEBUG 25938 --- [tienda-ms-pedidos] [           main] o.h.q.sqm.function.SqmFunctionRegistry   : Registered SqmFunctionTemplate [NamedSqmFunctionTemplate(replace)] under replace; prior registration was null
2024-12-15T14:03:58.956-03:00 DEBUG 25938 --- [tienda-ms-pedidos] [           main] o.h.q.sqm.function.SqmFunctionRegistry   : Registered SqmFunctionTemplate [NamedSqmFunctionTemplate(concat)] under concat; prior registration was null
2024-12-15T14:03:58.956-03:00 DEBUG 25938 --- [tienda-ms-pedidos] [           main] o.h.q.sqm.function.SqmFunctionRegistry   : Registered SqmFunctionTemplate [NamedSqmFunctionTemplate(lower)] under lower; prior registration was null
2024-12-15T14:03:58.956-03:00 DEBUG 25938 --- [tienda-ms-pedidos] [           main] o.h.q.sqm.function.SqmFunctionRegistry   : Registered SqmFunctionTemplate [NamedSqmFunctionTemplate(upper)] under upper; prior registration was null
2024-12-15T14:03:58.956-03:00 DEBUG 25938 --- [tienda-ms-pedidos] [           main] o.h.q.sqm.function.SqmFunctionRegistry   : Registered SqmFunctionTemplate [NamedSqmFunctionTemplate(substring)] under substring; prior registration was null
2024-12-15T14:03:58.956-03:00 DEBUG 25938 --- [tienda-ms-pedidos] [           main] o.h.q.sqm.function.SqmFunctionRegistry   : Registered SqmFunctionTemplate [NamedSqmFunctionTemplate(locate)] under locate; prior registration was null
2024-12-15T14:03:58.956-03:00 DEBUG 25938 --- [tienda-ms-pedidos] [           main] o.h.q.sqm.function.SqmFunctionRegistry   : Registered SqmFunctionTemplate [NamedSqmFunctionTemplate(character_length)] under character_length; prior registration was null
2024-12-15T14:03:58.956-03:00 DEBUG 25938 --- [tienda-ms-pedidos] [           main] o.h.q.sqm.function.SqmFunctionRegistry   : Registering alternate key : length -> character_length
2024-12-15T14:03:58.956-03:00 DEBUG 25938 --- [tienda-ms-pedidos] [           main] o.h.q.sqm.function.SqmFunctionRegistry   : Registered SqmFunctionTemplate [org.hibernate.dialect.function.LocatePositionEmulation@2f26e423] under position; prior registration was null
2024-12-15T14:03:58.956-03:00 DEBUG 25938 --- [tienda-ms-pedidos] [           main] o.h.q.sqm.function.SqmFunctionRegistry   : Registered SqmFunctionTemplate [org.hibernate.dialect.function.InsertSubstringOverlayEmulation@38621947] under overlay; prior registration was null
2024-12-15T14:03:58.956-03:00 DEBUG 25938 --- [tienda-ms-pedidos] [           main] o.h.q.sqm.function.SqmFunctionRegistry   : Registered SqmFunctionTemplate [org.hibernate.dialect.function.TrimFunction@3b56e95a] under trim; prior registration was null
2024-12-15T14:03:58.956-03:00 DEBUG 25938 --- [tienda-ms-pedidos] [           main] o.h.q.sqm.function.SqmFunctionRegistry   : Registered SqmFunctionTemplate [org.hibernate.dialect.function.CastFunction@7768aa29] under cast; prior registration was null
2024-12-15T14:03:58.956-03:00 DEBUG 25938 --- [tienda-ms-pedidos] [           main] o.h.q.sqm.function.SqmFunctionRegistry   : Registered SqmFunctionTemplate [org.hibernate.query.sqm.function.PatternBasedSqmFunctionDescriptor@6ff74f1b] under collate; prior registration was null
2024-12-15T14:03:58.956-03:00 DEBUG 25938 --- [tienda-ms-pedidos] [           main] o.h.q.sqm.function.SqmFunctionRegistry   : Registered SqmFunctionTemplate [org.hibernate.dialect.function.ExtractFunction@47f7cb83] under extract; prior registration was null
2024-12-15T14:03:58.956-03:00 DEBUG 25938 --- [tienda-ms-pedidos] [           main] o.h.q.sqm.function.SqmFunctionRegistry   : Registered SqmFunctionTemplate [NamedSqmFunctionTemplate(least)] under least; prior registration was null
2024-12-15T14:03:58.956-03:00 DEBUG 25938 --- [tienda-ms-pedidos] [           main] o.h.q.sqm.function.SqmFunctionRegistry   : Registered SqmFunctionTemplate [NamedSqmFunctionTemplate(greatest)] under greatest; prior registration was null
2024-12-15T14:03:58.957-03:00 DEBUG 25938 --- [tienda-ms-pedidos] [           main] o.h.q.sqm.function.SqmFunctionRegistry   : Registered SqmFunctionTemplate [org.hibernate.dialect.function.CoalesceIfnullEmulation@4b67f61e] under ifnull; prior registration was null
2024-12-15T14:03:58.957-03:00 DEBUG 25938 --- [tienda-ms-pedidos] [           main] o.h.q.sqm.function.SqmFunctionRegistry   : Registered SqmFunctionTemplate [NamedSqmFunctionTemplate(lpad)] under lpad; prior registration was null
2024-12-15T14:03:58.957-03:00 DEBUG 25938 --- [tienda-ms-pedidos] [           main] o.h.q.sqm.function.SqmFunctionRegistry   : Registered SqmFunctionTemplate [NamedSqmFunctionTemplate(rpad)] under rpad; prior registration was null
2024-12-15T14:03:58.957-03:00 DEBUG 25938 --- [tienda-ms-pedidos] [           main] o.h.q.sqm.function.SqmFunctionRegistry   : Registered SqmFunctionTemplate [org.hibernate.dialect.function.LpadRpadPadEmulation@79ec24b9] under pad; prior registration was null
2024-12-15T14:03:58.957-03:00 DEBUG 25938 --- [tienda-ms-pedidos] [           main] o.h.q.sqm.function.SqmFunctionRegistry   : Registered SqmFunctionTemplate [org.hibernate.dialect.function.CastStrEmulation@2cb62308] under str; prior registration was null
2024-12-15T14:03:58.957-03:00 DEBUG 25938 --- [tienda-ms-pedidos] [           main] o.h.q.sqm.function.SqmFunctionRegistry   : Registered SqmFunctionTemplate [org.hibernate.dialect.function.FormatFunction@55645ece] under format; prior registration was null
2024-12-15T14:03:58.957-03:00 DEBUG 25938 --- [tienda-ms-pedidos] [           main] o.h.q.sqm.function.SqmFunctionRegistry   : Registered SqmFunctionTemplate [org.hibernate.dialect.function.TimestampaddFunction@21c7857a] under timestampadd; prior registration was null
2024-12-15T14:03:58.957-03:00 DEBUG 25938 --- [tienda-ms-pedidos] [           main] o.h.q.sqm.function.SqmFunctionRegistry   : Registered SqmFunctionTemplate [org.hibernate.dialect.function.TimestampdiffFunction@3996a417] under timestampdiff; prior registration was null
2024-12-15T14:03:58.957-03:00 DEBUG 25938 --- [tienda-ms-pedidos] [           main] o.h.q.sqm.function.SqmFunctionRegistry   : Registering alternate key : dateadd -> timestampadd
2024-12-15T14:03:58.957-03:00 DEBUG 25938 --- [tienda-ms-pedidos] [           main] o.h.q.sqm.function.SqmFunctionRegistry   : Registering alternate key : datediff -> timestampdiff
2024-12-15T14:03:58.957-03:00 DEBUG 25938 --- [tienda-ms-pedidos] [           main] o.h.q.sqm.function.SqmFunctionRegistry   : Registered SqmFunctionTemplate [org.hibernate.dialect.function.CurrentFunction@24a57e4e] under current_date; prior registration was null
2024-12-15T14:03:58.957-03:00 DEBUG 25938 --- [tienda-ms-pedidos] [           main] o.h.q.sqm.function.SqmFunctionRegistry   : Registered SqmFunctionTemplate [org.hibernate.dialect.function.CurrentFunction@5340c63a] under current_time; prior registration was null
2024-12-15T14:03:58.957-03:00 DEBUG 25938 --- [tienda-ms-pedidos] [           main] o.h.q.sqm.function.SqmFunctionRegistry   : Registered SqmFunctionTemplate [org.hibernate.dialect.function.CurrentFunction@4eb1757d] under current_timestamp; prior registration was null
2024-12-15T14:03:58.957-03:00 DEBUG 25938 --- [tienda-ms-pedidos] [           main] o.h.q.sqm.function.SqmFunctionRegistry   : Registering alternate key : current date -> current_date
2024-12-15T14:03:58.957-03:00 DEBUG 25938 --- [tienda-ms-pedidos] [           main] o.h.q.sqm.function.SqmFunctionRegistry   : Registering alternate key : current time -> current_time
2024-12-15T14:03:58.957-03:00 DEBUG 25938 --- [tienda-ms-pedidos] [           main] o.h.q.sqm.function.SqmFunctionRegistry   : Registering alternate key : current timestamp -> current_timestamp
2024-12-15T14:03:58.957-03:00 DEBUG 25938 --- [tienda-ms-pedidos] [           main] o.h.q.sqm.function.SqmFunctionRegistry   : Registered SqmFunctionTemplate [org.hibernate.dialect.function.CurrentFunction@420bd6a0] under local_date; prior registration was null
2024-12-15T14:03:58.957-03:00 DEBUG 25938 --- [tienda-ms-pedidos] [           main] o.h.q.sqm.function.SqmFunctionRegistry   : Registered SqmFunctionTemplate [org.hibernate.dialect.function.CurrentFunction@4d5387a1] under local_time; prior registration was null
2024-12-15T14:03:58.957-03:00 DEBUG 25938 --- [tienda-ms-pedidos] [           main] o.h.q.sqm.function.SqmFunctionRegistry   : Registered SqmFunctionTemplate [org.hibernate.dialect.function.CurrentFunction@1877e927] under local_datetime; prior registration was null
2024-12-15T14:03:58.957-03:00 DEBUG 25938 --- [tienda-ms-pedidos] [           main] o.h.q.sqm.function.SqmFunctionRegistry   : Registered SqmFunctionTemplate [org.hibernate.dialect.function.CurrentFunction@5da86dc9] under offset_datetime; prior registration was null
2024-12-15T14:03:58.957-03:00 DEBUG 25938 --- [tienda-ms-pedidos] [           main] o.h.q.sqm.function.SqmFunctionRegistry   : Registering alternate key : local date -> local_date
2024-12-15T14:03:58.957-03:00 DEBUG 25938 --- [tienda-ms-pedidos] [           main] o.h.q.sqm.function.SqmFunctionRegistry   : Registering alternate key : local time -> local_time
2024-12-15T14:03:58.957-03:00 DEBUG 25938 --- [tienda-ms-pedidos] [           main] o.h.q.sqm.function.SqmFunctionRegistry   : Registering alternate key : local datetime -> local_datetime
2024-12-15T14:03:58.957-03:00 DEBUG 25938 --- [tienda-ms-pedidos] [           main] o.h.q.sqm.function.SqmFunctionRegistry   : Registering alternate key : offset datetime -> offset_datetime
2024-12-15T14:03:58.957-03:00 DEBUG 25938 --- [tienda-ms-pedidos] [           main] o.h.q.sqm.function.SqmFunctionRegistry   : Registered SqmFunctionTemplate [org.hibernate.dialect.function.CurrentFunction@410a1e0a] under instant; prior registration was null
2024-12-15T14:03:58.957-03:00 DEBUG 25938 --- [tienda-ms-pedidos] [           main] o.h.q.sqm.function.SqmFunctionRegistry   : Registering alternate key : current_instant -> instant
2024-12-15T14:03:58.957-03:00 DEBUG 25938 --- [tienda-ms-pedidos] [           main] o.h.q.sqm.function.SqmFunctionRegistry   : Registered SqmFunctionTemplate [org.hibernate.dialect.function.SqlFunction@10b5e705] under sql; prior registration was null
2024-12-15T14:03:58.957-03:00 DEBUG 25938 --- [tienda-ms-pedidos] [           main] o.h.q.sqm.function.SqmFunctionRegistry   : Registered SqmFunctionTemplate [NamedSqmFunctionTemplate(ascii)] under ascii; prior registration was null
2024-12-15T14:03:58.957-03:00 DEBUG 25938 --- [tienda-ms-pedidos] [           main] o.h.q.sqm.function.SqmFunctionRegistry   : Registered SqmFunctionTemplate [NamedSqmFunctionTemplate(chr)] under chr; prior registration was null
2024-12-15T14:03:58.957-03:00 DEBUG 25938 --- [tienda-ms-pedidos] [           main] o.h.q.sqm.function.SqmFunctionRegistry   : Registering alternate key : char -> chr
2024-12-15T14:03:58.957-03:00 DEBUG 25938 --- [tienda-ms-pedidos] [           main] o.h.q.sqm.function.SqmFunctionRegistry   : Registered SqmFunctionTemplate [NamedSqmFunctionTemplate(cosh)] under cosh; prior registration was org.hibernate.query.sqm.function.PatternBasedSqmFunctionDescriptor@3ebc6814
2024-12-15T14:03:58.957-03:00 DEBUG 25938 --- [tienda-ms-pedidos] [           main] o.h.q.sqm.function.SqmFunctionRegistry   : Registered SqmFunctionTemplate [NamedSqmFunctionTemplate(sinh)] under sinh; prior registration was org.hibernate.query.sqm.function.PatternBasedSqmFunctionDescriptor@87a6a7a
2024-12-15T14:03:58.957-03:00 DEBUG 25938 --- [tienda-ms-pedidos] [           main] o.h.q.sqm.function.SqmFunctionRegistry   : Registered SqmFunctionTemplate [NamedSqmFunctionTemplate(tanh)] under tanh; prior registration was org.hibernate.query.sqm.function.PatternBasedSqmFunctionDescriptor@444a633b
2024-12-15T14:03:58.957-03:00 DEBUG 25938 --- [tienda-ms-pedidos] [           main] o.h.q.sqm.function.SqmFunctionRegistry   : Registered SqmFunctionTemplate [NamedSqmFunctionTemplate(log)] under log; prior registration was org.hibernate.query.sqm.function.PatternBasedSqmFunctionDescriptor@7287ceaf
2024-12-15T14:03:58.957-03:00 DEBUG 25938 --- [tienda-ms-pedidos] [           main] o.h.q.sqm.function.SqmFunctionRegistry   : Registered SqmFunctionTemplate [org.hibernate.query.sqm.function.PatternBasedSqmFunctionDescriptor@372c0ae5] under log10; prior registration was null
2024-12-15T14:03:58.957-03:00 DEBUG 25938 --- [tienda-ms-pedidos] [           main] o.h.q.sqm.function.SqmFunctionRegistry   : Registered SqmFunctionTemplate [NamedSqmFunctionTemplate(soundex)] under soundex; prior registration was null
2024-12-15T14:03:58.957-03:00 DEBUG 25938 --- [tienda-ms-pedidos] [           main] o.h.q.sqm.function.SqmFunctionRegistry   : Registered SqmFunctionTemplate [NamedSqmFunctionTemplate(ltrim)] under ltrim; prior registration was null
2024-12-15T14:03:58.957-03:00 DEBUG 25938 --- [tienda-ms-pedidos] [           main] o.h.q.sqm.function.SqmFunctionRegistry   : Registered SqmFunctionTemplate [NamedSqmFunctionTemplate(rtrim)] under rtrim; prior registration was null
2024-12-15T14:03:58.957-03:00 DEBUG 25938 --- [tienda-ms-pedidos] [           main] o.h.q.sqm.function.SqmFunctionRegistry   : Registered SqmFunctionTemplate [NamedSqmFunctionTemplate(initcap)] under initcap; prior registration was null
2024-12-15T14:03:58.957-03:00 DEBUG 25938 --- [tienda-ms-pedidos] [           main] o.h.q.sqm.function.SqmFunctionRegistry   : Registered SqmFunctionTemplate [NamedSqmFunctionTemplate(instr)] under instr; prior registration was null
2024-12-15T14:03:58.957-03:00 DEBUG 25938 --- [tienda-ms-pedidos] [           main] o.h.q.sqm.function.SqmFunctionRegistry   : Registered SqmFunctionTemplate [NamedSqmFunctionTemplate(substr)] under substr; prior registration was null
2024-12-15T14:03:58.957-03:00 DEBUG 25938 --- [tienda-ms-pedidos] [           main] o.h.q.sqm.function.SqmFunctionRegistry   : Registered SqmFunctionTemplate [NamedSqmFunctionTemplate(substr)] under substring; prior registration was NamedSqmFunctionTemplate(substring)
2024-12-15T14:03:58.957-03:00 DEBUG 25938 --- [tienda-ms-pedidos] [           main] o.h.q.sqm.function.SqmFunctionRegistry   : Registered SqmFunctionTemplate [org.hibernate.query.sqm.function.PatternBasedSqmFunctionDescriptor@2974ffec] under left; prior registration was NamedSqmFunctionTemplate(left)
2024-12-15T14:03:58.957-03:00 DEBUG 25938 --- [tienda-ms-pedidos] [           main] o.h.q.sqm.function.SqmFunctionRegistry   : Registered SqmFunctionTemplate [org.hibernate.query.sqm.function.PatternBasedSqmFunctionDescriptor@381f4e86] under right; prior registration was NamedSqmFunctionTemplate(right)
2024-12-15T14:03:58.957-03:00 DEBUG 25938 --- [tienda-ms-pedidos] [           main] o.h.q.sqm.function.SqmFunctionRegistry   : Registered SqmFunctionTemplate [NamedSqmFunctionTemplate(translate)] under translate; prior registration was null
2024-12-15T14:03:58.957-03:00 DEBUG 25938 --- [tienda-ms-pedidos] [           main] o.h.q.sqm.function.SqmFunctionRegistry   : Registered SqmFunctionTemplate [NamedSqmFunctionTemplate(bitand)] under bitand; prior registration was null
2024-12-15T14:03:58.957-03:00 DEBUG 25938 --- [tienda-ms-pedidos] [           main] o.h.q.sqm.function.SqmFunctionRegistry   : Registered SqmFunctionTemplate [NamedSqmFunctionTemplate(last_day)] under last_day; prior registration was null
2024-12-15T14:03:58.957-03:00 DEBUG 25938 --- [tienda-ms-pedidos] [           main] o.h.q.sqm.function.SqmFunctionRegistry   : Registered SqmFunctionTemplate [NamedSqmFunctionTemplate(to_number)] under to_number; prior registration was null
2024-12-15T14:03:58.957-03:00 DEBUG 25938 --- [tienda-ms-pedidos] [           main] o.h.q.sqm.function.SqmFunctionRegistry   : Registered SqmFunctionTemplate [NamedSqmFunctionTemplate(to_char)] under to_char; prior registration was null
2024-12-15T14:03:58.957-03:00 DEBUG 25938 --- [tienda-ms-pedidos] [           main] o.h.q.sqm.function.SqmFunctionRegistry   : Registered SqmFunctionTemplate [NamedSqmFunctionTemplate(to_date)] under to_date; prior registration was null
2024-12-15T14:03:58.957-03:00 DEBUG 25938 --- [tienda-ms-pedidos] [           main] o.h.q.sqm.function.SqmFunctionRegistry   : Registered SqmFunctionTemplate [NamedSqmFunctionTemplate(to_timestamp)] under to_timestamp; prior registration was null
2024-12-15T14:03:58.957-03:00 DEBUG 25938 --- [tienda-ms-pedidos] [           main] o.h.q.sqm.function.SqmFunctionRegistry   : Registered SqmFunctionTemplate [NamedSqmFunctionTemplate(ceil)] under ceil; prior registration was null
2024-12-15T14:03:58.957-03:00 DEBUG 25938 --- [tienda-ms-pedidos] [           main] o.h.q.sqm.function.SqmFunctionRegistry   : Registering alternate key : ceiling -> ceil
2024-12-15T14:03:58.957-03:00 DEBUG 25938 --- [tienda-ms-pedidos] [           main] o.h.q.sqm.function.SqmFunctionRegistry   : Registered SqmFunctionTemplate [org.hibernate.query.sqm.function.PatternBasedSqmFunctionDescriptor@72d1b4f] under concat; prior registration was NamedSqmFunctionTemplate(concat)
2024-12-15T14:03:58.957-03:00 DEBUG 25938 --- [tienda-ms-pedidos] [           main] o.h.q.sqm.function.SqmFunctionRegistry   : Registered SqmFunctionTemplate [NamedSqmFunctionTemplate(rowid)] under rowid; prior registration was null
2024-12-15T14:03:58.957-03:00 DEBUG 25938 --- [tienda-ms-pedidos] [           main] o.h.q.sqm.function.SqmFunctionRegistry   : Registered SqmFunctionTemplate [NamedSqmFunctionTemplate(rownum)] under rownum; prior registration was null
2024-12-15T14:03:58.957-03:00 DEBUG 25938 --- [tienda-ms-pedidos] [           main] o.h.q.sqm.function.SqmFunctionRegistry   : Registered SqmFunctionTemplate [NamedSqmFunctionTemplate(sysdate)] under sysdate; prior registration was null
2024-12-15T14:03:58.957-03:00 DEBUG 25938 --- [tienda-ms-pedidos] [           main] o.h.q.sqm.function.SqmFunctionRegistry   : Registered SqmFunctionTemplate [NamedSqmFunctionTemplate(systimestamp)] under systimestamp; prior registration was null
2024-12-15T14:03:58.957-03:00 DEBUG 25938 --- [tienda-ms-pedidos] [           main] o.h.q.sqm.function.SqmFunctionRegistry   : Registered SqmFunctionTemplate [NamedSqmFunctionTemplate(add_months)] under add_months; prior registration was null
2024-12-15T14:03:58.957-03:00 DEBUG 25938 --- [tienda-ms-pedidos] [           main] o.h.q.sqm.function.SqmFunctionRegistry   : Registered SqmFunctionTemplate [NamedSqmFunctionTemplate(months_between)] under months_between; prior registration was null
2024-12-15T14:03:58.957-03:00 DEBUG 25938 --- [tienda-ms-pedidos] [           main] o.h.q.sqm.function.SqmFunctionRegistry   : Registered SqmFunctionTemplate [org.hibernate.dialect.function.MinMaxCaseEveryAnyEmulation@5081426d] under every; prior registration was org.hibernate.dialect.function.EveryAnyEmulation@208b50e8
2024-12-15T14:03:58.957-03:00 DEBUG 25938 --- [tienda-ms-pedidos] [           main] o.h.q.sqm.function.SqmFunctionRegistry   : Registered SqmFunctionTemplate [org.hibernate.dialect.function.MinMaxCaseEveryAnyEmulation@5e844c0e] under any; prior registration was org.hibernate.dialect.function.EveryAnyEmulation@1adef192
2024-12-15T14:03:58.957-03:00 DEBUG 25938 --- [tienda-ms-pedidos] [           main] o.h.q.sqm.function.SqmFunctionRegistry   : Registered SqmFunctionTemplate [org.hibernate.query.sqm.function.PatternBasedSqmFunctionDescriptor@1cad5226] under repeat; prior registration was null
2024-12-15T14:03:58.957-03:00 DEBUG 25938 --- [tienda-ms-pedidos] [           main] o.h.q.sqm.function.SqmFunctionRegistry   : Registered SqmFunctionTemplate [org.hibernate.query.sqm.function.PatternBasedSqmFunctionDescriptor@7335c59f] under radians; prior registration was null
2024-12-15T14:03:58.957-03:00 DEBUG 25938 --- [tienda-ms-pedidos] [           main] o.h.q.sqm.function.SqmFunctionRegistry   : Registered SqmFunctionTemplate [org.hibernate.query.sqm.function.PatternBasedSqmFunctionDescriptor@297d73be] under degrees; prior registration was null
2024-12-15T14:03:58.957-03:00 DEBUG 25938 --- [tienda-ms-pedidos] [           main] o.h.q.sqm.function.SqmFunctionRegistry   : Registered SqmFunctionTemplate [NamedSqmFunctionTemplate(median)] under median; prior registration was null
2024-12-15T14:03:58.957-03:00 DEBUG 25938 --- [tienda-ms-pedidos] [           main] o.h.q.sqm.function.SqmFunctionRegistry   : Registered SqmFunctionTemplate [NamedSqmFunctionTemplate(stddev)] under stddev; prior registration was null
2024-12-15T14:03:58.957-03:00 DEBUG 25938 --- [tienda-ms-pedidos] [           main] o.h.q.sqm.function.SqmFunctionRegistry   : Registered SqmFunctionTemplate [NamedSqmFunctionTemplate(stddev_pop)] under stddev_pop; prior registration was null
2024-12-15T14:03:58.957-03:00 DEBUG 25938 --- [tienda-ms-pedidos] [           main] o.h.q.sqm.function.SqmFunctionRegistry   : Registered SqmFunctionTemplate [NamedSqmFunctionTemplate(stddev_samp)] under stddev_samp; prior registration was null
2024-12-15T14:03:58.957-03:00 DEBUG 25938 --- [tienda-ms-pedidos] [           main] o.h.q.sqm.function.SqmFunctionRegistry   : Registered SqmFunctionTemplate [NamedSqmFunctionTemplate(variance)] under variance; prior registration was null
2024-12-15T14:03:58.957-03:00 DEBUG 25938 --- [tienda-ms-pedidos] [           main] o.h.q.sqm.function.SqmFunctionRegistry   : Registered SqmFunctionTemplate [NamedSqmFunctionTemplate(var_pop)] under var_pop; prior registration was null
2024-12-15T14:03:58.957-03:00 DEBUG 25938 --- [tienda-ms-pedidos] [           main] o.h.q.sqm.function.SqmFunctionRegistry   : Registered SqmFunctionTemplate [NamedSqmFunctionTemplate(var_samp)] under var_samp; prior registration was null
2024-12-15T14:03:58.957-03:00 DEBUG 25938 --- [tienda-ms-pedidos] [           main] o.h.q.sqm.function.SqmFunctionRegistry   : Registered SqmFunctionTemplate [NamedSqmFunctionTemplate(covar_pop)] under covar_pop; prior registration was null
2024-12-15T14:03:58.957-03:00 DEBUG 25938 --- [tienda-ms-pedidos] [           main] o.h.q.sqm.function.SqmFunctionRegistry   : Registered SqmFunctionTemplate [NamedSqmFunctionTemplate(covar_samp)] under covar_samp; prior registration was null
2024-12-15T14:03:58.957-03:00 DEBUG 25938 --- [tienda-ms-pedidos] [           main] o.h.q.sqm.function.SqmFunctionRegistry   : Registered SqmFunctionTemplate [NamedSqmFunctionTemplate(corr)] under corr; prior registration was null
2024-12-15T14:03:58.957-03:00 DEBUG 25938 --- [tienda-ms-pedidos] [           main] o.h.q.sqm.function.SqmFunctionRegistry   : Registered SqmFunctionTemplate [NamedSqmFunctionTemplate(regr_avgx)] under regr_avgx; prior registration was null
2024-12-15T14:03:58.957-03:00 DEBUG 25938 --- [tienda-ms-pedidos] [           main] o.h.q.sqm.function.SqmFunctionRegistry   : Registered SqmFunctionTemplate [NamedSqmFunctionTemplate(regr_avgy)] under regr_avgy; prior registration was null
2024-12-15T14:03:58.957-03:00 DEBUG 25938 --- [tienda-ms-pedidos] [           main] o.h.q.sqm.function.SqmFunctionRegistry   : Registered SqmFunctionTemplate [NamedSqmFunctionTemplate(regr_count)] under regr_count; prior registration was null
2024-12-15T14:03:58.957-03:00 DEBUG 25938 --- [tienda-ms-pedidos] [           main] o.h.q.sqm.function.SqmFunctionRegistry   : Registered SqmFunctionTemplate [NamedSqmFunctionTemplate(regr_intercept)] under regr_intercept; prior registration was null
2024-12-15T14:03:58.957-03:00 DEBUG 25938 --- [tienda-ms-pedidos] [           main] o.h.q.sqm.function.SqmFunctionRegistry   : Registered SqmFunctionTemplate [NamedSqmFunctionTemplate(regr_r2)] under regr_r2; prior registration was null
2024-12-15T14:03:58.957-03:00 DEBUG 25938 --- [tienda-ms-pedidos] [           main] o.h.q.sqm.function.SqmFunctionRegistry   : Registered SqmFunctionTemplate [NamedSqmFunctionTemplate(regr_slope)] under regr_slope; prior registration was null
2024-12-15T14:03:58.957-03:00 DEBUG 25938 --- [tienda-ms-pedidos] [           main] o.h.q.sqm.function.SqmFunctionRegistry   : Registered SqmFunctionTemplate [NamedSqmFunctionTemplate(regr_sxx)] under regr_sxx; prior registration was null
2024-12-15T14:03:58.958-03:00 DEBUG 25938 --- [tienda-ms-pedidos] [           main] o.h.q.sqm.function.SqmFunctionRegistry   : Registered SqmFunctionTemplate [NamedSqmFunctionTemplate(regr_sxy)] under regr_sxy; prior registration was null
2024-12-15T14:03:58.958-03:00 DEBUG 25938 --- [tienda-ms-pedidos] [           main] o.h.q.sqm.function.SqmFunctionRegistry   : Registered SqmFunctionTemplate [NamedSqmFunctionTemplate(regr_syy)] under regr_syy; prior registration was null
2024-12-15T14:03:58.958-03:00 DEBUG 25938 --- [tienda-ms-pedidos] [           main] o.h.q.sqm.function.SqmFunctionRegistry   : Registered SqmFunctionTemplate [org.hibernate.dialect.function.LengthFunction@55e5bea3] under character_length; prior registration was NamedSqmFunctionTemplate(character_length)
2024-12-15T14:03:58.958-03:00 DEBUG 25938 --- [tienda-ms-pedidos] [           main] o.h.q.sqm.function.SqmFunctionRegistry   : Registering alternate key : length -> character_length
2024-12-15T14:03:58.958-03:00 DEBUG 25938 --- [tienda-ms-pedidos] [           main] o.h.q.sqm.function.SqmFunctionRegistry   : Registered SqmFunctionTemplate [org.hibernate.dialect.function.LengthFunction@23affa5b] under octet_length; prior registration was null
2024-12-15T14:03:58.958-03:00 DEBUG 25938 --- [tienda-ms-pedidos] [           main] o.h.q.sqm.function.SqmFunctionRegistry   : Registered SqmFunctionTemplate [org.hibernate.dialect.function.LengthFunction@7e6bca8c] under bit_length; prior registration was null
2024-12-15T14:03:58.958-03:00 DEBUG 25938 --- [tienda-ms-pedidos] [           main] o.h.q.sqm.function.SqmFunctionRegistry   : Registered SqmFunctionTemplate [NamedSqmFunctionTemplate(coalesce)] under coalesce; prior registration was NamedSqmFunctionTemplate(coalesce)
2024-12-15T14:03:58.958-03:00 DEBUG 25938 --- [tienda-ms-pedidos] [           main] o.h.q.sqm.function.SqmFunctionRegistry   : Registered SqmFunctionTemplate [org.hibernate.query.sqm.function.PatternBasedSqmFunctionDescriptor@3cc9a67c] under bitor; prior registration was null
2024-12-15T14:03:58.958-03:00 DEBUG 25938 --- [tienda-ms-pedidos] [           main] o.h.q.sqm.function.SqmFunctionRegistry   : Registered SqmFunctionTemplate [org.hibernate.query.sqm.function.PatternBasedSqmFunctionDescriptor@442117e0] under bitxor; prior registration was null
2024-12-15T14:03:58.958-03:00 DEBUG 25938 --- [tienda-ms-pedidos] [           main] o.h.q.sqm.function.SqmFunctionRegistry   : Registered SqmFunctionTemplate [org.hibernate.query.sqm.function.MultipatternSqmFunctionDescriptor@1880501d] under locate; prior registration was NamedSqmFunctionTemplate(locate)
2024-12-15T14:03:58.958-03:00 DEBUG 25938 --- [tienda-ms-pedidos] [           main] o.h.q.sqm.function.SqmFunctionRegistry   : Registered SqmFunctionTemplate [org.hibernate.dialect.function.ListaggFunction@389fc62b] under listagg; prior registration was null
2024-12-15T14:03:58.958-03:00 DEBUG 25938 --- [tienda-ms-pedidos] [           main] o.h.q.sqm.function.SqmFunctionRegistry   : Registered SqmFunctionTemplate [NamedSqmFunctionTemplate(row_number)] under row_number; prior registration was null
2024-12-15T14:03:58.958-03:00 DEBUG 25938 --- [tienda-ms-pedidos] [           main] o.h.q.sqm.function.SqmFunctionRegistry   : Registered SqmFunctionTemplate [NamedSqmFunctionTemplate(lag)] under lag; prior registration was null
2024-12-15T14:03:58.958-03:00 DEBUG 25938 --- [tienda-ms-pedidos] [           main] o.h.q.sqm.function.SqmFunctionRegistry   : Registered SqmFunctionTemplate [NamedSqmFunctionTemplate(lead)] under lead; prior registration was null
2024-12-15T14:03:58.958-03:00 DEBUG 25938 --- [tienda-ms-pedidos] [           main] o.h.q.sqm.function.SqmFunctionRegistry   : Registered SqmFunctionTemplate [NamedSqmFunctionTemplate(first_value)] under first_value; prior registration was null
2024-12-15T14:03:58.958-03:00 DEBUG 25938 --- [tienda-ms-pedidos] [           main] o.h.q.sqm.function.SqmFunctionRegistry   : Registered SqmFunctionTemplate [NamedSqmFunctionTemplate(last_value)] under last_value; prior registration was null
2024-12-15T14:03:58.958-03:00 DEBUG 25938 --- [tienda-ms-pedidos] [           main] o.h.q.sqm.function.SqmFunctionRegistry   : Registered SqmFunctionTemplate [NamedSqmFunctionTemplate(nth_value)] under nth_value; prior registration was null
2024-12-15T14:03:58.958-03:00 DEBUG 25938 --- [tienda-ms-pedidos] [           main] o.h.q.sqm.function.SqmFunctionRegistry   : Registered SqmFunctionTemplate [org.hibernate.dialect.function.HypotheticalSetFunction@49147d02] under rank; prior registration was null
2024-12-15T14:03:58.958-03:00 DEBUG 25938 --- [tienda-ms-pedidos] [           main] o.h.q.sqm.function.SqmFunctionRegistry   : Registered SqmFunctionTemplate [org.hibernate.dialect.function.HypotheticalSetFunction@546fdd7] under dense_rank; prior registration was null
2024-12-15T14:03:58.958-03:00 DEBUG 25938 --- [tienda-ms-pedidos] [           main] o.h.q.sqm.function.SqmFunctionRegistry   : Registered SqmFunctionTemplate [org.hibernate.dialect.function.HypotheticalSetFunction@1f5c55da] under percent_rank; prior registration was null
2024-12-15T14:03:58.958-03:00 DEBUG 25938 --- [tienda-ms-pedidos] [           main] o.h.q.sqm.function.SqmFunctionRegistry   : Registered SqmFunctionTemplate [org.hibernate.dialect.function.HypotheticalSetFunction@59347684] under cume_dist; prior registration was null
2024-12-15T14:03:58.958-03:00 DEBUG 25938 --- [tienda-ms-pedidos] [           main] o.h.q.sqm.function.SqmFunctionRegistry   : Registered SqmFunctionTemplate [org.hibernate.dialect.function.InverseDistributionFunction@3322eccd] under mode; prior registration was null
2024-12-15T14:03:58.958-03:00 DEBUG 25938 --- [tienda-ms-pedidos] [           main] o.h.q.sqm.function.SqmFunctionRegistry   : Registered SqmFunctionTemplate [org.hibernate.dialect.function.InverseDistributionFunction@138173b] under percentile_cont; prior registration was null
2024-12-15T14:03:58.958-03:00 DEBUG 25938 --- [tienda-ms-pedidos] [           main] o.h.q.sqm.function.SqmFunctionRegistry   : Registered SqmFunctionTemplate [org.hibernate.dialect.function.InverseDistributionFunction@7cb76043] under percentile_disc; prior registration was null
2024-12-15T14:03:58.958-03:00 DEBUG 25938 --- [tienda-ms-pedidos] [           main] o.h.q.sqm.function.SqmFunctionRegistry   : Registered SqmFunctionTemplate [org.hibernate.dialect.function.ModeStatsModeEmulation@6cdb907] under mode; prior registration was org.hibernate.dialect.function.InverseDistributionFunction@3322eccd
2024-12-15T14:03:58.958-03:00 DEBUG 25938 --- [tienda-ms-pedidos] [           main] o.h.q.sqm.function.SqmFunctionRegistry   : Registered SqmFunctionTemplate [org.hibernate.dialect.function.OracleTruncFunction@222d6997] under trunc; prior registration was null
2024-12-15T14:03:58.958-03:00 DEBUG 25938 --- [tienda-ms-pedidos] [           main] o.h.q.sqm.function.SqmFunctionRegistry   : Registering alternate key : truncate -> trunc
2024-12-15T14:03:58.958-03:00 DEBUG 25938 --- [tienda-ms-pedidos] [           main] o.h.q.sqm.function.SqmFunctionRegistry   : Registered SqmFunctionTemplate [org.hibernate.dialect.function.array.OracleArrayConstructorFunction@636d2326] under array; prior registration was null
2024-12-15T14:03:58.958-03:00 DEBUG 25938 --- [tienda-ms-pedidos] [           main] o.h.q.sqm.function.SqmFunctionRegistry   : Registered SqmFunctionTemplate [org.hibernate.dialect.function.array.OracleArrayConstructorFunction@241ff270] under array_list; prior registration was null
2024-12-15T14:03:58.958-03:00 DEBUG 25938 --- [tienda-ms-pedidos] [           main] o.h.q.sqm.function.SqmFunctionRegistry   : Registered SqmFunctionTemplate [org.hibernate.dialect.function.array.OracleArrayAggEmulation@4ff17275] under array_agg; prior registration was null
2024-12-15T14:03:58.958-03:00 DEBUG 25938 --- [tienda-ms-pedidos] [           main] o.h.q.sqm.function.SqmFunctionRegistry   : Registered SqmFunctionTemplate [org.hibernate.dialect.function.array.OracleArrayPositionFunction@6d9dbcd] under array_position; prior registration was null
2024-12-15T14:03:58.958-03:00 DEBUG 25938 --- [tienda-ms-pedidos] [           main] o.h.q.sqm.function.SqmFunctionRegistry   : Registered SqmFunctionTemplate [org.hibernate.dialect.function.array.OracleArrayPositionsFunction@577053a5] under array_positions; prior registration was null
2024-12-15T14:03:58.958-03:00 DEBUG 25938 --- [tienda-ms-pedidos] [           main] o.h.q.sqm.function.SqmFunctionRegistry   : Registered SqmFunctionTemplate [org.hibernate.dialect.function.array.OracleArrayPositionsFunction@1356f1e4] under array_positions_list; prior registration was null
2024-12-15T14:03:58.958-03:00 DEBUG 25938 --- [tienda-ms-pedidos] [           main] o.h.q.sqm.function.SqmFunctionRegistry   : Registered SqmFunctionTemplate [org.hibernate.dialect.function.array.OracleArrayLengthFunction@5b1957f0] under array_length; prior registration was null
2024-12-15T14:03:58.959-03:00 DEBUG 25938 --- [tienda-ms-pedidos] [           main] o.h.q.sqm.function.SqmFunctionRegistry   : Registered SqmFunctionTemplate [org.hibernate.dialect.function.DynamicDispatchFunction@6a6ebe04] under length; prior registration was null
2024-12-15T14:03:58.959-03:00 DEBUG 25938 --- [tienda-ms-pedidos] [           main] o.h.q.sqm.function.SqmFunctionRegistry   : Registered SqmFunctionTemplate [org.hibernate.dialect.function.array.OracleArrayConcatFunction@3fd63597] under array_concat; prior registration was null
2024-12-15T14:03:58.959-03:00 DEBUG 25938 --- [tienda-ms-pedidos] [           main] o.h.q.sqm.function.SqmFunctionRegistry   : Registered SqmFunctionTemplate [org.hibernate.dialect.function.array.OracleArrayConcatElementFunction@1b2b2a58] under array_prepend; prior registration was null
2024-12-15T14:03:58.959-03:00 DEBUG 25938 --- [tienda-ms-pedidos] [           main] o.h.q.sqm.function.SqmFunctionRegistry   : Registered SqmFunctionTemplate [org.hibernate.dialect.function.array.OracleArrayConcatElementFunction@a9c481a] under array_append; prior registration was null
2024-12-15T14:03:58.959-03:00 DEBUG 25938 --- [tienda-ms-pedidos] [           main] o.h.q.sqm.function.SqmFunctionRegistry   : Registered SqmFunctionTemplate [org.hibernate.dialect.function.array.OracleArrayContainsFunction@159d59d3] under array_contains; prior registration was null
2024-12-15T14:03:58.959-03:00 DEBUG 25938 --- [tienda-ms-pedidos] [           main] o.h.q.sqm.function.SqmFunctionRegistry   : Registered SqmFunctionTemplate [org.hibernate.dialect.function.array.OracleArrayContainsFunction@1be9ac7a] under array_contains_nullable; prior registration was null
2024-12-15T14:03:58.959-03:00 DEBUG 25938 --- [tienda-ms-pedidos] [           main] o.h.q.sqm.function.SqmFunctionRegistry   : Registered SqmFunctionTemplate [org.hibernate.dialect.function.array.OracleArrayIncludesFunction@59523cb5] under array_includes; prior registration was null
2024-12-15T14:03:58.959-03:00 DEBUG 25938 --- [tienda-ms-pedidos] [           main] o.h.q.sqm.function.SqmFunctionRegistry   : Registered SqmFunctionTemplate [org.hibernate.dialect.function.array.OracleArrayIncludesFunction@31e6631d] under array_includes_nullable; prior registration was null
2024-12-15T14:03:58.959-03:00 DEBUG 25938 --- [tienda-ms-pedidos] [           main] o.h.q.sqm.function.SqmFunctionRegistry   : Registered SqmFunctionTemplate [org.hibernate.dialect.function.array.OracleArrayIntersectsFunction@4e4ae733] under array_intersects; prior registration was null
2024-12-15T14:03:58.959-03:00 DEBUG 25938 --- [tienda-ms-pedidos] [           main] o.h.q.sqm.function.SqmFunctionRegistry   : Registered SqmFunctionTemplate [org.hibernate.dialect.function.array.OracleArrayIntersectsFunction@189618fc] under array_intersects_nullable; prior registration was null
2024-12-15T14:03:58.959-03:00 DEBUG 25938 --- [tienda-ms-pedidos] [           main] o.h.q.sqm.function.SqmFunctionRegistry   : Registering alternate key : array_overlaps -> array_intersects
2024-12-15T14:03:58.959-03:00 DEBUG 25938 --- [tienda-ms-pedidos] [           main] o.h.q.sqm.function.SqmFunctionRegistry   : Registering alternate key : array_overlaps_nullable -> array_intersects_nullable
2024-12-15T14:03:58.959-03:00 DEBUG 25938 --- [tienda-ms-pedidos] [           main] o.h.q.sqm.function.SqmFunctionRegistry   : Registered SqmFunctionTemplate [org.hibernate.dialect.function.array.OracleArrayGetFunction@506938cf] under array_get; prior registration was null
2024-12-15T14:03:58.959-03:00 DEBUG 25938 --- [tienda-ms-pedidos] [           main] o.h.q.sqm.function.SqmFunctionRegistry   : Registered SqmFunctionTemplate [org.hibernate.dialect.function.array.OracleArraySetFunction@52154754] under array_set; prior registration was null
2024-12-15T14:03:58.959-03:00 DEBUG 25938 --- [tienda-ms-pedidos] [           main] o.h.q.sqm.function.SqmFunctionRegistry   : Registered SqmFunctionTemplate [org.hibernate.dialect.function.array.OracleArrayRemoveFunction@4b7f515a] under array_remove; prior registration was null
2024-12-15T14:03:58.959-03:00 DEBUG 25938 --- [tienda-ms-pedidos] [           main] o.h.q.sqm.function.SqmFunctionRegistry   : Registered SqmFunctionTemplate [org.hibernate.dialect.function.array.OracleArrayRemoveIndexFunction@6386e131] under array_remove_index; prior registration was null
2024-12-15T14:03:58.959-03:00 DEBUG 25938 --- [tienda-ms-pedidos] [           main] o.h.q.sqm.function.SqmFunctionRegistry   : Registered SqmFunctionTemplate [org.hibernate.dialect.function.array.OracleArraySliceFunction@7a3002ce] under array_slice; prior registration was null
2024-12-15T14:03:58.959-03:00 DEBUG 25938 --- [tienda-ms-pedidos] [           main] o.h.q.sqm.function.SqmFunctionRegistry   : Registered SqmFunctionTemplate [org.hibernate.dialect.function.array.OracleArrayReplaceFunction@267c53b] under array_replace; prior registration was null
2024-12-15T14:03:58.959-03:00 DEBUG 25938 --- [tienda-ms-pedidos] [           main] o.h.q.sqm.function.SqmFunctionRegistry   : Registered SqmFunctionTemplate [org.hibernate.dialect.function.array.OracleArrayTrimFunction@33a3b1ac] under array_trim; prior registration was null
2024-12-15T14:03:58.959-03:00 DEBUG 25938 --- [tienda-ms-pedidos] [           main] o.h.q.sqm.function.SqmFunctionRegistry   : Registered SqmFunctionTemplate [org.hibernate.dialect.function.array.OracleArrayFillFunction@67785180] under array_fill; prior registration was null
2024-12-15T14:03:58.959-03:00 DEBUG 25938 --- [tienda-ms-pedidos] [           main] o.h.q.sqm.function.SqmFunctionRegistry   : Registered SqmFunctionTemplate [org.hibernate.dialect.function.array.OracleArrayFillFunction@1da409d3] under array_fill_list; prior registration was null
2024-12-15T14:03:58.959-03:00 DEBUG 25938 --- [tienda-ms-pedidos] [           main] o.h.q.sqm.function.SqmFunctionRegistry   : Registered SqmFunctionTemplate [org.hibernate.dialect.function.array.OracleArrayToStringFunction@21d64941] under array_to_string; prior registration was null
2024-12-15T14:03:58.959-03:00 DEBUG 25938 --- [tienda-ms-pedidos] [           main] org.hibernate.HQL_FUNCTIONS              : abs(NUMERIC arg)
2024-12-15T14:03:58.959-03:00 DEBUG 25938 --- [tienda-ms-pedidos] [           main] org.hibernate.HQL_FUNCTIONS              : Double acos(NUMERIC arg)
2024-12-15T14:03:58.959-03:00 DEBUG 25938 --- [tienda-ms-pedidos] [           main] org.hibernate.HQL_FUNCTIONS              : add_months(DATE datetime, INTEGER months)
2024-12-15T14:03:58.959-03:00 DEBUG 25938 --- [tienda-ms-pedidos] [           main] org.hibernate.HQL_FUNCTIONS              : Boolean any(BOOLEAN arg)
2024-12-15T14:03:58.959-03:00 DEBUG 25938 --- [tienda-ms-pedidos] [           main] org.hibernate.HQL_FUNCTIONS              : array( ... )
2024-12-15T14:03:58.959-03:00 DEBUG 25938 --- [tienda-ms-pedidos] [           main] org.hibernate.HQL_FUNCTIONS              : array_agg(arg)
2024-12-15T14:03:58.959-03:00 DEBUG 25938 --- [tienda-ms-pedidos] [           main] org.hibernate.HQL_FUNCTIONS              : array_append( ... )
2024-12-15T14:03:58.959-03:00 DEBUG 25938 --- [tienda-ms-pedidos] [           main] org.hibernate.HQL_FUNCTIONS              : array_concat( ... )
2024-12-15T14:03:58.959-03:00 DEBUG 25938 --- [tienda-ms-pedidos] [           main] org.hibernate.HQL_FUNCTIONS              : Boolean array_contains(ARRAY haystackArray, OBJECT needleElementOrArray)
2024-12-15T14:03:58.959-03:00 DEBUG 25938 --- [tienda-ms-pedidos] [           main] org.hibernate.HQL_FUNCTIONS              : Boolean array_contains_nullable(ARRAY haystackArray, OBJECT needleElementOrArray)
2024-12-15T14:03:58.959-03:00 DEBUG 25938 --- [tienda-ms-pedidos] [           main] org.hibernate.HQL_FUNCTIONS              : array_fill(OBJECT element, INTEGER elementCount)
2024-12-15T14:03:58.959-03:00 DEBUG 25938 --- [tienda-ms-pedidos] [           main] org.hibernate.HQL_FUNCTIONS              : array_fill_list(OBJECT element, INTEGER elementCount)
2024-12-15T14:03:58.959-03:00 DEBUG 25938 --- [tienda-ms-pedidos] [           main] org.hibernate.HQL_FUNCTIONS              : array_get( ... )
2024-12-15T14:03:58.959-03:00 DEBUG 25938 --- [tienda-ms-pedidos] [           main] org.hibernate.HQL_FUNCTIONS              : Boolean array_includes(ARRAY haystackArray, OBJECT needleArray)
2024-12-15T14:03:58.959-03:00 DEBUG 25938 --- [tienda-ms-pedidos] [           main] org.hibernate.HQL_FUNCTIONS              : Boolean array_includes_nullable(ARRAY haystackArray, OBJECT needleArray)
2024-12-15T14:03:58.959-03:00 DEBUG 25938 --- [tienda-ms-pedidos] [           main] org.hibernate.HQL_FUNCTIONS              : Boolean array_intersects(ARRAY array0, OBJECT array1)
2024-12-15T14:03:58.959-03:00 DEBUG 25938 --- [tienda-ms-pedidos] [           main] org.hibernate.HQL_FUNCTIONS              : Boolean array_intersects_nullable(ARRAY array0, OBJECT array1)
2024-12-15T14:03:58.959-03:00 DEBUG 25938 --- [tienda-ms-pedidos] [           main] org.hibernate.HQL_FUNCTIONS              : Integer array_length(ARRAY array)
2024-12-15T14:03:58.959-03:00 DEBUG 25938 --- [tienda-ms-pedidos] [           main] org.hibernate.HQL_FUNCTIONS              : array_list( ... )
2024-12-15T14:03:58.959-03:00 DEBUG 25938 --- [tienda-ms-pedidos] [           main] org.hibernate.HQL_FUNCTIONS              : Boolean array_overlaps(ARRAY array0, OBJECT array1)
2024-12-15T14:03:58.959-03:00 DEBUG 25938 --- [tienda-ms-pedidos] [           main] org.hibernate.HQL_FUNCTIONS              : Boolean array_overlaps_nullable(ARRAY array0, OBJECT array1)
2024-12-15T14:03:58.959-03:00 DEBUG 25938 --- [tienda-ms-pedidos] [           main] org.hibernate.HQL_FUNCTIONS              : Integer array_position(ARRAY array, OBJECT element[, INTEGER startPosition])
2024-12-15T14:03:58.959-03:00 DEBUG 25938 --- [tienda-ms-pedidos] [           main] org.hibernate.HQL_FUNCTIONS              : int[] array_positions(ARRAY array, OBJECT element)
2024-12-15T14:03:58.959-03:00 DEBUG 25938 --- [tienda-ms-pedidos] [           main] org.hibernate.HQL_FUNCTIONS              : List array_positions_list(ARRAY array, OBJECT element)
2024-12-15T14:03:58.959-03:00 DEBUG 25938 --- [tienda-ms-pedidos] [           main] org.hibernate.HQL_FUNCTIONS              : array_prepend( ... )
2024-12-15T14:03:58.959-03:00 DEBUG 25938 --- [tienda-ms-pedidos] [           main] org.hibernate.HQL_FUNCTIONS              : array_remove( ... )
2024-12-15T14:03:58.959-03:00 DEBUG 25938 --- [tienda-ms-pedidos] [           main] org.hibernate.HQL_FUNCTIONS              : array_remove_index( ... )
2024-12-15T14:03:58.959-03:00 DEBUG 25938 --- [tienda-ms-pedidos] [           main] org.hibernate.HQL_FUNCTIONS              : array_replace( ... )
2024-12-15T14:03:58.959-03:00 DEBUG 25938 --- [tienda-ms-pedidos] [           main] org.hibernate.HQL_FUNCTIONS              : array_set( ... )
2024-12-15T14:03:58.959-03:00 DEBUG 25938 --- [tienda-ms-pedidos] [           main] org.hibernate.HQL_FUNCTIONS              : array_slice( ... )
2024-12-15T14:03:58.959-03:00 DEBUG 25938 --- [tienda-ms-pedidos] [           main] org.hibernate.HQL_FUNCTIONS              : String array_to_string( ... )
2024-12-15T14:03:58.959-03:00 DEBUG 25938 --- [tienda-ms-pedidos] [           main] org.hibernate.HQL_FUNCTIONS              : array_trim( ... )
2024-12-15T14:03:58.959-03:00 DEBUG 25938 --- [tienda-ms-pedidos] [           main] org.hibernate.HQL_FUNCTIONS              : Integer ascii(STRING arg)
2024-12-15T14:03:58.959-03:00 DEBUG 25938 --- [tienda-ms-pedidos] [           main] org.hibernate.HQL_FUNCTIONS              : Double asin(NUMERIC arg)
2024-12-15T14:03:58.959-03:00 DEBUG 25938 --- [tienda-ms-pedidos] [           main] org.hibernate.HQL_FUNCTIONS              : Double atan(NUMERIC arg)
2024-12-15T14:03:58.959-03:00 DEBUG 25938 --- [tienda-ms-pedidos] [           main] org.hibernate.HQL_FUNCTIONS              : Double atan2(NUMERIC arg0, NUMERIC arg1)
2024-12-15T14:03:58.959-03:00 DEBUG 25938 --- [tienda-ms-pedidos] [           main] org.hibernate.HQL_FUNCTIONS              : avg(arg)
2024-12-15T14:03:58.960-03:00 DEBUG 25938 --- [tienda-ms-pedidos] [           main] org.hibernate.HQL_FUNCTIONS              : Integer bit_length(STRING_OR_CLOB arg)
2024-12-15T14:03:58.960-03:00 DEBUG 25938 --- [tienda-ms-pedidos] [           main] org.hibernate.HQL_FUNCTIONS              : bitand(arg0, arg1)
2024-12-15T14:03:58.960-03:00 DEBUG 25938 --- [tienda-ms-pedidos] [           main] org.hibernate.HQL_FUNCTIONS              : bitor(arg0, arg1)
2024-12-15T14:03:58.960-03:00 DEBUG 25938 --- [tienda-ms-pedidos] [           main] org.hibernate.HQL_FUNCTIONS              : bitxor(arg0, arg1)
2024-12-15T14:03:58.960-03:00 DEBUG 25938 --- [tienda-ms-pedidos] [           main] org.hibernate.HQL_FUNCTIONS              : cast(arg as Type)
2024-12-15T14:03:58.960-03:00 DEBUG 25938 --- [tienda-ms-pedidos] [           main] org.hibernate.HQL_FUNCTIONS              : ceil(NUMERIC arg)
2024-12-15T14:03:58.960-03:00 DEBUG 25938 --- [tienda-ms-pedidos] [           main] org.hibernate.HQL_FUNCTIONS              : ceiling(NUMERIC arg)
2024-12-15T14:03:58.960-03:00 DEBUG 25938 --- [tienda-ms-pedidos] [           main] org.hibernate.HQL_FUNCTIONS              : Character char(INTEGER arg)
2024-12-15T14:03:58.960-03:00 DEBUG 25938 --- [tienda-ms-pedidos] [           main] org.hibernate.HQL_FUNCTIONS              : Integer character_length(STRING_OR_CLOB arg)
2024-12-15T14:03:58.960-03:00 DEBUG 25938 --- [tienda-ms-pedidos] [           main] org.hibernate.HQL_FUNCTIONS              : Character chr(INTEGER arg)
2024-12-15T14:03:58.960-03:00 DEBUG 25938 --- [tienda-ms-pedidos] [           main] org.hibernate.HQL_FUNCTIONS              : coalesce(arg0[, arg1[, ...]])
2024-12-15T14:03:58.960-03:00 DEBUG 25938 --- [tienda-ms-pedidos] [           main] org.hibernate.HQL_FUNCTIONS              : String collate(STRING string as COLLATION collation)
2024-12-15T14:03:58.960-03:00 DEBUG 25938 --- [tienda-ms-pedidos] [           main] org.hibernate.HQL_FUNCTIONS              : String concat(STRING string0[, STRING string1[, ...]])
2024-12-15T14:03:58.960-03:00 DEBUG 25938 --- [tienda-ms-pedidos] [           main] org.hibernate.HQL_FUNCTIONS              : Double corr(NUMERIC arg0, NUMERIC arg1)
2024-12-15T14:03:58.960-03:00 DEBUG 25938 --- [tienda-ms-pedidos] [           main] org.hibernate.HQL_FUNCTIONS              : Double cos(NUMERIC arg)
2024-12-15T14:03:58.960-03:00 DEBUG 25938 --- [tienda-ms-pedidos] [           main] org.hibernate.HQL_FUNCTIONS              : Double cosh(NUMERIC arg)
2024-12-15T14:03:58.960-03:00 DEBUG 25938 --- [tienda-ms-pedidos] [           main] org.hibernate.HQL_FUNCTIONS              : Long count([distinct ]{arg|*})
2024-12-15T14:03:58.960-03:00 DEBUG 25938 --- [tienda-ms-pedidos] [           main] org.hibernate.HQL_FUNCTIONS              : Double covar_pop(NUMERIC arg0, NUMERIC arg1)
2024-12-15T14:03:58.960-03:00 DEBUG 25938 --- [tienda-ms-pedidos] [           main] org.hibernate.HQL_FUNCTIONS              : Double covar_samp(NUMERIC arg0, NUMERIC arg1)
2024-12-15T14:03:58.960-03:00 DEBUG 25938 --- [tienda-ms-pedidos] [           main] org.hibernate.HQL_FUNCTIONS              : Double cume_dist([arg0[, ...]])
2024-12-15T14:03:58.960-03:00 DEBUG 25938 --- [tienda-ms-pedidos] [           main] org.hibernate.HQL_FUNCTIONS              : Date current date
2024-12-15T14:03:58.960-03:00 DEBUG 25938 --- [tienda-ms-pedidos] [           main] org.hibernate.HQL_FUNCTIONS              : Time current time
2024-12-15T14:03:58.960-03:00 DEBUG 25938 --- [tienda-ms-pedidos] [           main] org.hibernate.HQL_FUNCTIONS              : Timestamp current timestamp
2024-12-15T14:03:58.960-03:00 DEBUG 25938 --- [tienda-ms-pedidos] [           main] org.hibernate.HQL_FUNCTIONS              : Date current_date
2024-12-15T14:03:58.960-03:00 DEBUG 25938 --- [tienda-ms-pedidos] [           main] org.hibernate.HQL_FUNCTIONS              : Instant current_instant
2024-12-15T14:03:58.960-03:00 DEBUG 25938 --- [tienda-ms-pedidos] [           main] org.hibernate.HQL_FUNCTIONS              : Time current_time
2024-12-15T14:03:58.960-03:00 DEBUG 25938 --- [tienda-ms-pedidos] [           main] org.hibernate.HQL_FUNCTIONS              : Timestamp current_timestamp
2024-12-15T14:03:58.960-03:00 DEBUG 25938 --- [tienda-ms-pedidos] [           main] org.hibernate.HQL_FUNCTIONS              : dateadd(TEMPORAL_UNIT field, INTEGER magnitude, TEMPORAL datetime)
2024-12-15T14:03:58.960-03:00 DEBUG 25938 --- [tienda-ms-pedidos] [           main] org.hibernate.HQL_FUNCTIONS              : Long|Double datediff(TEMPORAL_UNIT field, TEMPORAL start, TEMPORAL end)
2024-12-15T14:03:58.960-03:00 DEBUG 25938 --- [tienda-ms-pedidos] [           main] org.hibernate.HQL_FUNCTIONS              : Double degrees(NUMERIC arg)
2024-12-15T14:03:58.960-03:00 DEBUG 25938 --- [tienda-ms-pedidos] [           main] org.hibernate.HQL_FUNCTIONS              : Long dense_rank([arg0[, ...]])
2024-12-15T14:03:58.960-03:00 DEBUG 25938 --- [tienda-ms-pedidos] [           main] org.hibernate.HQL_FUNCTIONS              : Boolean every(BOOLEAN arg)
2024-12-15T14:03:58.960-03:00 DEBUG 25938 --- [tienda-ms-pedidos] [           main] org.hibernate.HQL_FUNCTIONS              : Double exp(NUMERIC arg)
2024-12-15T14:03:58.960-03:00 DEBUG 25938 --- [tienda-ms-pedidos] [           main] org.hibernate.HQL_FUNCTIONS              : extract(TEMPORAL_UNIT field from TEMPORAL arg)
2024-12-15T14:03:58.960-03:00 DEBUG 25938 --- [tienda-ms-pedidos] [           main] org.hibernate.HQL_FUNCTIONS              : first_valueANY value
2024-12-15T14:03:58.960-03:00 DEBUG 25938 --- [tienda-ms-pedidos] [           main] org.hibernate.HQL_FUNCTIONS              : floor(NUMERIC arg)
2024-12-15T14:03:58.960-03:00 DEBUG 25938 --- [tienda-ms-pedidos] [           main] org.hibernate.HQL_FUNCTIONS              : String format(TEMPORAL datetime as STRING pattern)
2024-12-15T14:03:58.960-03:00 DEBUG 25938 --- [tienda-ms-pedidos] [           main] org.hibernate.HQL_FUNCTIONS              : greatest(COMPARABLE arg0, COMPARABLE arg1[, arg2[, ...]])
2024-12-15T14:03:58.960-03:00 DEBUG 25938 --- [tienda-ms-pedidos] [           main] org.hibernate.HQL_FUNCTIONS              : ifnull(arg0, arg1)
2024-12-15T14:03:58.960-03:00 DEBUG 25938 --- [tienda-ms-pedidos] [           main] org.hibernate.HQL_FUNCTIONS              : String initcap(arg)
2024-12-15T14:03:58.960-03:00 DEBUG 25938 --- [tienda-ms-pedidos] [           main] org.hibernate.HQL_FUNCTIONS              : Instant instant
2024-12-15T14:03:58.960-03:00 DEBUG 25938 --- [tienda-ms-pedidos] [           main] org.hibernate.HQL_FUNCTIONS              : Integer instr(STRING string, STRING pattern[, INTEGER start[, INTEGER occurrence]])
2024-12-15T14:03:58.960-03:00 DEBUG 25938 --- [tienda-ms-pedidos] [           main] org.hibernate.HQL_FUNCTIONS              : lagANY value[, INTEGER offset[, ANY default]]
2024-12-15T14:03:58.960-03:00 DEBUG 25938 --- [tienda-ms-pedidos] [           main] org.hibernate.HQL_FUNCTIONS              : Date last_day(DATE arg)
2024-12-15T14:03:58.960-03:00 DEBUG 25938 --- [tienda-ms-pedidos] [           main] org.hibernate.HQL_FUNCTIONS              : last_valueANY value
2024-12-15T14:03:58.960-03:00 DEBUG 25938 --- [tienda-ms-pedidos] [           main] org.hibernate.HQL_FUNCTIONS              : leadANY value[, INTEGER offset[, ANY default]]
2024-12-15T14:03:58.960-03:00 DEBUG 25938 --- [tienda-ms-pedidos] [           main] org.hibernate.HQL_FUNCTIONS              : least(COMPARABLE arg0, COMPARABLE arg1[, arg2[, ...]])
2024-12-15T14:03:58.960-03:00 DEBUG 25938 --- [tienda-ms-pedidos] [           main] org.hibernate.HQL_FUNCTIONS              : String left(STRING string, INTEGER length)
2024-12-15T14:03:58.960-03:00 DEBUG 25938 --- [tienda-ms-pedidos] [           main] org.hibernate.HQL_FUNCTIONS              : length
2024-12-15T14:03:58.960-03:00 DEBUG 25938 --- [tienda-ms-pedidos] [           main] org.hibernate.HQL_FUNCTIONS              : String listagg(STRING arg0, STRING arg1)
2024-12-15T14:03:58.960-03:00 DEBUG 25938 --- [tienda-ms-pedidos] [           main] org.hibernate.HQL_FUNCTIONS              : Double ln(NUMERIC arg)
2024-12-15T14:03:58.960-03:00 DEBUG 25938 --- [tienda-ms-pedidos] [           main] org.hibernate.HQL_FUNCTIONS              : LocalDate local date
2024-12-15T14:03:58.960-03:00 DEBUG 25938 --- [tienda-ms-pedidos] [           main] org.hibernate.HQL_FUNCTIONS              : LocalDateTime local datetime
2024-12-15T14:03:58.960-03:00 DEBUG 25938 --- [tienda-ms-pedidos] [           main] org.hibernate.HQL_FUNCTIONS              : LocalTime local time
2024-12-15T14:03:58.960-03:00 DEBUG 25938 --- [tienda-ms-pedidos] [           main] org.hibernate.HQL_FUNCTIONS              : LocalDate local_date
2024-12-15T14:03:58.960-03:00 DEBUG 25938 --- [tienda-ms-pedidos] [           main] org.hibernate.HQL_FUNCTIONS              : LocalDateTime local_datetime
2024-12-15T14:03:58.960-03:00 DEBUG 25938 --- [tienda-ms-pedidos] [           main] org.hibernate.HQL_FUNCTIONS              : LocalTime local_time
2024-12-15T14:03:58.960-03:00 DEBUG 25938 --- [tienda-ms-pedidos] [           main] org.hibernate.HQL_FUNCTIONS              : Integer locate(pattern, string[, start])
2024-12-15T14:03:58.960-03:00 DEBUG 25938 --- [tienda-ms-pedidos] [           main] org.hibernate.HQL_FUNCTIONS              : Double log(NUMERIC arg0[, NUMERIC arg1])
2024-12-15T14:03:58.960-03:00 DEBUG 25938 --- [tienda-ms-pedidos] [           main] org.hibernate.HQL_FUNCTIONS              : Double log10(NUMERIC arg)
2024-12-15T14:03:58.960-03:00 DEBUG 25938 --- [tienda-ms-pedidos] [           main] org.hibernate.HQL_FUNCTIONS              : String lower(STRING string)
2024-12-15T14:03:58.960-03:00 DEBUG 25938 --- [tienda-ms-pedidos] [           main] org.hibernate.HQL_FUNCTIONS              : String lpad(STRING string, INTEGER length[, STRING padding])
2024-12-15T14:03:58.960-03:00 DEBUG 25938 --- [tienda-ms-pedidos] [           main] org.hibernate.HQL_FUNCTIONS              : String ltrim(STRING string[, STRING characters])
2024-12-15T14:03:58.960-03:00 DEBUG 25938 --- [tienda-ms-pedidos] [           main] org.hibernate.HQL_FUNCTIONS              : max(COMPARABLE arg)
2024-12-15T14:03:58.960-03:00 DEBUG 25938 --- [tienda-ms-pedidos] [           main] org.hibernate.HQL_FUNCTIONS              : Double median(NUMERIC arg)
2024-12-15T14:03:58.960-03:00 DEBUG 25938 --- [tienda-ms-pedidos] [           main] org.hibernate.HQL_FUNCTIONS              : min(COMPARABLE arg)
2024-12-15T14:03:58.960-03:00 DEBUG 25938 --- [tienda-ms-pedidos] [           main] org.hibernate.HQL_FUNCTIONS              : Integer mod(INTEGER arg0, INTEGER arg1)
2024-12-15T14:03:58.960-03:00 DEBUG 25938 --- [tienda-ms-pedidos] [           main] org.hibernate.HQL_FUNCTIONS              : mode()
2024-12-15T14:03:58.960-03:00 DEBUG 25938 --- [tienda-ms-pedidos] [           main] org.hibernate.HQL_FUNCTIONS              : Integer months_between(DATE end, DATE start)
2024-12-15T14:03:58.960-03:00 DEBUG 25938 --- [tienda-ms-pedidos] [           main] org.hibernate.HQL_FUNCTIONS              : nth_valueANY value, INTEGER nth
2024-12-15T14:03:58.960-03:00 DEBUG 25938 --- [tienda-ms-pedidos] [           main] org.hibernate.HQL_FUNCTIONS              : nullif(arg0, arg1)
2024-12-15T14:03:58.960-03:00 DEBUG 25938 --- [tienda-ms-pedidos] [           main] org.hibernate.HQL_FUNCTIONS              : Integer octet_length(STRING_OR_CLOB arg)
2024-12-15T14:03:58.960-03:00 DEBUG 25938 --- [tienda-ms-pedidos] [           main] org.hibernate.HQL_FUNCTIONS              : OffsetDateTime offset datetime
2024-12-15T14:03:58.960-03:00 DEBUG 25938 --- [tienda-ms-pedidos] [           main] org.hibernate.HQL_FUNCTIONS              : OffsetDateTime offset_datetime
2024-12-15T14:03:58.960-03:00 DEBUG 25938 --- [tienda-ms-pedidos] [           main] org.hibernate.HQL_FUNCTIONS              : String overlay(STRING string placing STRING replacement from INTEGER start[ for INTEGER length])
2024-12-15T14:03:58.960-03:00 DEBUG 25938 --- [tienda-ms-pedidos] [           main] org.hibernate.HQL_FUNCTIONS              : String pad(STRING string with INTEGER length {leading|trailing}[ STRING character])
2024-12-15T14:03:58.960-03:00 DEBUG 25938 --- [tienda-ms-pedidos] [           main] org.hibernate.HQL_FUNCTIONS              : Double percent_rank([arg0[, ...]])
2024-12-15T14:03:58.960-03:00 DEBUG 25938 --- [tienda-ms-pedidos] [           main] org.hibernate.HQL_FUNCTIONS              : percentile_cont(NUMERIC arg)
2024-12-15T14:03:58.960-03:00 DEBUG 25938 --- [tienda-ms-pedidos] [           main] org.hibernate.HQL_FUNCTIONS              : percentile_disc(NUMERIC arg)
2024-12-15T14:03:58.960-03:00 DEBUG 25938 --- [tienda-ms-pedidos] [           main] org.hibernate.HQL_FUNCTIONS              : Double pi
2024-12-15T14:03:58.960-03:00 DEBUG 25938 --- [tienda-ms-pedidos] [           main] org.hibernate.HQL_FUNCTIONS              : Integer position(STRING pattern in STRING string)
2024-12-15T14:03:58.960-03:00 DEBUG 25938 --- [tienda-ms-pedidos] [           main] org.hibernate.HQL_FUNCTIONS              : Double power(NUMERIC arg0, NUMERIC arg1)
2024-12-15T14:03:58.960-03:00 DEBUG 25938 --- [tienda-ms-pedidos] [           main] org.hibernate.HQL_FUNCTIONS              : Double radians(NUMERIC arg)
2024-12-15T14:03:58.960-03:00 DEBUG 25938 --- [tienda-ms-pedidos] [           main] org.hibernate.HQL_FUNCTIONS              : Long rank([arg0[, ...]])
2024-12-15T14:03:58.960-03:00 DEBUG 25938 --- [tienda-ms-pedidos] [           main] org.hibernate.HQL_FUNCTIONS              : Double regr_avgx(NUMERIC arg0, NUMERIC arg1)
2024-12-15T14:03:58.960-03:00 DEBUG 25938 --- [tienda-ms-pedidos] [           main] org.hibernate.HQL_FUNCTIONS              : Double regr_avgy(NUMERIC arg0, NUMERIC arg1)
2024-12-15T14:03:58.960-03:00 DEBUG 25938 --- [tienda-ms-pedidos] [           main] org.hibernate.HQL_FUNCTIONS              : Double regr_count(NUMERIC arg0, NUMERIC arg1)
2024-12-15T14:03:58.960-03:00 DEBUG 25938 --- [tienda-ms-pedidos] [           main] org.hibernate.HQL_FUNCTIONS              : Double regr_intercept(NUMERIC arg0, NUMERIC arg1)
2024-12-15T14:03:58.960-03:00 DEBUG 25938 --- [tienda-ms-pedidos] [           main] org.hibernate.HQL_FUNCTIONS              : Double regr_r2(NUMERIC arg0, NUMERIC arg1)
2024-12-15T14:03:58.960-03:00 DEBUG 25938 --- [tienda-ms-pedidos] [           main] org.hibernate.HQL_FUNCTIONS              : Double regr_slope(NUMERIC arg0, NUMERIC arg1)
2024-12-15T14:03:58.960-03:00 DEBUG 25938 --- [tienda-ms-pedidos] [           main] org.hibernate.HQL_FUNCTIONS              : Double regr_sxx(NUMERIC arg0, NUMERIC arg1)
2024-12-15T14:03:58.961-03:00 DEBUG 25938 --- [tienda-ms-pedidos] [           main] org.hibernate.HQL_FUNCTIONS              : Double regr_sxy(NUMERIC arg0, NUMERIC arg1)
2024-12-15T14:03:58.961-03:00 DEBUG 25938 --- [tienda-ms-pedidos] [           main] org.hibernate.HQL_FUNCTIONS              : Double regr_syy(NUMERIC arg0, NUMERIC arg1)
2024-12-15T14:03:58.961-03:00 DEBUG 25938 --- [tienda-ms-pedidos] [           main] org.hibernate.HQL_FUNCTIONS              : String repeat(STRING string, INTEGER times)
2024-12-15T14:03:58.961-03:00 DEBUG 25938 --- [tienda-ms-pedidos] [           main] org.hibernate.HQL_FUNCTIONS              : String replace(STRING string, STRING pattern, STRING replacement)
2024-12-15T14:03:58.961-03:00 DEBUG 25938 --- [tienda-ms-pedidos] [           main] org.hibernate.HQL_FUNCTIONS              : String right(STRING string, INTEGER length)
2024-12-15T14:03:58.961-03:00 DEBUG 25938 --- [tienda-ms-pedidos] [           main] org.hibernate.HQL_FUNCTIONS              : round(NUMERIC number[, INTEGER places])
2024-12-15T14:03:58.961-03:00 DEBUG 25938 --- [tienda-ms-pedidos] [           main] org.hibernate.HQL_FUNCTIONS              : Long row_number()
2024-12-15T14:03:58.961-03:00 DEBUG 25938 --- [tienda-ms-pedidos] [           main] org.hibernate.HQL_FUNCTIONS              : Long rowid
2024-12-15T14:03:58.961-03:00 DEBUG 25938 --- [tienda-ms-pedidos] [           main] org.hibernate.HQL_FUNCTIONS              : Long rownum
2024-12-15T14:03:58.961-03:00 DEBUG 25938 --- [tienda-ms-pedidos] [           main] org.hibernate.HQL_FUNCTIONS              : String rpad(STRING string, INTEGER length[, STRING padding])
2024-12-15T14:03:58.961-03:00 DEBUG 25938 --- [tienda-ms-pedidos] [           main] org.hibernate.HQL_FUNCTIONS              : String rtrim(STRING string[, STRING characters])
2024-12-15T14:03:58.961-03:00 DEBUG 25938 --- [tienda-ms-pedidos] [           main] org.hibernate.HQL_FUNCTIONS              : Integer sign(NUMERIC arg)
2024-12-15T14:03:58.961-03:00 DEBUG 25938 --- [tienda-ms-pedidos] [           main] org.hibernate.HQL_FUNCTIONS              : Double sin(NUMERIC arg)
2024-12-15T14:03:58.961-03:00 DEBUG 25938 --- [tienda-ms-pedidos] [           main] org.hibernate.HQL_FUNCTIONS              : Double sinh(NUMERIC arg)
2024-12-15T14:03:58.961-03:00 DEBUG 25938 --- [tienda-ms-pedidos] [           main] org.hibernate.HQL_FUNCTIONS              : String soundex(arg)
2024-12-15T14:03:58.961-03:00 DEBUG 25938 --- [tienda-ms-pedidos] [           main] org.hibernate.HQL_FUNCTIONS              : Object sql
2024-12-15T14:03:58.961-03:00 DEBUG 25938 --- [tienda-ms-pedidos] [           main] org.hibernate.HQL_FUNCTIONS              : Double sqrt(NUMERIC arg)
2024-12-15T14:03:58.961-03:00 DEBUG 25938 --- [tienda-ms-pedidos] [           main] org.hibernate.HQL_FUNCTIONS              : Double stddev(NUMERIC arg)
2024-12-15T14:03:58.961-03:00 DEBUG 25938 --- [tienda-ms-pedidos] [           main] org.hibernate.HQL_FUNCTIONS              : Double stddev_pop(NUMERIC arg)
2024-12-15T14:03:58.961-03:00 DEBUG 25938 --- [tienda-ms-pedidos] [           main] org.hibernate.HQL_FUNCTIONS              : Double stddev_samp(NUMERIC arg)
2024-12-15T14:03:58.961-03:00 DEBUG 25938 --- [tienda-ms-pedidos] [           main] org.hibernate.HQL_FUNCTIONS              : String str(arg)
2024-12-15T14:03:58.961-03:00 DEBUG 25938 --- [tienda-ms-pedidos] [           main] org.hibernate.HQL_FUNCTIONS              : String substr(STRING string, INTEGER start[, INTEGER length])
2024-12-15T14:03:58.961-03:00 DEBUG 25938 --- [tienda-ms-pedidos] [           main] org.hibernate.HQL_FUNCTIONS              : String substring(STRING string{ from|,} INTEGER start[{ for|,} INTEGER length])
2024-12-15T14:03:58.961-03:00 DEBUG 25938 --- [tienda-ms-pedidos] [           main] org.hibernate.HQL_FUNCTIONS              : sum(arg)
2024-12-15T14:03:58.961-03:00 DEBUG 25938 --- [tienda-ms-pedidos] [           main] org.hibernate.HQL_FUNCTIONS              : Timestamp sysdate
2024-12-15T14:03:58.961-03:00 DEBUG 25938 --- [tienda-ms-pedidos] [           main] org.hibernate.HQL_FUNCTIONS              : Timestamp systimestamp
2024-12-15T14:03:58.961-03:00 DEBUG 25938 --- [tienda-ms-pedidos] [           main] org.hibernate.HQL_FUNCTIONS              : Double tan(NUMERIC arg)
2024-12-15T14:03:58.961-03:00 DEBUG 25938 --- [tienda-ms-pedidos] [           main] org.hibernate.HQL_FUNCTIONS              : Double tanh(NUMERIC arg)
2024-12-15T14:03:58.961-03:00 DEBUG 25938 --- [tienda-ms-pedidos] [           main] org.hibernate.HQL_FUNCTIONS              : timestampadd(TEMPORAL_UNIT field, INTEGER magnitude, TEMPORAL datetime)
2024-12-15T14:03:58.961-03:00 DEBUG 25938 --- [tienda-ms-pedidos] [           main] org.hibernate.HQL_FUNCTIONS              : Long|Double timestampdiff(TEMPORAL_UNIT field, TEMPORAL start, TEMPORAL end)
2024-12-15T14:03:58.961-03:00 DEBUG 25938 --- [tienda-ms-pedidos] [           main] org.hibernate.HQL_FUNCTIONS              : String to_char(ANY arg0[, STRING arg1, STRING arg2])
2024-12-15T14:03:58.961-03:00 DEBUG 25938 --- [tienda-ms-pedidos] [           main] org.hibernate.HQL_FUNCTIONS              : Date to_date(STRING arg0[, STRING arg1, STRING arg2])
2024-12-15T14:03:58.961-03:00 DEBUG 25938 --- [tienda-ms-pedidos] [           main] org.hibernate.HQL_FUNCTIONS              : Double to_number(STRING arg0[, STRING arg1, STRING arg2])
2024-12-15T14:03:58.961-03:00 DEBUG 25938 --- [tienda-ms-pedidos] [           main] org.hibernate.HQL_FUNCTIONS              : Timestamp to_timestamp(STRING arg0[, STRING arg1, STRING arg2])
2024-12-15T14:03:58.961-03:00 DEBUG 25938 --- [tienda-ms-pedidos] [           main] org.hibernate.HQL_FUNCTIONS              : String translate(STRING arg0, STRING arg1, STRING arg2)
2024-12-15T14:03:58.961-03:00 DEBUG 25938 --- [tienda-ms-pedidos] [           main] org.hibernate.HQL_FUNCTIONS              : String trim([[{leading|trailing|both} ][STRING arg0 ]from] STRING arg1)
2024-12-15T14:03:58.961-03:00 DEBUG 25938 --- [tienda-ms-pedidos] [           main] org.hibernate.HQL_FUNCTIONS              : trunc( ... )
2024-12-15T14:03:58.961-03:00 DEBUG 25938 --- [tienda-ms-pedidos] [           main] org.hibernate.HQL_FUNCTIONS              : truncate( ... )
2024-12-15T14:03:58.961-03:00 DEBUG 25938 --- [tienda-ms-pedidos] [           main] org.hibernate.HQL_FUNCTIONS              : String upper(STRING string)
2024-12-15T14:03:58.961-03:00 DEBUG 25938 --- [tienda-ms-pedidos] [           main] org.hibernate.HQL_FUNCTIONS              : Double var_pop(NUMERIC arg)
2024-12-15T14:03:58.961-03:00 DEBUG 25938 --- [tienda-ms-pedidos] [           main] org.hibernate.HQL_FUNCTIONS              : Double var_samp(NUMERIC arg)
2024-12-15T14:03:58.961-03:00 DEBUG 25938 --- [tienda-ms-pedidos] [           main] org.hibernate.HQL_FUNCTIONS              : Double variance(NUMERIC arg)
2024-12-15T14:03:58.961-03:00 DEBUG 25938 --- [tienda-ms-pedidos] [           main] org.hibernate.orm.query.plan.cache       : Starting QueryInterpretationCache(2048)
2024-12-15T14:03:58.961-03:00 DEBUG 25938 --- [tienda-ms-pedidos] [           main] .h.s.i.SessionFactoryServiceRegistryImpl : EventListenerRegistry access via ServiceRegistry is deprecated.  Use `sessionFactory.getEventEngine().getListenerRegistry()` instead
2024-12-15T14:03:58.961-03:00 DEBUG 25938 --- [tienda-ms-pedidos] [           main] h.e.i.EntityCopyObserverFactoryInitiator : Configured EntityCopyObserver strategy: disallow
2024-12-15T14:03:58.962-03:00 DEBUG 25938 --- [tienda-ms-pedidos] [           main] org.hibernate.ormbytecode.interceptor    : To-one property `com.example.tienda_ms_pedidos.model.DetalleOrden#orden` was mapped with LAZY + NO_PROXY but the class was not enhanced
2024-12-15T14:03:58.962-03:00 DEBUG 25938 --- [tienda-ms-pedidos] [           main] org.hibernate.ormbytecode.interceptor    : To-one property `com.example.tienda_ms_pedidos.model.DetalleOrden#orden` was mapped with LAZY + NO_PROXY but the class was not enhanced
2024-12-15T14:03:58.962-03:00 DEBUG 25938 --- [tienda-ms-pedidos] [           main] o.h.boot.internal.ClassLoaderAccessImpl  : Not known whether passed class name [com.example.tienda_ms_pedidos.model.DetalleOrden] is safe
2024-12-15T14:03:58.962-03:00 DEBUG 25938 --- [tienda-ms-pedidos] [           main] o.h.boot.internal.ClassLoaderAccessImpl  : No temp ClassLoader provided; using live ClassLoader for loading potentially unsafe class : com.example.tienda_ms_pedidos.model.DetalleOrden
2024-12-15T14:03:58.970-03:00 DEBUG 25938 --- [tienda-ms-pedidos] [           main] o.h.b.i.bytebuddy.BytecodeProviderImpl   : HHH000513: Unable to create the ReflectionOptimizer for [com.example.tienda_ms_pedidos.model.DetalleOrden]: private accessor [cantidad]
2024-12-15T14:03:58.970-03:00 DEBUG 25938 --- [tienda-ms-pedidos] [           main] org.hibernate.ormbytecode.interceptor    : To-one property `com.example.tienda_ms_pedidos.model.DetalleOrden#orden` was mapped with LAZY + NO_PROXY but the class was not enhanced
2024-12-15T14:03:58.971-03:00 DEBUG 25938 --- [tienda-ms-pedidos] [           main] o.h.boot.internal.ClassLoaderAccessImpl  : Not known whether passed class name [com.example.tienda_ms_pedidos.model.Orden] is safe
2024-12-15T14:03:58.971-03:00 DEBUG 25938 --- [tienda-ms-pedidos] [           main] o.h.boot.internal.ClassLoaderAccessImpl  : No temp ClassLoader provided; using live ClassLoader for loading potentially unsafe class : com.example.tienda_ms_pedidos.model.Orden
2024-12-15T14:03:58.978-03:00 DEBUG 25938 --- [tienda-ms-pedidos] [           main] o.h.b.i.bytebuddy.BytecodeProviderImpl   : HHH000513: Unable to create the ReflectionOptimizer for [com.example.tienda_ms_pedidos.model.Orden]: private accessor [detalles]
2024-12-15T14:03:58.978-03:00 DEBUG 25938 --- [tienda-ms-pedidos] [           main] o.h.boot.internal.ClassLoaderAccessImpl  : Not known whether passed class name [com.example.tienda_ms_pedidos.model.Categoria] is safe
2024-12-15T14:03:58.978-03:00 DEBUG 25938 --- [tienda-ms-pedidos] [           main] o.h.boot.internal.ClassLoaderAccessImpl  : No temp ClassLoader provided; using live ClassLoader for loading potentially unsafe class : com.example.tienda_ms_pedidos.model.Categoria
2024-12-15T14:03:58.989-03:00 DEBUG 25938 --- [tienda-ms-pedidos] [           main] o.h.b.i.bytebuddy.BytecodeProviderImpl   : HHH000513: Unable to create the ReflectionOptimizer for [com.example.tienda_ms_pedidos.model.Categoria]: private accessor [descripcion]
2024-12-15T14:03:58.989-03:00 DEBUG 25938 --- [tienda-ms-pedidos] [           main] o.h.boot.internal.ClassLoaderAccessImpl  : Not known whether passed class name [com.example.tienda_ms_pedidos.model.Producto] is safe
2024-12-15T14:03:58.989-03:00 DEBUG 25938 --- [tienda-ms-pedidos] [           main] o.h.boot.internal.ClassLoaderAccessImpl  : No temp ClassLoader provided; using live ClassLoader for loading potentially unsafe class : com.example.tienda_ms_pedidos.model.Producto
2024-12-15T14:03:59.000-03:00 DEBUG 25938 --- [tienda-ms-pedidos] [           main] o.h.b.i.bytebuddy.BytecodeProviderImpl   : HHH000513: Unable to create the ReflectionOptimizer for [com.example.tienda_ms_pedidos.model.Producto]: private accessor [categorias]
2024-12-15T14:03:59.000-03:00 DEBUG 25938 --- [tienda-ms-pedidos] [           main] org.hibernate.orm.jdbc.mutation          : Skipping collection (re)creation - com.example.tienda_ms_pedidos.model.Orden.detalles
2024-12-15T14:03:59.000-03:00 DEBUG 25938 --- [tienda-ms-pedidos] [           main] org.hibernate.orm.jdbc.mutation          : Skipping collection row deletions - com.example.tienda_ms_pedidos.model.Orden.detalles
2024-12-15T14:03:59.000-03:00 DEBUG 25938 --- [tienda-ms-pedidos] [           main] org.hibernate.orm.jdbc.mutation          : Skipping collection removals - com.example.tienda_ms_pedidos.model.Orden.detalles
2024-12-15T14:03:59.000-03:00 DEBUG 25938 --- [tienda-ms-pedidos] [           main] org.hibernate.orm.jdbc.mutation          : Skipping collection inserts - com.example.tienda_ms_pedidos.model.Categoria.productos
2024-12-15T14:03:59.000-03:00 DEBUG 25938 --- [tienda-ms-pedidos] [           main] org.hibernate.orm.jdbc.mutation          : Skipping collection row updates - com.example.tienda_ms_pedidos.model.Categoria.productos
2024-12-15T14:03:59.000-03:00 DEBUG 25938 --- [tienda-ms-pedidos] [           main] org.hibernate.orm.jdbc.mutation          : Skipping collection row deletions - com.example.tienda_ms_pedidos.model.Categoria.productos
2024-12-15T14:03:59.000-03:00 DEBUG 25938 --- [tienda-ms-pedidos] [           main] org.hibernate.orm.jdbc.mutation          : Skipping collection removals - com.example.tienda_ms_pedidos.model.Categoria.productos
2024-12-15T14:03:59.000-03:00 DEBUG 25938 --- [tienda-ms-pedidos] [           main] org.hibernate.orm.jdbc.mutation          : Skipping collection row updates - com.example.tienda_ms_pedidos.model.Producto.categorias
2024-12-15T14:03:59.001-03:00 DEBUG 25938 --- [tienda-ms-pedidos] [           main] o.hibernate.orm.model.mapping.creation   : Starting post-init callbacks
2024-12-15T14:03:59.001-03:00 DEBUG 25938 --- [tienda-ms-pedidos] [           main] o.hibernate.orm.model.mapping.creation   : Starting PostInitCallbackEntry : To-one key - NavigableRole[com.example.tienda_ms_pedidos.model.DetalleOrden.orden]
2024-12-15T14:03:59.001-03:00 DEBUG 25938 --- [tienda-ms-pedidos] [           main] o.hibernate.orm.model.mapping.creation   : Starting PostInitCallbackEntry : Entity(com.example.tienda_ms_pedidos.model.DetalleOrden) `staticFetchableList` generator
2024-12-15T14:03:59.001-03:00 DEBUG 25938 --- [tienda-ms-pedidos] [           main] o.hibernate.orm.model.mapping.creation   : Starting PostInitCallbackEntry : PluralAttributeMapping( NavigableRole[com.example.tienda_ms_pedidos.model.Orden.detalles#{element}]) - element descriptor
2024-12-15T14:03:59.001-03:00 DEBUG 25938 --- [tienda-ms-pedidos] [           main] o.hibernate.orm.model.mapping.creation   : Starting PostInitCallbackEntry : PluralAttributeMapping(com.example.tienda_ms_pedidos.model.Orden.detalles)#finishInitialization
2024-12-15T14:03:59.001-03:00 DEBUG 25938 --- [tienda-ms-pedidos] [           main] o.hibernate.orm.model.mapping.creation   : Starting PostInitCallbackEntry : PluralAttributeMapping(com.example.tienda_ms_pedidos.model.Orden.detalles) - key descriptor
2024-12-15T14:03:59.001-03:00 DEBUG 25938 --- [tienda-ms-pedidos] [           main] o.hibernate.orm.model.mapping.creation   : Starting PostInitCallbackEntry : Entity(com.example.tienda_ms_pedidos.model.Orden) `staticFetchableList` generator
2024-12-15T14:03:59.001-03:00 DEBUG 25938 --- [tienda-ms-pedidos] [           main] o.hibernate.orm.model.mapping.creation   : Starting PostInitCallbackEntry : PluralAttributeMapping( NavigableRole[com.example.tienda_ms_pedidos.model.Categoria.productos#{element}]) - element descriptor
2024-12-15T14:03:59.001-03:00 DEBUG 25938 --- [tienda-ms-pedidos] [           main] o.hibernate.orm.model.mapping.creation   : Starting PostInitCallbackEntry : PluralAttributeMapping(com.example.tienda_ms_pedidos.model.Categoria.productos)#finishInitialization
2024-12-15T14:03:59.001-03:00 DEBUG 25938 --- [tienda-ms-pedidos] [           main] o.hibernate.orm.model.mapping.creation   : Starting PostInitCallbackEntry : PluralAttributeMapping(com.example.tienda_ms_pedidos.model.Categoria.productos) - key descriptor
2024-12-15T14:03:59.001-03:00 DEBUG 25938 --- [tienda-ms-pedidos] [           main] o.hibernate.orm.model.mapping.creation   : Starting PostInitCallbackEntry : Entity(com.example.tienda_ms_pedidos.model.Categoria) `staticFetchableList` generator
2024-12-15T14:03:59.001-03:00 DEBUG 25938 --- [tienda-ms-pedidos] [           main] o.hibernate.orm.model.mapping.creation   : Starting PostInitCallbackEntry : PluralAttributeMapping( NavigableRole[com.example.tienda_ms_pedidos.model.Producto.categorias#{element}]) - element descriptor
2024-12-15T14:03:59.001-03:00 DEBUG 25938 --- [tienda-ms-pedidos] [           main] o.hibernate.orm.model.mapping.creation   : Starting PostInitCallbackEntry : PluralAttributeMapping(com.example.tienda_ms_pedidos.model.Producto.categorias)#finishInitialization
2024-12-15T14:03:59.001-03:00 DEBUG 25938 --- [tienda-ms-pedidos] [           main] o.hibernate.orm.model.mapping.creation   : Starting PostInitCallbackEntry : PluralAttributeMapping(com.example.tienda_ms_pedidos.model.Producto.categorias) - key descriptor
2024-12-15T14:03:59.001-03:00 DEBUG 25938 --- [tienda-ms-pedidos] [           main] o.hibernate.orm.model.mapping.creation   : Starting PostInitCallbackEntry : Entity(com.example.tienda_ms_pedidos.model.Producto) `staticFetchableList` generator
2024-12-15T14:03:59.001-03:00 DEBUG 25938 --- [tienda-ms-pedidos] [           main] o.hibernate.orm.model.mapping.creation   : Starting PostInitCallbackEntry : PluralAttributeMapping( NavigableRole[com.example.tienda_ms_pedidos.model.Orden.detalles#{element}]) - element descriptor
2024-12-15T14:03:59.001-03:00 DEBUG 25938 --- [tienda-ms-pedidos] [           main] o.hibernate.orm.model.mapping.creation   : Starting PostInitCallbackEntry : PluralAttributeMapping( NavigableRole[com.example.tienda_ms_pedidos.model.Categoria.productos#{element}]) - element descriptor
2024-12-15T14:03:59.003-03:00 DEBUG 25938 --- [tienda-ms-pedidos] [           main] org.hibernate.orm.sql.ast.create         : Created new SQL alias : do1_0
2024-12-15T14:03:59.003-03:00 DEBUG 25938 --- [tienda-ms-pedidos] [           main] org.hibernate.orm.sql.ast.create         : Registration of TableGroup [StandardTableGroup(com.example.tienda_ms_pedidos.model.DetalleOrden)] with identifierForTableGroup [com.example.tienda_ms_pedidos.model.DetalleOrden] for NavigablePath [com.example.tienda_ms_pedidos.model.DetalleOrden] 
2024-12-15T14:03:59.003-03:00 DEBUG 25938 --- [tienda-ms-pedidos] [           main] org.hibernate.orm.sql.ast.create         : Registration of TableGroup [org.hibernate.sql.ast.tree.from.LazyTableGroup@116d043d] with identifierForTableGroup [com.example.tienda_ms_pedidos.model.DetalleOrden.orden] for NavigablePath [com.example.tienda_ms_pedidos.model.DetalleOrden.orden] 
2024-12-15T14:03:59.003-03:00 DEBUG 25938 --- [tienda-ms-pedidos] [           main] org.hibernate.orm.sql.ast.create         : Created new SQL alias : o1_0
2024-12-15T14:03:59.003-03:00 DEBUG 25938 --- [tienda-ms-pedidos] [           main] org.hibernate.orm.results.graph.AST      : DomainResult Graph:
 \-EntityResultImpl [com.example.tienda_ms_pedidos.model.DetalleOrden]
 |  +-BasicFetch [com.example.tienda_ms_pedidos.model.DetalleOrden.cantidad]
 |  +-BasicFetch [com.example.tienda_ms_pedidos.model.DetalleOrden.idProducto]
 |  +-BasicFetch [com.example.tienda_ms_pedidos.model.DetalleOrden.montoTotal]
 |  +-EntityFetchJoinedImpl [com.example.tienda_ms_pedidos.model.DetalleOrden.orden]
 |  |  +-DelayedCollectionFetch [com.example.tienda_ms_pedidos.model.DetalleOrden.orden.detalles]
 |  |  +-BasicFetch [com.example.tienda_ms_pedidos.model.DetalleOrden.orden.email]
 |  |  +-BasicFetch [com.example.tienda_ms_pedidos.model.DetalleOrden.orden.estado]
 |  |  +-BasicFetch [com.example.tienda_ms_pedidos.model.DetalleOrden.orden.fecha]
 |  |  \-BasicFetch [com.example.tienda_ms_pedidos.model.DetalleOrden.orden.montoTotal]
 |  \-BasicFetch [com.example.tienda_ms_pedidos.model.DetalleOrden.precio]

2024-12-15T14:03:59.003-03:00 DEBUG 25938 --- [tienda-ms-pedidos] [           main] org.hibernate.orm.sql.ast.tree           : SQL AST Tree:
    SelectStatement {
      FromClause {
        StandardTableGroup (do1 : com.example.tienda_ms_pedidos.model.DetalleOrden) {
          primaryTableReference : detalle_ordenes as do1_0
          TableGroupJoins {
            left  join LazyTableGroup (o1 : com.example.tienda_ms_pedidos.model.DetalleOrden.orden) {
              primaryTableReference : ordenes as o1_0
            }
          }
        }
      }
    }

2024-12-15T14:03:59.003-03:00 DEBUG 25938 --- [tienda-ms-pedidos] [           main] o.h.p.entity.AbstractEntityPersister     : Static SQL for entity: com.example.tienda_ms_pedidos.model.DetalleOrden
2024-12-15T14:03:59.003-03:00 DEBUG 25938 --- [tienda-ms-pedidos] [           main] o.h.p.entity.AbstractEntityPersister     :  Version select: /* get version com.example.tienda_ms_pedidos.model.DetalleOrden */ select id_detalle_orden from detalle_ordenes where id_detalle_orden=?
2024-12-15T14:03:59.003-03:00 DEBUG 25938 --- [tienda-ms-pedidos] [           main] o.h.p.entity.AbstractEntityPersister     :  Insert (0): /* insert for com.example.tienda_ms_pedidos.model.DetalleOrden */insert into detalle_ordenes (cantidad,id_producto,monto_total,id_orden,precio,id_detalle_orden) values (?,?,?,?,?,default)
2024-12-15T14:03:59.003-03:00 DEBUG 25938 --- [tienda-ms-pedidos] [           main] o.h.p.entity.AbstractEntityPersister     :  Update (0): /* update for com.example.tienda_ms_pedidos.model.DetalleOrden */update detalle_ordenes set cantidad=?,id_producto=?,monto_total=?,id_orden=?,precio=? where id_detalle_orden=?
2024-12-15T14:03:59.003-03:00 DEBUG 25938 --- [tienda-ms-pedidos] [           main] o.h.p.entity.AbstractEntityPersister     :  Delete (0): /* delete for com.example.tienda_ms_pedidos.model.DetalleOrden */delete from detalle_ordenes where id_detalle_orden=?
2024-12-15T14:03:59.003-03:00 DEBUG 25938 --- [tienda-ms-pedidos] [           main] org.hibernate.orm.sql.ast.create         : Created new SQL alias : o1_0
2024-12-15T14:03:59.003-03:00 DEBUG 25938 --- [tienda-ms-pedidos] [           main] org.hibernate.orm.sql.ast.create         : Registration of TableGroup [StandardTableGroup(com.example.tienda_ms_pedidos.model.Orden)] with identifierForTableGroup [com.example.tienda_ms_pedidos.model.Orden] for NavigablePath [com.example.tienda_ms_pedidos.model.Orden] 
2024-12-15T14:03:59.003-03:00 DEBUG 25938 --- [tienda-ms-pedidos] [           main] org.hibernate.orm.results.graph.AST      : DomainResult Graph:
 \-EntityResultImpl [com.example.tienda_ms_pedidos.model.Orden]
 |  +-DelayedCollectionFetch [com.example.tienda_ms_pedidos.model.Orden.detalles]
 |  +-BasicFetch [com.example.tienda_ms_pedidos.model.Orden.email]
 |  +-BasicFetch [com.example.tienda_ms_pedidos.model.Orden.estado]
 |  +-BasicFetch [com.example.tienda_ms_pedidos.model.Orden.fecha]
 |  \-BasicFetch [com.example.tienda_ms_pedidos.model.Orden.montoTotal]

2024-12-15T14:03:59.003-03:00 DEBUG 25938 --- [tienda-ms-pedidos] [           main] org.hibernate.orm.sql.ast.tree           : SQL AST Tree:
    SelectStatement {
      FromClause {
        StandardTableGroup (o1 : com.example.tienda_ms_pedidos.model.Orden) {
          primaryTableReference : ordenes as o1_0
        }
      }
    }

2024-12-15T14:03:59.003-03:00 DEBUG 25938 --- [tienda-ms-pedidos] [           main] o.h.p.entity.AbstractEntityPersister     : Static SQL for entity: com.example.tienda_ms_pedidos.model.Orden
2024-12-15T14:03:59.003-03:00 DEBUG 25938 --- [tienda-ms-pedidos] [           main] o.h.p.entity.AbstractEntityPersister     :  Version select: /* get version com.example.tienda_ms_pedidos.model.Orden */ select id_orden from ordenes where id_orden=?
2024-12-15T14:03:59.003-03:00 DEBUG 25938 --- [tienda-ms-pedidos] [           main] o.h.p.entity.AbstractEntityPersister     :  Insert (0): /* insert for com.example.tienda_ms_pedidos.model.Orden */insert into ordenes (email,estado,fecha,monto_total,id_orden) values (?,?,?,?,default)
2024-12-15T14:03:59.003-03:00 DEBUG 25938 --- [tienda-ms-pedidos] [           main] o.h.p.entity.AbstractEntityPersister     :  Update (0): /* update for com.example.tienda_ms_pedidos.model.Orden */update ordenes set email=?,estado=?,fecha=?,monto_total=? where id_orden=?
2024-12-15T14:03:59.003-03:00 DEBUG 25938 --- [tienda-ms-pedidos] [           main] o.h.p.entity.AbstractEntityPersister     :  Delete (0): /* delete for com.example.tienda_ms_pedidos.model.Orden */delete from ordenes where id_orden=?
2024-12-15T14:03:59.004-03:00 DEBUG 25938 --- [tienda-ms-pedidos] [           main] org.hibernate.orm.sql.ast.create         : Created new SQL alias : c1_0
2024-12-15T14:03:59.004-03:00 DEBUG 25938 --- [tienda-ms-pedidos] [           main] org.hibernate.orm.sql.ast.create         : Registration of TableGroup [StandardTableGroup(com.example.tienda_ms_pedidos.model.Categoria)] with identifierForTableGroup [com.example.tienda_ms_pedidos.model.Categoria] for NavigablePath [com.example.tienda_ms_pedidos.model.Categoria] 
2024-12-15T14:03:59.004-03:00 DEBUG 25938 --- [tienda-ms-pedidos] [           main] org.hibernate.orm.sql.ast.create         : Created new SQL alias : p1_0
2024-12-15T14:03:59.004-03:00 DEBUG 25938 --- [tienda-ms-pedidos] [           main] org.hibernate.orm.sql.ast.create         : Registration of TableGroup [CollectionTableGroup(com.example.tienda_ms_pedidos.model.Categoria.productos)] with identifierForTableGroup [com.example.tienda_ms_pedidos.model.Categoria.productos] for NavigablePath [com.example.tienda_ms_pedidos.model.Categoria.productos] 
2024-12-15T14:03:59.004-03:00 DEBUG 25938 --- [tienda-ms-pedidos] [           main] org.hibernate.orm.sql.ast.create         : Registration of TableGroup [org.hibernate.sql.ast.tree.from.LazyTableGroup@26dc66ed] with identifierForTableGroup [com.example.tienda_ms_pedidos.model.Categoria.productos.{element}] for NavigablePath [com.example.tienda_ms_pedidos.model.Categoria.productos.{element}] 
2024-12-15T14:03:59.004-03:00 DEBUG 25938 --- [tienda-ms-pedidos] [           main] org.hibernate.orm.sql.ast.create         : Created new SQL alias : p1_1
2024-12-15T14:03:59.004-03:00 DEBUG 25938 --- [tienda-ms-pedidos] [           main] org.hibernate.orm.results.graph.AST      : DomainResult Graph:
 \-EntityResultImpl [com.example.tienda_ms_pedidos.model.Categoria]
 |  +-BasicFetch [com.example.tienda_ms_pedidos.model.Categoria.descripcion]
 |  +-BasicFetch [com.example.tienda_ms_pedidos.model.Categoria.nombre]
 |  \-EagerCollectionFetch [com.example.tienda_ms_pedidos.model.Categoria.productos]
 |  |  \-EntityFetchJoinedImpl [com.example.tienda_ms_pedidos.model.Categoria.productos.{element}]
 |  |  |  +-SelectEagerCollectionFetch [com.example.tienda_ms_pedidos.model.Categoria.productos.{element}.categorias]
 |  |  |  +-BasicFetch [com.example.tienda_ms_pedidos.model.Categoria.productos.{element}.descripcion]
 |  |  |  +-BasicFetch [com.example.tienda_ms_pedidos.model.Categoria.productos.{element}.imagen]
 |  |  |  +-BasicFetch [com.example.tienda_ms_pedidos.model.Categoria.productos.{element}.nombre]
 |  |  |  +-BasicFetch [com.example.tienda_ms_pedidos.model.Categoria.productos.{element}.precio]
 |  |  |  \-BasicFetch [com.example.tienda_ms_pedidos.model.Categoria.productos.{element}.stock]

2024-12-15T14:03:59.004-03:00 DEBUG 25938 --- [tienda-ms-pedidos] [           main] org.hibernate.orm.sql.ast.tree           : SQL AST Tree:
    SelectStatement {
      FromClause {
        StandardTableGroup (c1 : com.example.tienda_ms_pedidos.model.Categoria) {
          primaryTableReference : categoria as c1_0
          TableGroupJoins {
            left  join CollectionTableGroup (p1 : com.example.tienda_ms_pedidos.model.Categoria.productos) {
              primaryTableReference : producto_categoria as p1_0
              TableGroupJoins {
                left  join LazyTableGroup (p1 : com.example.tienda_ms_pedidos.model.Categoria.productos.{element}) {
                  primaryTableReference : producto as p1_1
                }
              }
            }
          }
        }
      }
    }

2024-12-15T14:03:59.004-03:00 DEBUG 25938 --- [tienda-ms-pedidos] [           main] o.h.p.entity.AbstractEntityPersister     : Static SQL for entity: com.example.tienda_ms_pedidos.model.Categoria
2024-12-15T14:03:59.004-03:00 DEBUG 25938 --- [tienda-ms-pedidos] [           main] o.h.p.entity.AbstractEntityPersister     :  Version select: /* get version com.example.tienda_ms_pedidos.model.Categoria */ select id_categoria from categoria where id_categoria=?
2024-12-15T14:03:59.004-03:00 DEBUG 25938 --- [tienda-ms-pedidos] [           main] o.h.p.entity.AbstractEntityPersister     :  Insert (0): /* insert for com.example.tienda_ms_pedidos.model.Categoria */insert into categoria (descripcion,nombre,id_categoria) values (?,?,default)
2024-12-15T14:03:59.004-03:00 DEBUG 25938 --- [tienda-ms-pedidos] [           main] o.h.p.entity.AbstractEntityPersister     :  Update (0): /* update for com.example.tienda_ms_pedidos.model.Categoria */update categoria set descripcion=?,nombre=? where id_categoria=?
2024-12-15T14:03:59.004-03:00 DEBUG 25938 --- [tienda-ms-pedidos] [           main] o.h.p.entity.AbstractEntityPersister     :  Delete (0): /* delete for com.example.tienda_ms_pedidos.model.Categoria */delete from categoria where id_categoria=?
2024-12-15T14:03:59.004-03:00 DEBUG 25938 --- [tienda-ms-pedidos] [           main] org.hibernate.orm.sql.ast.create         : Created new SQL alias : p1_0
2024-12-15T14:03:59.004-03:00 DEBUG 25938 --- [tienda-ms-pedidos] [           main] org.hibernate.orm.sql.ast.create         : Registration of TableGroup [StandardTableGroup(com.example.tienda_ms_pedidos.model.Producto)] with identifierForTableGroup [com.example.tienda_ms_pedidos.model.Producto] for NavigablePath [com.example.tienda_ms_pedidos.model.Producto] 
2024-12-15T14:03:59.004-03:00 DEBUG 25938 --- [tienda-ms-pedidos] [           main] org.hibernate.orm.sql.ast.create         : Created new SQL alias : c1_0
2024-12-15T14:03:59.004-03:00 DEBUG 25938 --- [tienda-ms-pedidos] [           main] org.hibernate.orm.sql.ast.create         : Registration of TableGroup [CollectionTableGroup(com.example.tienda_ms_pedidos.model.Producto.categorias)] with identifierForTableGroup [com.example.tienda_ms_pedidos.model.Producto.categorias] for NavigablePath [com.example.tienda_ms_pedidos.model.Producto.categorias] 
2024-12-15T14:03:59.004-03:00 DEBUG 25938 --- [tienda-ms-pedidos] [           main] org.hibernate.orm.sql.ast.create         : Registration of TableGroup [org.hibernate.sql.ast.tree.from.LazyTableGroup@25213dbe] with identifierForTableGroup [com.example.tienda_ms_pedidos.model.Producto.categorias.{element}] for NavigablePath [com.example.tienda_ms_pedidos.model.Producto.categorias.{element}] 
2024-12-15T14:03:59.004-03:00 DEBUG 25938 --- [tienda-ms-pedidos] [           main] org.hibernate.orm.sql.ast.create         : Created new SQL alias : c1_1
2024-12-15T14:03:59.004-03:00 DEBUG 25938 --- [tienda-ms-pedidos] [           main] org.hibernate.orm.results.graph.AST      : DomainResult Graph:
 \-EntityResultImpl [com.example.tienda_ms_pedidos.model.Producto]
 |  +-EagerCollectionFetch [com.example.tienda_ms_pedidos.model.Producto.categorias]
 |  |  \-EntityFetchJoinedImpl [com.example.tienda_ms_pedidos.model.Producto.categorias.{element}]
 |  |  |  +-BasicFetch [com.example.tienda_ms_pedidos.model.Producto.categorias.{element}.descripcion]
 |  |  |  +-BasicFetch [com.example.tienda_ms_pedidos.model.Producto.categorias.{element}.nombre]
 |  |  |  \-SelectEagerCollectionFetch [com.example.tienda_ms_pedidos.model.Producto.categorias.{element}.productos]
 |  +-BasicFetch [com.example.tienda_ms_pedidos.model.Producto.descripcion]
 |  +-BasicFetch [com.example.tienda_ms_pedidos.model.Producto.imagen]
 |  +-BasicFetch [com.example.tienda_ms_pedidos.model.Producto.nombre]
 |  +-BasicFetch [com.example.tienda_ms_pedidos.model.Producto.precio]
 |  \-BasicFetch [com.example.tienda_ms_pedidos.model.Producto.stock]

2024-12-15T14:03:59.004-03:00 DEBUG 25938 --- [tienda-ms-pedidos] [           main] org.hibernate.orm.sql.ast.tree           : SQL AST Tree:
    SelectStatement {
      FromClause {
        StandardTableGroup (p1 : com.example.tienda_ms_pedidos.model.Producto) {
          primaryTableReference : producto as p1_0
          TableGroupJoins {
            left  join CollectionTableGroup (c1 : com.example.tienda_ms_pedidos.model.Producto.categorias) {
              primaryTableReference : producto_categoria as c1_0
              TableGroupJoins {
                left  join LazyTableGroup (c1 : com.example.tienda_ms_pedidos.model.Producto.categorias.{element}) {
                  primaryTableReference : categoria as c1_1
                }
              }
            }
          }
        }
      }
    }

2024-12-15T14:03:59.004-03:00 DEBUG 25938 --- [tienda-ms-pedidos] [           main] o.h.p.entity.AbstractEntityPersister     : Static SQL for entity: com.example.tienda_ms_pedidos.model.Producto
2024-12-15T14:03:59.004-03:00 DEBUG 25938 --- [tienda-ms-pedidos] [           main] o.h.p.entity.AbstractEntityPersister     :  Version select: /* get version com.example.tienda_ms_pedidos.model.Producto */ select id_producto from producto where id_producto=?
2024-12-15T14:03:59.005-03:00 DEBUG 25938 --- [tienda-ms-pedidos] [           main] o.h.p.entity.AbstractEntityPersister     :  Insert (0): /* insert for com.example.tienda_ms_pedidos.model.Producto */insert into producto (descripcion,imagen,nombre,precio,stock,id_producto) values (?,?,?,?,?,default)
2024-12-15T14:03:59.005-03:00 DEBUG 25938 --- [tienda-ms-pedidos] [           main] o.h.p.entity.AbstractEntityPersister     :  Update (0): /* update for com.example.tienda_ms_pedidos.model.Producto */update producto set descripcion=?,imagen=?,nombre=?,precio=?,stock=? where id_producto=?
2024-12-15T14:03:59.005-03:00 DEBUG 25938 --- [tienda-ms-pedidos] [           main] o.h.p.entity.AbstractEntityPersister     :  Delete (0): /* delete for com.example.tienda_ms_pedidos.model.Producto */delete from producto where id_producto=?
2024-12-15T14:03:59.005-03:00 DEBUG 25938 --- [tienda-ms-pedidos] [           main] org.hibernate.orm.sql.ast.create         : Created new SQL alias : d1_0
2024-12-15T14:03:59.005-03:00 DEBUG 25938 --- [tienda-ms-pedidos] [           main] org.hibernate.orm.sql.ast.create         : Registration of TableGroup [org.hibernate.sql.ast.tree.from.OneToManyTableGroup@dd3a4cc] with identifierForTableGroup [com.example.tienda_ms_pedidos.model.Orden.detalles] for NavigablePath [com.example.tienda_ms_pedidos.model.Orden.detalles] 
2024-12-15T14:03:59.005-03:00 DEBUG 25938 --- [tienda-ms-pedidos] [           main] org.hibernate.orm.sql.ast.create         : Registration of TableGroup [StandardTableGroup(com.example.tienda_ms_pedidos.model.Orden.detalles.{element})] with identifierForTableGroup [com.example.tienda_ms_pedidos.model.Orden.detalles.{element}] for NavigablePath [com.example.tienda_ms_pedidos.model.Orden.detalles.{element}] 
2024-12-15T14:03:59.005-03:00 DEBUG 25938 --- [tienda-ms-pedidos] [           main] org.hibernate.orm.sql.ast.create         : Registration of TableGroup [org.hibernate.sql.ast.tree.from.LazyTableGroup@42a11898] with identifierForTableGroup [com.example.tienda_ms_pedidos.model.Orden.detalles.{element}.orden] for NavigablePath [com.example.tienda_ms_pedidos.model.Orden.detalles.{element}.orden] 
2024-12-15T14:03:59.005-03:00 DEBUG 25938 --- [tienda-ms-pedidos] [           main] org.hibernate.orm.results.graph.AST      : DomainResult Graph:
 \-CollectionDomainResult [com.example.tienda_ms_pedidos.model.Orden.detalles]

2024-12-15T14:03:59.005-03:00 DEBUG 25938 --- [tienda-ms-pedidos] [           main] org.hibernate.orm.sql.ast.tree           : SQL AST Tree:
    SelectStatement {
      FromClause {
        OneToManyTableGroup (d1 : com.example.tienda_ms_pedidos.model.Orden.detalles) {
          primaryTableReference : detalle_ordenes as d1_0
          TableGroupJoins {
            left  join LazyTableGroup (o1 : com.example.tienda_ms_pedidos.model.Orden.detalles.{element}.orden) {
            }
          }
        }
      }
    }

2024-12-15T14:03:59.005-03:00 DEBUG 25938 --- [tienda-ms-pedidos] [           main] org.hibernate.orm.jdbc.mutation          : Static SQL for collection: com.example.tienda_ms_pedidos.model.Orden.detalles
2024-12-15T14:03:59.005-03:00 DEBUG 25938 --- [tienda-ms-pedidos] [           main] org.hibernate.orm.sql.ast.create         : Created new SQL alias : p1_0
2024-12-15T14:03:59.005-03:00 DEBUG 25938 --- [tienda-ms-pedidos] [           main] org.hibernate.orm.sql.ast.create         : Registration of TableGroup [CollectionTableGroup(com.example.tienda_ms_pedidos.model.Categoria.productos)] with identifierForTableGroup [com.example.tienda_ms_pedidos.model.Categoria.productos] for NavigablePath [com.example.tienda_ms_pedidos.model.Categoria.productos] 
2024-12-15T14:03:59.005-03:00 DEBUG 25938 --- [tienda-ms-pedidos] [           main] org.hibernate.orm.sql.ast.create         : Registration of TableGroup [org.hibernate.sql.ast.tree.from.LazyTableGroup@4c5f780f] with identifierForTableGroup [com.example.tienda_ms_pedidos.model.Categoria.productos.{element}] for NavigablePath [com.example.tienda_ms_pedidos.model.Categoria.productos.{element}] 
2024-12-15T14:03:59.005-03:00 DEBUG 25938 --- [tienda-ms-pedidos] [           main] org.hibernate.orm.sql.ast.create         : Created new SQL alias : p1_1
2024-12-15T14:03:59.005-03:00 DEBUG 25938 --- [tienda-ms-pedidos] [           main] org.hibernate.orm.results.graph.AST      : DomainResult Graph:
 \-CollectionDomainResult [com.example.tienda_ms_pedidos.model.Categoria.productos]

2024-12-15T14:03:59.005-03:00 DEBUG 25938 --- [tienda-ms-pedidos] [           main] org.hibernate.orm.sql.ast.tree           : SQL AST Tree:
    SelectStatement {
      FromClause {
        CollectionTableGroup (p1 : com.example.tienda_ms_pedidos.model.Categoria.productos) {
          primaryTableReference : producto_categoria as p1_0
          TableGroupJoins {
             join LazyTableGroup (p1 : com.example.tienda_ms_pedidos.model.Categoria.productos.{element}) {
              primaryTableReference : producto as p1_1
            }
          }
        }
      }
    }

2024-12-15T14:03:59.005-03:00 DEBUG 25938 --- [tienda-ms-pedidos] [           main] org.hibernate.orm.jdbc.mutation          : Static SQL for collection: com.example.tienda_ms_pedidos.model.Categoria.productos
2024-12-15T14:03:59.005-03:00 DEBUG 25938 --- [tienda-ms-pedidos] [           main] org.hibernate.orm.sql.ast.create         : Created new SQL alias : c1_0
2024-12-15T14:03:59.005-03:00 DEBUG 25938 --- [tienda-ms-pedidos] [           main] org.hibernate.orm.sql.ast.create         : Registration of TableGroup [CollectionTableGroup(com.example.tienda_ms_pedidos.model.Producto.categorias)] with identifierForTableGroup [com.example.tienda_ms_pedidos.model.Producto.categorias] for NavigablePath [com.example.tienda_ms_pedidos.model.Producto.categorias] 
2024-12-15T14:03:59.005-03:00 DEBUG 25938 --- [tienda-ms-pedidos] [           main] org.hibernate.orm.sql.ast.create         : Registration of TableGroup [org.hibernate.sql.ast.tree.from.LazyTableGroup@1695e64b] with identifierForTableGroup [com.example.tienda_ms_pedidos.model.Producto.categorias.{element}] for NavigablePath [com.example.tienda_ms_pedidos.model.Producto.categorias.{element}] 
2024-12-15T14:03:59.005-03:00 DEBUG 25938 --- [tienda-ms-pedidos] [           main] org.hibernate.orm.sql.ast.create         : Created new SQL alias : c1_1
2024-12-15T14:03:59.005-03:00 DEBUG 25938 --- [tienda-ms-pedidos] [           main] org.hibernate.orm.results.graph.AST      : DomainResult Graph:
 \-CollectionDomainResult [com.example.tienda_ms_pedidos.model.Producto.categorias]

2024-12-15T14:03:59.005-03:00 DEBUG 25938 --- [tienda-ms-pedidos] [           main] org.hibernate.orm.sql.ast.tree           : SQL AST Tree:
    SelectStatement {
      FromClause {
        CollectionTableGroup (c1 : com.example.tienda_ms_pedidos.model.Producto.categorias) {
          primaryTableReference : producto_categoria as c1_0
          TableGroupJoins {
             join LazyTableGroup (c1 : com.example.tienda_ms_pedidos.model.Producto.categorias.{element}) {
              primaryTableReference : categoria as c1_1
            }
          }
        }
      }
    }

2024-12-15T14:03:59.005-03:00 DEBUG 25938 --- [tienda-ms-pedidos] [           main] org.hibernate.orm.jdbc.mutation          : Static SQL for collection: com.example.tienda_ms_pedidos.model.Producto.categorias
2024-12-15T14:03:59.005-03:00 DEBUG 25938 --- [tienda-ms-pedidos] [           main] org.hibernate.orm.jdbc.mutation          :  Row insert: /* insert for com.example.tienda_ms_pedidos.model.Producto.categorias */insert into producto_categoria (id_producto,id_categoria) values (?,?)
2024-12-15T14:03:59.006-03:00 DEBUG 25938 --- [tienda-ms-pedidos] [           main] org.hibernate.orm.jdbc.mutation          :  Row delete: /* delete for com.example.tienda_ms_pedidos.model.Producto.categorias */delete from producto_categoria where id_producto=? and id_categoria=?
2024-12-15T14:03:59.006-03:00 DEBUG 25938 --- [tienda-ms-pedidos] [           main] org.hibernate.orm.jdbc.mutation          :  One-shot delete: /* one-shot delete for com.example.tienda_ms_pedidos.model.Producto.categorias */delete from producto_categoria where id_producto=?
2024-12-15T14:03:59.006-03:00  INFO 25938 --- [tienda-ms-pedidos] [           main] o.h.e.t.j.p.i.JtaPlatformInitiator       : HHH000489: No JTA platform available (set 'hibernate.transaction.jta.platform' to enable JTA platform integration)
2024-12-15T14:03:59.006-03:00 DEBUG 25938 --- [tienda-ms-pedidos] [           main] o.h.type.spi.TypeConfiguration$Scope     : Scoping TypeConfiguration [org.hibernate.type.spi.TypeConfiguration@135060fb] to SessionFactoryImplementor [org.hibernate.internal.SessionFactoryImpl@552c6663]
2024-12-15T14:03:59.006-03:00 DEBUG 25938 --- [tienda-ms-pedidos] [           main] o.h.query.named.NamedObjectRepository    : Checking 0 named HQL queries
2024-12-15T14:03:59.006-03:00 DEBUG 25938 --- [tienda-ms-pedidos] [           main] o.h.query.named.NamedObjectRepository    : Checking 0 named SQL queries
2024-12-15T14:03:59.006-03:00 DEBUG 25938 --- [tienda-ms-pedidos] [           main] .h.t.s.s.SchemaManagementToolCoordinator : No schema actions specified for contributor `orm`; doing nothing
2024-12-15T14:03:59.006-03:00 DEBUG 25938 --- [tienda-ms-pedidos] [           main] .h.t.s.s.SchemaManagementToolCoordinator : No actions found; doing nothing
2024-12-15T14:03:59.006-03:00 DEBUG 25938 --- [tienda-ms-pedidos] [           main] o.h.internal.SessionFactoryRegistry      : Registering SessionFactory: 4a7e26d9-e497-4264-a1c0-af48f0df2762 (<unnamed>)
2024-12-15T14:03:59.006-03:00 DEBUG 25938 --- [tienda-ms-pedidos] [           main] o.h.internal.SessionFactoryRegistry      : Not binding SessionFactory to JNDI, no JNDI name configured
2024-12-15T14:03:59.007-03:00 DEBUG 25938 --- [tienda-ms-pedidos] [           main] o.hibernate.internal.SessionFactoryImpl  : Instantiated SessionFactory
2024-12-15T14:03:59.007-03:00  INFO 25938 --- [tienda-ms-pedidos] [           main] j.LocalContainerEntityManagerFactoryBean : Initialized JPA EntityManagerFactory for persistence unit 'default'
2024-12-15T14:03:59.007-03:00 DEBUG 25938 --- [tienda-ms-pedidos] [           main] o.s.b.f.s.DefaultListableBeanFactory     : Creating shared instance of singleton bean 'app'
2024-12-15T14:03:59.007-03:00 DEBUG 25938 --- [tienda-ms-pedidos] [           main] o.s.b.f.s.DefaultListableBeanFactory     : Creating shared instance of singleton bean 'webConfig'
2024-12-15T14:03:59.008-03:00 DEBUG 25938 --- [tienda-ms-pedidos] [           main] o.s.b.f.s.DefaultListableBeanFactory     : Creating shared instance of singleton bean 'detalleOrdenController'
2024-12-15T14:03:59.010-03:00 DEBUG 25938 --- [tienda-ms-pedidos] [           main] o.s.b.f.s.DefaultListableBeanFactory     : Creating shared instance of singleton bean 'detalleOrdenServiceImpl'
2024-12-15T14:03:59.010-03:00 DEBUG 25938 --- [tienda-ms-pedidos] [           main] o.s.b.f.s.DefaultListableBeanFactory     : Creating shared instance of singleton bean 'detalleOrdenRepository'
2024-12-15T14:03:59.012-03:00 DEBUG 25938 --- [tienda-ms-pedidos] [           main] o.s.b.f.s.DefaultListableBeanFactory     : Creating shared instance of singleton bean 'jpa.named-queries#2'
2024-12-15T14:03:59.013-03:00 DEBUG 25938 --- [tienda-ms-pedidos] [           main] o.s.b.f.s.DefaultListableBeanFactory     : Creating shared instance of singleton bean 'jpa.DetalleOrdenRepository.fragments#0'
2024-12-15T14:03:59.013-03:00 DEBUG 25938 --- [tienda-ms-pedidos] [           main] o.s.b.f.s.DefaultListableBeanFactory     : Creating shared instance of singleton bean 'jpaSharedEM_entityManagerFactory'
2024-12-15T14:03:59.016-03:00 DEBUG 25938 --- [tienda-ms-pedidos] [           main] o.s.b.f.s.DefaultListableBeanFactory     : Creating shared instance of singleton bean 'jpaMappingContext'
2024-12-15T14:03:59.016-03:00 DEBUG 25938 --- [tienda-ms-pedidos] [           main] .c.JpaMetamodelMappingContextFactoryBean : Initializing JpaMetamodelMappingContext…
2024-12-15T14:03:59.016-03:00 DEBUG 25938 --- [tienda-ms-pedidos] [           main] .c.JpaMetamodelMappingContextFactoryBean : Finished initializing JpaMetamodelMappingContext
2024-12-15T14:03:59.017-03:00 DEBUG 25938 --- [tienda-ms-pedidos] [           main] tor$SharedEntityManagerInvocationHandler : Creating new EntityManager for shared EntityManager invocation
2024-12-15T14:03:59.017-03:00 DEBUG 25938 --- [tienda-ms-pedidos] [           main] o.h.stat.internal.StatisticsInitiator    : Statistics initialized [enabled=false]
2024-12-15T14:03:59.020-03:00 DEBUG 25938 --- [tienda-ms-pedidos] [           main] o.s.d.r.c.s.RepositoryFactorySupport     : Initializing repository instance for com.example.tienda_ms_pedidos.repository.DetalleOrdenRepository…
2024-12-15T14:03:59.020-03:00 DEBUG 25938 --- [tienda-ms-pedidos] [           main] tor$SharedEntityManagerInvocationHandler : Creating new EntityManager for shared EntityManager invocation
2024-12-15T14:03:59.021-03:00 DEBUG 25938 --- [tienda-ms-pedidos] [           main] o.s.d.jpa.repository.query.NamedQuery    : Looking up named query DetalleOrden.findByIdProducto
2024-12-15T14:03:59.021-03:00 DEBUG 25938 --- [tienda-ms-pedidos] [           main] cResourceLocalTransactionCoordinatorImpl : JDBC transaction marked for rollback-only (exception provided for stack trace)

java.lang.Exception: exception just for purpose of providing stack trace
	at org.hibernate.resource.transaction.backend.jdbc.internal.JdbcResourceLocalTransactionCoordinatorImpl$TransactionDriverControlImpl.markRollbackOnly(JdbcResourceLocalTransactionCoordinatorImpl.java:309) ~[hibernate-core-6.6.2.Final.jar:6.6.2.Final]
	at org.hibernate.internal.AbstractSharedSessionContract.buildNamedQuery(AbstractSharedSessionContract.java:1138) ~[hibernate-core-6.6.2.Final.jar:6.6.2.Final]
	at org.hibernate.internal.AbstractSharedSessionContract.createNamedQuery(AbstractSharedSessionContract.java:1016) ~[hibernate-core-6.6.2.Final.jar:6.6.2.Final]
	at org.hibernate.internal.AbstractSharedSessionContract.createNamedQuery(AbstractSharedSessionContract.java:142) ~[hibernate-core-6.6.2.Final.jar:6.6.2.Final]
	at java.base/jdk.internal.reflect.DirectMethodHandleAccessor.invoke(DirectMethodHandleAccessor.java:103) ~[na:na]
	at java.base/java.lang.reflect.Method.invoke(Method.java:580) ~[na:na]
	at org.springframework.orm.jpa.ExtendedEntityManagerCreator$ExtendedEntityManagerInvocationHandler.invoke(ExtendedEntityManagerCreator.java:364) ~[spring-orm-6.2.0.jar:6.2.0]
	at jdk.proxy2/jdk.proxy2.$Proxy135.createNamedQuery(Unknown Source) ~[na:na]
	at org.springframework.data.jpa.repository.query.NamedQuery.hasNamedQuery(NamedQuery.java:113) ~[spring-data-jpa-3.4.0.jar:3.4.0]
	at org.springframework.data.jpa.repository.query.NamedQuery.lookupFrom(NamedQuery.java:139) ~[spring-data-jpa-3.4.0.jar:3.4.0]
	at org.springframework.data.jpa.repository.query.JpaQueryLookupStrategy$DeclaredQueryLookupStrategy.resolveQuery(JpaQueryLookupStrategy.java:184) ~[spring-data-jpa-3.4.0.jar:3.4.0]
	at org.springframework.data.jpa.repository.query.JpaQueryLookupStrategy$CreateIfNotFoundQueryLookupStrategy.resolveQuery(JpaQueryLookupStrategy.java:256) ~[spring-data-jpa-3.4.0.jar:3.4.0]
	at org.springframework.data.jpa.repository.query.JpaQueryLookupStrategy$AbstractQueryLookupStrategy.resolveQuery(JpaQueryLookupStrategy.java:99) ~[spring-data-jpa-3.4.0.jar:3.4.0]
	at org.springframework.data.repository.core.support.QueryExecutorMethodInterceptor.lookupQuery(QueryExecutorMethodInterceptor.java:116) ~[spring-data-commons-3.4.0.jar:3.4.0]
	at org.springframework.data.repository.core.support.QueryExecutorMethodInterceptor.mapMethodsToQuery(QueryExecutorMethodInterceptor.java:104) ~[spring-data-commons-3.4.0.jar:3.4.0]
	at org.springframework.data.repository.core.support.QueryExecutorMethodInterceptor.lambda$new$0(QueryExecutorMethodInterceptor.java:92) ~[spring-data-commons-3.4.0.jar:3.4.0]
	at java.base/java.util.Optional.map(Optional.java:260) ~[na:na]
	at org.springframework.data.repository.core.support.QueryExecutorMethodInterceptor.<init>(QueryExecutorMethodInterceptor.java:92) ~[spring-data-commons-3.4.0.jar:3.4.0]
	at org.springframework.data.repository.core.support.RepositoryFactorySupport.getRepository(RepositoryFactorySupport.java:440) ~[spring-data-commons-3.4.0.jar:3.4.0]
	at org.springframework.data.repository.core.support.RepositoryFactoryBeanSupport.lambda$afterPropertiesSet$4(RepositoryFactoryBeanSupport.java:350) ~[spring-data-commons-3.4.0.jar:3.4.0]
	at org.springframework.data.util.Lazy.getNullable(Lazy.java:135) ~[spring-data-commons-3.4.0.jar:3.4.0]
	at org.springframework.data.util.Lazy.get(Lazy.java:113) ~[spring-data-commons-3.4.0.jar:3.4.0]
	at org.springframework.data.repository.core.support.RepositoryFactoryBeanSupport.afterPropertiesSet(RepositoryFactoryBeanSupport.java:356) ~[spring-data-commons-3.4.0.jar:3.4.0]
	at org.springframework.data.jpa.repository.support.JpaRepositoryFactoryBean.afterPropertiesSet(JpaRepositoryFactoryBean.java:132) ~[spring-data-jpa-3.4.0.jar:3.4.0]
	at org.springframework.beans.factory.support.AbstractAutowireCapableBeanFactory.invokeInitMethods(AbstractAutowireCapableBeanFactory.java:1849) ~[spring-beans-6.2.0.jar:6.2.0]
	at org.springframework.beans.factory.support.AbstractAutowireCapableBeanFactory.initializeBean(AbstractAutowireCapableBeanFactory.java:1798) ~[spring-beans-6.2.0.jar:6.2.0]
	at org.springframework.beans.factory.support.AbstractAutowireCapableBeanFactory.doCreateBean(AbstractAutowireCapableBeanFactory.java:601) ~[spring-beans-6.2.0.jar:6.2.0]
	at org.springframework.beans.factory.support.AbstractAutowireCapableBeanFactory.createBean(AbstractAutowireCapableBeanFactory.java:523) ~[spring-beans-6.2.0.jar:6.2.0]
	at org.springframework.beans.factory.support.AbstractBeanFactory.lambda$doGetBean$0(AbstractBeanFactory.java:336) ~[spring-beans-6.2.0.jar:6.2.0]
	at org.springframework.beans.factory.support.DefaultSingletonBeanRegistry.getSingleton(DefaultSingletonBeanRegistry.java:288) ~[spring-beans-6.2.0.jar:6.2.0]
	at org.springframework.beans.factory.support.AbstractBeanFactory.doGetBean(AbstractBeanFactory.java:334) ~[spring-beans-6.2.0.jar:6.2.0]
	at org.springframework.beans.factory.support.AbstractBeanFactory.getBean(AbstractBeanFactory.java:199) ~[spring-beans-6.2.0.jar:6.2.0]
	at org.springframework.beans.factory.support.DefaultListableBeanFactory.doResolveDependency(DefaultListableBeanFactory.java:1568) ~[spring-beans-6.2.0.jar:6.2.0]
	at org.springframework.beans.factory.support.DefaultListableBeanFactory.resolveDependency(DefaultListableBeanFactory.java:1514) ~[spring-beans-6.2.0.jar:6.2.0]
	at org.springframework.beans.factory.support.ConstructorResolver.resolveAutowiredArgument(ConstructorResolver.java:913) ~[spring-beans-6.2.0.jar:6.2.0]
	at org.springframework.beans.factory.support.ConstructorResolver.createArgumentArray(ConstructorResolver.java:791) ~[spring-beans-6.2.0.jar:6.2.0]
	at org.springframework.beans.factory.support.ConstructorResolver.autowireConstructor(ConstructorResolver.java:240) ~[spring-beans-6.2.0.jar:6.2.0]
	at org.springframework.beans.factory.support.AbstractAutowireCapableBeanFactory.autowireConstructor(AbstractAutowireCapableBeanFactory.java:1371) ~[spring-beans-6.2.0.jar:6.2.0]
	at org.springframework.beans.factory.support.AbstractAutowireCapableBeanFactory.createBeanInstance(AbstractAutowireCapableBeanFactory.java:1208) ~[spring-beans-6.2.0.jar:6.2.0]
	at org.springframework.beans.factory.support.AbstractAutowireCapableBeanFactory.doCreateBean(AbstractAutowireCapableBeanFactory.java:563) ~[spring-beans-6.2.0.jar:6.2.0]
	at org.springframework.beans.factory.support.AbstractAutowireCapableBeanFactory.createBean(AbstractAutowireCapableBeanFactory.java:523) ~[spring-beans-6.2.0.jar:6.2.0]
	at org.springframework.beans.factory.support.AbstractBeanFactory.lambda$doGetBean$0(AbstractBeanFactory.java:336) ~[spring-beans-6.2.0.jar:6.2.0]
	at org.springframework.beans.factory.support.DefaultSingletonBeanRegistry.getSingleton(DefaultSingletonBeanRegistry.java:288) ~[spring-beans-6.2.0.jar:6.2.0]
	at org.springframework.beans.factory.support.AbstractBeanFactory.doGetBean(AbstractBeanFactory.java:334) ~[spring-beans-6.2.0.jar:6.2.0]
	at org.springframework.beans.factory.support.AbstractBeanFactory.getBean(AbstractBeanFactory.java:199) ~[spring-beans-6.2.0.jar:6.2.0]
	at org.springframework.beans.factory.config.DependencyDescriptor.resolveCandidate(DependencyDescriptor.java:254) ~[spring-beans-6.2.0.jar:6.2.0]
	at org.springframework.beans.factory.support.DefaultListableBeanFactory.doResolveDependency(DefaultListableBeanFactory.java:1626) ~[spring-beans-6.2.0.jar:6.2.0]
	at org.springframework.beans.factory.support.DefaultListableBeanFactory.resolveDependency(DefaultListableBeanFactory.java:1514) ~[spring-beans-6.2.0.jar:6.2.0]
	at org.springframework.beans.factory.annotation.AutowiredAnnotationBeanPostProcessor$AutowiredFieldElement.resolveFieldValue(AutowiredAnnotationBeanPostProcessor.java:785) ~[spring-beans-6.2.0.jar:6.2.0]
	at org.springframework.beans.factory.annotation.AutowiredAnnotationBeanPostProcessor$AutowiredFieldElement.inject(AutowiredAnnotationBeanPostProcessor.java:768) ~[spring-beans-6.2.0.jar:6.2.0]
	at org.springframework.beans.factory.annotation.InjectionMetadata.inject(InjectionMetadata.java:146) ~[spring-beans-6.2.0.jar:6.2.0]
	at org.springframework.beans.factory.annotation.AutowiredAnnotationBeanPostProcessor.postProcessProperties(AutowiredAnnotationBeanPostProcessor.java:509) ~[spring-beans-6.2.0.jar:6.2.0]
	at org.springframework.beans.factory.support.AbstractAutowireCapableBeanFactory.populateBean(AbstractAutowireCapableBeanFactory.java:1435) ~[spring-beans-6.2.0.jar:6.2.0]
	at org.springframework.beans.factory.support.AbstractAutowireCapableBeanFactory.doCreateBean(AbstractAutowireCapableBeanFactory.java:600) ~[spring-beans-6.2.0.jar:6.2.0]
	at org.springframework.beans.factory.support.AbstractAutowireCapableBeanFactory.createBean(AbstractAutowireCapableBeanFactory.java:523) ~[spring-beans-6.2.0.jar:6.2.0]
	at org.springframework.beans.factory.support.AbstractBeanFactory.lambda$doGetBean$0(AbstractBeanFactory.java:336) ~[spring-beans-6.2.0.jar:6.2.0]
	at org.springframework.beans.factory.support.DefaultSingletonBeanRegistry.getSingleton(DefaultSingletonBeanRegistry.java:288) ~[spring-beans-6.2.0.jar:6.2.0]
	at org.springframework.beans.factory.support.AbstractBeanFactory.doGetBean(AbstractBeanFactory.java:334) ~[spring-beans-6.2.0.jar:6.2.0]
	at org.springframework.beans.factory.support.AbstractBeanFactory.getBean(AbstractBeanFactory.java:199) ~[spring-beans-6.2.0.jar:6.2.0]
	at org.springframework.beans.factory.support.DefaultListableBeanFactory.instantiateSingleton(DefaultListableBeanFactory.java:1122) ~[spring-beans-6.2.0.jar:6.2.0]
	at org.springframework.beans.factory.support.DefaultListableBeanFactory.preInstantiateSingleton(DefaultListableBeanFactory.java:1093) ~[spring-beans-6.2.0.jar:6.2.0]
	at org.springframework.beans.factory.support.DefaultListableBeanFactory.preInstantiateSingletons(DefaultListableBeanFactory.java:1030) ~[spring-beans-6.2.0.jar:6.2.0]
	at org.springframework.context.support.AbstractApplicationContext.finishBeanFactoryInitialization(AbstractApplicationContext.java:987) ~[spring-context-6.2.0.jar:6.2.0]
	at org.springframework.context.support.AbstractApplicationContext.refresh(AbstractApplicationContext.java:627) ~[spring-context-6.2.0.jar:6.2.0]
	at org.springframework.boot.SpringApplication.refresh(SpringApplication.java:752) ~[spring-boot-3.4.0.jar:3.4.0]
	at org.springframework.boot.SpringApplication.refreshContext(SpringApplication.java:439) ~[spring-boot-3.4.0.jar:3.4.0]
	at org.springframework.boot.SpringApplication.run(SpringApplication.java:318) ~[spring-boot-3.4.0.jar:3.4.0]
	at org.springframework.boot.test.context.SpringBootContextLoader.lambda$loadContext$3(SpringBootContextLoader.java:137) ~[spring-boot-test-3.4.0.jar:3.4.0]
	at org.springframework.util.function.ThrowingSupplier.get(ThrowingSupplier.java:58) ~[spring-core-6.2.0.jar:6.2.0]
	at org.springframework.util.function.ThrowingSupplier.get(ThrowingSupplier.java:46) ~[spring-core-6.2.0.jar:6.2.0]
	at org.springframework.boot.SpringApplication.withHook(SpringApplication.java:1461) ~[spring-boot-3.4.0.jar:3.4.0]
	at org.springframework.boot.test.context.SpringBootContextLoader$ContextLoaderHook.run(SpringBootContextLoader.java:553) ~[spring-boot-test-3.4.0.jar:3.4.0]
	at org.springframework.boot.test.context.SpringBootContextLoader.loadContext(SpringBootContextLoader.java:137) ~[spring-boot-test-3.4.0.jar:3.4.0]
	at org.springframework.boot.test.context.SpringBootContextLoader.loadContext(SpringBootContextLoader.java:108) ~[spring-boot-test-3.4.0.jar:3.4.0]
	at org.springframework.test.context.cache.DefaultCacheAwareContextLoaderDelegate.loadContextInternal(DefaultCacheAwareContextLoaderDelegate.java:225) ~[spring-test-6.2.0.jar:6.2.0]
	at org.springframework.test.context.cache.DefaultCacheAwareContextLoaderDelegate.loadContext(DefaultCacheAwareContextLoaderDelegate.java:152) ~[spring-test-6.2.0.jar:6.2.0]
	at org.springframework.test.context.support.DefaultTestContext.getApplicationContext(DefaultTestContext.java:130) ~[spring-test-6.2.0.jar:6.2.0]
	at org.springframework.test.context.web.ServletTestExecutionListener.setUpRequestContextIfNecessary(ServletTestExecutionListener.java:191) ~[spring-test-6.2.0.jar:6.2.0]
	at org.springframework.test.context.web.ServletTestExecutionListener.prepareTestInstance(ServletTestExecutionListener.java:130) ~[spring-test-6.2.0.jar:6.2.0]
	at org.springframework.test.context.TestContextManager.prepareTestInstance(TestContextManager.java:260) ~[spring-test-6.2.0.jar:6.2.0]
	at org.springframework.test.context.junit.jupiter.SpringExtension.postProcessTestInstance(SpringExtension.java:160) ~[spring-test-6.2.0.jar:6.2.0]
	at org.junit.jupiter.engine.descriptor.ClassBasedTestDescriptor.lambda$invokeTestInstancePostProcessors$11(ClassBasedTestDescriptor.java:378) ~[junit-jupiter-engine-5.11.3.jar:5.11.3]
	at org.junit.jupiter.engine.descriptor.ClassBasedTestDescriptor.executeAndMaskThrowable(ClassBasedTestDescriptor.java:383) ~[junit-jupiter-engine-5.11.3.jar:5.11.3]
	at org.junit.jupiter.engine.descriptor.ClassBasedTestDescriptor.lambda$invokeTestInstancePostProcessors$12(ClassBasedTestDescriptor.java:378) ~[junit-jupiter-engine-5.11.3.jar:5.11.3]
	at java.base/java.util.stream.ForEachOps$ForEachOp$OfRef.accept(ForEachOps.java:184) ~[na:na]
	at java.base/java.util.stream.ReferencePipeline$3$1.accept(ReferencePipeline.java:215) ~[na:na]
	at java.base/java.util.stream.ReferencePipeline$2$1.accept(ReferencePipeline.java:197) ~[na:na]
	at java.base/java.util.stream.ReferencePipeline$3$1.accept(ReferencePipeline.java:215) ~[na:na]
	at java.base/java.util.ArrayList$ArrayListSpliterator.forEachRemaining(ArrayList.java:1709) ~[na:na]
	at java.base/java.util.stream.AbstractPipeline.copyInto(AbstractPipeline.java:570) ~[na:na]
	at java.base/java.util.stream.AbstractPipeline.wrapAndCopyInto(AbstractPipeline.java:560) ~[na:na]
	at java.base/java.util.stream.ForEachOps$ForEachOp.evaluateSequential(ForEachOps.java:151) ~[na:na]
	at java.base/java.util.stream.ForEachOps$ForEachOp$OfRef.evaluateSequential(ForEachOps.java:174) ~[na:na]
	at java.base/java.util.stream.AbstractPipeline.evaluate(AbstractPipeline.java:265) ~[na:na]
	at java.base/java.util.stream.ReferencePipeline.forEach(ReferencePipeline.java:636) ~[na:na]
	at org.junit.jupiter.engine.descriptor.ClassBasedTestDescriptor.invokeTestInstancePostProcessors(ClassBasedTestDescriptor.java:377) ~[junit-jupiter-engine-5.11.3.jar:5.11.3]
	at org.junit.jupiter.engine.descriptor.ClassBasedTestDescriptor.lambda$instantiateAndPostProcessTestInstance$7(ClassBasedTestDescriptor.java:290) ~[junit-jupiter-engine-5.11.3.jar:5.11.3]
	at org.junit.platform.engine.support.hierarchical.ThrowableCollector.execute(ThrowableCollector.java:73) ~[junit-platform-engine-1.11.3.jar:1.11.3]
	at org.junit.jupiter.engine.descriptor.ClassBasedTestDescriptor.instantiateAndPostProcessTestInstance(ClassBasedTestDescriptor.java:289) ~[junit-jupiter-engine-5.11.3.jar:5.11.3]
	at org.junit.jupiter.engine.descriptor.ClassBasedTestDescriptor.lambda$testInstancesProvider$5(ClassBasedTestDescriptor.java:279) ~[junit-jupiter-engine-5.11.3.jar:5.11.3]
	at java.base/java.util.Optional.orElseGet(Optional.java:364) ~[na:na]
	at org.junit.jupiter.engine.descriptor.ClassBasedTestDescriptor.lambda$testInstancesProvider$6(ClassBasedTestDescriptor.java:278) ~[junit-jupiter-engine-5.11.3.jar:5.11.3]
	at org.junit.jupiter.engine.execution.TestInstancesProvider.getTestInstances(TestInstancesProvider.java:31) ~[junit-jupiter-engine-5.11.3.jar:5.11.3]
	at org.junit.jupiter.engine.descriptor.TestMethodTestDescriptor.lambda$prepare$1(TestMethodTestDescriptor.java:105) ~[junit-jupiter-engine-5.11.3.jar:5.11.3]
	at org.junit.platform.engine.support.hierarchical.ThrowableCollector.execute(ThrowableCollector.java:73) ~[junit-platform-engine-1.11.3.jar:1.11.3]
	at org.junit.jupiter.engine.descriptor.TestMethodTestDescriptor.prepare(TestMethodTestDescriptor.java:104) ~[junit-jupiter-engine-5.11.3.jar:5.11.3]
	at org.junit.jupiter.engine.descriptor.TestMethodTestDescriptor.prepare(TestMethodTestDescriptor.java:68) ~[junit-jupiter-engine-5.11.3.jar:5.11.3]
	at org.junit.platform.engine.support.hierarchical.NodeTestTask.lambda$prepare$2(NodeTestTask.java:128) ~[junit-platform-engine-1.11.3.jar:1.11.3]
	at org.junit.platform.engine.support.hierarchical.ThrowableCollector.execute(ThrowableCollector.java:73) ~[junit-platform-engine-1.11.3.jar:1.11.3]
	at org.junit.platform.engine.support.hierarchical.NodeTestTask.prepare(NodeTestTask.java:128) ~[junit-platform-engine-1.11.3.jar:1.11.3]
	at org.junit.platform.engine.support.hierarchical.NodeTestTask.execute(NodeTestTask.java:95) ~[junit-platform-engine-1.11.3.jar:1.11.3]
	at java.base/java.util.ArrayList.forEach(ArrayList.java:1597) ~[na:na]
	at org.junit.platform.engine.support.hierarchical.SameThreadHierarchicalTestExecutorService.invokeAll(SameThreadHierarchicalTestExecutorService.java:41) ~[junit-platform-engine-1.11.3.jar:1.11.3]
	at org.junit.platform.engine.support.hierarchical.NodeTestTask.lambda$executeRecursively$6(NodeTestTask.java:160) ~[junit-platform-engine-1.11.3.jar:1.11.3]
	at org.junit.platform.engine.support.hierarchical.ThrowableCollector.execute(ThrowableCollector.java:73) ~[junit-platform-engine-1.11.3.jar:1.11.3]
	at org.junit.platform.engine.support.hierarchical.NodeTestTask.lambda$executeRecursively$8(NodeTestTask.java:146) ~[junit-platform-engine-1.11.3.jar:1.11.3]
	at org.junit.platform.engine.support.hierarchical.Node.around(Node.java:137) ~[junit-platform-engine-1.11.3.jar:1.11.3]
	at org.junit.platform.engine.support.hierarchical.NodeTestTask.lambda$executeRecursively$9(NodeTestTask.java:144) ~[junit-platform-engine-1.11.3.jar:1.11.3]
	at org.junit.platform.engine.support.hierarchical.ThrowableCollector.execute(ThrowableCollector.java:73) ~[junit-platform-engine-1.11.3.jar:1.11.3]
	at org.junit.platform.engine.support.hierarchical.NodeTestTask.executeRecursively(NodeTestTask.java:143) ~[junit-platform-engine-1.11.3.jar:1.11.3]
	at org.junit.platform.engine.support.hierarchical.NodeTestTask.execute(NodeTestTask.java:100) ~[junit-platform-engine-1.11.3.jar:1.11.3]
	at java.base/java.util.ArrayList.forEach(ArrayList.java:1597) ~[na:na]
	at org.junit.platform.engine.support.hierarchical.SameThreadHierarchicalTestExecutorService.invokeAll(SameThreadHierarchicalTestExecutorService.java:41) ~[junit-platform-engine-1.11.3.jar:1.11.3]
	at org.junit.platform.engine.support.hierarchical.NodeTestTask.lambda$executeRecursively$6(NodeTestTask.java:160) ~[junit-platform-engine-1.11.3.jar:1.11.3]
	at org.junit.platform.engine.support.hierarchical.ThrowableCollector.execute(ThrowableCollector.java:73) ~[junit-platform-engine-1.11.3.jar:1.11.3]
	at org.junit.platform.engine.support.hierarchical.NodeTestTask.lambda$executeRecursively$8(NodeTestTask.java:146) ~[junit-platform-engine-1.11.3.jar:1.11.3]
	at org.junit.platform.engine.support.hierarchical.Node.around(Node.java:137) ~[junit-platform-engine-1.11.3.jar:1.11.3]
	at org.junit.platform.engine.support.hierarchical.NodeTestTask.lambda$executeRecursively$9(NodeTestTask.java:144) ~[junit-platform-engine-1.11.3.jar:1.11.3]
	at org.junit.platform.engine.support.hierarchical.ThrowableCollector.execute(ThrowableCollector.java:73) ~[junit-platform-engine-1.11.3.jar:1.11.3]
	at org.junit.platform.engine.support.hierarchical.NodeTestTask.executeRecursively(NodeTestTask.java:143) ~[junit-platform-engine-1.11.3.jar:1.11.3]
	at org.junit.platform.engine.support.hierarchical.NodeTestTask.execute(NodeTestTask.java:100) ~[junit-platform-engine-1.11.3.jar:1.11.3]
	at org.junit.platform.engine.support.hierarchical.SameThreadHierarchicalTestExecutorService.submit(SameThreadHierarchicalTestExecutorService.java:35) ~[junit-platform-engine-1.11.3.jar:1.11.3]
	at org.junit.platform.engine.support.hierarchical.HierarchicalTestExecutor.execute(HierarchicalTestExecutor.java:57) ~[junit-platform-engine-1.11.3.jar:1.11.3]
	at org.junit.platform.engine.support.hierarchical.HierarchicalTestEngine.execute(HierarchicalTestEngine.java:54) ~[junit-platform-engine-1.11.3.jar:1.11.3]
	at org.junit.platform.launcher.core.EngineExecutionOrchestrator.execute(EngineExecutionOrchestrator.java:198) ~[junit-platform-launcher-1.11.3.jar:1.11.3]
	at org.junit.platform.launcher.core.EngineExecutionOrchestrator.execute(EngineExecutionOrchestrator.java:169) ~[junit-platform-launcher-1.11.3.jar:1.11.3]
	at org.junit.platform.launcher.core.EngineExecutionOrchestrator.execute(EngineExecutionOrchestrator.java:93) ~[junit-platform-launcher-1.11.3.jar:1.11.3]
	at org.junit.platform.launcher.core.EngineExecutionOrchestrator.lambda$execute$0(EngineExecutionOrchestrator.java:58) ~[junit-platform-launcher-1.11.3.jar:1.11.3]
	at org.junit.platform.launcher.core.EngineExecutionOrchestrator.withInterceptedStreams(EngineExecutionOrchestrator.java:141) ~[junit-platform-launcher-1.11.3.jar:1.11.3]
	at org.junit.platform.launcher.core.EngineExecutionOrchestrator.execute(EngineExecutionOrchestrator.java:57) ~[junit-platform-launcher-1.11.3.jar:1.11.3]
	at org.junit.platform.launcher.core.DefaultLauncher.execute(DefaultLauncher.java:103) ~[junit-platform-launcher-1.11.3.jar:1.11.3]
	at org.junit.platform.launcher.core.DefaultLauncher.execute(DefaultLauncher.java:85) ~[junit-platform-launcher-1.11.3.jar:1.11.3]
	at org.junit.platform.launcher.core.DelegatingLauncher.execute(DelegatingLauncher.java:47) ~[junit-platform-launcher-1.11.3.jar:1.11.3]
	at org.apache.maven.surefire.junitplatform.LazyLauncher.execute(LazyLauncher.java:56) ~[surefire-junit-platform-3.5.2.jar:3.5.2]
	at org.apache.maven.surefire.junitplatform.JUnitPlatformProvider.execute(JUnitPlatformProvider.java:184) ~[surefire-junit-platform-3.5.2.jar:3.5.2]
	at org.apache.maven.surefire.junitplatform.JUnitPlatformProvider.invokeAllTests(JUnitPlatformProvider.java:148) ~[surefire-junit-platform-3.5.2.jar:3.5.2]
	at org.apache.maven.surefire.junitplatform.JUnitPlatformProvider.invoke(JUnitPlatformProvider.java:122) ~[surefire-junit-platform-3.5.2.jar:3.5.2]
	at org.apache.maven.surefire.booter.ForkedBooter.runSuitesInProcess(ForkedBooter.java:385) ~[surefire-booter-3.5.2.jar:3.5.2]
	at org.apache.maven.surefire.booter.ForkedBooter.execute(ForkedBooter.java:162) ~[surefire-booter-3.5.2.jar:3.5.2]
	at org.apache.maven.surefire.booter.ForkedBooter.run(ForkedBooter.java:507) ~[surefire-booter-3.5.2.jar:3.5.2]
	at org.apache.maven.surefire.booter.ForkedBooter.main(ForkedBooter.java:495) ~[surefire-booter-3.5.2.jar:3.5.2]

2024-12-15T14:03:59.022-03:00 DEBUG 25938 --- [tienda-ms-pedidos] [           main] o.s.d.jpa.repository.query.NamedQuery    : Did not find named query DetalleOrden.findByIdProducto
2024-12-15T14:03:59.022-03:00 DEBUG 25938 --- [tienda-ms-pedidos] [           main] tor$SharedEntityManagerInvocationHandler : Creating new EntityManager for shared EntityManager invocation
2024-12-15T14:03:59.023-03:00 DEBUG 25938 --- [tienda-ms-pedidos] [           main] o.s.d.r.c.s.RepositoryFactorySupport     : Finished creation of repository instance for com.example.tienda_ms_pedidos.repository.DetalleOrdenRepository.
2024-12-15T14:03:59.023-03:00 DEBUG 25938 --- [tienda-ms-pedidos] [           main] o.s.b.f.s.DefaultListableBeanFactory     : Autowiring by type from bean name 'detalleOrdenServiceImpl' via constructor to bean named 'detalleOrdenRepository'
2024-12-15T14:03:59.024-03:00 DEBUG 25938 --- [tienda-ms-pedidos] [           main] o.s.b.f.s.DefaultListableBeanFactory     : Creating shared instance of singleton bean 'ordenController'
2024-12-15T14:03:59.025-03:00 DEBUG 25938 --- [tienda-ms-pedidos] [           main] o.s.b.f.s.DefaultListableBeanFactory     : Creating shared instance of singleton bean 'ordenServiceImpl'
2024-12-15T14:03:59.025-03:00 DEBUG 25938 --- [tienda-ms-pedidos] [           main] o.s.b.f.s.DefaultListableBeanFactory     : Creating shared instance of singleton bean 'ordenRepository'
2024-12-15T14:03:59.026-03:00 DEBUG 25938 --- [tienda-ms-pedidos] [           main] o.s.b.f.s.DefaultListableBeanFactory     : Creating shared instance of singleton bean 'jpa.named-queries#1'
2024-12-15T14:03:59.026-03:00 DEBUG 25938 --- [tienda-ms-pedidos] [           main] o.s.b.f.s.DefaultListableBeanFactory     : Creating shared instance of singleton bean 'jpa.OrdenRepository.fragments#0'
2024-12-15T14:03:59.026-03:00 DEBUG 25938 --- [tienda-ms-pedidos] [           main] tor$SharedEntityManagerInvocationHandler : Creating new EntityManager for shared EntityManager invocation
2024-12-15T14:03:59.027-03:00 DEBUG 25938 --- [tienda-ms-pedidos] [           main] o.s.d.r.c.s.RepositoryFactorySupport     : Initializing repository instance for com.example.tienda_ms_pedidos.repository.OrdenRepository…
2024-12-15T14:03:59.027-03:00 DEBUG 25938 --- [tienda-ms-pedidos] [           main] tor$SharedEntityManagerInvocationHandler : Creating new EntityManager for shared EntityManager invocation
2024-12-15T14:03:59.028-03:00 DEBUG 25938 --- [tienda-ms-pedidos] [           main] o.s.d.jpa.repository.query.NamedQuery    : Looking up named query Orden.findByEmail
2024-12-15T14:03:59.028-03:00 DEBUG 25938 --- [tienda-ms-pedidos] [           main] cResourceLocalTransactionCoordinatorImpl : JDBC transaction marked for rollback-only (exception provided for stack trace)

java.lang.Exception: exception just for purpose of providing stack trace
	at org.hibernate.resource.transaction.backend.jdbc.internal.JdbcResourceLocalTransactionCoordinatorImpl$TransactionDriverControlImpl.markRollbackOnly(JdbcResourceLocalTransactionCoordinatorImpl.java:309) ~[hibernate-core-6.6.2.Final.jar:6.6.2.Final]
	at org.hibernate.internal.AbstractSharedSessionContract.buildNamedQuery(AbstractSharedSessionContract.java:1138) ~[hibernate-core-6.6.2.Final.jar:6.6.2.Final]
	at org.hibernate.internal.AbstractSharedSessionContract.createNamedQuery(AbstractSharedSessionContract.java:1016) ~[hibernate-core-6.6.2.Final.jar:6.6.2.Final]
	at org.hibernate.internal.AbstractSharedSessionContract.createNamedQuery(AbstractSharedSessionContract.java:142) ~[hibernate-core-6.6.2.Final.jar:6.6.2.Final]
	at java.base/jdk.internal.reflect.DirectMethodHandleAccessor.invoke(DirectMethodHandleAccessor.java:103) ~[na:na]
	at java.base/java.lang.reflect.Method.invoke(Method.java:580) ~[na:na]
	at org.springframework.orm.jpa.ExtendedEntityManagerCreator$ExtendedEntityManagerInvocationHandler.invoke(ExtendedEntityManagerCreator.java:364) ~[spring-orm-6.2.0.jar:6.2.0]
	at jdk.proxy2/jdk.proxy2.$Proxy135.createNamedQuery(Unknown Source) ~[na:na]
	at org.springframework.data.jpa.repository.query.NamedQuery.hasNamedQuery(NamedQuery.java:113) ~[spring-data-jpa-3.4.0.jar:3.4.0]
	at org.springframework.data.jpa.repository.query.NamedQuery.lookupFrom(NamedQuery.java:139) ~[spring-data-jpa-3.4.0.jar:3.4.0]
	at org.springframework.data.jpa.repository.query.JpaQueryLookupStrategy$DeclaredQueryLookupStrategy.resolveQuery(JpaQueryLookupStrategy.java:184) ~[spring-data-jpa-3.4.0.jar:3.4.0]
	at org.springframework.data.jpa.repository.query.JpaQueryLookupStrategy$CreateIfNotFoundQueryLookupStrategy.resolveQuery(JpaQueryLookupStrategy.java:256) ~[spring-data-jpa-3.4.0.jar:3.4.0]
	at org.springframework.data.jpa.repository.query.JpaQueryLookupStrategy$AbstractQueryLookupStrategy.resolveQuery(JpaQueryLookupStrategy.java:99) ~[spring-data-jpa-3.4.0.jar:3.4.0]
	at org.springframework.data.repository.core.support.QueryExecutorMethodInterceptor.lookupQuery(QueryExecutorMethodInterceptor.java:116) ~[spring-data-commons-3.4.0.jar:3.4.0]
	at org.springframework.data.repository.core.support.QueryExecutorMethodInterceptor.mapMethodsToQuery(QueryExecutorMethodInterceptor.java:104) ~[spring-data-commons-3.4.0.jar:3.4.0]
	at org.springframework.data.repository.core.support.QueryExecutorMethodInterceptor.lambda$new$0(QueryExecutorMethodInterceptor.java:92) ~[spring-data-commons-3.4.0.jar:3.4.0]
	at java.base/java.util.Optional.map(Optional.java:260) ~[na:na]
	at org.springframework.data.repository.core.support.QueryExecutorMethodInterceptor.<init>(QueryExecutorMethodInterceptor.java:92) ~[spring-data-commons-3.4.0.jar:3.4.0]
	at org.springframework.data.repository.core.support.RepositoryFactorySupport.getRepository(RepositoryFactorySupport.java:440) ~[spring-data-commons-3.4.0.jar:3.4.0]
	at org.springframework.data.repository.core.support.RepositoryFactoryBeanSupport.lambda$afterPropertiesSet$4(RepositoryFactoryBeanSupport.java:350) ~[spring-data-commons-3.4.0.jar:3.4.0]
	at org.springframework.data.util.Lazy.getNullable(Lazy.java:135) ~[spring-data-commons-3.4.0.jar:3.4.0]
	at org.springframework.data.util.Lazy.get(Lazy.java:113) ~[spring-data-commons-3.4.0.jar:3.4.0]
	at org.springframework.data.repository.core.support.RepositoryFactoryBeanSupport.afterPropertiesSet(RepositoryFactoryBeanSupport.java:356) ~[spring-data-commons-3.4.0.jar:3.4.0]
	at org.springframework.data.jpa.repository.support.JpaRepositoryFactoryBean.afterPropertiesSet(JpaRepositoryFactoryBean.java:132) ~[spring-data-jpa-3.4.0.jar:3.4.0]
	at org.springframework.beans.factory.support.AbstractAutowireCapableBeanFactory.invokeInitMethods(AbstractAutowireCapableBeanFactory.java:1849) ~[spring-beans-6.2.0.jar:6.2.0]
	at org.springframework.beans.factory.support.AbstractAutowireCapableBeanFactory.initializeBean(AbstractAutowireCapableBeanFactory.java:1798) ~[spring-beans-6.2.0.jar:6.2.0]
	at org.springframework.beans.factory.support.AbstractAutowireCapableBeanFactory.doCreateBean(AbstractAutowireCapableBeanFactory.java:601) ~[spring-beans-6.2.0.jar:6.2.0]
	at org.springframework.beans.factory.support.AbstractAutowireCapableBeanFactory.createBean(AbstractAutowireCapableBeanFactory.java:523) ~[spring-beans-6.2.0.jar:6.2.0]
	at org.springframework.beans.factory.support.AbstractBeanFactory.lambda$doGetBean$0(AbstractBeanFactory.java:336) ~[spring-beans-6.2.0.jar:6.2.0]
	at org.springframework.beans.factory.support.DefaultSingletonBeanRegistry.getSingleton(DefaultSingletonBeanRegistry.java:288) ~[spring-beans-6.2.0.jar:6.2.0]
	at org.springframework.beans.factory.support.AbstractBeanFactory.doGetBean(AbstractBeanFactory.java:334) ~[spring-beans-6.2.0.jar:6.2.0]
	at org.springframework.beans.factory.support.AbstractBeanFactory.getBean(AbstractBeanFactory.java:199) ~[spring-beans-6.2.0.jar:6.2.0]
	at org.springframework.beans.factory.support.DefaultListableBeanFactory.doResolveDependency(DefaultListableBeanFactory.java:1568) ~[spring-beans-6.2.0.jar:6.2.0]
	at org.springframework.beans.factory.support.DefaultListableBeanFactory.resolveDependency(DefaultListableBeanFactory.java:1514) ~[spring-beans-6.2.0.jar:6.2.0]
	at org.springframework.beans.factory.support.ConstructorResolver.resolveAutowiredArgument(ConstructorResolver.java:913) ~[spring-beans-6.2.0.jar:6.2.0]
	at org.springframework.beans.factory.support.ConstructorResolver.createArgumentArray(ConstructorResolver.java:791) ~[spring-beans-6.2.0.jar:6.2.0]
	at org.springframework.beans.factory.support.ConstructorResolver.autowireConstructor(ConstructorResolver.java:240) ~[spring-beans-6.2.0.jar:6.2.0]
	at org.springframework.beans.factory.support.AbstractAutowireCapableBeanFactory.autowireConstructor(AbstractAutowireCapableBeanFactory.java:1371) ~[spring-beans-6.2.0.jar:6.2.0]
	at org.springframework.beans.factory.support.AbstractAutowireCapableBeanFactory.createBeanInstance(AbstractAutowireCapableBeanFactory.java:1208) ~[spring-beans-6.2.0.jar:6.2.0]
	at org.springframework.beans.factory.support.AbstractAutowireCapableBeanFactory.doCreateBean(AbstractAutowireCapableBeanFactory.java:563) ~[spring-beans-6.2.0.jar:6.2.0]
	at org.springframework.beans.factory.support.AbstractAutowireCapableBeanFactory.createBean(AbstractAutowireCapableBeanFactory.java:523) ~[spring-beans-6.2.0.jar:6.2.0]
	at org.springframework.beans.factory.support.AbstractBeanFactory.lambda$doGetBean$0(AbstractBeanFactory.java:336) ~[spring-beans-6.2.0.jar:6.2.0]
	at org.springframework.beans.factory.support.DefaultSingletonBeanRegistry.getSingleton(DefaultSingletonBeanRegistry.java:288) ~[spring-beans-6.2.0.jar:6.2.0]
	at org.springframework.beans.factory.support.AbstractBeanFactory.doGetBean(AbstractBeanFactory.java:334) ~[spring-beans-6.2.0.jar:6.2.0]
	at org.springframework.beans.factory.support.AbstractBeanFactory.getBean(AbstractBeanFactory.java:199) ~[spring-beans-6.2.0.jar:6.2.0]
	at org.springframework.beans.factory.config.DependencyDescriptor.resolveCandidate(DependencyDescriptor.java:254) ~[spring-beans-6.2.0.jar:6.2.0]
	at org.springframework.beans.factory.support.DefaultListableBeanFactory.doResolveDependency(DefaultListableBeanFactory.java:1626) ~[spring-beans-6.2.0.jar:6.2.0]
	at org.springframework.beans.factory.support.DefaultListableBeanFactory.resolveDependency(DefaultListableBeanFactory.java:1514) ~[spring-beans-6.2.0.jar:6.2.0]
	at org.springframework.beans.factory.annotation.AutowiredAnnotationBeanPostProcessor$AutowiredFieldElement.resolveFieldValue(AutowiredAnnotationBeanPostProcessor.java:785) ~[spring-beans-6.2.0.jar:6.2.0]
	at org.springframework.beans.factory.annotation.AutowiredAnnotationBeanPostProcessor$AutowiredFieldElement.inject(AutowiredAnnotationBeanPostProcessor.java:768) ~[spring-beans-6.2.0.jar:6.2.0]
	at org.springframework.beans.factory.annotation.InjectionMetadata.inject(InjectionMetadata.java:146) ~[spring-beans-6.2.0.jar:6.2.0]
	at org.springframework.beans.factory.annotation.AutowiredAnnotationBeanPostProcessor.postProcessProperties(AutowiredAnnotationBeanPostProcessor.java:509) ~[spring-beans-6.2.0.jar:6.2.0]
	at org.springframework.beans.factory.support.AbstractAutowireCapableBeanFactory.populateBean(AbstractAutowireCapableBeanFactory.java:1435) ~[spring-beans-6.2.0.jar:6.2.0]
	at org.springframework.beans.factory.support.AbstractAutowireCapableBeanFactory.doCreateBean(AbstractAutowireCapableBeanFactory.java:600) ~[spring-beans-6.2.0.jar:6.2.0]
	at org.springframework.beans.factory.support.AbstractAutowireCapableBeanFactory.createBean(AbstractAutowireCapableBeanFactory.java:523) ~[spring-beans-6.2.0.jar:6.2.0]
	at org.springframework.beans.factory.support.AbstractBeanFactory.lambda$doGetBean$0(AbstractBeanFactory.java:336) ~[spring-beans-6.2.0.jar:6.2.0]
	at org.springframework.beans.factory.support.DefaultSingletonBeanRegistry.getSingleton(DefaultSingletonBeanRegistry.java:288) ~[spring-beans-6.2.0.jar:6.2.0]
	at org.springframework.beans.factory.support.AbstractBeanFactory.doGetBean(AbstractBeanFactory.java:334) ~[spring-beans-6.2.0.jar:6.2.0]
	at org.springframework.beans.factory.support.AbstractBeanFactory.getBean(AbstractBeanFactory.java:199) ~[spring-beans-6.2.0.jar:6.2.0]
	at org.springframework.beans.factory.support.DefaultListableBeanFactory.instantiateSingleton(DefaultListableBeanFactory.java:1122) ~[spring-beans-6.2.0.jar:6.2.0]
	at org.springframework.beans.factory.support.DefaultListableBeanFactory.preInstantiateSingleton(DefaultListableBeanFactory.java:1093) ~[spring-beans-6.2.0.jar:6.2.0]
	at org.springframework.beans.factory.support.DefaultListableBeanFactory.preInstantiateSingletons(DefaultListableBeanFactory.java:1030) ~[spring-beans-6.2.0.jar:6.2.0]
	at org.springframework.context.support.AbstractApplicationContext.finishBeanFactoryInitialization(AbstractApplicationContext.java:987) ~[spring-context-6.2.0.jar:6.2.0]
	at org.springframework.context.support.AbstractApplicationContext.refresh(AbstractApplicationContext.java:627) ~[spring-context-6.2.0.jar:6.2.0]
	at org.springframework.boot.SpringApplication.refresh(SpringApplication.java:752) ~[spring-boot-3.4.0.jar:3.4.0]
	at org.springframework.boot.SpringApplication.refreshContext(SpringApplication.java:439) ~[spring-boot-3.4.0.jar:3.4.0]
	at org.springframework.boot.SpringApplication.run(SpringApplication.java:318) ~[spring-boot-3.4.0.jar:3.4.0]
	at org.springframework.boot.test.context.SpringBootContextLoader.lambda$loadContext$3(SpringBootContextLoader.java:137) ~[spring-boot-test-3.4.0.jar:3.4.0]
	at org.springframework.util.function.ThrowingSupplier.get(ThrowingSupplier.java:58) ~[spring-core-6.2.0.jar:6.2.0]
	at org.springframework.util.function.ThrowingSupplier.get(ThrowingSupplier.java:46) ~[spring-core-6.2.0.jar:6.2.0]
	at org.springframework.boot.SpringApplication.withHook(SpringApplication.java:1461) ~[spring-boot-3.4.0.jar:3.4.0]
	at org.springframework.boot.test.context.SpringBootContextLoader$ContextLoaderHook.run(SpringBootContextLoader.java:553) ~[spring-boot-test-3.4.0.jar:3.4.0]
	at org.springframework.boot.test.context.SpringBootContextLoader.loadContext(SpringBootContextLoader.java:137) ~[spring-boot-test-3.4.0.jar:3.4.0]
	at org.springframework.boot.test.context.SpringBootContextLoader.loadContext(SpringBootContextLoader.java:108) ~[spring-boot-test-3.4.0.jar:3.4.0]
	at org.springframework.test.context.cache.DefaultCacheAwareContextLoaderDelegate.loadContextInternal(DefaultCacheAwareContextLoaderDelegate.java:225) ~[spring-test-6.2.0.jar:6.2.0]
	at org.springframework.test.context.cache.DefaultCacheAwareContextLoaderDelegate.loadContext(DefaultCacheAwareContextLoaderDelegate.java:152) ~[spring-test-6.2.0.jar:6.2.0]
	at org.springframework.test.context.support.DefaultTestContext.getApplicationContext(DefaultTestContext.java:130) ~[spring-test-6.2.0.jar:6.2.0]
	at org.springframework.test.context.web.ServletTestExecutionListener.setUpRequestContextIfNecessary(ServletTestExecutionListener.java:191) ~[spring-test-6.2.0.jar:6.2.0]
	at org.springframework.test.context.web.ServletTestExecutionListener.prepareTestInstance(ServletTestExecutionListener.java:130) ~[spring-test-6.2.0.jar:6.2.0]
	at org.springframework.test.context.TestContextManager.prepareTestInstance(TestContextManager.java:260) ~[spring-test-6.2.0.jar:6.2.0]
	at org.springframework.test.context.junit.jupiter.SpringExtension.postProcessTestInstance(SpringExtension.java:160) ~[spring-test-6.2.0.jar:6.2.0]
	at org.junit.jupiter.engine.descriptor.ClassBasedTestDescriptor.lambda$invokeTestInstancePostProcessors$11(ClassBasedTestDescriptor.java:378) ~[junit-jupiter-engine-5.11.3.jar:5.11.3]
	at org.junit.jupiter.engine.descriptor.ClassBasedTestDescriptor.executeAndMaskThrowable(ClassBasedTestDescriptor.java:383) ~[junit-jupiter-engine-5.11.3.jar:5.11.3]
	at org.junit.jupiter.engine.descriptor.ClassBasedTestDescriptor.lambda$invokeTestInstancePostProcessors$12(ClassBasedTestDescriptor.java:378) ~[junit-jupiter-engine-5.11.3.jar:5.11.3]
	at java.base/java.util.stream.ForEachOps$ForEachOp$OfRef.accept(ForEachOps.java:184) ~[na:na]
	at java.base/java.util.stream.ReferencePipeline$3$1.accept(ReferencePipeline.java:215) ~[na:na]
	at java.base/java.util.stream.ReferencePipeline$2$1.accept(ReferencePipeline.java:197) ~[na:na]
	at java.base/java.util.stream.ReferencePipeline$3$1.accept(ReferencePipeline.java:215) ~[na:na]
	at java.base/java.util.ArrayList$ArrayListSpliterator.forEachRemaining(ArrayList.java:1709) ~[na:na]
	at java.base/java.util.stream.AbstractPipeline.copyInto(AbstractPipeline.java:570) ~[na:na]
	at java.base/java.util.stream.AbstractPipeline.wrapAndCopyInto(AbstractPipeline.java:560) ~[na:na]
	at java.base/java.util.stream.ForEachOps$ForEachOp.evaluateSequential(ForEachOps.java:151) ~[na:na]
	at java.base/java.util.stream.ForEachOps$ForEachOp$OfRef.evaluateSequential(ForEachOps.java:174) ~[na:na]
	at java.base/java.util.stream.AbstractPipeline.evaluate(AbstractPipeline.java:265) ~[na:na]
	at java.base/java.util.stream.ReferencePipeline.forEach(ReferencePipeline.java:636) ~[na:na]
	at org.junit.jupiter.engine.descriptor.ClassBasedTestDescriptor.invokeTestInstancePostProcessors(ClassBasedTestDescriptor.java:377) ~[junit-jupiter-engine-5.11.3.jar:5.11.3]
	at org.junit.jupiter.engine.descriptor.ClassBasedTestDescriptor.lambda$instantiateAndPostProcessTestInstance$7(ClassBasedTestDescriptor.java:290) ~[junit-jupiter-engine-5.11.3.jar:5.11.3]
	at org.junit.platform.engine.support.hierarchical.ThrowableCollector.execute(ThrowableCollector.java:73) ~[junit-platform-engine-1.11.3.jar:1.11.3]
	at org.junit.jupiter.engine.descriptor.ClassBasedTestDescriptor.instantiateAndPostProcessTestInstance(ClassBasedTestDescriptor.java:289) ~[junit-jupiter-engine-5.11.3.jar:5.11.3]
	at org.junit.jupiter.engine.descriptor.ClassBasedTestDescriptor.lambda$testInstancesProvider$5(ClassBasedTestDescriptor.java:279) ~[junit-jupiter-engine-5.11.3.jar:5.11.3]
	at java.base/java.util.Optional.orElseGet(Optional.java:364) ~[na:na]
	at org.junit.jupiter.engine.descriptor.ClassBasedTestDescriptor.lambda$testInstancesProvider$6(ClassBasedTestDescriptor.java:278) ~[junit-jupiter-engine-5.11.3.jar:5.11.3]
	at org.junit.jupiter.engine.execution.TestInstancesProvider.getTestInstances(TestInstancesProvider.java:31) ~[junit-jupiter-engine-5.11.3.jar:5.11.3]
	at org.junit.jupiter.engine.descriptor.TestMethodTestDescriptor.lambda$prepare$1(TestMethodTestDescriptor.java:105) ~[junit-jupiter-engine-5.11.3.jar:5.11.3]
	at org.junit.platform.engine.support.hierarchical.ThrowableCollector.execute(ThrowableCollector.java:73) ~[junit-platform-engine-1.11.3.jar:1.11.3]
	at org.junit.jupiter.engine.descriptor.TestMethodTestDescriptor.prepare(TestMethodTestDescriptor.java:104) ~[junit-jupiter-engine-5.11.3.jar:5.11.3]
	at org.junit.jupiter.engine.descriptor.TestMethodTestDescriptor.prepare(TestMethodTestDescriptor.java:68) ~[junit-jupiter-engine-5.11.3.jar:5.11.3]
	at org.junit.platform.engine.support.hierarchical.NodeTestTask.lambda$prepare$2(NodeTestTask.java:128) ~[junit-platform-engine-1.11.3.jar:1.11.3]
	at org.junit.platform.engine.support.hierarchical.ThrowableCollector.execute(ThrowableCollector.java:73) ~[junit-platform-engine-1.11.3.jar:1.11.3]
	at org.junit.platform.engine.support.hierarchical.NodeTestTask.prepare(NodeTestTask.java:128) ~[junit-platform-engine-1.11.3.jar:1.11.3]
	at org.junit.platform.engine.support.hierarchical.NodeTestTask.execute(NodeTestTask.java:95) ~[junit-platform-engine-1.11.3.jar:1.11.3]
	at java.base/java.util.ArrayList.forEach(ArrayList.java:1597) ~[na:na]
	at org.junit.platform.engine.support.hierarchical.SameThreadHierarchicalTestExecutorService.invokeAll(SameThreadHierarchicalTestExecutorService.java:41) ~[junit-platform-engine-1.11.3.jar:1.11.3]
	at org.junit.platform.engine.support.hierarchical.NodeTestTask.lambda$executeRecursively$6(NodeTestTask.java:160) ~[junit-platform-engine-1.11.3.jar:1.11.3]
	at org.junit.platform.engine.support.hierarchical.ThrowableCollector.execute(ThrowableCollector.java:73) ~[junit-platform-engine-1.11.3.jar:1.11.3]
	at org.junit.platform.engine.support.hierarchical.NodeTestTask.lambda$executeRecursively$8(NodeTestTask.java:146) ~[junit-platform-engine-1.11.3.jar:1.11.3]
	at org.junit.platform.engine.support.hierarchical.Node.around(Node.java:137) ~[junit-platform-engine-1.11.3.jar:1.11.3]
	at org.junit.platform.engine.support.hierarchical.NodeTestTask.lambda$executeRecursively$9(NodeTestTask.java:144) ~[junit-platform-engine-1.11.3.jar:1.11.3]
	at org.junit.platform.engine.support.hierarchical.ThrowableCollector.execute(ThrowableCollector.java:73) ~[junit-platform-engine-1.11.3.jar:1.11.3]
	at org.junit.platform.engine.support.hierarchical.NodeTestTask.executeRecursively(NodeTestTask.java:143) ~[junit-platform-engine-1.11.3.jar:1.11.3]
	at org.junit.platform.engine.support.hierarchical.NodeTestTask.execute(NodeTestTask.java:100) ~[junit-platform-engine-1.11.3.jar:1.11.3]
	at java.base/java.util.ArrayList.forEach(ArrayList.java:1597) ~[na:na]
	at org.junit.platform.engine.support.hierarchical.SameThreadHierarchicalTestExecutorService.invokeAll(SameThreadHierarchicalTestExecutorService.java:41) ~[junit-platform-engine-1.11.3.jar:1.11.3]
	at org.junit.platform.engine.support.hierarchical.NodeTestTask.lambda$executeRecursively$6(NodeTestTask.java:160) ~[junit-platform-engine-1.11.3.jar:1.11.3]
	at org.junit.platform.engine.support.hierarchical.ThrowableCollector.execute(ThrowableCollector.java:73) ~[junit-platform-engine-1.11.3.jar:1.11.3]
	at org.junit.platform.engine.support.hierarchical.NodeTestTask.lambda$executeRecursively$8(NodeTestTask.java:146) ~[junit-platform-engine-1.11.3.jar:1.11.3]
	at org.junit.platform.engine.support.hierarchical.Node.around(Node.java:137) ~[junit-platform-engine-1.11.3.jar:1.11.3]
	at org.junit.platform.engine.support.hierarchical.NodeTestTask.lambda$executeRecursively$9(NodeTestTask.java:144) ~[junit-platform-engine-1.11.3.jar:1.11.3]
	at org.junit.platform.engine.support.hierarchical.ThrowableCollector.execute(ThrowableCollector.java:73) ~[junit-platform-engine-1.11.3.jar:1.11.3]
	at org.junit.platform.engine.support.hierarchical.NodeTestTask.executeRecursively(NodeTestTask.java:143) ~[junit-platform-engine-1.11.3.jar:1.11.3]
	at org.junit.platform.engine.support.hierarchical.NodeTestTask.execute(NodeTestTask.java:100) ~[junit-platform-engine-1.11.3.jar:1.11.3]
	at org.junit.platform.engine.support.hierarchical.SameThreadHierarchicalTestExecutorService.submit(SameThreadHierarchicalTestExecutorService.java:35) ~[junit-platform-engine-1.11.3.jar:1.11.3]
	at org.junit.platform.engine.support.hierarchical.HierarchicalTestExecutor.execute(HierarchicalTestExecutor.java:57) ~[junit-platform-engine-1.11.3.jar:1.11.3]
	at org.junit.platform.engine.support.hierarchical.HierarchicalTestEngine.execute(HierarchicalTestEngine.java:54) ~[junit-platform-engine-1.11.3.jar:1.11.3]
	at org.junit.platform.launcher.core.EngineExecutionOrchestrator.execute(EngineExecutionOrchestrator.java:198) ~[junit-platform-launcher-1.11.3.jar:1.11.3]
	at org.junit.platform.launcher.core.EngineExecutionOrchestrator.execute(EngineExecutionOrchestrator.java:169) ~[junit-platform-launcher-1.11.3.jar:1.11.3]
	at org.junit.platform.launcher.core.EngineExecutionOrchestrator.execute(EngineExecutionOrchestrator.java:93) ~[junit-platform-launcher-1.11.3.jar:1.11.3]
	at org.junit.platform.launcher.core.EngineExecutionOrchestrator.lambda$execute$0(EngineExecutionOrchestrator.java:58) ~[junit-platform-launcher-1.11.3.jar:1.11.3]
	at org.junit.platform.launcher.core.EngineExecutionOrchestrator.withInterceptedStreams(EngineExecutionOrchestrator.java:141) ~[junit-platform-launcher-1.11.3.jar:1.11.3]
	at org.junit.platform.launcher.core.EngineExecutionOrchestrator.execute(EngineExecutionOrchestrator.java:57) ~[junit-platform-launcher-1.11.3.jar:1.11.3]
	at org.junit.platform.launcher.core.DefaultLauncher.execute(DefaultLauncher.java:103) ~[junit-platform-launcher-1.11.3.jar:1.11.3]
	at org.junit.platform.launcher.core.DefaultLauncher.execute(DefaultLauncher.java:85) ~[junit-platform-launcher-1.11.3.jar:1.11.3]
	at org.junit.platform.launcher.core.DelegatingLauncher.execute(DelegatingLauncher.java:47) ~[junit-platform-launcher-1.11.3.jar:1.11.3]
	at org.apache.maven.surefire.junitplatform.LazyLauncher.execute(LazyLauncher.java:56) ~[surefire-junit-platform-3.5.2.jar:3.5.2]
	at org.apache.maven.surefire.junitplatform.JUnitPlatformProvider.execute(JUnitPlatformProvider.java:184) ~[surefire-junit-platform-3.5.2.jar:3.5.2]
	at org.apache.maven.surefire.junitplatform.JUnitPlatformProvider.invokeAllTests(JUnitPlatformProvider.java:148) ~[surefire-junit-platform-3.5.2.jar:3.5.2]
	at org.apache.maven.surefire.junitplatform.JUnitPlatformProvider.invoke(JUnitPlatformProvider.java:122) ~[surefire-junit-platform-3.5.2.jar:3.5.2]
	at org.apache.maven.surefire.booter.ForkedBooter.runSuitesInProcess(ForkedBooter.java:385) ~[surefire-booter-3.5.2.jar:3.5.2]
	at org.apache.maven.surefire.booter.ForkedBooter.execute(ForkedBooter.java:162) ~[surefire-booter-3.5.2.jar:3.5.2]
	at org.apache.maven.surefire.booter.ForkedBooter.run(ForkedBooter.java:507) ~[surefire-booter-3.5.2.jar:3.5.2]
	at org.apache.maven.surefire.booter.ForkedBooter.main(ForkedBooter.java:495) ~[surefire-booter-3.5.2.jar:3.5.2]

2024-12-15T14:03:59.028-03:00 DEBUG 25938 --- [tienda-ms-pedidos] [           main] o.s.d.jpa.repository.query.NamedQuery    : Did not find named query Orden.findByEmail
2024-12-15T14:03:59.028-03:00 DEBUG 25938 --- [tienda-ms-pedidos] [           main] tor$SharedEntityManagerInvocationHandler : Creating new EntityManager for shared EntityManager invocation
2024-12-15T14:03:59.029-03:00 DEBUG 25938 --- [tienda-ms-pedidos] [           main] o.s.d.jpa.repository.query.NamedQuery    : Looking up named query Orden.findByEstado
2024-12-15T14:03:59.029-03:00 DEBUG 25938 --- [tienda-ms-pedidos] [           main] cResourceLocalTransactionCoordinatorImpl : JDBC transaction marked for rollback-only (exception provided for stack trace)

java.lang.Exception: exception just for purpose of providing stack trace
	at org.hibernate.resource.transaction.backend.jdbc.internal.JdbcResourceLocalTransactionCoordinatorImpl$TransactionDriverControlImpl.markRollbackOnly(JdbcResourceLocalTransactionCoordinatorImpl.java:309) ~[hibernate-core-6.6.2.Final.jar:6.6.2.Final]
	at org.hibernate.internal.AbstractSharedSessionContract.buildNamedQuery(AbstractSharedSessionContract.java:1138) ~[hibernate-core-6.6.2.Final.jar:6.6.2.Final]
	at org.hibernate.internal.AbstractSharedSessionContract.createNamedQuery(AbstractSharedSessionContract.java:1016) ~[hibernate-core-6.6.2.Final.jar:6.6.2.Final]
	at org.hibernate.internal.AbstractSharedSessionContract.createNamedQuery(AbstractSharedSessionContract.java:142) ~[hibernate-core-6.6.2.Final.jar:6.6.2.Final]
	at java.base/jdk.internal.reflect.DirectMethodHandleAccessor.invoke(DirectMethodHandleAccessor.java:103) ~[na:na]
	at java.base/java.lang.reflect.Method.invoke(Method.java:580) ~[na:na]
	at org.springframework.orm.jpa.ExtendedEntityManagerCreator$ExtendedEntityManagerInvocationHandler.invoke(ExtendedEntityManagerCreator.java:364) ~[spring-orm-6.2.0.jar:6.2.0]
	at jdk.proxy2/jdk.proxy2.$Proxy135.createNamedQuery(Unknown Source) ~[na:na]
	at org.springframework.data.jpa.repository.query.NamedQuery.hasNamedQuery(NamedQuery.java:113) ~[spring-data-jpa-3.4.0.jar:3.4.0]
	at org.springframework.data.jpa.repository.query.NamedQuery.lookupFrom(NamedQuery.java:139) ~[spring-data-jpa-3.4.0.jar:3.4.0]
	at org.springframework.data.jpa.repository.query.JpaQueryLookupStrategy$DeclaredQueryLookupStrategy.resolveQuery(JpaQueryLookupStrategy.java:184) ~[spring-data-jpa-3.4.0.jar:3.4.0]
	at org.springframework.data.jpa.repository.query.JpaQueryLookupStrategy$CreateIfNotFoundQueryLookupStrategy.resolveQuery(JpaQueryLookupStrategy.java:256) ~[spring-data-jpa-3.4.0.jar:3.4.0]
	at org.springframework.data.jpa.repository.query.JpaQueryLookupStrategy$AbstractQueryLookupStrategy.resolveQuery(JpaQueryLookupStrategy.java:99) ~[spring-data-jpa-3.4.0.jar:3.4.0]
	at org.springframework.data.repository.core.support.QueryExecutorMethodInterceptor.lookupQuery(QueryExecutorMethodInterceptor.java:116) ~[spring-data-commons-3.4.0.jar:3.4.0]
	at org.springframework.data.repository.core.support.QueryExecutorMethodInterceptor.mapMethodsToQuery(QueryExecutorMethodInterceptor.java:104) ~[spring-data-commons-3.4.0.jar:3.4.0]
	at org.springframework.data.repository.core.support.QueryExecutorMethodInterceptor.lambda$new$0(QueryExecutorMethodInterceptor.java:92) ~[spring-data-commons-3.4.0.jar:3.4.0]
	at java.base/java.util.Optional.map(Optional.java:260) ~[na:na]
	at org.springframework.data.repository.core.support.QueryExecutorMethodInterceptor.<init>(QueryExecutorMethodInterceptor.java:92) ~[spring-data-commons-3.4.0.jar:3.4.0]
	at org.springframework.data.repository.core.support.RepositoryFactorySupport.getRepository(RepositoryFactorySupport.java:440) ~[spring-data-commons-3.4.0.jar:3.4.0]
	at org.springframework.data.repository.core.support.RepositoryFactoryBeanSupport.lambda$afterPropertiesSet$4(RepositoryFactoryBeanSupport.java:350) ~[spring-data-commons-3.4.0.jar:3.4.0]
	at org.springframework.data.util.Lazy.getNullable(Lazy.java:135) ~[spring-data-commons-3.4.0.jar:3.4.0]
	at org.springframework.data.util.Lazy.get(Lazy.java:113) ~[spring-data-commons-3.4.0.jar:3.4.0]
	at org.springframework.data.repository.core.support.RepositoryFactoryBeanSupport.afterPropertiesSet(RepositoryFactoryBeanSupport.java:356) ~[spring-data-commons-3.4.0.jar:3.4.0]
	at org.springframework.data.jpa.repository.support.JpaRepositoryFactoryBean.afterPropertiesSet(JpaRepositoryFactoryBean.java:132) ~[spring-data-jpa-3.4.0.jar:3.4.0]
	at org.springframework.beans.factory.support.AbstractAutowireCapableBeanFactory.invokeInitMethods(AbstractAutowireCapableBeanFactory.java:1849) ~[spring-beans-6.2.0.jar:6.2.0]
	at org.springframework.beans.factory.support.AbstractAutowireCapableBeanFactory.initializeBean(AbstractAutowireCapableBeanFactory.java:1798) ~[spring-beans-6.2.0.jar:6.2.0]
	at org.springframework.beans.factory.support.AbstractAutowireCapableBeanFactory.doCreateBean(AbstractAutowireCapableBeanFactory.java:601) ~[spring-beans-6.2.0.jar:6.2.0]
	at org.springframework.beans.factory.support.AbstractAutowireCapableBeanFactory.createBean(AbstractAutowireCapableBeanFactory.java:523) ~[spring-beans-6.2.0.jar:6.2.0]
	at org.springframework.beans.factory.support.AbstractBeanFactory.lambda$doGetBean$0(AbstractBeanFactory.java:336) ~[spring-beans-6.2.0.jar:6.2.0]
	at org.springframework.beans.factory.support.DefaultSingletonBeanRegistry.getSingleton(DefaultSingletonBeanRegistry.java:288) ~[spring-beans-6.2.0.jar:6.2.0]
	at org.springframework.beans.factory.support.AbstractBeanFactory.doGetBean(AbstractBeanFactory.java:334) ~[spring-beans-6.2.0.jar:6.2.0]
	at org.springframework.beans.factory.support.AbstractBeanFactory.getBean(AbstractBeanFactory.java:199) ~[spring-beans-6.2.0.jar:6.2.0]
	at org.springframework.beans.factory.support.DefaultListableBeanFactory.doResolveDependency(DefaultListableBeanFactory.java:1568) ~[spring-beans-6.2.0.jar:6.2.0]
	at org.springframework.beans.factory.support.DefaultListableBeanFactory.resolveDependency(DefaultListableBeanFactory.java:1514) ~[spring-beans-6.2.0.jar:6.2.0]
	at org.springframework.beans.factory.support.ConstructorResolver.resolveAutowiredArgument(ConstructorResolver.java:913) ~[spring-beans-6.2.0.jar:6.2.0]
	at org.springframework.beans.factory.support.ConstructorResolver.createArgumentArray(ConstructorResolver.java:791) ~[spring-beans-6.2.0.jar:6.2.0]
	at org.springframework.beans.factory.support.ConstructorResolver.autowireConstructor(ConstructorResolver.java:240) ~[spring-beans-6.2.0.jar:6.2.0]
	at org.springframework.beans.factory.support.AbstractAutowireCapableBeanFactory.autowireConstructor(AbstractAutowireCapableBeanFactory.java:1371) ~[spring-beans-6.2.0.jar:6.2.0]
	at org.springframework.beans.factory.support.AbstractAutowireCapableBeanFactory.createBeanInstance(AbstractAutowireCapableBeanFactory.java:1208) ~[spring-beans-6.2.0.jar:6.2.0]
	at org.springframework.beans.factory.support.AbstractAutowireCapableBeanFactory.doCreateBean(AbstractAutowireCapableBeanFactory.java:563) ~[spring-beans-6.2.0.jar:6.2.0]
	at org.springframework.beans.factory.support.AbstractAutowireCapableBeanFactory.createBean(AbstractAutowireCapableBeanFactory.java:523) ~[spring-beans-6.2.0.jar:6.2.0]
	at org.springframework.beans.factory.support.AbstractBeanFactory.lambda$doGetBean$0(AbstractBeanFactory.java:336) ~[spring-beans-6.2.0.jar:6.2.0]
	at org.springframework.beans.factory.support.DefaultSingletonBeanRegistry.getSingleton(DefaultSingletonBeanRegistry.java:288) ~[spring-beans-6.2.0.jar:6.2.0]
	at org.springframework.beans.factory.support.AbstractBeanFactory.doGetBean(AbstractBeanFactory.java:334) ~[spring-beans-6.2.0.jar:6.2.0]
	at org.springframework.beans.factory.support.AbstractBeanFactory.getBean(AbstractBeanFactory.java:199) ~[spring-beans-6.2.0.jar:6.2.0]
	at org.springframework.beans.factory.config.DependencyDescriptor.resolveCandidate(DependencyDescriptor.java:254) ~[spring-beans-6.2.0.jar:6.2.0]
	at org.springframework.beans.factory.support.DefaultListableBeanFactory.doResolveDependency(DefaultListableBeanFactory.java:1626) ~[spring-beans-6.2.0.jar:6.2.0]
	at org.springframework.beans.factory.support.DefaultListableBeanFactory.resolveDependency(DefaultListableBeanFactory.java:1514) ~[spring-beans-6.2.0.jar:6.2.0]
	at org.springframework.beans.factory.annotation.AutowiredAnnotationBeanPostProcessor$AutowiredFieldElement.resolveFieldValue(AutowiredAnnotationBeanPostProcessor.java:785) ~[spring-beans-6.2.0.jar:6.2.0]
	at org.springframework.beans.factory.annotation.AutowiredAnnotationBeanPostProcessor$AutowiredFieldElement.inject(AutowiredAnnotationBeanPostProcessor.java:768) ~[spring-beans-6.2.0.jar:6.2.0]
	at org.springframework.beans.factory.annotation.InjectionMetadata.inject(InjectionMetadata.java:146) ~[spring-beans-6.2.0.jar:6.2.0]
	at org.springframework.beans.factory.annotation.AutowiredAnnotationBeanPostProcessor.postProcessProperties(AutowiredAnnotationBeanPostProcessor.java:509) ~[spring-beans-6.2.0.jar:6.2.0]
	at org.springframework.beans.factory.support.AbstractAutowireCapableBeanFactory.populateBean(AbstractAutowireCapableBeanFactory.java:1435) ~[spring-beans-6.2.0.jar:6.2.0]
	at org.springframework.beans.factory.support.AbstractAutowireCapableBeanFactory.doCreateBean(AbstractAutowireCapableBeanFactory.java:600) ~[spring-beans-6.2.0.jar:6.2.0]
	at org.springframework.beans.factory.support.AbstractAutowireCapableBeanFactory.createBean(AbstractAutowireCapableBeanFactory.java:523) ~[spring-beans-6.2.0.jar:6.2.0]
	at org.springframework.beans.factory.support.AbstractBeanFactory.lambda$doGetBean$0(AbstractBeanFactory.java:336) ~[spring-beans-6.2.0.jar:6.2.0]
	at org.springframework.beans.factory.support.DefaultSingletonBeanRegistry.getSingleton(DefaultSingletonBeanRegistry.java:288) ~[spring-beans-6.2.0.jar:6.2.0]
	at org.springframework.beans.factory.support.AbstractBeanFactory.doGetBean(AbstractBeanFactory.java:334) ~[spring-beans-6.2.0.jar:6.2.0]
	at org.springframework.beans.factory.support.AbstractBeanFactory.getBean(AbstractBeanFactory.java:199) ~[spring-beans-6.2.0.jar:6.2.0]
	at org.springframework.beans.factory.support.DefaultListableBeanFactory.instantiateSingleton(DefaultListableBeanFactory.java:1122) ~[spring-beans-6.2.0.jar:6.2.0]
	at org.springframework.beans.factory.support.DefaultListableBeanFactory.preInstantiateSingleton(DefaultListableBeanFactory.java:1093) ~[spring-beans-6.2.0.jar:6.2.0]
	at org.springframework.beans.factory.support.DefaultListableBeanFactory.preInstantiateSingletons(DefaultListableBeanFactory.java:1030) ~[spring-beans-6.2.0.jar:6.2.0]
	at org.springframework.context.support.AbstractApplicationContext.finishBeanFactoryInitialization(AbstractApplicationContext.java:987) ~[spring-context-6.2.0.jar:6.2.0]
	at org.springframework.context.support.AbstractApplicationContext.refresh(AbstractApplicationContext.java:627) ~[spring-context-6.2.0.jar:6.2.0]
	at org.springframework.boot.SpringApplication.refresh(SpringApplication.java:752) ~[spring-boot-3.4.0.jar:3.4.0]
	at org.springframework.boot.SpringApplication.refreshContext(SpringApplication.java:439) ~[spring-boot-3.4.0.jar:3.4.0]
	at org.springframework.boot.SpringApplication.run(SpringApplication.java:318) ~[spring-boot-3.4.0.jar:3.4.0]
	at org.springframework.boot.test.context.SpringBootContextLoader.lambda$loadContext$3(SpringBootContextLoader.java:137) ~[spring-boot-test-3.4.0.jar:3.4.0]
	at org.springframework.util.function.ThrowingSupplier.get(ThrowingSupplier.java:58) ~[spring-core-6.2.0.jar:6.2.0]
	at org.springframework.util.function.ThrowingSupplier.get(ThrowingSupplier.java:46) ~[spring-core-6.2.0.jar:6.2.0]
	at org.springframework.boot.SpringApplication.withHook(SpringApplication.java:1461) ~[spring-boot-3.4.0.jar:3.4.0]
	at org.springframework.boot.test.context.SpringBootContextLoader$ContextLoaderHook.run(SpringBootContextLoader.java:553) ~[spring-boot-test-3.4.0.jar:3.4.0]
	at org.springframework.boot.test.context.SpringBootContextLoader.loadContext(SpringBootContextLoader.java:137) ~[spring-boot-test-3.4.0.jar:3.4.0]
	at org.springframework.boot.test.context.SpringBootContextLoader.loadContext(SpringBootContextLoader.java:108) ~[spring-boot-test-3.4.0.jar:3.4.0]
	at org.springframework.test.context.cache.DefaultCacheAwareContextLoaderDelegate.loadContextInternal(DefaultCacheAwareContextLoaderDelegate.java:225) ~[spring-test-6.2.0.jar:6.2.0]
	at org.springframework.test.context.cache.DefaultCacheAwareContextLoaderDelegate.loadContext(DefaultCacheAwareContextLoaderDelegate.java:152) ~[spring-test-6.2.0.jar:6.2.0]
	at org.springframework.test.context.support.DefaultTestContext.getApplicationContext(DefaultTestContext.java:130) ~[spring-test-6.2.0.jar:6.2.0]
	at org.springframework.test.context.web.ServletTestExecutionListener.setUpRequestContextIfNecessary(ServletTestExecutionListener.java:191) ~[spring-test-6.2.0.jar:6.2.0]
	at org.springframework.test.context.web.ServletTestExecutionListener.prepareTestInstance(ServletTestExecutionListener.java:130) ~[spring-test-6.2.0.jar:6.2.0]
	at org.springframework.test.context.TestContextManager.prepareTestInstance(TestContextManager.java:260) ~[spring-test-6.2.0.jar:6.2.0]
	at org.springframework.test.context.junit.jupiter.SpringExtension.postProcessTestInstance(SpringExtension.java:160) ~[spring-test-6.2.0.jar:6.2.0]
	at org.junit.jupiter.engine.descriptor.ClassBasedTestDescriptor.lambda$invokeTestInstancePostProcessors$11(ClassBasedTestDescriptor.java:378) ~[junit-jupiter-engine-5.11.3.jar:5.11.3]
	at org.junit.jupiter.engine.descriptor.ClassBasedTestDescriptor.executeAndMaskThrowable(ClassBasedTestDescriptor.java:383) ~[junit-jupiter-engine-5.11.3.jar:5.11.3]
	at org.junit.jupiter.engine.descriptor.ClassBasedTestDescriptor.lambda$invokeTestInstancePostProcessors$12(ClassBasedTestDescriptor.java:378) ~[junit-jupiter-engine-5.11.3.jar:5.11.3]
	at java.base/java.util.stream.ForEachOps$ForEachOp$OfRef.accept(ForEachOps.java:184) ~[na:na]
	at java.base/java.util.stream.ReferencePipeline$3$1.accept(ReferencePipeline.java:215) ~[na:na]
	at java.base/java.util.stream.ReferencePipeline$2$1.accept(ReferencePipeline.java:197) ~[na:na]
	at java.base/java.util.stream.ReferencePipeline$3$1.accept(ReferencePipeline.java:215) ~[na:na]
	at java.base/java.util.ArrayList$ArrayListSpliterator.forEachRemaining(ArrayList.java:1709) ~[na:na]
	at java.base/java.util.stream.AbstractPipeline.copyInto(AbstractPipeline.java:570) ~[na:na]
	at java.base/java.util.stream.AbstractPipeline.wrapAndCopyInto(AbstractPipeline.java:560) ~[na:na]
	at java.base/java.util.stream.ForEachOps$ForEachOp.evaluateSequential(ForEachOps.java:151) ~[na:na]
	at java.base/java.util.stream.ForEachOps$ForEachOp$OfRef.evaluateSequential(ForEachOps.java:174) ~[na:na]
	at java.base/java.util.stream.AbstractPipeline.evaluate(AbstractPipeline.java:265) ~[na:na]
	at java.base/java.util.stream.ReferencePipeline.forEach(ReferencePipeline.java:636) ~[na:na]
	at org.junit.jupiter.engine.descriptor.ClassBasedTestDescriptor.invokeTestInstancePostProcessors(ClassBasedTestDescriptor.java:377) ~[junit-jupiter-engine-5.11.3.jar:5.11.3]
	at org.junit.jupiter.engine.descriptor.ClassBasedTestDescriptor.lambda$instantiateAndPostProcessTestInstance$7(ClassBasedTestDescriptor.java:290) ~[junit-jupiter-engine-5.11.3.jar:5.11.3]
	at org.junit.platform.engine.support.hierarchical.ThrowableCollector.execute(ThrowableCollector.java:73) ~[junit-platform-engine-1.11.3.jar:1.11.3]
	at org.junit.jupiter.engine.descriptor.ClassBasedTestDescriptor.instantiateAndPostProcessTestInstance(ClassBasedTestDescriptor.java:289) ~[junit-jupiter-engine-5.11.3.jar:5.11.3]
	at org.junit.jupiter.engine.descriptor.ClassBasedTestDescriptor.lambda$testInstancesProvider$5(ClassBasedTestDescriptor.java:279) ~[junit-jupiter-engine-5.11.3.jar:5.11.3]
	at java.base/java.util.Optional.orElseGet(Optional.java:364) ~[na:na]
	at org.junit.jupiter.engine.descriptor.ClassBasedTestDescriptor.lambda$testInstancesProvider$6(ClassBasedTestDescriptor.java:278) ~[junit-jupiter-engine-5.11.3.jar:5.11.3]
	at org.junit.jupiter.engine.execution.TestInstancesProvider.getTestInstances(TestInstancesProvider.java:31) ~[junit-jupiter-engine-5.11.3.jar:5.11.3]
	at org.junit.jupiter.engine.descriptor.TestMethodTestDescriptor.lambda$prepare$1(TestMethodTestDescriptor.java:105) ~[junit-jupiter-engine-5.11.3.jar:5.11.3]
	at org.junit.platform.engine.support.hierarchical.ThrowableCollector.execute(ThrowableCollector.java:73) ~[junit-platform-engine-1.11.3.jar:1.11.3]
	at org.junit.jupiter.engine.descriptor.TestMethodTestDescriptor.prepare(TestMethodTestDescriptor.java:104) ~[junit-jupiter-engine-5.11.3.jar:5.11.3]
	at org.junit.jupiter.engine.descriptor.TestMethodTestDescriptor.prepare(TestMethodTestDescriptor.java:68) ~[junit-jupiter-engine-5.11.3.jar:5.11.3]
	at org.junit.platform.engine.support.hierarchical.NodeTestTask.lambda$prepare$2(NodeTestTask.java:128) ~[junit-platform-engine-1.11.3.jar:1.11.3]
	at org.junit.platform.engine.support.hierarchical.ThrowableCollector.execute(ThrowableCollector.java:73) ~[junit-platform-engine-1.11.3.jar:1.11.3]
	at org.junit.platform.engine.support.hierarchical.NodeTestTask.prepare(NodeTestTask.java:128) ~[junit-platform-engine-1.11.3.jar:1.11.3]
	at org.junit.platform.engine.support.hierarchical.NodeTestTask.execute(NodeTestTask.java:95) ~[junit-platform-engine-1.11.3.jar:1.11.3]
	at java.base/java.util.ArrayList.forEach(ArrayList.java:1597) ~[na:na]
	at org.junit.platform.engine.support.hierarchical.SameThreadHierarchicalTestExecutorService.invokeAll(SameThreadHierarchicalTestExecutorService.java:41) ~[junit-platform-engine-1.11.3.jar:1.11.3]
	at org.junit.platform.engine.support.hierarchical.NodeTestTask.lambda$executeRecursively$6(NodeTestTask.java:160) ~[junit-platform-engine-1.11.3.jar:1.11.3]
	at org.junit.platform.engine.support.hierarchical.ThrowableCollector.execute(ThrowableCollector.java:73) ~[junit-platform-engine-1.11.3.jar:1.11.3]
	at org.junit.platform.engine.support.hierarchical.NodeTestTask.lambda$executeRecursively$8(NodeTestTask.java:146) ~[junit-platform-engine-1.11.3.jar:1.11.3]
	at org.junit.platform.engine.support.hierarchical.Node.around(Node.java:137) ~[junit-platform-engine-1.11.3.jar:1.11.3]
	at org.junit.platform.engine.support.hierarchical.NodeTestTask.lambda$executeRecursively$9(NodeTestTask.java:144) ~[junit-platform-engine-1.11.3.jar:1.11.3]
	at org.junit.platform.engine.support.hierarchical.ThrowableCollector.execute(ThrowableCollector.java:73) ~[junit-platform-engine-1.11.3.jar:1.11.3]
	at org.junit.platform.engine.support.hierarchical.NodeTestTask.executeRecursively(NodeTestTask.java:143) ~[junit-platform-engine-1.11.3.jar:1.11.3]
	at org.junit.platform.engine.support.hierarchical.NodeTestTask.execute(NodeTestTask.java:100) ~[junit-platform-engine-1.11.3.jar:1.11.3]
	at java.base/java.util.ArrayList.forEach(ArrayList.java:1597) ~[na:na]
	at org.junit.platform.engine.support.hierarchical.SameThreadHierarchicalTestExecutorService.invokeAll(SameThreadHierarchicalTestExecutorService.java:41) ~[junit-platform-engine-1.11.3.jar:1.11.3]
	at org.junit.platform.engine.support.hierarchical.NodeTestTask.lambda$executeRecursively$6(NodeTestTask.java:160) ~[junit-platform-engine-1.11.3.jar:1.11.3]
	at org.junit.platform.engine.support.hierarchical.ThrowableCollector.execute(ThrowableCollector.java:73) ~[junit-platform-engine-1.11.3.jar:1.11.3]
	at org.junit.platform.engine.support.hierarchical.NodeTestTask.lambda$executeRecursively$8(NodeTestTask.java:146) ~[junit-platform-engine-1.11.3.jar:1.11.3]
	at org.junit.platform.engine.support.hierarchical.Node.around(Node.java:137) ~[junit-platform-engine-1.11.3.jar:1.11.3]
	at org.junit.platform.engine.support.hierarchical.NodeTestTask.lambda$executeRecursively$9(NodeTestTask.java:144) ~[junit-platform-engine-1.11.3.jar:1.11.3]
	at org.junit.platform.engine.support.hierarchical.ThrowableCollector.execute(ThrowableCollector.java:73) ~[junit-platform-engine-1.11.3.jar:1.11.3]
	at org.junit.platform.engine.support.hierarchical.NodeTestTask.executeRecursively(NodeTestTask.java:143) ~[junit-platform-engine-1.11.3.jar:1.11.3]
	at org.junit.platform.engine.support.hierarchical.NodeTestTask.execute(NodeTestTask.java:100) ~[junit-platform-engine-1.11.3.jar:1.11.3]
	at org.junit.platform.engine.support.hierarchical.SameThreadHierarchicalTestExecutorService.submit(SameThreadHierarchicalTestExecutorService.java:35) ~[junit-platform-engine-1.11.3.jar:1.11.3]
	at org.junit.platform.engine.support.hierarchical.HierarchicalTestExecutor.execute(HierarchicalTestExecutor.java:57) ~[junit-platform-engine-1.11.3.jar:1.11.3]
	at org.junit.platform.engine.support.hierarchical.HierarchicalTestEngine.execute(HierarchicalTestEngine.java:54) ~[junit-platform-engine-1.11.3.jar:1.11.3]
	at org.junit.platform.launcher.core.EngineExecutionOrchestrator.execute(EngineExecutionOrchestrator.java:198) ~[junit-platform-launcher-1.11.3.jar:1.11.3]
	at org.junit.platform.launcher.core.EngineExecutionOrchestrator.execute(EngineExecutionOrchestrator.java:169) ~[junit-platform-launcher-1.11.3.jar:1.11.3]
	at org.junit.platform.launcher.core.EngineExecutionOrchestrator.execute(EngineExecutionOrchestrator.java:93) ~[junit-platform-launcher-1.11.3.jar:1.11.3]
	at org.junit.platform.launcher.core.EngineExecutionOrchestrator.lambda$execute$0(EngineExecutionOrchestrator.java:58) ~[junit-platform-launcher-1.11.3.jar:1.11.3]
	at org.junit.platform.launcher.core.EngineExecutionOrchestrator.withInterceptedStreams(EngineExecutionOrchestrator.java:141) ~[junit-platform-launcher-1.11.3.jar:1.11.3]
	at org.junit.platform.launcher.core.EngineExecutionOrchestrator.execute(EngineExecutionOrchestrator.java:57) ~[junit-platform-launcher-1.11.3.jar:1.11.3]
	at org.junit.platform.launcher.core.DefaultLauncher.execute(DefaultLauncher.java:103) ~[junit-platform-launcher-1.11.3.jar:1.11.3]
	at org.junit.platform.launcher.core.DefaultLauncher.execute(DefaultLauncher.java:85) ~[junit-platform-launcher-1.11.3.jar:1.11.3]
	at org.junit.platform.launcher.core.DelegatingLauncher.execute(DelegatingLauncher.java:47) ~[junit-platform-launcher-1.11.3.jar:1.11.3]
	at org.apache.maven.surefire.junitplatform.LazyLauncher.execute(LazyLauncher.java:56) ~[surefire-junit-platform-3.5.2.jar:3.5.2]
	at org.apache.maven.surefire.junitplatform.JUnitPlatformProvider.execute(JUnitPlatformProvider.java:184) ~[surefire-junit-platform-3.5.2.jar:3.5.2]
	at org.apache.maven.surefire.junitplatform.JUnitPlatformProvider.invokeAllTests(JUnitPlatformProvider.java:148) ~[surefire-junit-platform-3.5.2.jar:3.5.2]
	at org.apache.maven.surefire.junitplatform.JUnitPlatformProvider.invoke(JUnitPlatformProvider.java:122) ~[surefire-junit-platform-3.5.2.jar:3.5.2]
	at org.apache.maven.surefire.booter.ForkedBooter.runSuitesInProcess(ForkedBooter.java:385) ~[surefire-booter-3.5.2.jar:3.5.2]
	at org.apache.maven.surefire.booter.ForkedBooter.execute(ForkedBooter.java:162) ~[surefire-booter-3.5.2.jar:3.5.2]
	at org.apache.maven.surefire.booter.ForkedBooter.run(ForkedBooter.java:507) ~[surefire-booter-3.5.2.jar:3.5.2]
	at org.apache.maven.surefire.booter.ForkedBooter.main(ForkedBooter.java:495) ~[surefire-booter-3.5.2.jar:3.5.2]

2024-12-15T14:03:59.030-03:00 DEBUG 25938 --- [tienda-ms-pedidos] [           main] o.s.d.jpa.repository.query.NamedQuery    : Did not find named query Orden.findByEstado
2024-12-15T14:03:59.030-03:00 DEBUG 25938 --- [tienda-ms-pedidos] [           main] tor$SharedEntityManagerInvocationHandler : Creating new EntityManager for shared EntityManager invocation
2024-12-15T14:03:59.030-03:00 DEBUG 25938 --- [tienda-ms-pedidos] [           main] cResourceLocalTransactionCoordinatorImpl : JDBC transaction marked for rollback-only (exception provided for stack trace)

java.lang.Exception: exception just for purpose of providing stack trace
	at org.hibernate.resource.transaction.backend.jdbc.internal.JdbcResourceLocalTransactionCoordinatorImpl$TransactionDriverControlImpl.markRollbackOnly(JdbcResourceLocalTransactionCoordinatorImpl.java:309) ~[hibernate-core-6.6.2.Final.jar:6.6.2.Final]
	at org.hibernate.internal.AbstractSharedSessionContract.buildNamedQuery(AbstractSharedSessionContract.java:1138) ~[hibernate-core-6.6.2.Final.jar:6.6.2.Final]
	at org.hibernate.internal.AbstractSharedSessionContract.createNamedQuery(AbstractSharedSessionContract.java:1016) ~[hibernate-core-6.6.2.Final.jar:6.6.2.Final]
	at org.hibernate.internal.AbstractSharedSessionContract.createNamedQuery(AbstractSharedSessionContract.java:142) ~[hibernate-core-6.6.2.Final.jar:6.6.2.Final]
	at java.base/jdk.internal.reflect.DirectMethodHandleAccessor.invoke(DirectMethodHandleAccessor.java:103) ~[na:na]
	at java.base/java.lang.reflect.Method.invoke(Method.java:580) ~[na:na]
	at org.springframework.orm.jpa.ExtendedEntityManagerCreator$ExtendedEntityManagerInvocationHandler.invoke(ExtendedEntityManagerCreator.java:364) ~[spring-orm-6.2.0.jar:6.2.0]
	at jdk.proxy2/jdk.proxy2.$Proxy135.createNamedQuery(Unknown Source) ~[na:na]
	at org.springframework.data.jpa.repository.query.NamedQuery.hasNamedQuery(NamedQuery.java:113) ~[spring-data-jpa-3.4.0.jar:3.4.0]
	at org.springframework.data.jpa.repository.query.JpaQueryLookupStrategy$DeclaredQueryLookupStrategy.getCountQuery(JpaQueryLookupStrategy.java:208) ~[spring-data-jpa-3.4.0.jar:3.4.0]
	at org.springframework.data.jpa.repository.query.JpaQueryLookupStrategy$DeclaredQueryLookupStrategy.resolveQuery(JpaQueryLookupStrategy.java:175) ~[spring-data-jpa-3.4.0.jar:3.4.0]
	at org.springframework.data.jpa.repository.query.JpaQueryLookupStrategy$CreateIfNotFoundQueryLookupStrategy.resolveQuery(JpaQueryLookupStrategy.java:256) ~[spring-data-jpa-3.4.0.jar:3.4.0]
	at org.springframework.data.jpa.repository.query.JpaQueryLookupStrategy$AbstractQueryLookupStrategy.resolveQuery(JpaQueryLookupStrategy.java:99) ~[spring-data-jpa-3.4.0.jar:3.4.0]
	at org.springframework.data.repository.core.support.QueryExecutorMethodInterceptor.lookupQuery(QueryExecutorMethodInterceptor.java:116) ~[spring-data-commons-3.4.0.jar:3.4.0]
	at org.springframework.data.repository.core.support.QueryExecutorMethodInterceptor.mapMethodsToQuery(QueryExecutorMethodInterceptor.java:104) ~[spring-data-commons-3.4.0.jar:3.4.0]
	at org.springframework.data.repository.core.support.QueryExecutorMethodInterceptor.lambda$new$0(QueryExecutorMethodInterceptor.java:92) ~[spring-data-commons-3.4.0.jar:3.4.0]
	at java.base/java.util.Optional.map(Optional.java:260) ~[na:na]
	at org.springframework.data.repository.core.support.QueryExecutorMethodInterceptor.<init>(QueryExecutorMethodInterceptor.java:92) ~[spring-data-commons-3.4.0.jar:3.4.0]
	at org.springframework.data.repository.core.support.RepositoryFactorySupport.getRepository(RepositoryFactorySupport.java:440) ~[spring-data-commons-3.4.0.jar:3.4.0]
	at org.springframework.data.repository.core.support.RepositoryFactoryBeanSupport.lambda$afterPropertiesSet$4(RepositoryFactoryBeanSupport.java:350) ~[spring-data-commons-3.4.0.jar:3.4.0]
	at org.springframework.data.util.Lazy.getNullable(Lazy.java:135) ~[spring-data-commons-3.4.0.jar:3.4.0]
	at org.springframework.data.util.Lazy.get(Lazy.java:113) ~[spring-data-commons-3.4.0.jar:3.4.0]
	at org.springframework.data.repository.core.support.RepositoryFactoryBeanSupport.afterPropertiesSet(RepositoryFactoryBeanSupport.java:356) ~[spring-data-commons-3.4.0.jar:3.4.0]
	at org.springframework.data.jpa.repository.support.JpaRepositoryFactoryBean.afterPropertiesSet(JpaRepositoryFactoryBean.java:132) ~[spring-data-jpa-3.4.0.jar:3.4.0]
	at org.springframework.beans.factory.support.AbstractAutowireCapableBeanFactory.invokeInitMethods(AbstractAutowireCapableBeanFactory.java:1849) ~[spring-beans-6.2.0.jar:6.2.0]
	at org.springframework.beans.factory.support.AbstractAutowireCapableBeanFactory.initializeBean(AbstractAutowireCapableBeanFactory.java:1798) ~[spring-beans-6.2.0.jar:6.2.0]
	at org.springframework.beans.factory.support.AbstractAutowireCapableBeanFactory.doCreateBean(AbstractAutowireCapableBeanFactory.java:601) ~[spring-beans-6.2.0.jar:6.2.0]
	at org.springframework.beans.factory.support.AbstractAutowireCapableBeanFactory.createBean(AbstractAutowireCapableBeanFactory.java:523) ~[spring-beans-6.2.0.jar:6.2.0]
	at org.springframework.beans.factory.support.AbstractBeanFactory.lambda$doGetBean$0(AbstractBeanFactory.java:336) ~[spring-beans-6.2.0.jar:6.2.0]
	at org.springframework.beans.factory.support.DefaultSingletonBeanRegistry.getSingleton(DefaultSingletonBeanRegistry.java:288) ~[spring-beans-6.2.0.jar:6.2.0]
	at org.springframework.beans.factory.support.AbstractBeanFactory.doGetBean(AbstractBeanFactory.java:334) ~[spring-beans-6.2.0.jar:6.2.0]
	at org.springframework.beans.factory.support.AbstractBeanFactory.getBean(AbstractBeanFactory.java:199) ~[spring-beans-6.2.0.jar:6.2.0]
	at org.springframework.beans.factory.support.DefaultListableBeanFactory.doResolveDependency(DefaultListableBeanFactory.java:1568) ~[spring-beans-6.2.0.jar:6.2.0]
	at org.springframework.beans.factory.support.DefaultListableBeanFactory.resolveDependency(DefaultListableBeanFactory.java:1514) ~[spring-beans-6.2.0.jar:6.2.0]
	at org.springframework.beans.factory.support.ConstructorResolver.resolveAutowiredArgument(ConstructorResolver.java:913) ~[spring-beans-6.2.0.jar:6.2.0]
	at org.springframework.beans.factory.support.ConstructorResolver.createArgumentArray(ConstructorResolver.java:791) ~[spring-beans-6.2.0.jar:6.2.0]
	at org.springframework.beans.factory.support.ConstructorResolver.autowireConstructor(ConstructorResolver.java:240) ~[spring-beans-6.2.0.jar:6.2.0]
	at org.springframework.beans.factory.support.AbstractAutowireCapableBeanFactory.autowireConstructor(AbstractAutowireCapableBeanFactory.java:1371) ~[spring-beans-6.2.0.jar:6.2.0]
	at org.springframework.beans.factory.support.AbstractAutowireCapableBeanFactory.createBeanInstance(AbstractAutowireCapableBeanFactory.java:1208) ~[spring-beans-6.2.0.jar:6.2.0]
	at org.springframework.beans.factory.support.AbstractAutowireCapableBeanFactory.doCreateBean(AbstractAutowireCapableBeanFactory.java:563) ~[spring-beans-6.2.0.jar:6.2.0]
	at org.springframework.beans.factory.support.AbstractAutowireCapableBeanFactory.createBean(AbstractAutowireCapableBeanFactory.java:523) ~[spring-beans-6.2.0.jar:6.2.0]
	at org.springframework.beans.factory.support.AbstractBeanFactory.lambda$doGetBean$0(AbstractBeanFactory.java:336) ~[spring-beans-6.2.0.jar:6.2.0]
	at org.springframework.beans.factory.support.DefaultSingletonBeanRegistry.getSingleton(DefaultSingletonBeanRegistry.java:288) ~[spring-beans-6.2.0.jar:6.2.0]
	at org.springframework.beans.factory.support.AbstractBeanFactory.doGetBean(AbstractBeanFactory.java:334) ~[spring-beans-6.2.0.jar:6.2.0]
	at org.springframework.beans.factory.support.AbstractBeanFactory.getBean(AbstractBeanFactory.java:199) ~[spring-beans-6.2.0.jar:6.2.0]
	at org.springframework.beans.factory.config.DependencyDescriptor.resolveCandidate(DependencyDescriptor.java:254) ~[spring-beans-6.2.0.jar:6.2.0]
	at org.springframework.beans.factory.support.DefaultListableBeanFactory.doResolveDependency(DefaultListableBeanFactory.java:1626) ~[spring-beans-6.2.0.jar:6.2.0]
	at org.springframework.beans.factory.support.DefaultListableBeanFactory.resolveDependency(DefaultListableBeanFactory.java:1514) ~[spring-beans-6.2.0.jar:6.2.0]
	at org.springframework.beans.factory.annotation.AutowiredAnnotationBeanPostProcessor$AutowiredFieldElement.resolveFieldValue(AutowiredAnnotationBeanPostProcessor.java:785) ~[spring-beans-6.2.0.jar:6.2.0]
	at org.springframework.beans.factory.annotation.AutowiredAnnotationBeanPostProcessor$AutowiredFieldElement.inject(AutowiredAnnotationBeanPostProcessor.java:768) ~[spring-beans-6.2.0.jar:6.2.0]
	at org.springframework.beans.factory.annotation.InjectionMetadata.inject(InjectionMetadata.java:146) ~[spring-beans-6.2.0.jar:6.2.0]
	at org.springframework.beans.factory.annotation.AutowiredAnnotationBeanPostProcessor.postProcessProperties(AutowiredAnnotationBeanPostProcessor.java:509) ~[spring-beans-6.2.0.jar:6.2.0]
	at org.springframework.beans.factory.support.AbstractAutowireCapableBeanFactory.populateBean(AbstractAutowireCapableBeanFactory.java:1435) ~[spring-beans-6.2.0.jar:6.2.0]
	at org.springframework.beans.factory.support.AbstractAutowireCapableBeanFactory.doCreateBean(AbstractAutowireCapableBeanFactory.java:600) ~[spring-beans-6.2.0.jar:6.2.0]
	at org.springframework.beans.factory.support.AbstractAutowireCapableBeanFactory.createBean(AbstractAutowireCapableBeanFactory.java:523) ~[spring-beans-6.2.0.jar:6.2.0]
	at org.springframework.beans.factory.support.AbstractBeanFactory.lambda$doGetBean$0(AbstractBeanFactory.java:336) ~[spring-beans-6.2.0.jar:6.2.0]
	at org.springframework.beans.factory.support.DefaultSingletonBeanRegistry.getSingleton(DefaultSingletonBeanRegistry.java:288) ~[spring-beans-6.2.0.jar:6.2.0]
	at org.springframework.beans.factory.support.AbstractBeanFactory.doGetBean(AbstractBeanFactory.java:334) ~[spring-beans-6.2.0.jar:6.2.0]
	at org.springframework.beans.factory.support.AbstractBeanFactory.getBean(AbstractBeanFactory.java:199) ~[spring-beans-6.2.0.jar:6.2.0]
	at org.springframework.beans.factory.support.DefaultListableBeanFactory.instantiateSingleton(DefaultListableBeanFactory.java:1122) ~[spring-beans-6.2.0.jar:6.2.0]
	at org.springframework.beans.factory.support.DefaultListableBeanFactory.preInstantiateSingleton(DefaultListableBeanFactory.java:1093) ~[spring-beans-6.2.0.jar:6.2.0]
	at org.springframework.beans.factory.support.DefaultListableBeanFactory.preInstantiateSingletons(DefaultListableBeanFactory.java:1030) ~[spring-beans-6.2.0.jar:6.2.0]
	at org.springframework.context.support.AbstractApplicationContext.finishBeanFactoryInitialization(AbstractApplicationContext.java:987) ~[spring-context-6.2.0.jar:6.2.0]
	at org.springframework.context.support.AbstractApplicationContext.refresh(AbstractApplicationContext.java:627) ~[spring-context-6.2.0.jar:6.2.0]
	at org.springframework.boot.SpringApplication.refresh(SpringApplication.java:752) ~[spring-boot-3.4.0.jar:3.4.0]
	at org.springframework.boot.SpringApplication.refreshContext(SpringApplication.java:439) ~[spring-boot-3.4.0.jar:3.4.0]
	at org.springframework.boot.SpringApplication.run(SpringApplication.java:318) ~[spring-boot-3.4.0.jar:3.4.0]
	at org.springframework.boot.test.context.SpringBootContextLoader.lambda$loadContext$3(SpringBootContextLoader.java:137) ~[spring-boot-test-3.4.0.jar:3.4.0]
	at org.springframework.util.function.ThrowingSupplier.get(ThrowingSupplier.java:58) ~[spring-core-6.2.0.jar:6.2.0]
	at org.springframework.util.function.ThrowingSupplier.get(ThrowingSupplier.java:46) ~[spring-core-6.2.0.jar:6.2.0]
	at org.springframework.boot.SpringApplication.withHook(SpringApplication.java:1461) ~[spring-boot-3.4.0.jar:3.4.0]
	at org.springframework.boot.test.context.SpringBootContextLoader$ContextLoaderHook.run(SpringBootContextLoader.java:553) ~[spring-boot-test-3.4.0.jar:3.4.0]
	at org.springframework.boot.test.context.SpringBootContextLoader.loadContext(SpringBootContextLoader.java:137) ~[spring-boot-test-3.4.0.jar:3.4.0]
	at org.springframework.boot.test.context.SpringBootContextLoader.loadContext(SpringBootContextLoader.java:108) ~[spring-boot-test-3.4.0.jar:3.4.0]
	at org.springframework.test.context.cache.DefaultCacheAwareContextLoaderDelegate.loadContextInternal(DefaultCacheAwareContextLoaderDelegate.java:225) ~[spring-test-6.2.0.jar:6.2.0]
	at org.springframework.test.context.cache.DefaultCacheAwareContextLoaderDelegate.loadContext(DefaultCacheAwareContextLoaderDelegate.java:152) ~[spring-test-6.2.0.jar:6.2.0]
	at org.springframework.test.context.support.DefaultTestContext.getApplicationContext(DefaultTestContext.java:130) ~[spring-test-6.2.0.jar:6.2.0]
	at org.springframework.test.context.web.ServletTestExecutionListener.setUpRequestContextIfNecessary(ServletTestExecutionListener.java:191) ~[spring-test-6.2.0.jar:6.2.0]
	at org.springframework.test.context.web.ServletTestExecutionListener.prepareTestInstance(ServletTestExecutionListener.java:130) ~[spring-test-6.2.0.jar:6.2.0]
	at org.springframework.test.context.TestContextManager.prepareTestInstance(TestContextManager.java:260) ~[spring-test-6.2.0.jar:6.2.0]
	at org.springframework.test.context.junit.jupiter.SpringExtension.postProcessTestInstance(SpringExtension.java:160) ~[spring-test-6.2.0.jar:6.2.0]
	at org.junit.jupiter.engine.descriptor.ClassBasedTestDescriptor.lambda$invokeTestInstancePostProcessors$11(ClassBasedTestDescriptor.java:378) ~[junit-jupiter-engine-5.11.3.jar:5.11.3]
	at org.junit.jupiter.engine.descriptor.ClassBasedTestDescriptor.executeAndMaskThrowable(ClassBasedTestDescriptor.java:383) ~[junit-jupiter-engine-5.11.3.jar:5.11.3]
	at org.junit.jupiter.engine.descriptor.ClassBasedTestDescriptor.lambda$invokeTestInstancePostProcessors$12(ClassBasedTestDescriptor.java:378) ~[junit-jupiter-engine-5.11.3.jar:5.11.3]
	at java.base/java.util.stream.ForEachOps$ForEachOp$OfRef.accept(ForEachOps.java:184) ~[na:na]
	at java.base/java.util.stream.ReferencePipeline$3$1.accept(ReferencePipeline.java:215) ~[na:na]
	at java.base/java.util.stream.ReferencePipeline$2$1.accept(ReferencePipeline.java:197) ~[na:na]
	at java.base/java.util.stream.ReferencePipeline$3$1.accept(ReferencePipeline.java:215) ~[na:na]
	at java.base/java.util.ArrayList$ArrayListSpliterator.forEachRemaining(ArrayList.java:1709) ~[na:na]
	at java.base/java.util.stream.AbstractPipeline.copyInto(AbstractPipeline.java:570) ~[na:na]
	at java.base/java.util.stream.AbstractPipeline.wrapAndCopyInto(AbstractPipeline.java:560) ~[na:na]
	at java.base/java.util.stream.ForEachOps$ForEachOp.evaluateSequential(ForEachOps.java:151) ~[na:na]
	at java.base/java.util.stream.ForEachOps$ForEachOp$OfRef.evaluateSequential(ForEachOps.java:174) ~[na:na]
	at java.base/java.util.stream.AbstractPipeline.evaluate(AbstractPipeline.java:265) ~[na:na]
	at java.base/java.util.stream.ReferencePipeline.forEach(ReferencePipeline.java:636) ~[na:na]
	at org.junit.jupiter.engine.descriptor.ClassBasedTestDescriptor.invokeTestInstancePostProcessors(ClassBasedTestDescriptor.java:377) ~[junit-jupiter-engine-5.11.3.jar:5.11.3]
	at org.junit.jupiter.engine.descriptor.ClassBasedTestDescriptor.lambda$instantiateAndPostProcessTestInstance$7(ClassBasedTestDescriptor.java:290) ~[junit-jupiter-engine-5.11.3.jar:5.11.3]
	at org.junit.platform.engine.support.hierarchical.ThrowableCollector.execute(ThrowableCollector.java:73) ~[junit-platform-engine-1.11.3.jar:1.11.3]
	at org.junit.jupiter.engine.descriptor.ClassBasedTestDescriptor.instantiateAndPostProcessTestInstance(ClassBasedTestDescriptor.java:289) ~[junit-jupiter-engine-5.11.3.jar:5.11.3]
	at org.junit.jupiter.engine.descriptor.ClassBasedTestDescriptor.lambda$testInstancesProvider$5(ClassBasedTestDescriptor.java:279) ~[junit-jupiter-engine-5.11.3.jar:5.11.3]
	at java.base/java.util.Optional.orElseGet(Optional.java:364) ~[na:na]
	at org.junit.jupiter.engine.descriptor.ClassBasedTestDescriptor.lambda$testInstancesProvider$6(ClassBasedTestDescriptor.java:278) ~[junit-jupiter-engine-5.11.3.jar:5.11.3]
	at org.junit.jupiter.engine.execution.TestInstancesProvider.getTestInstances(TestInstancesProvider.java:31) ~[junit-jupiter-engine-5.11.3.jar:5.11.3]
	at org.junit.jupiter.engine.descriptor.TestMethodTestDescriptor.lambda$prepare$1(TestMethodTestDescriptor.java:105) ~[junit-jupiter-engine-5.11.3.jar:5.11.3]
	at org.junit.platform.engine.support.hierarchical.ThrowableCollector.execute(ThrowableCollector.java:73) ~[junit-platform-engine-1.11.3.jar:1.11.3]
	at org.junit.jupiter.engine.descriptor.TestMethodTestDescriptor.prepare(TestMethodTestDescriptor.java:104) ~[junit-jupiter-engine-5.11.3.jar:5.11.3]
	at org.junit.jupiter.engine.descriptor.TestMethodTestDescriptor.prepare(TestMethodTestDescriptor.java:68) ~[junit-jupiter-engine-5.11.3.jar:5.11.3]
	at org.junit.platform.engine.support.hierarchical.NodeTestTask.lambda$prepare$2(NodeTestTask.java:128) ~[junit-platform-engine-1.11.3.jar:1.11.3]
	at org.junit.platform.engine.support.hierarchical.ThrowableCollector.execute(ThrowableCollector.java:73) ~[junit-platform-engine-1.11.3.jar:1.11.3]
	at org.junit.platform.engine.support.hierarchical.NodeTestTask.prepare(NodeTestTask.java:128) ~[junit-platform-engine-1.11.3.jar:1.11.3]
	at org.junit.platform.engine.support.hierarchical.NodeTestTask.execute(NodeTestTask.java:95) ~[junit-platform-engine-1.11.3.jar:1.11.3]
	at java.base/java.util.ArrayList.forEach(ArrayList.java:1597) ~[na:na]
	at org.junit.platform.engine.support.hierarchical.SameThreadHierarchicalTestExecutorService.invokeAll(SameThreadHierarchicalTestExecutorService.java:41) ~[junit-platform-engine-1.11.3.jar:1.11.3]
	at org.junit.platform.engine.support.hierarchical.NodeTestTask.lambda$executeRecursively$6(NodeTestTask.java:160) ~[junit-platform-engine-1.11.3.jar:1.11.3]
	at org.junit.platform.engine.support.hierarchical.ThrowableCollector.execute(ThrowableCollector.java:73) ~[junit-platform-engine-1.11.3.jar:1.11.3]
	at org.junit.platform.engine.support.hierarchical.NodeTestTask.lambda$executeRecursively$8(NodeTestTask.java:146) ~[junit-platform-engine-1.11.3.jar:1.11.3]
	at org.junit.platform.engine.support.hierarchical.Node.around(Node.java:137) ~[junit-platform-engine-1.11.3.jar:1.11.3]
	at org.junit.platform.engine.support.hierarchical.NodeTestTask.lambda$executeRecursively$9(NodeTestTask.java:144) ~[junit-platform-engine-1.11.3.jar:1.11.3]
	at org.junit.platform.engine.support.hierarchical.ThrowableCollector.execute(ThrowableCollector.java:73) ~[junit-platform-engine-1.11.3.jar:1.11.3]
	at org.junit.platform.engine.support.hierarchical.NodeTestTask.executeRecursively(NodeTestTask.java:143) ~[junit-platform-engine-1.11.3.jar:1.11.3]
	at org.junit.platform.engine.support.hierarchical.NodeTestTask.execute(NodeTestTask.java:100) ~[junit-platform-engine-1.11.3.jar:1.11.3]
	at java.base/java.util.ArrayList.forEach(ArrayList.java:1597) ~[na:na]
	at org.junit.platform.engine.support.hierarchical.SameThreadHierarchicalTestExecutorService.invokeAll(SameThreadHierarchicalTestExecutorService.java:41) ~[junit-platform-engine-1.11.3.jar:1.11.3]
	at org.junit.platform.engine.support.hierarchical.NodeTestTask.lambda$executeRecursively$6(NodeTestTask.java:160) ~[junit-platform-engine-1.11.3.jar:1.11.3]
	at org.junit.platform.engine.support.hierarchical.ThrowableCollector.execute(ThrowableCollector.java:73) ~[junit-platform-engine-1.11.3.jar:1.11.3]
	at org.junit.platform.engine.support.hierarchical.NodeTestTask.lambda$executeRecursively$8(NodeTestTask.java:146) ~[junit-platform-engine-1.11.3.jar:1.11.3]
	at org.junit.platform.engine.support.hierarchical.Node.around(Node.java:137) ~[junit-platform-engine-1.11.3.jar:1.11.3]
	at org.junit.platform.engine.support.hierarchical.NodeTestTask.lambda$executeRecursively$9(NodeTestTask.java:144) ~[junit-platform-engine-1.11.3.jar:1.11.3]
	at org.junit.platform.engine.support.hierarchical.ThrowableCollector.execute(ThrowableCollector.java:73) ~[junit-platform-engine-1.11.3.jar:1.11.3]
	at org.junit.platform.engine.support.hierarchical.NodeTestTask.executeRecursively(NodeTestTask.java:143) ~[junit-platform-engine-1.11.3.jar:1.11.3]
	at org.junit.platform.engine.support.hierarchical.NodeTestTask.execute(NodeTestTask.java:100) ~[junit-platform-engine-1.11.3.jar:1.11.3]
	at org.junit.platform.engine.support.hierarchical.SameThreadHierarchicalTestExecutorService.submit(SameThreadHierarchicalTestExecutorService.java:35) ~[junit-platform-engine-1.11.3.jar:1.11.3]
	at org.junit.platform.engine.support.hierarchical.HierarchicalTestExecutor.execute(HierarchicalTestExecutor.java:57) ~[junit-platform-engine-1.11.3.jar:1.11.3]
	at org.junit.platform.engine.support.hierarchical.HierarchicalTestEngine.execute(HierarchicalTestEngine.java:54) ~[junit-platform-engine-1.11.3.jar:1.11.3]
	at org.junit.platform.launcher.core.EngineExecutionOrchestrator.execute(EngineExecutionOrchestrator.java:198) ~[junit-platform-launcher-1.11.3.jar:1.11.3]
	at org.junit.platform.launcher.core.EngineExecutionOrchestrator.execute(EngineExecutionOrchestrator.java:169) ~[junit-platform-launcher-1.11.3.jar:1.11.3]
	at org.junit.platform.launcher.core.EngineExecutionOrchestrator.execute(EngineExecutionOrchestrator.java:93) ~[junit-platform-launcher-1.11.3.jar:1.11.3]
	at org.junit.platform.launcher.core.EngineExecutionOrchestrator.lambda$execute$0(EngineExecutionOrchestrator.java:58) ~[junit-platform-launcher-1.11.3.jar:1.11.3]
	at org.junit.platform.launcher.core.EngineExecutionOrchestrator.withInterceptedStreams(EngineExecutionOrchestrator.java:141) ~[junit-platform-launcher-1.11.3.jar:1.11.3]
	at org.junit.platform.launcher.core.EngineExecutionOrchestrator.execute(EngineExecutionOrchestrator.java:57) ~[junit-platform-launcher-1.11.3.jar:1.11.3]
	at org.junit.platform.launcher.core.DefaultLauncher.execute(DefaultLauncher.java:103) ~[junit-platform-launcher-1.11.3.jar:1.11.3]
	at org.junit.platform.launcher.core.DefaultLauncher.execute(DefaultLauncher.java:85) ~[junit-platform-launcher-1.11.3.jar:1.11.3]
	at org.junit.platform.launcher.core.DelegatingLauncher.execute(DelegatingLauncher.java:47) ~[junit-platform-launcher-1.11.3.jar:1.11.3]
	at org.apache.maven.surefire.junitplatform.LazyLauncher.execute(LazyLauncher.java:56) ~[surefire-junit-platform-3.5.2.jar:3.5.2]
	at org.apache.maven.surefire.junitplatform.JUnitPlatformProvider.execute(JUnitPlatformProvider.java:184) ~[surefire-junit-platform-3.5.2.jar:3.5.2]
	at org.apache.maven.surefire.junitplatform.JUnitPlatformProvider.invokeAllTests(JUnitPlatformProvider.java:148) ~[surefire-junit-platform-3.5.2.jar:3.5.2]
	at org.apache.maven.surefire.junitplatform.JUnitPlatformProvider.invoke(JUnitPlatformProvider.java:122) ~[surefire-junit-platform-3.5.2.jar:3.5.2]
	at org.apache.maven.surefire.booter.ForkedBooter.runSuitesInProcess(ForkedBooter.java:385) ~[surefire-booter-3.5.2.jar:3.5.2]
	at org.apache.maven.surefire.booter.ForkedBooter.execute(ForkedBooter.java:162) ~[surefire-booter-3.5.2.jar:3.5.2]
	at org.apache.maven.surefire.booter.ForkedBooter.run(ForkedBooter.java:507) ~[surefire-booter-3.5.2.jar:3.5.2]
	at org.apache.maven.surefire.booter.ForkedBooter.main(ForkedBooter.java:495) ~[surefire-booter-3.5.2.jar:3.5.2]

2024-12-15T14:03:59.030-03:00 DEBUG 25938 --- [tienda-ms-pedidos] [           main] o.s.d.jpa.repository.query.NamedQuery    : Did not find named query Orden.updateEstado.count
2024-12-15T14:03:59.030-03:00 DEBUG 25938 --- [tienda-ms-pedidos] [           main] tor$SharedEntityManagerInvocationHandler : Creating new EntityManager for shared EntityManager invocation
2024-12-15T14:03:59.031-03:00 DEBUG 25938 --- [tienda-ms-pedidos] [           main] org.hibernate.orm.query.hql              : HQL : UPDATE Orden o SET o.estado = :estado WHERE o.id = :id
2024-12-15T14:03:59.032-03:00 DEBUG 25938 --- [tienda-ms-pedidos] [           main] o.h.o.q.hql.reservedWordAsIdentifier     : Encountered use of reserved word as identifier : =
2024-12-15T14:03:59.032-03:00 DEBUG 25938 --- [tienda-ms-pedidos] [           main] o.h.o.q.hql.reservedWordAsIdentifier     : Encountered use of reserved word as identifier : <EOF>
2024-12-15T14:03:59.032-03:00 DEBUG 25938 --- [tienda-ms-pedidos] [           main] org.hibernate.orm.query.sqm.creation     : Applying inferable type to SqmExpression [SqmNamedParameter(estado)] : null -> BasicSqmPathSource(estado : Integer)
2024-12-15T14:03:59.032-03:00 DEBUG 25938 --- [tienda-ms-pedidos] [           main] org.hibernate.orm.query.sqm.creation     : Applying inferable type to SqmExpression [SqmNamedParameter(id)] : null -> SqmBasicValuedSimplePath(com.example.tienda_ms_pedidos.model.Orden(o).id)
2024-12-15T14:03:59.032-03:00 DEBUG 25938 --- [tienda-ms-pedidos] [           main] org.hibernate.orm.query.sqm.ast          : SqmStatement Tree :
    -> [update]
      [target = com.example.tienda_ms_pedidos.model.Orden(o)]
      -> [set]
        -> [assignment]
          =
            [com.example.tienda_ms_pedidos.model.Orden(o).estado]
            :estado
        <- [assignment]
      <- [set]
      -> [where]
        -> [EQUAL]
            -> [basic-path] - `com.example.tienda_ms_pedidos.model.Orden(o).id`
            :id
        <- [EQUAL]
      <- [where]
    <- [update]

2024-12-15T14:03:59.032-03:00 DEBUG 25938 --- [tienda-ms-pedidos] [           main] o.s.d.r.c.s.RepositoryFactorySupport     : Finished creation of repository instance for com.example.tienda_ms_pedidos.repository.OrdenRepository.
2024-12-15T14:03:59.033-03:00 DEBUG 25938 --- [tienda-ms-pedidos] [           main] o.s.b.f.s.DefaultListableBeanFactory     : Autowiring by type from bean name 'ordenServiceImpl' via constructor to bean named 'ordenRepository'
2024-12-15T14:03:59.033-03:00 DEBUG 25938 --- [tienda-ms-pedidos] [           main] o.s.b.f.s.DefaultListableBeanFactory     : Creating shared instance of singleton bean 'productoController'
2024-12-15T14:03:59.034-03:00 DEBUG 25938 --- [tienda-ms-pedidos] [           main] o.s.b.f.s.DefaultListableBeanFactory     : Creating shared instance of singleton bean 'productoServiceImpl'
2024-12-15T14:03:59.034-03:00 DEBUG 25938 --- [tienda-ms-pedidos] [           main] o.s.b.f.s.DefaultListableBeanFactory     : Creating shared instance of singleton bean 'productoRepository'
2024-12-15T14:03:59.034-03:00 DEBUG 25938 --- [tienda-ms-pedidos] [           main] o.s.b.f.s.DefaultListableBeanFactory     : Creating shared instance of singleton bean 'jpa.named-queries#0'
2024-12-15T14:03:59.034-03:00 DEBUG 25938 --- [tienda-ms-pedidos] [           main] o.s.b.f.s.DefaultListableBeanFactory     : Creating shared instance of singleton bean 'jpa.ProductoRepository.fragments#0'
2024-12-15T14:03:59.035-03:00 DEBUG 25938 --- [tienda-ms-pedidos] [           main] tor$SharedEntityManagerInvocationHandler : Creating new EntityManager for shared EntityManager invocation
2024-12-15T14:03:59.038-03:00 DEBUG 25938 --- [tienda-ms-pedidos] [           main] o.s.d.r.c.s.RepositoryFactorySupport     : Initializing repository instance for com.example.tienda_ms_pedidos.repository.ProductoRepository…
2024-12-15T14:03:59.038-03:00 DEBUG 25938 --- [tienda-ms-pedidos] [           main] tor$SharedEntityManagerInvocationHandler : Creating new EntityManager for shared EntityManager invocation
2024-12-15T14:03:59.039-03:00 DEBUG 25938 --- [tienda-ms-pedidos] [           main] cResourceLocalTransactionCoordinatorImpl : JDBC transaction marked for rollback-only (exception provided for stack trace)

java.lang.Exception: exception just for purpose of providing stack trace
	at org.hibernate.resource.transaction.backend.jdbc.internal.JdbcResourceLocalTransactionCoordinatorImpl$TransactionDriverControlImpl.markRollbackOnly(JdbcResourceLocalTransactionCoordinatorImpl.java:309) ~[hibernate-core-6.6.2.Final.jar:6.6.2.Final]
	at org.hibernate.internal.AbstractSharedSessionContract.buildNamedQuery(AbstractSharedSessionContract.java:1138) ~[hibernate-core-6.6.2.Final.jar:6.6.2.Final]
	at org.hibernate.internal.AbstractSharedSessionContract.createNamedQuery(AbstractSharedSessionContract.java:1016) ~[hibernate-core-6.6.2.Final.jar:6.6.2.Final]
	at org.hibernate.internal.AbstractSharedSessionContract.createNamedQuery(AbstractSharedSessionContract.java:142) ~[hibernate-core-6.6.2.Final.jar:6.6.2.Final]
	at java.base/jdk.internal.reflect.DirectMethodHandleAccessor.invoke(DirectMethodHandleAccessor.java:103) ~[na:na]
	at java.base/java.lang.reflect.Method.invoke(Method.java:580) ~[na:na]
	at org.springframework.orm.jpa.ExtendedEntityManagerCreator$ExtendedEntityManagerInvocationHandler.invoke(ExtendedEntityManagerCreator.java:364) ~[spring-orm-6.2.0.jar:6.2.0]
	at jdk.proxy2/jdk.proxy2.$Proxy135.createNamedQuery(Unknown Source) ~[na:na]
	at org.springframework.data.jpa.repository.query.NamedQuery.hasNamedQuery(NamedQuery.java:113) ~[spring-data-jpa-3.4.0.jar:3.4.0]
	at org.springframework.data.jpa.repository.query.JpaQueryLookupStrategy$DeclaredQueryLookupStrategy.getCountQuery(JpaQueryLookupStrategy.java:208) ~[spring-data-jpa-3.4.0.jar:3.4.0]
	at org.springframework.data.jpa.repository.query.JpaQueryLookupStrategy$DeclaredQueryLookupStrategy.resolveQuery(JpaQueryLookupStrategy.java:175) ~[spring-data-jpa-3.4.0.jar:3.4.0]
	at org.springframework.data.jpa.repository.query.JpaQueryLookupStrategy$CreateIfNotFoundQueryLookupStrategy.resolveQuery(JpaQueryLookupStrategy.java:256) ~[spring-data-jpa-3.4.0.jar:3.4.0]
	at org.springframework.data.jpa.repository.query.JpaQueryLookupStrategy$AbstractQueryLookupStrategy.resolveQuery(JpaQueryLookupStrategy.java:99) ~[spring-data-jpa-3.4.0.jar:3.4.0]
	at org.springframework.data.repository.core.support.QueryExecutorMethodInterceptor.lookupQuery(QueryExecutorMethodInterceptor.java:116) ~[spring-data-commons-3.4.0.jar:3.4.0]
	at org.springframework.data.repository.core.support.QueryExecutorMethodInterceptor.mapMethodsToQuery(QueryExecutorMethodInterceptor.java:104) ~[spring-data-commons-3.4.0.jar:3.4.0]
	at org.springframework.data.repository.core.support.QueryExecutorMethodInterceptor.lambda$new$0(QueryExecutorMethodInterceptor.java:92) ~[spring-data-commons-3.4.0.jar:3.4.0]
	at java.base/java.util.Optional.map(Optional.java:260) ~[na:na]
	at org.springframework.data.repository.core.support.QueryExecutorMethodInterceptor.<init>(QueryExecutorMethodInterceptor.java:92) ~[spring-data-commons-3.4.0.jar:3.4.0]
	at org.springframework.data.repository.core.support.RepositoryFactorySupport.getRepository(RepositoryFactorySupport.java:440) ~[spring-data-commons-3.4.0.jar:3.4.0]
	at org.springframework.data.repository.core.support.RepositoryFactoryBeanSupport.lambda$afterPropertiesSet$4(RepositoryFactoryBeanSupport.java:350) ~[spring-data-commons-3.4.0.jar:3.4.0]
	at org.springframework.data.util.Lazy.getNullable(Lazy.java:135) ~[spring-data-commons-3.4.0.jar:3.4.0]
	at org.springframework.data.util.Lazy.get(Lazy.java:113) ~[spring-data-commons-3.4.0.jar:3.4.0]
	at org.springframework.data.repository.core.support.RepositoryFactoryBeanSupport.afterPropertiesSet(RepositoryFactoryBeanSupport.java:356) ~[spring-data-commons-3.4.0.jar:3.4.0]
	at org.springframework.data.jpa.repository.support.JpaRepositoryFactoryBean.afterPropertiesSet(JpaRepositoryFactoryBean.java:132) ~[spring-data-jpa-3.4.0.jar:3.4.0]
	at org.springframework.beans.factory.support.AbstractAutowireCapableBeanFactory.invokeInitMethods(AbstractAutowireCapableBeanFactory.java:1849) ~[spring-beans-6.2.0.jar:6.2.0]
	at org.springframework.beans.factory.support.AbstractAutowireCapableBeanFactory.initializeBean(AbstractAutowireCapableBeanFactory.java:1798) ~[spring-beans-6.2.0.jar:6.2.0]
	at org.springframework.beans.factory.support.AbstractAutowireCapableBeanFactory.doCreateBean(AbstractAutowireCapableBeanFactory.java:601) ~[spring-beans-6.2.0.jar:6.2.0]
	at org.springframework.beans.factory.support.AbstractAutowireCapableBeanFactory.createBean(AbstractAutowireCapableBeanFactory.java:523) ~[spring-beans-6.2.0.jar:6.2.0]
	at org.springframework.beans.factory.support.AbstractBeanFactory.lambda$doGetBean$0(AbstractBeanFactory.java:336) ~[spring-beans-6.2.0.jar:6.2.0]
	at org.springframework.beans.factory.support.DefaultSingletonBeanRegistry.getSingleton(DefaultSingletonBeanRegistry.java:288) ~[spring-beans-6.2.0.jar:6.2.0]
	at org.springframework.beans.factory.support.AbstractBeanFactory.doGetBean(AbstractBeanFactory.java:334) ~[spring-beans-6.2.0.jar:6.2.0]
	at org.springframework.beans.factory.support.AbstractBeanFactory.getBean(AbstractBeanFactory.java:199) ~[spring-beans-6.2.0.jar:6.2.0]
	at org.springframework.beans.factory.support.DefaultListableBeanFactory.doResolveDependency(DefaultListableBeanFactory.java:1568) ~[spring-beans-6.2.0.jar:6.2.0]
	at org.springframework.beans.factory.support.DefaultListableBeanFactory.resolveDependency(DefaultListableBeanFactory.java:1514) ~[spring-beans-6.2.0.jar:6.2.0]
	at org.springframework.beans.factory.support.ConstructorResolver.resolveAutowiredArgument(ConstructorResolver.java:913) ~[spring-beans-6.2.0.jar:6.2.0]
	at org.springframework.beans.factory.support.ConstructorResolver.createArgumentArray(ConstructorResolver.java:791) ~[spring-beans-6.2.0.jar:6.2.0]
	at org.springframework.beans.factory.support.ConstructorResolver.autowireConstructor(ConstructorResolver.java:240) ~[spring-beans-6.2.0.jar:6.2.0]
	at org.springframework.beans.factory.support.AbstractAutowireCapableBeanFactory.autowireConstructor(AbstractAutowireCapableBeanFactory.java:1371) ~[spring-beans-6.2.0.jar:6.2.0]
	at org.springframework.beans.factory.support.AbstractAutowireCapableBeanFactory.createBeanInstance(AbstractAutowireCapableBeanFactory.java:1208) ~[spring-beans-6.2.0.jar:6.2.0]
	at org.springframework.beans.factory.support.AbstractAutowireCapableBeanFactory.doCreateBean(AbstractAutowireCapableBeanFactory.java:563) ~[spring-beans-6.2.0.jar:6.2.0]
	at org.springframework.beans.factory.support.AbstractAutowireCapableBeanFactory.createBean(AbstractAutowireCapableBeanFactory.java:523) ~[spring-beans-6.2.0.jar:6.2.0]
	at org.springframework.beans.factory.support.AbstractBeanFactory.lambda$doGetBean$0(AbstractBeanFactory.java:336) ~[spring-beans-6.2.0.jar:6.2.0]
	at org.springframework.beans.factory.support.DefaultSingletonBeanRegistry.getSingleton(DefaultSingletonBeanRegistry.java:288) ~[spring-beans-6.2.0.jar:6.2.0]
	at org.springframework.beans.factory.support.AbstractBeanFactory.doGetBean(AbstractBeanFactory.java:334) ~[spring-beans-6.2.0.jar:6.2.0]
	at org.springframework.beans.factory.support.AbstractBeanFactory.getBean(AbstractBeanFactory.java:199) ~[spring-beans-6.2.0.jar:6.2.0]
	at org.springframework.beans.factory.config.DependencyDescriptor.resolveCandidate(DependencyDescriptor.java:254) ~[spring-beans-6.2.0.jar:6.2.0]
	at org.springframework.beans.factory.support.DefaultListableBeanFactory.doResolveDependency(DefaultListableBeanFactory.java:1626) ~[spring-beans-6.2.0.jar:6.2.0]
	at org.springframework.beans.factory.support.DefaultListableBeanFactory.resolveDependency(DefaultListableBeanFactory.java:1514) ~[spring-beans-6.2.0.jar:6.2.0]
	at org.springframework.beans.factory.support.ConstructorResolver.resolveAutowiredArgument(ConstructorResolver.java:913) ~[spring-beans-6.2.0.jar:6.2.0]
	at org.springframework.beans.factory.support.ConstructorResolver.createArgumentArray(ConstructorResolver.java:791) ~[spring-beans-6.2.0.jar:6.2.0]
	at org.springframework.beans.factory.support.ConstructorResolver.autowireConstructor(ConstructorResolver.java:240) ~[spring-beans-6.2.0.jar:6.2.0]
	at org.springframework.beans.factory.support.AbstractAutowireCapableBeanFactory.autowireConstructor(AbstractAutowireCapableBeanFactory.java:1371) ~[spring-beans-6.2.0.jar:6.2.0]
	at org.springframework.beans.factory.support.AbstractAutowireCapableBeanFactory.createBeanInstance(AbstractAutowireCapableBeanFactory.java:1208) ~[spring-beans-6.2.0.jar:6.2.0]
	at org.springframework.beans.factory.support.AbstractAutowireCapableBeanFactory.doCreateBean(AbstractAutowireCapableBeanFactory.java:563) ~[spring-beans-6.2.0.jar:6.2.0]
	at org.springframework.beans.factory.support.AbstractAutowireCapableBeanFactory.createBean(AbstractAutowireCapableBeanFactory.java:523) ~[spring-beans-6.2.0.jar:6.2.0]
	at org.springframework.beans.factory.support.AbstractBeanFactory.lambda$doGetBean$0(AbstractBeanFactory.java:336) ~[spring-beans-6.2.0.jar:6.2.0]
	at org.springframework.beans.factory.support.DefaultSingletonBeanRegistry.getSingleton(DefaultSingletonBeanRegistry.java:288) ~[spring-beans-6.2.0.jar:6.2.0]
	at org.springframework.beans.factory.support.AbstractBeanFactory.doGetBean(AbstractBeanFactory.java:334) ~[spring-beans-6.2.0.jar:6.2.0]
	at org.springframework.beans.factory.support.AbstractBeanFactory.getBean(AbstractBeanFactory.java:199) ~[spring-beans-6.2.0.jar:6.2.0]
	at org.springframework.beans.factory.support.DefaultListableBeanFactory.instantiateSingleton(DefaultListableBeanFactory.java:1122) ~[spring-beans-6.2.0.jar:6.2.0]
	at org.springframework.beans.factory.support.DefaultListableBeanFactory.preInstantiateSingleton(DefaultListableBeanFactory.java:1093) ~[spring-beans-6.2.0.jar:6.2.0]
	at org.springframework.beans.factory.support.DefaultListableBeanFactory.preInstantiateSingletons(DefaultListableBeanFactory.java:1030) ~[spring-beans-6.2.0.jar:6.2.0]
	at org.springframework.context.support.AbstractApplicationContext.finishBeanFactoryInitialization(AbstractApplicationContext.java:987) ~[spring-context-6.2.0.jar:6.2.0]
	at org.springframework.context.support.AbstractApplicationContext.refresh(AbstractApplicationContext.java:627) ~[spring-context-6.2.0.jar:6.2.0]
	at org.springframework.boot.SpringApplication.refresh(SpringApplication.java:752) ~[spring-boot-3.4.0.jar:3.4.0]
	at org.springframework.boot.SpringApplication.refreshContext(SpringApplication.java:439) ~[spring-boot-3.4.0.jar:3.4.0]
	at org.springframework.boot.SpringApplication.run(SpringApplication.java:318) ~[spring-boot-3.4.0.jar:3.4.0]
	at org.springframework.boot.test.context.SpringBootContextLoader.lambda$loadContext$3(SpringBootContextLoader.java:137) ~[spring-boot-test-3.4.0.jar:3.4.0]
	at org.springframework.util.function.ThrowingSupplier.get(ThrowingSupplier.java:58) ~[spring-core-6.2.0.jar:6.2.0]
	at org.springframework.util.function.ThrowingSupplier.get(ThrowingSupplier.java:46) ~[spring-core-6.2.0.jar:6.2.0]
	at org.springframework.boot.SpringApplication.withHook(SpringApplication.java:1461) ~[spring-boot-3.4.0.jar:3.4.0]
	at org.springframework.boot.test.context.SpringBootContextLoader$ContextLoaderHook.run(SpringBootContextLoader.java:553) ~[spring-boot-test-3.4.0.jar:3.4.0]
	at org.springframework.boot.test.context.SpringBootContextLoader.loadContext(SpringBootContextLoader.java:137) ~[spring-boot-test-3.4.0.jar:3.4.0]
	at org.springframework.boot.test.context.SpringBootContextLoader.loadContext(SpringBootContextLoader.java:108) ~[spring-boot-test-3.4.0.jar:3.4.0]
	at org.springframework.test.context.cache.DefaultCacheAwareContextLoaderDelegate.loadContextInternal(DefaultCacheAwareContextLoaderDelegate.java:225) ~[spring-test-6.2.0.jar:6.2.0]
	at org.springframework.test.context.cache.DefaultCacheAwareContextLoaderDelegate.loadContext(DefaultCacheAwareContextLoaderDelegate.java:152) ~[spring-test-6.2.0.jar:6.2.0]
	at org.springframework.test.context.support.DefaultTestContext.getApplicationContext(DefaultTestContext.java:130) ~[spring-test-6.2.0.jar:6.2.0]
	at org.springframework.test.context.web.ServletTestExecutionListener.setUpRequestContextIfNecessary(ServletTestExecutionListener.java:191) ~[spring-test-6.2.0.jar:6.2.0]
	at org.springframework.test.context.web.ServletTestExecutionListener.prepareTestInstance(ServletTestExecutionListener.java:130) ~[spring-test-6.2.0.jar:6.2.0]
	at org.springframework.test.context.TestContextManager.prepareTestInstance(TestContextManager.java:260) ~[spring-test-6.2.0.jar:6.2.0]
	at org.springframework.test.context.junit.jupiter.SpringExtension.postProcessTestInstance(SpringExtension.java:160) ~[spring-test-6.2.0.jar:6.2.0]
	at org.junit.jupiter.engine.descriptor.ClassBasedTestDescriptor.lambda$invokeTestInstancePostProcessors$11(ClassBasedTestDescriptor.java:378) ~[junit-jupiter-engine-5.11.3.jar:5.11.3]
	at org.junit.jupiter.engine.descriptor.ClassBasedTestDescriptor.executeAndMaskThrowable(ClassBasedTestDescriptor.java:383) ~[junit-jupiter-engine-5.11.3.jar:5.11.3]
	at org.junit.jupiter.engine.descriptor.ClassBasedTestDescriptor.lambda$invokeTestInstancePostProcessors$12(ClassBasedTestDescriptor.java:378) ~[junit-jupiter-engine-5.11.3.jar:5.11.3]
	at java.base/java.util.stream.ForEachOps$ForEachOp$OfRef.accept(ForEachOps.java:184) ~[na:na]
	at java.base/java.util.stream.ReferencePipeline$3$1.accept(ReferencePipeline.java:215) ~[na:na]
	at java.base/java.util.stream.ReferencePipeline$2$1.accept(ReferencePipeline.java:197) ~[na:na]
	at java.base/java.util.stream.ReferencePipeline$3$1.accept(ReferencePipeline.java:215) ~[na:na]
	at java.base/java.util.ArrayList$ArrayListSpliterator.forEachRemaining(ArrayList.java:1709) ~[na:na]
	at java.base/java.util.stream.AbstractPipeline.copyInto(AbstractPipeline.java:570) ~[na:na]
	at java.base/java.util.stream.AbstractPipeline.wrapAndCopyInto(AbstractPipeline.java:560) ~[na:na]
	at java.base/java.util.stream.ForEachOps$ForEachOp.evaluateSequential(ForEachOps.java:151) ~[na:na]
	at java.base/java.util.stream.ForEachOps$ForEachOp$OfRef.evaluateSequential(ForEachOps.java:174) ~[na:na]
	at java.base/java.util.stream.AbstractPipeline.evaluate(AbstractPipeline.java:265) ~[na:na]
	at java.base/java.util.stream.ReferencePipeline.forEach(ReferencePipeline.java:636) ~[na:na]
	at org.junit.jupiter.engine.descriptor.ClassBasedTestDescriptor.invokeTestInstancePostProcessors(ClassBasedTestDescriptor.java:377) ~[junit-jupiter-engine-5.11.3.jar:5.11.3]
	at org.junit.jupiter.engine.descriptor.ClassBasedTestDescriptor.lambda$instantiateAndPostProcessTestInstance$7(ClassBasedTestDescriptor.java:290) ~[junit-jupiter-engine-5.11.3.jar:5.11.3]
	at org.junit.platform.engine.support.hierarchical.ThrowableCollector.execute(ThrowableCollector.java:73) ~[junit-platform-engine-1.11.3.jar:1.11.3]
	at org.junit.jupiter.engine.descriptor.ClassBasedTestDescriptor.instantiateAndPostProcessTestInstance(ClassBasedTestDescriptor.java:289) ~[junit-jupiter-engine-5.11.3.jar:5.11.3]
	at org.junit.jupiter.engine.descriptor.ClassBasedTestDescriptor.lambda$testInstancesProvider$5(ClassBasedTestDescriptor.java:279) ~[junit-jupiter-engine-5.11.3.jar:5.11.3]
	at java.base/java.util.Optional.orElseGet(Optional.java:364) ~[na:na]
	at org.junit.jupiter.engine.descriptor.ClassBasedTestDescriptor.lambda$testInstancesProvider$6(ClassBasedTestDescriptor.java:278) ~[junit-jupiter-engine-5.11.3.jar:5.11.3]
	at org.junit.jupiter.engine.execution.TestInstancesProvider.getTestInstances(TestInstancesProvider.java:31) ~[junit-jupiter-engine-5.11.3.jar:5.11.3]
	at org.junit.jupiter.engine.descriptor.TestMethodTestDescriptor.lambda$prepare$1(TestMethodTestDescriptor.java:105) ~[junit-jupiter-engine-5.11.3.jar:5.11.3]
	at org.junit.platform.engine.support.hierarchical.ThrowableCollector.execute(ThrowableCollector.java:73) ~[junit-platform-engine-1.11.3.jar:1.11.3]
	at org.junit.jupiter.engine.descriptor.TestMethodTestDescriptor.prepare(TestMethodTestDescriptor.java:104) ~[junit-jupiter-engine-5.11.3.jar:5.11.3]
	at org.junit.jupiter.engine.descriptor.TestMethodTestDescriptor.prepare(TestMethodTestDescriptor.java:68) ~[junit-jupiter-engine-5.11.3.jar:5.11.3]
	at org.junit.platform.engine.support.hierarchical.NodeTestTask.lambda$prepare$2(NodeTestTask.java:128) ~[junit-platform-engine-1.11.3.jar:1.11.3]
	at org.junit.platform.engine.support.hierarchical.ThrowableCollector.execute(ThrowableCollector.java:73) ~[junit-platform-engine-1.11.3.jar:1.11.3]
	at org.junit.platform.engine.support.hierarchical.NodeTestTask.prepare(NodeTestTask.java:128) ~[junit-platform-engine-1.11.3.jar:1.11.3]
	at org.junit.platform.engine.support.hierarchical.NodeTestTask.execute(NodeTestTask.java:95) ~[junit-platform-engine-1.11.3.jar:1.11.3]
	at java.base/java.util.ArrayList.forEach(ArrayList.java:1597) ~[na:na]
	at org.junit.platform.engine.support.hierarchical.SameThreadHierarchicalTestExecutorService.invokeAll(SameThreadHierarchicalTestExecutorService.java:41) ~[junit-platform-engine-1.11.3.jar:1.11.3]
	at org.junit.platform.engine.support.hierarchical.NodeTestTask.lambda$executeRecursively$6(NodeTestTask.java:160) ~[junit-platform-engine-1.11.3.jar:1.11.3]
	at org.junit.platform.engine.support.hierarchical.ThrowableCollector.execute(ThrowableCollector.java:73) ~[junit-platform-engine-1.11.3.jar:1.11.3]
	at org.junit.platform.engine.support.hierarchical.NodeTestTask.lambda$executeRecursively$8(NodeTestTask.java:146) ~[junit-platform-engine-1.11.3.jar:1.11.3]
	at org.junit.platform.engine.support.hierarchical.Node.around(Node.java:137) ~[junit-platform-engine-1.11.3.jar:1.11.3]
	at org.junit.platform.engine.support.hierarchical.NodeTestTask.lambda$executeRecursively$9(NodeTestTask.java:144) ~[junit-platform-engine-1.11.3.jar:1.11.3]
	at org.junit.platform.engine.support.hierarchical.ThrowableCollector.execute(ThrowableCollector.java:73) ~[junit-platform-engine-1.11.3.jar:1.11.3]
	at org.junit.platform.engine.support.hierarchical.NodeTestTask.executeRecursively(NodeTestTask.java:143) ~[junit-platform-engine-1.11.3.jar:1.11.3]
	at org.junit.platform.engine.support.hierarchical.NodeTestTask.execute(NodeTestTask.java:100) ~[junit-platform-engine-1.11.3.jar:1.11.3]
	at java.base/java.util.ArrayList.forEach(ArrayList.java:1597) ~[na:na]
	at org.junit.platform.engine.support.hierarchical.SameThreadHierarchicalTestExecutorService.invokeAll(SameThreadHierarchicalTestExecutorService.java:41) ~[junit-platform-engine-1.11.3.jar:1.11.3]
	at org.junit.platform.engine.support.hierarchical.NodeTestTask.lambda$executeRecursively$6(NodeTestTask.java:160) ~[junit-platform-engine-1.11.3.jar:1.11.3]
	at org.junit.platform.engine.support.hierarchical.ThrowableCollector.execute(ThrowableCollector.java:73) ~[junit-platform-engine-1.11.3.jar:1.11.3]
	at org.junit.platform.engine.support.hierarchical.NodeTestTask.lambda$executeRecursively$8(NodeTestTask.java:146) ~[junit-platform-engine-1.11.3.jar:1.11.3]
	at org.junit.platform.engine.support.hierarchical.Node.around(Node.java:137) ~[junit-platform-engine-1.11.3.jar:1.11.3]
	at org.junit.platform.engine.support.hierarchical.NodeTestTask.lambda$executeRecursively$9(NodeTestTask.java:144) ~[junit-platform-engine-1.11.3.jar:1.11.3]
	at org.junit.platform.engine.support.hierarchical.ThrowableCollector.execute(ThrowableCollector.java:73) ~[junit-platform-engine-1.11.3.jar:1.11.3]
	at org.junit.platform.engine.support.hierarchical.NodeTestTask.executeRecursively(NodeTestTask.java:143) ~[junit-platform-engine-1.11.3.jar:1.11.3]
	at org.junit.platform.engine.support.hierarchical.NodeTestTask.execute(NodeTestTask.java:100) ~[junit-platform-engine-1.11.3.jar:1.11.3]
	at org.junit.platform.engine.support.hierarchical.SameThreadHierarchicalTestExecutorService.submit(SameThreadHierarchicalTestExecutorService.java:35) ~[junit-platform-engine-1.11.3.jar:1.11.3]
	at org.junit.platform.engine.support.hierarchical.HierarchicalTestExecutor.execute(HierarchicalTestExecutor.java:57) ~[junit-platform-engine-1.11.3.jar:1.11.3]
	at org.junit.platform.engine.support.hierarchical.HierarchicalTestEngine.execute(HierarchicalTestEngine.java:54) ~[junit-platform-engine-1.11.3.jar:1.11.3]
	at org.junit.platform.launcher.core.EngineExecutionOrchestrator.execute(EngineExecutionOrchestrator.java:198) ~[junit-platform-launcher-1.11.3.jar:1.11.3]
	at org.junit.platform.launcher.core.EngineExecutionOrchestrator.execute(EngineExecutionOrchestrator.java:169) ~[junit-platform-launcher-1.11.3.jar:1.11.3]
	at org.junit.platform.launcher.core.EngineExecutionOrchestrator.execute(EngineExecutionOrchestrator.java:93) ~[junit-platform-launcher-1.11.3.jar:1.11.3]
	at org.junit.platform.launcher.core.EngineExecutionOrchestrator.lambda$execute$0(EngineExecutionOrchestrator.java:58) ~[junit-platform-launcher-1.11.3.jar:1.11.3]
	at org.junit.platform.launcher.core.EngineExecutionOrchestrator.withInterceptedStreams(EngineExecutionOrchestrator.java:141) ~[junit-platform-launcher-1.11.3.jar:1.11.3]
	at org.junit.platform.launcher.core.EngineExecutionOrchestrator.execute(EngineExecutionOrchestrator.java:57) ~[junit-platform-launcher-1.11.3.jar:1.11.3]
	at org.junit.platform.launcher.core.DefaultLauncher.execute(DefaultLauncher.java:103) ~[junit-platform-launcher-1.11.3.jar:1.11.3]
	at org.junit.platform.launcher.core.DefaultLauncher.execute(DefaultLauncher.java:85) ~[junit-platform-launcher-1.11.3.jar:1.11.3]
	at org.junit.platform.launcher.core.DelegatingLauncher.execute(DelegatingLauncher.java:47) ~[junit-platform-launcher-1.11.3.jar:1.11.3]
	at org.apache.maven.surefire.junitplatform.LazyLauncher.execute(LazyLauncher.java:56) ~[surefire-junit-platform-3.5.2.jar:3.5.2]
	at org.apache.maven.surefire.junitplatform.JUnitPlatformProvider.execute(JUnitPlatformProvider.java:184) ~[surefire-junit-platform-3.5.2.jar:3.5.2]
	at org.apache.maven.surefire.junitplatform.JUnitPlatformProvider.invokeAllTests(JUnitPlatformProvider.java:148) ~[surefire-junit-platform-3.5.2.jar:3.5.2]
	at org.apache.maven.surefire.junitplatform.JUnitPlatformProvider.invoke(JUnitPlatformProvider.java:122) ~[surefire-junit-platform-3.5.2.jar:3.5.2]
	at org.apache.maven.surefire.booter.ForkedBooter.runSuitesInProcess(ForkedBooter.java:385) ~[surefire-booter-3.5.2.jar:3.5.2]
	at org.apache.maven.surefire.booter.ForkedBooter.execute(ForkedBooter.java:162) ~[surefire-booter-3.5.2.jar:3.5.2]
	at org.apache.maven.surefire.booter.ForkedBooter.run(ForkedBooter.java:507) ~[surefire-booter-3.5.2.jar:3.5.2]
	at org.apache.maven.surefire.booter.ForkedBooter.main(ForkedBooter.java:495) ~[surefire-booter-3.5.2.jar:3.5.2]

2024-12-15T14:03:59.040-03:00 DEBUG 25938 --- [tienda-ms-pedidos] [           main] o.s.d.jpa.repository.query.NamedQuery    : Did not find named query Producto.buscarPorNombreOCategoria.count
2024-12-15T14:03:59.040-03:00 DEBUG 25938 --- [tienda-ms-pedidos] [           main] tor$SharedEntityManagerInvocationHandler : Creating new EntityManager for shared EntityManager invocation
2024-12-15T14:03:59.042-03:00 DEBUG 25938 --- [tienda-ms-pedidos] [           main] org.hibernate.orm.query.hql              : HQL : SELECT DISTINCT p FROM Producto p JOIN p.categorias c WHERE LOWER(p.nombre) LIKE LOWER(CONCAT('%', :filtro, '%'))    OR LOWER(c.nombre) LIKE LOWER(CONCAT('%', :filtro, '%'))
2024-12-15T14:03:59.045-03:00 DEBUG 25938 --- [tienda-ms-pedidos] [           main] org.hibernate.orm.query.sqm.ast          : SqmStatement Tree :
    -> [select]
      -> [query-spec]
        -> [select(distinct)]
          -> [selection]
            -> [root] - `com.example.tienda_ms_pedidos.model.Producto(p)`
              -> [joins]
                -> [attribute] - `com.example.tienda_ms_pedidos.model.Producto(p).categorias(c)`
                    [fetched = false]
                <- [attribute] - `com.example.tienda_ms_pedidos.model.Producto(p).categorias(c)`
              <- [joins]
            <- [root] - `com.example.tienda_ms_pedidos.model.Producto(p)`
          <- [selection]
        <- [select(distinct)]
        -> [from]
          -> [root] - `com.example.tienda_ms_pedidos.model.Producto(p)`
            -> [joins]
              -> [attribute] - `com.example.tienda_ms_pedidos.model.Producto(p).categorias(c)`
                  [fetched = false]
              <- [attribute] - `com.example.tienda_ms_pedidos.model.Producto(p).categorias(c)`
            <- [joins]
          <- [root] - `com.example.tienda_ms_pedidos.model.Producto(p)`
        <- [from]
        -> [where]
          -> [or]
            -> [is-like]
            <- [is-like]
            -> [is-like]
            <- [is-like]
          <- [or]
        <- [where]
      <- [query-spec]
    <- [select]

2024-12-15T14:03:59.045-03:00 DEBUG 25938 --- [tienda-ms-pedidos] [           main] o.s.d.r.c.s.RepositoryFactorySupport     : Finished creation of repository instance for com.example.tienda_ms_pedidos.repository.ProductoRepository.
2024-12-15T14:03:59.046-03:00 DEBUG 25938 --- [tienda-ms-pedidos] [           main] o.s.b.f.s.DefaultListableBeanFactory     : Autowiring by type from bean name 'productoServiceImpl' via constructor to bean named 'productoRepository'
2024-12-15T14:03:59.129-03:00 DEBUG 25938 --- [tienda-ms-pedidos] [           main] o.s.b.f.s.DefaultListableBeanFactory     : Autowiring by type from bean name 'productoController' via constructor to bean named 'productoServiceImpl'
2024-12-15T14:03:59.129-03:00 DEBUG 25938 --- [tienda-ms-pedidos] [           main] o.s.b.f.s.DefaultListableBeanFactory     : Creating shared instance of singleton bean 'org.springframework.boot.autoconfigure.context.PropertyPlaceholderAutoConfiguration'
2024-12-15T14:03:59.129-03:00 DEBUG 25938 --- [tienda-ms-pedidos] [           main] o.s.b.f.s.DefaultListableBeanFactory     : Creating shared instance of singleton bean 'org.springframework.boot.autoconfigure.ssl.SslAutoConfiguration'
2024-12-15T14:03:59.130-03:00 DEBUG 25938 --- [tienda-ms-pedidos] [           main] o.s.b.f.s.DefaultListableBeanFactory     : Creating shared instance of singleton bean 'spring.ssl-org.springframework.boot.autoconfigure.ssl.SslProperties'
2024-12-15T14:03:59.131-03:00 DEBUG 25938 --- [tienda-ms-pedidos] [           main] o.s.b.f.s.DefaultListableBeanFactory     : Autowiring by type from bean name 'org.springframework.boot.autoconfigure.ssl.SslAutoConfiguration' via constructor to bean named 'org.springframework.web.context.support.GenericWebApplicationContext@73e8a384'
2024-12-15T14:03:59.131-03:00 DEBUG 25938 --- [tienda-ms-pedidos] [           main] o.s.b.f.s.DefaultListableBeanFactory     : Autowiring by type from bean name 'org.springframework.boot.autoconfigure.ssl.SslAutoConfiguration' via constructor to bean named 'spring.ssl-org.springframework.boot.autoconfigure.ssl.SslProperties'
2024-12-15T14:03:59.131-03:00 DEBUG 25938 --- [tienda-ms-pedidos] [           main] o.s.b.f.s.DefaultListableBeanFactory     : Creating shared instance of singleton bean 'fileWatcher'
2024-12-15T14:03:59.132-03:00 DEBUG 25938 --- [tienda-ms-pedidos] [           main] o.s.b.f.s.DefaultListableBeanFactory     : Creating shared instance of singleton bean 'sslPropertiesSslBundleRegistrar'
2024-12-15T14:03:59.132-03:00 DEBUG 25938 --- [tienda-ms-pedidos] [           main] o.s.b.f.s.DefaultListableBeanFactory     : Autowiring by type from bean name 'sslPropertiesSslBundleRegistrar' via factory method to bean named 'fileWatcher'
2024-12-15T14:03:59.133-03:00 DEBUG 25938 --- [tienda-ms-pedidos] [           main] o.s.b.f.s.DefaultListableBeanFactory     : Creating shared instance of singleton bean 'sslBundleRegistry'
2024-12-15T14:03:59.135-03:00 DEBUG 25938 --- [tienda-ms-pedidos] [           main] o.s.b.f.s.DefaultListableBeanFactory     : Creating shared instance of singleton bean 'org.springframework.boot.autoconfigure.websocket.servlet.WebSocketServletAutoConfiguration$TomcatWebSocketConfiguration'
2024-12-15T14:03:59.135-03:00 DEBUG 25938 --- [tienda-ms-pedidos] [           main] o.s.b.f.s.DefaultListableBeanFactory     : Creating shared instance of singleton bean 'websocketServletWebServerCustomizer'
2024-12-15T14:03:59.136-03:00 DEBUG 25938 --- [tienda-ms-pedidos] [           main] o.s.b.f.s.DefaultListableBeanFactory     : Creating shared instance of singleton bean 'org.springframework.boot.autoconfigure.websocket.servlet.WebSocketServletAutoConfiguration'
2024-12-15T14:03:59.136-03:00 DEBUG 25938 --- [tienda-ms-pedidos] [           main] o.s.b.f.s.DefaultListableBeanFactory     : Creating shared instance of singleton bean 'org.springframework.boot.autoconfigure.web.servlet.ServletWebServerFactoryConfiguration$EmbeddedTomcat'
2024-12-15T14:03:59.136-03:00 DEBUG 25938 --- [tienda-ms-pedidos] [           main] o.s.b.f.s.DefaultListableBeanFactory     : Creating shared instance of singleton bean 'tomcatServletWebServerFactory'
2024-12-15T14:03:59.161-03:00 DEBUG 25938 --- [tienda-ms-pedidos] [           main] o.s.b.f.s.DefaultListableBeanFactory     : Creating shared instance of singleton bean 'servletWebServerFactoryCustomizer'
2024-12-15T14:03:59.161-03:00 DEBUG 25938 --- [tienda-ms-pedidos] [           main] o.s.b.f.s.DefaultListableBeanFactory     : Creating shared instance of singleton bean 'org.springframework.boot.autoconfigure.web.servlet.ServletWebServerFactoryAutoConfiguration'
2024-12-15T14:03:59.162-03:00 DEBUG 25938 --- [tienda-ms-pedidos] [           main] o.s.b.f.s.DefaultListableBeanFactory     : Creating shared instance of singleton bean 'server-org.springframework.boot.autoconfigure.web.ServerProperties'
2024-12-15T14:03:59.168-03:00 DEBUG 25938 --- [tienda-ms-pedidos] [           main] o.s.b.f.s.DefaultListableBeanFactory     : Autowiring by type from bean name 'servletWebServerFactoryCustomizer' via factory method to bean named 'server-org.springframework.boot.autoconfigure.web.ServerProperties'
2024-12-15T14:03:59.170-03:00 DEBUG 25938 --- [tienda-ms-pedidos] [           main] o.s.b.f.s.DefaultListableBeanFactory     : Creating shared instance of singleton bean 'tomcatServletWebServerFactoryCustomizer'
2024-12-15T14:03:59.170-03:00 DEBUG 25938 --- [tienda-ms-pedidos] [           main] o.s.b.f.s.DefaultListableBeanFactory     : Autowiring by type from bean name 'tomcatServletWebServerFactoryCustomizer' via factory method to bean named 'server-org.springframework.boot.autoconfigure.web.ServerProperties'
2024-12-15T14:03:59.170-03:00 DEBUG 25938 --- [tienda-ms-pedidos] [           main] o.s.b.f.s.DefaultListableBeanFactory     : Creating shared instance of singleton bean 'localeCharsetMappingsCustomizer'
2024-12-15T14:03:59.170-03:00 DEBUG 25938 --- [tienda-ms-pedidos] [           main] o.s.b.f.s.DefaultListableBeanFactory     : Creating shared instance of singleton bean 'org.springframework.boot.autoconfigure.web.servlet.HttpEncodingAutoConfiguration'
2024-12-15T14:03:59.170-03:00 DEBUG 25938 --- [tienda-ms-pedidos] [           main] o.s.b.f.s.DefaultListableBeanFactory     : Autowiring by type from bean name 'org.springframework.boot.autoconfigure.web.servlet.HttpEncodingAutoConfiguration' via constructor to bean named 'server-org.springframework.boot.autoconfigure.web.ServerProperties'
2024-12-15T14:03:59.176-03:00 DEBUG 25938 --- [tienda-ms-pedidos] [           main] o.s.b.f.s.DefaultListableBeanFactory     : Creating shared instance of singleton bean 'errorPageCustomizer'
2024-12-15T14:03:59.176-03:00 DEBUG 25938 --- [tienda-ms-pedidos] [           main] o.s.b.f.s.DefaultListableBeanFactory     : Creating shared instance of singleton bean 'org.springframework.boot.autoconfigure.web.servlet.error.ErrorMvcAutoConfiguration'
2024-12-15T14:03:59.176-03:00 DEBUG 25938 --- [tienda-ms-pedidos] [           main] o.s.b.f.s.DefaultListableBeanFactory     : Autowiring by type from bean name 'org.springframework.boot.autoconfigure.web.servlet.error.ErrorMvcAutoConfiguration' via constructor to bean named 'server-org.springframework.boot.autoconfigure.web.ServerProperties'
2024-12-15T14:03:59.177-03:00 DEBUG 25938 --- [tienda-ms-pedidos] [           main] o.s.b.f.s.DefaultListableBeanFactory     : Creating shared instance of singleton bean 'dispatcherServletRegistration'
2024-12-15T14:03:59.177-03:00 DEBUG 25938 --- [tienda-ms-pedidos] [           main] o.s.b.f.s.DefaultListableBeanFactory     : Creating shared instance of singleton bean 'org.springframework.boot.autoconfigure.web.servlet.DispatcherServletAutoConfiguration$DispatcherServletRegistrationConfiguration'
2024-12-15T14:03:59.177-03:00 DEBUG 25938 --- [tienda-ms-pedidos] [           main] o.s.b.f.s.DefaultListableBeanFactory     : Creating shared instance of singleton bean 'dispatcherServlet'
2024-12-15T14:03:59.177-03:00 DEBUG 25938 --- [tienda-ms-pedidos] [           main] o.s.b.f.s.DefaultListableBeanFactory     : Creating shared instance of singleton bean 'org.springframework.boot.autoconfigure.web.servlet.DispatcherServletAutoConfiguration$DispatcherServletConfiguration'
2024-12-15T14:03:59.177-03:00 DEBUG 25938 --- [tienda-ms-pedidos] [           main] o.s.b.f.s.DefaultListableBeanFactory     : Creating shared instance of singleton bean 'spring.mvc-org.springframework.boot.autoconfigure.web.servlet.WebMvcProperties'
2024-12-15T14:03:59.179-03:00 DEBUG 25938 --- [tienda-ms-pedidos] [           main] o.s.b.f.s.DefaultListableBeanFactory     : Autowiring by type from bean name 'dispatcherServlet' via factory method to bean named 'spring.mvc-org.springframework.boot.autoconfigure.web.servlet.WebMvcProperties'
2024-12-15T14:03:59.187-03:00 DEBUG 25938 --- [tienda-ms-pedidos] [           main] o.s.b.f.s.DefaultListableBeanFactory     : Autowiring by type from bean name 'dispatcherServletRegistration' via factory method to bean named 'dispatcherServlet'
2024-12-15T14:03:59.187-03:00 DEBUG 25938 --- [tienda-ms-pedidos] [           main] o.s.b.f.s.DefaultListableBeanFactory     : Autowiring by type from bean name 'dispatcherServletRegistration' via factory method to bean named 'spring.mvc-org.springframework.boot.autoconfigure.web.servlet.WebMvcProperties'
2024-12-15T14:03:59.188-03:00 DEBUG 25938 --- [tienda-ms-pedidos] [           main] o.s.b.f.s.DefaultListableBeanFactory     : Creating shared instance of singleton bean 'multipartConfigElement'
2024-12-15T14:03:59.188-03:00 DEBUG 25938 --- [tienda-ms-pedidos] [           main] o.s.b.f.s.DefaultListableBeanFactory     : Creating shared instance of singleton bean 'org.springframework.boot.autoconfigure.web.servlet.MultipartAutoConfiguration'
2024-12-15T14:03:59.188-03:00 DEBUG 25938 --- [tienda-ms-pedidos] [           main] o.s.b.f.s.DefaultListableBeanFactory     : Creating shared instance of singleton bean 'spring.servlet.multipart-org.springframework.boot.autoconfigure.web.servlet.MultipartProperties'
2024-12-15T14:03:59.190-03:00 DEBUG 25938 --- [tienda-ms-pedidos] [           main] o.s.b.f.s.DefaultListableBeanFactory     : Autowiring by type from bean name 'org.springframework.boot.autoconfigure.web.servlet.MultipartAutoConfiguration' via constructor to bean named 'spring.servlet.multipart-org.springframework.boot.autoconfigure.web.servlet.MultipartProperties'
2024-12-15T14:03:59.197-03:00 DEBUG 25938 --- [tienda-ms-pedidos] [           main] o.s.b.f.s.DefaultListableBeanFactory     : Autowiring by type from bean name 'errorPageCustomizer' via factory method to bean named 'dispatcherServletRegistration'
2024-12-15T14:03:59.199-03:00 DEBUG 25938 --- [tienda-ms-pedidos] [           main] o.s.b.f.s.DefaultListableBeanFactory     : Creating shared instance of singleton bean 'org.springframework.boot.autoconfigure.web.servlet.DispatcherServletAutoConfiguration'
2024-12-15T14:03:59.199-03:00 DEBUG 25938 --- [tienda-ms-pedidos] [           main] o.s.b.f.s.DefaultListableBeanFactory     : Creating shared instance of singleton bean 'org.springframework.boot.autoconfigure.task.TaskExecutorConfigurations$ThreadPoolTaskExecutorBuilderConfiguration'
2024-12-15T14:03:59.199-03:00 DEBUG 25938 --- [tienda-ms-pedidos] [           main] o.s.b.f.s.DefaultListableBeanFactory     : Creating shared instance of singleton bean 'threadPoolTaskExecutorBuilder'
2024-12-15T14:03:59.200-03:00 DEBUG 25938 --- [tienda-ms-pedidos] [           main] o.s.b.f.s.DefaultListableBeanFactory     : Creating shared instance of singleton bean 'spring.task.execution-org.springframework.boot.autoconfigure.task.TaskExecutionProperties'
2024-12-15T14:03:59.201-03:00 DEBUG 25938 --- [tienda-ms-pedidos] [           main] o.s.b.f.s.DefaultListableBeanFactory     : Autowiring by type from bean name 'threadPoolTaskExecutorBuilder' via factory method to bean named 'spring.task.execution-org.springframework.boot.autoconfigure.task.TaskExecutionProperties'
2024-12-15T14:03:59.202-03:00 DEBUG 25938 --- [tienda-ms-pedidos] [           main] o.s.b.f.s.DefaultListableBeanFactory     : Creating shared instance of singleton bean 'org.springframework.boot.autoconfigure.task.TaskExecutorConfigurations$SimpleAsyncTaskExecutorBuilderConfiguration'
2024-12-15T14:03:59.202-03:00 DEBUG 25938 --- [tienda-ms-pedidos] [           main] o.s.b.f.s.DefaultListableBeanFactory     : Autowiring by type from bean name 'org.springframework.boot.autoconfigure.task.TaskExecutorConfigurations$SimpleAsyncTaskExecutorBuilderConfiguration' via constructor to bean named 'spring.task.execution-org.springframework.boot.autoconfigure.task.TaskExecutionProperties'
2024-12-15T14:03:59.202-03:00 DEBUG 25938 --- [tienda-ms-pedidos] [           main] o.s.b.f.s.DefaultListableBeanFactory     : Creating shared instance of singleton bean 'simpleAsyncTaskExecutorBuilder'
2024-12-15T14:03:59.202-03:00 DEBUG 25938 --- [tienda-ms-pedidos] [           main] o.s.b.f.s.DefaultListableBeanFactory     : Creating shared instance of singleton bean 'org.springframework.boot.autoconfigure.task.TaskExecutorConfigurations$TaskExecutorConfiguration'
2024-12-15T14:03:59.203-03:00 DEBUG 25938 --- [tienda-ms-pedidos] [           main] o.s.b.f.s.DefaultListableBeanFactory     : Creating shared instance of singleton bean 'org.springframework.boot.autoconfigure.task.TaskExecutionAutoConfiguration'
2024-12-15T14:03:59.203-03:00 DEBUG 25938 --- [tienda-ms-pedidos] [           main] o.s.b.f.s.DefaultListableBeanFactory     : Creating shared instance of singleton bean 'org.springframework.boot.autoconfigure.validation.ValidationAutoConfiguration'
2024-12-15T14:03:59.203-03:00 DEBUG 25938 --- [tienda-ms-pedidos] [           main] o.s.b.f.s.DefaultListableBeanFactory     : Creating shared instance of singleton bean 'defaultValidator'
2024-12-15T14:03:59.203-03:00 DEBUG 25938 --- [tienda-ms-pedidos] [           main] o.s.b.f.s.DefaultListableBeanFactory     : Autowiring by type from bean name 'defaultValidator' via factory method to bean named 'org.springframework.web.context.support.GenericWebApplicationContext@73e8a384'
2024-12-15T14:03:59.205-03:00 DEBUG 25938 --- [tienda-ms-pedidos] [           main] .h.v.m.ResourceBundleMessageInterpolator : Loaded expression factory via original TCCL
2024-12-15T14:03:59.205-03:00 DEBUG 25938 --- [tienda-ms-pedidos] [           main] o.h.v.i.e.AbstractConfigurationImpl      : Setting custom MessageInterpolator of type org.springframework.validation.beanvalidation.LocaleContextMessageInterpolator
2024-12-15T14:03:59.206-03:00 DEBUG 25938 --- [tienda-ms-pedidos] [           main] o.h.v.i.e.AbstractConfigurationImpl      : Setting custom ConstraintValidatorFactory of type org.springframework.validation.beanvalidation.SpringConstraintValidatorFactory
2024-12-15T14:03:59.206-03:00 DEBUG 25938 --- [tienda-ms-pedidos] [           main] o.h.v.i.xml.config.ValidationXmlParser   : Trying to load META-INF/validation.xml for XML based Validator configuration.
2024-12-15T14:03:59.206-03:00 DEBUG 25938 --- [tienda-ms-pedidos] [           main] o.h.v.i.xml.config.ResourceLoaderHelper  : Trying to load META-INF/validation.xml via user class loader
2024-12-15T14:03:59.206-03:00 DEBUG 25938 --- [tienda-ms-pedidos] [           main] o.h.v.i.xml.config.ResourceLoaderHelper  : Trying to load META-INF/validation.xml via TCCL
2024-12-15T14:03:59.206-03:00 DEBUG 25938 --- [tienda-ms-pedidos] [           main] o.h.v.i.xml.config.ResourceLoaderHelper  : Trying to load META-INF/validation.xml via Hibernate Validator's class loader
2024-12-15T14:03:59.206-03:00 DEBUG 25938 --- [tienda-ms-pedidos] [           main] o.h.v.i.xml.config.ValidationXmlParser   : No META-INF/validation.xml found. Using annotation based configuration only.
2024-12-15T14:03:59.206-03:00 DEBUG 25938 --- [tienda-ms-pedidos] [           main] o.h.v.i.e.resolver.TraversableResolvers  : Found jakarta.persistence.Persistence on classpath containing 'getPersistenceUtil'. Assuming JPA 2 environment. Trying to instantiate JPA aware TraversableResolver
2024-12-15T14:03:59.206-03:00 DEBUG 25938 --- [tienda-ms-pedidos] [           main] o.h.v.i.e.resolver.TraversableResolvers  : Instantiated JPA aware TraversableResolver of type org.hibernate.validator.internal.engine.resolver.JPATraversableResolver.
2024-12-15T14:03:59.207-03:00 DEBUG 25938 --- [tienda-ms-pedidos] [           main] .i.e.ValidatorFactoryConfigurationHelper : HV000252: Using org.hibernate.validator.internal.engine.DefaultPropertyNodeNameProvider as property node name provider.
2024-12-15T14:03:59.207-03:00 DEBUG 25938 --- [tienda-ms-pedidos] [           main] .i.e.ValidatorFactoryConfigurationHelper : HV000234: Using org.springframework.validation.beanvalidation.LocaleContextMessageInterpolator as ValidatorFactory-scoped message interpolator.
2024-12-15T14:03:59.207-03:00 DEBUG 25938 --- [tienda-ms-pedidos] [           main] .i.e.ValidatorFactoryConfigurationHelper : HV000234: Using org.hibernate.validator.internal.engine.resolver.JPATraversableResolver as ValidatorFactory-scoped traversable resolver.
2024-12-15T14:03:59.207-03:00 DEBUG 25938 --- [tienda-ms-pedidos] [           main] .i.e.ValidatorFactoryConfigurationHelper : HV000234: Using org.hibernate.validator.internal.util.ExecutableParameterNameProvider as ValidatorFactory-scoped parameter name provider.
2024-12-15T14:03:59.207-03:00 DEBUG 25938 --- [tienda-ms-pedidos] [           main] .i.e.ValidatorFactoryConfigurationHelper : HV000234: Using org.hibernate.validator.internal.engine.DefaultClockProvider as ValidatorFactory-scoped clock provider.
2024-12-15T14:03:59.207-03:00 DEBUG 25938 --- [tienda-ms-pedidos] [           main] .i.e.ValidatorFactoryConfigurationHelper : HV000234: Using org.hibernate.validator.internal.engine.scripting.DefaultScriptEvaluatorFactory as ValidatorFactory-scoped script evaluator factory.
2024-12-15T14:03:59.208-03:00 DEBUG 25938 --- [tienda-ms-pedidos] [           main] o.s.b.f.s.DefaultListableBeanFactory     : Creating shared instance of singleton bean 'org.springframework.boot.autoconfigure.web.servlet.error.ErrorMvcAutoConfiguration$WhitelabelErrorViewConfiguration'
2024-12-15T14:03:59.208-03:00 DEBUG 25938 --- [tienda-ms-pedidos] [           main] o.s.b.f.s.DefaultListableBeanFactory     : Creating shared instance of singleton bean 'error'
2024-12-15T14:03:59.208-03:00 DEBUG 25938 --- [tienda-ms-pedidos] [           main] o.s.b.f.s.DefaultListableBeanFactory     : Creating shared instance of singleton bean 'beanNameViewResolver'
2024-12-15T14:03:59.209-03:00 DEBUG 25938 --- [tienda-ms-pedidos] [           main] o.s.b.f.s.DefaultListableBeanFactory     : Creating shared instance of singleton bean 'org.springframework.boot.autoconfigure.web.servlet.error.ErrorMvcAutoConfiguration$DefaultErrorViewResolverConfiguration'
2024-12-15T14:03:59.209-03:00 DEBUG 25938 --- [tienda-ms-pedidos] [           main] o.s.b.f.s.DefaultListableBeanFactory     : Creating shared instance of singleton bean 'spring.web-org.springframework.boot.autoconfigure.web.WebProperties'
2024-12-15T14:03:59.211-03:00 DEBUG 25938 --- [tienda-ms-pedidos] [           main] o.s.b.f.s.DefaultListableBeanFactory     : Autowiring by type from bean name 'org.springframework.boot.autoconfigure.web.servlet.error.ErrorMvcAutoConfiguration$DefaultErrorViewResolverConfiguration' via constructor to bean named 'org.springframework.web.context.support.GenericWebApplicationContext@73e8a384'
2024-12-15T14:03:59.211-03:00 DEBUG 25938 --- [tienda-ms-pedidos] [           main] o.s.b.f.s.DefaultListableBeanFactory     : Autowiring by type from bean name 'org.springframework.boot.autoconfigure.web.servlet.error.ErrorMvcAutoConfiguration$DefaultErrorViewResolverConfiguration' via constructor to bean named 'spring.web-org.springframework.boot.autoconfigure.web.WebProperties'
2024-12-15T14:03:59.211-03:00 DEBUG 25938 --- [tienda-ms-pedidos] [           main] o.s.b.f.s.DefaultListableBeanFactory     : Creating shared instance of singleton bean 'conventionErrorViewResolver'
2024-12-15T14:03:59.213-03:00 DEBUG 25938 --- [tienda-ms-pedidos] [           main] o.s.b.f.s.DefaultListableBeanFactory     : Creating shared instance of singleton bean 'errorAttributes'
2024-12-15T14:03:59.213-03:00 DEBUG 25938 --- [tienda-ms-pedidos] [           main] o.s.b.f.s.DefaultListableBeanFactory     : Creating shared instance of singleton bean 'basicErrorController'
2024-12-15T14:03:59.214-03:00 DEBUG 25938 --- [tienda-ms-pedidos] [           main] o.s.b.f.s.DefaultListableBeanFactory     : Autowiring by type from bean name 'basicErrorController' via factory method to bean named 'errorAttributes'
2024-12-15T14:03:59.215-03:00 DEBUG 25938 --- [tienda-ms-pedidos] [           main] o.s.b.f.s.DefaultListableBeanFactory     : Creating shared instance of singleton bean 'org.springframework.boot.autoconfigure.web.servlet.WebMvcAutoConfiguration$EnableWebMvcConfiguration'
2024-12-15T14:03:59.216-03:00 DEBUG 25938 --- [tienda-ms-pedidos] [           main] o.s.b.f.s.DefaultListableBeanFactory     : Autowiring by type from bean name 'org.springframework.boot.autoconfigure.web.servlet.WebMvcAutoConfiguration$EnableWebMvcConfiguration' via constructor to bean named 'spring.mvc-org.springframework.boot.autoconfigure.web.servlet.WebMvcProperties'
2024-12-15T14:03:59.216-03:00 DEBUG 25938 --- [tienda-ms-pedidos] [           main] o.s.b.f.s.DefaultListableBeanFactory     : Autowiring by type from bean name 'org.springframework.boot.autoconfigure.web.servlet.WebMvcAutoConfiguration$EnableWebMvcConfiguration' via constructor to bean named 'spring.web-org.springframework.boot.autoconfigure.web.WebProperties'
2024-12-15T14:03:59.216-03:00 DEBUG 25938 --- [tienda-ms-pedidos] [           main] o.s.b.f.s.DefaultListableBeanFactory     : Autowiring by type from bean name 'org.springframework.boot.autoconfigure.web.servlet.WebMvcAutoConfiguration$EnableWebMvcConfiguration' via constructor to bean named 'org.springframework.beans.factory.support.DefaultListableBeanFactory@67f21aa5'
2024-12-15T14:03:59.217-03:00 DEBUG 25938 --- [tienda-ms-pedidos] [           main] o.s.b.f.s.DefaultListableBeanFactory     : Creating shared instance of singleton bean 'org.springframework.boot.autoconfigure.web.servlet.WebMvcAutoConfiguration$WebMvcAutoConfigurationAdapter'
2024-12-15T14:03:59.217-03:00 DEBUG 25938 --- [tienda-ms-pedidos] [           main] o.s.b.f.s.DefaultListableBeanFactory     : Autowiring by type from bean name 'org.springframework.boot.autoconfigure.web.servlet.WebMvcAutoConfiguration$WebMvcAutoConfigurationAdapter' via constructor to bean named 'spring.web-org.springframework.boot.autoconfigure.web.WebProperties'
2024-12-15T14:03:59.217-03:00 DEBUG 25938 --- [tienda-ms-pedidos] [           main] o.s.b.f.s.DefaultListableBeanFactory     : Autowiring by type from bean name 'org.springframework.boot.autoconfigure.web.servlet.WebMvcAutoConfiguration$WebMvcAutoConfigurationAdapter' via constructor to bean named 'spring.mvc-org.springframework.boot.autoconfigure.web.servlet.WebMvcProperties'
2024-12-15T14:03:59.217-03:00 DEBUG 25938 --- [tienda-ms-pedidos] [           main] o.s.b.f.s.DefaultListableBeanFactory     : Autowiring by type from bean name 'org.springframework.boot.autoconfigure.web.servlet.WebMvcAutoConfiguration$WebMvcAutoConfigurationAdapter' via constructor to bean named 'org.springframework.beans.factory.support.DefaultListableBeanFactory@67f21aa5'
2024-12-15T14:03:59.218-03:00 DEBUG 25938 --- [tienda-ms-pedidos] [           main] o.s.b.f.s.DefaultListableBeanFactory     : Creating shared instance of singleton bean 'openEntityManagerInViewInterceptorConfigurer'
2024-12-15T14:03:59.218-03:00 DEBUG 25938 --- [tienda-ms-pedidos] [           main] o.s.b.f.s.DefaultListableBeanFactory     : Creating shared instance of singleton bean 'org.springframework.boot.autoconfigure.orm.jpa.JpaBaseConfiguration$JpaWebConfiguration'
2024-12-15T14:03:59.218-03:00 DEBUG 25938 --- [tienda-ms-pedidos] [           main] o.s.b.f.s.DefaultListableBeanFactory     : Autowiring by type from bean name 'org.springframework.boot.autoconfigure.orm.jpa.JpaBaseConfiguration$JpaWebConfiguration' via constructor to bean named 'spring.jpa-org.springframework.boot.autoconfigure.orm.jpa.JpaProperties'
2024-12-15T14:03:59.219-03:00 DEBUG 25938 --- [tienda-ms-pedidos] [           main] o.s.b.f.s.DefaultListableBeanFactory     : Creating shared instance of singleton bean 'openEntityManagerInViewInterceptor'
2024-12-15T14:03:59.219-03:00  WARN 25938 --- [tienda-ms-pedidos] [           main] JpaBaseConfiguration$JpaWebConfiguration : spring.jpa.open-in-view is enabled by default. Therefore, database queries may be performed during view rendering. Explicitly configure spring.jpa.open-in-view to disable this warning
2024-12-15T14:03:59.220-03:00 DEBUG 25938 --- [tienda-ms-pedidos] [           main] o.s.b.f.s.DefaultListableBeanFactory     : Autowiring by type from bean name 'openEntityManagerInViewInterceptorConfigurer' via factory method to bean named 'openEntityManagerInViewInterceptor'
2024-12-15T14:03:59.220-03:00 DEBUG 25938 --- [tienda-ms-pedidos] [           main] o.s.b.f.s.DefaultListableBeanFactory     : Creating shared instance of singleton bean 'org.springframework.data.web.config.HateoasAwareSpringDataWebConfiguration'
2024-12-15T14:03:59.220-03:00 DEBUG 25938 --- [tienda-ms-pedidos] [           main] o.s.b.f.s.DefaultListableBeanFactory     : Autowiring by type from bean name 'org.springframework.data.web.config.HateoasAwareSpringDataWebConfiguration' via constructor to bean named 'org.springframework.web.context.support.GenericWebApplicationContext@73e8a384'
2024-12-15T14:03:59.221-03:00 DEBUG 25938 --- [tienda-ms-pedidos] [           main] o.s.b.f.s.DefaultListableBeanFactory     : Creating shared instance of singleton bean 'hypermediaWebMvcConfigurer'
2024-12-15T14:03:59.222-03:00 DEBUG 25938 --- [tienda-ms-pedidos] [           main] o.s.b.f.s.DefaultListableBeanFactory     : Creating shared instance of singleton bean 'org.springframework.hateoas.config.WebMvcHateoasConfiguration'
2024-12-15T14:03:59.222-03:00 DEBUG 25938 --- [tienda-ms-pedidos] [           main] o.s.b.f.s.DefaultListableBeanFactory     : Creating shared instance of singleton bean 'hypermediaWebMvcConverters'
2024-12-15T14:03:59.222-03:00 DEBUG 25938 --- [tienda-ms-pedidos] [           main] o.s.b.f.s.DefaultListableBeanFactory     : Creating shared instance of singleton bean 'org.springframework.hateoas.config.HateoasConfiguration'
2024-12-15T14:03:59.222-03:00 DEBUG 25938 --- [tienda-ms-pedidos] [           main] o.s.b.f.s.DefaultListableBeanFactory     : Creating shared instance of singleton bean 'org.springframework.hateoas.mediatype.hal.HalMediaTypeConfiguration'
2024-12-15T14:03:59.223-03:00 DEBUG 25938 --- [tienda-ms-pedidos] [           main] o.s.b.f.s.DefaultListableBeanFactory     : Creating shared instance of singleton bean '_relProvider'
2024-12-15T14:03:59.223-03:00 DEBUG 25938 --- [tienda-ms-pedidos] [           main] o.s.b.f.s.DefaultListableBeanFactory     : Creating shared instance of singleton bean 'relProviderPluginRegistry'
2024-12-15T14:03:59.223-03:00 DEBUG 25938 --- [tienda-ms-pedidos] [           main] o.s.b.f.s.DefaultListableBeanFactory     : Autowiring by type from bean name 'relProviderPluginRegistry' via factory method to bean named 'org.springframework.web.context.support.GenericWebApplicationContext@73e8a384'
2024-12-15T14:03:59.226-03:00 DEBUG 25938 --- [tienda-ms-pedidos] [           main] o.s.b.f.s.DefaultListableBeanFactory     : Autowiring by type from bean name '_relProvider' via factory method to bean named 'relProviderPluginRegistry'
2024-12-15T14:03:59.227-03:00 DEBUG 25938 --- [tienda-ms-pedidos] [           main] o.s.b.f.s.DefaultListableBeanFactory     : Creating shared instance of singleton bean 'messageResolver'
2024-12-15T14:03:59.229-03:00 DEBUG 25938 --- [tienda-ms-pedidos] [           main] o.s.b.f.s.DefaultListableBeanFactory     : Autowiring by type from bean name 'org.springframework.hateoas.mediatype.hal.HalMediaTypeConfiguration' via constructor to bean named '_relProvider'
2024-12-15T14:03:59.229-03:00 DEBUG 25938 --- [tienda-ms-pedidos] [           main] o.s.b.f.s.DefaultListableBeanFactory     : Autowiring by type from bean name 'org.springframework.hateoas.mediatype.hal.HalMediaTypeConfiguration' via constructor to bean named 'messageResolver'
2024-12-15T14:03:59.229-03:00 DEBUG 25938 --- [tienda-ms-pedidos] [           main] o.s.b.f.s.DefaultListableBeanFactory     : Autowiring by type from bean name 'org.springframework.hateoas.mediatype.hal.HalMediaTypeConfiguration' via constructor to bean named 'org.springframework.beans.factory.support.DefaultListableBeanFactory@67f21aa5'
2024-12-15T14:03:59.230-03:00 DEBUG 25938 --- [tienda-ms-pedidos] [           main] o.s.b.f.s.DefaultListableBeanFactory     : Autowiring by type from bean name 'hypermediaWebMvcConverters' via factory method to bean named 'org.springframework.hateoas.mediatype.hal.HalMediaTypeConfiguration'
2024-12-15T14:03:59.231-03:00 DEBUG 25938 --- [tienda-ms-pedidos] [           main] o.s.b.f.s.DefaultListableBeanFactory     : Creating shared instance of singleton bean 'jacksonObjectMapper'
2024-12-15T14:03:59.231-03:00 DEBUG 25938 --- [tienda-ms-pedidos] [           main] o.s.b.f.s.DefaultListableBeanFactory     : Creating shared instance of singleton bean 'org.springframework.boot.autoconfigure.jackson.JacksonAutoConfiguration$JacksonObjectMapperConfiguration'
2024-12-15T14:03:59.231-03:00 DEBUG 25938 --- [tienda-ms-pedidos] [           main] o.s.b.f.s.DefaultListableBeanFactory     : Creating shared instance of singleton bean 'org.springframework.boot.autoconfigure.jackson.JacksonAutoConfiguration$JacksonObjectMapperBuilderConfiguration'
2024-12-15T14:03:59.231-03:00 DEBUG 25938 --- [tienda-ms-pedidos] [           main] o.s.b.f.s.DefaultListableBeanFactory     : Creating shared instance of singleton bean 'standardJacksonObjectMapperBuilderCustomizer'
2024-12-15T14:03:59.231-03:00 DEBUG 25938 --- [tienda-ms-pedidos] [           main] o.s.b.f.s.DefaultListableBeanFactory     : Creating shared instance of singleton bean 'org.springframework.boot.autoconfigure.jackson.JacksonAutoConfiguration$Jackson2ObjectMapperBuilderCustomizerConfiguration'
2024-12-15T14:03:59.232-03:00 DEBUG 25938 --- [tienda-ms-pedidos] [           main] o.s.b.f.s.DefaultListableBeanFactory     : Creating shared instance of singleton bean 'spring.jackson-org.springframework.boot.autoconfigure.jackson.JacksonProperties'
2024-12-15T14:03:59.233-03:00 DEBUG 25938 --- [tienda-ms-pedidos] [           main] o.s.b.f.s.DefaultListableBeanFactory     : Autowiring by type from bean name 'standardJacksonObjectMapperBuilderCustomizer' via factory method to bean named 'spring.jackson-org.springframework.boot.autoconfigure.jackson.JacksonProperties'
2024-12-15T14:03:59.233-03:00 DEBUG 25938 --- [tienda-ms-pedidos] [           main] o.s.b.f.s.DefaultListableBeanFactory     : Creating shared instance of singleton bean 'parameterNamesModule'
2024-12-15T14:03:59.233-03:00 DEBUG 25938 --- [tienda-ms-pedidos] [           main] o.s.b.f.s.DefaultListableBeanFactory     : Creating shared instance of singleton bean 'org.springframework.boot.autoconfigure.jackson.JacksonAutoConfiguration$ParameterNamesModuleConfiguration'
2024-12-15T14:03:59.236-03:00 DEBUG 25938 --- [tienda-ms-pedidos] [           main] o.s.b.f.s.DefaultListableBeanFactory     : Creating shared instance of singleton bean 'jsonMixinModule'
2024-12-15T14:03:59.236-03:00 DEBUG 25938 --- [tienda-ms-pedidos] [           main] o.s.b.f.s.DefaultListableBeanFactory     : Creating shared instance of singleton bean 'org.springframework.boot.autoconfigure.jackson.JacksonAutoConfiguration$JacksonMixinConfiguration'
2024-12-15T14:03:59.236-03:00 DEBUG 25938 --- [tienda-ms-pedidos] [           main] o.s.b.f.s.DefaultListableBeanFactory     : Creating shared instance of singleton bean 'jsonMixinModuleEntries'
2024-12-15T14:03:59.236-03:00 DEBUG 25938 --- [tienda-ms-pedidos] [           main] o.s.b.f.s.DefaultListableBeanFactory     : Autowiring by type from bean name 'jsonMixinModuleEntries' via factory method to bean named 'org.springframework.web.context.support.GenericWebApplicationContext@73e8a384'
2024-12-15T14:03:59.239-03:00 DEBUG 25938 --- [tienda-ms-pedidos] [           main] o.s.b.f.s.DefaultListableBeanFactory     : Autowiring by type from bean name 'jsonMixinModule' via factory method to bean named 'org.springframework.web.context.support.GenericWebApplicationContext@73e8a384'
2024-12-15T14:03:59.239-03:00 DEBUG 25938 --- [tienda-ms-pedidos] [           main] o.s.b.f.s.DefaultListableBeanFactory     : Autowiring by type from bean name 'jsonMixinModule' via factory method to bean named 'jsonMixinModuleEntries'
2024-12-15T14:03:59.240-03:00 DEBUG 25938 --- [tienda-ms-pedidos] [           main] o.s.b.f.s.DefaultListableBeanFactory     : Creating shared instance of singleton bean 'jsonComponentModule'
2024-12-15T14:03:59.240-03:00 DEBUG 25938 --- [tienda-ms-pedidos] [           main] o.s.b.f.s.DefaultListableBeanFactory     : Creating shared instance of singleton bean 'org.springframework.boot.autoconfigure.jackson.JacksonAutoConfiguration'
2024-12-15T14:03:59.241-03:00 DEBUG 25938 --- [tienda-ms-pedidos] [           main] o.s.b.f.s.DefaultListableBeanFactory     : Creating shared instance of singleton bean 'jacksonGeoModule'
2024-12-15T14:03:59.241-03:00 DEBUG 25938 --- [tienda-ms-pedidos] [           main] o.s.b.f.s.DefaultListableBeanFactory     : Creating shared instance of singleton bean 'org.springframework.data.web.config.SpringDataJacksonConfiguration'
2024-12-15T14:03:59.241-03:00 DEBUG 25938 --- [tienda-ms-pedidos] [           main] o.s.b.f.s.DefaultListableBeanFactory     : Creating shared instance of singleton bean 'springDataWebSettings'
2024-12-15T14:03:59.241-03:00 DEBUG 25938 --- [tienda-ms-pedidos] [           main] o.s.b.f.s.DefaultListableBeanFactory     : Creating shared instance of singleton bean 'org.springframework.boot.autoconfigure.data.web.SpringDataWebAutoConfiguration'
2024-12-15T14:03:59.242-03:00 DEBUG 25938 --- [tienda-ms-pedidos] [           main] o.s.b.f.s.DefaultListableBeanFactory     : Creating shared instance of singleton bean 'spring.data.web-org.springframework.boot.autoconfigure.data.web.SpringDataWebProperties'
2024-12-15T14:03:59.242-03:00 DEBUG 25938 --- [tienda-ms-pedidos] [           main] o.s.b.f.s.DefaultListableBeanFactory     : Autowiring by type from bean name 'org.springframework.boot.autoconfigure.data.web.SpringDataWebAutoConfiguration' via constructor to bean named 'spring.data.web-org.springframework.boot.autoconfigure.data.web.SpringDataWebProperties'
2024-12-15T14:03:59.244-03:00 DEBUG 25938 --- [tienda-ms-pedidos] [           main] o.s.b.f.s.DefaultListableBeanFactory     : Creating shared instance of singleton bean 'pageModule'
2024-12-15T14:03:59.245-03:00 DEBUG 25938 --- [tienda-ms-pedidos] [           main] o.s.b.f.s.DefaultListableBeanFactory     : Autowiring by type from bean name 'jacksonObjectMapperBuilder' via factory method to bean named 'org.springframework.web.context.support.GenericWebApplicationContext@73e8a384'
2024-12-15T14:03:59.245-03:00 DEBUG 25938 --- [tienda-ms-pedidos] [           main] o.s.b.f.s.DefaultListableBeanFactory     : Autowiring by type from bean name 'jacksonObjectMapperBuilder' via factory method to bean named 'standardJacksonObjectMapperBuilderCustomizer'
2024-12-15T14:03:59.246-03:00 DEBUG 25938 --- [tienda-ms-pedidos] [           main] o.s.b.f.s.DefaultListableBeanFactory     : Autowiring by type from bean name 'jacksonObjectMapper' via factory method to bean named 'jacksonObjectMapperBuilder'
2024-12-15T14:03:59.255-03:00 DEBUG 25938 --- [tienda-ms-pedidos] [           main] o.s.b.f.s.DefaultListableBeanFactory     : Autowiring by type from bean name 'hypermediaWebMvcConfigurer' via factory method to bean named 'hypermediaWebMvcConverters'
2024-12-15T14:03:59.256-03:00 DEBUG 25938 --- [tienda-ms-pedidos] [           main] o.s.b.f.s.DefaultListableBeanFactory     : Creating shared instance of singleton bean 'welcomePageHandlerMapping'
2024-12-15T14:03:59.256-03:00 DEBUG 25938 --- [tienda-ms-pedidos] [           main] o.s.b.f.s.DefaultListableBeanFactory     : Creating shared instance of singleton bean 'mvcConversionService'
2024-12-15T14:03:59.261-03:00 DEBUG 25938 --- [tienda-ms-pedidos] [           main] o.s.b.f.s.DefaultListableBeanFactory     : Creating shared instance of singleton bean 'mvcResourceUrlProvider'
2024-12-15T14:03:59.262-03:00 DEBUG 25938 --- [tienda-ms-pedidos] [           main] o.s.b.f.s.DefaultListableBeanFactory     : Autowiring by type from bean name 'welcomePageHandlerMapping' via factory method to bean named 'org.springframework.web.context.support.GenericWebApplicationContext@73e8a384'
2024-12-15T14:03:59.262-03:00 DEBUG 25938 --- [tienda-ms-pedidos] [           main] o.s.b.f.s.DefaultListableBeanFactory     : Autowiring by type from bean name 'welcomePageHandlerMapping' via factory method to bean named 'mvcConversionService'
2024-12-15T14:03:59.262-03:00 DEBUG 25938 --- [tienda-ms-pedidos] [           main] o.s.b.f.s.DefaultListableBeanFactory     : Autowiring by type from bean name 'welcomePageHandlerMapping' via factory method to bean named 'mvcResourceUrlProvider'
2024-12-15T14:03:59.276-03:00 DEBUG 25938 --- [tienda-ms-pedidos] [           main] o.s.b.f.s.DefaultListableBeanFactory     : Creating shared instance of singleton bean 'welcomePageNotAcceptableHandlerMapping'
2024-12-15T14:03:59.276-03:00 DEBUG 25938 --- [tienda-ms-pedidos] [           main] o.s.b.f.s.DefaultListableBeanFactory     : Autowiring by type from bean name 'welcomePageNotAcceptableHandlerMapping' via factory method to bean named 'org.springframework.web.context.support.GenericWebApplicationContext@73e8a384'
2024-12-15T14:03:59.276-03:00 DEBUG 25938 --- [tienda-ms-pedidos] [           main] o.s.b.f.s.DefaultListableBeanFactory     : Autowiring by type from bean name 'welcomePageNotAcceptableHandlerMapping' via factory method to bean named 'mvcConversionService'
2024-12-15T14:03:59.276-03:00 DEBUG 25938 --- [tienda-ms-pedidos] [           main] o.s.b.f.s.DefaultListableBeanFactory     : Autowiring by type from bean name 'welcomePageNotAcceptableHandlerMapping' via factory method to bean named 'mvcResourceUrlProvider'
2024-12-15T14:03:59.277-03:00 DEBUG 25938 --- [tienda-ms-pedidos] [           main] o.s.b.f.s.DefaultListableBeanFactory     : Creating shared instance of singleton bean 'localeResolver'
2024-12-15T14:03:59.278-03:00 DEBUG 25938 --- [tienda-ms-pedidos] [           main] o.s.b.f.s.DefaultListableBeanFactory     : Creating shared instance of singleton bean 'themeResolver'
2024-12-15T14:03:59.278-03:00 DEBUG 25938 --- [tienda-ms-pedidos] [           main] o.s.b.f.s.DefaultListableBeanFactory     : Creating shared instance of singleton bean 'flashMapManager'
2024-12-15T14:03:59.279-03:00 DEBUG 25938 --- [tienda-ms-pedidos] [           main] o.s.b.f.s.DefaultListableBeanFactory     : Creating shared instance of singleton bean 'viewNameTranslator'
2024-12-15T14:03:59.280-03:00 DEBUG 25938 --- [tienda-ms-pedidos] [           main] o.s.b.f.s.DefaultListableBeanFactory     : Creating shared instance of singleton bean 'mvcValidator'
2024-12-15T14:03:59.280-03:00 DEBUG 25938 --- [tienda-ms-pedidos] [           main] o.s.b.f.s.DefaultListableBeanFactory     : Creating shared instance of singleton bean 'mvcContentNegotiationManager'
2024-12-15T14:03:59.282-03:00 DEBUG 25938 --- [tienda-ms-pedidos] [           main] o.s.b.f.s.DefaultListableBeanFactory     : Creating shared instance of singleton bean 'requestMappingHandlerMapping'
2024-12-15T14:03:59.283-03:00 DEBUG 25938 --- [tienda-ms-pedidos] [           main] o.s.b.f.s.DefaultListableBeanFactory     : Autowiring by type from bean name 'requestMappingHandlerMapping' via factory method to bean named 'mvcContentNegotiationManager'
2024-12-15T14:03:59.283-03:00 DEBUG 25938 --- [tienda-ms-pedidos] [           main] o.s.b.f.s.DefaultListableBeanFactory     : Autowiring by type from bean name 'requestMappingHandlerMapping' via factory method to bean named 'mvcConversionService'
2024-12-15T14:03:59.283-03:00 DEBUG 25938 --- [tienda-ms-pedidos] [           main] o.s.b.f.s.DefaultListableBeanFactory     : Autowiring by type from bean name 'requestMappingHandlerMapping' via factory method to bean named 'mvcResourceUrlProvider'
2024-12-15T14:03:59.307-03:00 DEBUG 25938 --- [tienda-ms-pedidos] [           main] s.w.s.m.m.a.RequestMappingHandlerMapping : 14 mappings in 'requestMappingHandlerMapping'
2024-12-15T14:03:59.309-03:00 DEBUG 25938 --- [tienda-ms-pedidos] [           main] o.s.b.f.s.DefaultListableBeanFactory     : Creating shared instance of singleton bean 'mvcPatternParser'
2024-12-15T14:03:59.309-03:00 DEBUG 25938 --- [tienda-ms-pedidos] [           main] o.s.b.f.s.DefaultListableBeanFactory     : Creating shared instance of singleton bean 'mvcUrlPathHelper'
2024-12-15T14:03:59.310-03:00 DEBUG 25938 --- [tienda-ms-pedidos] [           main] o.s.b.f.s.DefaultListableBeanFactory     : Creating shared instance of singleton bean 'mvcPathMatcher'
2024-12-15T14:03:59.310-03:00 DEBUG 25938 --- [tienda-ms-pedidos] [           main] o.s.b.f.s.DefaultListableBeanFactory     : Creating shared instance of singleton bean 'viewControllerHandlerMapping'
2024-12-15T14:03:59.311-03:00 DEBUG 25938 --- [tienda-ms-pedidos] [           main] o.s.b.f.s.DefaultListableBeanFactory     : Autowiring by type from bean name 'viewControllerHandlerMapping' via factory method to bean named 'mvcConversionService'
2024-12-15T14:03:59.311-03:00 DEBUG 25938 --- [tienda-ms-pedidos] [           main] o.s.b.f.s.DefaultListableBeanFactory     : Autowiring by type from bean name 'viewControllerHandlerMapping' via factory method to bean named 'mvcResourceUrlProvider'
2024-12-15T14:03:59.311-03:00 DEBUG 25938 --- [tienda-ms-pedidos] [           main] o.s.b.f.s.DefaultListableBeanFactory     : Creating shared instance of singleton bean 'beanNameHandlerMapping'
2024-12-15T14:03:59.311-03:00 DEBUG 25938 --- [tienda-ms-pedidos] [           main] o.s.b.f.s.DefaultListableBeanFactory     : Autowiring by type from bean name 'beanNameHandlerMapping' via factory method to bean named 'mvcConversionService'
2024-12-15T14:03:59.311-03:00 DEBUG 25938 --- [tienda-ms-pedidos] [           main] o.s.b.f.s.DefaultListableBeanFactory     : Autowiring by type from bean name 'beanNameHandlerMapping' via factory method to bean named 'mvcResourceUrlProvider'
2024-12-15T14:03:59.313-03:00 DEBUG 25938 --- [tienda-ms-pedidos] [           main] o.s.b.f.s.DefaultListableBeanFactory     : Creating shared instance of singleton bean 'routerFunctionMapping'
2024-12-15T14:03:59.313-03:00 DEBUG 25938 --- [tienda-ms-pedidos] [           main] o.s.b.f.s.DefaultListableBeanFactory     : Autowiring by type from bean name 'routerFunctionMapping' via factory method to bean named 'mvcConversionService'
2024-12-15T14:03:59.313-03:00 DEBUG 25938 --- [tienda-ms-pedidos] [           main] o.s.b.f.s.DefaultListableBeanFactory     : Autowiring by type from bean name 'routerFunctionMapping' via factory method to bean named 'mvcResourceUrlProvider'
2024-12-15T14:03:59.313-03:00 DEBUG 25938 --- [tienda-ms-pedidos] [           main] o.s.b.f.s.DefaultListableBeanFactory     : Creating shared instance of singleton bean 'messageConverters'
2024-12-15T14:03:59.314-03:00 DEBUG 25938 --- [tienda-ms-pedidos] [           main] o.s.b.f.s.DefaultListableBeanFactory     : Creating shared instance of singleton bean 'org.springframework.boot.autoconfigure.http.HttpMessageConvertersAutoConfiguration'
2024-12-15T14:03:59.317-03:00 DEBUG 25938 --- [tienda-ms-pedidos] [           main] o.s.b.f.s.DefaultListableBeanFactory     : Creating shared instance of singleton bean 'stringHttpMessageConverter'
2024-12-15T14:03:59.317-03:00 DEBUG 25938 --- [tienda-ms-pedidos] [           main] o.s.b.f.s.DefaultListableBeanFactory     : Creating shared instance of singleton bean 'org.springframework.boot.autoconfigure.http.HttpMessageConvertersAutoConfiguration$StringHttpMessageConverterConfiguration'
2024-12-15T14:03:59.317-03:00 DEBUG 25938 --- [tienda-ms-pedidos] [           main] o.s.b.f.s.DefaultListableBeanFactory     : Autowiring by type from bean name 'stringHttpMessageConverter' via factory method to bean named 'environment'
2024-12-15T14:03:59.318-03:00 DEBUG 25938 --- [tienda-ms-pedidos] [           main] o.s.b.f.s.DefaultListableBeanFactory     : Creating shared instance of singleton bean 'mappingJackson2HttpMessageConverter'
2024-12-15T14:03:59.318-03:00 DEBUG 25938 --- [tienda-ms-pedidos] [           main] o.s.b.f.s.DefaultListableBeanFactory     : Creating shared instance of singleton bean 'org.springframework.boot.autoconfigure.http.JacksonHttpMessageConvertersConfiguration$MappingJackson2HttpMessageConverterConfiguration'
2024-12-15T14:03:59.319-03:00 DEBUG 25938 --- [tienda-ms-pedidos] [           main] o.s.b.f.s.DefaultListableBeanFactory     : Autowiring by type from bean name 'mappingJackson2HttpMessageConverter' via factory method to bean named 'jacksonObjectMapper'
2024-12-15T14:03:59.344-03:00 DEBUG 25938 --- [tienda-ms-pedidos] [           main] o.s.b.f.s.DefaultListableBeanFactory     : Creating shared instance of singleton bean 'applicationJsonHalConfiguration'
2024-12-15T14:03:59.344-03:00 DEBUG 25938 --- [tienda-ms-pedidos] [           main] o.s.b.f.s.DefaultListableBeanFactory     : Creating shared instance of singleton bean 'org.springframework.boot.autoconfigure.hateoas.HypermediaAutoConfiguration'
2024-12-15T14:03:59.350-03:00 DEBUG 25938 --- [tienda-ms-pedidos] [           main] o.s.b.f.s.DefaultListableBeanFactory     : Creating shared instance of singleton bean 'resourceHandlerMapping'
2024-12-15T14:03:59.350-03:00 DEBUG 25938 --- [tienda-ms-pedidos] [           main] o.s.b.f.s.DefaultListableBeanFactory     : Autowiring by type from bean name 'resourceHandlerMapping' via factory method to bean named 'mvcContentNegotiationManager'
2024-12-15T14:03:59.350-03:00 DEBUG 25938 --- [tienda-ms-pedidos] [           main] o.s.b.f.s.DefaultListableBeanFactory     : Autowiring by type from bean name 'resourceHandlerMapping' via factory method to bean named 'mvcConversionService'
2024-12-15T14:03:59.350-03:00 DEBUG 25938 --- [tienda-ms-pedidos] [           main] o.s.b.f.s.DefaultListableBeanFactory     : Autowiring by type from bean name 'resourceHandlerMapping' via factory method to bean named 'mvcResourceUrlProvider'
2024-12-15T14:03:59.357-03:00 DEBUG 25938 --- [tienda-ms-pedidos] [           main] o.s.w.s.handler.SimpleUrlHandlerMapping  : Patterns [/webjars/**, /**] in 'resourceHandlerMapping'
2024-12-15T14:03:59.358-03:00 DEBUG 25938 --- [tienda-ms-pedidos] [           main] o.s.b.f.s.DefaultListableBeanFactory     : Creating shared instance of singleton bean 'defaultServletHandlerMapping'
2024-12-15T14:03:59.358-03:00 DEBUG 25938 --- [tienda-ms-pedidos] [           main] o.s.b.f.s.DefaultListableBeanFactory     : Creating shared instance of singleton bean 'requestMappingHandlerAdapter'
2024-12-15T14:03:59.358-03:00 DEBUG 25938 --- [tienda-ms-pedidos] [           main] o.s.b.f.s.DefaultListableBeanFactory     : Autowiring by type from bean name 'requestMappingHandlerAdapter' via factory method to bean named 'mvcContentNegotiationManager'
2024-12-15T14:03:59.358-03:00 DEBUG 25938 --- [tienda-ms-pedidos] [           main] o.s.b.f.s.DefaultListableBeanFactory     : Autowiring by type from bean name 'requestMappingHandlerAdapter' via factory method to bean named 'mvcConversionService'
2024-12-15T14:03:59.358-03:00 DEBUG 25938 --- [tienda-ms-pedidos] [           main] o.s.b.f.s.DefaultListableBeanFactory     : Autowiring by type from bean name 'requestMappingHandlerAdapter' via factory method to bean named 'mvcValidator'
2024-12-15T14:03:59.362-03:00 DEBUG 25938 --- [tienda-ms-pedidos] [           main] o.s.b.f.s.DefaultListableBeanFactory     : Creating shared instance of singleton bean 'sortResolver'
2024-12-15T14:03:59.362-03:00 DEBUG 25938 --- [tienda-ms-pedidos] [           main] o.s.b.f.s.DefaultListableBeanFactory     : Creating shared instance of singleton bean 'sortCustomizer'
2024-12-15T14:03:59.365-03:00 DEBUG 25938 --- [tienda-ms-pedidos] [           main] o.s.b.f.s.DefaultListableBeanFactory     : Creating shared instance of singleton bean 'pageableResolver'
2024-12-15T14:03:59.366-03:00 DEBUG 25938 --- [tienda-ms-pedidos] [           main] o.s.b.f.s.DefaultListableBeanFactory     : Creating shared instance of singleton bean 'pageableCustomizer'
2024-12-15T14:03:59.366-03:00 DEBUG 25938 --- [tienda-ms-pedidos] [           main] o.s.b.f.s.DefaultListableBeanFactory     : Creating shared instance of singleton bean 'pagedResourcesAssemblerArgumentResolver'
2024-12-15T14:03:59.367-03:00 DEBUG 25938 --- [tienda-ms-pedidos] [           main] o.s.b.f.s.DefaultListableBeanFactory     : Creating shared instance of singleton bean 'slicedResourcesAssemblerArgumentResolver'
2024-12-15T14:03:59.367-03:00 DEBUG 25938 --- [tienda-ms-pedidos] [           main] o.s.b.f.s.DefaultListableBeanFactory     : Creating shared instance of singleton bean 'applicationTaskExecutor'
2024-12-15T14:03:59.368-03:00 DEBUG 25938 --- [tienda-ms-pedidos] [           main] o.s.b.f.s.DefaultListableBeanFactory     : Autowiring by type from bean name 'applicationTaskExecutor' via factory method to bean named 'threadPoolTaskExecutorBuilder'
2024-12-15T14:03:59.369-03:00 DEBUG 25938 --- [tienda-ms-pedidos] [           main] o.s.s.concurrent.ThreadPoolTaskExecutor  : Initializing ExecutorService 'applicationTaskExecutor'
2024-12-15T14:03:59.374-03:00 DEBUG 25938 --- [tienda-ms-pedidos] [           main] s.w.s.m.m.a.RequestMappingHandlerAdapter : ControllerAdvice beans: 0 @ModelAttribute, 0 @InitBinder, 1 RequestBodyAdvice, 1 ResponseBodyAdvice
2024-12-15T14:03:59.389-03:00 DEBUG 25938 --- [tienda-ms-pedidos] [           main] o.s.b.f.s.DefaultListableBeanFactory     : Creating shared instance of singleton bean 'mvcViewResolver'
2024-12-15T14:03:59.389-03:00 DEBUG 25938 --- [tienda-ms-pedidos] [           main] o.s.b.f.s.DefaultListableBeanFactory     : Autowiring by type from bean name 'mvcViewResolver' via factory method to bean named 'mvcContentNegotiationManager'
2024-12-15T14:03:59.390-03:00 DEBUG 25938 --- [tienda-ms-pedidos] [           main] o.s.b.f.s.DefaultListableBeanFactory     : Creating shared instance of singleton bean 'defaultViewResolver'
2024-12-15T14:03:59.393-03:00 DEBUG 25938 --- [tienda-ms-pedidos] [           main] o.s.b.f.s.DefaultListableBeanFactory     : Creating shared instance of singleton bean 'viewResolver'
2024-12-15T14:03:59.393-03:00 DEBUG 25938 --- [tienda-ms-pedidos] [           main] o.s.b.f.s.DefaultListableBeanFactory     : Autowiring by type from bean name 'viewResolver' via factory method to bean named 'org.springframework.beans.factory.support.DefaultListableBeanFactory@67f21aa5'
2024-12-15T14:03:59.393-03:00 DEBUG 25938 --- [tienda-ms-pedidos] [           main] o.s.b.f.s.DefaultListableBeanFactory     : Creating shared instance of singleton bean 'viewResolver'
2024-12-15T14:03:59.399-03:00 DEBUG 25938 --- [tienda-ms-pedidos] [           main] o.s.b.f.s.DefaultListableBeanFactory     : Creating shared instance of singleton bean 'handlerFunctionAdapter'
2024-12-15T14:03:59.400-03:00 DEBUG 25938 --- [tienda-ms-pedidos] [           main] o.s.b.f.s.DefaultListableBeanFactory     : Creating shared instance of singleton bean 'mvcUriComponentsContributor'
2024-12-15T14:03:59.400-03:00 DEBUG 25938 --- [tienda-ms-pedidos] [           main] o.s.b.f.s.DefaultListableBeanFactory     : Autowiring by type from bean name 'mvcUriComponentsContributor' via factory method to bean named 'mvcConversionService'
2024-12-15T14:03:59.400-03:00 DEBUG 25938 --- [tienda-ms-pedidos] [           main] o.s.b.f.s.DefaultListableBeanFactory     : Autowiring by type from bean name 'mvcUriComponentsContributor' via factory method to bean named 'requestMappingHandlerAdapter'
2024-12-15T14:03:59.400-03:00 DEBUG 25938 --- [tienda-ms-pedidos] [           main] o.s.b.f.s.DefaultListableBeanFactory     : Creating shared instance of singleton bean 'httpRequestHandlerAdapter'
2024-12-15T14:03:59.400-03:00 DEBUG 25938 --- [tienda-ms-pedidos] [           main] o.s.b.f.s.DefaultListableBeanFactory     : Creating shared instance of singleton bean 'simpleControllerHandlerAdapter'
2024-12-15T14:03:59.400-03:00 DEBUG 25938 --- [tienda-ms-pedidos] [           main] o.s.b.f.s.DefaultListableBeanFactory     : Creating shared instance of singleton bean 'handlerExceptionResolver'
2024-12-15T14:03:59.401-03:00 DEBUG 25938 --- [tienda-ms-pedidos] [           main] o.s.b.f.s.DefaultListableBeanFactory     : Autowiring by type from bean name 'handlerExceptionResolver' via factory method to bean named 'mvcContentNegotiationManager'
2024-12-15T14:03:59.402-03:00 DEBUG 25938 --- [tienda-ms-pedidos] [           main] .m.m.a.ExceptionHandlerExceptionResolver : ControllerAdvice beans: 0 @ExceptionHandler, 1 ResponseBodyAdvice
2024-12-15T14:03:59.404-03:00 DEBUG 25938 --- [tienda-ms-pedidos] [           main] o.s.b.f.s.DefaultListableBeanFactory     : Creating shared instance of singleton bean 'requestContextFilter'
2024-12-15T14:03:59.404-03:00 DEBUG 25938 --- [tienda-ms-pedidos] [           main] o.s.b.f.s.DefaultListableBeanFactory     : Creating shared instance of singleton bean 'org.springframework.boot.autoconfigure.web.servlet.WebMvcAutoConfiguration'
2024-12-15T14:03:59.405-03:00 DEBUG 25938 --- [tienda-ms-pedidos] [           main] o.s.b.f.s.DefaultListableBeanFactory     : Creating shared instance of singleton bean 'formContentFilter'
2024-12-15T14:03:59.405-03:00 DEBUG 25938 --- [tienda-ms-pedidos] [           main] o.s.b.f.s.DefaultListableBeanFactory     : Creating shared instance of singleton bean 'org.springframework.boot.autoconfigure.aop.AopAutoConfiguration$AspectJAutoProxyingConfiguration$CglibAutoProxyConfiguration'
2024-12-15T14:03:59.406-03:00 DEBUG 25938 --- [tienda-ms-pedidos] [           main] o.s.b.f.s.DefaultListableBeanFactory     : Creating shared instance of singleton bean 'org.springframework.boot.autoconfigure.aop.AopAutoConfiguration$AspectJAutoProxyingConfiguration'
2024-12-15T14:03:59.406-03:00 DEBUG 25938 --- [tienda-ms-pedidos] [           main] o.s.b.f.s.DefaultListableBeanFactory     : Creating shared instance of singleton bean 'org.springframework.boot.autoconfigure.aop.AopAutoConfiguration'
2024-12-15T14:03:59.406-03:00 DEBUG 25938 --- [tienda-ms-pedidos] [           main] o.s.b.f.s.DefaultListableBeanFactory     : Creating shared instance of singleton bean 'org.springframework.boot.autoconfigure.availability.ApplicationAvailabilityAutoConfiguration'
2024-12-15T14:03:59.406-03:00 DEBUG 25938 --- [tienda-ms-pedidos] [           main] o.s.b.f.s.DefaultListableBeanFactory     : Creating shared instance of singleton bean 'applicationAvailability'
2024-12-15T14:03:59.406-03:00 DEBUG 25938 --- [tienda-ms-pedidos] [           main] o.s.b.f.s.DefaultListableBeanFactory     : Creating shared instance of singleton bean 'org.springframework.boot.autoconfigure.transaction.jta.JtaAutoConfiguration'
2024-12-15T14:03:59.406-03:00 DEBUG 25938 --- [tienda-ms-pedidos] [           main] o.s.b.f.s.DefaultListableBeanFactory     : Creating shared instance of singleton bean 'org.springframework.boot.autoconfigure.jdbc.metadata.DataSourcePoolMetadataProvidersConfiguration'
2024-12-15T14:03:59.406-03:00 DEBUG 25938 --- [tienda-ms-pedidos] [           main] o.s.b.f.s.DefaultListableBeanFactory     : Creating shared instance of singleton bean 'org.springframework.boot.autoconfigure.jdbc.DataSourceAutoConfiguration'
2024-12-15T14:03:59.406-03:00 DEBUG 25938 --- [tienda-ms-pedidos] [           main] o.s.b.f.s.DefaultListableBeanFactory     : Creating shared instance of singleton bean 'org.springframework.boot.autoconfigure.transaction.TransactionManagerCustomizationAutoConfiguration'
2024-12-15T14:03:59.407-03:00 DEBUG 25938 --- [tienda-ms-pedidos] [           main] o.s.b.f.s.DefaultListableBeanFactory     : Creating shared instance of singleton bean 'platformTransactionManagerCustomizers'
2024-12-15T14:03:59.407-03:00 DEBUG 25938 --- [tienda-ms-pedidos] [           main] o.s.b.f.s.DefaultListableBeanFactory     : Creating shared instance of singleton bean 'transactionExecutionListeners'
2024-12-15T14:03:59.407-03:00 DEBUG 25938 --- [tienda-ms-pedidos] [           main] o.s.b.f.s.DefaultListableBeanFactory     : Creating shared instance of singleton bean 'spring.transaction-org.springframework.boot.autoconfigure.transaction.TransactionProperties'
2024-12-15T14:03:59.409-03:00 DEBUG 25938 --- [tienda-ms-pedidos] [           main] o.s.b.f.s.DefaultListableBeanFactory     : Creating shared instance of singleton bean 'org.springframework.boot.autoconfigure.orm.jpa.JpaBaseConfiguration$PersistenceManagedTypesConfiguration'
2024-12-15T14:03:59.409-03:00 DEBUG 25938 --- [tienda-ms-pedidos] [           main] o.s.b.f.s.DefaultListableBeanFactory     : Creating shared instance of singleton bean 'transactionManager'
2024-12-15T14:03:59.410-03:00 DEBUG 25938 --- [tienda-ms-pedidos] [           main] o.s.b.f.s.DefaultListableBeanFactory     : Creating shared instance of singleton bean 'org.springframework.boot.autoconfigure.orm.jpa.HibernateJpaAutoConfiguration'
2024-12-15T14:03:59.410-03:00 DEBUG 25938 --- [tienda-ms-pedidos] [           main] o.s.b.f.s.DefaultListableBeanFactory     : Creating shared instance of singleton bean 'org.springframework.boot.autoconfigure.context.ConfigurationPropertiesAutoConfiguration'
2024-12-15T14:03:59.410-03:00 DEBUG 25938 --- [tienda-ms-pedidos] [           main] o.s.b.f.s.DefaultListableBeanFactory     : Creating shared instance of singleton bean 'org.springframework.boot.autoconfigure.context.LifecycleAutoConfiguration'
2024-12-15T14:03:59.410-03:00 DEBUG 25938 --- [tienda-ms-pedidos] [           main] o.s.b.f.s.DefaultListableBeanFactory     : Creating shared instance of singleton bean 'lifecycleProcessor'
2024-12-15T14:03:59.410-03:00 DEBUG 25938 --- [tienda-ms-pedidos] [           main] o.s.b.f.s.DefaultListableBeanFactory     : Creating shared instance of singleton bean 'spring.lifecycle-org.springframework.boot.autoconfigure.context.LifecycleProperties'
2024-12-15T14:03:59.410-03:00 DEBUG 25938 --- [tienda-ms-pedidos] [           main] o.s.b.f.s.DefaultListableBeanFactory     : Autowiring by type from bean name 'lifecycleProcessor' via factory method to bean named 'spring.lifecycle-org.springframework.boot.autoconfigure.context.LifecycleProperties'
2024-12-15T14:03:59.411-03:00 DEBUG 25938 --- [tienda-ms-pedidos] [           main] o.s.b.f.s.DefaultListableBeanFactory     : Creating shared instance of singleton bean 'org.springframework.boot.autoconfigure.dao.PersistenceExceptionTranslationAutoConfiguration'
2024-12-15T14:03:59.411-03:00 DEBUG 25938 --- [tienda-ms-pedidos] [           main] o.s.b.f.s.DefaultListableBeanFactory     : Creating shared instance of singleton bean 'org.springframework.boot.autoconfigure.data.jpa.JpaRepositoriesAutoConfiguration'
2024-12-15T14:03:59.411-03:00 DEBUG 25938 --- [tienda-ms-pedidos] [           main] o.s.b.f.s.DefaultListableBeanFactory     : Creating shared instance of singleton bean 'org.springframework.data.jpa.util.JpaMetamodelCacheCleanup'
2024-12-15T14:03:59.411-03:00 DEBUG 25938 --- [tienda-ms-pedidos] [           main] o.s.b.f.s.DefaultListableBeanFactory     : Creating shared instance of singleton bean 'org.springframework.data.jpa.repository.support.JpaEvaluationContextExtension'
2024-12-15T14:03:59.411-03:00 DEBUG 25938 --- [tienda-ms-pedidos] [           main] o.s.b.f.s.DefaultListableBeanFactory     : Creating shared instance of singleton bean 'data-jpa.repository-aot-processor#0'
2024-12-15T14:03:59.412-03:00 DEBUG 25938 --- [tienda-ms-pedidos] [           main] o.s.b.f.s.DefaultListableBeanFactory     : Creating shared instance of singleton bean 'org.springframework.boot.autoconfigure.http.JacksonHttpMessageConvertersConfiguration'
2024-12-15T14:03:59.412-03:00 DEBUG 25938 --- [tienda-ms-pedidos] [           main] o.s.b.f.s.DefaultListableBeanFactory     : Creating shared instance of singleton bean 'org.springframework.data.web.config.ProjectingArgumentResolverRegistrar'
2024-12-15T14:03:59.412-03:00 DEBUG 25938 --- [tienda-ms-pedidos] [           main] o.s.b.f.s.DefaultListableBeanFactory     : Creating shared instance of singleton bean 'pagedResourcesAssembler'
2024-12-15T14:03:59.414-03:00 DEBUG 25938 --- [tienda-ms-pedidos] [           main] o.s.b.f.s.DefaultListableBeanFactory     : Creating shared instance of singleton bean 'slicedResourcesAssembler'
2024-12-15T14:03:59.415-03:00 DEBUG 25938 --- [tienda-ms-pedidos] [           main] o.s.b.f.s.DefaultListableBeanFactory     : Creating shared instance of singleton bean 'offsetResolver'
2024-12-15T14:03:59.416-03:00 DEBUG 25938 --- [tienda-ms-pedidos] [           main] o.s.b.f.s.DefaultListableBeanFactory     : Creating shared instance of singleton bean 'halLinkDisocoverer'
2024-12-15T14:03:59.417-03:00 DEBUG 25938 --- [tienda-ms-pedidos] [           main] o.s.b.f.s.DefaultListableBeanFactory     : Creating shared instance of singleton bean 'org.springframework.hateoas.config.WebTestHateoasConfiguration'
2024-12-15T14:03:59.417-03:00 DEBUG 25938 --- [tienda-ms-pedidos] [           main] o.s.b.f.s.DefaultListableBeanFactory     : Creating shared instance of singleton bean 'defaultRelProvider'
2024-12-15T14:03:59.417-03:00 DEBUG 25938 --- [tienda-ms-pedidos] [           main] o.s.b.f.s.DefaultListableBeanFactory     : Creating shared instance of singleton bean 'annotationRelProvider'
2024-12-15T14:03:59.418-03:00 DEBUG 25938 --- [tienda-ms-pedidos] [           main] o.s.b.f.s.DefaultListableBeanFactory     : Creating shared instance of singleton bean 'linkDiscoverers'
2024-12-15T14:03:59.418-03:00 DEBUG 25938 --- [tienda-ms-pedidos] [           main] o.s.b.f.s.DefaultListableBeanFactory     : Creating shared instance of singleton bean 'linkDiscovererRegistry'
2024-12-15T14:03:59.419-03:00 DEBUG 25938 --- [tienda-ms-pedidos] [           main] o.s.b.f.s.DefaultListableBeanFactory     : Autowiring by type from bean name 'linkDiscoverers' via factory method to bean named 'linkDiscovererRegistry'
2024-12-15T14:03:59.419-03:00 DEBUG 25938 --- [tienda-ms-pedidos] [           main] o.s.b.f.s.DefaultListableBeanFactory     : Creating shared instance of singleton bean 'org.springframework.hateoas.config.WebMvcEntityLinksConfiguration'
2024-12-15T14:03:59.419-03:00 DEBUG 25938 --- [tienda-ms-pedidos] [           main] o.s.b.f.s.DefaultListableBeanFactory     : Creating shared instance of singleton bean 'webMvcEntityLinks'
2024-12-15T14:03:59.420-03:00 DEBUG 25938 --- [tienda-ms-pedidos] [           main] o.s.b.f.s.DefaultListableBeanFactory     : Creating shared instance of singleton bean 'webMvcLinkBuilderFactory'
2024-12-15T14:03:59.423-03:00 DEBUG 25938 --- [tienda-ms-pedidos] [           main] o.s.b.f.s.DefaultListableBeanFactory     : Creating shared instance of singleton bean 'entityLinksPluginRegistry'
2024-12-15T14:03:59.423-03:00 DEBUG 25938 --- [tienda-ms-pedidos] [           main] o.s.b.f.s.DefaultListableBeanFactory     : Autowiring by type from bean name 'entityLinksPluginRegistry' via factory method to bean named 'org.springframework.web.context.support.GenericWebApplicationContext@73e8a384'
2024-12-15T14:03:59.423-03:00 DEBUG 25938 --- [tienda-ms-pedidos] [           main] o.s.b.f.s.DefaultListableBeanFactory     : Creating shared instance of singleton bean 'delegatingEntityLinks'
2024-12-15T14:03:59.424-03:00 DEBUG 25938 --- [tienda-ms-pedidos] [           main] o.s.b.f.s.DefaultListableBeanFactory     : Autowiring by type from bean name 'delegatingEntityLinks' via factory method to bean named 'entityLinksPluginRegistry'
2024-12-15T14:03:59.424-03:00 DEBUG 25938 --- [tienda-ms-pedidos] [           main] o.s.b.f.s.DefaultListableBeanFactory     : Creating shared instance of singleton bean 'representationModelProcessorInvoker'
2024-12-15T14:03:59.425-03:00 DEBUG 25938 --- [tienda-ms-pedidos] [           main] o.s.b.f.s.DefaultListableBeanFactory     : Creating shared instance of singleton bean 'org.springframework.hateoas.config.RestTemplateHateoasConfiguration'
2024-12-15T14:03:59.425-03:00 DEBUG 25938 --- [tienda-ms-pedidos] [           main] o.s.b.f.s.DefaultListableBeanFactory     : Creating shared instance of singleton bean 'org.springframework.boot.autoconfigure.hateoas.HypermediaAutoConfiguration$HypermediaConfiguration'
2024-12-15T14:03:59.426-03:00 DEBUG 25938 --- [tienda-ms-pedidos] [           main] o.s.b.f.s.DefaultListableBeanFactory     : Creating shared instance of singleton bean 'spring.hateoas-org.springframework.boot.autoconfigure.hateoas.HateoasProperties'
2024-12-15T14:03:59.426-03:00 DEBUG 25938 --- [tienda-ms-pedidos] [           main] o.s.b.f.s.DefaultListableBeanFactory     : Creating shared instance of singleton bean 'org.springframework.boot.autoconfigure.http.client.HttpClientAutoConfiguration'
2024-12-15T14:03:59.426-03:00 DEBUG 25938 --- [tienda-ms-pedidos] [           main] o.s.b.f.s.DefaultListableBeanFactory     : Creating shared instance of singleton bean 'clientHttpRequestFactoryBuilder'
2024-12-15T14:03:59.426-03:00 DEBUG 25938 --- [tienda-ms-pedidos] [           main] o.s.b.f.s.DefaultListableBeanFactory     : Creating shared instance of singleton bean 'spring.http.client-org.springframework.boot.autoconfigure.http.client.HttpClientProperties'
2024-12-15T14:03:59.427-03:00 DEBUG 25938 --- [tienda-ms-pedidos] [           main] o.s.b.f.s.DefaultListableBeanFactory     : Autowiring by type from bean name 'clientHttpRequestFactoryBuilder' via factory method to bean named 'spring.http.client-org.springframework.boot.autoconfigure.http.client.HttpClientProperties'
2024-12-15T14:03:59.433-03:00 DEBUG 25938 --- [tienda-ms-pedidos] [           main] o.s.b.f.s.DefaultListableBeanFactory     : Creating shared instance of singleton bean 'clientHttpRequestFactorySettings'
2024-12-15T14:03:59.433-03:00 DEBUG 25938 --- [tienda-ms-pedidos] [           main] o.s.b.f.s.DefaultListableBeanFactory     : Autowiring by type from bean name 'clientHttpRequestFactorySettings' via factory method to bean named 'spring.http.client-org.springframework.boot.autoconfigure.http.client.HttpClientProperties'
2024-12-15T14:03:59.434-03:00 DEBUG 25938 --- [tienda-ms-pedidos] [           main] o.s.b.f.s.DefaultListableBeanFactory     : Creating shared instance of singleton bean 'org.springframework.boot.autoconfigure.info.ProjectInfoAutoConfiguration'
2024-12-15T14:03:59.435-03:00 DEBUG 25938 --- [tienda-ms-pedidos] [           main] o.s.b.f.s.DefaultListableBeanFactory     : Creating shared instance of singleton bean 'spring.info-org.springframework.boot.autoconfigure.info.ProjectInfoProperties'
2024-12-15T14:03:59.436-03:00 DEBUG 25938 --- [tienda-ms-pedidos] [           main] o.s.b.f.s.DefaultListableBeanFactory     : Autowiring by type from bean name 'org.springframework.boot.autoconfigure.info.ProjectInfoAutoConfiguration' via constructor to bean named 'spring.info-org.springframework.boot.autoconfigure.info.ProjectInfoProperties'
2024-12-15T14:03:59.436-03:00 DEBUG 25938 --- [tienda-ms-pedidos] [           main] o.s.b.f.s.DefaultListableBeanFactory     : Creating shared instance of singleton bean 'org.springframework.boot.autoconfigure.jdbc.JdbcTemplateConfiguration'
2024-12-15T14:03:59.436-03:00 DEBUG 25938 --- [tienda-ms-pedidos] [           main] o.s.b.f.s.DefaultListableBeanFactory     : Creating shared instance of singleton bean 'jdbcTemplate'
2024-12-15T14:03:59.436-03:00 DEBUG 25938 --- [tienda-ms-pedidos] [           main] o.s.b.f.s.DefaultListableBeanFactory     : Creating shared instance of singleton bean 'spring.jdbc-org.springframework.boot.autoconfigure.jdbc.JdbcProperties'
2024-12-15T14:03:59.436-03:00 DEBUG 25938 --- [tienda-ms-pedidos] [           main] o.s.b.f.s.DefaultListableBeanFactory     : Autowiring by type from bean name 'jdbcTemplate' via factory method to bean named 'dataSource'
2024-12-15T14:03:59.436-03:00 DEBUG 25938 --- [tienda-ms-pedidos] [           main] o.s.b.f.s.DefaultListableBeanFactory     : Autowiring by type from bean name 'jdbcTemplate' via factory method to bean named 'spring.jdbc-org.springframework.boot.autoconfigure.jdbc.JdbcProperties'
2024-12-15T14:03:59.437-03:00 DEBUG 25938 --- [tienda-ms-pedidos] [           main] o.s.b.f.s.DefaultListableBeanFactory     : Creating shared instance of singleton bean 'org.springframework.boot.autoconfigure.jdbc.NamedParameterJdbcTemplateConfiguration'
2024-12-15T14:03:59.437-03:00 DEBUG 25938 --- [tienda-ms-pedidos] [           main] o.s.b.f.s.DefaultListableBeanFactory     : Creating shared instance of singleton bean 'namedParameterJdbcTemplate'
2024-12-15T14:03:59.437-03:00 DEBUG 25938 --- [tienda-ms-pedidos] [           main] o.s.b.f.s.DefaultListableBeanFactory     : Autowiring by type from bean name 'namedParameterJdbcTemplate' via factory method to bean named 'jdbcTemplate'
2024-12-15T14:03:59.437-03:00 DEBUG 25938 --- [tienda-ms-pedidos] [           main] o.s.b.f.s.DefaultListableBeanFactory     : Creating shared instance of singleton bean 'org.springframework.boot.autoconfigure.jdbc.JdbcTemplateAutoConfiguration'
2024-12-15T14:03:59.437-03:00 DEBUG 25938 --- [tienda-ms-pedidos] [           main] o.s.b.f.s.DefaultListableBeanFactory     : Creating shared instance of singleton bean 'org.springframework.boot.autoconfigure.jdbc.JdbcClientAutoConfiguration'
2024-12-15T14:03:59.437-03:00 DEBUG 25938 --- [tienda-ms-pedidos] [           main] o.s.b.f.s.DefaultListableBeanFactory     : Creating shared instance of singleton bean 'jdbcClient'
2024-12-15T14:03:59.438-03:00 DEBUG 25938 --- [tienda-ms-pedidos] [           main] o.s.b.f.s.DefaultListableBeanFactory     : Autowiring by type from bean name 'jdbcClient' via factory method to bean named 'namedParameterJdbcTemplate'
2024-12-15T14:03:59.438-03:00 DEBUG 25938 --- [tienda-ms-pedidos] [           main] o.s.b.f.s.DefaultListableBeanFactory     : Creating shared instance of singleton bean 'org.springframework.boot.autoconfigure.sql.init.SqlInitializationAutoConfiguration'
2024-12-15T14:03:59.438-03:00 DEBUG 25938 --- [tienda-ms-pedidos] [           main] o.s.b.f.s.DefaultListableBeanFactory     : Creating shared instance of singleton bean 'org.springframework.boot.autoconfigure.task.TaskSchedulingConfigurations$ThreadPoolTaskSchedulerBuilderConfiguration'
2024-12-15T14:03:59.438-03:00 DEBUG 25938 --- [tienda-ms-pedidos] [           main] o.s.b.f.s.DefaultListableBeanFactory     : Creating shared instance of singleton bean 'threadPoolTaskSchedulerBuilder'
2024-12-15T14:03:59.438-03:00 DEBUG 25938 --- [tienda-ms-pedidos] [           main] o.s.b.f.s.DefaultListableBeanFactory     : Creating shared instance of singleton bean 'spring.task.scheduling-org.springframework.boot.autoconfigure.task.TaskSchedulingProperties'
2024-12-15T14:03:59.439-03:00 DEBUG 25938 --- [tienda-ms-pedidos] [           main] o.s.b.f.s.DefaultListableBeanFactory     : Autowiring by type from bean name 'threadPoolTaskSchedulerBuilder' via factory method to bean named 'spring.task.scheduling-org.springframework.boot.autoconfigure.task.TaskSchedulingProperties'
2024-12-15T14:03:59.439-03:00 DEBUG 25938 --- [tienda-ms-pedidos] [           main] o.s.b.f.s.DefaultListableBeanFactory     : Creating shared instance of singleton bean 'org.springframework.boot.autoconfigure.task.TaskSchedulingConfigurations$SimpleAsyncTaskSchedulerBuilderConfiguration'
2024-12-15T14:03:59.439-03:00 DEBUG 25938 --- [tienda-ms-pedidos] [           main] o.s.b.f.s.DefaultListableBeanFactory     : Autowiring by type from bean name 'org.springframework.boot.autoconfigure.task.TaskSchedulingConfigurations$SimpleAsyncTaskSchedulerBuilderConfiguration' via constructor to bean named 'spring.task.scheduling-org.springframework.boot.autoconfigure.task.TaskSchedulingProperties'
2024-12-15T14:03:59.439-03:00 DEBUG 25938 --- [tienda-ms-pedidos] [           main] o.s.b.f.s.DefaultListableBeanFactory     : Creating shared instance of singleton bean 'simpleAsyncTaskSchedulerBuilder'
2024-12-15T14:03:59.440-03:00 DEBUG 25938 --- [tienda-ms-pedidos] [           main] o.s.b.f.s.DefaultListableBeanFactory     : Creating shared instance of singleton bean 'org.springframework.boot.autoconfigure.task.TaskSchedulingAutoConfiguration'
2024-12-15T14:03:59.440-03:00 DEBUG 25938 --- [tienda-ms-pedidos] [           main] o.s.b.f.s.DefaultListableBeanFactory     : Creating shared instance of singleton bean 'org.springframework.boot.autoconfigure.jdbc.DataSourceTransactionManagerAutoConfiguration$JdbcTransactionManagerConfiguration'
2024-12-15T14:03:59.441-03:00 DEBUG 25938 --- [tienda-ms-pedidos] [           main] o.s.b.f.s.DefaultListableBeanFactory     : Creating shared instance of singleton bean 'org.springframework.boot.autoconfigure.jdbc.DataSourceTransactionManagerAutoConfiguration'
2024-12-15T14:03:59.441-03:00 DEBUG 25938 --- [tienda-ms-pedidos] [           main] o.s.b.f.s.DefaultListableBeanFactory     : Creating shared instance of singleton bean 'org.springframework.boot.autoconfigure.transaction.TransactionAutoConfiguration$EnableTransactionManagementConfiguration$CglibAutoProxyConfiguration'
2024-12-15T14:03:59.441-03:00 DEBUG 25938 --- [tienda-ms-pedidos] [           main] o.s.b.f.s.DefaultListableBeanFactory     : Creating shared instance of singleton bean 'org.springframework.boot.autoconfigure.transaction.TransactionAutoConfiguration$EnableTransactionManagementConfiguration'
2024-12-15T14:03:59.441-03:00 DEBUG 25938 --- [tienda-ms-pedidos] [           main] o.s.b.f.s.DefaultListableBeanFactory     : Creating shared instance of singleton bean 'org.springframework.boot.autoconfigure.transaction.TransactionAutoConfiguration$TransactionTemplateConfiguration'
2024-12-15T14:03:59.441-03:00 DEBUG 25938 --- [tienda-ms-pedidos] [           main] o.s.b.f.s.DefaultListableBeanFactory     : Creating shared instance of singleton bean 'transactionTemplate'
2024-12-15T14:03:59.441-03:00 DEBUG 25938 --- [tienda-ms-pedidos] [           main] o.s.b.f.s.DefaultListableBeanFactory     : Autowiring by type from bean name 'transactionTemplate' via factory method to bean named 'transactionManager'
2024-12-15T14:03:59.441-03:00 DEBUG 25938 --- [tienda-ms-pedidos] [           main] o.s.b.f.s.DefaultListableBeanFactory     : Creating shared instance of singleton bean 'org.springframework.boot.autoconfigure.transaction.TransactionAutoConfiguration'
2024-12-15T14:03:59.441-03:00 DEBUG 25938 --- [tienda-ms-pedidos] [           main] o.s.b.f.s.DefaultListableBeanFactory     : Creating shared instance of singleton bean 'org.springframework.boot.autoconfigure.web.client.RestClientAutoConfiguration'
2024-12-15T14:03:59.441-03:00 DEBUG 25938 --- [tienda-ms-pedidos] [           main] o.s.b.f.s.DefaultListableBeanFactory     : Creating shared instance of singleton bean 'httpMessageConvertersRestClientCustomizer'
2024-12-15T14:03:59.442-03:00 DEBUG 25938 --- [tienda-ms-pedidos] [           main] o.s.b.f.s.DefaultListableBeanFactory     : Creating shared instance of singleton bean 'restClientSsl'
2024-12-15T14:03:59.442-03:00 DEBUG 25938 --- [tienda-ms-pedidos] [           main] o.s.b.f.s.DefaultListableBeanFactory     : Autowiring by type from bean name 'restClientSsl' via factory method to bean named 'sslBundleRegistry'
2024-12-15T14:03:59.442-03:00 DEBUG 25938 --- [tienda-ms-pedidos] [           main] o.s.b.f.s.DefaultListableBeanFactory     : Creating shared instance of singleton bean 'restClientBuilderConfigurer'
2024-12-15T14:03:59.442-03:00 DEBUG 25938 --- [tienda-ms-pedidos] [           main] o.s.b.f.s.DefaultListableBeanFactory     : Creating shared instance of singleton bean 'org.springframework.boot.autoconfigure.web.client.RestTemplateAutoConfiguration'
2024-12-15T14:03:59.443-03:00 DEBUG 25938 --- [tienda-ms-pedidos] [           main] o.s.b.f.s.DefaultListableBeanFactory     : Creating shared instance of singleton bean 'characterEncodingFilter'
2024-12-15T14:03:59.443-03:00 DEBUG 25938 --- [tienda-ms-pedidos] [           main] o.s.b.f.s.DefaultListableBeanFactory     : Creating shared instance of singleton bean 'multipartResolver'
2024-12-15T14:03:59.446-03:00 DEBUG 25938 --- [tienda-ms-pedidos] [           main] o.s.c.support.DefaultLifecycleProcessor  : Starting beans in phase -2147483647
2024-12-15T14:03:59.446-03:00 DEBUG 25938 --- [tienda-ms-pedidos] [           main] o.s.c.support.DefaultLifecycleProcessor  : Successfully started bean 'springBootLoggingLifecycle'
2024-12-15T14:03:59.446-03:00 DEBUG 25938 --- [tienda-ms-pedidos] [           main] o.s.c.support.DefaultLifecycleProcessor  : Starting beans in phase 1073741823
2024-12-15T14:03:59.449-03:00 DEBUG 25938 --- [tienda-ms-pedidos] [           main] .s.b.a.l.ConditionEvaluationReportLogger : 


============================
CONDITIONS EVALUATION REPORT
============================


Positive matches:
-----------------

   AopAutoConfiguration matched:
      - @ConditionalOnProperty (spring.aop.auto=true) matched (OnPropertyCondition)

   AopAutoConfiguration.AspectJAutoProxyingConfiguration matched:
      - @ConditionalOnClass found required class 'org.aspectj.weaver.Advice' (OnClassCondition)

   AopAutoConfiguration.AspectJAutoProxyingConfiguration.CglibAutoProxyConfiguration matched:
      - @ConditionalOnProperty (spring.aop.proxy-target-class=true) matched (OnPropertyCondition)

   ApplicationAvailabilityAutoConfiguration#applicationAvailability matched:
      - @ConditionalOnMissingBean (types: org.springframework.boot.availability.ApplicationAvailability; SearchStrategy: all) did not find any beans (OnBeanCondition)

   DataSourceAutoConfiguration matched:
      - @ConditionalOnClass found required classes 'javax.sql.DataSource', 'org.springframework.jdbc.datasource.embedded.EmbeddedDatabaseType' (OnClassCondition)
      - @ConditionalOnMissingBean (types: io.r2dbc.spi.ConnectionFactory; SearchStrategy: all) did not find any beans (OnBeanCondition)

   DataSourceAutoConfiguration.PooledDataSourceConfiguration matched:
      - AnyNestedCondition 1 matched 1 did not; NestedCondition on DataSourceAutoConfiguration.PooledDataSourceCondition.PooledDataSourceAvailable PooledDataSource found supported DataSource; NestedCondition on DataSourceAutoConfiguration.PooledDataSourceCondition.ExplicitType @ConditionalOnProperty (spring.datasource.type) did not find property 'type' (DataSourceAutoConfiguration.PooledDataSourceCondition)
      - @ConditionalOnMissingBean (types: javax.sql.DataSource,javax.sql.XADataSource; SearchStrategy: all) did not find any beans (OnBeanCondition)

   DataSourceAutoConfiguration.PooledDataSourceConfiguration#jdbcConnectionDetails matched:
      - @ConditionalOnMissingBean (types: org.springframework.boot.autoconfigure.jdbc.JdbcConnectionDetails; SearchStrategy: all) did not find any beans (OnBeanCondition)

   DataSourceConfiguration.Hikari matched:
      - @ConditionalOnClass found required class 'com.zaxxer.hikari.HikariDataSource' (OnClassCondition)
      - @ConditionalOnProperty (spring.datasource.type=com.zaxxer.hikari.HikariDataSource) matched (OnPropertyCondition)
      - @ConditionalOnMissingBean (types: javax.sql.DataSource; SearchStrategy: all) did not find any beans (OnBeanCondition)

   DataSourceInitializationConfiguration matched:
      - @ConditionalOnClass found required class 'org.springframework.jdbc.datasource.init.DatabasePopulator' (OnClassCondition)
      - @ConditionalOnSingleCandidate (types: javax.sql.DataSource; SearchStrategy: all) found a single bean 'dataSource'; @ConditionalOnMissingBean (types: org.springframework.boot.autoconfigure.sql.init.SqlDataSourceScriptDatabaseInitializer,org.springframework.boot.autoconfigure.sql.init.SqlR2dbcScriptDatabaseInitializer; SearchStrategy: all) did not find any beans (OnBeanCondition)

   DataSourcePoolMetadataProvidersConfiguration.HikariPoolDataSourceMetadataProviderConfiguration matched:
      - @ConditionalOnClass found required class 'com.zaxxer.hikari.HikariDataSource' (OnClassCondition)

   DataSourceTransactionManagerAutoConfiguration matched:
      - @ConditionalOnClass found required classes 'javax.sql.DataSource', 'org.springframework.jdbc.core.JdbcTemplate', 'org.springframework.transaction.TransactionManager' (OnClassCondition)

   DataSourceTransactionManagerAutoConfiguration.JdbcTransactionManagerConfiguration matched:
      - @ConditionalOnSingleCandidate (types: javax.sql.DataSource; SearchStrategy: all) found a single bean 'dataSource' (OnBeanCondition)

   DispatcherServletAutoConfiguration matched:
      - @ConditionalOnClass found required class 'org.springframework.web.servlet.DispatcherServlet' (OnClassCondition)
      - found 'session' scope (OnWebApplicationCondition)

   DispatcherServletAutoConfiguration.DispatcherServletConfiguration matched:
      - @ConditionalOnClass found required class 'jakarta.servlet.ServletRegistration' (OnClassCondition)
      - Default DispatcherServlet did not find dispatcher servlet beans (DispatcherServletAutoConfiguration.DefaultDispatcherServletCondition)

   DispatcherServletAutoConfiguration.DispatcherServletRegistrationConfiguration matched:
      - @ConditionalOnClass found required class 'jakarta.servlet.ServletRegistration' (OnClassCondition)
      - DispatcherServlet Registration did not find servlet registration bean (DispatcherServletAutoConfiguration.DispatcherServletRegistrationCondition)

   DispatcherServletAutoConfiguration.DispatcherServletRegistrationConfiguration#dispatcherServletRegistration matched:
      - @ConditionalOnBean (names: dispatcherServlet types: org.springframework.web.servlet.DispatcherServlet; SearchStrategy: all) found bean 'dispatcherServlet' (OnBeanCondition)

   ErrorMvcAutoConfiguration matched:
      - @ConditionalOnClass found required classes 'jakarta.servlet.Servlet', 'org.springframework.web.servlet.DispatcherServlet' (OnClassCondition)
      - found 'session' scope (OnWebApplicationCondition)

   ErrorMvcAutoConfiguration#basicErrorController matched:
      - @ConditionalOnMissingBean (types: org.springframework.boot.web.servlet.error.ErrorController; SearchStrategy: current) did not find any beans (OnBeanCondition)

   ErrorMvcAutoConfiguration#errorAttributes matched:
      - @ConditionalOnMissingBean (types: org.springframework.boot.web.servlet.error.ErrorAttributes; SearchStrategy: current) did not find any beans (OnBeanCondition)

   ErrorMvcAutoConfiguration.DefaultErrorViewResolverConfiguration#conventionErrorViewResolver matched:
      - @ConditionalOnBean (types: org.springframework.web.servlet.DispatcherServlet; SearchStrategy: all) found bean 'dispatcherServlet'; @ConditionalOnMissingBean (types: org.springframework.boot.autoconfigure.web.servlet.error.ErrorViewResolver; SearchStrategy: all) did not find any beans (OnBeanCondition)

   ErrorMvcAutoConfiguration.WhitelabelErrorViewConfiguration matched:
      - @ConditionalOnProperty (server.error.whitelabel.enabled) matched (OnPropertyCondition)
      - ErrorTemplate Missing did not find error template view (ErrorMvcAutoConfiguration.ErrorTemplateMissingCondition)

   ErrorMvcAutoConfiguration.WhitelabelErrorViewConfiguration#beanNameViewResolver matched:
      - @ConditionalOnMissingBean (types: org.springframework.web.servlet.view.BeanNameViewResolver; SearchStrategy: all) did not find any beans (OnBeanCondition)

   ErrorMvcAutoConfiguration.WhitelabelErrorViewConfiguration#defaultErrorView matched:
      - @ConditionalOnMissingBean (names: error; SearchStrategy: all) did not find any beans (OnBeanCondition)

   GenericCacheConfiguration matched:
      - Cache org.springframework.boot.autoconfigure.cache.GenericCacheConfiguration automatic cache type (CacheCondition)

   HibernateJpaAutoConfiguration matched:
      - @ConditionalOnClass found required classes 'org.springframework.orm.jpa.LocalContainerEntityManagerFactoryBean', 'jakarta.persistence.EntityManager', 'org.hibernate.engine.spi.SessionImplementor' (OnClassCondition)

   HibernateJpaConfiguration matched:
      - @ConditionalOnSingleCandidate (types: javax.sql.DataSource; SearchStrategy: all) found a single bean 'dataSource' (OnBeanCondition)

   HttpClientAutoConfiguration matched:
      - @ConditionalOnClass found required class 'org.springframework.http.client.ClientHttpRequestFactory' (OnClassCondition)
      - NoneNestedConditions 0 matched 1 did not; NestedCondition on NotReactiveWebApplicationCondition.ReactiveWebApplication did not find reactive web application classes (NotReactiveWebApplicationCondition)

   HttpClientAutoConfiguration#clientHttpRequestFactoryBuilder matched:
      - @ConditionalOnMissingBean (types: org.springframework.boot.http.client.ClientHttpRequestFactoryBuilder; SearchStrategy: all) did not find any beans (OnBeanCondition)

   HttpClientAutoConfiguration#clientHttpRequestFactorySettings matched:
      - @ConditionalOnMissingBean (types: org.springframework.boot.http.client.ClientHttpRequestFactorySettings; SearchStrategy: all) did not find any beans (OnBeanCondition)

   HttpEncodingAutoConfiguration matched:
      - @ConditionalOnClass found required class 'org.springframework.web.filter.CharacterEncodingFilter' (OnClassCondition)
      - found 'session' scope (OnWebApplicationCondition)
      - @ConditionalOnProperty (server.servlet.encoding.enabled) matched (OnPropertyCondition)

   HttpEncodingAutoConfiguration#characterEncodingFilter matched:
      - @ConditionalOnMissingBean (types: org.springframework.web.filter.CharacterEncodingFilter; SearchStrategy: all) did not find any beans (OnBeanCondition)

   HttpMessageConvertersAutoConfiguration matched:
      - @ConditionalOnClass found required class 'org.springframework.http.converter.HttpMessageConverter' (OnClassCondition)
      - NoneNestedConditions 0 matched 1 did not; NestedCondition on HttpMessageConvertersAutoConfiguration.NotReactiveWebApplicationCondition.ReactiveWebApplication did not find reactive web application classes (HttpMessageConvertersAutoConfiguration.NotReactiveWebApplicationCondition)

   HttpMessageConvertersAutoConfiguration#messageConverters matched:
      - @ConditionalOnMissingBean (types: org.springframework.boot.autoconfigure.http.HttpMessageConverters; SearchStrategy: all) did not find any beans (OnBeanCondition)

   HttpMessageConvertersAutoConfiguration.StringHttpMessageConverterConfiguration matched:
      - @ConditionalOnClass found required class 'org.springframework.http.converter.StringHttpMessageConverter' (OnClassCondition)

   HttpMessageConvertersAutoConfiguration.StringHttpMessageConverterConfiguration#stringHttpMessageConverter matched:
      - @ConditionalOnMissingBean (types: org.springframework.http.converter.StringHttpMessageConverter; SearchStrategy: all) did not find any beans (OnBeanCondition)

   HypermediaAutoConfiguration matched:
      - @ConditionalOnClass found required classes 'org.springframework.hateoas.EntityModel', 'org.springframework.web.bind.annotation.RequestMapping', 'org.springframework.web.servlet.mvc.method.annotation.RequestMappingHandlerAdapter', 'org.springframework.plugin.core.Plugin' (OnClassCondition)
      - @ConditionalOnWebApplication (required) found 'session' scope (OnWebApplicationCondition)

   HypermediaAutoConfiguration#applicationJsonHalConfiguration matched:
      - @ConditionalOnClass found required class 'com.fasterxml.jackson.databind.ObjectMapper' (OnClassCondition)
      - @ConditionalOnProperty (spring.hateoas.use-hal-as-default-json-media-type) matched (OnPropertyCondition)
      - @ConditionalOnMissingBean (types: org.springframework.hateoas.mediatype.hal.HalConfiguration; SearchStrategy: all) did not find any beans (OnBeanCondition)

   HypermediaAutoConfiguration.HypermediaConfiguration matched:
      - @ConditionalOnClass found required class 'com.fasterxml.jackson.databind.ObjectMapper' (OnClassCondition)
      - @ConditionalOnMissingBean (types: org.springframework.hateoas.client.LinkDiscoverers; SearchStrategy: all) did not find any beans (OnBeanCondition)

   JacksonAutoConfiguration matched:
      - @ConditionalOnClass found required class 'com.fasterxml.jackson.databind.ObjectMapper' (OnClassCondition)

   JacksonAutoConfiguration.Jackson2ObjectMapperBuilderCustomizerConfiguration matched:
      - @ConditionalOnClass found required class 'org.springframework.http.converter.json.Jackson2ObjectMapperBuilder' (OnClassCondition)

   JacksonAutoConfiguration.JacksonObjectMapperBuilderConfiguration matched:
      - @ConditionalOnClass found required class 'org.springframework.http.converter.json.Jackson2ObjectMapperBuilder' (OnClassCondition)

   JacksonAutoConfiguration.JacksonObjectMapperBuilderConfiguration#jacksonObjectMapperBuilder matched:
      - @ConditionalOnMissingBean (types: org.springframework.http.converter.json.Jackson2ObjectMapperBuilder; SearchStrategy: all) did not find any beans (OnBeanCondition)

   JacksonAutoConfiguration.JacksonObjectMapperConfiguration matched:
      - @ConditionalOnClass found required class 'org.springframework.http.converter.json.Jackson2ObjectMapperBuilder' (OnClassCondition)

   JacksonAutoConfiguration.JacksonObjectMapperConfiguration#jacksonObjectMapper matched:
      - @ConditionalOnMissingBean (types: com.fasterxml.jackson.databind.ObjectMapper; SearchStrategy: all) did not find any beans (OnBeanCondition)

   JacksonAutoConfiguration.ParameterNamesModuleConfiguration matched:
      - @ConditionalOnClass found required class 'com.fasterxml.jackson.module.paramnames.ParameterNamesModule' (OnClassCondition)

   JacksonAutoConfiguration.ParameterNamesModuleConfiguration#parameterNamesModule matched:
      - @ConditionalOnMissingBean (types: com.fasterxml.jackson.module.paramnames.ParameterNamesModule; SearchStrategy: all) did not find any beans (OnBeanCondition)

   JacksonHttpMessageConvertersConfiguration.MappingJackson2HttpMessageConverterConfiguration matched:
      - @ConditionalOnClass found required class 'com.fasterxml.jackson.databind.ObjectMapper' (OnClassCondition)
      - @ConditionalOnProperty (spring.mvc.converters.preferred-json-mapper=jackson) matched (OnPropertyCondition)
      - @ConditionalOnBean (types: com.fasterxml.jackson.databind.ObjectMapper; SearchStrategy: all) found bean 'jacksonObjectMapper' (OnBeanCondition)

   JacksonHttpMessageConvertersConfiguration.MappingJackson2HttpMessageConverterConfiguration#mappingJackson2HttpMessageConverter matched:
      - @ConditionalOnMissingBean (types: org.springframework.http.converter.json.MappingJackson2HttpMessageConverter ignored: org.springframework.hateoas.server.mvc.TypeConstrainedMappingJackson2HttpMessageConverter,org.springframework.data.rest.webmvc.alps.AlpsJsonHttpMessageConverter; SearchStrategy: all) did not find any beans (OnBeanCondition)

   JdbcClientAutoConfiguration matched:
      - @ConditionalOnSingleCandidate (types: org.springframework.jdbc.core.namedparam.NamedParameterJdbcTemplate; SearchStrategy: all) found a single bean 'namedParameterJdbcTemplate'; @ConditionalOnMissingBean (types: org.springframework.jdbc.core.simple.JdbcClient; SearchStrategy: all) did not find any beans (OnBeanCondition)

   JdbcTemplateAutoConfiguration matched:
      - @ConditionalOnClass found required classes 'javax.sql.DataSource', 'org.springframework.jdbc.core.JdbcTemplate' (OnClassCondition)
      - @ConditionalOnSingleCandidate (types: javax.sql.DataSource; SearchStrategy: all) found a single bean 'dataSource' (OnBeanCondition)

   JdbcTemplateConfiguration matched:
      - @ConditionalOnMissingBean (types: org.springframework.jdbc.core.JdbcOperations; SearchStrategy: all) did not find any beans (OnBeanCondition)

   JpaBaseConfiguration#entityManagerFactory matched:
      - @ConditionalOnMissingBean (types: org.springframework.orm.jpa.LocalContainerEntityManagerFactoryBean,jakarta.persistence.EntityManagerFactory; SearchStrategy: all) did not find any beans (OnBeanCondition)

   JpaBaseConfiguration#entityManagerFactoryBuilder matched:
      - @ConditionalOnMissingBean (types: org.springframework.boot.orm.jpa.EntityManagerFactoryBuilder; SearchStrategy: all) did not find any beans (OnBeanCondition)

   JpaBaseConfiguration#jpaVendorAdapter matched:
      - @ConditionalOnMissingBean (types: org.springframework.orm.jpa.JpaVendorAdapter; SearchStrategy: all) did not find any beans (OnBeanCondition)

   JpaBaseConfiguration#transactionManager matched:
      - @ConditionalOnMissingBean (types: org.springframework.transaction.TransactionManager; SearchStrategy: all) did not find any beans (OnBeanCondition)

   JpaBaseConfiguration.JpaWebConfiguration matched:
      - @ConditionalOnClass found required class 'org.springframework.web.servlet.config.annotation.WebMvcConfigurer' (OnClassCondition)
      - found 'session' scope (OnWebApplicationCondition)
      - @ConditionalOnProperty (spring.jpa.open-in-view=true) matched (OnPropertyCondition)
      - @ConditionalOnMissingBean (types: org.springframework.orm.jpa.support.OpenEntityManagerInViewInterceptor,org.springframework.orm.jpa.support.OpenEntityManagerInViewFilter; SearchStrategy: all) did not find any beans (OnBeanCondition)

   JpaBaseConfiguration.PersistenceManagedTypesConfiguration matched:
      - @ConditionalOnMissingBean (types: org.springframework.orm.jpa.LocalContainerEntityManagerFactoryBean,jakarta.persistence.EntityManagerFactory; SearchStrategy: all) did not find any beans (OnBeanCondition)

   JpaBaseConfiguration.PersistenceManagedTypesConfiguration#persistenceManagedTypes matched:
      - @ConditionalOnMissingBean (types: org.springframework.orm.jpa.persistenceunit.PersistenceManagedTypes; SearchStrategy: all) did not find any beans (OnBeanCondition)

   JpaRepositoriesAutoConfiguration matched:
      - @ConditionalOnClass found required class 'org.springframework.data.jpa.repository.JpaRepository' (OnClassCondition)
      - @ConditionalOnProperty (spring.data.jpa.repositories.enabled=true) matched (OnPropertyCondition)
      - @ConditionalOnBean (types: javax.sql.DataSource; SearchStrategy: all) found bean 'dataSource'; @ConditionalOnMissingBean (types: org.springframework.data.jpa.repository.support.JpaRepositoryFactoryBean,org.springframework.data.jpa.repository.config.JpaRepositoryConfigExtension; SearchStrategy: all) did not find any beans (OnBeanCondition)

   JtaAutoConfiguration matched:
      - @ConditionalOnClass found required class 'jakarta.transaction.Transaction' (OnClassCondition)
      - @ConditionalOnProperty (spring.jta.enabled) matched (OnPropertyCondition)

   LifecycleAutoConfiguration#defaultLifecycleProcessor matched:
      - @ConditionalOnMissingBean (names: lifecycleProcessor; SearchStrategy: current) did not find any beans (OnBeanCondition)

   MultipartAutoConfiguration matched:
      - @ConditionalOnClass found required classes 'jakarta.servlet.Servlet', 'org.springframework.web.multipart.support.StandardServletMultipartResolver', 'jakarta.servlet.MultipartConfigElement' (OnClassCondition)
      - found 'session' scope (OnWebApplicationCondition)
      - @ConditionalOnProperty (spring.servlet.multipart.enabled) matched (OnPropertyCondition)

   MultipartAutoConfiguration#multipartConfigElement matched:
      - @ConditionalOnMissingBean (types: jakarta.servlet.MultipartConfigElement; SearchStrategy: all) did not find any beans (OnBeanCondition)

   MultipartAutoConfiguration#multipartResolver matched:
      - @ConditionalOnMissingBean (types: org.springframework.web.multipart.MultipartResolver; SearchStrategy: all) did not find any beans (OnBeanCondition)

   NamedParameterJdbcTemplateConfiguration matched:
      - @ConditionalOnSingleCandidate (types: org.springframework.jdbc.core.JdbcTemplate; SearchStrategy: all) found a single bean 'jdbcTemplate'; @ConditionalOnMissingBean (types: org.springframework.jdbc.core.namedparam.NamedParameterJdbcOperations; SearchStrategy: all) did not find any beans (OnBeanCondition)

   NoOpCacheConfiguration matched:
      - Cache org.springframework.boot.autoconfigure.cache.NoOpCacheConfiguration automatic cache type (CacheCondition)

   PersistenceExceptionTranslationAutoConfiguration matched:
      - @ConditionalOnClass found required class 'org.springframework.dao.annotation.PersistenceExceptionTranslationPostProcessor' (OnClassCondition)

   PersistenceExceptionTranslationAutoConfiguration#persistenceExceptionTranslationPostProcessor matched:
      - @ConditionalOnProperty (spring.dao.exceptiontranslation.enabled) matched (OnPropertyCondition)
      - @ConditionalOnMissingBean (types: org.springframework.dao.annotation.PersistenceExceptionTranslationPostProcessor; SearchStrategy: all) did not find any beans (OnBeanCondition)

   PropertyPlaceholderAutoConfiguration#propertySourcesPlaceholderConfigurer matched:
      - @ConditionalOnMissingBean (types: org.springframework.context.support.PropertySourcesPlaceholderConfigurer; SearchStrategy: current) did not find any beans (OnBeanCondition)

   RestClientAutoConfiguration matched:
      - @ConditionalOnClass found required class 'org.springframework.web.client.RestClient' (OnClassCondition)
      - NoneNestedConditions 0 matched 1 did not; NestedCondition on NotReactiveWebApplicationCondition.ReactiveWebApplication did not find reactive web application classes (NotReactiveWebApplicationCondition)

   RestClientAutoConfiguration#httpMessageConvertersRestClientCustomizer matched:
      - @ConditionalOnMissingBean (types: org.springframework.boot.autoconfigure.web.client.HttpMessageConvertersRestClientCustomizer; SearchStrategy: all) did not find any beans (OnBeanCondition)

   RestClientAutoConfiguration#restClientBuilder matched:
      - @ConditionalOnMissingBean (types: org.springframework.web.client.RestClient$Builder; SearchStrategy: all) did not find any beans (OnBeanCondition)

   RestClientAutoConfiguration#restClientBuilderConfigurer matched:
      - @ConditionalOnMissingBean (types: org.springframework.boot.autoconfigure.web.client.RestClientBuilderConfigurer; SearchStrategy: all) did not find any beans (OnBeanCondition)

   RestClientAutoConfiguration#restClientSsl matched:
      - @ConditionalOnBean (types: org.springframework.boot.ssl.SslBundles; SearchStrategy: all) found bean 'sslBundleRegistry'; @ConditionalOnMissingBean (types: org.springframework.boot.autoconfigure.web.client.RestClientSsl; SearchStrategy: all) did not find any beans (OnBeanCondition)

   RestTemplateAutoConfiguration matched:
      - @ConditionalOnClass found required class 'org.springframework.web.client.RestTemplate' (OnClassCondition)
      - NoneNestedConditions 0 matched 1 did not; NestedCondition on NotReactiveWebApplicationCondition.ReactiveWebApplication did not find reactive web application classes (NotReactiveWebApplicationCondition)

   RestTemplateAutoConfiguration#restTemplateBuilder matched:
      - @ConditionalOnMissingBean (types: org.springframework.boot.web.client.RestTemplateBuilder; SearchStrategy: all) did not find any beans (OnBeanCondition)

   ServletWebServerFactoryAutoConfiguration matched:
      - @ConditionalOnClass found required class 'jakarta.servlet.ServletRequest' (OnClassCondition)
      - found 'session' scope (OnWebApplicationCondition)

   ServletWebServerFactoryAutoConfiguration#tomcatServletWebServerFactoryCustomizer matched:
      - @ConditionalOnClass found required class 'org.apache.catalina.startup.Tomcat' (OnClassCondition)

   ServletWebServerFactoryConfiguration.EmbeddedTomcat matched:
      - @ConditionalOnClass found required classes 'jakarta.servlet.Servlet', 'org.apache.catalina.startup.Tomcat', 'org.apache.coyote.UpgradeProtocol' (OnClassCondition)
      - @ConditionalOnMissingBean (types: org.springframework.boot.web.servlet.server.ServletWebServerFactory; SearchStrategy: current) did not find any beans (OnBeanCondition)

   SimpleCacheConfiguration matched:
      - Cache org.springframework.boot.autoconfigure.cache.SimpleCacheConfiguration automatic cache type (CacheCondition)

   SpringDataWebAutoConfiguration matched:
      - @ConditionalOnClass found required classes 'org.springframework.data.web.PageableHandlerMethodArgumentResolver', 'org.springframework.web.servlet.config.annotation.WebMvcConfigurer' (OnClassCondition)
      - found 'session' scope (OnWebApplicationCondition)
      - @ConditionalOnMissingBean (types: org.springframework.data.web.PageableHandlerMethodArgumentResolver; SearchStrategy: all) did not find any beans (OnBeanCondition)

   SpringDataWebAutoConfiguration#pageableCustomizer matched:
      - @ConditionalOnMissingBean (types: org.springframework.data.web.config.PageableHandlerMethodArgumentResolverCustomizer; SearchStrategy: all) did not find any beans (OnBeanCondition)

   SpringDataWebAutoConfiguration#sortCustomizer matched:
      - @ConditionalOnMissingBean (types: org.springframework.data.web.config.SortHandlerMethodArgumentResolverCustomizer; SearchStrategy: all) did not find any beans (OnBeanCondition)

   SpringDataWebAutoConfiguration#springDataWebSettings matched:
      - @ConditionalOnMissingBean (types: org.springframework.data.web.config.SpringDataWebSettings; SearchStrategy: all) did not find any beans (OnBeanCondition)

   SqlInitializationAutoConfiguration matched:
      - @ConditionalOnProperty (spring.sql.init.enabled) matched (OnPropertyCondition)
      - NoneNestedConditions 0 matched 1 did not; NestedCondition on SqlInitializationAutoConfiguration.SqlInitializationModeCondition.ModeIsNever @ConditionalOnProperty (spring.sql.init.mode=never) did not find property 'mode' (SqlInitializationAutoConfiguration.SqlInitializationModeCondition)

   SslAutoConfiguration#sslBundleRegistry matched:
      - @ConditionalOnMissingBean (types: org.springframework.boot.ssl.SslBundleRegistry,org.springframework.boot.ssl.SslBundles; SearchStrategy: all) did not find any beans (OnBeanCondition)

   TaskExecutionAutoConfiguration matched:
      - @ConditionalOnClass found required class 'org.springframework.scheduling.concurrent.ThreadPoolTaskExecutor' (OnClassCondition)

   TaskExecutorConfigurations.SimpleAsyncTaskExecutorBuilderConfiguration#simpleAsyncTaskExecutorBuilder matched:
      - @ConditionalOnMissingBean (types: org.springframework.boot.task.SimpleAsyncTaskExecutorBuilder; SearchStrategy: all) did not find any beans (OnBeanCondition)
      - @ConditionalOnThreading found PLATFORM (OnThreadingCondition)

   TaskExecutorConfigurations.TaskExecutorConfiguration matched:
      - @ConditionalOnMissingBean (types: java.util.concurrent.Executor; SearchStrategy: all) did not find any beans (OnBeanCondition)

   TaskExecutorConfigurations.TaskExecutorConfiguration#applicationTaskExecutor matched:
      - @ConditionalOnThreading found PLATFORM (OnThreadingCondition)

   TaskExecutorConfigurations.ThreadPoolTaskExecutorBuilderConfiguration#threadPoolTaskExecutorBuilder matched:
      - @ConditionalOnMissingBean (types: org.springframework.boot.task.ThreadPoolTaskExecutorBuilder; SearchStrategy: all) did not find any beans (OnBeanCondition)

   TaskSchedulingAutoConfiguration matched:
      - @ConditionalOnClass found required class 'org.springframework.scheduling.concurrent.ThreadPoolTaskScheduler' (OnClassCondition)

   TaskSchedulingConfigurations.SimpleAsyncTaskSchedulerBuilderConfiguration#simpleAsyncTaskSchedulerBuilder matched:
      - @ConditionalOnMissingBean (types: org.springframework.boot.task.SimpleAsyncTaskSchedulerBuilder; SearchStrategy: all) did not find any beans (OnBeanCondition)
      - @ConditionalOnThreading found PLATFORM (OnThreadingCondition)

   TaskSchedulingConfigurations.ThreadPoolTaskSchedulerBuilderConfiguration#threadPoolTaskSchedulerBuilder matched:
      - @ConditionalOnMissingBean (types: org.springframework.boot.task.ThreadPoolTaskSchedulerBuilder; SearchStrategy: all) did not find any beans (OnBeanCondition)

   TransactionAutoConfiguration matched:
      - @ConditionalOnClass found required class 'org.springframework.transaction.PlatformTransactionManager' (OnClassCondition)

   TransactionAutoConfiguration.EnableTransactionManagementConfiguration matched:
      - @ConditionalOnBean (types: org.springframework.transaction.TransactionManager; SearchStrategy: all) found bean 'transactionManager'; @ConditionalOnMissingBean (types: org.springframework.transaction.annotation.AbstractTransactionManagementConfiguration; SearchStrategy: all) did not find any beans (OnBeanCondition)

   TransactionAutoConfiguration.EnableTransactionManagementConfiguration.CglibAutoProxyConfiguration matched:
      - @ConditionalOnProperty (spring.aop.proxy-target-class=true) matched (OnPropertyCondition)

   TransactionAutoConfiguration.TransactionTemplateConfiguration matched:
      - @ConditionalOnSingleCandidate (types: org.springframework.transaction.PlatformTransactionManager; SearchStrategy: all) found a single bean 'transactionManager' (OnBeanCondition)

   TransactionAutoConfiguration.TransactionTemplateConfiguration#transactionTemplate matched:
      - @ConditionalOnMissingBean (types: org.springframework.transaction.support.TransactionOperations; SearchStrategy: all) did not find any beans (OnBeanCondition)

   TransactionManagerCustomizationAutoConfiguration matched:
      - @ConditionalOnClass found required class 'org.springframework.transaction.PlatformTransactionManager' (OnClassCondition)

   TransactionManagerCustomizationAutoConfiguration#platformTransactionManagerCustomizers matched:
      - @ConditionalOnMissingBean (types: org.springframework.boot.autoconfigure.transaction.TransactionManagerCustomizers; SearchStrategy: all) did not find any beans (OnBeanCondition)

   ValidationAutoConfiguration matched:
      - @ConditionalOnClass found required class 'jakarta.validation.executable.ExecutableValidator' (OnClassCondition)
      - @ConditionalOnResource found location classpath:META-INF/services/jakarta.validation.spi.ValidationProvider (OnResourceCondition)

   ValidationAutoConfiguration#defaultValidator matched:
      - @ConditionalOnMissingBean (types: jakarta.validation.Validator; SearchStrategy: all) did not find any beans (OnBeanCondition)

   ValidationAutoConfiguration#methodValidationPostProcessor matched:
      - @ConditionalOnMissingBean (types: org.springframework.validation.beanvalidation.MethodValidationPostProcessor; SearchStrategy: current) did not find any beans (OnBeanCondition)

   WebMvcAutoConfiguration matched:
      - @ConditionalOnClass found required classes 'jakarta.servlet.Servlet', 'org.springframework.web.servlet.DispatcherServlet', 'org.springframework.web.servlet.config.annotation.WebMvcConfigurer' (OnClassCondition)
      - found 'session' scope (OnWebApplicationCondition)
      - @ConditionalOnMissingBean (types: org.springframework.web.servlet.config.annotation.WebMvcConfigurationSupport; SearchStrategy: all) did not find any beans (OnBeanCondition)

   WebMvcAutoConfiguration#formContentFilter matched:
      - @ConditionalOnProperty (spring.mvc.formcontent.filter.enabled) matched (OnPropertyCondition)
      - @ConditionalOnMissingBean (types: org.springframework.web.filter.FormContentFilter; SearchStrategy: all) did not find any beans (OnBeanCondition)

   WebMvcAutoConfiguration.EnableWebMvcConfiguration#flashMapManager matched:
      - @ConditionalOnMissingBean (names: flashMapManager; SearchStrategy: all) did not find any beans (OnBeanCondition)

   WebMvcAutoConfiguration.EnableWebMvcConfiguration#localeResolver matched:
      - @ConditionalOnMissingBean (names: localeResolver; SearchStrategy: all) did not find any beans (OnBeanCondition)

   WebMvcAutoConfiguration.EnableWebMvcConfiguration#themeResolver matched:
      - @ConditionalOnMissingBean (names: themeResolver; SearchStrategy: all) did not find any beans (OnBeanCondition)

   WebMvcAutoConfiguration.EnableWebMvcConfiguration#viewNameTranslator matched:
      - @ConditionalOnMissingBean (names: viewNameTranslator; SearchStrategy: all) did not find any beans (OnBeanCondition)

   WebMvcAutoConfiguration.WebMvcAutoConfigurationAdapter#defaultViewResolver matched:
      - @ConditionalOnMissingBean (types: org.springframework.web.servlet.view.InternalResourceViewResolver; SearchStrategy: all) did not find any beans (OnBeanCondition)

   WebMvcAutoConfiguration.WebMvcAutoConfigurationAdapter#requestContextFilter matched:
      - @ConditionalOnMissingBean (types: org.springframework.web.context.request.RequestContextListener,org.springframework.web.filter.RequestContextFilter; SearchStrategy: all) did not find any beans (OnBeanCondition)

   WebMvcAutoConfiguration.WebMvcAutoConfigurationAdapter#viewResolver matched:
      - @ConditionalOnBean (types: org.springframework.web.servlet.ViewResolver; SearchStrategy: all) found beans 'defaultViewResolver', 'beanNameViewResolver', 'mvcViewResolver'; @ConditionalOnMissingBean (names: viewResolver types: org.springframework.web.servlet.view.ContentNegotiatingViewResolver; SearchStrategy: all) did not find any beans (OnBeanCondition)

   WebSocketServletAutoConfiguration matched:
      - @ConditionalOnClass found required classes 'jakarta.servlet.Servlet', 'jakarta.websocket.server.ServerContainer' (OnClassCondition)
      - found 'session' scope (OnWebApplicationCondition)

   WebSocketServletAutoConfiguration.TomcatWebSocketConfiguration matched:
      - @ConditionalOnClass found required classes 'org.apache.catalina.startup.Tomcat', 'org.apache.tomcat.websocket.server.WsSci' (OnClassCondition)

   WebSocketServletAutoConfiguration.TomcatWebSocketConfiguration#websocketServletWebServerCustomizer matched:
      - @ConditionalOnMissingBean (names: websocketServletWebServerCustomizer; SearchStrategy: all) did not find any beans (OnBeanCondition)


Negative matches:
-----------------

   ActiveMQAutoConfiguration:
      Did not match:
         - @ConditionalOnClass did not find required class 'jakarta.jms.ConnectionFactory' (OnClassCondition)

   AopAutoConfiguration.AspectJAutoProxyingConfiguration.JdkDynamicAutoProxyConfiguration:
      Did not match:
         - @ConditionalOnProperty (spring.aop.proxy-target-class=false) did not find property 'proxy-target-class' (OnPropertyCondition)

   AopAutoConfiguration.ClassProxyingConfiguration:
      Did not match:
         - @ConditionalOnMissingClass found unwanted class 'org.aspectj.weaver.Advice' (OnClassCondition)

   ArtemisAutoConfiguration:
      Did not match:
         - @ConditionalOnClass did not find required class 'jakarta.jms.ConnectionFactory' (OnClassCondition)

   BatchAutoConfiguration:
      Did not match:
         - @ConditionalOnClass did not find required class 'org.springframework.batch.core.launch.JobLauncher' (OnClassCondition)

   Cache2kCacheConfiguration:
      Did not match:
         - @ConditionalOnClass did not find required class 'org.cache2k.Cache2kBuilder' (OnClassCondition)

   CacheAutoConfiguration:
      Did not match:
         - @ConditionalOnBean (types: org.springframework.cache.interceptor.CacheAspectSupport; SearchStrategy: all) did not find any beans of type org.springframework.cache.interceptor.CacheAspectSupport (OnBeanCondition)
      Matched:
         - @ConditionalOnClass found required class 'org.springframework.cache.CacheManager' (OnClassCondition)

   CacheAutoConfiguration.CacheManagerEntityManagerFactoryDependsOnPostProcessor:
      Did not match:
         - Ancestor org.springframework.boot.autoconfigure.cache.CacheAutoConfiguration did not match (ConditionEvaluationReport.AncestorsMatchedCondition)
      Matched:
         - @ConditionalOnClass found required class 'org.springframework.orm.jpa.LocalContainerEntityManagerFactoryBean' (OnClassCondition)

   CaffeineCacheConfiguration:
      Did not match:
         - @ConditionalOnClass did not find required class 'com.github.benmanes.caffeine.cache.Caffeine' (OnClassCondition)

   CassandraAutoConfiguration:
      Did not match:
         - @ConditionalOnClass did not find required class 'com.datastax.oss.driver.api.core.CqlSession' (OnClassCondition)

   CassandraDataAutoConfiguration:
      Did not match:
         - @ConditionalOnClass did not find required class 'com.datastax.oss.driver.api.core.CqlSession' (OnClassCondition)

   CassandraReactiveDataAutoConfiguration:
      Did not match:
         - @ConditionalOnClass did not find required class 'com.datastax.oss.driver.api.core.CqlSession' (OnClassCondition)

   CassandraReactiveRepositoriesAutoConfiguration:
      Did not match:
         - @ConditionalOnClass did not find required class 'org.springframework.data.cassandra.ReactiveSession' (OnClassCondition)

   CassandraRepositoriesAutoConfiguration:
      Did not match:
         - @ConditionalOnClass did not find required class 'com.datastax.oss.driver.api.core.CqlSession' (OnClassCondition)

   ClientHttpConnectorAutoConfiguration:
      Did not match:
         - @ConditionalOnClass did not find required class 'org.springframework.web.reactive.function.client.WebClient' (OnClassCondition)

   CodecsAutoConfiguration:
      Did not match:
         - @ConditionalOnClass did not find required class 'org.springframework.web.reactive.function.client.WebClient' (OnClassCondition)

   CouchbaseAutoConfiguration:
      Did not match:
         - @ConditionalOnClass did not find required class 'com.couchbase.client.java.Cluster' (OnClassCondition)

   CouchbaseCacheConfiguration:
      Did not match:
         - @ConditionalOnClass did not find required class 'com.couchbase.client.java.Cluster' (OnClassCondition)

   CouchbaseDataAutoConfiguration:
      Did not match:
         - @ConditionalOnClass did not find required class 'com.couchbase.client.java.Bucket' (OnClassCondition)

   CouchbaseReactiveDataAutoConfiguration:
      Did not match:
         - @ConditionalOnClass did not find required class 'com.couchbase.client.java.Cluster' (OnClassCondition)

   CouchbaseReactiveRepositoriesAutoConfiguration:
      Did not match:
         - @ConditionalOnClass did not find required class 'com.couchbase.client.java.Cluster' (OnClassCondition)

   CouchbaseRepositoriesAutoConfiguration:
      Did not match:
         - @ConditionalOnClass did not find required class 'com.couchbase.client.java.Bucket' (OnClassCondition)

   DataSourceAutoConfiguration.EmbeddedDatabaseConfiguration:
      Did not match:
         - EmbeddedDataSource spring.datasource.url is set (DataSourceAutoConfiguration.EmbeddedDatabaseCondition)

   DataSourceCheckpointRestoreConfiguration:
      Did not match:
         - @ConditionalOnClass did not find required class 'org.crac.Resource' (OnClassCondition)

   DataSourceConfiguration.Dbcp2:
      Did not match:
         - @ConditionalOnClass did not find required class 'org.apache.commons.dbcp2.BasicDataSource' (OnClassCondition)

   DataSourceConfiguration.Generic:
      Did not match:
         - @ConditionalOnProperty (spring.datasource.type) did not find property 'spring.datasource.type' (OnPropertyCondition)

   DataSourceConfiguration.OracleUcp:
      Did not match:
         - @ConditionalOnClass did not find required class 'oracle.ucp.jdbc.PoolDataSourceImpl' (OnClassCondition)

   DataSourceConfiguration.Tomcat:
      Did not match:
         - @ConditionalOnClass did not find required class 'org.apache.tomcat.jdbc.pool.DataSource' (OnClassCondition)

   DataSourceJmxConfiguration:
      Did not match:
         - @ConditionalOnProperty (spring.jmx.enabled=true) found different value in property 'enabled' (OnPropertyCondition)

   DataSourcePoolMetadataProvidersConfiguration.CommonsDbcp2PoolDataSourceMetadataProviderConfiguration:
      Did not match:
         - @ConditionalOnClass did not find required class 'org.apache.commons.dbcp2.BasicDataSource' (OnClassCondition)

   DataSourcePoolMetadataProvidersConfiguration.OracleUcpPoolDataSourceMetadataProviderConfiguration:
      Did not match:
         - @ConditionalOnClass did not find required class 'oracle.ucp.jdbc.PoolDataSource' (OnClassCondition)

   DataSourcePoolMetadataProvidersConfiguration.TomcatDataSourcePoolMetadataProviderConfiguration:
      Did not match:
         - @ConditionalOnClass did not find required class 'org.apache.tomcat.jdbc.pool.DataSource' (OnClassCondition)

   DataSourceTransactionManagerAutoConfiguration.JdbcTransactionManagerConfiguration#transactionManager:
      Did not match:
         - @ConditionalOnMissingBean (types: org.springframework.transaction.TransactionManager; SearchStrategy: all) found beans of type 'org.springframework.transaction.TransactionManager' transactionManager (OnBeanCondition)

   DevToolsDataSourceAutoConfiguration:
      Did not match:
         - Devtools devtools is disabled for current context. (OnEnabledDevToolsCondition)
      Matched:
         - @ConditionalOnClass found required class 'javax.sql.DataSource' (OnClassCondition)

   DevToolsR2dbcAutoConfiguration:
      Did not match:
         - @ConditionalOnClass did not find required class 'io.r2dbc.spi.ConnectionFactory' (OnClassCondition)

   DispatcherServletAutoConfiguration.DispatcherServletConfiguration#multipartResolver:
      Did not match:
         - @ConditionalOnBean (types: org.springframework.web.multipart.MultipartResolver; SearchStrategy: all) did not find any beans of type org.springframework.web.multipart.MultipartResolver (OnBeanCondition)

   ElasticsearchClientAutoConfiguration:
      Did not match:
         - @ConditionalOnClass did not find required class 'co.elastic.clients.elasticsearch.ElasticsearchClient' (OnClassCondition)

   ElasticsearchDataAutoConfiguration:
      Did not match:
         - @ConditionalOnClass did not find required class 'org.springframework.data.elasticsearch.client.elc.ElasticsearchTemplate' (OnClassCondition)

   ElasticsearchRepositoriesAutoConfiguration:
      Did not match:
         - @ConditionalOnClass did not find required class 'org.springframework.data.elasticsearch.repository.ElasticsearchRepository' (OnClassCondition)

   ElasticsearchRestClientAutoConfiguration:
      Did not match:
         - @ConditionalOnClass did not find required class 'org.elasticsearch.client.RestClientBuilder' (OnClassCondition)

   EmbeddedLdapAutoConfiguration:
      Did not match:
         - @ConditionalOnClass did not find required class 'com.unboundid.ldap.listener.InMemoryDirectoryServer' (OnClassCondition)

   EmbeddedWebServerFactoryCustomizerAutoConfiguration:
      Did not match:
         - Application is deployed as a WAR file. (OnWarDeploymentCondition)
      Matched:
         - @ConditionalOnWebApplication (required) found 'session' scope (OnWebApplicationCondition)

   ErrorWebFluxAutoConfiguration:
      Did not match:
         - @ConditionalOnClass did not find required class 'org.springframework.web.reactive.config.WebFluxConfigurer' (OnClassCondition)

   FlywayAutoConfiguration:
      Did not match:
         - @ConditionalOnClass did not find required class 'org.flywaydb.core.Flyway' (OnClassCondition)

   FreeMarkerAutoConfiguration:
      Did not match:
         - @ConditionalOnClass did not find required class 'freemarker.template.Configuration' (OnClassCondition)

   GraphQlAutoConfiguration:
      Did not match:
         - @ConditionalOnClass did not find required class 'graphql.GraphQL' (OnClassCondition)

   GraphQlQueryByExampleAutoConfiguration:
      Did not match:
         - @ConditionalOnClass did not find required class 'graphql.GraphQL' (OnClassCondition)

   GraphQlQuerydslAutoConfiguration:
      Did not match:
         - @ConditionalOnClass did not find required class 'com.querydsl.core.Query' (OnClassCondition)

   GraphQlRSocketAutoConfiguration:
      Did not match:
         - @ConditionalOnClass did not find required class 'graphql.GraphQL' (OnClassCondition)

   GraphQlReactiveQueryByExampleAutoConfiguration:
      Did not match:
         - @ConditionalOnClass did not find required class 'graphql.GraphQL' (OnClassCondition)

   GraphQlReactiveQuerydslAutoConfiguration:
      Did not match:
         - @ConditionalOnClass did not find required class 'com.querydsl.core.Query' (OnClassCondition)

   GraphQlWebFluxAutoConfiguration:
      Did not match:
         - @ConditionalOnClass did not find required class 'graphql.GraphQL' (OnClassCondition)

   GraphQlWebFluxSecurityAutoConfiguration:
      Did not match:
         - @ConditionalOnClass did not find required class 'graphql.GraphQL' (OnClassCondition)

   GraphQlWebMvcAutoConfiguration:
      Did not match:
         - @ConditionalOnClass did not find required class 'graphql.GraphQL' (OnClassCondition)

   GraphQlWebMvcSecurityAutoConfiguration:
      Did not match:
         - @ConditionalOnClass did not find required class 'graphql.GraphQL' (OnClassCondition)

   GroovyTemplateAutoConfiguration:
      Did not match:
         - @ConditionalOnClass did not find required class 'groovy.text.markup.MarkupTemplateEngine' (OnClassCondition)

   GsonAutoConfiguration:
      Did not match:
         - @ConditionalOnClass did not find required class 'com.google.gson.Gson' (OnClassCondition)

   GsonHttpMessageConvertersConfiguration:
      Did not match:
         - @ConditionalOnClass did not find required class 'com.google.gson.Gson' (OnClassCondition)

   H2ConsoleAutoConfiguration:
      Did not match:
         - @ConditionalOnProperty (spring.h2.console.enabled=true) did not find property 'enabled' (OnPropertyCondition)
      Matched:
         - @ConditionalOnClass found required class 'org.h2.server.web.JakartaWebServlet' (OnClassCondition)
         - found 'session' scope (OnWebApplicationCondition)

   HazelcastAutoConfiguration:
      Did not match:
         - @ConditionalOnClass did not find required class 'com.hazelcast.core.HazelcastInstance' (OnClassCondition)

   HazelcastCacheConfiguration:
      Did not match:
         - @ConditionalOnClass did not find required class 'com.hazelcast.core.HazelcastInstance' (OnClassCondition)

   HazelcastJpaDependencyAutoConfiguration:
      Did not match:
         - @ConditionalOnClass did not find required class 'com.hazelcast.core.HazelcastInstance' (OnClassCondition)

   HttpHandlerAutoConfiguration:
      Did not match:
         - @ConditionalOnClass did not find required class 'org.springframework.web.reactive.DispatcherHandler' (OnClassCondition)

   InfinispanCacheConfiguration:
      Did not match:
         - @ConditionalOnClass did not find required class 'org.infinispan.spring.embedded.provider.SpringEmbeddedCacheManager' (OnClassCondition)

   IntegrationAutoConfiguration:
      Did not match:
         - @ConditionalOnClass did not find required class 'org.springframework.integration.config.EnableIntegration' (OnClassCondition)

   JCacheCacheConfiguration:
      Did not match:
         - @ConditionalOnClass did not find required class 'javax.cache.Caching' (OnClassCondition)

   JacksonHttpMessageConvertersConfiguration.MappingJackson2XmlHttpMessageConverterConfiguration:
      Did not match:
         - @ConditionalOnClass did not find required class 'com.fasterxml.jackson.dataformat.xml.XmlMapper' (OnClassCondition)

   JdbcRepositoriesAutoConfiguration:
      Did not match:
         - @ConditionalOnClass did not find required class 'org.springframework.data.jdbc.repository.config.AbstractJdbcConfiguration' (OnClassCondition)

   JerseyAutoConfiguration:
      Did not match:
         - @ConditionalOnClass did not find required class 'org.glassfish.jersey.server.spring.SpringComponentProvider' (OnClassCondition)

   JmsAutoConfiguration:
      Did not match:
         - @ConditionalOnClass did not find required class 'jakarta.jms.Message' (OnClassCondition)

   JmxAutoConfiguration:
      Did not match:
         - @ConditionalOnProperty (spring.jmx.enabled=true) found different value in property 'enabled' (OnPropertyCondition)
      Matched:
         - @ConditionalOnClass found required class 'org.springframework.jmx.export.MBeanExporter' (OnClassCondition)

   JndiConnectionFactoryAutoConfiguration:
      Did not match:
         - @ConditionalOnClass did not find required class 'org.springframework.jms.core.JmsTemplate' (OnClassCondition)

   JndiDataSourceAutoConfiguration:
      Did not match:
         - @ConditionalOnProperty (spring.datasource.jndi-name) did not find property 'jndi-name' (OnPropertyCondition)
      Matched:
         - @ConditionalOnClass found required classes 'javax.sql.DataSource', 'org.springframework.jdbc.datasource.embedded.EmbeddedDatabaseType' (OnClassCondition)

   JndiJtaConfiguration:
      Did not match:
         - @ConditionalOnJndi JNDI environment is not available (OnJndiCondition)
      Matched:
         - @ConditionalOnClass found required class 'org.springframework.transaction.jta.JtaTransactionManager' (OnClassCondition)

   JooqAutoConfiguration:
      Did not match:
         - @ConditionalOnClass did not find required class 'org.jooq.DSLContext' (OnClassCondition)

   JpaRepositoriesAutoConfiguration#entityManagerFactoryBootstrapExecutorCustomizer:
      Did not match:
         - AnyNestedCondition 0 matched 2 did not; NestedCondition on JpaRepositoriesAutoConfiguration.BootstrapExecutorCondition.LazyBootstrapMode @ConditionalOnProperty (spring.data.jpa.repositories.bootstrap-mode=lazy) did not find property 'bootstrap-mode'; NestedCondition on JpaRepositoriesAutoConfiguration.BootstrapExecutorCondition.DeferredBootstrapMode @ConditionalOnProperty (spring.data.jpa.repositories.bootstrap-mode=deferred) did not find property 'bootstrap-mode' (JpaRepositoriesAutoConfiguration.BootstrapExecutorCondition)

   JsonbAutoConfiguration:
      Did not match:
         - @ConditionalOnClass did not find required class 'jakarta.json.bind.Jsonb' (OnClassCondition)

   JsonbHttpMessageConvertersConfiguration:
      Did not match:
         - @ConditionalOnClass did not find required class 'jakarta.json.bind.Jsonb' (OnClassCondition)

   KafkaAutoConfiguration:
      Did not match:
         - @ConditionalOnClass did not find required class 'org.springframework.kafka.core.KafkaTemplate' (OnClassCondition)

   LdapAutoConfiguration:
      Did not match:
         - @ConditionalOnClass did not find required class 'org.springframework.ldap.core.ContextSource' (OnClassCondition)

   LdapRepositoriesAutoConfiguration:
      Did not match:
         - @ConditionalOnClass did not find required class 'org.springframework.data.ldap.repository.LdapRepository' (OnClassCondition)

   LiquibaseAutoConfiguration:
      Did not match:
         - @ConditionalOnClass did not find required class 'liquibase.change.DatabaseChange' (OnClassCondition)

   LocalDevToolsAutoConfiguration:
      Did not match:
         - Initialized Restarter Condition initialized without URLs (OnInitializedRestarterCondition)

   MailSenderAutoConfiguration:
      Did not match:
         - @ConditionalOnClass did not find required class 'jakarta.mail.internet.MimeMessage' (OnClassCondition)

   MailSenderValidatorAutoConfiguration:
      Did not match:
         - @ConditionalOnSingleCandidate did not find required type 'org.springframework.mail.javamail.JavaMailSenderImpl' (OnBeanCondition)

   MessageSourceAutoConfiguration:
      Did not match:
         - ResourceBundle did not find bundle with basename messages (MessageSourceAutoConfiguration.ResourceBundleCondition)

   MongoAutoConfiguration:
      Did not match:
         - @ConditionalOnClass did not find required class 'com.mongodb.client.MongoClient' (OnClassCondition)

   MongoDataAutoConfiguration:
      Did not match:
         - @ConditionalOnClass did not find required class 'com.mongodb.client.MongoClient' (OnClassCondition)

   MongoReactiveAutoConfiguration:
      Did not match:
         - @ConditionalOnClass did not find required class 'com.mongodb.reactivestreams.client.MongoClient' (OnClassCondition)

   MongoReactiveDataAutoConfiguration:
      Did not match:
         - @ConditionalOnClass did not find required class 'com.mongodb.reactivestreams.client.MongoClient' (OnClassCondition)

   MongoReactiveRepositoriesAutoConfiguration:
      Did not match:
         - @ConditionalOnClass did not find required class 'com.mongodb.reactivestreams.client.MongoClient' (OnClassCondition)

   MongoRepositoriesAutoConfiguration:
      Did not match:
         - @ConditionalOnClass did not find required class 'com.mongodb.client.MongoClient' (OnClassCondition)

   MustacheAutoConfiguration:
      Did not match:
         - @ConditionalOnClass did not find required class 'com.samskivert.mustache.Mustache' (OnClassCondition)

   Neo4jAutoConfiguration:
      Did not match:
         - @ConditionalOnClass did not find required class 'org.neo4j.driver.Driver' (OnClassCondition)

   Neo4jDataAutoConfiguration:
      Did not match:
         - @ConditionalOnClass did not find required class 'org.neo4j.driver.Driver' (OnClassCondition)

   Neo4jReactiveDataAutoConfiguration:
      Did not match:
         - @ConditionalOnClass did not find required class 'org.neo4j.driver.Driver' (OnClassCondition)

   Neo4jReactiveRepositoriesAutoConfiguration:
      Did not match:
         - @ConditionalOnClass did not find required class 'org.neo4j.driver.Driver' (OnClassCondition)

   Neo4jRepositoriesAutoConfiguration:
      Did not match:
         - @ConditionalOnClass did not find required class 'org.neo4j.driver.Driver' (OnClassCondition)

   NettyAutoConfiguration:
      Did not match:
         - @ConditionalOnClass did not find required class 'io.netty.util.NettyRuntime' (OnClassCondition)

   OAuth2AuthorizationServerAutoConfiguration:
      Did not match:
         - @ConditionalOnClass did not find required class 'org.springframework.security.oauth2.server.authorization.OAuth2Authorization' (OnClassCondition)

   OAuth2AuthorizationServerJwtAutoConfiguration:
      Did not match:
         - @ConditionalOnClass did not find required class 'org.springframework.security.oauth2.server.authorization.OAuth2Authorization' (OnClassCondition)

   OAuth2ClientAutoConfiguration:
      Did not match:
         - @ConditionalOnClass did not find required class 'org.springframework.security.config.annotation.web.configuration.EnableWebSecurity' (OnClassCondition)

   OAuth2ResourceServerAutoConfiguration:
      Did not match:
         - @ConditionalOnClass did not find required class 'org.springframework.security.oauth2.server.resource.authentication.BearerTokenAuthenticationToken' (OnClassCondition)

   ProjectInfoAutoConfiguration#buildProperties:
      Did not match:
         - @ConditionalOnResource did not find resource '${spring.info.build.location:classpath:META-INF/build-info.properties}' (OnResourceCondition)

   ProjectInfoAutoConfiguration#gitProperties:
      Did not match:
         - GitResource did not find git info at classpath:git.properties (ProjectInfoAutoConfiguration.GitResourceAvailableCondition)

   PulsarAutoConfiguration:
      Did not match:
         - @ConditionalOnClass did not find required class 'org.apache.pulsar.client.api.PulsarClient' (OnClassCondition)

   PulsarReactiveAutoConfiguration:
      Did not match:
         - @ConditionalOnClass did not find required class 'org.apache.pulsar.client.api.PulsarClient' (OnClassCondition)

   QuartzAutoConfiguration:
      Did not match:
         - @ConditionalOnClass did not find required class 'org.quartz.Scheduler' (OnClassCondition)

   R2dbcAutoConfiguration:
      Did not match:
         - @ConditionalOnClass did not find required class 'io.r2dbc.spi.ConnectionFactory' (OnClassCondition)

   R2dbcDataAutoConfiguration:
      Did not match:
         - @ConditionalOnClass did not find required class 'org.springframework.data.r2dbc.core.R2dbcEntityTemplate' (OnClassCondition)

   R2dbcInitializationConfiguration:
      Did not match:
         - @ConditionalOnClass did not find required classes 'io.r2dbc.spi.ConnectionFactory', 'org.springframework.r2dbc.connection.init.DatabasePopulator' (OnClassCondition)

   R2dbcProxyAutoConfiguration:
      Did not match:
         - @ConditionalOnClass did not find required class 'io.r2dbc.proxy.ProxyConnectionFactory' (OnClassCondition)

   R2dbcRepositoriesAutoConfiguration:
      Did not match:
         - @ConditionalOnClass did not find required class 'io.r2dbc.spi.ConnectionFactory' (OnClassCondition)

   R2dbcTransactionManagerAutoConfiguration:
      Did not match:
         - @ConditionalOnClass did not find required class 'org.springframework.r2dbc.connection.R2dbcTransactionManager' (OnClassCondition)

   RSocketGraphQlClientAutoConfiguration:
      Did not match:
         - @ConditionalOnClass did not find required class 'graphql.GraphQL' (OnClassCondition)

   RSocketMessagingAutoConfiguration:
      Did not match:
         - @ConditionalOnClass did not find required class 'io.rsocket.RSocket' (OnClassCondition)

   RSocketRequesterAutoConfiguration:
      Did not match:
         - @ConditionalOnClass did not find required class 'io.rsocket.RSocket' (OnClassCondition)

   RSocketSecurityAutoConfiguration:
      Did not match:
         - @ConditionalOnClass did not find required class 'org.springframework.security.rsocket.core.SecuritySocketAcceptorInterceptor' (OnClassCondition)

   RSocketServerAutoConfiguration:
      Did not match:
         - @ConditionalOnClass did not find required class 'io.rsocket.core.RSocketServer' (OnClassCondition)

   RSocketStrategiesAutoConfiguration:
      Did not match:
         - @ConditionalOnClass did not find required class 'io.netty.buffer.PooledByteBufAllocator' (OnClassCondition)

   RabbitAutoConfiguration:
      Did not match:
         - @ConditionalOnClass did not find required class 'com.rabbitmq.client.Channel' (OnClassCondition)

   ReactiveElasticsearchClientAutoConfiguration:
      Did not match:
         - @ConditionalOnClass did not find required class 'co.elastic.clients.transport.ElasticsearchTransport' (OnClassCondition)

   ReactiveElasticsearchRepositoriesAutoConfiguration:
      Did not match:
         - @ConditionalOnClass did not find required class 'reactor.core.publisher.Mono' (OnClassCondition)

   ReactiveMultipartAutoConfiguration:
      Did not match:
         - @ConditionalOnClass did not find required class 'org.springframework.web.reactive.config.WebFluxConfigurer' (OnClassCondition)

   ReactiveOAuth2ClientAutoConfiguration:
      Did not match:
         - @ConditionalOnClass did not find required class 'reactor.core.publisher.Flux' (OnClassCondition)

   ReactiveOAuth2ResourceServerAutoConfiguration:
      Did not match:
         - @ConditionalOnClass did not find required class 'org.springframework.security.config.annotation.web.reactive.EnableWebFluxSecurity' (OnClassCondition)

   ReactiveSecurityAutoConfiguration:
      Did not match:
         - @ConditionalOnClass did not find required class 'reactor.core.publisher.Flux' (OnClassCondition)

   ReactiveUserDetailsServiceAutoConfiguration:
      Did not match:
         - @ConditionalOnClass did not find required class 'org.springframework.security.authentication.ReactiveAuthenticationManager' (OnClassCondition)

   ReactiveWebServerFactoryAutoConfiguration:
      Did not match:
         - @ConditionalOnWebApplication did not find reactive web application classes (OnWebApplicationCondition)

   ReactorAutoConfiguration:
      Did not match:
         - @ConditionalOnClass did not find required class 'reactor.core.publisher.Hooks' (OnClassCondition)

   RedisAutoConfiguration:
      Did not match:
         - @ConditionalOnClass did not find required class 'org.springframework.data.redis.core.RedisOperations' (OnClassCondition)

   RedisCacheConfiguration:
      Did not match:
         - @ConditionalOnClass did not find required class 'org.springframework.data.redis.connection.RedisConnectionFactory' (OnClassCondition)

   RedisReactiveAutoConfiguration:
      Did not match:
         - @ConditionalOnClass did not find required class 'reactor.core.publisher.Flux' (OnClassCondition)

   RedisRepositoriesAutoConfiguration:
      Did not match:
         - @ConditionalOnClass did not find required class 'org.springframework.data.redis.repository.configuration.EnableRedisRepositories' (OnClassCondition)

   RemoteDevToolsAutoConfiguration:
      Did not match:
         - @ConditionalOnProperty (spring.devtools.remote.secret) did not find property 'secret' (OnPropertyCondition)
      Matched:
         - @ConditionalOnClass found required classes 'jakarta.servlet.Filter', 'org.springframework.http.server.ServerHttpRequest' (OnClassCondition)

   RepositoryRestMvcAutoConfiguration:
      Did not match:
         - @ConditionalOnClass did not find required class 'org.springframework.data.rest.webmvc.config.RepositoryRestMvcConfiguration' (OnClassCondition)

   Saml2RelyingPartyAutoConfiguration:
      Did not match:
         - @ConditionalOnClass did not find required class 'org.springframework.security.saml2.provider.service.registration.RelyingPartyRegistrationRepository' (OnClassCondition)

   SecurityAutoConfiguration:
      Did not match:
         - @ConditionalOnClass did not find required class 'org.springframework.security.authentication.DefaultAuthenticationEventPublisher' (OnClassCondition)

   SecurityFilterAutoConfiguration:
      Did not match:
         - @ConditionalOnClass did not find required class 'org.springframework.security.config.http.SessionCreationPolicy' (OnClassCondition)

   SendGridAutoConfiguration:
      Did not match:
         - @ConditionalOnClass did not find required class 'com.sendgrid.SendGrid' (OnClassCondition)

   ServletWebServerFactoryAutoConfiguration.ForwardedHeaderFilterConfiguration:
      Did not match:
         - @ConditionalOnProperty (server.forward-headers-strategy=framework) did not find property 'server.forward-headers-strategy' (OnPropertyCondition)

   ServletWebServerFactoryConfiguration.EmbeddedJetty:
      Did not match:
         - @ConditionalOnClass did not find required classes 'org.eclipse.jetty.server.Server', 'org.eclipse.jetty.util.Loader', 'org.eclipse.jetty.ee10.webapp.WebAppContext' (OnClassCondition)

   ServletWebServerFactoryConfiguration.EmbeddedUndertow:
      Did not match:
         - @ConditionalOnClass did not find required classes 'io.undertow.Undertow', 'org.xnio.SslClientAuthMode' (OnClassCondition)

   SessionAutoConfiguration:
      Did not match:
         - @ConditionalOnClass did not find required class 'org.springframework.session.Session' (OnClassCondition)

   SpringApplicationAdminJmxAutoConfiguration:
      Did not match:
         - @ConditionalOnProperty (spring.application.admin.enabled=true) did not find property 'enabled' (OnPropertyCondition)

   TaskExecutorConfigurations.SimpleAsyncTaskExecutorBuilderConfiguration#simpleAsyncTaskExecutorBuilderVirtualThreads:
      Did not match:
         - @ConditionalOnMissingBean (types: org.springframework.boot.task.SimpleAsyncTaskExecutorBuilder; SearchStrategy: all) found beans of type 'org.springframework.boot.task.SimpleAsyncTaskExecutorBuilder' simpleAsyncTaskExecutorBuilder (OnBeanCondition)

   TaskExecutorConfigurations.TaskExecutorConfiguration#applicationTaskExecutorVirtualThreads:
      Did not match:
         - @ConditionalOnThreading did not find VIRTUAL (OnThreadingCondition)

   TaskSchedulingAutoConfiguration#scheduledBeanLazyInitializationExcludeFilter:
      Did not match:
         - @ConditionalOnBean (names: org.springframework.context.annotation.internalScheduledAnnotationProcessor; SearchStrategy: all) did not find any beans named org.springframework.context.annotation.internalScheduledAnnotationProcessor (OnBeanCondition)

   TaskSchedulingConfigurations.SimpleAsyncTaskSchedulerBuilderConfiguration#simpleAsyncTaskSchedulerBuilderVirtualThreads:
      Did not match:
         - @ConditionalOnMissingBean (types: org.springframework.boot.task.SimpleAsyncTaskSchedulerBuilder; SearchStrategy: all) found beans of type 'org.springframework.boot.task.SimpleAsyncTaskSchedulerBuilder' simpleAsyncTaskSchedulerBuilder (OnBeanCondition)

   TaskSchedulingConfigurations.TaskSchedulerConfiguration:
      Did not match:
         - @ConditionalOnBean (names: org.springframework.context.annotation.internalScheduledAnnotationProcessor; SearchStrategy: all) did not find any beans named org.springframework.context.annotation.internalScheduledAnnotationProcessor (OnBeanCondition)

   ThymeleafAutoConfiguration:
      Did not match:
         - @ConditionalOnClass did not find required class 'org.thymeleaf.spring6.SpringTemplateEngine' (OnClassCondition)

   TransactionAutoConfiguration#transactionalOperator:
      Did not match:
         - @ConditionalOnSingleCandidate (types: org.springframework.transaction.ReactiveTransactionManager; SearchStrategy: all) did not find any beans (OnBeanCondition)

   TransactionAutoConfiguration.AspectJTransactionManagementConfiguration:
      Did not match:
         - @ConditionalOnBean (types: org.springframework.transaction.aspectj.AbstractTransactionAspect; SearchStrategy: all) did not find any beans of type org.springframework.transaction.aspectj.AbstractTransactionAspect (OnBeanCondition)

   TransactionAutoConfiguration.EnableTransactionManagementConfiguration.JdkDynamicAutoProxyConfiguration:
      Did not match:
         - @ConditionalOnProperty (spring.aop.proxy-target-class=false) did not find property 'proxy-target-class' (OnPropertyCondition)

   UserDetailsServiceAutoConfiguration:
      Did not match:
         - @ConditionalOnClass did not find required class 'org.springframework.security.authentication.AuthenticationManager' (OnClassCondition)

   WebClientAutoConfiguration:
      Did not match:
         - @ConditionalOnClass did not find required class 'org.springframework.web.reactive.function.client.WebClient' (OnClassCondition)

   WebFluxAutoConfiguration:
      Did not match:
         - @ConditionalOnClass did not find required class 'org.springframework.web.reactive.config.WebFluxConfigurer' (OnClassCondition)

   WebMvcAutoConfiguration#hiddenHttpMethodFilter:
      Did not match:
         - @ConditionalOnProperty (spring.mvc.hiddenmethod.filter.enabled) did not find property 'enabled' (OnPropertyCondition)

   WebMvcAutoConfiguration.ProblemDetailsErrorHandlingConfiguration:
      Did not match:
         - @ConditionalOnProperty (spring.mvc.problemdetails.enabled=true) did not find property 'enabled' (OnPropertyCondition)

   WebMvcAutoConfiguration.ResourceChainCustomizerConfiguration:
      Did not match:
         - @ConditionalOnEnabledResourceChain did not find class org.webjars.WebJarVersionLocator (OnEnabledResourceChainCondition)

   WebMvcAutoConfiguration.WebMvcAutoConfigurationAdapter#beanNameViewResolver:
      Did not match:
         - @ConditionalOnMissingBean (types: org.springframework.web.servlet.view.BeanNameViewResolver; SearchStrategy: all) found beans of type 'org.springframework.web.servlet.view.BeanNameViewResolver' beanNameViewResolver (OnBeanCondition)

   WebServiceTemplateAutoConfiguration:
      Did not match:
         - @ConditionalOnClass did not find required class 'org.springframework.oxm.Marshaller' (OnClassCondition)

   WebServicesAutoConfiguration:
      Did not match:
         - @ConditionalOnClass did not find required class 'org.springframework.ws.transport.http.MessageDispatcherServlet' (OnClassCondition)

   WebSessionIdResolverAutoConfiguration:
      Did not match:
         - @ConditionalOnClass did not find required class 'reactor.core.publisher.Mono' (OnClassCondition)

   WebSocketMessagingAutoConfiguration:
      Did not match:
         - @ConditionalOnClass did not find required class 'org.springframework.web.socket.config.annotation.WebSocketMessageBrokerConfigurer' (OnClassCondition)

   WebSocketReactiveAutoConfiguration:
      Did not match:
         - @ConditionalOnWebApplication did not find reactive web application classes (OnWebApplicationCondition)

   WebSocketServletAutoConfiguration.JettyWebSocketConfiguration:
      Did not match:
         - @ConditionalOnClass did not find required class 'org.eclipse.jetty.ee10.websocket.jakarta.server.config.JakartaWebSocketServletContainerInitializer' (OnClassCondition)

   WebSocketServletAutoConfiguration.UndertowWebSocketConfiguration:
      Did not match:
         - @ConditionalOnClass did not find required class 'io.undertow.websockets.jsr.Bootstrap' (OnClassCondition)

   XADataSourceAutoConfiguration:
      Did not match:
         - @ConditionalOnBean (types: org.springframework.boot.jdbc.XADataSourceWrapper; SearchStrategy: all) did not find any beans of type org.springframework.boot.jdbc.XADataSourceWrapper (OnBeanCondition)
      Matched:
         - @ConditionalOnClass found required classes 'javax.sql.DataSource', 'jakarta.transaction.TransactionManager', 'org.springframework.jdbc.datasource.embedded.EmbeddedDatabaseType' (OnClassCondition)


Exclusions:
-----------

    None


Unconditional classes:
----------------------

    org.springframework.boot.autoconfigure.context.ConfigurationPropertiesAutoConfiguration

    org.springframework.boot.autoconfigure.ssl.SslAutoConfiguration

    org.springframework.boot.autoconfigure.context.LifecycleAutoConfiguration

    org.springframework.boot.autoconfigure.context.PropertyPlaceholderAutoConfiguration

    org.springframework.boot.autoconfigure.availability.ApplicationAvailabilityAutoConfiguration

    org.springframework.boot.autoconfigure.info.ProjectInfoAutoConfiguration



2024-12-15T14:03:59.451-03:00  INFO 25938 --- [tienda-ms-pedidos] [           main] com.example.tienda_ms_pedidos.AppTest    : Started AppTest in 3.065 seconds (process running for 7.795)
2024-12-15T14:03:59.451-03:00 DEBUG 25938 --- [tienda-ms-pedidos] [           main] o.s.b.a.ApplicationAvailabilityBean      : Application availability state LivenessState changed to CORRECT
2024-12-15T14:03:59.451-03:00 DEBUG 25938 --- [tienda-ms-pedidos] [           main] o.s.b.a.ApplicationAvailabilityBean      : Application availability state ReadinessState changed to ACCEPTING_TRAFFIC
2024-12-15T14:03:59.451-03:00 DEBUG 25938 --- [tienda-ms-pedidos] [           main] org.springframework.test.context.cache   : Spring test ApplicationContext cache statistics: [DefaultContextCache@42c4318b size = 2, maxSize = 32, parentContextCount = 0, hitCount = 175, missCount = 2, failureCount = 0]
2024-12-15T14:03:59.452-03:00 DEBUG 25938 --- [tienda-ms-pedidos] [           main] o.s.t.c.w.ServletTestExecutionListener   : Setting up MockHttpServletRequest, MockHttpServletResponse, ServletWebRequest, and RequestContextHolder for test class com.example.tienda_ms_pedidos.AppTest
2024-12-15T14:03:59.460-03:00 DEBUG 25938 --- [tienda-ms-pedidos] [           main] DependencyInjectionTestExecutionListener : Performing dependency injection for test class com.example.tienda_ms_pedidos.AppTest
2024-12-15T14:03:59.460-03:00 DEBUG 25938 --- [tienda-ms-pedidos] [           main] org.springframework.test.context.cache   : Spring test ApplicationContext cache statistics: [DefaultContextCache@42c4318b size = 2, maxSize = 32, parentContextCount = 0, hitCount = 176, missCount = 2, failureCount = 0]
2024-12-15T14:03:59.460-03:00 DEBUG 25938 --- [tienda-ms-pedidos] [           main] org.springframework.test.context.cache   : Spring test ApplicationContext cache statistics: [DefaultContextCache@42c4318b size = 2, maxSize = 32, parentContextCount = 0, hitCount = 177, missCount = 2, failureCount = 0]
2024-12-15T14:03:59.461-03:00 DEBUG 25938 --- [tienda-ms-pedidos] [           main] sContextBeforeModesTestExecutionListener : Before test method: class [AppTest], method [main], class annotated with @DirtiesContext [false] with mode [null], method annotated with @DirtiesContext [false] with mode [null]
2024-12-15T14:03:59.461-03:00 DEBUG 25938 --- [tienda-ms-pedidos] [           main] org.springframework.test.context.cache   : Spring test ApplicationContext cache statistics: [DefaultContextCache@42c4318b size = 2, maxSize = 32, parentContextCount = 0, hitCount = 178, missCount = 2, failureCount = 0]
2024-12-15T14:03:59.462-03:00 DEBUG 25938 --- [tienda-ms-pedidos] [           main] org.springframework.test.context.cache   : Spring test ApplicationContext cache statistics: [DefaultContextCache@42c4318b size = 2, maxSize = 32, parentContextCount = 0, hitCount = 179, missCount = 2, failureCount = 0]
2024-12-15T14:03:59.463-03:00 DEBUG 25938 --- [tienda-ms-pedidos] [           main] org.springframework.test.context.cache   : Spring test ApplicationContext cache statistics: [DefaultContextCache@42c4318b size = 2, maxSize = 32, parentContextCount = 0, hitCount = 180, missCount = 2, failureCount = 0]
2024-12-15T14:03:59.463-03:00 DEBUG 25938 --- [tienda-ms-pedidos] [           main] org.springframework.test.context.cache   : Spring test ApplicationContext cache statistics: [DefaultContextCache@42c4318b size = 2, maxSize = 32, parentContextCount = 0, hitCount = 181, missCount = 2, failureCount = 0]
2024-12-15T14:03:59.464-03:00  INFO 25938 --- [tienda-ms-pedidos] [           main] o.s.b.d.r.RestartApplicationListener     : Restart disabled due to context in which it is running
2024-12-15T14:03:59.470-03:00 DEBUG 25938 --- [tienda-ms-pedidos] [           main] .s.b.w.s.c.ApplicationServletEnvironment : Activating profiles []
2024-12-15T14:03:59.471-03:00 DEBUG 25938 --- [tienda-ms-pedidos] [           main] o.s.c.e.PropertySourcesPropertyResolver  : Found key 'spring.application.name' in PropertySource 'configurationProperties' with value of type String

  .   ____          _            __ _ _
 /\\ / ___'_ __ _ _(_)_ __  __ _ \ \ \ \
( ( )\___ | '_ | '_| | '_ \/ _` | \ \ \ \
 \\/  ___)| |_)| | | | | || (_| |  ) ) ) )
  '  |____| .__|_| |_|_| |_\__, | / / / /
 =========|_|==============|___/=/_/_/_/

 :: Spring Boot ::                (v3.4.0)

2024-12-15T14:03:59.476-03:00  INFO 25938 --- [tienda-ms-pedidos] [           main] com.example.tienda_ms_pedidos.App        : Starting App using Java 23.0.1 with PID 25938 (started by gonzaloduranadasme in /Users/gonzaloduranadasme/Documents/GitHub/FS3_Sumativa/backend-arquetipo/tienda-ms-pedidos)
2024-12-15T14:03:59.476-03:00  INFO 25938 --- [tienda-ms-pedidos] [           main] com.example.tienda_ms_pedidos.App        : No active profile set, falling back to 1 default profile: "default"
2024-12-15T14:03:59.476-03:00 DEBUG 25938 --- [tienda-ms-pedidos] [           main] o.s.boot.SpringApplication               : Loading source class com.example.tienda_ms_pedidos.App
2024-12-15T14:03:59.476-03:00 DEBUG 25938 --- [tienda-ms-pedidos] [           main] ConfigServletWebServerApplicationContext : Refreshing org.springframework.boot.web.servlet.context.AnnotationConfigServletWebServerApplicationContext@5d046b60
2024-12-15T14:03:59.479-03:00 DEBUG 25938 --- [tienda-ms-pedidos] [           main] o.s.b.f.s.DefaultListableBeanFactory     : Creating shared instance of singleton bean 'org.springframework.context.annotation.internalConfigurationAnnotationProcessor'
2024-12-15T14:03:59.480-03:00 DEBUG 25938 --- [tienda-ms-pedidos] [           main] o.s.b.f.s.DefaultListableBeanFactory     : Creating shared instance of singleton bean 'org.springframework.boot.autoconfigure.internalCachingMetadataReaderFactory'
2024-12-15T14:03:59.484-03:00 DEBUG 25938 --- [tienda-ms-pedidos] [           main] o.s.c.a.ClassPathBeanDefinitionScanner   : Identified candidate component class: file [/Users/gonzaloduranadasme/Documents/GitHub/FS3_Sumativa/backend-arquetipo/tienda-ms-pedidos/target/classes/com/example/tienda_ms_pedidos/config/WebConfig.class]
2024-12-15T14:03:59.485-03:00 DEBUG 25938 --- [tienda-ms-pedidos] [           main] o.s.c.a.ClassPathBeanDefinitionScanner   : Identified candidate component class: file [/Users/gonzaloduranadasme/Documents/GitHub/FS3_Sumativa/backend-arquetipo/tienda-ms-pedidos/target/classes/com/example/tienda_ms_pedidos/controller/DetalleOrdenController.class]
2024-12-15T14:03:59.485-03:00 DEBUG 25938 --- [tienda-ms-pedidos] [           main] o.s.c.a.ClassPathBeanDefinitionScanner   : Identified candidate component class: file [/Users/gonzaloduranadasme/Documents/GitHub/FS3_Sumativa/backend-arquetipo/tienda-ms-pedidos/target/classes/com/example/tienda_ms_pedidos/controller/OrdenController.class]
2024-12-15T14:03:59.485-03:00 DEBUG 25938 --- [tienda-ms-pedidos] [           main] o.s.c.a.ClassPathBeanDefinitionScanner   : Identified candidate component class: file [/Users/gonzaloduranadasme/Documents/GitHub/FS3_Sumativa/backend-arquetipo/tienda-ms-pedidos/target/classes/com/example/tienda_ms_pedidos/controller/ProductoController.class]
2024-12-15T14:03:59.486-03:00 DEBUG 25938 --- [tienda-ms-pedidos] [           main] o.s.c.a.ClassPathBeanDefinitionScanner   : Ignored because not a concrete top-level class: file [/Users/gonzaloduranadasme/Documents/GitHub/FS3_Sumativa/backend-arquetipo/tienda-ms-pedidos/target/classes/com/example/tienda_ms_pedidos/repository/DetalleOrdenRepository.class]
2024-12-15T14:03:59.486-03:00 DEBUG 25938 --- [tienda-ms-pedidos] [           main] o.s.c.a.ClassPathBeanDefinitionScanner   : Ignored because not a concrete top-level class: file [/Users/gonzaloduranadasme/Documents/GitHub/FS3_Sumativa/backend-arquetipo/tienda-ms-pedidos/target/classes/com/example/tienda_ms_pedidos/repository/OrdenRepository.class]
2024-12-15T14:03:59.486-03:00 DEBUG 25938 --- [tienda-ms-pedidos] [           main] o.s.c.a.ClassPathBeanDefinitionScanner   : Ignored because not a concrete top-level class: file [/Users/gonzaloduranadasme/Documents/GitHub/FS3_Sumativa/backend-arquetipo/tienda-ms-pedidos/target/classes/com/example/tienda_ms_pedidos/repository/ProductoRepository.class]
2024-12-15T14:03:59.487-03:00 DEBUG 25938 --- [tienda-ms-pedidos] [           main] o.s.c.a.ClassPathBeanDefinitionScanner   : Identified candidate component class: file [/Users/gonzaloduranadasme/Documents/GitHub/FS3_Sumativa/backend-arquetipo/tienda-ms-pedidos/target/classes/com/example/tienda_ms_pedidos/service/DetalleOrdenServiceImpl.class]
2024-12-15T14:03:59.487-03:00 DEBUG 25938 --- [tienda-ms-pedidos] [           main] o.s.c.a.ClassPathBeanDefinitionScanner   : Identified candidate component class: file [/Users/gonzaloduranadasme/Documents/GitHub/FS3_Sumativa/backend-arquetipo/tienda-ms-pedidos/target/classes/com/example/tienda_ms_pedidos/service/OrdenServiceImpl.class]
2024-12-15T14:03:59.487-03:00 DEBUG 25938 --- [tienda-ms-pedidos] [           main] o.s.c.a.ClassPathBeanDefinitionScanner   : Identified candidate component class: file [/Users/gonzaloduranadasme/Documents/GitHub/FS3_Sumativa/backend-arquetipo/tienda-ms-pedidos/target/classes/com/example/tienda_ms_pedidos/service/ProductoServiceImpl.class]
2024-12-15T14:03:59.542-03:00  INFO 25938 --- [tienda-ms-pedidos] [           main] .s.d.r.c.RepositoryConfigurationDelegate : Bootstrapping Spring Data JPA repositories in DEFAULT mode.
2024-12-15T14:03:59.543-03:00 DEBUG 25938 --- [tienda-ms-pedidos] [           main] o.s.b.f.s.DefaultListableBeanFactory     : Creating shared instance of singleton bean 'org.springframework.boot.autoconfigure.AutoConfigurationPackages'
2024-12-15T14:03:59.543-03:00 DEBUG 25938 --- [tienda-ms-pedidos] [           main] o.s.b.a.AutoConfigurationPackages        : @EnableAutoConfiguration was declared on a class in the package 'com.example.tienda_ms_pedidos'. Automatic @Repository and @Entity scanning is enabled.
2024-12-15T14:03:59.543-03:00 DEBUG 25938 --- [tienda-ms-pedidos] [           main] .s.d.r.c.RepositoryConfigurationDelegate : Scanning for JPA repositories in packages com.example.tienda_ms_pedidos.
2024-12-15T14:03:59.544-03:00 DEBUG 25938 --- [tienda-ms-pedidos] [           main] o.s.d.r.c.RepositoryComponentProvider    : Identified candidate component class: file [/Users/gonzaloduranadasme/Documents/GitHub/FS3_Sumativa/backend-arquetipo/tienda-ms-pedidos/target/classes/com/example/tienda_ms_pedidos/repository/DetalleOrdenRepository.class]
2024-12-15T14:03:59.544-03:00 DEBUG 25938 --- [tienda-ms-pedidos] [           main] o.s.d.r.c.RepositoryComponentProvider    : Identified candidate component class: file [/Users/gonzaloduranadasme/Documents/GitHub/FS3_Sumativa/backend-arquetipo/tienda-ms-pedidos/target/classes/com/example/tienda_ms_pedidos/repository/OrdenRepository.class]
2024-12-15T14:03:59.544-03:00 DEBUG 25938 --- [tienda-ms-pedidos] [           main] o.s.d.r.c.RepositoryComponentProvider    : Identified candidate component class: file [/Users/gonzaloduranadasme/Documents/GitHub/FS3_Sumativa/backend-arquetipo/tienda-ms-pedidos/target/classes/com/example/tienda_ms_pedidos/repository/ProductoRepository.class]
2024-12-15T14:03:59.546-03:00 DEBUG 25938 --- [tienda-ms-pedidos] [           main] ssPathScanningCandidateComponentProvider : Identified candidate component class: file [/Users/gonzaloduranadasme/Documents/GitHub/FS3_Sumativa/backend-arquetipo/tienda-ms-pedidos/target/classes/com/example/tienda_ms_pedidos/service/DetalleOrdenServiceImpl.class]
2024-12-15T14:03:59.546-03:00 DEBUG 25938 --- [tienda-ms-pedidos] [           main] ssPathScanningCandidateComponentProvider : Identified candidate component class: file [/Users/gonzaloduranadasme/Documents/GitHub/FS3_Sumativa/backend-arquetipo/tienda-ms-pedidos/target/classes/com/example/tienda_ms_pedidos/service/OrdenServiceImpl.class]
2024-12-15T14:03:59.546-03:00 DEBUG 25938 --- [tienda-ms-pedidos] [           main] ssPathScanningCandidateComponentProvider : Identified candidate component class: file [/Users/gonzaloduranadasme/Documents/GitHub/FS3_Sumativa/backend-arquetipo/tienda-ms-pedidos/target/classes/com/example/tienda_ms_pedidos/service/ProductoServiceImpl.class]
2024-12-15T14:03:59.547-03:00  INFO 25938 --- [tienda-ms-pedidos] [           main] .s.d.r.c.RepositoryConfigurationDelegate : Finished Spring Data repository scanning in 3 ms. Found 3 JPA repository interfaces.
2024-12-15T14:03:59.561-03:00 DEBUG 25938 --- [tienda-ms-pedidos] [           main] o.s.b.f.s.DefaultListableBeanFactory     : Creating shared instance of singleton bean 'propertySourcesPlaceholderConfigurer'
2024-12-15T14:03:59.562-03:00 DEBUG 25938 --- [tienda-ms-pedidos] [           main] o.s.b.f.s.DefaultListableBeanFactory     : Creating shared instance of singleton bean 'emBeanDefinitionRegistrarPostProcessor'
2024-12-15T14:03:59.562-03:00 DEBUG 25938 --- [tienda-ms-pedidos] [           main] o.s.b.f.s.DefaultListableBeanFactory     : Creating shared instance of singleton bean 'org.springframework.boot.sql.init.dependency.DatabaseInitializationDependencyConfigurer$DependsOnDatabaseInitializationPostProcessor'
2024-12-15T14:03:59.565-03:00 DEBUG 25938 --- [tienda-ms-pedidos] [           main] o.s.b.f.s.DefaultListableBeanFactory     : Creating shared instance of singleton bean 'org.springframework.context.event.internalEventListenerProcessor'
2024-12-15T14:03:59.565-03:00 DEBUG 25938 --- [tienda-ms-pedidos] [           main] o.s.b.f.s.DefaultListableBeanFactory     : Creating shared instance of singleton bean 'preserveErrorControllerTargetClassPostProcessor'
2024-12-15T14:03:59.565-03:00 DEBUG 25938 --- [tienda-ms-pedidos] [           main] o.s.b.f.s.DefaultListableBeanFactory     : Creating shared instance of singleton bean 'org.springframework.context.event.internalEventListenerFactory'
2024-12-15T14:03:59.565-03:00 DEBUG 25938 --- [tienda-ms-pedidos] [           main] o.s.b.f.s.DefaultListableBeanFactory     : Creating shared instance of singleton bean 'org.springframework.transaction.config.internalTransactionalEventListenerFactory'
2024-12-15T14:03:59.566-03:00 DEBUG 25938 --- [tienda-ms-pedidos] [           main] o.s.b.f.s.DefaultListableBeanFactory     : Creating shared instance of singleton bean 'org.springframework.context.annotation.internalAutowiredAnnotationProcessor'
2024-12-15T14:03:59.566-03:00 DEBUG 25938 --- [tienda-ms-pedidos] [           main] o.s.b.f.s.DefaultListableBeanFactory     : Creating shared instance of singleton bean 'org.springframework.context.annotation.internalCommonAnnotationProcessor'
2024-12-15T14:03:59.566-03:00 DEBUG 25938 --- [tienda-ms-pedidos] [           main] o.s.b.f.s.DefaultListableBeanFactory     : Creating shared instance of singleton bean 'org.springframework.context.annotation.internalPersistenceAnnotationProcessor'
2024-12-15T14:03:59.566-03:00 DEBUG 25938 --- [tienda-ms-pedidos] [           main] o.s.b.f.s.DefaultListableBeanFactory     : Creating shared instance of singleton bean 'org.springframework.boot.context.properties.ConfigurationPropertiesBindingPostProcessor'
2024-12-15T14:03:59.566-03:00 DEBUG 25938 --- [tienda-ms-pedidos] [           main] o.s.b.f.s.DefaultListableBeanFactory     : Creating shared instance of singleton bean 'org.springframework.boot.context.internalConfigurationPropertiesBinder'
2024-12-15T14:03:59.566-03:00 DEBUG 25938 --- [tienda-ms-pedidos] [           main] o.s.b.f.s.DefaultListableBeanFactory     : Creating shared instance of singleton bean 'jdbcConnectionDetailsHikariBeanPostProcessor'
2024-12-15T14:03:59.566-03:00 DEBUG 25938 --- [tienda-ms-pedidos] [           main] o.s.b.f.s.DefaultListableBeanFactory     : Creating shared instance of singleton bean 'methodValidationPostProcessor'
2024-12-15T14:03:59.566-03:00 DEBUG 25938 --- [tienda-ms-pedidos] [           main] o.s.b.f.s.DefaultListableBeanFactory     : Autowiring by type from bean name 'methodValidationPostProcessor' via factory method to bean named 'environment'
2024-12-15T14:03:59.567-03:00 DEBUG 25938 --- [tienda-ms-pedidos] [           main] o.s.b.f.s.DefaultListableBeanFactory     : Creating shared instance of singleton bean 'org.springframework.boot.context.properties.EnableConfigurationPropertiesRegistrar.methodValidationExcludeFilter'
2024-12-15T14:03:59.567-03:00 DEBUG 25938 --- [tienda-ms-pedidos] [           main] o.s.b.f.s.DefaultListableBeanFactory     : Creating shared instance of singleton bean 'org.springframework.aop.config.internalAutoProxyCreator'
2024-12-15T14:03:59.568-03:00 DEBUG 25938 --- [tienda-ms-pedidos] [           main] o.s.b.f.s.DefaultListableBeanFactory     : Creating shared instance of singleton bean 'persistenceExceptionTranslationPostProcessor'
2024-12-15T14:03:59.568-03:00 DEBUG 25938 --- [tienda-ms-pedidos] [           main] o.s.b.f.s.DefaultListableBeanFactory     : Autowiring by type from bean name 'persistenceExceptionTranslationPostProcessor' via factory method to bean named 'environment'
2024-12-15T14:03:59.568-03:00 DEBUG 25938 --- [tienda-ms-pedidos] [           main] o.s.b.f.s.DefaultListableBeanFactory     : Creating shared instance of singleton bean 'webServerFactoryCustomizerBeanPostProcessor'
2024-12-15T14:03:59.568-03:00 DEBUG 25938 --- [tienda-ms-pedidos] [           main] o.s.b.f.s.DefaultListableBeanFactory     : Creating shared instance of singleton bean 'errorPageRegistrarBeanPostProcessor'
2024-12-15T14:03:59.568-03:00 DEBUG 25938 --- [tienda-ms-pedidos] [           main] o.s.b.f.s.DefaultListableBeanFactory     : Creating shared instance of singleton bean 'projectingArgumentResolverBeanPostProcessor'
2024-12-15T14:03:59.568-03:00 DEBUG 25938 --- [tienda-ms-pedidos] [           main] o.s.b.f.s.DefaultListableBeanFactory     : Creating shared instance of singleton bean 'org.springframework.transaction.config.internalTransactionAdvisor'
2024-12-15T14:03:59.568-03:00 DEBUG 25938 --- [tienda-ms-pedidos] [           main] o.s.b.f.s.DefaultListableBeanFactory     : Creating shared instance of singleton bean 'org.springframework.transaction.annotation.ProxyTransactionManagementConfiguration'
2024-12-15T14:03:59.570-03:00 DEBUG 25938 --- [tienda-ms-pedidos] [           main] o.s.b.f.s.DefaultListableBeanFactory     : Creating shared instance of singleton bean 'transactionAttributeSource'
2024-12-15T14:03:59.570-03:00 DEBUG 25938 --- [tienda-ms-pedidos] [           main] o.s.b.f.s.DefaultListableBeanFactory     : Creating shared instance of singleton bean 'transactionInterceptor'
2024-12-15T14:03:59.570-03:00 DEBUG 25938 --- [tienda-ms-pedidos] [           main] o.s.b.f.s.DefaultListableBeanFactory     : Autowiring by type from bean name 'transactionInterceptor' via factory method to bean named 'transactionAttributeSource'
2024-12-15T14:03:59.570-03:00 DEBUG 25938 --- [tienda-ms-pedidos] [           main] o.s.b.f.s.DefaultListableBeanFactory     : Autowiring by type from bean name 'org.springframework.transaction.config.internalTransactionAdvisor' via factory method to bean named 'transactionAttributeSource'
2024-12-15T14:03:59.570-03:00 DEBUG 25938 --- [tienda-ms-pedidos] [           main] o.s.b.f.s.DefaultListableBeanFactory     : Autowiring by type from bean name 'org.springframework.transaction.config.internalTransactionAdvisor' via factory method to bean named 'transactionInterceptor'
2024-12-15T14:03:59.570-03:00 DEBUG 25938 --- [tienda-ms-pedidos] [           main] o.s.b.f.s.DefaultListableBeanFactory     : Creating shared instance of singleton bean 'hypermediaRepresentionModelProcessorConfigurator'
2024-12-15T14:03:59.570-03:00 DEBUG 25938 --- [tienda-ms-pedidos] [           main] o.s.b.f.s.DefaultListableBeanFactory     : Creating shared instance of singleton bean 'hypermediaRestTemplateBeanPostProcessor'
2024-12-15T14:03:59.571-03:00 DEBUG 25938 --- [tienda-ms-pedidos] [           main] o.s.u.c.s.UiApplicationContextUtils      : Unable to locate ThemeSource with name 'themeSource': using default [org.springframework.ui.context.support.ResourceBundleThemeSource@3aa31840]
2024-12-15T14:03:59.571-03:00 DEBUG 25938 --- [tienda-ms-pedidos] [           main] o.s.b.f.s.DefaultListableBeanFactory     : Creating shared instance of singleton bean 'tomcatServletWebServerFactory'
2024-12-15T14:03:59.571-03:00 DEBUG 25938 --- [tienda-ms-pedidos] [           main] o.s.b.f.s.DefaultListableBeanFactory     : Creating shared instance of singleton bean 'org.springframework.boot.autoconfigure.web.servlet.ServletWebServerFactoryConfiguration$EmbeddedTomcat'
2024-12-15T14:03:59.572-03:00 DEBUG 25938 --- [tienda-ms-pedidos] [           main] o.s.b.f.s.DefaultListableBeanFactory     : Creating shared instance of singleton bean 'websocketServletWebServerCustomizer'
2024-12-15T14:03:59.572-03:00 DEBUG 25938 --- [tienda-ms-pedidos] [           main] o.s.b.f.s.DefaultListableBeanFactory     : Creating shared instance of singleton bean 'org.springframework.boot.autoconfigure.websocket.servlet.WebSocketServletAutoConfiguration$TomcatWebSocketConfiguration'
2024-12-15T14:03:59.572-03:00 DEBUG 25938 --- [tienda-ms-pedidos] [           main] o.s.b.f.s.DefaultListableBeanFactory     : Creating shared instance of singleton bean 'servletWebServerFactoryCustomizer'
2024-12-15T14:03:59.572-03:00 DEBUG 25938 --- [tienda-ms-pedidos] [           main] o.s.b.f.s.DefaultListableBeanFactory     : Creating shared instance of singleton bean 'org.springframework.boot.autoconfigure.web.servlet.ServletWebServerFactoryAutoConfiguration'
2024-12-15T14:03:59.572-03:00 DEBUG 25938 --- [tienda-ms-pedidos] [           main] o.s.b.f.s.DefaultListableBeanFactory     : Creating shared instance of singleton bean 'server-org.springframework.boot.autoconfigure.web.ServerProperties'
2024-12-15T14:03:59.572-03:00 DEBUG 25938 --- [tienda-ms-pedidos] [           main] o.s.b.f.s.DefaultListableBeanFactory     : Creating shared instance of singleton bean 'org.springframework.boot.context.properties.BoundConfigurationProperties'
2024-12-15T14:03:59.574-03:00 DEBUG 25938 --- [tienda-ms-pedidos] [           main] o.s.b.f.s.DefaultListableBeanFactory     : Autowiring by type from bean name 'servletWebServerFactoryCustomizer' via factory method to bean named 'server-org.springframework.boot.autoconfigure.web.ServerProperties'
2024-12-15T14:03:59.574-03:00 DEBUG 25938 --- [tienda-ms-pedidos] [           main] o.s.b.f.s.DefaultListableBeanFactory     : Creating shared instance of singleton bean 'sslBundleRegistry'
2024-12-15T14:03:59.574-03:00 DEBUG 25938 --- [tienda-ms-pedidos] [           main] o.s.b.f.s.DefaultListableBeanFactory     : Creating shared instance of singleton bean 'org.springframework.boot.autoconfigure.ssl.SslAutoConfiguration'
2024-12-15T14:03:59.575-03:00 DEBUG 25938 --- [tienda-ms-pedidos] [           main] o.s.b.f.s.DefaultListableBeanFactory     : Creating shared instance of singleton bean 'spring.ssl-org.springframework.boot.autoconfigure.ssl.SslProperties'
2024-12-15T14:03:59.575-03:00 DEBUG 25938 --- [tienda-ms-pedidos] [           main] o.s.b.f.s.DefaultListableBeanFactory     : Autowiring by type from bean name 'org.springframework.boot.autoconfigure.ssl.SslAutoConfiguration' via constructor to bean named 'org.springframework.boot.web.servlet.context.AnnotationConfigServletWebServerApplicationContext@5d046b60'
2024-12-15T14:03:59.575-03:00 DEBUG 25938 --- [tienda-ms-pedidos] [           main] o.s.b.f.s.DefaultListableBeanFactory     : Autowiring by type from bean name 'org.springframework.boot.autoconfigure.ssl.SslAutoConfiguration' via constructor to bean named 'spring.ssl-org.springframework.boot.autoconfigure.ssl.SslProperties'
2024-12-15T14:03:59.575-03:00 DEBUG 25938 --- [tienda-ms-pedidos] [           main] o.s.b.f.s.DefaultListableBeanFactory     : Creating shared instance of singleton bean 'sslPropertiesSslBundleRegistrar'
2024-12-15T14:03:59.575-03:00 DEBUG 25938 --- [tienda-ms-pedidos] [           main] o.s.b.f.s.DefaultListableBeanFactory     : Creating shared instance of singleton bean 'fileWatcher'
2024-12-15T14:03:59.575-03:00 DEBUG 25938 --- [tienda-ms-pedidos] [           main] o.s.b.f.s.DefaultListableBeanFactory     : Autowiring by type from bean name 'sslPropertiesSslBundleRegistrar' via factory method to bean named 'fileWatcher'
2024-12-15T14:03:59.576-03:00 DEBUG 25938 --- [tienda-ms-pedidos] [           main] o.s.b.f.s.DefaultListableBeanFactory     : Creating shared instance of singleton bean 'tomcatServletWebServerFactoryCustomizer'
2024-12-15T14:03:59.576-03:00 DEBUG 25938 --- [tienda-ms-pedidos] [           main] o.s.b.f.s.DefaultListableBeanFactory     : Autowiring by type from bean name 'tomcatServletWebServerFactoryCustomizer' via factory method to bean named 'server-org.springframework.boot.autoconfigure.web.ServerProperties'
2024-12-15T14:03:59.576-03:00 DEBUG 25938 --- [tienda-ms-pedidos] [           main] o.s.b.f.s.DefaultListableBeanFactory     : Creating shared instance of singleton bean 'tomcatWebServerFactoryCustomizer'
2024-12-15T14:03:59.576-03:00 DEBUG 25938 --- [tienda-ms-pedidos] [           main] o.s.b.f.s.DefaultListableBeanFactory     : Creating shared instance of singleton bean 'org.springframework.boot.autoconfigure.web.embedded.EmbeddedWebServerFactoryCustomizerAutoConfiguration$TomcatWebServerFactoryCustomizerConfiguration'
2024-12-15T14:03:59.576-03:00 DEBUG 25938 --- [tienda-ms-pedidos] [           main] o.s.b.f.s.DefaultListableBeanFactory     : Autowiring by type from bean name 'tomcatWebServerFactoryCustomizer' via factory method to bean named 'environment'
2024-12-15T14:03:59.576-03:00 DEBUG 25938 --- [tienda-ms-pedidos] [           main] o.s.b.f.s.DefaultListableBeanFactory     : Autowiring by type from bean name 'tomcatWebServerFactoryCustomizer' via factory method to bean named 'server-org.springframework.boot.autoconfigure.web.ServerProperties'
2024-12-15T14:03:59.577-03:00 DEBUG 25938 --- [tienda-ms-pedidos] [           main] o.s.b.f.s.DefaultListableBeanFactory     : Creating shared instance of singleton bean 'localeCharsetMappingsCustomizer'
2024-12-15T14:03:59.577-03:00 DEBUG 25938 --- [tienda-ms-pedidos] [           main] o.s.b.f.s.DefaultListableBeanFactory     : Creating shared instance of singleton bean 'org.springframework.boot.autoconfigure.web.servlet.HttpEncodingAutoConfiguration'
2024-12-15T14:03:59.577-03:00 DEBUG 25938 --- [tienda-ms-pedidos] [           main] o.s.b.f.s.DefaultListableBeanFactory     : Autowiring by type from bean name 'org.springframework.boot.autoconfigure.web.servlet.HttpEncodingAutoConfiguration' via constructor to bean named 'server-org.springframework.boot.autoconfigure.web.ServerProperties'
2024-12-15T14:03:59.584-03:00 DEBUG 25938 --- [tienda-ms-pedidos] [           main] o.s.b.f.s.DefaultListableBeanFactory     : Creating shared instance of singleton bean 'errorPageCustomizer'
2024-12-15T14:03:59.584-03:00 DEBUG 25938 --- [tienda-ms-pedidos] [           main] o.s.b.f.s.DefaultListableBeanFactory     : Creating shared instance of singleton bean 'org.springframework.boot.autoconfigure.web.servlet.error.ErrorMvcAutoConfiguration'
2024-12-15T14:03:59.584-03:00 DEBUG 25938 --- [tienda-ms-pedidos] [           main] o.s.b.f.s.DefaultListableBeanFactory     : Autowiring by type from bean name 'org.springframework.boot.autoconfigure.web.servlet.error.ErrorMvcAutoConfiguration' via constructor to bean named 'server-org.springframework.boot.autoconfigure.web.ServerProperties'
2024-12-15T14:03:59.584-03:00 DEBUG 25938 --- [tienda-ms-pedidos] [           main] o.s.b.f.s.DefaultListableBeanFactory     : Creating shared instance of singleton bean 'dispatcherServletRegistration'
2024-12-15T14:03:59.584-03:00 DEBUG 25938 --- [tienda-ms-pedidos] [           main] o.s.b.f.s.DefaultListableBeanFactory     : Creating shared instance of singleton bean 'org.springframework.boot.autoconfigure.web.servlet.DispatcherServletAutoConfiguration$DispatcherServletRegistrationConfiguration'
2024-12-15T14:03:59.584-03:00 DEBUG 25938 --- [tienda-ms-pedidos] [           main] o.s.b.f.s.DefaultListableBeanFactory     : Creating shared instance of singleton bean 'dispatcherServlet'
2024-12-15T14:03:59.584-03:00 DEBUG 25938 --- [tienda-ms-pedidos] [           main] o.s.b.f.s.DefaultListableBeanFactory     : Creating shared instance of singleton bean 'org.springframework.boot.autoconfigure.web.servlet.DispatcherServletAutoConfiguration$DispatcherServletConfiguration'
2024-12-15T14:03:59.584-03:00 DEBUG 25938 --- [tienda-ms-pedidos] [           main] o.s.b.f.s.DefaultListableBeanFactory     : Creating shared instance of singleton bean 'spring.mvc-org.springframework.boot.autoconfigure.web.servlet.WebMvcProperties'
2024-12-15T14:03:59.585-03:00 DEBUG 25938 --- [tienda-ms-pedidos] [           main] o.s.b.f.s.DefaultListableBeanFactory     : Autowiring by type from bean name 'dispatcherServlet' via factory method to bean named 'spring.mvc-org.springframework.boot.autoconfigure.web.servlet.WebMvcProperties'
2024-12-15T14:03:59.586-03:00 DEBUG 25938 --- [tienda-ms-pedidos] [           main] o.s.b.f.s.DefaultListableBeanFactory     : Autowiring by type from bean name 'dispatcherServletRegistration' via factory method to bean named 'dispatcherServlet'
2024-12-15T14:03:59.586-03:00 DEBUG 25938 --- [tienda-ms-pedidos] [           main] o.s.b.f.s.DefaultListableBeanFactory     : Autowiring by type from bean name 'dispatcherServletRegistration' via factory method to bean named 'spring.mvc-org.springframework.boot.autoconfigure.web.servlet.WebMvcProperties'
2024-12-15T14:03:59.586-03:00 DEBUG 25938 --- [tienda-ms-pedidos] [           main] o.s.b.f.s.DefaultListableBeanFactory     : Creating shared instance of singleton bean 'multipartConfigElement'
2024-12-15T14:03:59.586-03:00 DEBUG 25938 --- [tienda-ms-pedidos] [           main] o.s.b.f.s.DefaultListableBeanFactory     : Creating shared instance of singleton bean 'org.springframework.boot.autoconfigure.web.servlet.MultipartAutoConfiguration'
2024-12-15T14:03:59.586-03:00 DEBUG 25938 --- [tienda-ms-pedidos] [           main] o.s.b.f.s.DefaultListableBeanFactory     : Creating shared instance of singleton bean 'spring.servlet.multipart-org.springframework.boot.autoconfigure.web.servlet.MultipartProperties'
2024-12-15T14:03:59.587-03:00 DEBUG 25938 --- [tienda-ms-pedidos] [           main] o.s.b.f.s.DefaultListableBeanFactory     : Autowiring by type from bean name 'org.springframework.boot.autoconfigure.web.servlet.MultipartAutoConfiguration' via constructor to bean named 'spring.servlet.multipart-org.springframework.boot.autoconfigure.web.servlet.MultipartProperties'
2024-12-15T14:03:59.587-03:00 DEBUG 25938 --- [tienda-ms-pedidos] [           main] o.s.b.f.s.DefaultListableBeanFactory     : Autowiring by type from bean name 'errorPageCustomizer' via factory method to bean named 'dispatcherServletRegistration'
2024-12-15T14:03:59.659-03:00 DEBUG 25938 --- [tienda-ms-pedidos] [           main] .s.b.w.e.t.TomcatServletWebServerFactory : Code archive: /Users/gonzaloduranadasme/.m2/repository/org/springframework/boot/spring-boot/3.4.0/spring-boot-3.4.0.jar
2024-12-15T14:03:59.659-03:00 DEBUG 25938 --- [tienda-ms-pedidos] [           main] .s.b.w.e.t.TomcatServletWebServerFactory : Code archive: /Users/gonzaloduranadasme/.m2/repository/org/springframework/boot/spring-boot/3.4.0/spring-boot-3.4.0.jar
2024-12-15T14:03:59.659-03:00 DEBUG 25938 --- [tienda-ms-pedidos] [           main] .s.b.w.e.t.TomcatServletWebServerFactory : None of the document roots [src/main/webapp, public, static] point to a directory and will be ignored.
2024-12-15T14:03:59.674-03:00  INFO 25938 --- [tienda-ms-pedidos] [           main] o.s.b.w.embedded.tomcat.TomcatWebServer  : Tomcat initialized with port 8094 (http)
2024-12-15T14:03:59.684-03:00  INFO 25938 --- [tienda-ms-pedidos] [           main] o.apache.catalina.core.StandardService   : Starting service [Tomcat]
2024-12-15T14:03:59.684-03:00  INFO 25938 --- [tienda-ms-pedidos] [           main] o.apache.catalina.core.StandardEngine    : Starting Servlet engine: [Apache Tomcat/10.1.33]
2024-12-15T14:03:59.712-03:00  INFO 25938 --- [tienda-ms-pedidos] [           main] o.a.c.c.C.[Tomcat].[localhost].[/]       : Initializing Spring embedded WebApplicationContext
2024-12-15T14:03:59.712-03:00 DEBUG 25938 --- [tienda-ms-pedidos] [           main] w.s.c.ServletWebServerApplicationContext : Published root WebApplicationContext as ServletContext attribute with name [org.springframework.web.context.WebApplicationContext.ROOT]
2024-12-15T14:03:59.712-03:00  INFO 25938 --- [tienda-ms-pedidos] [           main] w.s.c.ServletWebServerApplicationContext : Root WebApplicationContext: initialization completed in 236 ms
2024-12-15T14:03:59.714-03:00 DEBUG 25938 --- [tienda-ms-pedidos] [           main] o.s.b.f.s.DefaultListableBeanFactory     : Creating shared instance of singleton bean 'requestContextFilter'
2024-12-15T14:03:59.715-03:00 DEBUG 25938 --- [tienda-ms-pedidos] [           main] o.s.b.f.s.DefaultListableBeanFactory     : Creating shared instance of singleton bean 'formContentFilter'
2024-12-15T14:03:59.715-03:00 DEBUG 25938 --- [tienda-ms-pedidos] [           main] o.s.b.f.s.DefaultListableBeanFactory     : Creating shared instance of singleton bean 'org.springframework.boot.autoconfigure.web.servlet.WebMvcAutoConfiguration'
2024-12-15T14:03:59.716-03:00 DEBUG 25938 --- [tienda-ms-pedidos] [           main] o.s.b.f.s.DefaultListableBeanFactory     : Creating shared instance of singleton bean 'characterEncodingFilter'
2024-12-15T14:03:59.719-03:00 DEBUG 25938 --- [tienda-ms-pedidos] [           main] o.s.b.w.s.ServletContextInitializerBeans : Mapping filters: characterEncodingFilter urls=[/*] order=-2147483648, formContentFilter urls=[/*] order=-9900, requestContextFilter urls=[/*] order=-105
2024-12-15T14:03:59.719-03:00 DEBUG 25938 --- [tienda-ms-pedidos] [           main] o.s.b.w.s.ServletContextInitializerBeans : Mapping servlets: dispatcherServlet urls=[/]
2024-12-15T14:03:59.737-03:00 DEBUG 25938 --- [tienda-ms-pedidos] [           main] o.s.b.w.s.f.OrderedRequestContextFilter  : Filter 'requestContextFilter' configured for use
2024-12-15T14:03:59.737-03:00 DEBUG 25938 --- [tienda-ms-pedidos] [           main] s.b.w.s.f.OrderedCharacterEncodingFilter : Filter 'characterEncodingFilter' configured for use
2024-12-15T14:03:59.737-03:00 DEBUG 25938 --- [tienda-ms-pedidos] [           main] o.s.b.w.s.f.OrderedFormContentFilter     : Filter 'formContentFilter' configured for use
2024-12-15T14:03:59.741-03:00 DEBUG 25938 --- [tienda-ms-pedidos] [           main] o.s.b.f.s.DefaultListableBeanFactory     : Creating shared instance of singleton bean 'dataSourceScriptDatabaseInitializer'
2024-12-15T14:03:59.741-03:00 DEBUG 25938 --- [tienda-ms-pedidos] [           main] o.s.b.f.s.DefaultListableBeanFactory     : Creating shared instance of singleton bean 'org.springframework.boot.autoconfigure.sql.init.DataSourceInitializationConfiguration'
2024-12-15T14:03:59.741-03:00 DEBUG 25938 --- [tienda-ms-pedidos] [           main] o.s.b.f.s.DefaultListableBeanFactory     : Creating shared instance of singleton bean 'dataSource'
2024-12-15T14:03:59.741-03:00 DEBUG 25938 --- [tienda-ms-pedidos] [           main] o.s.b.f.s.DefaultListableBeanFactory     : Creating shared instance of singleton bean 'org.springframework.boot.autoconfigure.jdbc.DataSourceConfiguration$Hikari'
2024-12-15T14:03:59.741-03:00 DEBUG 25938 --- [tienda-ms-pedidos] [           main] o.s.b.f.s.DefaultListableBeanFactory     : Creating shared instance of singleton bean 'spring.datasource-org.springframework.boot.autoconfigure.jdbc.DataSourceProperties'
2024-12-15T14:03:59.743-03:00 DEBUG 25938 --- [tienda-ms-pedidos] [           main] o.s.b.f.s.DefaultListableBeanFactory     : Creating shared instance of singleton bean 'jdbcConnectionDetails'
2024-12-15T14:03:59.743-03:00 DEBUG 25938 --- [tienda-ms-pedidos] [           main] o.s.b.f.s.DefaultListableBeanFactory     : Creating shared instance of singleton bean 'org.springframework.boot.autoconfigure.jdbc.DataSourceAutoConfiguration$PooledDataSourceConfiguration'
2024-12-15T14:03:59.743-03:00 DEBUG 25938 --- [tienda-ms-pedidos] [           main] o.s.b.f.s.DefaultListableBeanFactory     : Autowiring by type from bean name 'jdbcConnectionDetails' via factory method to bean named 'spring.datasource-org.springframework.boot.autoconfigure.jdbc.DataSourceProperties'
2024-12-15T14:03:59.743-03:00 DEBUG 25938 --- [tienda-ms-pedidos] [           main] o.s.b.f.s.DefaultListableBeanFactory     : Autowiring by type from bean name 'dataSource' via factory method to bean named 'spring.datasource-org.springframework.boot.autoconfigure.jdbc.DataSourceProperties'
2024-12-15T14:03:59.743-03:00 DEBUG 25938 --- [tienda-ms-pedidos] [           main] o.s.b.f.s.DefaultListableBeanFactory     : Autowiring by type from bean name 'dataSource' via factory method to bean named 'jdbcConnectionDetails'
2024-12-15T14:03:59.746-03:00 DEBUG 25938 --- [tienda-ms-pedidos] [           main] o.s.b.f.s.DefaultListableBeanFactory     : Creating shared instance of singleton bean 'spring.sql.init-org.springframework.boot.autoconfigure.sql.init.SqlInitializationProperties'
2024-12-15T14:03:59.747-03:00 DEBUG 25938 --- [tienda-ms-pedidos] [           main] o.s.b.f.s.DefaultListableBeanFactory     : Autowiring by type from bean name 'dataSourceScriptDatabaseInitializer' via factory method to bean named 'dataSource'
2024-12-15T14:03:59.747-03:00 DEBUG 25938 --- [tienda-ms-pedidos] [           main] o.s.b.f.s.DefaultListableBeanFactory     : Autowiring by type from bean name 'dataSourceScriptDatabaseInitializer' via factory method to bean named 'spring.sql.init-org.springframework.boot.autoconfigure.sql.init.SqlInitializationProperties'
2024-12-15T14:03:59.747-03:00 DEBUG 25938 --- [tienda-ms-pedidos] [           main] o.s.jdbc.datasource.DataSourceUtils      : Fetching JDBC Connection from DataSource
2024-12-15T14:03:59.747-03:00  INFO 25938 --- [tienda-ms-pedidos] [           main] com.zaxxer.hikari.HikariDataSource       : HikariPool-3 - Starting...
2024-12-15T14:03:59.747-03:00  WARN 25938 --- [tienda-ms-pedidos] [           main] c.zaxxer.hikari.util.DriverDataSource    : Registered driver with driverClassName=oracle.jdbc.driver.OracleDriver was not found, trying direct instantiation.
2024-12-15T14:04:00.753-03:00 DEBUG 25938 --- [tienda-ms-pedidos] [           main] o.s.b.f.s.DefaultListableBeanFactory     : Creating shared instance of singleton bean 'entityManagerFactory'
2024-12-15T14:04:00.753-03:00 DEBUG 25938 --- [tienda-ms-pedidos] [           main] o.s.b.f.s.DefaultListableBeanFactory     : Creating shared instance of singleton bean 'org.springframework.boot.autoconfigure.orm.jpa.HibernateJpaConfiguration'
2024-12-15T14:04:00.754-03:00 DEBUG 25938 --- [tienda-ms-pedidos] [           main] o.s.b.f.s.DefaultListableBeanFactory     : Creating shared instance of singleton bean 'spring.jpa-org.springframework.boot.autoconfigure.orm.jpa.JpaProperties'
2024-12-15T14:04:00.757-03:00 DEBUG 25938 --- [tienda-ms-pedidos] [           main] o.s.b.f.s.DefaultListableBeanFactory     : Creating shared instance of singleton bean 'spring.jpa.hibernate-org.springframework.boot.autoconfigure.orm.jpa.HibernateProperties'
2024-12-15T14:04:00.758-03:00 DEBUG 25938 --- [tienda-ms-pedidos] [           main] o.s.b.f.s.DefaultListableBeanFactory     : Autowiring by type from bean name 'org.springframework.boot.autoconfigure.orm.jpa.HibernateJpaConfiguration' via constructor to bean named 'dataSource'
2024-12-15T14:04:00.758-03:00 DEBUG 25938 --- [tienda-ms-pedidos] [           main] o.s.b.f.s.DefaultListableBeanFactory     : Autowiring by type from bean name 'org.springframework.boot.autoconfigure.orm.jpa.HibernateJpaConfiguration' via constructor to bean named 'spring.jpa-org.springframework.boot.autoconfigure.orm.jpa.JpaProperties'
2024-12-15T14:04:00.758-03:00 DEBUG 25938 --- [tienda-ms-pedidos] [           main] o.s.b.f.s.DefaultListableBeanFactory     : Autowiring by type from bean name 'org.springframework.boot.autoconfigure.orm.jpa.HibernateJpaConfiguration' via constructor to bean named 'org.springframework.beans.factory.support.DefaultListableBeanFactory@18108c5e'
2024-12-15T14:04:00.758-03:00 DEBUG 25938 --- [tienda-ms-pedidos] [           main] o.s.b.f.s.DefaultListableBeanFactory     : Autowiring by type from bean name 'org.springframework.boot.autoconfigure.orm.jpa.HibernateJpaConfiguration' via constructor to bean named 'spring.jpa.hibernate-org.springframework.boot.autoconfigure.orm.jpa.HibernateProperties'
2024-12-15T14:04:00.758-03:00 DEBUG 25938 --- [tienda-ms-pedidos] [           main] o.s.b.f.s.DefaultListableBeanFactory     : Creating shared instance of singleton bean 'hikariPoolDataSourceMetadataProvider'
2024-12-15T14:04:00.758-03:00 DEBUG 25938 --- [tienda-ms-pedidos] [           main] o.s.b.f.s.DefaultListableBeanFactory     : Creating shared instance of singleton bean 'org.springframework.boot.autoconfigure.jdbc.metadata.DataSourcePoolMetadataProvidersConfiguration$HikariPoolDataSourceMetadataProviderConfiguration'
2024-12-15T14:04:00.759-03:00 DEBUG 25938 --- [tienda-ms-pedidos] [           main] o.s.b.f.s.DefaultListableBeanFactory     : Creating shared instance of singleton bean 'entityManagerFactoryBuilder'
2024-12-15T14:04:00.759-03:00 DEBUG 25938 --- [tienda-ms-pedidos] [           main] o.s.b.f.s.DefaultListableBeanFactory     : Creating shared instance of singleton bean 'jpaVendorAdapter'
2024-12-15T14:04:00.760-03:00 DEBUG 25938 --- [tienda-ms-pedidos] [           main] o.s.b.f.s.DefaultListableBeanFactory     : Autowiring by type from bean name 'entityManagerFactoryBuilder' via factory method to bean named 'jpaVendorAdapter'
2024-12-15T14:04:00.760-03:00 DEBUG 25938 --- [tienda-ms-pedidos] [           main] o.s.b.f.s.DefaultListableBeanFactory     : Creating shared instance of singleton bean 'persistenceManagedTypes'
2024-12-15T14:04:00.761-03:00 DEBUG 25938 --- [tienda-ms-pedidos] [           main] o.s.b.f.s.DefaultListableBeanFactory     : Autowiring by type from bean name 'persistenceManagedTypes' via factory method to bean named 'org.springframework.beans.factory.support.DefaultListableBeanFactory@18108c5e'
2024-12-15T14:04:00.761-03:00 DEBUG 25938 --- [tienda-ms-pedidos] [           main] o.s.b.f.s.DefaultListableBeanFactory     : Autowiring by type from bean name 'persistenceManagedTypes' via factory method to bean named 'org.springframework.boot.web.servlet.context.AnnotationConfigServletWebServerApplicationContext@5d046b60'
2024-12-15T14:04:00.762-03:00 DEBUG 25938 --- [tienda-ms-pedidos] [           main] o.s.b.f.s.DefaultListableBeanFactory     : Autowiring by type from bean name 'entityManagerFactory' via factory method to bean named 'entityManagerFactoryBuilder'
2024-12-15T14:04:00.762-03:00 DEBUG 25938 --- [tienda-ms-pedidos] [           main] o.s.b.f.s.DefaultListableBeanFactory     : Autowiring by type from bean name 'entityManagerFactory' via factory method to bean named 'persistenceManagedTypes'
2024-12-15T14:04:00.763-03:00 DEBUG 25938 --- [tienda-ms-pedidos] [           main] j.LocalContainerEntityManagerFactoryBean : Building JPA container EntityManagerFactory for persistence unit 'default'
2024-12-15T14:04:00.763-03:00 DEBUG 25938 --- [tienda-ms-pedidos] [           main] o.hibernate.jpa.internal.util.LogHelper  : PersistenceUnitInfo [
	name: default
	persistence provider classname: null
	classloader: jdk.internal.loader.ClassLoaders$AppClassLoader@5a07e868
	excludeUnlistedClasses: true
	JTA datasource: null
	Non JTA datasource: HikariDataSource (null)
	Transaction type: RESOURCE_LOCAL
	PU root URL: file:/Users/gonzaloduranadasme/Documents/GitHub/FS3_Sumativa/backend-arquetipo/tienda-ms-pedidos/target/test-classes/
	Shared Cache Mode: UNSPECIFIED
	Validation Mode: AUTO
	Jar files URLs []
	Managed classes names [
		com.example.tienda_ms_pedidos.model.Categoria
		com.example.tienda_ms_pedidos.model.DetalleOrden
		com.example.tienda_ms_pedidos.model.Orden
		com.example.tienda_ms_pedidos.model.Producto]
	Mapping files names []
	Properties []
2024-12-15T14:04:00.763-03:00 DEBUG 25938 --- [tienda-ms-pedidos] [           main] o.h.i.internal.IntegratorServiceImpl     : Adding Integrator [org.hibernate.boot.beanvalidation.BeanValidationIntegrator].
2024-12-15T14:04:00.763-03:00 DEBUG 25938 --- [tienda-ms-pedidos] [           main] o.h.i.internal.IntegratorServiceImpl     : Adding Integrator [org.hibernate.cache.internal.CollectionCacheInvalidator].
2024-12-15T14:04:00.764-03:00 DEBUG 25938 --- [tienda-ms-pedidos] [           main] org.hibernate.orm.idgen.factory          : Registering IdentifierGenerator strategy [uuid2] -> [org.hibernate.id.UUIDGenerator]
2024-12-15T14:04:00.764-03:00 DEBUG 25938 --- [tienda-ms-pedidos] [           main] org.hibernate.orm.idgen.factory          : Registering IdentifierGenerator strategy [guid] -> [org.hibernate.id.GUIDGenerator]
2024-12-15T14:04:00.764-03:00 DEBUG 25938 --- [tienda-ms-pedidos] [           main] org.hibernate.orm.idgen.factory          : Registering IdentifierGenerator strategy [uuid] -> [org.hibernate.id.UUIDHexGenerator]
2024-12-15T14:04:00.764-03:00 DEBUG 25938 --- [tienda-ms-pedidos] [           main] org.hibernate.orm.idgen.factory          : Registering IdentifierGenerator strategy [uuid.hex] -> [org.hibernate.id.UUIDHexGenerator]
2024-12-15T14:04:00.764-03:00 DEBUG 25938 --- [tienda-ms-pedidos] [           main] org.hibernate.orm.idgen.factory          : Registering IdentifierGenerator strategy [assigned] -> [org.hibernate.id.Assigned]
2024-12-15T14:04:00.764-03:00 DEBUG 25938 --- [tienda-ms-pedidos] [           main] org.hibernate.orm.idgen.factory          : Registering IdentifierGenerator strategy [identity] -> [org.hibernate.id.IdentityGenerator]
2024-12-15T14:04:00.764-03:00 DEBUG 25938 --- [tienda-ms-pedidos] [           main] org.hibernate.orm.idgen.factory          : Registering IdentifierGenerator strategy [select] -> [org.hibernate.id.SelectGenerator]
2024-12-15T14:04:00.764-03:00 DEBUG 25938 --- [tienda-ms-pedidos] [           main] org.hibernate.orm.idgen.factory          : Registering IdentifierGenerator strategy [sequence] -> [org.hibernate.id.enhanced.SequenceStyleGenerator]
2024-12-15T14:04:00.764-03:00 DEBUG 25938 --- [tienda-ms-pedidos] [           main] org.hibernate.orm.idgen.factory          : Registering IdentifierGenerator strategy [increment] -> [org.hibernate.id.IncrementGenerator]
2024-12-15T14:04:00.764-03:00 DEBUG 25938 --- [tienda-ms-pedidos] [           main] org.hibernate.orm.idgen.factory          : Registering IdentifierGenerator strategy [foreign] -> [org.hibernate.id.ForeignGenerator]
2024-12-15T14:04:00.764-03:00 DEBUG 25938 --- [tienda-ms-pedidos] [           main] org.hibernate.orm.idgen.factory          : Registering IdentifierGenerator strategy [enhanced-sequence] -> [org.hibernate.id.enhanced.SequenceStyleGenerator]
2024-12-15T14:04:00.764-03:00 DEBUG 25938 --- [tienda-ms-pedidos] [           main] org.hibernate.orm.idgen.factory          : Registering IdentifierGenerator strategy [enhanced-table] -> [org.hibernate.id.enhanced.TableGenerator]
2024-12-15T14:04:00.764-03:00 DEBUG 25938 --- [tienda-ms-pedidos] [           main] o.h.c.internal.RegionFactoryInitiator    : Cannot default RegionFactory based on registered strategies as `[]` RegionFactory strategies were registered
2024-12-15T14:04:00.764-03:00  INFO 25938 --- [tienda-ms-pedidos] [           main] o.h.c.internal.RegionFactoryInitiator    : HHH000026: Second-level cache disabled
2024-12-15T14:04:00.764-03:00 DEBUG 25938 --- [tienda-ms-pedidos] [           main] org.hibernate.type.BasicTypeRegistry     : Adding type registration boolean -> org.hibernate.type.BasicTypeReference@189f3ccd
2024-12-15T14:04:00.764-03:00 DEBUG 25938 --- [tienda-ms-pedidos] [           main] org.hibernate.type.BasicTypeRegistry     : Adding type registration boolean -> org.hibernate.type.BasicTypeReference@189f3ccd
2024-12-15T14:04:00.764-03:00 DEBUG 25938 --- [tienda-ms-pedidos] [           main] org.hibernate.type.BasicTypeRegistry     : Adding type registration java.lang.Boolean -> org.hibernate.type.BasicTypeReference@189f3ccd
2024-12-15T14:04:00.764-03:00 DEBUG 25938 --- [tienda-ms-pedidos] [           main] org.hibernate.type.BasicTypeRegistry     : Adding type registration numeric_boolean -> org.hibernate.type.BasicTypeReference@2eb0932c
2024-12-15T14:04:00.764-03:00 DEBUG 25938 --- [tienda-ms-pedidos] [           main] org.hibernate.type.BasicTypeRegistry     : Adding type registration org.hibernate.type.NumericBooleanConverter -> org.hibernate.type.BasicTypeReference@2eb0932c
2024-12-15T14:04:00.764-03:00 DEBUG 25938 --- [tienda-ms-pedidos] [           main] org.hibernate.type.BasicTypeRegistry     : Adding type registration true_false -> org.hibernate.type.BasicTypeReference@82382d1
2024-12-15T14:04:00.764-03:00 DEBUG 25938 --- [tienda-ms-pedidos] [           main] org.hibernate.type.BasicTypeRegistry     : Adding type registration org.hibernate.type.TrueFalseConverter -> org.hibernate.type.BasicTypeReference@82382d1
2024-12-15T14:04:00.764-03:00 DEBUG 25938 --- [tienda-ms-pedidos] [           main] org.hibernate.type.BasicTypeRegistry     : Adding type registration yes_no -> org.hibernate.type.BasicTypeReference@6c120b00
2024-12-15T14:04:00.764-03:00 DEBUG 25938 --- [tienda-ms-pedidos] [           main] org.hibernate.type.BasicTypeRegistry     : Adding type registration org.hibernate.type.YesNoConverter -> org.hibernate.type.BasicTypeReference@6c120b00
2024-12-15T14:04:00.764-03:00 DEBUG 25938 --- [tienda-ms-pedidos] [           main] org.hibernate.type.BasicTypeRegistry     : Adding type registration byte -> org.hibernate.type.BasicTypeReference@d8a2b1b
2024-12-15T14:04:00.764-03:00 DEBUG 25938 --- [tienda-ms-pedidos] [           main] org.hibernate.type.BasicTypeRegistry     : Adding type registration byte -> org.hibernate.type.BasicTypeReference@d8a2b1b
2024-12-15T14:04:00.764-03:00 DEBUG 25938 --- [tienda-ms-pedidos] [           main] org.hibernate.type.BasicTypeRegistry     : Adding type registration java.lang.Byte -> org.hibernate.type.BasicTypeReference@d8a2b1b
2024-12-15T14:04:00.764-03:00 DEBUG 25938 --- [tienda-ms-pedidos] [           main] org.hibernate.type.BasicTypeRegistry     : Adding type registration binary -> org.hibernate.type.BasicTypeReference@2709e075
2024-12-15T14:04:00.764-03:00 DEBUG 25938 --- [tienda-ms-pedidos] [           main] org.hibernate.type.BasicTypeRegistry     : Adding type registration byte[] -> org.hibernate.type.BasicTypeReference@2709e075
2024-12-15T14:04:00.764-03:00 DEBUG 25938 --- [tienda-ms-pedidos] [           main] org.hibernate.type.BasicTypeRegistry     : Adding type registration [B -> org.hibernate.type.BasicTypeReference@2709e075
2024-12-15T14:04:00.764-03:00 DEBUG 25938 --- [tienda-ms-pedidos] [           main] org.hibernate.type.BasicTypeRegistry     : Adding type registration binary_wrapper -> org.hibernate.type.BasicTypeReference@3328db4f
2024-12-15T14:04:00.764-03:00 DEBUG 25938 --- [tienda-ms-pedidos] [           main] org.hibernate.type.BasicTypeRegistry     : Adding type registration wrapper-binary -> org.hibernate.type.BasicTypeReference@3328db4f
2024-12-15T14:04:00.764-03:00 DEBUG 25938 --- [tienda-ms-pedidos] [           main] org.hibernate.type.BasicTypeRegistry     : Adding type registration image -> org.hibernate.type.BasicTypeReference@4f9e9c21
2024-12-15T14:04:00.764-03:00 DEBUG 25938 --- [tienda-ms-pedidos] [           main] org.hibernate.type.BasicTypeRegistry     : Adding type registration blob -> org.hibernate.type.BasicTypeReference@1390a43a
2024-12-15T14:04:00.764-03:00 DEBUG 25938 --- [tienda-ms-pedidos] [           main] org.hibernate.type.BasicTypeRegistry     : Adding type registration java.sql.Blob -> org.hibernate.type.BasicTypeReference@1390a43a
2024-12-15T14:04:00.764-03:00 DEBUG 25938 --- [tienda-ms-pedidos] [           main] org.hibernate.type.BasicTypeRegistry     : Adding type registration materialized_blob -> org.hibernate.type.BasicTypeReference@7bf2e475
2024-12-15T14:04:00.764-03:00 DEBUG 25938 --- [tienda-ms-pedidos] [           main] org.hibernate.type.BasicTypeRegistry     : Adding type registration materialized_blob_wrapper -> org.hibernate.type.BasicTypeReference@e75bae7
2024-12-15T14:04:00.764-03:00 DEBUG 25938 --- [tienda-ms-pedidos] [           main] org.hibernate.type.BasicTypeRegistry     : Adding type registration short -> org.hibernate.type.BasicTypeReference@3531509c
2024-12-15T14:04:00.764-03:00 DEBUG 25938 --- [tienda-ms-pedidos] [           main] org.hibernate.type.BasicTypeRegistry     : Adding type registration short -> org.hibernate.type.BasicTypeReference@3531509c
2024-12-15T14:04:00.764-03:00 DEBUG 25938 --- [tienda-ms-pedidos] [           main] org.hibernate.type.BasicTypeRegistry     : Adding type registration java.lang.Short -> org.hibernate.type.BasicTypeReference@3531509c
2024-12-15T14:04:00.764-03:00 DEBUG 25938 --- [tienda-ms-pedidos] [           main] org.hibernate.type.BasicTypeRegistry     : Adding type registration integer -> org.hibernate.type.BasicTypeReference@23169374
2024-12-15T14:04:00.764-03:00 DEBUG 25938 --- [tienda-ms-pedidos] [           main] org.hibernate.type.BasicTypeRegistry     : Adding type registration int -> org.hibernate.type.BasicTypeReference@23169374
2024-12-15T14:04:00.764-03:00 DEBUG 25938 --- [tienda-ms-pedidos] [           main] org.hibernate.type.BasicTypeRegistry     : Adding type registration java.lang.Integer -> org.hibernate.type.BasicTypeReference@23169374
2024-12-15T14:04:00.764-03:00 DEBUG 25938 --- [tienda-ms-pedidos] [           main] org.hibernate.type.BasicTypeRegistry     : Adding type registration long -> org.hibernate.type.BasicTypeReference@4f2b1a2f
2024-12-15T14:04:00.764-03:00 DEBUG 25938 --- [tienda-ms-pedidos] [           main] org.hibernate.type.BasicTypeRegistry     : Adding type registration long -> org.hibernate.type.BasicTypeReference@4f2b1a2f
2024-12-15T14:04:00.764-03:00 DEBUG 25938 --- [tienda-ms-pedidos] [           main] org.hibernate.type.BasicTypeRegistry     : Adding type registration java.lang.Long -> org.hibernate.type.BasicTypeReference@4f2b1a2f
2024-12-15T14:04:00.764-03:00 DEBUG 25938 --- [tienda-ms-pedidos] [           main] org.hibernate.type.BasicTypeRegistry     : Adding type registration float -> org.hibernate.type.BasicTypeReference@6c2a33af
2024-12-15T14:04:00.764-03:00 DEBUG 25938 --- [tienda-ms-pedidos] [           main] org.hibernate.type.BasicTypeRegistry     : Adding type registration float -> org.hibernate.type.BasicTypeReference@6c2a33af
2024-12-15T14:04:00.764-03:00 DEBUG 25938 --- [tienda-ms-pedidos] [           main] org.hibernate.type.BasicTypeRegistry     : Adding type registration java.lang.Float -> org.hibernate.type.BasicTypeReference@6c2a33af
2024-12-15T14:04:00.764-03:00 DEBUG 25938 --- [tienda-ms-pedidos] [           main] org.hibernate.type.BasicTypeRegistry     : Adding type registration double -> org.hibernate.type.BasicTypeReference@53202b06
2024-12-15T14:04:00.764-03:00 DEBUG 25938 --- [tienda-ms-pedidos] [           main] org.hibernate.type.BasicTypeRegistry     : Adding type registration double -> org.hibernate.type.BasicTypeReference@53202b06
2024-12-15T14:04:00.764-03:00 DEBUG 25938 --- [tienda-ms-pedidos] [           main] org.hibernate.type.BasicTypeRegistry     : Adding type registration java.lang.Double -> org.hibernate.type.BasicTypeReference@53202b06
2024-12-15T14:04:00.764-03:00 DEBUG 25938 --- [tienda-ms-pedidos] [           main] org.hibernate.type.BasicTypeRegistry     : Adding type registration big_integer -> org.hibernate.type.BasicTypeReference@44ba9f25
2024-12-15T14:04:00.764-03:00 DEBUG 25938 --- [tienda-ms-pedidos] [           main] org.hibernate.type.BasicTypeRegistry     : Adding type registration java.math.BigInteger -> org.hibernate.type.BasicTypeReference@44ba9f25
2024-12-15T14:04:00.764-03:00 DEBUG 25938 --- [tienda-ms-pedidos] [           main] org.hibernate.type.BasicTypeRegistry     : Adding type registration big_decimal -> org.hibernate.type.BasicTypeReference@53570fff
2024-12-15T14:04:00.764-03:00 DEBUG 25938 --- [tienda-ms-pedidos] [           main] org.hibernate.type.BasicTypeRegistry     : Adding type registration java.math.BigDecimal -> org.hibernate.type.BasicTypeReference@53570fff
2024-12-15T14:04:00.764-03:00 DEBUG 25938 --- [tienda-ms-pedidos] [           main] org.hibernate.type.BasicTypeRegistry     : Adding type registration character -> org.hibernate.type.BasicTypeReference@6e5df971
2024-12-15T14:04:00.764-03:00 DEBUG 25938 --- [tienda-ms-pedidos] [           main] org.hibernate.type.BasicTypeRegistry     : Adding type registration char -> org.hibernate.type.BasicTypeReference@6e5df971
2024-12-15T14:04:00.764-03:00 DEBUG 25938 --- [tienda-ms-pedidos] [           main] org.hibernate.type.BasicTypeRegistry     : Adding type registration java.lang.Character -> org.hibernate.type.BasicTypeReference@6e5df971
2024-12-15T14:04:00.764-03:00 DEBUG 25938 --- [tienda-ms-pedidos] [           main] org.hibernate.type.BasicTypeRegistry     : Adding type registration character_nchar -> org.hibernate.type.BasicTypeReference@3c7787a7
2024-12-15T14:04:00.764-03:00 DEBUG 25938 --- [tienda-ms-pedidos] [           main] org.hibernate.type.BasicTypeRegistry     : Adding type registration string -> org.hibernate.type.BasicTypeReference@2ca464bb
2024-12-15T14:04:00.764-03:00 DEBUG 25938 --- [tienda-ms-pedidos] [           main] org.hibernate.type.BasicTypeRegistry     : Adding type registration java.lang.String -> org.hibernate.type.BasicTypeReference@2ca464bb
2024-12-15T14:04:00.764-03:00 DEBUG 25938 --- [tienda-ms-pedidos] [           main] org.hibernate.type.BasicTypeRegistry     : Adding type registration nstring -> org.hibernate.type.BasicTypeReference@4767be27
2024-12-15T14:04:00.764-03:00 DEBUG 25938 --- [tienda-ms-pedidos] [           main] org.hibernate.type.BasicTypeRegistry     : Adding type registration characters -> org.hibernate.type.BasicTypeReference@46f041cb
2024-12-15T14:04:00.764-03:00 DEBUG 25938 --- [tienda-ms-pedidos] [           main] org.hibernate.type.BasicTypeRegistry     : Adding type registration char[] -> org.hibernate.type.BasicTypeReference@46f041cb
2024-12-15T14:04:00.764-03:00 DEBUG 25938 --- [tienda-ms-pedidos] [           main] org.hibernate.type.BasicTypeRegistry     : Adding type registration [C -> org.hibernate.type.BasicTypeReference@46f041cb
2024-12-15T14:04:00.764-03:00 DEBUG 25938 --- [tienda-ms-pedidos] [           main] org.hibernate.type.BasicTypeRegistry     : Adding type registration wrapper-characters -> org.hibernate.type.BasicTypeReference@46baac0d
2024-12-15T14:04:00.764-03:00 DEBUG 25938 --- [tienda-ms-pedidos] [           main] org.hibernate.type.BasicTypeRegistry     : Adding type registration text -> org.hibernate.type.BasicTypeReference@493489dd
2024-12-15T14:04:00.764-03:00 DEBUG 25938 --- [tienda-ms-pedidos] [           main] org.hibernate.type.BasicTypeRegistry     : Adding type registration ntext -> org.hibernate.type.BasicTypeReference@3358805a
2024-12-15T14:04:00.764-03:00 DEBUG 25938 --- [tienda-ms-pedidos] [           main] org.hibernate.type.BasicTypeRegistry     : Adding type registration clob -> org.hibernate.type.BasicTypeReference@77e261e3
2024-12-15T14:04:00.764-03:00 DEBUG 25938 --- [tienda-ms-pedidos] [           main] org.hibernate.type.BasicTypeRegistry     : Adding type registration java.sql.Clob -> org.hibernate.type.BasicTypeReference@77e261e3
2024-12-15T14:04:00.764-03:00 DEBUG 25938 --- [tienda-ms-pedidos] [           main] org.hibernate.type.BasicTypeRegistry     : Adding type registration nclob -> org.hibernate.type.BasicTypeReference@642b71d6
2024-12-15T14:04:00.764-03:00 DEBUG 25938 --- [tienda-ms-pedidos] [           main] org.hibernate.type.BasicTypeRegistry     : Adding type registration java.sql.NClob -> org.hibernate.type.BasicTypeReference@642b71d6
2024-12-15T14:04:00.764-03:00 DEBUG 25938 --- [tienda-ms-pedidos] [           main] org.hibernate.type.BasicTypeRegistry     : Adding type registration materialized_clob -> org.hibernate.type.BasicTypeReference@93c66ef
2024-12-15T14:04:00.764-03:00 DEBUG 25938 --- [tienda-ms-pedidos] [           main] org.hibernate.type.BasicTypeRegistry     : Adding type registration materialized_clob_char_array -> org.hibernate.type.BasicTypeReference@7e916dc2
2024-12-15T14:04:00.764-03:00 DEBUG 25938 --- [tienda-ms-pedidos] [           main] org.hibernate.type.BasicTypeRegistry     : Adding type registration materialized_clob_character_array -> org.hibernate.type.BasicTypeReference@1a18e68a
2024-12-15T14:04:00.764-03:00 DEBUG 25938 --- [tienda-ms-pedidos] [           main] org.hibernate.type.BasicTypeRegistry     : Adding type registration materialized_nclob -> org.hibernate.type.BasicTypeReference@258291de
2024-12-15T14:04:00.764-03:00 DEBUG 25938 --- [tienda-ms-pedidos] [           main] org.hibernate.type.BasicTypeRegistry     : Adding type registration materialized_nclob_character_array -> org.hibernate.type.BasicTypeReference@4f63909f
2024-12-15T14:04:00.764-03:00 DEBUG 25938 --- [tienda-ms-pedidos] [           main] org.hibernate.type.BasicTypeRegistry     : Adding type registration materialized_nclob_char_array -> org.hibernate.type.BasicTypeReference@3ae91bcc
2024-12-15T14:04:00.764-03:00 DEBUG 25938 --- [tienda-ms-pedidos] [           main] org.hibernate.type.BasicTypeRegistry     : Adding type registration Duration -> org.hibernate.type.BasicTypeReference@679886ad
2024-12-15T14:04:00.764-03:00 DEBUG 25938 --- [tienda-ms-pedidos] [           main] org.hibernate.type.BasicTypeRegistry     : Adding type registration java.time.Duration -> org.hibernate.type.BasicTypeReference@679886ad
2024-12-15T14:04:00.765-03:00 DEBUG 25938 --- [tienda-ms-pedidos] [           main] org.hibernate.type.BasicTypeRegistry     : Adding type registration LocalDateTime -> org.hibernate.type.BasicTypeReference@5625e7e1
2024-12-15T14:04:00.765-03:00 DEBUG 25938 --- [tienda-ms-pedidos] [           main] org.hibernate.type.BasicTypeRegistry     : Adding type registration java.time.LocalDateTime -> org.hibernate.type.BasicTypeReference@5625e7e1
2024-12-15T14:04:00.765-03:00 DEBUG 25938 --- [tienda-ms-pedidos] [           main] org.hibernate.type.BasicTypeRegistry     : Adding type registration LocalDate -> org.hibernate.type.BasicTypeReference@59172d2
2024-12-15T14:04:00.765-03:00 DEBUG 25938 --- [tienda-ms-pedidos] [           main] org.hibernate.type.BasicTypeRegistry     : Adding type registration java.time.LocalDate -> org.hibernate.type.BasicTypeReference@59172d2
2024-12-15T14:04:00.765-03:00 DEBUG 25938 --- [tienda-ms-pedidos] [           main] org.hibernate.type.BasicTypeRegistry     : Adding type registration LocalTime -> org.hibernate.type.BasicTypeReference@77d42ed7
2024-12-15T14:04:00.765-03:00 DEBUG 25938 --- [tienda-ms-pedidos] [           main] org.hibernate.type.BasicTypeRegistry     : Adding type registration java.time.LocalTime -> org.hibernate.type.BasicTypeReference@77d42ed7
2024-12-15T14:04:00.765-03:00 DEBUG 25938 --- [tienda-ms-pedidos] [           main] org.hibernate.type.BasicTypeRegistry     : Adding type registration OffsetDateTime -> org.hibernate.type.BasicTypeReference@54da736e
2024-12-15T14:04:00.765-03:00 DEBUG 25938 --- [tienda-ms-pedidos] [           main] org.hibernate.type.BasicTypeRegistry     : Adding type registration java.time.OffsetDateTime -> org.hibernate.type.BasicTypeReference@54da736e
2024-12-15T14:04:00.765-03:00 DEBUG 25938 --- [tienda-ms-pedidos] [           main] org.hibernate.type.BasicTypeRegistry     : Adding type registration OffsetDateTimeWithTimezone -> org.hibernate.type.BasicTypeReference@2d398cfb
2024-12-15T14:04:00.765-03:00 DEBUG 25938 --- [tienda-ms-pedidos] [           main] org.hibernate.type.BasicTypeRegistry     : Adding type registration OffsetDateTimeWithoutTimezone -> org.hibernate.type.BasicTypeReference@23307c6c
2024-12-15T14:04:00.765-03:00 DEBUG 25938 --- [tienda-ms-pedidos] [           main] org.hibernate.type.BasicTypeRegistry     : Adding type registration OffsetTime -> org.hibernate.type.BasicTypeReference@75c45c4b
2024-12-15T14:04:00.765-03:00 DEBUG 25938 --- [tienda-ms-pedidos] [           main] org.hibernate.type.BasicTypeRegistry     : Adding type registration java.time.OffsetTime -> org.hibernate.type.BasicTypeReference@75c45c4b
2024-12-15T14:04:00.765-03:00 DEBUG 25938 --- [tienda-ms-pedidos] [           main] org.hibernate.type.BasicTypeRegistry     : Adding type registration OffsetTimeUtc -> org.hibernate.type.BasicTypeReference@7202009e
2024-12-15T14:04:00.765-03:00 DEBUG 25938 --- [tienda-ms-pedidos] [           main] org.hibernate.type.BasicTypeRegistry     : Adding type registration OffsetTimeWithTimezone -> org.hibernate.type.BasicTypeReference@133d0471
2024-12-15T14:04:00.765-03:00 DEBUG 25938 --- [tienda-ms-pedidos] [           main] org.hibernate.type.BasicTypeRegistry     : Adding type registration OffsetTimeWithoutTimezone -> org.hibernate.type.BasicTypeReference@33cec966
2024-12-15T14:04:00.765-03:00 DEBUG 25938 --- [tienda-ms-pedidos] [           main] org.hibernate.type.BasicTypeRegistry     : Adding type registration ZonedDateTime -> org.hibernate.type.BasicTypeReference@643fed50
2024-12-15T14:04:00.765-03:00 DEBUG 25938 --- [tienda-ms-pedidos] [           main] org.hibernate.type.BasicTypeRegistry     : Adding type registration java.time.ZonedDateTime -> org.hibernate.type.BasicTypeReference@643fed50
2024-12-15T14:04:00.765-03:00 DEBUG 25938 --- [tienda-ms-pedidos] [           main] org.hibernate.type.BasicTypeRegistry     : Adding type registration ZonedDateTimeWithTimezone -> org.hibernate.type.BasicTypeReference@65b07b9
2024-12-15T14:04:00.765-03:00 DEBUG 25938 --- [tienda-ms-pedidos] [           main] org.hibernate.type.BasicTypeRegistry     : Adding type registration ZonedDateTimeWithoutTimezone -> org.hibernate.type.BasicTypeReference@7dbe858f
2024-12-15T14:04:00.765-03:00 DEBUG 25938 --- [tienda-ms-pedidos] [           main] org.hibernate.type.BasicTypeRegistry     : Adding type registration date -> org.hibernate.type.BasicTypeReference@387ef6a7
2024-12-15T14:04:00.765-03:00 DEBUG 25938 --- [tienda-ms-pedidos] [           main] org.hibernate.type.BasicTypeRegistry     : Adding type registration java.sql.Date -> org.hibernate.type.BasicTypeReference@387ef6a7
2024-12-15T14:04:00.765-03:00 DEBUG 25938 --- [tienda-ms-pedidos] [           main] org.hibernate.type.BasicTypeRegistry     : Adding type registration time -> org.hibernate.type.BasicTypeReference@2330c995
2024-12-15T14:04:00.765-03:00 DEBUG 25938 --- [tienda-ms-pedidos] [           main] org.hibernate.type.BasicTypeRegistry     : Adding type registration java.sql.Time -> org.hibernate.type.BasicTypeReference@2330c995
2024-12-15T14:04:00.765-03:00 DEBUG 25938 --- [tienda-ms-pedidos] [           main] org.hibernate.type.BasicTypeRegistry     : Adding type registration timestamp -> org.hibernate.type.BasicTypeReference@7d086485
2024-12-15T14:04:00.765-03:00 DEBUG 25938 --- [tienda-ms-pedidos] [           main] org.hibernate.type.BasicTypeRegistry     : Adding type registration java.sql.Timestamp -> org.hibernate.type.BasicTypeReference@7d086485
2024-12-15T14:04:00.765-03:00 DEBUG 25938 --- [tienda-ms-pedidos] [           main] org.hibernate.type.BasicTypeRegistry     : Adding type registration java.util.Date -> org.hibernate.type.BasicTypeReference@7d086485
2024-12-15T14:04:00.765-03:00 DEBUG 25938 --- [tienda-ms-pedidos] [           main] org.hibernate.type.BasicTypeRegistry     : Adding type registration calendar -> org.hibernate.type.BasicTypeReference@74130456
2024-12-15T14:04:00.765-03:00 DEBUG 25938 --- [tienda-ms-pedidos] [           main] org.hibernate.type.BasicTypeRegistry     : Adding type registration java.util.Calendar -> org.hibernate.type.BasicTypeReference@74130456
2024-12-15T14:04:00.765-03:00 DEBUG 25938 --- [tienda-ms-pedidos] [           main] org.hibernate.type.BasicTypeRegistry     : Adding type registration java.util.GregorianCalendar -> org.hibernate.type.BasicTypeReference@74130456
2024-12-15T14:04:00.765-03:00 DEBUG 25938 --- [tienda-ms-pedidos] [           main] org.hibernate.type.BasicTypeRegistry     : Adding type registration calendar_date -> org.hibernate.type.BasicTypeReference@3b171fbd
2024-12-15T14:04:00.765-03:00 DEBUG 25938 --- [tienda-ms-pedidos] [           main] org.hibernate.type.BasicTypeRegistry     : Adding type registration calendar_time -> org.hibernate.type.BasicTypeReference@20dc763b
2024-12-15T14:04:00.765-03:00 DEBUG 25938 --- [tienda-ms-pedidos] [           main] org.hibernate.type.BasicTypeRegistry     : Adding type registration instant -> org.hibernate.type.BasicTypeReference@4c81e7c2
2024-12-15T14:04:00.765-03:00 DEBUG 25938 --- [tienda-ms-pedidos] [           main] org.hibernate.type.BasicTypeRegistry     : Adding type registration java.time.Instant -> org.hibernate.type.BasicTypeReference@4c81e7c2
2024-12-15T14:04:00.765-03:00 DEBUG 25938 --- [tienda-ms-pedidos] [           main] org.hibernate.type.BasicTypeRegistry     : Adding type registration uuid -> org.hibernate.type.BasicTypeReference@4fe8e318
2024-12-15T14:04:00.765-03:00 DEBUG 25938 --- [tienda-ms-pedidos] [           main] org.hibernate.type.BasicTypeRegistry     : Adding type registration java.util.UUID -> org.hibernate.type.BasicTypeReference@4fe8e318
2024-12-15T14:04:00.765-03:00 DEBUG 25938 --- [tienda-ms-pedidos] [           main] org.hibernate.type.BasicTypeRegistry     : Adding type registration pg-uuid -> org.hibernate.type.BasicTypeReference@4fe8e318
2024-12-15T14:04:00.765-03:00 DEBUG 25938 --- [tienda-ms-pedidos] [           main] org.hibernate.type.BasicTypeRegistry     : Adding type registration uuid-binary -> org.hibernate.type.BasicTypeReference@21e15093
2024-12-15T14:04:00.765-03:00 DEBUG 25938 --- [tienda-ms-pedidos] [           main] org.hibernate.type.BasicTypeRegistry     : Adding type registration uuid-char -> org.hibernate.type.BasicTypeReference@62cf873a
2024-12-15T14:04:00.765-03:00 DEBUG 25938 --- [tienda-ms-pedidos] [           main] org.hibernate.type.BasicTypeRegistry     : Adding type registration class -> org.hibernate.type.BasicTypeReference@21b3d356
2024-12-15T14:04:00.765-03:00 DEBUG 25938 --- [tienda-ms-pedidos] [           main] org.hibernate.type.BasicTypeRegistry     : Adding type registration java.lang.Class -> org.hibernate.type.BasicTypeReference@21b3d356
2024-12-15T14:04:00.765-03:00 DEBUG 25938 --- [tienda-ms-pedidos] [           main] org.hibernate.type.BasicTypeRegistry     : Adding type registration currency -> org.hibernate.type.BasicTypeReference@294b045b
2024-12-15T14:04:00.765-03:00 DEBUG 25938 --- [tienda-ms-pedidos] [           main] org.hibernate.type.BasicTypeRegistry     : Adding type registration Currency -> org.hibernate.type.BasicTypeReference@294b045b
2024-12-15T14:04:00.765-03:00 DEBUG 25938 --- [tienda-ms-pedidos] [           main] org.hibernate.type.BasicTypeRegistry     : Adding type registration java.util.Currency -> org.hibernate.type.BasicTypeReference@294b045b
2024-12-15T14:04:00.765-03:00 DEBUG 25938 --- [tienda-ms-pedidos] [           main] org.hibernate.type.BasicTypeRegistry     : Adding type registration locale -> org.hibernate.type.BasicTypeReference@285ac29
2024-12-15T14:04:00.765-03:00 DEBUG 25938 --- [tienda-ms-pedidos] [           main] org.hibernate.type.BasicTypeRegistry     : Adding type registration java.util.Locale -> org.hibernate.type.BasicTypeReference@285ac29
2024-12-15T14:04:00.765-03:00 DEBUG 25938 --- [tienda-ms-pedidos] [           main] org.hibernate.type.BasicTypeRegistry     : Adding type registration serializable -> org.hibernate.type.BasicTypeReference@1ced1d14
2024-12-15T14:04:00.765-03:00 DEBUG 25938 --- [tienda-ms-pedidos] [           main] org.hibernate.type.BasicTypeRegistry     : Adding type registration java.io.Serializable -> org.hibernate.type.BasicTypeReference@1ced1d14
2024-12-15T14:04:00.765-03:00 DEBUG 25938 --- [tienda-ms-pedidos] [           main] org.hibernate.type.BasicTypeRegistry     : Adding type registration timezone -> org.hibernate.type.BasicTypeReference@237b54bc
2024-12-15T14:04:00.765-03:00 DEBUG 25938 --- [tienda-ms-pedidos] [           main] org.hibernate.type.BasicTypeRegistry     : Adding type registration java.util.TimeZone -> org.hibernate.type.BasicTypeReference@237b54bc
2024-12-15T14:04:00.765-03:00 DEBUG 25938 --- [tienda-ms-pedidos] [           main] org.hibernate.type.BasicTypeRegistry     : Adding type registration ZoneOffset -> org.hibernate.type.BasicTypeReference@5263f554
2024-12-15T14:04:00.765-03:00 DEBUG 25938 --- [tienda-ms-pedidos] [           main] org.hibernate.type.BasicTypeRegistry     : Adding type registration java.time.ZoneOffset -> org.hibernate.type.BasicTypeReference@5263f554
2024-12-15T14:04:00.765-03:00 DEBUG 25938 --- [tienda-ms-pedidos] [           main] org.hibernate.type.BasicTypeRegistry     : Adding type registration url -> org.hibernate.type.BasicTypeReference@7d28efd5
2024-12-15T14:04:00.765-03:00 DEBUG 25938 --- [tienda-ms-pedidos] [           main] org.hibernate.type.BasicTypeRegistry     : Adding type registration java.net.URL -> org.hibernate.type.BasicTypeReference@7d28efd5
2024-12-15T14:04:00.765-03:00 DEBUG 25938 --- [tienda-ms-pedidos] [           main] org.hibernate.type.BasicTypeRegistry     : Adding type registration vector -> org.hibernate.type.BasicTypeReference@95958d9
2024-12-15T14:04:00.765-03:00 DEBUG 25938 --- [tienda-ms-pedidos] [           main] org.hibernate.type.BasicTypeRegistry     : Adding type registration float_vector -> org.hibernate.type.BasicTypeReference@70fe33fa
2024-12-15T14:04:00.765-03:00 DEBUG 25938 --- [tienda-ms-pedidos] [           main] org.hibernate.type.BasicTypeRegistry     : Adding type registration double_vector -> org.hibernate.type.BasicTypeReference@3dfaa1e4
2024-12-15T14:04:00.765-03:00 DEBUG 25938 --- [tienda-ms-pedidos] [           main] org.hibernate.type.BasicTypeRegistry     : Adding type registration byte_vector -> org.hibernate.type.BasicTypeReference@796a7c9
2024-12-15T14:04:00.765-03:00 DEBUG 25938 --- [tienda-ms-pedidos] [           main] org.hibernate.type.BasicTypeRegistry     : Adding type registration row_version -> org.hibernate.type.BasicTypeReference@44cab872
2024-12-15T14:04:00.765-03:00 DEBUG 25938 --- [tienda-ms-pedidos] [           main] org.hibernate.type.BasicTypeRegistry     : Adding type registration object -> org.hibernate.type.JavaObjectType@634d56eb
2024-12-15T14:04:00.765-03:00 DEBUG 25938 --- [tienda-ms-pedidos] [           main] org.hibernate.type.BasicTypeRegistry     : Adding type registration java.lang.Object -> org.hibernate.type.JavaObjectType@634d56eb
2024-12-15T14:04:00.765-03:00 DEBUG 25938 --- [tienda-ms-pedidos] [           main] org.hibernate.type.BasicTypeRegistry     : Adding type registration null -> org.hibernate.type.NullType@735b1ad2
2024-12-15T14:04:00.765-03:00 DEBUG 25938 --- [tienda-ms-pedidos] [           main] org.hibernate.type.BasicTypeRegistry     : Adding type registration imm_date -> org.hibernate.type.BasicTypeReference@2beea690
2024-12-15T14:04:00.765-03:00 DEBUG 25938 --- [tienda-ms-pedidos] [           main] org.hibernate.type.BasicTypeRegistry     : Adding type registration imm_time -> org.hibernate.type.BasicTypeReference@224f7b6f
2024-12-15T14:04:00.765-03:00 DEBUG 25938 --- [tienda-ms-pedidos] [           main] org.hibernate.type.BasicTypeRegistry     : Adding type registration imm_timestamp -> org.hibernate.type.BasicTypeReference@390962ec
2024-12-15T14:04:00.765-03:00 DEBUG 25938 --- [tienda-ms-pedidos] [           main] org.hibernate.type.BasicTypeRegistry     : Adding type registration imm_calendar -> org.hibernate.type.BasicTypeReference@2b5482c9
2024-12-15T14:04:00.765-03:00 DEBUG 25938 --- [tienda-ms-pedidos] [           main] org.hibernate.type.BasicTypeRegistry     : Adding type registration imm_calendar_date -> org.hibernate.type.BasicTypeReference@75d06b15
2024-12-15T14:04:00.765-03:00 DEBUG 25938 --- [tienda-ms-pedidos] [           main] org.hibernate.type.BasicTypeRegistry     : Adding type registration imm_calendar_time -> org.hibernate.type.BasicTypeReference@2c1de2c3
2024-12-15T14:04:00.765-03:00 DEBUG 25938 --- [tienda-ms-pedidos] [           main] org.hibernate.type.BasicTypeRegistry     : Adding type registration imm_binary -> org.hibernate.type.BasicTypeReference@5e71ebae
2024-12-15T14:04:00.765-03:00 DEBUG 25938 --- [tienda-ms-pedidos] [           main] org.hibernate.type.BasicTypeRegistry     : Adding type registration imm_serializable -> org.hibernate.type.BasicTypeReference@513c7863
2024-12-15T14:04:00.765-03:00 DEBUG 25938 --- [tienda-ms-pedidos] [           main] o.h.boot.internal.BootstrapContextImpl   : Injecting JPA temp ClassLoader [org.springframework.instrument.classloading.SimpleThrowawayClassLoader@648acc53] into BootstrapContext; was [null]
2024-12-15T14:04:00.765-03:00 DEBUG 25938 --- [tienda-ms-pedidos] [           main] o.h.boot.internal.ClassLoaderAccessImpl  : ClassLoaderAccessImpl#injectTempClassLoader(org.springframework.instrument.classloading.SimpleThrowawayClassLoader@648acc53) [was null]
2024-12-15T14:04:00.765-03:00 DEBUG 25938 --- [tienda-ms-pedidos] [           main] o.h.boot.internal.BootstrapContextImpl   : Injecting ScanEnvironment [org.hibernate.jpa.boot.internal.StandardJpaScanEnvironmentImpl@35f767f7] into BootstrapContext; was [null]
2024-12-15T14:04:00.765-03:00 DEBUG 25938 --- [tienda-ms-pedidos] [           main] o.h.boot.internal.BootstrapContextImpl   : Injecting ScanOptions [org.hibernate.boot.archive.scan.internal.StandardScanOptions@73aee4a] into BootstrapContext; was [org.hibernate.boot.archive.scan.internal.StandardScanOptions@3102c986]
2024-12-15T14:04:00.769-03:00  INFO 25938 --- [tienda-ms-pedidos] [           main] o.s.o.j.p.SpringPersistenceUnitInfo      : No LoadTimeWeaver setup: ignoring JPA class transformer
2024-12-15T14:04:00.769-03:00 DEBUG 25938 --- [tienda-ms-pedidos] [           main] o.h.boot.internal.BootstrapContextImpl   : Injecting JPA temp ClassLoader [null] into BootstrapContext; was [org.springframework.instrument.classloading.SimpleThrowawayClassLoader@648acc53]
2024-12-15T14:04:00.769-03:00 DEBUG 25938 --- [tienda-ms-pedidos] [           main] o.h.boot.internal.ClassLoaderAccessImpl  : ClassLoaderAccessImpl#injectTempClassLoader(null) [was org.springframework.instrument.classloading.SimpleThrowawayClassLoader@648acc53]
2024-12-15T14:04:00.769-03:00  INFO 25938 --- [tienda-ms-pedidos] [           main] com.zaxxer.hikari.HikariDataSource       : HikariPool-3 - Starting...
2024-12-15T14:04:00.769-03:00  WARN 25938 --- [tienda-ms-pedidos] [           main] c.zaxxer.hikari.util.DriverDataSource    : Registered driver with driverClassName=oracle.jdbc.driver.OracleDriver was not found, trying direct instantiation.
2024-12-15T14:04:01.773-03:00 DEBUG 25938 --- [tienda-ms-pedidos] [           main] o.h.engine.jdbc.spi.SqlExceptionHelper   : unable to obtain isolated JDBC connection [n/a]

java.sql.SQLException: ORA-12263: Fallo al acceder a tnsnames.ora en el directorio configurado como administrador de TNS: /app/wallet. El archivo no existe o no se puede acceder a él.
https://docs.oracle.com/error-help/db/ora-12263/
	at oracle.jdbc.driver.T4CConnection.handleLogonNetException(T4CConnection.java:1617) ~[ojdbc11-23.5.0.24.07.jar:23.5.0.24.07]
	at oracle.jdbc.driver.T4CConnection.logon(T4CConnection.java:1139) ~[ojdbc11-23.5.0.24.07.jar:23.5.0.24.07]
	at oracle.jdbc.driver.PhysicalConnection.connect(PhysicalConnection.java:1206) ~[ojdbc11-23.5.0.24.07.jar:23.5.0.24.07]
	at oracle.jdbc.driver.T4CDriverExtension.getConnection(T4CDriverExtension.java:105) ~[ojdbc11-23.5.0.24.07.jar:23.5.0.24.07]
	at oracle.jdbc.driver.OracleDriver.connect(OracleDriver.java:886) ~[ojdbc11-23.5.0.24.07.jar:23.5.0.24.07]
	at oracle.jdbc.driver.OracleDriver.connect(OracleDriver.java:693) ~[ojdbc11-23.5.0.24.07.jar:23.5.0.24.07]
	at com.zaxxer.hikari.util.DriverDataSource.getConnection(DriverDataSource.java:137) ~[HikariCP-5.1.0.jar:na]
	at com.zaxxer.hikari.pool.PoolBase.newConnection(PoolBase.java:360) ~[HikariCP-5.1.0.jar:na]
	at com.zaxxer.hikari.pool.PoolBase.newPoolEntry(PoolBase.java:202) ~[HikariCP-5.1.0.jar:na]
	at com.zaxxer.hikari.pool.HikariPool.createPoolEntry(HikariPool.java:461) ~[HikariCP-5.1.0.jar:na]
	at com.zaxxer.hikari.pool.HikariPool.checkFailFast(HikariPool.java:550) ~[HikariCP-5.1.0.jar:na]
	at com.zaxxer.hikari.pool.HikariPool.<init>(HikariPool.java:98) ~[HikariCP-5.1.0.jar:na]
	at com.zaxxer.hikari.HikariDataSource.getConnection(HikariDataSource.java:111) ~[HikariCP-5.1.0.jar:na]
	at org.hibernate.engine.jdbc.connections.internal.DatasourceConnectionProviderImpl.getConnection(DatasourceConnectionProviderImpl.java:126) ~[hibernate-core-6.6.2.Final.jar:6.6.2.Final]
	at org.hibernate.engine.jdbc.env.internal.JdbcEnvironmentInitiator$ConnectionProviderJdbcConnectionAccess.obtainConnection(JdbcEnvironmentInitiator.java:467) ~[hibernate-core-6.6.2.Final.jar:6.6.2.Final]
	at org.hibernate.resource.transaction.backend.jdbc.internal.JdbcIsolationDelegate.delegateWork(JdbcIsolationDelegate.java:61) ~[hibernate-core-6.6.2.Final.jar:6.6.2.Final]
	at org.hibernate.engine.jdbc.env.internal.JdbcEnvironmentInitiator.getJdbcEnvironmentUsingJdbcMetadata(JdbcEnvironmentInitiator.java:320) ~[hibernate-core-6.6.2.Final.jar:6.6.2.Final]
	at org.hibernate.engine.jdbc.env.internal.JdbcEnvironmentInitiator.initiateService(JdbcEnvironmentInitiator.java:129) ~[hibernate-core-6.6.2.Final.jar:6.6.2.Final]
	at org.hibernate.engine.jdbc.env.internal.JdbcEnvironmentInitiator.initiateService(JdbcEnvironmentInitiator.java:81) ~[hibernate-core-6.6.2.Final.jar:6.6.2.Final]
	at org.hibernate.boot.registry.internal.StandardServiceRegistryImpl.initiateService(StandardServiceRegistryImpl.java:130) ~[hibernate-core-6.6.2.Final.jar:6.6.2.Final]
	at org.hibernate.service.internal.AbstractServiceRegistryImpl.createService(AbstractServiceRegistryImpl.java:263) ~[hibernate-core-6.6.2.Final.jar:6.6.2.Final]
	at org.hibernate.service.internal.AbstractServiceRegistryImpl.initializeService(AbstractServiceRegistryImpl.java:238) ~[hibernate-core-6.6.2.Final.jar:6.6.2.Final]
	at org.hibernate.service.internal.AbstractServiceRegistryImpl.getService(AbstractServiceRegistryImpl.java:215) ~[hibernate-core-6.6.2.Final.jar:6.6.2.Final]
	at org.hibernate.boot.model.relational.Database.<init>(Database.java:45) ~[hibernate-core-6.6.2.Final.jar:6.6.2.Final]
	at org.hibernate.boot.internal.InFlightMetadataCollectorImpl.getDatabase(InFlightMetadataCollectorImpl.java:226) ~[hibernate-core-6.6.2.Final.jar:6.6.2.Final]
	at org.hibernate.boot.internal.InFlightMetadataCollectorImpl.<init>(InFlightMetadataCollectorImpl.java:194) ~[hibernate-core-6.6.2.Final.jar:6.6.2.Final]
	at org.hibernate.boot.model.process.spi.MetadataBuildingProcess.complete(MetadataBuildingProcess.java:171) ~[hibernate-core-6.6.2.Final.jar:6.6.2.Final]
	at org.hibernate.jpa.boot.internal.EntityManagerFactoryBuilderImpl.metadata(EntityManagerFactoryBuilderImpl.java:1431) ~[hibernate-core-6.6.2.Final.jar:6.6.2.Final]
	at org.hibernate.jpa.boot.internal.EntityManagerFactoryBuilderImpl.build(EntityManagerFactoryBuilderImpl.java:1502) ~[hibernate-core-6.6.2.Final.jar:6.6.2.Final]
	at org.springframework.orm.jpa.vendor.SpringHibernateJpaPersistenceProvider.createContainerEntityManagerFactory(SpringHibernateJpaPersistenceProvider.java:66) ~[spring-orm-6.2.0.jar:6.2.0]
	at org.springframework.orm.jpa.LocalContainerEntityManagerFactoryBean.createNativeEntityManagerFactory(LocalContainerEntityManagerFactoryBean.java:390) ~[spring-orm-6.2.0.jar:6.2.0]
	at org.springframework.orm.jpa.AbstractEntityManagerFactoryBean.buildNativeEntityManagerFactory(AbstractEntityManagerFactoryBean.java:419) ~[spring-orm-6.2.0.jar:6.2.0]
	at org.springframework.orm.jpa.AbstractEntityManagerFactoryBean.afterPropertiesSet(AbstractEntityManagerFactoryBean.java:400) ~[spring-orm-6.2.0.jar:6.2.0]
	at org.springframework.orm.jpa.LocalContainerEntityManagerFactoryBean.afterPropertiesSet(LocalContainerEntityManagerFactoryBean.java:366) ~[spring-orm-6.2.0.jar:6.2.0]
	at org.springframework.beans.factory.support.AbstractAutowireCapableBeanFactory.invokeInitMethods(AbstractAutowireCapableBeanFactory.java:1849) ~[spring-beans-6.2.0.jar:6.2.0]
	at org.springframework.beans.factory.support.AbstractAutowireCapableBeanFactory.initializeBean(AbstractAutowireCapableBeanFactory.java:1798) ~[spring-beans-6.2.0.jar:6.2.0]
	at org.springframework.beans.factory.support.AbstractAutowireCapableBeanFactory.doCreateBean(AbstractAutowireCapableBeanFactory.java:601) ~[spring-beans-6.2.0.jar:6.2.0]
	at org.springframework.beans.factory.support.AbstractAutowireCapableBeanFactory.createBean(AbstractAutowireCapableBeanFactory.java:523) ~[spring-beans-6.2.0.jar:6.2.0]
	at org.springframework.beans.factory.support.AbstractBeanFactory.lambda$doGetBean$0(AbstractBeanFactory.java:336) ~[spring-beans-6.2.0.jar:6.2.0]
	at org.springframework.beans.factory.support.DefaultSingletonBeanRegistry.getSingleton(DefaultSingletonBeanRegistry.java:288) ~[spring-beans-6.2.0.jar:6.2.0]
	at org.springframework.beans.factory.support.AbstractBeanFactory.doGetBean(AbstractBeanFactory.java:334) ~[spring-beans-6.2.0.jar:6.2.0]
	at org.springframework.beans.factory.support.AbstractBeanFactory.getBean(AbstractBeanFactory.java:204) ~[spring-beans-6.2.0.jar:6.2.0]
	at org.springframework.context.support.AbstractApplicationContext.finishBeanFactoryInitialization(AbstractApplicationContext.java:970) ~[spring-context-6.2.0.jar:6.2.0]
	at org.springframework.context.support.AbstractApplicationContext.refresh(AbstractApplicationContext.java:627) ~[spring-context-6.2.0.jar:6.2.0]
	at org.springframework.boot.web.servlet.context.ServletWebServerApplicationContext.refresh(ServletWebServerApplicationContext.java:146) ~[spring-boot-3.4.0.jar:3.4.0]
	at org.springframework.boot.SpringApplication.refresh(SpringApplication.java:752) ~[spring-boot-3.4.0.jar:3.4.0]
	at org.springframework.boot.SpringApplication.refreshContext(SpringApplication.java:439) ~[spring-boot-3.4.0.jar:3.4.0]
	at org.springframework.boot.SpringApplication.run(SpringApplication.java:318) ~[spring-boot-3.4.0.jar:3.4.0]
	at org.springframework.boot.SpringApplication.run(SpringApplication.java:1361) ~[spring-boot-3.4.0.jar:3.4.0]
	at org.springframework.boot.SpringApplication.run(SpringApplication.java:1350) ~[spring-boot-3.4.0.jar:3.4.0]
	at com.example.tienda_ms_pedidos.App.main(App.java:10) ~[classes/:na]
	at com.example.tienda_ms_pedidos.AppTest.main(AppTest.java:17) ~[test-classes/:na]
	at java.base/jdk.internal.reflect.DirectMethodHandleAccessor.invoke(DirectMethodHandleAccessor.java:103) ~[na:na]
	at java.base/java.lang.reflect.Method.invoke(Method.java:580) ~[na:na]
	at org.junit.platform.commons.util.ReflectionUtils.invokeMethod(ReflectionUtils.java:767) ~[junit-platform-commons-1.11.3.jar:1.11.3]
	at org.junit.jupiter.engine.execution.MethodInvocation.proceed(MethodInvocation.java:60) ~[junit-jupiter-engine-5.11.3.jar:5.11.3]
	at org.junit.jupiter.engine.execution.InvocationInterceptorChain$ValidatingInvocation.proceed(InvocationInterceptorChain.java:131) ~[junit-jupiter-engine-5.11.3.jar:5.11.3]
	at org.junit.jupiter.engine.extension.TimeoutExtension.intercept(TimeoutExtension.java:156) ~[junit-jupiter-engine-5.11.3.jar:5.11.3]
	at org.junit.jupiter.engine.extension.TimeoutExtension.interceptTestableMethod(TimeoutExtension.java:147) ~[junit-jupiter-engine-5.11.3.jar:5.11.3]
	at org.junit.jupiter.engine.extension.TimeoutExtension.interceptTestMethod(TimeoutExtension.java:86) ~[junit-jupiter-engine-5.11.3.jar:5.11.3]
	at org.junit.jupiter.engine.execution.InterceptingExecutableInvoker$ReflectiveInterceptorCall.lambda$ofVoidMethod$0(InterceptingExecutableInvoker.java:103) ~[junit-jupiter-engine-5.11.3.jar:5.11.3]
	at org.junit.jupiter.engine.execution.InterceptingExecutableInvoker.lambda$invoke$0(InterceptingExecutableInvoker.java:93) ~[junit-jupiter-engine-5.11.3.jar:5.11.3]
	at org.junit.jupiter.engine.execution.InvocationInterceptorChain$InterceptedInvocation.proceed(InvocationInterceptorChain.java:106) ~[junit-jupiter-engine-5.11.3.jar:5.11.3]
	at org.junit.jupiter.engine.execution.InvocationInterceptorChain.proceed(InvocationInterceptorChain.java:64) ~[junit-jupiter-engine-5.11.3.jar:5.11.3]
	at org.junit.jupiter.engine.execution.InvocationInterceptorChain.chainAndInvoke(InvocationInterceptorChain.java:45) ~[junit-jupiter-engine-5.11.3.jar:5.11.3]
	at org.junit.jupiter.engine.execution.InvocationInterceptorChain.invoke(InvocationInterceptorChain.java:37) ~[junit-jupiter-engine-5.11.3.jar:5.11.3]
	at org.junit.jupiter.engine.execution.InterceptingExecutableInvoker.invoke(InterceptingExecutableInvoker.java:92) ~[junit-jupiter-engine-5.11.3.jar:5.11.3]
	at org.junit.jupiter.engine.execution.InterceptingExecutableInvoker.invoke(InterceptingExecutableInvoker.java:86) ~[junit-jupiter-engine-5.11.3.jar:5.11.3]
	at org.junit.jupiter.engine.descriptor.TestMethodTestDescriptor.lambda$invokeTestMethod$8(TestMethodTestDescriptor.java:217) ~[junit-jupiter-engine-5.11.3.jar:5.11.3]
	at org.junit.platform.engine.support.hierarchical.ThrowableCollector.execute(ThrowableCollector.java:73) ~[junit-platform-engine-1.11.3.jar:1.11.3]
	at org.junit.jupiter.engine.descriptor.TestMethodTestDescriptor.invokeTestMethod(TestMethodTestDescriptor.java:213) ~[junit-jupiter-engine-5.11.3.jar:5.11.3]
	at org.junit.jupiter.engine.descriptor.TestMethodTestDescriptor.execute(TestMethodTestDescriptor.java:138) ~[junit-jupiter-engine-5.11.3.jar:5.11.3]
	at org.junit.jupiter.engine.descriptor.TestMethodTestDescriptor.execute(TestMethodTestDescriptor.java:68) ~[junit-jupiter-engine-5.11.3.jar:5.11.3]
	at org.junit.platform.engine.support.hierarchical.NodeTestTask.lambda$executeRecursively$6(NodeTestTask.java:156) ~[junit-platform-engine-1.11.3.jar:1.11.3]
	at org.junit.platform.engine.support.hierarchical.ThrowableCollector.execute(ThrowableCollector.java:73) ~[junit-platform-engine-1.11.3.jar:1.11.3]
	at org.junit.platform.engine.support.hierarchical.NodeTestTask.lambda$executeRecursively$8(NodeTestTask.java:146) ~[junit-platform-engine-1.11.3.jar:1.11.3]
	at org.junit.platform.engine.support.hierarchical.Node.around(Node.java:137) ~[junit-platform-engine-1.11.3.jar:1.11.3]
	at org.junit.platform.engine.support.hierarchical.NodeTestTask.lambda$executeRecursively$9(NodeTestTask.java:144) ~[junit-platform-engine-1.11.3.jar:1.11.3]
	at org.junit.platform.engine.support.hierarchical.ThrowableCollector.execute(ThrowableCollector.java:73) ~[junit-platform-engine-1.11.3.jar:1.11.3]
	at org.junit.platform.engine.support.hierarchical.NodeTestTask.executeRecursively(NodeTestTask.java:143) ~[junit-platform-engine-1.11.3.jar:1.11.3]
	at org.junit.platform.engine.support.hierarchical.NodeTestTask.execute(NodeTestTask.java:100) ~[junit-platform-engine-1.11.3.jar:1.11.3]
	at java.base/java.util.ArrayList.forEach(ArrayList.java:1597) ~[na:na]
	at org.junit.platform.engine.support.hierarchical.SameThreadHierarchicalTestExecutorService.invokeAll(SameThreadHierarchicalTestExecutorService.java:41) ~[junit-platform-engine-1.11.3.jar:1.11.3]
	at org.junit.platform.engine.support.hierarchical.NodeTestTask.lambda$executeRecursively$6(NodeTestTask.java:160) ~[junit-platform-engine-1.11.3.jar:1.11.3]
	at org.junit.platform.engine.support.hierarchical.ThrowableCollector.execute(ThrowableCollector.java:73) ~[junit-platform-engine-1.11.3.jar:1.11.3]
	at org.junit.platform.engine.support.hierarchical.NodeTestTask.lambda$executeRecursively$8(NodeTestTask.java:146) ~[junit-platform-engine-1.11.3.jar:1.11.3]
	at org.junit.platform.engine.support.hierarchical.Node.around(Node.java:137) ~[junit-platform-engine-1.11.3.jar:1.11.3]
	at org.junit.platform.engine.support.hierarchical.NodeTestTask.lambda$executeRecursively$9(NodeTestTask.java:144) ~[junit-platform-engine-1.11.3.jar:1.11.3]
	at org.junit.platform.engine.support.hierarchical.ThrowableCollector.execute(ThrowableCollector.java:73) ~[junit-platform-engine-1.11.3.jar:1.11.3]
	at org.junit.platform.engine.support.hierarchical.NodeTestTask.executeRecursively(NodeTestTask.java:143) ~[junit-platform-engine-1.11.3.jar:1.11.3]
	at org.junit.platform.engine.support.hierarchical.NodeTestTask.execute(NodeTestTask.java:100) ~[junit-platform-engine-1.11.3.jar:1.11.3]
	at java.base/java.util.ArrayList.forEach(ArrayList.java:1597) ~[na:na]
	at org.junit.platform.engine.support.hierarchical.SameThreadHierarchicalTestExecutorService.invokeAll(SameThreadHierarchicalTestExecutorService.java:41) ~[junit-platform-engine-1.11.3.jar:1.11.3]
	at org.junit.platform.engine.support.hierarchical.NodeTestTask.lambda$executeRecursively$6(NodeTestTask.java:160) ~[junit-platform-engine-1.11.3.jar:1.11.3]
	at org.junit.platform.engine.support.hierarchical.ThrowableCollector.execute(ThrowableCollector.java:73) ~[junit-platform-engine-1.11.3.jar:1.11.3]
	at org.junit.platform.engine.support.hierarchical.NodeTestTask.lambda$executeRecursively$8(NodeTestTask.java:146) ~[junit-platform-engine-1.11.3.jar:1.11.3]
	at org.junit.platform.engine.support.hierarchical.Node.around(Node.java:137) ~[junit-platform-engine-1.11.3.jar:1.11.3]
	at org.junit.platform.engine.support.hierarchical.NodeTestTask.lambda$executeRecursively$9(NodeTestTask.java:144) ~[junit-platform-engine-1.11.3.jar:1.11.3]
	at org.junit.platform.engine.support.hierarchical.ThrowableCollector.execute(ThrowableCollector.java:73) ~[junit-platform-engine-1.11.3.jar:1.11.3]
	at org.junit.platform.engine.support.hierarchical.NodeTestTask.executeRecursively(NodeTestTask.java:143) ~[junit-platform-engine-1.11.3.jar:1.11.3]
	at org.junit.platform.engine.support.hierarchical.NodeTestTask.execute(NodeTestTask.java:100) ~[junit-platform-engine-1.11.3.jar:1.11.3]
	at org.junit.platform.engine.support.hierarchical.SameThreadHierarchicalTestExecutorService.submit(SameThreadHierarchicalTestExecutorService.java:35) ~[junit-platform-engine-1.11.3.jar:1.11.3]
	at org.junit.platform.engine.support.hierarchical.HierarchicalTestExecutor.execute(HierarchicalTestExecutor.java:57) ~[junit-platform-engine-1.11.3.jar:1.11.3]
	at org.junit.platform.engine.support.hierarchical.HierarchicalTestEngine.execute(HierarchicalTestEngine.java:54) ~[junit-platform-engine-1.11.3.jar:1.11.3]
	at org.junit.platform.launcher.core.EngineExecutionOrchestrator.execute(EngineExecutionOrchestrator.java:198) ~[junit-platform-launcher-1.11.3.jar:1.11.3]
	at org.junit.platform.launcher.core.EngineExecutionOrchestrator.execute(EngineExecutionOrchestrator.java:169) ~[junit-platform-launcher-1.11.3.jar:1.11.3]
	at org.junit.platform.launcher.core.EngineExecutionOrchestrator.execute(EngineExecutionOrchestrator.java:93) ~[junit-platform-launcher-1.11.3.jar:1.11.3]
	at org.junit.platform.launcher.core.EngineExecutionOrchestrator.lambda$execute$0(EngineExecutionOrchestrator.java:58) ~[junit-platform-launcher-1.11.3.jar:1.11.3]
	at org.junit.platform.launcher.core.EngineExecutionOrchestrator.withInterceptedStreams(EngineExecutionOrchestrator.java:141) ~[junit-platform-launcher-1.11.3.jar:1.11.3]
	at org.junit.platform.launcher.core.EngineExecutionOrchestrator.execute(EngineExecutionOrchestrator.java:57) ~[junit-platform-launcher-1.11.3.jar:1.11.3]
	at org.junit.platform.launcher.core.DefaultLauncher.execute(DefaultLauncher.java:103) ~[junit-platform-launcher-1.11.3.jar:1.11.3]
	at org.junit.platform.launcher.core.DefaultLauncher.execute(DefaultLauncher.java:85) ~[junit-platform-launcher-1.11.3.jar:1.11.3]
	at org.junit.platform.launcher.core.DelegatingLauncher.execute(DelegatingLauncher.java:47) ~[junit-platform-launcher-1.11.3.jar:1.11.3]
	at org.apache.maven.surefire.junitplatform.LazyLauncher.execute(LazyLauncher.java:56) ~[surefire-junit-platform-3.5.2.jar:3.5.2]
	at org.apache.maven.surefire.junitplatform.JUnitPlatformProvider.execute(JUnitPlatformProvider.java:184) ~[surefire-junit-platform-3.5.2.jar:3.5.2]
	at org.apache.maven.surefire.junitplatform.JUnitPlatformProvider.invokeAllTests(JUnitPlatformProvider.java:148) ~[surefire-junit-platform-3.5.2.jar:3.5.2]
	at org.apache.maven.surefire.junitplatform.JUnitPlatformProvider.invoke(JUnitPlatformProvider.java:122) ~[surefire-junit-platform-3.5.2.jar:3.5.2]
	at org.apache.maven.surefire.booter.ForkedBooter.runSuitesInProcess(ForkedBooter.java:385) ~[surefire-booter-3.5.2.jar:3.5.2]
	at org.apache.maven.surefire.booter.ForkedBooter.execute(ForkedBooter.java:162) ~[surefire-booter-3.5.2.jar:3.5.2]
	at org.apache.maven.surefire.booter.ForkedBooter.run(ForkedBooter.java:507) ~[surefire-booter-3.5.2.jar:3.5.2]
	at org.apache.maven.surefire.booter.ForkedBooter.main(ForkedBooter.java:495) ~[surefire-booter-3.5.2.jar:3.5.2]
Caused by: oracle.net.ns.NetException: ORA-12263: Fallo al acceder a tnsnames.ora en el directorio configurado como administrador de TNS: /app/wallet. El archivo no existe o no se puede acceder a él.
https://docs.oracle.com/error-help/db/ora-12263/
	at oracle.net.resolver.TNSNamesNamingAdapter.resolve(TNSNamesNamingAdapter.java:142) ~[ojdbc11-23.5.0.24.07.jar:23.5.0.24.07]
	at oracle.net.resolver.NameResolver.resolveName(NameResolver.java:177) ~[ojdbc11-23.5.0.24.07.jar:23.5.0.24.07]
	at oracle.net.resolver.AddrResolution.resolveTNSAddress(AddrResolution.java:907) ~[ojdbc11-23.5.0.24.07.jar:23.5.0.24.07]
	at oracle.net.resolver.AddrResolution.initConnStrategy(AddrResolution.java:636) ~[ojdbc11-23.5.0.24.07.jar:23.5.0.24.07]
	at oracle.net.resolver.AddrResolution.<init>(AddrResolution.java:451) ~[ojdbc11-23.5.0.24.07.jar:23.5.0.24.07]
	at oracle.net.ns.NSProtocol.<init>(NSProtocol.java:247) ~[ojdbc11-23.5.0.24.07.jar:23.5.0.24.07]
	at oracle.net.ns.NSProtocolNIO.<init>(NSProtocolNIO.java:148) ~[ojdbc11-23.5.0.24.07.jar:23.5.0.24.07]
	at oracle.jdbc.driver.T4CConnection.logon(T4CConnection.java:1002) ~[ojdbc11-23.5.0.24.07.jar:23.5.0.24.07]
	... 119 common frames omitted
	Suppressed: oracle.net.ns.NetException: ORA-17866: Formato numérico no válido para el número de puerto
https://docs.oracle.com/error-help/db/ora-17866/
		at oracle.net.resolver.HostnameNamingAdapter.resolve(HostnameNamingAdapter.java:191) ~[ojdbc11-23.5.0.24.07.jar:23.5.0.24.07]
		... 126 common frames omitted

2024-12-15T14:04:01.775-03:00  WARN 25938 --- [tienda-ms-pedidos] [           main] o.h.engine.jdbc.spi.SqlExceptionHelper   : SQL Error: 12263, SQLState: 66000
2024-12-15T14:04:01.775-03:00 ERROR 25938 --- [tienda-ms-pedidos] [           main] o.h.engine.jdbc.spi.SqlExceptionHelper   : ORA-12263: Fallo al acceder a tnsnames.ora en el directorio configurado como administrador de TNS: /app/wallet. El archivo no existe o no se puede acceder a él.
https://docs.oracle.com/error-help/db/ora-12263/
2024-12-15T14:04:01.775-03:00  WARN 25938 --- [tienda-ms-pedidos] [           main] o.h.e.j.e.i.JdbcEnvironmentInitiator     : HHH000342: Could not obtain connection to query metadata

org.hibernate.exception.GenericJDBCException: unable to obtain isolated JDBC connection [ORA-12263: Fallo al acceder a tnsnames.ora en el directorio configurado como administrador de TNS: /app/wallet. El archivo no existe o no se puede acceder a él.
https://docs.oracle.com/error-help/db/ora-12263/] [n/a]
	at org.hibernate.exception.internal.StandardSQLExceptionConverter.convert(StandardSQLExceptionConverter.java:63) ~[hibernate-core-6.6.2.Final.jar:6.6.2.Final]
	at org.hibernate.engine.jdbc.spi.SqlExceptionHelper.convert(SqlExceptionHelper.java:108) ~[hibernate-core-6.6.2.Final.jar:6.6.2.Final]
	at org.hibernate.engine.jdbc.spi.SqlExceptionHelper.convert(SqlExceptionHelper.java:94) ~[hibernate-core-6.6.2.Final.jar:6.6.2.Final]
	at org.hibernate.resource.transaction.backend.jdbc.internal.JdbcIsolationDelegate.delegateWork(JdbcIsolationDelegate.java:116) ~[hibernate-core-6.6.2.Final.jar:6.6.2.Final]
	at org.hibernate.engine.jdbc.env.internal.JdbcEnvironmentInitiator.getJdbcEnvironmentUsingJdbcMetadata(JdbcEnvironmentInitiator.java:320) ~[hibernate-core-6.6.2.Final.jar:6.6.2.Final]
	at org.hibernate.engine.jdbc.env.internal.JdbcEnvironmentInitiator.initiateService(JdbcEnvironmentInitiator.java:129) ~[hibernate-core-6.6.2.Final.jar:6.6.2.Final]
	at org.hibernate.engine.jdbc.env.internal.JdbcEnvironmentInitiator.initiateService(JdbcEnvironmentInitiator.java:81) ~[hibernate-core-6.6.2.Final.jar:6.6.2.Final]
	at org.hibernate.boot.registry.internal.StandardServiceRegistryImpl.initiateService(StandardServiceRegistryImpl.java:130) ~[hibernate-core-6.6.2.Final.jar:6.6.2.Final]
	at org.hibernate.service.internal.AbstractServiceRegistryImpl.createService(AbstractServiceRegistryImpl.java:263) ~[hibernate-core-6.6.2.Final.jar:6.6.2.Final]
	at org.hibernate.service.internal.AbstractServiceRegistryImpl.initializeService(AbstractServiceRegistryImpl.java:238) ~[hibernate-core-6.6.2.Final.jar:6.6.2.Final]
	at org.hibernate.service.internal.AbstractServiceRegistryImpl.getService(AbstractServiceRegistryImpl.java:215) ~[hibernate-core-6.6.2.Final.jar:6.6.2.Final]
	at org.hibernate.boot.model.relational.Database.<init>(Database.java:45) ~[hibernate-core-6.6.2.Final.jar:6.6.2.Final]
	at org.hibernate.boot.internal.InFlightMetadataCollectorImpl.getDatabase(InFlightMetadataCollectorImpl.java:226) ~[hibernate-core-6.6.2.Final.jar:6.6.2.Final]
	at org.hibernate.boot.internal.InFlightMetadataCollectorImpl.<init>(InFlightMetadataCollectorImpl.java:194) ~[hibernate-core-6.6.2.Final.jar:6.6.2.Final]
	at org.hibernate.boot.model.process.spi.MetadataBuildingProcess.complete(MetadataBuildingProcess.java:171) ~[hibernate-core-6.6.2.Final.jar:6.6.2.Final]
	at org.hibernate.jpa.boot.internal.EntityManagerFactoryBuilderImpl.metadata(EntityManagerFactoryBuilderImpl.java:1431) ~[hibernate-core-6.6.2.Final.jar:6.6.2.Final]
	at org.hibernate.jpa.boot.internal.EntityManagerFactoryBuilderImpl.build(EntityManagerFactoryBuilderImpl.java:1502) ~[hibernate-core-6.6.2.Final.jar:6.6.2.Final]
	at org.springframework.orm.jpa.vendor.SpringHibernateJpaPersistenceProvider.createContainerEntityManagerFactory(SpringHibernateJpaPersistenceProvider.java:66) ~[spring-orm-6.2.0.jar:6.2.0]
	at org.springframework.orm.jpa.LocalContainerEntityManagerFactoryBean.createNativeEntityManagerFactory(LocalContainerEntityManagerFactoryBean.java:390) ~[spring-orm-6.2.0.jar:6.2.0]
	at org.springframework.orm.jpa.AbstractEntityManagerFactoryBean.buildNativeEntityManagerFactory(AbstractEntityManagerFactoryBean.java:419) ~[spring-orm-6.2.0.jar:6.2.0]
	at org.springframework.orm.jpa.AbstractEntityManagerFactoryBean.afterPropertiesSet(AbstractEntityManagerFactoryBean.java:400) ~[spring-orm-6.2.0.jar:6.2.0]
	at org.springframework.orm.jpa.LocalContainerEntityManagerFactoryBean.afterPropertiesSet(LocalContainerEntityManagerFactoryBean.java:366) ~[spring-orm-6.2.0.jar:6.2.0]
	at org.springframework.beans.factory.support.AbstractAutowireCapableBeanFactory.invokeInitMethods(AbstractAutowireCapableBeanFactory.java:1849) ~[spring-beans-6.2.0.jar:6.2.0]
	at org.springframework.beans.factory.support.AbstractAutowireCapableBeanFactory.initializeBean(AbstractAutowireCapableBeanFactory.java:1798) ~[spring-beans-6.2.0.jar:6.2.0]
	at org.springframework.beans.factory.support.AbstractAutowireCapableBeanFactory.doCreateBean(AbstractAutowireCapableBeanFactory.java:601) ~[spring-beans-6.2.0.jar:6.2.0]
	at org.springframework.beans.factory.support.AbstractAutowireCapableBeanFactory.createBean(AbstractAutowireCapableBeanFactory.java:523) ~[spring-beans-6.2.0.jar:6.2.0]
	at org.springframework.beans.factory.support.AbstractBeanFactory.lambda$doGetBean$0(AbstractBeanFactory.java:336) ~[spring-beans-6.2.0.jar:6.2.0]
	at org.springframework.beans.factory.support.DefaultSingletonBeanRegistry.getSingleton(DefaultSingletonBeanRegistry.java:288) ~[spring-beans-6.2.0.jar:6.2.0]
	at org.springframework.beans.factory.support.AbstractBeanFactory.doGetBean(AbstractBeanFactory.java:334) ~[spring-beans-6.2.0.jar:6.2.0]
	at org.springframework.beans.factory.support.AbstractBeanFactory.getBean(AbstractBeanFactory.java:204) ~[spring-beans-6.2.0.jar:6.2.0]
	at org.springframework.context.support.AbstractApplicationContext.finishBeanFactoryInitialization(AbstractApplicationContext.java:970) ~[spring-context-6.2.0.jar:6.2.0]
	at org.springframework.context.support.AbstractApplicationContext.refresh(AbstractApplicationContext.java:627) ~[spring-context-6.2.0.jar:6.2.0]
	at org.springframework.boot.web.servlet.context.ServletWebServerApplicationContext.refresh(ServletWebServerApplicationContext.java:146) ~[spring-boot-3.4.0.jar:3.4.0]
	at org.springframework.boot.SpringApplication.refresh(SpringApplication.java:752) ~[spring-boot-3.4.0.jar:3.4.0]
	at org.springframework.boot.SpringApplication.refreshContext(SpringApplication.java:439) ~[spring-boot-3.4.0.jar:3.4.0]
	at org.springframework.boot.SpringApplication.run(SpringApplication.java:318) ~[spring-boot-3.4.0.jar:3.4.0]
	at org.springframework.boot.SpringApplication.run(SpringApplication.java:1361) ~[spring-boot-3.4.0.jar:3.4.0]
	at org.springframework.boot.SpringApplication.run(SpringApplication.java:1350) ~[spring-boot-3.4.0.jar:3.4.0]
	at com.example.tienda_ms_pedidos.App.main(App.java:10) ~[classes/:na]
	at com.example.tienda_ms_pedidos.AppTest.main(AppTest.java:17) ~[test-classes/:na]
	at java.base/jdk.internal.reflect.DirectMethodHandleAccessor.invoke(DirectMethodHandleAccessor.java:103) ~[na:na]
	at java.base/java.lang.reflect.Method.invoke(Method.java:580) ~[na:na]
	at org.junit.platform.commons.util.ReflectionUtils.invokeMethod(ReflectionUtils.java:767) ~[junit-platform-commons-1.11.3.jar:1.11.3]
	at org.junit.jupiter.engine.execution.MethodInvocation.proceed(MethodInvocation.java:60) ~[junit-jupiter-engine-5.11.3.jar:5.11.3]
	at org.junit.jupiter.engine.execution.InvocationInterceptorChain$ValidatingInvocation.proceed(InvocationInterceptorChain.java:131) ~[junit-jupiter-engine-5.11.3.jar:5.11.3]
	at org.junit.jupiter.engine.extension.TimeoutExtension.intercept(TimeoutExtension.java:156) ~[junit-jupiter-engine-5.11.3.jar:5.11.3]
	at org.junit.jupiter.engine.extension.TimeoutExtension.interceptTestableMethod(TimeoutExtension.java:147) ~[junit-jupiter-engine-5.11.3.jar:5.11.3]
	at org.junit.jupiter.engine.extension.TimeoutExtension.interceptTestMethod(TimeoutExtension.java:86) ~[junit-jupiter-engine-5.11.3.jar:5.11.3]
	at org.junit.jupiter.engine.execution.InterceptingExecutableInvoker$ReflectiveInterceptorCall.lambda$ofVoidMethod$0(InterceptingExecutableInvoker.java:103) ~[junit-jupiter-engine-5.11.3.jar:5.11.3]
	at org.junit.jupiter.engine.execution.InterceptingExecutableInvoker.lambda$invoke$0(InterceptingExecutableInvoker.java:93) ~[junit-jupiter-engine-5.11.3.jar:5.11.3]
	at org.junit.jupiter.engine.execution.InvocationInterceptorChain$InterceptedInvocation.proceed(InvocationInterceptorChain.java:106) ~[junit-jupiter-engine-5.11.3.jar:5.11.3]
	at org.junit.jupiter.engine.execution.InvocationInterceptorChain.proceed(InvocationInterceptorChain.java:64) ~[junit-jupiter-engine-5.11.3.jar:5.11.3]
	at org.junit.jupiter.engine.execution.InvocationInterceptorChain.chainAndInvoke(InvocationInterceptorChain.java:45) ~[junit-jupiter-engine-5.11.3.jar:5.11.3]
	at org.junit.jupiter.engine.execution.InvocationInterceptorChain.invoke(InvocationInterceptorChain.java:37) ~[junit-jupiter-engine-5.11.3.jar:5.11.3]
	at org.junit.jupiter.engine.execution.InterceptingExecutableInvoker.invoke(InterceptingExecutableInvoker.java:92) ~[junit-jupiter-engine-5.11.3.jar:5.11.3]
	at org.junit.jupiter.engine.execution.InterceptingExecutableInvoker.invoke(InterceptingExecutableInvoker.java:86) ~[junit-jupiter-engine-5.11.3.jar:5.11.3]
	at org.junit.jupiter.engine.descriptor.TestMethodTestDescriptor.lambda$invokeTestMethod$8(TestMethodTestDescriptor.java:217) ~[junit-jupiter-engine-5.11.3.jar:5.11.3]
	at org.junit.platform.engine.support.hierarchical.ThrowableCollector.execute(ThrowableCollector.java:73) ~[junit-platform-engine-1.11.3.jar:1.11.3]
	at org.junit.jupiter.engine.descriptor.TestMethodTestDescriptor.invokeTestMethod(TestMethodTestDescriptor.java:213) ~[junit-jupiter-engine-5.11.3.jar:5.11.3]
	at org.junit.jupiter.engine.descriptor.TestMethodTestDescriptor.execute(TestMethodTestDescriptor.java:138) ~[junit-jupiter-engine-5.11.3.jar:5.11.3]
	at org.junit.jupiter.engine.descriptor.TestMethodTestDescriptor.execute(TestMethodTestDescriptor.java:68) ~[junit-jupiter-engine-5.11.3.jar:5.11.3]
	at org.junit.platform.engine.support.hierarchical.NodeTestTask.lambda$executeRecursively$6(NodeTestTask.java:156) ~[junit-platform-engine-1.11.3.jar:1.11.3]
	at org.junit.platform.engine.support.hierarchical.ThrowableCollector.execute(ThrowableCollector.java:73) ~[junit-platform-engine-1.11.3.jar:1.11.3]
	at org.junit.platform.engine.support.hierarchical.NodeTestTask.lambda$executeRecursively$8(NodeTestTask.java:146) ~[junit-platform-engine-1.11.3.jar:1.11.3]
	at org.junit.platform.engine.support.hierarchical.Node.around(Node.java:137) ~[junit-platform-engine-1.11.3.jar:1.11.3]
	at org.junit.platform.engine.support.hierarchical.NodeTestTask.lambda$executeRecursively$9(NodeTestTask.java:144) ~[junit-platform-engine-1.11.3.jar:1.11.3]
	at org.junit.platform.engine.support.hierarchical.ThrowableCollector.execute(ThrowableCollector.java:73) ~[junit-platform-engine-1.11.3.jar:1.11.3]
	at org.junit.platform.engine.support.hierarchical.NodeTestTask.executeRecursively(NodeTestTask.java:143) ~[junit-platform-engine-1.11.3.jar:1.11.3]
	at org.junit.platform.engine.support.hierarchical.NodeTestTask.execute(NodeTestTask.java:100) ~[junit-platform-engine-1.11.3.jar:1.11.3]
	at java.base/java.util.ArrayList.forEach(ArrayList.java:1597) ~[na:na]
	at org.junit.platform.engine.support.hierarchical.SameThreadHierarchicalTestExecutorService.invokeAll(SameThreadHierarchicalTestExecutorService.java:41) ~[junit-platform-engine-1.11.3.jar:1.11.3]
	at org.junit.platform.engine.support.hierarchical.NodeTestTask.lambda$executeRecursively$6(NodeTestTask.java:160) ~[junit-platform-engine-1.11.3.jar:1.11.3]
	at org.junit.platform.engine.support.hierarchical.ThrowableCollector.execute(ThrowableCollector.java:73) ~[junit-platform-engine-1.11.3.jar:1.11.3]
	at org.junit.platform.engine.support.hierarchical.NodeTestTask.lambda$executeRecursively$8(NodeTestTask.java:146) ~[junit-platform-engine-1.11.3.jar:1.11.3]
	at org.junit.platform.engine.support.hierarchical.Node.around(Node.java:137) ~[junit-platform-engine-1.11.3.jar:1.11.3]
	at org.junit.platform.engine.support.hierarchical.NodeTestTask.lambda$executeRecursively$9(NodeTestTask.java:144) ~[junit-platform-engine-1.11.3.jar:1.11.3]
	at org.junit.platform.engine.support.hierarchical.ThrowableCollector.execute(ThrowableCollector.java:73) ~[junit-platform-engine-1.11.3.jar:1.11.3]
	at org.junit.platform.engine.support.hierarchical.NodeTestTask.executeRecursively(NodeTestTask.java:143) ~[junit-platform-engine-1.11.3.jar:1.11.3]
	at org.junit.platform.engine.support.hierarchical.NodeTestTask.execute(NodeTestTask.java:100) ~[junit-platform-engine-1.11.3.jar:1.11.3]
	at java.base/java.util.ArrayList.forEach(ArrayList.java:1597) ~[na:na]
	at org.junit.platform.engine.support.hierarchical.SameThreadHierarchicalTestExecutorService.invokeAll(SameThreadHierarchicalTestExecutorService.java:41) ~[junit-platform-engine-1.11.3.jar:1.11.3]
	at org.junit.platform.engine.support.hierarchical.NodeTestTask.lambda$executeRecursively$6(NodeTestTask.java:160) ~[junit-platform-engine-1.11.3.jar:1.11.3]
	at org.junit.platform.engine.support.hierarchical.ThrowableCollector.execute(ThrowableCollector.java:73) ~[junit-platform-engine-1.11.3.jar:1.11.3]
	at org.junit.platform.engine.support.hierarchical.NodeTestTask.lambda$executeRecursively$8(NodeTestTask.java:146) ~[junit-platform-engine-1.11.3.jar:1.11.3]
	at org.junit.platform.engine.support.hierarchical.Node.around(Node.java:137) ~[junit-platform-engine-1.11.3.jar:1.11.3]
	at org.junit.platform.engine.support.hierarchical.NodeTestTask.lambda$executeRecursively$9(NodeTestTask.java:144) ~[junit-platform-engine-1.11.3.jar:1.11.3]
	at org.junit.platform.engine.support.hierarchical.ThrowableCollector.execute(ThrowableCollector.java:73) ~[junit-platform-engine-1.11.3.jar:1.11.3]
	at org.junit.platform.engine.support.hierarchical.NodeTestTask.executeRecursively(NodeTestTask.java:143) ~[junit-platform-engine-1.11.3.jar:1.11.3]
	at org.junit.platform.engine.support.hierarchical.NodeTestTask.execute(NodeTestTask.java:100) ~[junit-platform-engine-1.11.3.jar:1.11.3]
	at org.junit.platform.engine.support.hierarchical.SameThreadHierarchicalTestExecutorService.submit(SameThreadHierarchicalTestExecutorService.java:35) ~[junit-platform-engine-1.11.3.jar:1.11.3]
	at org.junit.platform.engine.support.hierarchical.HierarchicalTestExecutor.execute(HierarchicalTestExecutor.java:57) ~[junit-platform-engine-1.11.3.jar:1.11.3]
	at org.junit.platform.engine.support.hierarchical.HierarchicalTestEngine.execute(HierarchicalTestEngine.java:54) ~[junit-platform-engine-1.11.3.jar:1.11.3]
	at org.junit.platform.launcher.core.EngineExecutionOrchestrator.execute(EngineExecutionOrchestrator.java:198) ~[junit-platform-launcher-1.11.3.jar:1.11.3]
	at org.junit.platform.launcher.core.EngineExecutionOrchestrator.execute(EngineExecutionOrchestrator.java:169) ~[junit-platform-launcher-1.11.3.jar:1.11.3]
	at org.junit.platform.launcher.core.EngineExecutionOrchestrator.execute(EngineExecutionOrchestrator.java:93) ~[junit-platform-launcher-1.11.3.jar:1.11.3]
	at org.junit.platform.launcher.core.EngineExecutionOrchestrator.lambda$execute$0(EngineExecutionOrchestrator.java:58) ~[junit-platform-launcher-1.11.3.jar:1.11.3]
	at org.junit.platform.launcher.core.EngineExecutionOrchestrator.withInterceptedStreams(EngineExecutionOrchestrator.java:141) ~[junit-platform-launcher-1.11.3.jar:1.11.3]
	at org.junit.platform.launcher.core.EngineExecutionOrchestrator.execute(EngineExecutionOrchestrator.java:57) ~[junit-platform-launcher-1.11.3.jar:1.11.3]
	at org.junit.platform.launcher.core.DefaultLauncher.execute(DefaultLauncher.java:103) ~[junit-platform-launcher-1.11.3.jar:1.11.3]
	at org.junit.platform.launcher.core.DefaultLauncher.execute(DefaultLauncher.java:85) ~[junit-platform-launcher-1.11.3.jar:1.11.3]
	at org.junit.platform.launcher.core.DelegatingLauncher.execute(DelegatingLauncher.java:47) ~[junit-platform-launcher-1.11.3.jar:1.11.3]
	at org.apache.maven.surefire.junitplatform.LazyLauncher.execute(LazyLauncher.java:56) ~[surefire-junit-platform-3.5.2.jar:3.5.2]
	at org.apache.maven.surefire.junitplatform.JUnitPlatformProvider.execute(JUnitPlatformProvider.java:184) ~[surefire-junit-platform-3.5.2.jar:3.5.2]
	at org.apache.maven.surefire.junitplatform.JUnitPlatformProvider.invokeAllTests(JUnitPlatformProvider.java:148) ~[surefire-junit-platform-3.5.2.jar:3.5.2]
	at org.apache.maven.surefire.junitplatform.JUnitPlatformProvider.invoke(JUnitPlatformProvider.java:122) ~[surefire-junit-platform-3.5.2.jar:3.5.2]
	at org.apache.maven.surefire.booter.ForkedBooter.runSuitesInProcess(ForkedBooter.java:385) ~[surefire-booter-3.5.2.jar:3.5.2]
	at org.apache.maven.surefire.booter.ForkedBooter.execute(ForkedBooter.java:162) ~[surefire-booter-3.5.2.jar:3.5.2]
	at org.apache.maven.surefire.booter.ForkedBooter.run(ForkedBooter.java:507) ~[surefire-booter-3.5.2.jar:3.5.2]
	at org.apache.maven.surefire.booter.ForkedBooter.main(ForkedBooter.java:495) ~[surefire-booter-3.5.2.jar:3.5.2]
Caused by: java.sql.SQLException: ORA-12263: Fallo al acceder a tnsnames.ora en el directorio configurado como administrador de TNS: /app/wallet. El archivo no existe o no se puede acceder a él.
https://docs.oracle.com/error-help/db/ora-12263/
	at oracle.jdbc.driver.T4CConnection.handleLogonNetException(T4CConnection.java:1617) ~[ojdbc11-23.5.0.24.07.jar:23.5.0.24.07]
	at oracle.jdbc.driver.T4CConnection.logon(T4CConnection.java:1139) ~[ojdbc11-23.5.0.24.07.jar:23.5.0.24.07]
	at oracle.jdbc.driver.PhysicalConnection.connect(PhysicalConnection.java:1206) ~[ojdbc11-23.5.0.24.07.jar:23.5.0.24.07]
	at oracle.jdbc.driver.T4CDriverExtension.getConnection(T4CDriverExtension.java:105) ~[ojdbc11-23.5.0.24.07.jar:23.5.0.24.07]
	at oracle.jdbc.driver.OracleDriver.connect(OracleDriver.java:886) ~[ojdbc11-23.5.0.24.07.jar:23.5.0.24.07]
	at oracle.jdbc.driver.OracleDriver.connect(OracleDriver.java:693) ~[ojdbc11-23.5.0.24.07.jar:23.5.0.24.07]
	at com.zaxxer.hikari.util.DriverDataSource.getConnection(DriverDataSource.java:137) ~[HikariCP-5.1.0.jar:na]
	at com.zaxxer.hikari.pool.PoolBase.newConnection(PoolBase.java:360) ~[HikariCP-5.1.0.jar:na]
	at com.zaxxer.hikari.pool.PoolBase.newPoolEntry(PoolBase.java:202) ~[HikariCP-5.1.0.jar:na]
	at com.zaxxer.hikari.pool.HikariPool.createPoolEntry(HikariPool.java:461) ~[HikariCP-5.1.0.jar:na]
	at com.zaxxer.hikari.pool.HikariPool.checkFailFast(HikariPool.java:550) ~[HikariCP-5.1.0.jar:na]
	at com.zaxxer.hikari.pool.HikariPool.<init>(HikariPool.java:98) ~[HikariCP-5.1.0.jar:na]
	at com.zaxxer.hikari.HikariDataSource.getConnection(HikariDataSource.java:111) ~[HikariCP-5.1.0.jar:na]
	at org.hibernate.engine.jdbc.connections.internal.DatasourceConnectionProviderImpl.getConnection(DatasourceConnectionProviderImpl.java:126) ~[hibernate-core-6.6.2.Final.jar:6.6.2.Final]
	at org.hibernate.engine.jdbc.env.internal.JdbcEnvironmentInitiator$ConnectionProviderJdbcConnectionAccess.obtainConnection(JdbcEnvironmentInitiator.java:467) ~[hibernate-core-6.6.2.Final.jar:6.6.2.Final]
	at org.hibernate.resource.transaction.backend.jdbc.internal.JdbcIsolationDelegate.delegateWork(JdbcIsolationDelegate.java:61) ~[hibernate-core-6.6.2.Final.jar:6.6.2.Final]
	... 105 common frames omitted
Caused by: oracle.net.ns.NetException: ORA-12263: Fallo al acceder a tnsnames.ora en el directorio configurado como administrador de TNS: /app/wallet. El archivo no existe o no se puede acceder a él.
https://docs.oracle.com/error-help/db/ora-12263/
	at oracle.net.resolver.TNSNamesNamingAdapter.resolve(TNSNamesNamingAdapter.java:142) ~[ojdbc11-23.5.0.24.07.jar:23.5.0.24.07]
	at oracle.net.resolver.NameResolver.resolveName(NameResolver.java:177) ~[ojdbc11-23.5.0.24.07.jar:23.5.0.24.07]
	at oracle.net.resolver.AddrResolution.resolveTNSAddress(AddrResolution.java:907) ~[ojdbc11-23.5.0.24.07.jar:23.5.0.24.07]
	at oracle.net.resolver.AddrResolution.initConnStrategy(AddrResolution.java:636) ~[ojdbc11-23.5.0.24.07.jar:23.5.0.24.07]
	at oracle.net.resolver.AddrResolution.<init>(AddrResolution.java:451) ~[ojdbc11-23.5.0.24.07.jar:23.5.0.24.07]
	at oracle.net.ns.NSProtocol.<init>(NSProtocol.java:247) ~[ojdbc11-23.5.0.24.07.jar:23.5.0.24.07]
	at oracle.net.ns.NSProtocolNIO.<init>(NSProtocolNIO.java:148) ~[ojdbc11-23.5.0.24.07.jar:23.5.0.24.07]
	at oracle.jdbc.driver.T4CConnection.logon(T4CConnection.java:1002) ~[ojdbc11-23.5.0.24.07.jar:23.5.0.24.07]
	... 119 common frames omitted
	Suppressed: oracle.net.ns.NetException: ORA-17866: Formato numérico no válido para el número de puerto
https://docs.oracle.com/error-help/db/ora-17866/
		at oracle.net.resolver.HostnameNamingAdapter.resolve(HostnameNamingAdapter.java:191) ~[ojdbc11-23.5.0.24.07.jar:23.5.0.24.07]
		... 126 common frames omitted

2024-12-15T14:04:01.776-03:00  WARN 25938 --- [tienda-ms-pedidos] [           main] org.hibernate.orm.deprecation            : HHH90000025: OracleDialect does not need to be specified explicitly using 'hibernate.dialect' (remove the property setting and it will be selected by default)
2024-12-15T14:04:01.776-03:00 DEBUG 25938 --- [tienda-ms-pedidos] [           main] org.hibernate.orm.dialect                : HHH035001: Using dialect: org.hibernate.dialect.OracleDialect, version: 19.0
2024-12-15T14:04:01.776-03:00 DEBUG 25938 --- [tienda-ms-pedidos] [           main] org.hibernate.orm.jdbc.lob               : HHH10010002: Disabling contextual LOB creation as connection was null
2024-12-15T14:04:01.776-03:00  INFO 25938 --- [tienda-ms-pedidos] [           main] org.hibernate.orm.connections.pooling    : HHH10001005: Database info:
	Database JDBC URL [Connecting through datasource 'HikariDataSource (null)']
	Database driver: undefined/unknown
	Database version: 19.0
	Autocommit mode: undefined/unknown
	Isolation level: undefined/unknown
	Minimum pool size: undefined/unknown
	Maximum pool size: undefined/unknown
2024-12-15T14:04:01.776-03:00 DEBUG 25938 --- [tienda-ms-pedidos] [           main] o.h.t.d.jdbc.spi.JdbcTypeRegistry        : addDescriptor(NCharTypeDescriptor) replaced previous registration(CharTypeDescriptor)
2024-12-15T14:04:01.776-03:00 DEBUG 25938 --- [tienda-ms-pedidos] [           main] o.h.t.d.jdbc.spi.JdbcTypeRegistry        : addDescriptor(NVarcharTypeDescriptor) replaced previous registration(VarcharTypeDescriptor)
2024-12-15T14:04:01.776-03:00 DEBUG 25938 --- [tienda-ms-pedidos] [           main] o.h.t.d.jdbc.spi.JdbcTypeRegistry        : addDescriptor(LongNVarcharTypeDescriptor) replaced previous registration(LongVarcharTypeDescriptor)
2024-12-15T14:04:01.776-03:00 DEBUG 25938 --- [tienda-ms-pedidos] [           main] o.h.t.d.jdbc.spi.JdbcTypeRegistry        : addDescriptor(NClobTypeDescriptor(DEFAULT)) replaced previous registration(ClobTypeDescriptor(DEFAULT))
2024-12-15T14:04:01.776-03:00 DEBUG 25938 --- [tienda-ms-pedidos] [           main] o.h.t.d.jdbc.spi.JdbcTypeRegistry        : addDescriptor(BooleanTypeDescriptor) replaced previous registration(BooleanTypeDescriptor)
2024-12-15T14:04:01.776-03:00 DEBUG 25938 --- [tienda-ms-pedidos] [           main] org.hibernate.type.BasicTypeRegistry     : Adding type registration null -> org.hibernate.type.NullType@28ff12df
2024-12-15T14:04:01.776-03:00 DEBUG 25938 --- [tienda-ms-pedidos] [           main] org.hibernate.type.BasicTypeRegistry     : Type registration key [null] overrode previous entry : `org.hibernate.type.NullType@735b1ad2`
2024-12-15T14:04:01.776-03:00 DEBUG 25938 --- [tienda-ms-pedidos] [           main] org.hibernate.type.BasicTypeRegistry     : Adding type registration JAVA_OBJECT -> org.hibernate.type.JavaObjectType@79455bd7
2024-12-15T14:04:01.776-03:00 DEBUG 25938 --- [tienda-ms-pedidos] [           main] org.hibernate.type.BasicTypeRegistry     : Adding type registration java.lang.Object -> org.hibernate.type.JavaObjectType@79455bd7
2024-12-15T14:04:01.776-03:00 DEBUG 25938 --- [tienda-ms-pedidos] [           main] org.hibernate.type.BasicTypeRegistry     : Type registration key [java.lang.Object] overrode previous entry : `org.hibernate.type.JavaObjectType@634d56eb`
2024-12-15T14:04:01.776-03:00 DEBUG 25938 --- [tienda-ms-pedidos] [           main] org.hibernate.type.BasicTypeRegistry     : Adding type registration org.hibernate.type.DurationType -> basicType@40(java.time.Duration,3015)
2024-12-15T14:04:01.776-03:00 DEBUG 25938 --- [tienda-ms-pedidos] [           main] org.hibernate.type.BasicTypeRegistry     : Adding type registration Duration -> basicType@40(java.time.Duration,3015)
2024-12-15T14:04:01.776-03:00 DEBUG 25938 --- [tienda-ms-pedidos] [           main] org.hibernate.type.BasicTypeRegistry     : Adding type registration java.time.Duration -> basicType@40(java.time.Duration,3015)
2024-12-15T14:04:01.776-03:00 DEBUG 25938 --- [tienda-ms-pedidos] [           main] o.h.type.spi.TypeConfiguration$Scope     : Scoping TypeConfiguration [org.hibernate.type.spi.TypeConfiguration@6a38e577] to MetadataBuildingContext [org.hibernate.boot.internal.MetadataBuildingContextRootImpl@272cee7e]
2024-12-15T14:04:01.777-03:00 DEBUG 25938 --- [tienda-ms-pedidos] [           main] o.h.boot.model.relational.Namespace      : Created database namespace [logicalName=Name{catalog=null, schema=null}, physicalName=Name{catalog=null, schema=null}]
2024-12-15T14:04:01.777-03:00 DEBUG 25938 --- [tienda-ms-pedidos] [           main] o.h.boot.model.internal.EntityBinder     : Binding entity from annotated class: com.example.tienda_ms_pedidos.model.Categoria
2024-12-15T14:04:01.777-03:00 DEBUG 25938 --- [tienda-ms-pedidos] [           main] o.h.boot.model.internal.EntityBinder     : Import with entity name Categoria
2024-12-15T14:04:01.777-03:00 DEBUG 25938 --- [tienda-ms-pedidos] [           main] o.h.boot.model.internal.EntityBinder     : Bind entity com.example.tienda_ms_pedidos.model.Categoria on table categoria
2024-12-15T14:04:01.777-03:00 DEBUG 25938 --- [tienda-ms-pedidos] [           main] o.h.boot.model.internal.AnnotatedColumn  : Binding column: AnnotatedDiscriminatorColumn(column='DTYPE')
2024-12-15T14:04:01.777-03:00 DEBUG 25938 --- [tienda-ms-pedidos] [           main] o.h.boot.model.internal.AnnotatedColumn  : Binding column: AnnotatedColumn(column='idCategoria')
2024-12-15T14:04:01.777-03:00 DEBUG 25938 --- [tienda-ms-pedidos] [           main] o.h.boot.internal.ClassLoaderAccessImpl  : Not known whether passed class name [com.example.tienda_ms_pedidos.model.Categoria] is safe
2024-12-15T14:04:01.777-03:00 DEBUG 25938 --- [tienda-ms-pedidos] [           main] o.h.boot.internal.ClassLoaderAccessImpl  : No temp ClassLoader provided; using live ClassLoader for loading potentially unsafe class : com.example.tienda_ms_pedidos.model.Categoria
2024-12-15T14:04:01.778-03:00 DEBUG 25938 --- [tienda-ms-pedidos] [           main] o.h.boot.model.internal.PropertyBinder   : MetadataSourceProcessor property id with lazy=false
2024-12-15T14:04:01.778-03:00 DEBUG 25938 --- [tienda-ms-pedidos] [           main] o.h.b.m.internal.AbstractPropertyHolder  : Attempting to locate auto-apply AttributeConverter for property [com.example.tienda_ms_pedidos.model.Categoria:id]
2024-12-15T14:04:01.778-03:00 DEBUG 25938 --- [tienda-ms-pedidos] [           main] o.h.b.model.internal.BasicValueBinder    : building BasicValue for id
2024-12-15T14:04:01.778-03:00 DEBUG 25938 --- [tienda-ms-pedidos] [           main] org.hibernate.mapping.BasicValue         : Skipping column re-registration: categoria.id_categoria
2024-12-15T14:04:01.778-03:00 DEBUG 25938 --- [tienda-ms-pedidos] [           main] o.h.boot.model.internal.PropertyBinder   : Building property id
2024-12-15T14:04:01.778-03:00 DEBUG 25938 --- [tienda-ms-pedidos] [           main] o.h.boot.model.internal.BinderHelper     : #makeIdGenerator(BasicValue([Column(id_categoria)]), id, identity, , ...)
2024-12-15T14:04:01.778-03:00 DEBUG 25938 --- [tienda-ms-pedidos] [           main] o.h.boot.model.internal.AnnotatedColumn  : Binding column: AnnotatedColumn(column='descripcion')
2024-12-15T14:04:01.778-03:00 DEBUG 25938 --- [tienda-ms-pedidos] [           main] o.h.boot.model.internal.PropertyBinder   : MetadataSourceProcessor property descripcion with lazy=false
2024-12-15T14:04:01.778-03:00 DEBUG 25938 --- [tienda-ms-pedidos] [           main] o.h.b.m.internal.AbstractPropertyHolder  : Attempting to locate auto-apply AttributeConverter for property [com.example.tienda_ms_pedidos.model.Categoria:descripcion]
2024-12-15T14:04:01.778-03:00 DEBUG 25938 --- [tienda-ms-pedidos] [           main] o.h.b.model.internal.BasicValueBinder    : building BasicValue for descripcion
2024-12-15T14:04:01.778-03:00 DEBUG 25938 --- [tienda-ms-pedidos] [           main] org.hibernate.mapping.BasicValue         : Skipping column re-registration: categoria.descripcion
2024-12-15T14:04:01.778-03:00 DEBUG 25938 --- [tienda-ms-pedidos] [           main] o.h.boot.model.internal.PropertyBinder   : Building property descripcion
2024-12-15T14:04:01.778-03:00 DEBUG 25938 --- [tienda-ms-pedidos] [           main] o.h.boot.model.internal.AnnotatedColumn  : Binding column: AnnotatedColumn(column='nombre')
2024-12-15T14:04:01.778-03:00 DEBUG 25938 --- [tienda-ms-pedidos] [           main] o.h.boot.model.internal.PropertyBinder   : MetadataSourceProcessor property nombre with lazy=false
2024-12-15T14:04:01.778-03:00 DEBUG 25938 --- [tienda-ms-pedidos] [           main] o.h.b.m.internal.AbstractPropertyHolder  : Attempting to locate auto-apply AttributeConverter for property [com.example.tienda_ms_pedidos.model.Categoria:nombre]
2024-12-15T14:04:01.778-03:00 DEBUG 25938 --- [tienda-ms-pedidos] [           main] o.h.b.model.internal.BasicValueBinder    : building BasicValue for nombre
2024-12-15T14:04:01.778-03:00 DEBUG 25938 --- [tienda-ms-pedidos] [           main] org.hibernate.mapping.BasicValue         : Skipping column re-registration: categoria.nombre
2024-12-15T14:04:01.778-03:00 DEBUG 25938 --- [tienda-ms-pedidos] [           main] o.h.boot.model.internal.PropertyBinder   : Building property nombre
2024-12-15T14:04:01.778-03:00 DEBUG 25938 --- [tienda-ms-pedidos] [           main] o.h.boot.model.internal.AnnotatedColumn  : Binding column: IndexColumn(column='productos_ORDER')
2024-12-15T14:04:01.778-03:00 DEBUG 25938 --- [tienda-ms-pedidos] [           main] o.h.boot.model.internal.AnnotatedColumn  : Binding column: AnnotatedColumn()
2024-12-15T14:04:01.778-03:00 DEBUG 25938 --- [tienda-ms-pedidos] [           main] o.h.boot.model.internal.AnnotatedColumn  : Binding column: AnnotatedColumn(column='productos_KEY')
2024-12-15T14:04:01.778-03:00 DEBUG 25938 --- [tienda-ms-pedidos] [           main] o.h.boot.model.internal.AnnotatedColumn  : Binding column: AnnotatedJoinColumn(column='productos_KEY')
2024-12-15T14:04:01.778-03:00 DEBUG 25938 --- [tienda-ms-pedidos] [           main] o.h.boot.model.internal.AnnotatedColumn  : Binding column: AnnotatedJoinColumn()
2024-12-15T14:04:01.778-03:00 DEBUG 25938 --- [tienda-ms-pedidos] [           main] o.h.boot.model.internal.AnnotatedColumn  : Binding column: AnnotatedJoinColumn()
2024-12-15T14:04:01.779-03:00 DEBUG 25938 --- [tienda-ms-pedidos] [           main] o.h.b.model.internal.CollectionBinder    : Collection role: com.example.tienda_ms_pedidos.model.Categoria.productos
2024-12-15T14:04:01.779-03:00 DEBUG 25938 --- [tienda-ms-pedidos] [           main] o.h.boot.model.internal.PropertyBinder   : Building property productos
2024-12-15T14:04:01.779-03:00 DEBUG 25938 --- [tienda-ms-pedidos] [           main] o.h.b.r.c.i.ClassLoaderServiceImpl       : HHH000194: Package not found or no package-info.java: com.example.tienda_ms_pedidos.model
2024-12-15T14:04:01.779-03:00 DEBUG 25938 --- [tienda-ms-pedidos] [           main] o.h.boot.model.internal.EntityBinder     : Binding entity from annotated class: com.example.tienda_ms_pedidos.model.DetalleOrden
2024-12-15T14:04:01.779-03:00 DEBUG 25938 --- [tienda-ms-pedidos] [           main] o.h.boot.model.internal.EntityBinder     : Import with entity name DetalleOrden
2024-12-15T14:04:01.779-03:00 DEBUG 25938 --- [tienda-ms-pedidos] [           main] o.h.boot.model.internal.EntityBinder     : Bind entity com.example.tienda_ms_pedidos.model.DetalleOrden on table detalle_ordenes
2024-12-15T14:04:01.779-03:00 DEBUG 25938 --- [tienda-ms-pedidos] [           main] o.h.boot.model.internal.AnnotatedColumn  : Binding column: AnnotatedDiscriminatorColumn(column='DTYPE')
2024-12-15T14:04:01.780-03:00 DEBUG 25938 --- [tienda-ms-pedidos] [           main] o.h.boot.model.internal.AnnotatedColumn  : Binding column: AnnotatedColumn(column='ID_DETALLE_ORDEN')
2024-12-15T14:04:01.780-03:00 DEBUG 25938 --- [tienda-ms-pedidos] [           main] o.h.boot.internal.ClassLoaderAccessImpl  : Not known whether passed class name [com.example.tienda_ms_pedidos.model.DetalleOrden] is safe
2024-12-15T14:04:01.780-03:00 DEBUG 25938 --- [tienda-ms-pedidos] [           main] o.h.boot.internal.ClassLoaderAccessImpl  : No temp ClassLoader provided; using live ClassLoader for loading potentially unsafe class : com.example.tienda_ms_pedidos.model.DetalleOrden
2024-12-15T14:04:01.780-03:00 DEBUG 25938 --- [tienda-ms-pedidos] [           main] o.h.boot.model.internal.PropertyBinder   : MetadataSourceProcessor property id with lazy=false
2024-12-15T14:04:01.780-03:00 DEBUG 25938 --- [tienda-ms-pedidos] [           main] o.h.b.m.internal.AbstractPropertyHolder  : Attempting to locate auto-apply AttributeConverter for property [com.example.tienda_ms_pedidos.model.DetalleOrden:id]
2024-12-15T14:04:01.780-03:00 DEBUG 25938 --- [tienda-ms-pedidos] [           main] o.h.b.model.internal.BasicValueBinder    : building BasicValue for id
2024-12-15T14:04:01.780-03:00 DEBUG 25938 --- [tienda-ms-pedidos] [           main] org.hibernate.mapping.BasicValue         : Skipping column re-registration: detalle_ordenes.id_detalle_orden
2024-12-15T14:04:01.780-03:00 DEBUG 25938 --- [tienda-ms-pedidos] [           main] o.h.boot.model.internal.PropertyBinder   : Building property id
2024-12-15T14:04:01.780-03:00 DEBUG 25938 --- [tienda-ms-pedidos] [           main] o.h.boot.model.internal.BinderHelper     : #makeIdGenerator(BasicValue([Column(id_detalle_orden)]), id, identity, , ...)
2024-12-15T14:04:01.780-03:00 DEBUG 25938 --- [tienda-ms-pedidos] [           main] o.h.boot.model.internal.AnnotatedColumn  : Binding column: AnnotatedColumn(column='CANTIDAD')
2024-12-15T14:04:01.780-03:00 DEBUG 25938 --- [tienda-ms-pedidos] [           main] o.h.boot.model.internal.PropertyBinder   : MetadataSourceProcessor property cantidad with lazy=false
2024-12-15T14:04:01.780-03:00 DEBUG 25938 --- [tienda-ms-pedidos] [           main] o.h.b.m.internal.AbstractPropertyHolder  : Attempting to locate auto-apply AttributeConverter for property [com.example.tienda_ms_pedidos.model.DetalleOrden:cantidad]
2024-12-15T14:04:01.780-03:00 DEBUG 25938 --- [tienda-ms-pedidos] [           main] o.h.b.model.internal.BasicValueBinder    : building BasicValue for cantidad
2024-12-15T14:04:01.780-03:00 DEBUG 25938 --- [tienda-ms-pedidos] [           main] org.hibernate.mapping.BasicValue         : Skipping column re-registration: detalle_ordenes.cantidad
2024-12-15T14:04:01.780-03:00 DEBUG 25938 --- [tienda-ms-pedidos] [           main] o.h.boot.model.internal.PropertyBinder   : Building property cantidad
2024-12-15T14:04:01.780-03:00 DEBUG 25938 --- [tienda-ms-pedidos] [           main] o.h.boot.model.internal.AnnotatedColumn  : Binding column: AnnotatedColumn(column='ID_PRODUCTO')
2024-12-15T14:04:01.780-03:00 DEBUG 25938 --- [tienda-ms-pedidos] [           main] o.h.boot.model.internal.PropertyBinder   : MetadataSourceProcessor property idProducto with lazy=false
2024-12-15T14:04:01.780-03:00 DEBUG 25938 --- [tienda-ms-pedidos] [           main] o.h.b.m.internal.AbstractPropertyHolder  : Attempting to locate auto-apply AttributeConverter for property [com.example.tienda_ms_pedidos.model.DetalleOrden:idProducto]
2024-12-15T14:04:01.780-03:00 DEBUG 25938 --- [tienda-ms-pedidos] [           main] o.h.b.model.internal.BasicValueBinder    : building BasicValue for idProducto
2024-12-15T14:04:01.780-03:00 DEBUG 25938 --- [tienda-ms-pedidos] [           main] org.hibernate.mapping.BasicValue         : Skipping column re-registration: detalle_ordenes.id_producto
2024-12-15T14:04:01.780-03:00 DEBUG 25938 --- [tienda-ms-pedidos] [           main] o.h.boot.model.internal.PropertyBinder   : Building property idProducto
2024-12-15T14:04:01.780-03:00 DEBUG 25938 --- [tienda-ms-pedidos] [           main] o.h.boot.model.internal.AnnotatedColumn  : Binding column: AnnotatedColumn(column='MONTO_TOTAL')
2024-12-15T14:04:01.780-03:00 DEBUG 25938 --- [tienda-ms-pedidos] [           main] o.h.boot.model.internal.PropertyBinder   : MetadataSourceProcessor property montoTotal with lazy=false
2024-12-15T14:04:01.780-03:00 DEBUG 25938 --- [tienda-ms-pedidos] [           main] o.h.b.m.internal.AbstractPropertyHolder  : Attempting to locate auto-apply AttributeConverter for property [com.example.tienda_ms_pedidos.model.DetalleOrden:montoTotal]
2024-12-15T14:04:01.780-03:00 DEBUG 25938 --- [tienda-ms-pedidos] [           main] o.h.b.model.internal.BasicValueBinder    : building BasicValue for montoTotal
2024-12-15T14:04:01.780-03:00 DEBUG 25938 --- [tienda-ms-pedidos] [           main] org.hibernate.mapping.BasicValue         : Skipping column re-registration: detalle_ordenes.monto_total
2024-12-15T14:04:01.780-03:00 DEBUG 25938 --- [tienda-ms-pedidos] [           main] o.h.boot.model.internal.PropertyBinder   : Building property montoTotal
2024-12-15T14:04:01.780-03:00 DEBUG 25938 --- [tienda-ms-pedidos] [           main] o.h.boot.model.internal.AnnotatedColumn  : Binding column: AnnotatedJoinColumn(column='id_orden')
2024-12-15T14:04:01.780-03:00 DEBUG 25938 --- [tienda-ms-pedidos] [           main] o.h.boot.model.internal.AnnotatedColumn  : Binding column: AnnotatedColumn()
2024-12-15T14:04:01.780-03:00 DEBUG 25938 --- [tienda-ms-pedidos] [           main] o.h.boot.model.internal.PropertyBinder   : Building property orden
2024-12-15T14:04:01.780-03:00 DEBUG 25938 --- [tienda-ms-pedidos] [           main] o.h.boot.model.internal.AnnotatedColumn  : Binding column: AnnotatedColumn(column='PRECIO')
2024-12-15T14:04:01.781-03:00 DEBUG 25938 --- [tienda-ms-pedidos] [           main] o.h.boot.model.internal.PropertyBinder   : MetadataSourceProcessor property precio with lazy=false
2024-12-15T14:04:01.781-03:00 DEBUG 25938 --- [tienda-ms-pedidos] [           main] o.h.b.m.internal.AbstractPropertyHolder  : Attempting to locate auto-apply AttributeConverter for property [com.example.tienda_ms_pedidos.model.DetalleOrden:precio]
2024-12-15T14:04:01.781-03:00 DEBUG 25938 --- [tienda-ms-pedidos] [           main] o.h.b.model.internal.BasicValueBinder    : building BasicValue for precio
2024-12-15T14:04:01.781-03:00 DEBUG 25938 --- [tienda-ms-pedidos] [           main] org.hibernate.mapping.BasicValue         : Skipping column re-registration: detalle_ordenes.precio
2024-12-15T14:04:01.781-03:00 DEBUG 25938 --- [tienda-ms-pedidos] [           main] o.h.boot.model.internal.PropertyBinder   : Building property precio
2024-12-15T14:04:01.781-03:00 DEBUG 25938 --- [tienda-ms-pedidos] [           main] o.h.b.r.c.i.ClassLoaderServiceImpl       : HHH000194: Package not found or no package-info.java: com.example.tienda_ms_pedidos.model
2024-12-15T14:04:01.781-03:00 DEBUG 25938 --- [tienda-ms-pedidos] [           main] o.h.boot.model.internal.EntityBinder     : Binding entity from annotated class: com.example.tienda_ms_pedidos.model.Orden
2024-12-15T14:04:01.781-03:00 DEBUG 25938 --- [tienda-ms-pedidos] [           main] o.h.boot.model.internal.EntityBinder     : Import with entity name Orden
2024-12-15T14:04:01.781-03:00 DEBUG 25938 --- [tienda-ms-pedidos] [           main] o.h.boot.model.internal.EntityBinder     : Bind entity com.example.tienda_ms_pedidos.model.Orden on table ordenes
2024-12-15T14:04:01.781-03:00 DEBUG 25938 --- [tienda-ms-pedidos] [           main] o.h.boot.model.internal.AnnotatedColumn  : Binding column: AnnotatedDiscriminatorColumn(column='DTYPE')
2024-12-15T14:04:01.781-03:00 DEBUG 25938 --- [tienda-ms-pedidos] [           main] o.h.boot.model.internal.AnnotatedColumn  : Binding column: AnnotatedColumn(column='ID_ORDEN')
2024-12-15T14:04:01.781-03:00 DEBUG 25938 --- [tienda-ms-pedidos] [           main] o.h.boot.internal.ClassLoaderAccessImpl  : Not known whether passed class name [com.example.tienda_ms_pedidos.model.Orden] is safe
2024-12-15T14:04:01.781-03:00 DEBUG 25938 --- [tienda-ms-pedidos] [           main] o.h.boot.internal.ClassLoaderAccessImpl  : No temp ClassLoader provided; using live ClassLoader for loading potentially unsafe class : com.example.tienda_ms_pedidos.model.Orden
2024-12-15T14:04:01.782-03:00 DEBUG 25938 --- [tienda-ms-pedidos] [           main] o.h.boot.model.internal.PropertyBinder   : MetadataSourceProcessor property id with lazy=false
2024-12-15T14:04:01.782-03:00 DEBUG 25938 --- [tienda-ms-pedidos] [           main] o.h.b.m.internal.AbstractPropertyHolder  : Attempting to locate auto-apply AttributeConverter for property [com.example.tienda_ms_pedidos.model.Orden:id]
2024-12-15T14:04:01.782-03:00 DEBUG 25938 --- [tienda-ms-pedidos] [           main] o.h.b.model.internal.BasicValueBinder    : building BasicValue for id
2024-12-15T14:04:01.782-03:00 DEBUG 25938 --- [tienda-ms-pedidos] [           main] org.hibernate.mapping.BasicValue         : Skipping column re-registration: ordenes.id_orden
2024-12-15T14:04:01.782-03:00 DEBUG 25938 --- [tienda-ms-pedidos] [           main] o.h.boot.model.internal.PropertyBinder   : Building property id
2024-12-15T14:04:01.782-03:00 DEBUG 25938 --- [tienda-ms-pedidos] [           main] o.h.boot.model.internal.BinderHelper     : #makeIdGenerator(BasicValue([Column(id_orden)]), id, identity, , ...)
2024-12-15T14:04:01.782-03:00 DEBUG 25938 --- [tienda-ms-pedidos] [           main] o.h.boot.model.internal.AnnotatedColumn  : Binding column: AnnotatedJoinColumn()
2024-12-15T14:04:01.782-03:00 DEBUG 25938 --- [tienda-ms-pedidos] [           main] o.h.boot.model.internal.AnnotatedColumn  : Binding column: AnnotatedColumn()
2024-12-15T14:04:01.782-03:00 DEBUG 25938 --- [tienda-ms-pedidos] [           main] o.h.boot.model.internal.AnnotatedColumn  : Binding column: IndexColumn(column='detalles_ORDER')
2024-12-15T14:04:01.782-03:00 DEBUG 25938 --- [tienda-ms-pedidos] [           main] o.h.boot.model.internal.AnnotatedColumn  : Binding column: AnnotatedColumn()
2024-12-15T14:04:01.782-03:00 DEBUG 25938 --- [tienda-ms-pedidos] [           main] o.h.boot.model.internal.AnnotatedColumn  : Binding column: AnnotatedColumn(column='detalles_KEY')
2024-12-15T14:04:01.782-03:00 DEBUG 25938 --- [tienda-ms-pedidos] [           main] o.h.boot.model.internal.AnnotatedColumn  : Binding column: AnnotatedJoinColumn(column='detalles_KEY')
2024-12-15T14:04:01.782-03:00 DEBUG 25938 --- [tienda-ms-pedidos] [           main] o.h.boot.model.internal.AnnotatedColumn  : Binding column: AnnotatedJoinColumn()
2024-12-15T14:04:01.782-03:00 DEBUG 25938 --- [tienda-ms-pedidos] [           main] o.h.boot.model.internal.AnnotatedColumn  : Binding column: AnnotatedJoinColumn()
2024-12-15T14:04:01.782-03:00 DEBUG 25938 --- [tienda-ms-pedidos] [           main] o.h.b.model.internal.CollectionBinder    : Collection role: com.example.tienda_ms_pedidos.model.Orden.detalles
2024-12-15T14:04:01.782-03:00 DEBUG 25938 --- [tienda-ms-pedidos] [           main] o.h.boot.model.internal.PropertyBinder   : Building property detalles
2024-12-15T14:04:01.782-03:00 DEBUG 25938 --- [tienda-ms-pedidos] [           main] o.h.boot.model.internal.AnnotatedColumn  : Binding column: AnnotatedColumn(column='EMAIL')
2024-12-15T14:04:01.782-03:00 DEBUG 25938 --- [tienda-ms-pedidos] [           main] o.h.boot.model.internal.PropertyBinder   : MetadataSourceProcessor property email with lazy=false
2024-12-15T14:04:01.782-03:00 DEBUG 25938 --- [tienda-ms-pedidos] [           main] o.h.b.m.internal.AbstractPropertyHolder  : Attempting to locate auto-apply AttributeConverter for property [com.example.tienda_ms_pedidos.model.Orden:email]
2024-12-15T14:04:01.782-03:00 DEBUG 25938 --- [tienda-ms-pedidos] [           main] o.h.b.model.internal.BasicValueBinder    : building BasicValue for email
2024-12-15T14:04:01.782-03:00 DEBUG 25938 --- [tienda-ms-pedidos] [           main] org.hibernate.mapping.BasicValue         : Skipping column re-registration: ordenes.email
2024-12-15T14:04:01.782-03:00 DEBUG 25938 --- [tienda-ms-pedidos] [           main] o.h.boot.model.internal.PropertyBinder   : Building property email
2024-12-15T14:04:01.782-03:00 DEBUG 25938 --- [tienda-ms-pedidos] [           main] o.h.boot.model.internal.AnnotatedColumn  : Binding column: AnnotatedColumn(column='ESTADO')
2024-12-15T14:04:01.782-03:00 DEBUG 25938 --- [tienda-ms-pedidos] [           main] o.h.boot.model.internal.PropertyBinder   : MetadataSourceProcessor property estado with lazy=false
2024-12-15T14:04:01.782-03:00 DEBUG 25938 --- [tienda-ms-pedidos] [           main] o.h.b.m.internal.AbstractPropertyHolder  : Attempting to locate auto-apply AttributeConverter for property [com.example.tienda_ms_pedidos.model.Orden:estado]
2024-12-15T14:04:01.782-03:00 DEBUG 25938 --- [tienda-ms-pedidos] [           main] o.h.b.model.internal.BasicValueBinder    : building BasicValue for estado
2024-12-15T14:04:01.782-03:00 DEBUG 25938 --- [tienda-ms-pedidos] [           main] org.hibernate.mapping.BasicValue         : Skipping column re-registration: ordenes.estado
2024-12-15T14:04:01.782-03:00 DEBUG 25938 --- [tienda-ms-pedidos] [           main] o.h.boot.model.internal.PropertyBinder   : Building property estado
2024-12-15T14:04:01.782-03:00 DEBUG 25938 --- [tienda-ms-pedidos] [           main] o.h.boot.model.internal.AnnotatedColumn  : Binding column: AnnotatedColumn(column='FECHA')
2024-12-15T14:04:01.782-03:00 DEBUG 25938 --- [tienda-ms-pedidos] [           main] o.h.boot.model.internal.PropertyBinder   : MetadataSourceProcessor property fecha with lazy=false
2024-12-15T14:04:01.782-03:00 DEBUG 25938 --- [tienda-ms-pedidos] [           main] o.h.b.m.internal.AbstractPropertyHolder  : Attempting to locate auto-apply AttributeConverter for property [com.example.tienda_ms_pedidos.model.Orden:fecha]
2024-12-15T14:04:01.782-03:00 DEBUG 25938 --- [tienda-ms-pedidos] [           main] o.h.b.model.internal.BasicValueBinder    : building BasicValue for fecha
2024-12-15T14:04:01.783-03:00 DEBUG 25938 --- [tienda-ms-pedidos] [           main] org.hibernate.mapping.BasicValue         : Skipping column re-registration: ordenes.fecha
2024-12-15T14:04:01.783-03:00 DEBUG 25938 --- [tienda-ms-pedidos] [           main] o.h.boot.model.internal.PropertyBinder   : Building property fecha
2024-12-15T14:04:01.783-03:00 DEBUG 25938 --- [tienda-ms-pedidos] [           main] o.h.boot.model.internal.AnnotatedColumn  : Binding column: AnnotatedColumn(column='MONTO_TOTAL')
2024-12-15T14:04:01.783-03:00 DEBUG 25938 --- [tienda-ms-pedidos] [           main] o.h.boot.model.internal.PropertyBinder   : MetadataSourceProcessor property montoTotal with lazy=false
2024-12-15T14:04:01.783-03:00 DEBUG 25938 --- [tienda-ms-pedidos] [           main] o.h.b.m.internal.AbstractPropertyHolder  : Attempting to locate auto-apply AttributeConverter for property [com.example.tienda_ms_pedidos.model.Orden:montoTotal]
2024-12-15T14:04:01.783-03:00 DEBUG 25938 --- [tienda-ms-pedidos] [           main] o.h.b.model.internal.BasicValueBinder    : building BasicValue for montoTotal
2024-12-15T14:04:01.783-03:00 DEBUG 25938 --- [tienda-ms-pedidos] [           main] org.hibernate.mapping.BasicValue         : Skipping column re-registration: ordenes.monto_total
2024-12-15T14:04:01.783-03:00 DEBUG 25938 --- [tienda-ms-pedidos] [           main] o.h.boot.model.internal.PropertyBinder   : Building property montoTotal
2024-12-15T14:04:01.783-03:00 DEBUG 25938 --- [tienda-ms-pedidos] [           main] o.h.b.r.c.i.ClassLoaderServiceImpl       : HHH000194: Package not found or no package-info.java: com.example.tienda_ms_pedidos.model
2024-12-15T14:04:01.784-03:00 DEBUG 25938 --- [tienda-ms-pedidos] [           main] o.h.boot.model.internal.EntityBinder     : Binding entity from annotated class: com.example.tienda_ms_pedidos.model.Producto
2024-12-15T14:04:01.784-03:00 DEBUG 25938 --- [tienda-ms-pedidos] [           main] o.h.boot.model.internal.EntityBinder     : Import with entity name Producto
2024-12-15T14:04:01.784-03:00 DEBUG 25938 --- [tienda-ms-pedidos] [           main] o.h.boot.model.internal.EntityBinder     : Bind entity com.example.tienda_ms_pedidos.model.Producto on table producto
2024-12-15T14:04:01.784-03:00 DEBUG 25938 --- [tienda-ms-pedidos] [           main] o.h.boot.model.internal.AnnotatedColumn  : Binding column: AnnotatedDiscriminatorColumn(column='DTYPE')
2024-12-15T14:04:01.784-03:00 DEBUG 25938 --- [tienda-ms-pedidos] [           main] o.h.boot.model.internal.AnnotatedColumn  : Binding column: AnnotatedColumn(column='idProducto')
2024-12-15T14:04:01.784-03:00 DEBUG 25938 --- [tienda-ms-pedidos] [           main] o.h.boot.internal.ClassLoaderAccessImpl  : Not known whether passed class name [com.example.tienda_ms_pedidos.model.Producto] is safe
2024-12-15T14:04:01.784-03:00 DEBUG 25938 --- [tienda-ms-pedidos] [           main] o.h.boot.internal.ClassLoaderAccessImpl  : No temp ClassLoader provided; using live ClassLoader for loading potentially unsafe class : com.example.tienda_ms_pedidos.model.Producto
2024-12-15T14:04:01.784-03:00 DEBUG 25938 --- [tienda-ms-pedidos] [           main] o.h.boot.model.internal.PropertyBinder   : MetadataSourceProcessor property id with lazy=false
2024-12-15T14:04:01.784-03:00 DEBUG 25938 --- [tienda-ms-pedidos] [           main] o.h.b.m.internal.AbstractPropertyHolder  : Attempting to locate auto-apply AttributeConverter for property [com.example.tienda_ms_pedidos.model.Producto:id]
2024-12-15T14:04:01.784-03:00 DEBUG 25938 --- [tienda-ms-pedidos] [           main] o.h.b.model.internal.BasicValueBinder    : building BasicValue for id
2024-12-15T14:04:01.784-03:00 DEBUG 25938 --- [tienda-ms-pedidos] [           main] org.hibernate.mapping.BasicValue         : Skipping column re-registration: producto.id_producto
2024-12-15T14:04:01.784-03:00 DEBUG 25938 --- [tienda-ms-pedidos] [           main] o.h.boot.model.internal.PropertyBinder   : Building property id
2024-12-15T14:04:01.784-03:00 DEBUG 25938 --- [tienda-ms-pedidos] [           main] o.h.boot.model.internal.BinderHelper     : #makeIdGenerator(BasicValue([Column(id_producto)]), id, identity, , ...)
2024-12-15T14:04:01.784-03:00 DEBUG 25938 --- [tienda-ms-pedidos] [           main] o.h.boot.model.internal.AnnotatedColumn  : Binding column: IndexColumn(column='categorias_ORDER')
2024-12-15T14:04:01.784-03:00 DEBUG 25938 --- [tienda-ms-pedidos] [           main] o.h.boot.model.internal.AnnotatedColumn  : Binding column: AnnotatedColumn()
2024-12-15T14:04:01.784-03:00 DEBUG 25938 --- [tienda-ms-pedidos] [           main] o.h.boot.model.internal.AnnotatedColumn  : Binding column: AnnotatedColumn(column='categorias_KEY')
2024-12-15T14:04:01.784-03:00 DEBUG 25938 --- [tienda-ms-pedidos] [           main] o.h.boot.model.internal.AnnotatedColumn  : Binding column: AnnotatedJoinColumn(column='categorias_KEY')
2024-12-15T14:04:01.784-03:00 DEBUG 25938 --- [tienda-ms-pedidos] [           main] o.h.boot.model.internal.AnnotatedColumn  : Binding column: AnnotatedJoinColumn(column='idProducto')
2024-12-15T14:04:01.784-03:00 DEBUG 25938 --- [tienda-ms-pedidos] [           main] o.h.boot.model.internal.AnnotatedColumn  : Binding column: AnnotatedJoinColumn(column='idCategoria')
2024-12-15T14:04:01.784-03:00 DEBUG 25938 --- [tienda-ms-pedidos] [           main] o.h.b.model.internal.CollectionBinder    : Collection role: com.example.tienda_ms_pedidos.model.Producto.categorias
2024-12-15T14:04:01.784-03:00 DEBUG 25938 --- [tienda-ms-pedidos] [           main] o.h.boot.model.internal.PropertyBinder   : Building property categorias
2024-12-15T14:04:01.784-03:00 DEBUG 25938 --- [tienda-ms-pedidos] [           main] o.h.boot.model.internal.AnnotatedColumn  : Binding column: AnnotatedColumn(column='descripcion')
2024-12-15T14:04:01.785-03:00 DEBUG 25938 --- [tienda-ms-pedidos] [           main] o.h.boot.model.internal.PropertyBinder   : MetadataSourceProcessor property descripcion with lazy=false
2024-12-15T14:04:01.785-03:00 DEBUG 25938 --- [tienda-ms-pedidos] [           main] o.h.b.m.internal.AbstractPropertyHolder  : Attempting to locate auto-apply AttributeConverter for property [com.example.tienda_ms_pedidos.model.Producto:descripcion]
2024-12-15T14:04:01.785-03:00 DEBUG 25938 --- [tienda-ms-pedidos] [           main] o.h.b.model.internal.BasicValueBinder    : building BasicValue for descripcion
2024-12-15T14:04:01.785-03:00 DEBUG 25938 --- [tienda-ms-pedidos] [           main] org.hibernate.mapping.BasicValue         : Skipping column re-registration: producto.descripcion
2024-12-15T14:04:01.785-03:00 DEBUG 25938 --- [tienda-ms-pedidos] [           main] o.h.boot.model.internal.PropertyBinder   : Building property descripcion
2024-12-15T14:04:01.785-03:00 DEBUG 25938 --- [tienda-ms-pedidos] [           main] o.h.boot.model.internal.AnnotatedColumn  : Binding column: AnnotatedColumn(column='imagen')
2024-12-15T14:04:01.785-03:00 DEBUG 25938 --- [tienda-ms-pedidos] [           main] o.h.boot.model.internal.PropertyBinder   : MetadataSourceProcessor property imagen with lazy=false
2024-12-15T14:04:01.785-03:00 DEBUG 25938 --- [tienda-ms-pedidos] [           main] o.h.b.m.internal.AbstractPropertyHolder  : Attempting to locate auto-apply AttributeConverter for property [com.example.tienda_ms_pedidos.model.Producto:imagen]
2024-12-15T14:04:01.785-03:00 DEBUG 25938 --- [tienda-ms-pedidos] [           main] o.h.b.model.internal.BasicValueBinder    : building BasicValue for imagen
2024-12-15T14:04:01.785-03:00 DEBUG 25938 --- [tienda-ms-pedidos] [           main] org.hibernate.mapping.BasicValue         : Skipping column re-registration: producto.imagen
2024-12-15T14:04:01.785-03:00 DEBUG 25938 --- [tienda-ms-pedidos] [           main] o.h.boot.model.internal.PropertyBinder   : Building property imagen
2024-12-15T14:04:01.785-03:00 DEBUG 25938 --- [tienda-ms-pedidos] [           main] o.h.boot.model.internal.AnnotatedColumn  : Binding column: AnnotatedColumn(column='nombre')
2024-12-15T14:04:01.785-03:00 DEBUG 25938 --- [tienda-ms-pedidos] [           main] o.h.boot.model.internal.PropertyBinder   : MetadataSourceProcessor property nombre with lazy=false
2024-12-15T14:04:01.785-03:00 DEBUG 25938 --- [tienda-ms-pedidos] [           main] o.h.b.m.internal.AbstractPropertyHolder  : Attempting to locate auto-apply AttributeConverter for property [com.example.tienda_ms_pedidos.model.Producto:nombre]
2024-12-15T14:04:01.785-03:00 DEBUG 25938 --- [tienda-ms-pedidos] [           main] o.h.b.model.internal.BasicValueBinder    : building BasicValue for nombre
2024-12-15T14:04:01.785-03:00 DEBUG 25938 --- [tienda-ms-pedidos] [           main] org.hibernate.mapping.BasicValue         : Skipping column re-registration: producto.nombre
2024-12-15T14:04:01.785-03:00 DEBUG 25938 --- [tienda-ms-pedidos] [           main] o.h.boot.model.internal.PropertyBinder   : Building property nombre
2024-12-15T14:04:01.785-03:00 DEBUG 25938 --- [tienda-ms-pedidos] [           main] o.h.boot.model.internal.AnnotatedColumn  : Binding column: AnnotatedColumn(column='precio')
2024-12-15T14:04:01.785-03:00 DEBUG 25938 --- [tienda-ms-pedidos] [           main] o.h.boot.model.internal.PropertyBinder   : MetadataSourceProcessor property precio with lazy=false
2024-12-15T14:04:01.785-03:00 DEBUG 25938 --- [tienda-ms-pedidos] [           main] o.h.b.m.internal.AbstractPropertyHolder  : Attempting to locate auto-apply AttributeConverter for property [com.example.tienda_ms_pedidos.model.Producto:precio]
2024-12-15T14:04:01.785-03:00 DEBUG 25938 --- [tienda-ms-pedidos] [           main] o.h.b.model.internal.BasicValueBinder    : building BasicValue for precio
2024-12-15T14:04:01.785-03:00 DEBUG 25938 --- [tienda-ms-pedidos] [           main] org.hibernate.mapping.BasicValue         : Skipping column re-registration: producto.precio
2024-12-15T14:04:01.785-03:00 DEBUG 25938 --- [tienda-ms-pedidos] [           main] o.h.boot.model.internal.PropertyBinder   : Building property precio
2024-12-15T14:04:01.786-03:00 DEBUG 25938 --- [tienda-ms-pedidos] [           main] o.h.boot.model.internal.AnnotatedColumn  : Binding column: AnnotatedColumn(column='stock')
2024-12-15T14:04:01.786-03:00 DEBUG 25938 --- [tienda-ms-pedidos] [           main] o.h.boot.model.internal.PropertyBinder   : MetadataSourceProcessor property stock with lazy=false
2024-12-15T14:04:01.786-03:00 DEBUG 25938 --- [tienda-ms-pedidos] [           main] o.h.b.m.internal.AbstractPropertyHolder  : Attempting to locate auto-apply AttributeConverter for property [com.example.tienda_ms_pedidos.model.Producto:stock]
2024-12-15T14:04:01.786-03:00 DEBUG 25938 --- [tienda-ms-pedidos] [           main] o.h.b.model.internal.BasicValueBinder    : building BasicValue for stock
2024-12-15T14:04:01.786-03:00 DEBUG 25938 --- [tienda-ms-pedidos] [           main] org.hibernate.mapping.BasicValue         : Skipping column re-registration: producto.stock
2024-12-15T14:04:01.786-03:00 DEBUG 25938 --- [tienda-ms-pedidos] [           main] o.h.boot.model.internal.PropertyBinder   : Building property stock
2024-12-15T14:04:01.786-03:00 DEBUG 25938 --- [tienda-ms-pedidos] [           main] o.h.b.r.c.i.ClassLoaderServiceImpl       : HHH000194: Package not found or no package-info.java: com.example.tienda_ms_pedidos.model
2024-12-15T14:04:01.786-03:00 DEBUG 25938 --- [tienda-ms-pedidos] [           main] o.h.b.model.internal.BasicValueBinder    : Starting `BasicValueBinder#fillSimpleValue` for id
2024-12-15T14:04:01.786-03:00 DEBUG 25938 --- [tienda-ms-pedidos] [           main] o.h.b.model.internal.BasicValueBinder    : Starting `BasicValueBinder#fillSimpleValue` for descripcion
2024-12-15T14:04:01.786-03:00 DEBUG 25938 --- [tienda-ms-pedidos] [           main] o.h.b.model.internal.BasicValueBinder    : Starting `BasicValueBinder#fillSimpleValue` for nombre
2024-12-15T14:04:01.786-03:00 DEBUG 25938 --- [tienda-ms-pedidos] [           main] o.h.b.model.internal.BasicValueBinder    : Starting `BasicValueBinder#fillSimpleValue` for id
2024-12-15T14:04:01.786-03:00 DEBUG 25938 --- [tienda-ms-pedidos] [           main] o.h.b.model.internal.BasicValueBinder    : Starting `BasicValueBinder#fillSimpleValue` for cantidad
2024-12-15T14:04:01.786-03:00 DEBUG 25938 --- [tienda-ms-pedidos] [           main] o.h.b.model.internal.BasicValueBinder    : Starting `BasicValueBinder#fillSimpleValue` for idProducto
2024-12-15T14:04:01.786-03:00 DEBUG 25938 --- [tienda-ms-pedidos] [           main] o.h.b.model.internal.BasicValueBinder    : Starting `BasicValueBinder#fillSimpleValue` for montoTotal
2024-12-15T14:04:01.786-03:00 DEBUG 25938 --- [tienda-ms-pedidos] [           main] o.h.b.model.internal.BasicValueBinder    : Starting `BasicValueBinder#fillSimpleValue` for precio
2024-12-15T14:04:01.786-03:00 DEBUG 25938 --- [tienda-ms-pedidos] [           main] o.h.b.model.internal.BasicValueBinder    : Starting `BasicValueBinder#fillSimpleValue` for id
2024-12-15T14:04:01.786-03:00 DEBUG 25938 --- [tienda-ms-pedidos] [           main] o.h.b.model.internal.BasicValueBinder    : Starting `BasicValueBinder#fillSimpleValue` for email
2024-12-15T14:04:01.786-03:00 DEBUG 25938 --- [tienda-ms-pedidos] [           main] o.h.b.model.internal.BasicValueBinder    : Starting `BasicValueBinder#fillSimpleValue` for estado
2024-12-15T14:04:01.786-03:00 DEBUG 25938 --- [tienda-ms-pedidos] [           main] o.h.b.model.internal.BasicValueBinder    : Starting `BasicValueBinder#fillSimpleValue` for fecha
2024-12-15T14:04:01.786-03:00 DEBUG 25938 --- [tienda-ms-pedidos] [           main] o.h.b.model.internal.BasicValueBinder    : Starting `BasicValueBinder#fillSimpleValue` for montoTotal
2024-12-15T14:04:01.786-03:00 DEBUG 25938 --- [tienda-ms-pedidos] [           main] o.h.b.model.internal.BasicValueBinder    : Starting `BasicValueBinder#fillSimpleValue` for id
2024-12-15T14:04:01.786-03:00 DEBUG 25938 --- [tienda-ms-pedidos] [           main] o.h.b.model.internal.BasicValueBinder    : Starting `BasicValueBinder#fillSimpleValue` for descripcion
2024-12-15T14:04:01.786-03:00 DEBUG 25938 --- [tienda-ms-pedidos] [           main] o.h.b.model.internal.BasicValueBinder    : Starting `BasicValueBinder#fillSimpleValue` for imagen
2024-12-15T14:04:01.786-03:00 DEBUG 25938 --- [tienda-ms-pedidos] [           main] o.h.b.model.internal.BasicValueBinder    : Starting `BasicValueBinder#fillSimpleValue` for nombre
2024-12-15T14:04:01.786-03:00 DEBUG 25938 --- [tienda-ms-pedidos] [           main] o.h.b.model.internal.BasicValueBinder    : Starting `BasicValueBinder#fillSimpleValue` for precio
2024-12-15T14:04:01.786-03:00 DEBUG 25938 --- [tienda-ms-pedidos] [           main] o.h.b.model.internal.BasicValueBinder    : Starting `BasicValueBinder#fillSimpleValue` for stock
2024-12-15T14:04:01.787-03:00 DEBUG 25938 --- [tienda-ms-pedidos] [           main] org.hibernate.mapping.PrimaryKey         : Forcing column [id_categoria] to be non-null as it is part of the primary key for table [categoria]
2024-12-15T14:04:01.787-03:00 DEBUG 25938 --- [tienda-ms-pedidos] [           main] org.hibernate.mapping.PrimaryKey         : Forcing column [id_detalle_orden] to be non-null as it is part of the primary key for table [detalle_ordenes]
2024-12-15T14:04:01.787-03:00 DEBUG 25938 --- [tienda-ms-pedidos] [           main] org.hibernate.mapping.PrimaryKey         : Forcing column [id_orden] to be non-null as it is part of the primary key for table [ordenes]
2024-12-15T14:04:01.787-03:00 DEBUG 25938 --- [tienda-ms-pedidos] [           main] org.hibernate.mapping.PrimaryKey         : Forcing column [id_producto] to be non-null as it is part of the primary key for table [producto]
2024-12-15T14:04:01.787-03:00 DEBUG 25938 --- [tienda-ms-pedidos] [           main] o.h.b.m.internal.CollectionSecondPass    : Second pass for collection: com.example.tienda_ms_pedidos.model.Producto.categorias
2024-12-15T14:04:01.787-03:00 DEBUG 25938 --- [tienda-ms-pedidos] [           main] o.h.b.model.internal.CollectionBinder    : Binding a ManyToMany: com.example.tienda_ms_pedidos.model.Producto.categorias
2024-12-15T14:04:01.787-03:00 DEBUG 25938 --- [tienda-ms-pedidos] [           main] o.h.b.r.c.i.ClassLoaderServiceImpl       : HHH000194: Package not found or no package-info.java: com.example.tienda_ms_pedidos.model
2024-12-15T14:04:01.787-03:00 DEBUG 25938 --- [tienda-ms-pedidos] [           main] org.hibernate.mapping.PrimaryKey         : Forcing column [id_producto] to be non-null as it is part of the primary key for table [producto_categoria]
2024-12-15T14:04:01.787-03:00 DEBUG 25938 --- [tienda-ms-pedidos] [           main] org.hibernate.mapping.PrimaryKey         : Forcing column [id_categoria] to be non-null as it is part of the primary key for table [producto_categoria]
2024-12-15T14:04:01.787-03:00 DEBUG 25938 --- [tienda-ms-pedidos] [           main] o.h.b.m.internal.CollectionSecondPass    : Mapped collection key: id_producto, element: id_categoria
2024-12-15T14:04:01.787-03:00 DEBUG 25938 --- [tienda-ms-pedidos] [           main] o.h.b.m.internal.CollectionSecondPass    : Second pass for collection: com.example.tienda_ms_pedidos.model.Categoria.productos
2024-12-15T14:04:01.787-03:00 DEBUG 25938 --- [tienda-ms-pedidos] [           main] o.h.b.model.internal.CollectionBinder    : Binding a ManyToMany: com.example.tienda_ms_pedidos.model.Categoria.productos
2024-12-15T14:04:01.787-03:00 DEBUG 25938 --- [tienda-ms-pedidos] [           main] o.h.b.r.c.i.ClassLoaderServiceImpl       : HHH000194: Package not found or no package-info.java: com.example.tienda_ms_pedidos.model
2024-12-15T14:04:01.787-03:00 DEBUG 25938 --- [tienda-ms-pedidos] [           main] o.h.boot.model.internal.TableBinder      : Retrieving property com.example.tienda_ms_pedidos.model.Producto.categorias
2024-12-15T14:04:01.787-03:00 DEBUG 25938 --- [tienda-ms-pedidos] [           main] o.h.b.m.internal.CollectionSecondPass    : Mapped collection key: id_categoria, element: id_producto
2024-12-15T14:04:01.787-03:00 DEBUG 25938 --- [tienda-ms-pedidos] [           main] o.h.b.m.internal.CollectionSecondPass    : Second pass for collection: com.example.tienda_ms_pedidos.model.Orden.detalles
2024-12-15T14:04:01.787-03:00 DEBUG 25938 --- [tienda-ms-pedidos] [           main] o.h.b.model.internal.CollectionBinder    : Binding a OneToMany: com.example.tienda_ms_pedidos.model.Orden.detalles through a foreign key
2024-12-15T14:04:01.787-03:00 DEBUG 25938 --- [tienda-ms-pedidos] [           main] o.h.b.model.internal.CollectionBinder    : Mapping collection: com.example.tienda_ms_pedidos.model.Orden.detalles -> detalle_ordenes
2024-12-15T14:04:01.788-03:00 DEBUG 25938 --- [tienda-ms-pedidos] [           main] o.h.boot.model.internal.TableBinder      : Retrieving property com.example.tienda_ms_pedidos.model.DetalleOrden.orden
2024-12-15T14:04:01.788-03:00 DEBUG 25938 --- [tienda-ms-pedidos] [           main] o.h.b.m.internal.CollectionSecondPass    : Mapped collection key: id_orden, one-to-many: com.example.tienda_ms_pedidos.model.DetalleOrden
2024-12-15T14:04:01.795-03:00 DEBUG 25938 --- [tienda-ms-pedidos] [           main] o.hibernate.internal.SessionFactoryImpl  : Building session factory
2024-12-15T14:04:01.796-03:00 DEBUG 25938 --- [tienda-ms-pedidos] [           main] .h.s.i.SessionFactoryServiceRegistryImpl : EventListenerRegistry access via ServiceRegistry is deprecated.  Use `sessionFactory.getEventEngine().getListenerRegistry()` instead
2024-12-15T14:04:01.796-03:00 DEBUG 25938 --- [tienda-ms-pedidos] [           main] o.hibernate.internal.SessionFactoryImpl  : Instantiating SessionFactory with settings: {hibernate.format_sql=true, java.specification.version=23, hibernate.resource.beans.container=org.springframework.orm.hibernate5.SpringBeanContainer@5246bb50, hibernate.connection.handling_mode=DELAYED_ACQUISITION_AND_HOLD, sonar.host.url=http://localhost:9000, sun.jnu.encoding=UTF-8, sonar.login=squ_5e4c5603d90e1d770861611138b26d0f447d89d9, hibernate.dialect=org.hibernate.dialect.OracleDialect, hibernate.implicit_naming_strategy=org.springframework.boot.orm.jpa.hibernate.SpringImplicitNamingStrategy, java.class.path=/Users/gonzaloduranadasme/Documents/GitHub/FS3_Sumativa/backend-arquetipo/tienda-ms-pedidos/target/test-classes:/Users/gonzaloduranadasme/Documents/GitHub/FS3_Sumativa/backend-arquetipo/tienda-ms-pedidos/target/classes:/Users/gonzaloduranadasme/.m2/repository/org/junit/jupiter/junit-jupiter/5.9.3/junit-jupiter-5.9.3.jar:/Users/gonzaloduranadasme/.m2/repository/org/junit/jupiter/junit-jupiter-params/5.11.3/junit-jupiter-params-5.11.3.jar:/Users/gonzaloduranadasme/.m2/repository/org/springframework/boot/spring-boot-starter-data-jpa/3.4.0/spring-boot-starter-data-jpa-3.4.0.jar:/Users/gonzaloduranadasme/.m2/repository/org/springframework/boot/spring-boot-starter/3.4.0/spring-boot-starter-3.4.0.jar:/Users/gonzaloduranadasme/.m2/repository/org/springframework/boot/spring-boot-starter-logging/3.4.0/spring-boot-starter-logging-3.4.0.jar:/Users/gonzaloduranadasme/.m2/repository/ch/qos/logback/logback-classic/1.5.12/logback-classic-1.5.12.jar:/Users/gonzaloduranadasme/.m2/repository/ch/qos/logback/logback-core/1.5.12/logback-core-1.5.12.jar:/Users/gonzaloduranadasme/.m2/repository/org/apache/logging/log4j/log4j-to-slf4j/2.24.1/log4j-to-slf4j-2.24.1.jar:/Users/gonzaloduranadasme/.m2/repository/org/apache/logging/log4j/log4j-api/2.24.1/log4j-api-2.24.1.jar:/Users/gonzaloduranadasme/.m2/repository/org/slf4j/jul-to-slf4j/2.0.16/jul-to-slf4j-2.0.16.jar:/Users/gonzaloduranadasme/.m2/repository/jakarta/annotation/jakarta.annotation-api/2.1.1/jakarta.annotation-api-2.1.1.jar:/Users/gonzaloduranadasme/.m2/repository/org/yaml/snakeyaml/2.3/snakeyaml-2.3.jar:/Users/gonzaloduranadasme/.m2/repository/org/springframework/boot/spring-boot-starter-jdbc/3.4.0/spring-boot-starter-jdbc-3.4.0.jar:/Users/gonzaloduranadasme/.m2/repository/com/zaxxer/HikariCP/5.1.0/HikariCP-5.1.0.jar:/Users/gonzaloduranadasme/.m2/repository/org/springframework/spring-jdbc/6.2.0/spring-jdbc-6.2.0.jar:/Users/gonzaloduranadasme/.m2/repository/org/hibernate/orm/hibernate-core/6.6.2.Final/hibernate-core-6.6.2.Final.jar:/Users/gonzaloduranadasme/.m2/repository/jakarta/persistence/jakarta.persistence-api/3.1.0/jakarta.persistence-api-3.1.0.jar:/Users/gonzaloduranadasme/.m2/repository/jakarta/transaction/jakarta.transaction-api/2.0.1/jakarta.transaction-api-2.0.1.jar:/Users/gonzaloduranadasme/.m2/repository/org/jboss/logging/jboss-logging/3.6.1.Final/jboss-logging-3.6.1.Final.jar:/Users/gonzaloduranadasme/.m2/repository/org/hibernate/common/hibernate-commons-annotations/7.0.3.Final/hibernate-commons-annotations-7.0.3.Final.jar:/Users/gonzaloduranadasme/.m2/repository/io/smallrye/jandex/3.2.0/jandex-3.2.0.jar:/Users/gonzaloduranadasme/.m2/repository/com/fasterxml/classmate/1.7.0/classmate-1.7.0.jar:/Users/gonzaloduranadasme/.m2/repository/org/glassfish/jaxb/jaxb-runtime/4.0.5/jaxb-runtime-4.0.5.jar:/Users/gonzaloduranadasme/.m2/repository/org/glassfish/jaxb/jaxb-core/4.0.5/jaxb-core-4.0.5.jar:/Users/gonzaloduranadasme/.m2/repository/org/eclipse/angus/angus-activation/2.0.2/angus-activation-2.0.2.jar:/Users/gonzaloduranadasme/.m2/repository/org/glassfish/jaxb/txw2/4.0.5/txw2-4.0.5.jar:/Users/gonzaloduranadasme/.m2/repository/com/sun/istack/istack-commons-runtime/4.1.2/istack-commons-runtime-4.1.2.jar:/Users/gonzaloduranadasme/.m2/repository/jakarta/inject/jakarta.inject-api/2.0.1/jakarta.inject-api-2.0.1.jar:/Users/gonzaloduranadasme/.m2/repository/org/antlr/antlr4-runtime/4.13.0/antlr4-runtime-4.13.0.jar:/Users/gonzaloduranadasme/.m2/repository/org/springframework/data/spring-data-jpa/3.4.0/spring-data-jpa-3.4.0.jar:/Users/gonzaloduranadasme/.m2/repository/org/springframework/data/spring-data-commons/3.4.0/spring-data-commons-3.4.0.jar:/Users/gonzaloduranadasme/.m2/repository/org/springframework/spring-orm/6.2.0/spring-orm-6.2.0.jar:/Users/gonzaloduranadasme/.m2/repository/org/springframework/spring-context/6.2.0/spring-context-6.2.0.jar:/Users/gonzaloduranadasme/.m2/repository/org/springframework/spring-aop/6.2.0/spring-aop-6.2.0.jar:/Users/gonzaloduranadasme/.m2/repository/org/springframework/spring-tx/6.2.0/spring-tx-6.2.0.jar:/Users/gonzaloduranadasme/.m2/repository/org/springframework/spring-beans/6.2.0/spring-beans-6.2.0.jar:/Users/gonzaloduranadasme/.m2/repository/org/slf4j/slf4j-api/2.0.16/slf4j-api-2.0.16.jar:/Users/gonzaloduranadasme/.m2/repository/org/springframework/spring-aspects/6.2.0/spring-aspects-6.2.0.jar:/Users/gonzaloduranadasme/.m2/repository/org/aspectj/aspectjweaver/1.9.22.1/aspectjweaver-1.9.22.1.jar:/Users/gonzaloduranadasme/.m2/repository/org/springframework/boot/spring-boot-starter-web/3.4.0/spring-boot-starter-web-3.4.0.jar:/Users/gonzaloduranadasme/.m2/repository/org/springframework/boot/spring-boot-starter-json/3.4.0/spring-boot-starter-json-3.4.0.jar:/Users/gonzaloduranadasme/.m2/repository/com/fasterxml/jackson/core/jackson-databind/2.18.1/jackson-databind-2.18.1.jar:/Users/gonzaloduranadasme/.m2/repository/com/fasterxml/jackson/core/jackson-annotations/2.18.1/jackson-annotations-2.18.1.jar:/Users/gonzaloduranadasme/.m2/repository/com/fasterxml/jackson/core/jackson-core/2.18.1/jackson-core-2.18.1.jar:/Users/gonzaloduranadasme/.m2/repository/com/fasterxml/jackson/datatype/jackson-datatype-jdk8/2.18.1/jackson-datatype-jdk8-2.18.1.jar:/Users/gonzaloduranadasme/.m2/repository/com/fasterxml/jackson/datatype/jackson-datatype-jsr310/2.18.1/jackson-datatype-jsr310-2.18.1.jar:/Users/gonzaloduranadasme/.m2/repository/com/fasterxml/jackson/module/jackson-module-parameter-names/2.18.1/jackson-module-parameter-names-2.18.1.jar:/Users/gonzaloduranadasme/.m2/repository/org/springframework/boot/spring-boot-starter-tomcat/3.4.0/spring-boot-starter-tomcat-3.4.0.jar:/Users/gonzaloduranadasme/.m2/repository/org/apache/tomcat/embed/tomcat-embed-core/10.1.33/tomcat-embed-core-10.1.33.jar:/Users/gonzaloduranadasme/.m2/repository/org/apache/tomcat/embed/tomcat-embed-websocket/10.1.33/tomcat-embed-websocket-10.1.33.jar:/Users/gonzaloduranadasme/.m2/repository/org/springframework/spring-web/6.2.0/spring-web-6.2.0.jar:/Users/gonzaloduranadasme/.m2/repository/io/micrometer/micrometer-observation/1.14.1/micrometer-observation-1.14.1.jar:/Users/gonzaloduranadasme/.m2/repository/io/micrometer/micrometer-commons/1.14.1/micrometer-commons-1.14.1.jar:/Users/gonzaloduranadasme/.m2/repository/org/springframework/spring-webmvc/6.2.0/spring-webmvc-6.2.0.jar:/Users/gonzaloduranadasme/.m2/repository/org/springframework/spring-expression/6.2.0/spring-expression-6.2.0.jar:/Users/gonzaloduranadasme/.m2/repository/org/springframework/boot/spring-boot-devtools/3.4.0/spring-boot-devtools-3.4.0.jar:/Users/gonzaloduranadasme/.m2/repository/org/springframework/boot/spring-boot/3.4.0/spring-boot-3.4.0.jar:/Users/gonzaloduranadasme/.m2/repository/org/springframework/boot/spring-boot-autoconfigure/3.4.0/spring-boot-autoconfigure-3.4.0.jar:/Users/gonzaloduranadasme/.m2/repository/com/oracle/database/jdbc/ojdbc11/23.5.0.24.07/ojdbc11-23.5.0.24.07.jar:/Users/gonzaloduranadasme/.m2/repository/com/oracle/database/security/oraclepki/23.5.0.24.07/oraclepki-23.5.0.24.07.jar:/Users/gonzaloduranadasme/.m2/repository/com/oracle/database/security/osdt_cert/21.9.0.0/osdt_cert-21.9.0.0.jar:/Users/gonzaloduranadasme/.m2/repository/com/oracle/database/security/osdt_core/21.9.0.0/osdt_core-21.9.0.0.jar:/Users/gonzaloduranadasme/.m2/repository/org/projectlombok/lombok/1.18.36/lombok-1.18.36.jar:/Users/gonzaloduranadasme/.m2/repository/org/springframework/boot/spring-boot-starter-test/3.4.0/spring-boot-starter-test-3.4.0.jar:/Users/gonzaloduranadasme/.m2/repository/org/springframework/boot/spring-boot-test/3.4.0/spring-boot-test-3.4.0.jar:/Users/gonzaloduranadasme/.m2/repository/org/springframework/boot/spring-boot-test-autoconfigure/3.4.0/spring-boot-test-autoconfigure-3.4.0.jar:/Users/gonzaloduranadasme/.m2/repository/com/jayway/jsonpath/json-path/2.9.0/json-path-2.9.0.jar:/Users/gonzaloduranadasme/.m2/repository/jakarta/xml/bind/jakarta.xml.bind-api/4.0.2/jakarta.xml.bind-api-4.0.2.jar:/Users/gonzaloduranadasme/.m2/repository/jakarta/activation/jakarta.activation-api/2.1.3/jakarta.activation-api-2.1.3.jar:/Users/gonzaloduranadasme/.m2/repository/net/minidev/json-smart/2.5.1/json-smart-2.5.1.jar:/Users/gonzaloduranadasme/.m2/repository/net/minidev/accessors-smart/2.5.1/accessors-smart-2.5.1.jar:/Users/gonzaloduranadasme/.m2/repository/org/assertj/assertj-core/3.26.3/assertj-core-3.26.3.jar:/Users/gonzaloduranadasme/.m2/repository/org/awaitility/awaitility/4.2.2/awaitility-4.2.2.jar:/Users/gonzaloduranadasme/.m2/repository/org/hamcrest/hamcrest/2.2/hamcrest-2.2.jar:/Users/gonzaloduranadasme/.m2/repository/org/skyscreamer/jsonassert/1.5.3/jsonassert-1.5.3.jar:/Users/gonzaloduranadasme/.m2/repository/com/vaadin/external/google/android-json/0.0.20131108.vaadin1/android-json-0.0.20131108.vaadin1.jar:/Users/gonzaloduranadasme/.m2/repository/org/springframework/spring-core/6.2.0/spring-core-6.2.0.jar:/Users/gonzaloduranadasme/.m2/repository/org/springframework/spring-jcl/6.2.0/spring-jcl-6.2.0.jar:/Users/gonzaloduranadasme/.m2/repository/org/springframework/spring-test/6.2.0/spring-test-6.2.0.jar:/Users/gonzaloduranadasme/.m2/repository/org/xmlunit/xmlunit-core/2.10.0/xmlunit-core-2.10.0.jar:/Users/gonzaloduranadasme/.m2/repository/org/springframework/boot/spring-boot-starter-validation/3.4.0/spring-boot-starter-validation-3.4.0.jar:/Users/gonzaloduranadasme/.m2/repository/org/apache/tomcat/embed/tomcat-embed-el/10.1.33/tomcat-embed-el-10.1.33.jar:/Users/gonzaloduranadasme/.m2/repository/org/hibernate/validator/hibernate-validator/8.0.1.Final/hibernate-validator-8.0.1.Final.jar:/Users/gonzaloduranadasme/.m2/repository/jakarta/validation/jakarta.validation-api/3.0.2/jakarta.validation-api-3.0.2.jar:/Users/gonzaloduranadasme/.m2/repository/org/springframework/boot/spring-boot-starter-hateoas/3.4.0/spring-boot-starter-hateoas-3.4.0.jar:/Users/gonzaloduranadasme/.m2/repository/org/springframework/hateoas/spring-hateoas/2.4.0/spring-hateoas-2.4.0.jar:/Users/gonzaloduranadasme/.m2/repository/org/springframework/plugin/spring-plugin-core/3.0.0/spring-plugin-core-3.0.0.jar:/Users/gonzaloduranadasme/.m2/repository/org/jacoco/jacoco-maven-plugin/0.8.12/jacoco-maven-plugin-0.8.12.jar:/Users/gonzaloduranadasme/.m2/repository/org/codehaus/plexus/plexus-utils/3.0.24/plexus-utils-3.0.24.jar:/Users/gonzaloduranadasme/.m2/repository/org/apache/maven/shared/file-management/3.1.0/file-management-3.1.0.jar:/Users/gonzaloduranadasme/.m2/repository/commons-io/commons-io/2.11.0/commons-io-2.11.0.jar:/Users/gonzaloduranadasme/.m2/repository/org/apache/maven/reporting/maven-reporting-api/3.0/maven-reporting-api-3.0.jar:/Users/gonzaloduranadasme/.m2/repository/org/apache/maven/doxia/doxia-sink-api/1.0/doxia-sink-api-1.0.jar:/Users/gonzaloduranadasme/.m2/repository/org/jacoco/org.jacoco.agent/0.8.12/org.jacoco.agent-0.8.12-runtime.jar:/Users/gonzaloduranadasme/.m2/repository/org/jacoco/org.jacoco.core/0.8.12/org.jacoco.core-0.8.12.jar:/Users/gonzaloduranadasme/.m2/repository/org/ow2/asm/asm/9.7/asm-9.7.jar:/Users/gonzaloduranadasme/.m2/repository/org/ow2/asm/asm-commons/9.7/asm-commons-9.7.jar:/Users/gonzaloduranadasme/.m2/repository/org/ow2/asm/asm-tree/9.7/asm-tree-9.7.jar:/Users/gonzaloduranadasme/.m2/repository/org/jacoco/org.jacoco.report/0.8.12/org.jacoco.report-0.8.12.jar:/Users/gonzaloduranadasme/.m2/repository/com/h2database/h2/2.3.232/h2-2.3.232.jar:/Users/gonzaloduranadasme/.m2/repository/org/junit/jupiter/junit-jupiter-api/5.11.3/junit-jupiter-api-5.11.3.jar:/Users/gonzaloduranadasme/.m2/repository/org/opentest4j/opentest4j/1.3.0/opentest4j-1.3.0.jar:/Users/gonzaloduranadasme/.m2/repository/org/junit/platform/junit-platform-commons/1.11.3/junit-platform-commons-1.11.3.jar:/Users/gonzaloduranadasme/.m2/repository/org/apiguardian/apiguardian-api/1.1.2/apiguardian-api-1.1.2.jar:/Users/gonzaloduranadasme/.m2/repository/org/mockito/mockito-core/5.14.2/mockito-core-5.14.2.jar:/Users/gonzaloduranadasme/.m2/repository/net/bytebuddy/byte-buddy/1.15.10/byte-buddy-1.15.10.jar:/Users/gonzaloduranadasme/.m2/repository/net/bytebuddy/byte-buddy-agent/1.15.10/byte-buddy-agent-1.15.10.jar:/Users/gonzaloduranadasme/.m2/repository/org/objenesis/objenesis/3.3/objenesis-3.3.jar:/Users/gonzaloduranadasme/.m2/repository/org/mockito/mockito-junit-jupiter/5.14.2/mockito-junit-jupiter-5.14.2.jar:/Users/gonzaloduranadasme/.m2/repository/org/junit/jupiter/junit-jupiter-engine/5.11.3/junit-jupiter-engine-5.11.3.jar:/Users/gonzaloduranadasme/.m2/repository/org/junit/platform/junit-platform-engine/1.11.3/junit-platform-engine-1.11.3.jar:, java.vm.vendor=Oracle Corporation, sun.arch.data.model=64, java.vendor.url=https://java.oracle.com/, user.timezone=America/Santiago, jakarta.persistence.sharedCache.mode=UNSPECIFIED, org.jboss.logging.provider=slf4j, os.name=Mac OS X, java.vm.specification.version=23, APPLICATION_NAME=tienda-ms-pedidos, jakarta.persistence.nonJtaDataSource=HikariDataSource (null), sun.java.launcher=SUN_STANDARD, user.country=419, sun.boot.library.path=/Library/Java/JavaVirtualMachines/jdk-23.jdk/Contents/Home/lib, sun.java.command=/Users/gonzaloduranadasme/Documents/GitHub/FS3_Sumativa/backend-arquetipo/tienda-ms-pedidos/target/surefire/surefirebooter-20241215140351590_3.jar /Users/gonzaloduranadasme/Documents/GitHub/FS3_Sumativa/backend-arquetipo/tienda-ms-pedidos/target/surefire 2024-12-15T14-03-51_548-jvmRun1 surefire-20241215140351590_1tmp surefire_0-20241215140351590_2tmp, javax.persistence.nonJtaDataSource=HikariDataSource (null), hibernate.use_sql_comments=true, hibernate.transaction.jta.platform=org.hibernate.engine.transaction.jta.platform.internal.NoJtaPlatform@4db4e2c6, http.nonProxyHosts=local|*.local|169.254/16|*.169.254/16, jdk.debug=release, surefire.test.class.path=/Users/gonzaloduranadasme/Documents/GitHub/FS3_Sumativa/backend-arquetipo/tienda-ms-pedidos/target/test-classes:/Users/gonzaloduranadasme/Documents/GitHub/FS3_Sumativa/backend-arquetipo/tienda-ms-pedidos/target/classes:/Users/gonzaloduranadasme/.m2/repository/org/junit/jupiter/junit-jupiter/5.9.3/junit-jupiter-5.9.3.jar:/Users/gonzaloduranadasme/.m2/repository/org/junit/jupiter/junit-jupiter-params/5.11.3/junit-jupiter-params-5.11.3.jar:/Users/gonzaloduranadasme/.m2/repository/org/springframework/boot/spring-boot-starter-data-jpa/3.4.0/spring-boot-starter-data-jpa-3.4.0.jar:/Users/gonzaloduranadasme/.m2/repository/org/springframework/boot/spring-boot-starter/3.4.0/spring-boot-starter-3.4.0.jar:/Users/gonzaloduranadasme/.m2/repository/org/springframework/boot/spring-boot-starter-logging/3.4.0/spring-boot-starter-logging-3.4.0.jar:/Users/gonzaloduranadasme/.m2/repository/ch/qos/logback/logback-classic/1.5.12/logback-classic-1.5.12.jar:/Users/gonzaloduranadasme/.m2/repository/ch/qos/logback/logback-core/1.5.12/logback-core-1.5.12.jar:/Users/gonzaloduranadasme/.m2/repository/org/apache/logging/log4j/log4j-to-slf4j/2.24.1/log4j-to-slf4j-2.24.1.jar:/Users/gonzaloduranadasme/.m2/repository/org/apache/logging/log4j/log4j-api/2.24.1/log4j-api-2.24.1.jar:/Users/gonzaloduranadasme/.m2/repository/org/slf4j/jul-to-slf4j/2.0.16/jul-to-slf4j-2.0.16.jar:/Users/gonzaloduranadasme/.m2/repository/jakarta/annotation/jakarta.annotation-api/2.1.1/jakarta.annotation-api-2.1.1.jar:/Users/gonzaloduranadasme/.m2/repository/org/yaml/snakeyaml/2.3/snakeyaml-2.3.jar:/Users/gonzaloduranadasme/.m2/repository/org/springframework/boot/spring-boot-starter-jdbc/3.4.0/spring-boot-starter-jdbc-3.4.0.jar:/Users/gonzaloduranadasme/.m2/repository/com/zaxxer/HikariCP/5.1.0/HikariCP-5.1.0.jar:/Users/gonzaloduranadasme/.m2/repository/org/springframework/spring-jdbc/6.2.0/spring-jdbc-6.2.0.jar:/Users/gonzaloduranadasme/.m2/repository/org/hibernate/orm/hibernate-core/6.6.2.Final/hibernate-core-6.6.2.Final.jar:/Users/gonzaloduranadasme/.m2/repository/jakarta/persistence/jakarta.persistence-api/3.1.0/jakarta.persistence-api-3.1.0.jar:/Users/gonzaloduranadasme/.m2/repository/jakarta/transaction/jakarta.transaction-api/2.0.1/jakarta.transaction-api-2.0.1.jar:/Users/gonzaloduranadasme/.m2/repository/org/jboss/logging/jboss-logging/3.6.1.Final/jboss-logging-3.6.1.Final.jar:/Users/gonzaloduranadasme/.m2/repository/org/hibernate/common/hibernate-commons-annotations/7.0.3.Final/hibernate-commons-annotations-7.0.3.Final.jar:/Users/gonzaloduranadasme/.m2/repository/io/smallrye/jandex/3.2.0/jandex-3.2.0.jar:/Users/gonzaloduranadasme/.m2/repository/com/fasterxml/classmate/1.7.0/classmate-1.7.0.jar:/Users/gonzaloduranadasme/.m2/repository/org/glassfish/jaxb/jaxb-runtime/4.0.5/jaxb-runtime-4.0.5.jar:/Users/gonzaloduranadasme/.m2/repository/org/glassfish/jaxb/jaxb-core/4.0.5/jaxb-core-4.0.5.jar:/Users/gonzaloduranadasme/.m2/repository/org/eclipse/angus/angus-activation/2.0.2/angus-activation-2.0.2.jar:/Users/gonzaloduranadasme/.m2/repository/org/glassfish/jaxb/txw2/4.0.5/txw2-4.0.5.jar:/Users/gonzaloduranadasme/.m2/repository/com/sun/istack/istack-commons-runtime/4.1.2/istack-commons-runtime-4.1.2.jar:/Users/gonzaloduranadasme/.m2/repository/jakarta/inject/jakarta.inject-api/2.0.1/jakarta.inject-api-2.0.1.jar:/Users/gonzaloduranadasme/.m2/repository/org/antlr/antlr4-runtime/4.13.0/antlr4-runtime-4.13.0.jar:/Users/gonzaloduranadasme/.m2/repository/org/springframework/data/spring-data-jpa/3.4.0/spring-data-jpa-3.4.0.jar:/Users/gonzaloduranadasme/.m2/repository/org/springframework/data/spring-data-commons/3.4.0/spring-data-commons-3.4.0.jar:/Users/gonzaloduranadasme/.m2/repository/org/springframework/spring-orm/6.2.0/spring-orm-6.2.0.jar:/Users/gonzaloduranadasme/.m2/repository/org/springframework/spring-context/6.2.0/spring-context-6.2.0.jar:/Users/gonzaloduranadasme/.m2/repository/org/springframework/spring-aop/6.2.0/spring-aop-6.2.0.jar:/Users/gonzaloduranadasme/.m2/repository/org/springframework/spring-tx/6.2.0/spring-tx-6.2.0.jar:/Users/gonzaloduranadasme/.m2/repository/org/springframework/spring-beans/6.2.0/spring-beans-6.2.0.jar:/Users/gonzaloduranadasme/.m2/repository/org/slf4j/slf4j-api/2.0.16/slf4j-api-2.0.16.jar:/Users/gonzaloduranadasme/.m2/repository/org/springframework/spring-aspects/6.2.0/spring-aspects-6.2.0.jar:/Users/gonzaloduranadasme/.m2/repository/org/aspectj/aspectjweaver/1.9.22.1/aspectjweaver-1.9.22.1.jar:/Users/gonzaloduranadasme/.m2/repository/org/springframework/boot/spring-boot-starter-web/3.4.0/spring-boot-starter-web-3.4.0.jar:/Users/gonzaloduranadasme/.m2/repository/org/springframework/boot/spring-boot-starter-json/3.4.0/spring-boot-starter-json-3.4.0.jar:/Users/gonzaloduranadasme/.m2/repository/com/fasterxml/jackson/core/jackson-databind/2.18.1/jackson-databind-2.18.1.jar:/Users/gonzaloduranadasme/.m2/repository/com/fasterxml/jackson/core/jackson-annotations/2.18.1/jackson-annotations-2.18.1.jar:/Users/gonzaloduranadasme/.m2/repository/com/fasterxml/jackson/core/jackson-core/2.18.1/jackson-core-2.18.1.jar:/Users/gonzaloduranadasme/.m2/repository/com/fasterxml/jackson/datatype/jackson-datatype-jdk8/2.18.1/jackson-datatype-jdk8-2.18.1.jar:/Users/gonzaloduranadasme/.m2/repository/com/fasterxml/jackson/datatype/jackson-datatype-jsr310/2.18.1/jackson-datatype-jsr310-2.18.1.jar:/Users/gonzaloduranadasme/.m2/repository/com/fasterxml/jackson/module/jackson-module-parameter-names/2.18.1/jackson-module-parameter-names-2.18.1.jar:/Users/gonzaloduranadasme/.m2/repository/org/springframework/boot/spring-boot-starter-tomcat/3.4.0/spring-boot-starter-tomcat-3.4.0.jar:/Users/gonzaloduranadasme/.m2/repository/org/apache/tomcat/embed/tomcat-embed-core/10.1.33/tomcat-embed-core-10.1.33.jar:/Users/gonzaloduranadasme/.m2/repository/org/apache/tomcat/embed/tomcat-embed-websocket/10.1.33/tomcat-embed-websocket-10.1.33.jar:/Users/gonzaloduranadasme/.m2/repository/org/springframework/spring-web/6.2.0/spring-web-6.2.0.jar:/Users/gonzaloduranadasme/.m2/repository/io/micrometer/micrometer-observation/1.14.1/micrometer-observation-1.14.1.jar:/Users/gonzaloduranadasme/.m2/repository/io/micrometer/micrometer-commons/1.14.1/micrometer-commons-1.14.1.jar:/Users/gonzaloduranadasme/.m2/repository/org/springframework/spring-webmvc/6.2.0/spring-webmvc-6.2.0.jar:/Users/gonzaloduranadasme/.m2/repository/org/springframework/spring-expression/6.2.0/spring-expression-6.2.0.jar:/Users/gonzaloduranadasme/.m2/repository/org/springframework/boot/spring-boot-devtools/3.4.0/spring-boot-devtools-3.4.0.jar:/Users/gonzaloduranadasme/.m2/repository/org/springframework/boot/spring-boot/3.4.0/spring-boot-3.4.0.jar:/Users/gonzaloduranadasme/.m2/repository/org/springframework/boot/spring-boot-autoconfigure/3.4.0/spring-boot-autoconfigure-3.4.0.jar:/Users/gonzaloduranadasme/.m2/repository/com/oracle/database/jdbc/ojdbc11/23.5.0.24.07/ojdbc11-23.5.0.24.07.jar:/Users/gonzaloduranadasme/.m2/repository/com/oracle/database/security/oraclepki/23.5.0.24.07/oraclepki-23.5.0.24.07.jar:/Users/gonzaloduranadasme/.m2/repository/com/oracle/database/security/osdt_cert/21.9.0.0/osdt_cert-21.9.0.0.jar:/Users/gonzaloduranadasme/.m2/repository/com/oracle/database/security/osdt_core/21.9.0.0/osdt_core-21.9.0.0.jar:/Users/gonzaloduranadasme/.m2/repository/org/projectlombok/lombok/1.18.36/lombok-1.18.36.jar:/Users/gonzaloduranadasme/.m2/repository/org/springframework/boot/spring-boot-starter-test/3.4.0/spring-boot-starter-test-3.4.0.jar:/Users/gonzaloduranadasme/.m2/repository/org/springframework/boot/spring-boot-test/3.4.0/spring-boot-test-3.4.0.jar:/Users/gonzaloduranadasme/.m2/repository/org/springframework/boot/spring-boot-test-autoconfigure/3.4.0/spring-boot-test-autoconfigure-3.4.0.jar:/Users/gonzaloduranadasme/.m2/repository/com/jayway/jsonpath/json-path/2.9.0/json-path-2.9.0.jar:/Users/gonzaloduranadasme/.m2/repository/jakarta/xml/bind/jakarta.xml.bind-api/4.0.2/jakarta.xml.bind-api-4.0.2.jar:/Users/gonzaloduranadasme/.m2/repository/jakarta/activation/jakarta.activation-api/2.1.3/jakarta.activation-api-2.1.3.jar:/Users/gonzaloduranadasme/.m2/repository/net/minidev/json-smart/2.5.1/json-smart-2.5.1.jar:/Users/gonzaloduranadasme/.m2/repository/net/minidev/accessors-smart/2.5.1/accessors-smart-2.5.1.jar:/Users/gonzaloduranadasme/.m2/repository/org/assertj/assertj-core/3.26.3/assertj-core-3.26.3.jar:/Users/gonzaloduranadasme/.m2/repository/org/awaitility/awaitility/4.2.2/awaitility-4.2.2.jar:/Users/gonzaloduranadasme/.m2/repository/org/hamcrest/hamcrest/2.2/hamcrest-2.2.jar:/Users/gonzaloduranadasme/.m2/repository/org/skyscreamer/jsonassert/1.5.3/jsonassert-1.5.3.jar:/Users/gonzaloduranadasme/.m2/repository/com/vaadin/external/google/android-json/0.0.20131108.vaadin1/android-json-0.0.20131108.vaadin1.jar:/Users/gonzaloduranadasme/.m2/repository/org/springframework/spring-core/6.2.0/spring-core-6.2.0.jar:/Users/gonzaloduranadasme/.m2/repository/org/springframework/spring-jcl/6.2.0/spring-jcl-6.2.0.jar:/Users/gonzaloduranadasme/.m2/repository/org/springframework/spring-test/6.2.0/spring-test-6.2.0.jar:/Users/gonzaloduranadasme/.m2/repository/org/xmlunit/xmlunit-core/2.10.0/xmlunit-core-2.10.0.jar:/Users/gonzaloduranadasme/.m2/repository/org/springframework/boot/spring-boot-starter-validation/3.4.0/spring-boot-starter-validation-3.4.0.jar:/Users/gonzaloduranadasme/.m2/repository/org/apache/tomcat/embed/tomcat-embed-el/10.1.33/tomcat-embed-el-10.1.33.jar:/Users/gonzaloduranadasme/.m2/repository/org/hibernate/validator/hibernate-validator/8.0.1.Final/hibernate-validator-8.0.1.Final.jar:/Users/gonzaloduranadasme/.m2/repository/jakarta/validation/jakarta.validation-api/3.0.2/jakarta.validation-api-3.0.2.jar:/Users/gonzaloduranadasme/.m2/repository/org/springframework/boot/spring-boot-starter-hateoas/3.4.0/spring-boot-starter-hateoas-3.4.0.jar:/Users/gonzaloduranadasme/.m2/repository/org/springframework/hateoas/spring-hateoas/2.4.0/spring-hateoas-2.4.0.jar:/Users/gonzaloduranadasme/.m2/repository/org/springframework/plugin/spring-plugin-core/3.0.0/spring-plugin-core-3.0.0.jar:/Users/gonzaloduranadasme/.m2/repository/org/jacoco/jacoco-maven-plugin/0.8.12/jacoco-maven-plugin-0.8.12.jar:/Users/gonzaloduranadasme/.m2/repository/org/codehaus/plexus/plexus-utils/3.0.24/plexus-utils-3.0.24.jar:/Users/gonzaloduranadasme/.m2/repository/org/apache/maven/shared/file-management/3.1.0/file-management-3.1.0.jar:/Users/gonzaloduranadasme/.m2/repository/commons-io/commons-io/2.11.0/commons-io-2.11.0.jar:/Users/gonzaloduranadasme/.m2/repository/org/apache/maven/reporting/maven-reporting-api/3.0/maven-reporting-api-3.0.jar:/Users/gonzaloduranadasme/.m2/repository/org/apache/maven/doxia/doxia-sink-api/1.0/doxia-sink-api-1.0.jar:/Users/gonzaloduranadasme/.m2/repository/org/jacoco/org.jacoco.agent/0.8.12/org.jacoco.agent-0.8.12-runtime.jar:/Users/gonzaloduranadasme/.m2/repository/org/jacoco/org.jacoco.core/0.8.12/org.jacoco.core-0.8.12.jar:/Users/gonzaloduranadasme/.m2/repository/org/ow2/asm/asm/9.7/asm-9.7.jar:/Users/gonzaloduranadasme/.m2/repository/org/ow2/asm/asm-commons/9.7/asm-commons-9.7.jar:/Users/gonzaloduranadasme/.m2/repository/org/ow2/asm/asm-tree/9.7/asm-tree-9.7.jar:/Users/gonzaloduranadasme/.m2/repository/org/jacoco/org.jacoco.report/0.8.12/org.jacoco.report-0.8.12.jar:/Users/gonzaloduranadasme/.m2/repository/com/h2database/h2/2.3.232/h2-2.3.232.jar:/Users/gonzaloduranadasme/.m2/repository/org/junit/jupiter/junit-jupiter-api/5.11.3/junit-jupiter-api-5.11.3.jar:/Users/gonzaloduranadasme/.m2/repository/org/opentest4j/opentest4j/1.3.0/opentest4j-1.3.0.jar:/Users/gonzaloduranadasme/.m2/repository/org/junit/platform/junit-platform-commons/1.11.3/junit-platform-commons-1.11.3.jar:/Users/gonzaloduranadasme/.m2/repository/org/apiguardian/apiguardian-api/1.1.2/apiguardian-api-1.1.2.jar:/Users/gonzaloduranadasme/.m2/repository/org/mockito/mockito-core/5.14.2/mockito-core-5.14.2.jar:/Users/gonzaloduranadasme/.m2/repository/net/bytebuddy/byte-buddy/1.15.10/byte-buddy-1.15.10.jar:/Users/gonzaloduranadasme/.m2/repository/net/bytebuddy/byte-buddy-agent/1.15.10/byte-buddy-agent-1.15.10.jar:/Users/gonzaloduranadasme/.m2/repository/org/objenesis/objenesis/3.3/objenesis-3.3.jar:/Users/gonzaloduranadasme/.m2/repository/org/mockito/mockito-junit-jupiter/5.14.2/mockito-junit-jupiter-5.14.2.jar:/Users/gonzaloduranadasme/.m2/repository/org/junit/jupiter/junit-jupiter-engine/5.11.3/junit-jupiter-engine-5.11.3.jar:/Users/gonzaloduranadasme/.m2/repository/org/junit/platform/junit-platform-engine/1.11.3/junit-platform-engine-1.11.3.jar:, sun.cpu.endian=little, hibernate.cdi.extensions=true, user.home=/Users/gonzaloduranadasme, user.language=es, java.specification.vendor=Oracle Corporation, java.version.date=2024-10-15, java.home=/Library/Java/JavaVirtualMachines/jdk-23.jdk/Contents/Home, file.separator=/, basedir=/Users/gonzaloduranadasme/Documents/GitHub/FS3_Sumativa/backend-arquetipo/tienda-ms-pedidos, java.vm.compressedOopsMode=Zero based, line.separator=
, hibernate.persistenceUnitName=default, java.vm.specification.vendor=Oracle Corporation, java.specification.name=Java Platform API Specification, FILE_LOG_CHARSET=UTF-8, hibernate.transaction.coordinator_class=class org.hibernate.resource.transaction.backend.jdbc.internal.JdbcResourceLocalTransactionCoordinatorBuilderImpl, java.awt.headless=true, apple.awt.application.name=ForkedBooter, surefire.real.class.path=/Users/gonzaloduranadasme/Documents/GitHub/FS3_Sumativa/backend-arquetipo/tienda-ms-pedidos/target/surefire/surefirebooter-20241215140351590_3.jar, jakarta.persistence.validation.mode=AUTO, sun.management.compiler=HotSpot 64-Bit Tiered Compilers, ftp.nonProxyHosts=local|*.local|169.254/16|*.169.254/16, java.runtime.version=23.0.1+11-39, user.name=gonzaloduranadasme, stdout.encoding=UTF-8, path.separator=:, os.version=15.2, java.runtime.name=Java(TM) SE Runtime Environment, file.encoding=UTF-8, java.vm.name=Java HotSpot(TM) 64-Bit Server VM, hibernate.show_sql=true, localRepository=/Users/gonzaloduranadasme/.m2/repository, java.vendor.url.bug=https://bugreport.java.com/bugreport/, java.io.tmpdir=/var/folders/vl/66y56nn50qq4z_cg0vjl6t440000gn/T/, java.version=23.0.1, hibernate.physical_naming_strategy=org.hibernate.boot.model.naming.CamelCaseToUnderscoresNamingStrategy, user.dir=/Users/gonzaloduranadasme/Documents/GitHub/FS3_Sumativa/backend-arquetipo/tienda-ms-pedidos, os.arch=aarch64, java.vm.specification.name=Java Virtual Machine Specification, PID=25938, CONSOLE_LOG_CHARSET=UTF-8, hibernate.boot.CfgXmlAccessService.key=org.hibernate.boot.registry.StandardServiceRegistryBuilder$1@e8d641d, native.encoding=UTF-8, java.library.path=/Users/gonzaloduranadasme/Library/Java/Extensions:/Library/Java/Extensions:/Network/Library/Java/Extensions:/System/Library/Java/Extensions:/usr/lib/java:., stderr.encoding=UTF-8, java.vendor=Oracle Corporation, java.vm.info=mixed mode, sharing, java.vm.version=23.0.1+11-39, sun.io.unicode.encoding=UnicodeBig, hibernate.archive.scanner=org.hibernate.boot.archive.scan.internal.DisabledScanner, hibernate.connection.datasource=HikariDataSource (null), socksNonProxyHosts=local|*.local|169.254/16|*.169.254/16, java.class.version=67.0, LOGGED_APPLICATION_NAME=[tienda-ms-pedidos] }
2024-12-15T14:04:01.796-03:00 DEBUG 25938 --- [tienda-ms-pedidos] [           main] o.hibernate.internal.SessionFactoryImpl  : Session factory constructed with filter configurations : {}
2024-12-15T14:04:01.796-03:00 DEBUG 25938 --- [tienda-ms-pedidos] [           main] o.h.v.i.xml.config.ValidationXmlParser   : Trying to load META-INF/validation.xml for XML based Validator configuration.
2024-12-15T14:04:01.796-03:00 DEBUG 25938 --- [tienda-ms-pedidos] [           main] o.h.v.i.xml.config.ResourceLoaderHelper  : Trying to load META-INF/validation.xml via TCCL
2024-12-15T14:04:01.796-03:00 DEBUG 25938 --- [tienda-ms-pedidos] [           main] o.h.v.i.xml.config.ResourceLoaderHelper  : Trying to load META-INF/validation.xml via Hibernate Validator's class loader
2024-12-15T14:04:01.797-03:00 DEBUG 25938 --- [tienda-ms-pedidos] [           main] o.h.v.i.xml.config.ValidationXmlParser   : No META-INF/validation.xml found. Using annotation based configuration only.
2024-12-15T14:04:01.797-03:00 DEBUG 25938 --- [tienda-ms-pedidos] [           main] o.h.v.i.e.resolver.TraversableResolvers  : Found jakarta.persistence.Persistence on classpath containing 'getPersistenceUtil'. Assuming JPA 2 environment. Trying to instantiate JPA aware TraversableResolver
2024-12-15T14:04:01.797-03:00 DEBUG 25938 --- [tienda-ms-pedidos] [           main] o.h.v.i.e.resolver.TraversableResolvers  : Instantiated JPA aware TraversableResolver of type org.hibernate.validator.internal.engine.resolver.JPATraversableResolver.
2024-12-15T14:04:01.797-03:00 DEBUG 25938 --- [tienda-ms-pedidos] [           main] .h.v.m.ResourceBundleMessageInterpolator : Loaded expression factory via original TCCL
2024-12-15T14:04:01.797-03:00 DEBUG 25938 --- [tienda-ms-pedidos] [           main] .i.e.ValidatorFactoryConfigurationHelper : HV000252: Using org.hibernate.validator.internal.engine.DefaultPropertyNodeNameProvider as property node name provider.
2024-12-15T14:04:01.798-03:00 DEBUG 25938 --- [tienda-ms-pedidos] [           main] .i.e.ValidatorFactoryConfigurationHelper : HV000234: Using org.hibernate.validator.messageinterpolation.ResourceBundleMessageInterpolator as ValidatorFactory-scoped message interpolator.
2024-12-15T14:04:01.798-03:00 DEBUG 25938 --- [tienda-ms-pedidos] [           main] .i.e.ValidatorFactoryConfigurationHelper : HV000234: Using org.hibernate.validator.internal.engine.resolver.JPATraversableResolver as ValidatorFactory-scoped traversable resolver.
2024-12-15T14:04:01.798-03:00 DEBUG 25938 --- [tienda-ms-pedidos] [           main] .i.e.ValidatorFactoryConfigurationHelper : HV000234: Using org.hibernate.validator.internal.util.ExecutableParameterNameProvider as ValidatorFactory-scoped parameter name provider.
2024-12-15T14:04:01.798-03:00 DEBUG 25938 --- [tienda-ms-pedidos] [           main] .i.e.ValidatorFactoryConfigurationHelper : HV000234: Using org.hibernate.validator.internal.engine.DefaultClockProvider as ValidatorFactory-scoped clock provider.
2024-12-15T14:04:01.798-03:00 DEBUG 25938 --- [tienda-ms-pedidos] [           main] .i.e.ValidatorFactoryConfigurationHelper : HV000234: Using org.hibernate.validator.internal.engine.scripting.DefaultScriptEvaluatorFactory as ValidatorFactory-scoped script evaluator factory.
2024-12-15T14:04:01.798-03:00 DEBUG 25938 --- [tienda-ms-pedidos] [           main] o.h.boot.internal.ClassLoaderAccessImpl  : Not known whether passed class name [com.example.tienda_ms_pedidos.model.DetalleOrden] is safe
2024-12-15T14:04:01.798-03:00 DEBUG 25938 --- [tienda-ms-pedidos] [           main] o.h.boot.internal.ClassLoaderAccessImpl  : No temp ClassLoader provided; using live ClassLoader for loading potentially unsafe class : com.example.tienda_ms_pedidos.model.DetalleOrden
2024-12-15T14:04:01.799-03:00 DEBUG 25938 --- [tienda-ms-pedidos] [           main] o.h.boot.internal.ClassLoaderAccessImpl  : Not known whether passed class name [com.example.tienda_ms_pedidos.model.Orden] is safe
2024-12-15T14:04:01.799-03:00 DEBUG 25938 --- [tienda-ms-pedidos] [           main] o.h.boot.internal.ClassLoaderAccessImpl  : No temp ClassLoader provided; using live ClassLoader for loading potentially unsafe class : com.example.tienda_ms_pedidos.model.Orden
2024-12-15T14:04:01.800-03:00 DEBUG 25938 --- [tienda-ms-pedidos] [           main] o.h.boot.internal.ClassLoaderAccessImpl  : Not known whether passed class name [com.example.tienda_ms_pedidos.model.Categoria] is safe
2024-12-15T14:04:01.800-03:00 DEBUG 25938 --- [tienda-ms-pedidos] [           main] o.h.boot.internal.ClassLoaderAccessImpl  : No temp ClassLoader provided; using live ClassLoader for loading potentially unsafe class : com.example.tienda_ms_pedidos.model.Categoria
2024-12-15T14:04:01.802-03:00 DEBUG 25938 --- [tienda-ms-pedidos] [           main] o.h.boot.internal.ClassLoaderAccessImpl  : Not known whether passed class name [com.example.tienda_ms_pedidos.model.Producto] is safe
2024-12-15T14:04:01.802-03:00 DEBUG 25938 --- [tienda-ms-pedidos] [           main] o.h.boot.internal.ClassLoaderAccessImpl  : No temp ClassLoader provided; using live ClassLoader for loading potentially unsafe class : com.example.tienda_ms_pedidos.model.Producto
2024-12-15T14:04:01.805-03:00 DEBUG 25938 --- [tienda-ms-pedidos] [           main] .h.s.i.SessionFactoryServiceRegistryImpl : EventListenerRegistry access via ServiceRegistry is deprecated.  Use `sessionFactory.getEventEngine().getListenerRegistry()` instead
2024-12-15T14:04:01.805-03:00 DEBUG 25938 --- [tienda-ms-pedidos] [           main] .h.t.s.s.SchemaManagementToolCoordinator : No schema actions specified for contributor `orm`; doing nothing
2024-12-15T14:04:01.805-03:00 DEBUG 25938 --- [tienda-ms-pedidos] [           main] o.h.q.sqm.function.SqmFunctionRegistry   : Registered SqmFunctionTemplate [NamedSqmFunctionTemplate(max)] under max; prior registration was null
2024-12-15T14:04:01.805-03:00 DEBUG 25938 --- [tienda-ms-pedidos] [           main] o.h.q.sqm.function.SqmFunctionRegistry   : Registered SqmFunctionTemplate [NamedSqmFunctionTemplate(min)] under min; prior registration was null
2024-12-15T14:04:01.805-03:00 DEBUG 25938 --- [tienda-ms-pedidos] [           main] o.h.q.sqm.function.SqmFunctionRegistry   : Registered SqmFunctionTemplate [NamedSqmFunctionTemplate(sum)] under sum; prior registration was null
2024-12-15T14:04:01.805-03:00 DEBUG 25938 --- [tienda-ms-pedidos] [           main] o.h.q.sqm.function.SqmFunctionRegistry   : Registered SqmFunctionTemplate [NamedSqmFunctionTemplate(avg)] under avg; prior registration was null
2024-12-15T14:04:01.805-03:00 DEBUG 25938 --- [tienda-ms-pedidos] [           main] o.h.q.sqm.function.SqmFunctionRegistry   : Registered SqmFunctionTemplate [org.hibernate.dialect.function.CountFunction@5d4ebe65] under count; prior registration was null
2024-12-15T14:04:01.805-03:00 DEBUG 25938 --- [tienda-ms-pedidos] [           main] o.h.q.sqm.function.SqmFunctionRegistry   : Registered SqmFunctionTemplate [org.hibernate.dialect.function.EveryAnyEmulation@2f21eb1b] under every; prior registration was null
2024-12-15T14:04:01.805-03:00 DEBUG 25938 --- [tienda-ms-pedidos] [           main] o.h.q.sqm.function.SqmFunctionRegistry   : Registered SqmFunctionTemplate [org.hibernate.dialect.function.EveryAnyEmulation@5d1c2139] under any; prior registration was null
2024-12-15T14:04:01.805-03:00 DEBUG 25938 --- [tienda-ms-pedidos] [           main] o.h.q.sqm.function.SqmFunctionRegistry   : Registered SqmFunctionTemplate [NamedSqmFunctionTemplate(floor)] under floor; prior registration was null
2024-12-15T14:04:01.805-03:00 DEBUG 25938 --- [tienda-ms-pedidos] [           main] o.h.q.sqm.function.SqmFunctionRegistry   : Registered SqmFunctionTemplate [NamedSqmFunctionTemplate(ceiling)] under ceiling; prior registration was null
2024-12-15T14:04:01.805-03:00 DEBUG 25938 --- [tienda-ms-pedidos] [           main] o.h.q.sqm.function.SqmFunctionRegistry   : Registered SqmFunctionTemplate [NamedSqmFunctionTemplate(mod)] under mod; prior registration was null
2024-12-15T14:04:01.805-03:00 DEBUG 25938 --- [tienda-ms-pedidos] [           main] o.h.q.sqm.function.SqmFunctionRegistry   : Registered SqmFunctionTemplate [NamedSqmFunctionTemplate(abs)] under abs; prior registration was null
2024-12-15T14:04:01.805-03:00 DEBUG 25938 --- [tienda-ms-pedidos] [           main] o.h.q.sqm.function.SqmFunctionRegistry   : Registered SqmFunctionTemplate [NamedSqmFunctionTemplate(sign)] under sign; prior registration was null
2024-12-15T14:04:01.805-03:00 DEBUG 25938 --- [tienda-ms-pedidos] [           main] o.h.q.sqm.function.SqmFunctionRegistry   : Registered SqmFunctionTemplate [NamedSqmFunctionTemplate(sqrt)] under sqrt; prior registration was null
2024-12-15T14:04:01.805-03:00 DEBUG 25938 --- [tienda-ms-pedidos] [           main] o.h.q.sqm.function.SqmFunctionRegistry   : Registered SqmFunctionTemplate [NamedSqmFunctionTemplate(ln)] under ln; prior registration was null
2024-12-15T14:04:01.805-03:00 DEBUG 25938 --- [tienda-ms-pedidos] [           main] o.h.q.sqm.function.SqmFunctionRegistry   : Registered SqmFunctionTemplate [NamedSqmFunctionTemplate(exp)] under exp; prior registration was null
2024-12-15T14:04:01.805-03:00 DEBUG 25938 --- [tienda-ms-pedidos] [           main] o.h.q.sqm.function.SqmFunctionRegistry   : Registered SqmFunctionTemplate [NamedSqmFunctionTemplate(power)] under power; prior registration was null
2024-12-15T14:04:01.805-03:00 DEBUG 25938 --- [tienda-ms-pedidos] [           main] o.h.q.sqm.function.SqmFunctionRegistry   : Registered SqmFunctionTemplate [NamedSqmFunctionTemplate(round)] under round; prior registration was null
2024-12-15T14:04:01.805-03:00 DEBUG 25938 --- [tienda-ms-pedidos] [           main] o.h.q.sqm.function.SqmFunctionRegistry   : Registered SqmFunctionTemplate [NamedSqmFunctionTemplate(sin)] under sin; prior registration was null
2024-12-15T14:04:01.805-03:00 DEBUG 25938 --- [tienda-ms-pedidos] [           main] o.h.q.sqm.function.SqmFunctionRegistry   : Registered SqmFunctionTemplate [NamedSqmFunctionTemplate(cos)] under cos; prior registration was null
2024-12-15T14:04:01.805-03:00 DEBUG 25938 --- [tienda-ms-pedidos] [           main] o.h.q.sqm.function.SqmFunctionRegistry   : Registered SqmFunctionTemplate [NamedSqmFunctionTemplate(tan)] under tan; prior registration was null
2024-12-15T14:04:01.805-03:00 DEBUG 25938 --- [tienda-ms-pedidos] [           main] o.h.q.sqm.function.SqmFunctionRegistry   : Registered SqmFunctionTemplate [NamedSqmFunctionTemplate(asin)] under asin; prior registration was null
2024-12-15T14:04:01.805-03:00 DEBUG 25938 --- [tienda-ms-pedidos] [           main] o.h.q.sqm.function.SqmFunctionRegistry   : Registered SqmFunctionTemplate [NamedSqmFunctionTemplate(acos)] under acos; prior registration was null
2024-12-15T14:04:01.805-03:00 DEBUG 25938 --- [tienda-ms-pedidos] [           main] o.h.q.sqm.function.SqmFunctionRegistry   : Registered SqmFunctionTemplate [NamedSqmFunctionTemplate(atan)] under atan; prior registration was null
2024-12-15T14:04:01.805-03:00 DEBUG 25938 --- [tienda-ms-pedidos] [           main] o.h.q.sqm.function.SqmFunctionRegistry   : Registered SqmFunctionTemplate [NamedSqmFunctionTemplate(atan2)] under atan2; prior registration was null
2024-12-15T14:04:01.805-03:00 DEBUG 25938 --- [tienda-ms-pedidos] [           main] o.h.q.sqm.function.SqmFunctionRegistry   : Registered SqmFunctionTemplate [org.hibernate.query.sqm.function.PatternBasedSqmFunctionDescriptor@55424ee5] under sinh; prior registration was null
2024-12-15T14:04:01.805-03:00 DEBUG 25938 --- [tienda-ms-pedidos] [           main] o.h.q.sqm.function.SqmFunctionRegistry   : Registered SqmFunctionTemplate [org.hibernate.query.sqm.function.PatternBasedSqmFunctionDescriptor@7dd76fbe] under cosh; prior registration was null
2024-12-15T14:04:01.805-03:00 DEBUG 25938 --- [tienda-ms-pedidos] [           main] o.h.q.sqm.function.SqmFunctionRegistry   : Registered SqmFunctionTemplate [org.hibernate.query.sqm.function.PatternBasedSqmFunctionDescriptor@5d0e2a2c] under tanh; prior registration was null
2024-12-15T14:04:01.805-03:00 DEBUG 25938 --- [tienda-ms-pedidos] [           main] o.h.q.sqm.function.SqmFunctionRegistry   : Registered SqmFunctionTemplate [org.hibernate.query.sqm.function.PatternBasedSqmFunctionDescriptor@61a7cd5d] under pi; prior registration was null
2024-12-15T14:04:01.806-03:00 DEBUG 25938 --- [tienda-ms-pedidos] [           main] o.h.q.sqm.function.SqmFunctionRegistry   : Registered SqmFunctionTemplate [org.hibernate.query.sqm.function.PatternBasedSqmFunctionDescriptor@26d592ea] under log; prior registration was null
2024-12-15T14:04:01.806-03:00 DEBUG 25938 --- [tienda-ms-pedidos] [           main] o.h.q.sqm.function.SqmFunctionRegistry   : Registered SqmFunctionTemplate [NamedSqmFunctionTemplate(coalesce)] under coalesce; prior registration was null
2024-12-15T14:04:01.806-03:00 DEBUG 25938 --- [tienda-ms-pedidos] [           main] o.h.q.sqm.function.SqmFunctionRegistry   : Registered SqmFunctionTemplate [NamedSqmFunctionTemplate(nullif)] under nullif; prior registration was null
2024-12-15T14:04:01.806-03:00 DEBUG 25938 --- [tienda-ms-pedidos] [           main] o.h.q.sqm.function.SqmFunctionRegistry   : Registered SqmFunctionTemplate [NamedSqmFunctionTemplate(left)] under left; prior registration was null
2024-12-15T14:04:01.806-03:00 DEBUG 25938 --- [tienda-ms-pedidos] [           main] o.h.q.sqm.function.SqmFunctionRegistry   : Registered SqmFunctionTemplate [NamedSqmFunctionTemplate(right)] under right; prior registration was null
2024-12-15T14:04:01.806-03:00 DEBUG 25938 --- [tienda-ms-pedidos] [           main] o.h.q.sqm.function.SqmFunctionRegistry   : Registered SqmFunctionTemplate [NamedSqmFunctionTemplate(replace)] under replace; prior registration was null
2024-12-15T14:04:01.806-03:00 DEBUG 25938 --- [tienda-ms-pedidos] [           main] o.h.q.sqm.function.SqmFunctionRegistry   : Registered SqmFunctionTemplate [NamedSqmFunctionTemplate(concat)] under concat; prior registration was null
2024-12-15T14:04:01.806-03:00 DEBUG 25938 --- [tienda-ms-pedidos] [           main] o.h.q.sqm.function.SqmFunctionRegistry   : Registered SqmFunctionTemplate [NamedSqmFunctionTemplate(lower)] under lower; prior registration was null
2024-12-15T14:04:01.806-03:00 DEBUG 25938 --- [tienda-ms-pedidos] [           main] o.h.q.sqm.function.SqmFunctionRegistry   : Registered SqmFunctionTemplate [NamedSqmFunctionTemplate(upper)] under upper; prior registration was null
2024-12-15T14:04:01.806-03:00 DEBUG 25938 --- [tienda-ms-pedidos] [           main] o.h.q.sqm.function.SqmFunctionRegistry   : Registered SqmFunctionTemplate [NamedSqmFunctionTemplate(substring)] under substring; prior registration was null
2024-12-15T14:04:01.806-03:00 DEBUG 25938 --- [tienda-ms-pedidos] [           main] o.h.q.sqm.function.SqmFunctionRegistry   : Registered SqmFunctionTemplate [NamedSqmFunctionTemplate(locate)] under locate; prior registration was null
2024-12-15T14:04:01.806-03:00 DEBUG 25938 --- [tienda-ms-pedidos] [           main] o.h.q.sqm.function.SqmFunctionRegistry   : Registered SqmFunctionTemplate [NamedSqmFunctionTemplate(character_length)] under character_length; prior registration was null
2024-12-15T14:04:01.806-03:00 DEBUG 25938 --- [tienda-ms-pedidos] [           main] o.h.q.sqm.function.SqmFunctionRegistry   : Registering alternate key : length -> character_length
2024-12-15T14:04:01.806-03:00 DEBUG 25938 --- [tienda-ms-pedidos] [           main] o.h.q.sqm.function.SqmFunctionRegistry   : Registered SqmFunctionTemplate [org.hibernate.dialect.function.LocatePositionEmulation@60b9a311] under position; prior registration was null
2024-12-15T14:04:01.806-03:00 DEBUG 25938 --- [tienda-ms-pedidos] [           main] o.h.q.sqm.function.SqmFunctionRegistry   : Registered SqmFunctionTemplate [org.hibernate.dialect.function.InsertSubstringOverlayEmulation@4c4aaa60] under overlay; prior registration was null
2024-12-15T14:04:01.806-03:00 DEBUG 25938 --- [tienda-ms-pedidos] [           main] o.h.q.sqm.function.SqmFunctionRegistry   : Registered SqmFunctionTemplate [org.hibernate.dialect.function.TrimFunction@13d84b91] under trim; prior registration was null
2024-12-15T14:04:01.806-03:00 DEBUG 25938 --- [tienda-ms-pedidos] [           main] o.h.q.sqm.function.SqmFunctionRegistry   : Registered SqmFunctionTemplate [org.hibernate.dialect.function.CastFunction@1910c9c2] under cast; prior registration was null
2024-12-15T14:04:01.806-03:00 DEBUG 25938 --- [tienda-ms-pedidos] [           main] o.h.q.sqm.function.SqmFunctionRegistry   : Registered SqmFunctionTemplate [org.hibernate.query.sqm.function.PatternBasedSqmFunctionDescriptor@349c50da] under collate; prior registration was null
2024-12-15T14:04:01.806-03:00 DEBUG 25938 --- [tienda-ms-pedidos] [           main] o.h.q.sqm.function.SqmFunctionRegistry   : Registered SqmFunctionTemplate [org.hibernate.dialect.function.ExtractFunction@2d9cf583] under extract; prior registration was null
2024-12-15T14:04:01.806-03:00 DEBUG 25938 --- [tienda-ms-pedidos] [           main] o.h.q.sqm.function.SqmFunctionRegistry   : Registered SqmFunctionTemplate [NamedSqmFunctionTemplate(least)] under least; prior registration was null
2024-12-15T14:04:01.806-03:00 DEBUG 25938 --- [tienda-ms-pedidos] [           main] o.h.q.sqm.function.SqmFunctionRegistry   : Registered SqmFunctionTemplate [NamedSqmFunctionTemplate(greatest)] under greatest; prior registration was null
2024-12-15T14:04:01.806-03:00 DEBUG 25938 --- [tienda-ms-pedidos] [           main] o.h.q.sqm.function.SqmFunctionRegistry   : Registered SqmFunctionTemplate [org.hibernate.dialect.function.CoalesceIfnullEmulation@7cc9a762] under ifnull; prior registration was null
2024-12-15T14:04:01.806-03:00 DEBUG 25938 --- [tienda-ms-pedidos] [           main] o.h.q.sqm.function.SqmFunctionRegistry   : Registered SqmFunctionTemplate [NamedSqmFunctionTemplate(lpad)] under lpad; prior registration was null
2024-12-15T14:04:01.806-03:00 DEBUG 25938 --- [tienda-ms-pedidos] [           main] o.h.q.sqm.function.SqmFunctionRegistry   : Registered SqmFunctionTemplate [NamedSqmFunctionTemplate(rpad)] under rpad; prior registration was null
2024-12-15T14:04:01.806-03:00 DEBUG 25938 --- [tienda-ms-pedidos] [           main] o.h.q.sqm.function.SqmFunctionRegistry   : Registered SqmFunctionTemplate [org.hibernate.dialect.function.LpadRpadPadEmulation@63882fe0] under pad; prior registration was null
2024-12-15T14:04:01.806-03:00 DEBUG 25938 --- [tienda-ms-pedidos] [           main] o.h.q.sqm.function.SqmFunctionRegistry   : Registered SqmFunctionTemplate [org.hibernate.dialect.function.CastStrEmulation@35c4b9cb] under str; prior registration was null
2024-12-15T14:04:01.806-03:00 DEBUG 25938 --- [tienda-ms-pedidos] [           main] o.h.q.sqm.function.SqmFunctionRegistry   : Registered SqmFunctionTemplate [org.hibernate.dialect.function.FormatFunction@7fbe621d] under format; prior registration was null
2024-12-15T14:04:01.806-03:00 DEBUG 25938 --- [tienda-ms-pedidos] [           main] o.h.q.sqm.function.SqmFunctionRegistry   : Registered SqmFunctionTemplate [org.hibernate.dialect.function.TimestampaddFunction@4e7d283f] under timestampadd; prior registration was null
2024-12-15T14:04:01.806-03:00 DEBUG 25938 --- [tienda-ms-pedidos] [           main] o.h.q.sqm.function.SqmFunctionRegistry   : Registered SqmFunctionTemplate [org.hibernate.dialect.function.TimestampdiffFunction@6ca8f93f] under timestampdiff; prior registration was null
2024-12-15T14:04:01.806-03:00 DEBUG 25938 --- [tienda-ms-pedidos] [           main] o.h.q.sqm.function.SqmFunctionRegistry   : Registering alternate key : dateadd -> timestampadd
2024-12-15T14:04:01.806-03:00 DEBUG 25938 --- [tienda-ms-pedidos] [           main] o.h.q.sqm.function.SqmFunctionRegistry   : Registering alternate key : datediff -> timestampdiff
2024-12-15T14:04:01.806-03:00 DEBUG 25938 --- [tienda-ms-pedidos] [           main] o.h.q.sqm.function.SqmFunctionRegistry   : Registered SqmFunctionTemplate [org.hibernate.dialect.function.CurrentFunction@7cb21f80] under current_date; prior registration was null
2024-12-15T14:04:01.806-03:00 DEBUG 25938 --- [tienda-ms-pedidos] [           main] o.h.q.sqm.function.SqmFunctionRegistry   : Registered SqmFunctionTemplate [org.hibernate.dialect.function.CurrentFunction@70903481] under current_time; prior registration was null
2024-12-15T14:04:01.806-03:00 DEBUG 25938 --- [tienda-ms-pedidos] [           main] o.h.q.sqm.function.SqmFunctionRegistry   : Registered SqmFunctionTemplate [org.hibernate.dialect.function.CurrentFunction@570bc67c] under current_timestamp; prior registration was null
2024-12-15T14:04:01.806-03:00 DEBUG 25938 --- [tienda-ms-pedidos] [           main] o.h.q.sqm.function.SqmFunctionRegistry   : Registering alternate key : current date -> current_date
2024-12-15T14:04:01.806-03:00 DEBUG 25938 --- [tienda-ms-pedidos] [           main] o.h.q.sqm.function.SqmFunctionRegistry   : Registering alternate key : current time -> current_time
2024-12-15T14:04:01.806-03:00 DEBUG 25938 --- [tienda-ms-pedidos] [           main] o.h.q.sqm.function.SqmFunctionRegistry   : Registering alternate key : current timestamp -> current_timestamp
2024-12-15T14:04:01.806-03:00 DEBUG 25938 --- [tienda-ms-pedidos] [           main] o.h.q.sqm.function.SqmFunctionRegistry   : Registered SqmFunctionTemplate [org.hibernate.dialect.function.CurrentFunction@7c41aca3] under local_date; prior registration was null
2024-12-15T14:04:01.806-03:00 DEBUG 25938 --- [tienda-ms-pedidos] [           main] o.h.q.sqm.function.SqmFunctionRegistry   : Registered SqmFunctionTemplate [org.hibernate.dialect.function.CurrentFunction@10e3f2b4] under local_time; prior registration was null
2024-12-15T14:04:01.806-03:00 DEBUG 25938 --- [tienda-ms-pedidos] [           main] o.h.q.sqm.function.SqmFunctionRegistry   : Registered SqmFunctionTemplate [org.hibernate.dialect.function.CurrentFunction@61a6e815] under local_datetime; prior registration was null
2024-12-15T14:04:01.806-03:00 DEBUG 25938 --- [tienda-ms-pedidos] [           main] o.h.q.sqm.function.SqmFunctionRegistry   : Registered SqmFunctionTemplate [org.hibernate.dialect.function.CurrentFunction@6897ea7b] under offset_datetime; prior registration was null
2024-12-15T14:04:01.806-03:00 DEBUG 25938 --- [tienda-ms-pedidos] [           main] o.h.q.sqm.function.SqmFunctionRegistry   : Registering alternate key : local date -> local_date
2024-12-15T14:04:01.806-03:00 DEBUG 25938 --- [tienda-ms-pedidos] [           main] o.h.q.sqm.function.SqmFunctionRegistry   : Registering alternate key : local time -> local_time
2024-12-15T14:04:01.806-03:00 DEBUG 25938 --- [tienda-ms-pedidos] [           main] o.h.q.sqm.function.SqmFunctionRegistry   : Registering alternate key : local datetime -> local_datetime
2024-12-15T14:04:01.806-03:00 DEBUG 25938 --- [tienda-ms-pedidos] [           main] o.h.q.sqm.function.SqmFunctionRegistry   : Registering alternate key : offset datetime -> offset_datetime
2024-12-15T14:04:01.806-03:00 DEBUG 25938 --- [tienda-ms-pedidos] [           main] o.h.q.sqm.function.SqmFunctionRegistry   : Registered SqmFunctionTemplate [org.hibernate.dialect.function.CurrentFunction@19c2677e] under instant; prior registration was null
2024-12-15T14:04:01.806-03:00 DEBUG 25938 --- [tienda-ms-pedidos] [           main] o.h.q.sqm.function.SqmFunctionRegistry   : Registering alternate key : current_instant -> instant
2024-12-15T14:04:01.806-03:00 DEBUG 25938 --- [tienda-ms-pedidos] [           main] o.h.q.sqm.function.SqmFunctionRegistry   : Registered SqmFunctionTemplate [org.hibernate.dialect.function.SqlFunction@163b50a0] under sql; prior registration was null
2024-12-15T14:04:01.806-03:00 DEBUG 25938 --- [tienda-ms-pedidos] [           main] o.h.q.sqm.function.SqmFunctionRegistry   : Registered SqmFunctionTemplate [NamedSqmFunctionTemplate(ascii)] under ascii; prior registration was null
2024-12-15T14:04:01.806-03:00 DEBUG 25938 --- [tienda-ms-pedidos] [           main] o.h.q.sqm.function.SqmFunctionRegistry   : Registered SqmFunctionTemplate [NamedSqmFunctionTemplate(chr)] under chr; prior registration was null
2024-12-15T14:04:01.806-03:00 DEBUG 25938 --- [tienda-ms-pedidos] [           main] o.h.q.sqm.function.SqmFunctionRegistry   : Registering alternate key : char -> chr
2024-12-15T14:04:01.806-03:00 DEBUG 25938 --- [tienda-ms-pedidos] [           main] o.h.q.sqm.function.SqmFunctionRegistry   : Registered SqmFunctionTemplate [NamedSqmFunctionTemplate(cosh)] under cosh; prior registration was org.hibernate.query.sqm.function.PatternBasedSqmFunctionDescriptor@7dd76fbe
2024-12-15T14:04:01.806-03:00 DEBUG 25938 --- [tienda-ms-pedidos] [           main] o.h.q.sqm.function.SqmFunctionRegistry   : Registered SqmFunctionTemplate [NamedSqmFunctionTemplate(sinh)] under sinh; prior registration was org.hibernate.query.sqm.function.PatternBasedSqmFunctionDescriptor@55424ee5
2024-12-15T14:04:01.806-03:00 DEBUG 25938 --- [tienda-ms-pedidos] [           main] o.h.q.sqm.function.SqmFunctionRegistry   : Registered SqmFunctionTemplate [NamedSqmFunctionTemplate(tanh)] under tanh; prior registration was org.hibernate.query.sqm.function.PatternBasedSqmFunctionDescriptor@5d0e2a2c
2024-12-15T14:04:01.806-03:00 DEBUG 25938 --- [tienda-ms-pedidos] [           main] o.h.q.sqm.function.SqmFunctionRegistry   : Registered SqmFunctionTemplate [NamedSqmFunctionTemplate(log)] under log; prior registration was org.hibernate.query.sqm.function.PatternBasedSqmFunctionDescriptor@26d592ea
2024-12-15T14:04:01.806-03:00 DEBUG 25938 --- [tienda-ms-pedidos] [           main] o.h.q.sqm.function.SqmFunctionRegistry   : Registered SqmFunctionTemplate [org.hibernate.query.sqm.function.PatternBasedSqmFunctionDescriptor@400bf432] under log10; prior registration was null
2024-12-15T14:04:01.806-03:00 DEBUG 25938 --- [tienda-ms-pedidos] [           main] o.h.q.sqm.function.SqmFunctionRegistry   : Registered SqmFunctionTemplate [NamedSqmFunctionTemplate(soundex)] under soundex; prior registration was null
2024-12-15T14:04:01.806-03:00 DEBUG 25938 --- [tienda-ms-pedidos] [           main] o.h.q.sqm.function.SqmFunctionRegistry   : Registered SqmFunctionTemplate [NamedSqmFunctionTemplate(ltrim)] under ltrim; prior registration was null
2024-12-15T14:04:01.806-03:00 DEBUG 25938 --- [tienda-ms-pedidos] [           main] o.h.q.sqm.function.SqmFunctionRegistry   : Registered SqmFunctionTemplate [NamedSqmFunctionTemplate(rtrim)] under rtrim; prior registration was null
2024-12-15T14:04:01.806-03:00 DEBUG 25938 --- [tienda-ms-pedidos] [           main] o.h.q.sqm.function.SqmFunctionRegistry   : Registered SqmFunctionTemplate [NamedSqmFunctionTemplate(initcap)] under initcap; prior registration was null
2024-12-15T14:04:01.806-03:00 DEBUG 25938 --- [tienda-ms-pedidos] [           main] o.h.q.sqm.function.SqmFunctionRegistry   : Registered SqmFunctionTemplate [NamedSqmFunctionTemplate(instr)] under instr; prior registration was null
2024-12-15T14:04:01.806-03:00 DEBUG 25938 --- [tienda-ms-pedidos] [           main] o.h.q.sqm.function.SqmFunctionRegistry   : Registered SqmFunctionTemplate [NamedSqmFunctionTemplate(substr)] under substr; prior registration was null
2024-12-15T14:04:01.806-03:00 DEBUG 25938 --- [tienda-ms-pedidos] [           main] o.h.q.sqm.function.SqmFunctionRegistry   : Registered SqmFunctionTemplate [NamedSqmFunctionTemplate(substr)] under substring; prior registration was NamedSqmFunctionTemplate(substring)
2024-12-15T14:04:01.806-03:00 DEBUG 25938 --- [tienda-ms-pedidos] [           main] o.h.q.sqm.function.SqmFunctionRegistry   : Registered SqmFunctionTemplate [org.hibernate.query.sqm.function.PatternBasedSqmFunctionDescriptor@17981a7a] under left; prior registration was NamedSqmFunctionTemplate(left)
2024-12-15T14:04:01.806-03:00 DEBUG 25938 --- [tienda-ms-pedidos] [           main] o.h.q.sqm.function.SqmFunctionRegistry   : Registered SqmFunctionTemplate [org.hibernate.query.sqm.function.PatternBasedSqmFunctionDescriptor@1deb6660] under right; prior registration was NamedSqmFunctionTemplate(right)
2024-12-15T14:04:01.806-03:00 DEBUG 25938 --- [tienda-ms-pedidos] [           main] o.h.q.sqm.function.SqmFunctionRegistry   : Registered SqmFunctionTemplate [NamedSqmFunctionTemplate(translate)] under translate; prior registration was null
2024-12-15T14:04:01.806-03:00 DEBUG 25938 --- [tienda-ms-pedidos] [           main] o.h.q.sqm.function.SqmFunctionRegistry   : Registered SqmFunctionTemplate [NamedSqmFunctionTemplate(bitand)] under bitand; prior registration was null
2024-12-15T14:04:01.806-03:00 DEBUG 25938 --- [tienda-ms-pedidos] [           main] o.h.q.sqm.function.SqmFunctionRegistry   : Registered SqmFunctionTemplate [NamedSqmFunctionTemplate(last_day)] under last_day; prior registration was null
2024-12-15T14:04:01.806-03:00 DEBUG 25938 --- [tienda-ms-pedidos] [           main] o.h.q.sqm.function.SqmFunctionRegistry   : Registered SqmFunctionTemplate [NamedSqmFunctionTemplate(to_number)] under to_number; prior registration was null
2024-12-15T14:04:01.806-03:00 DEBUG 25938 --- [tienda-ms-pedidos] [           main] o.h.q.sqm.function.SqmFunctionRegistry   : Registered SqmFunctionTemplate [NamedSqmFunctionTemplate(to_char)] under to_char; prior registration was null
2024-12-15T14:04:01.806-03:00 DEBUG 25938 --- [tienda-ms-pedidos] [           main] o.h.q.sqm.function.SqmFunctionRegistry   : Registered SqmFunctionTemplate [NamedSqmFunctionTemplate(to_date)] under to_date; prior registration was null
2024-12-15T14:04:01.806-03:00 DEBUG 25938 --- [tienda-ms-pedidos] [           main] o.h.q.sqm.function.SqmFunctionRegistry   : Registered SqmFunctionTemplate [NamedSqmFunctionTemplate(to_timestamp)] under to_timestamp; prior registration was null
2024-12-15T14:04:01.806-03:00 DEBUG 25938 --- [tienda-ms-pedidos] [           main] o.h.q.sqm.function.SqmFunctionRegistry   : Registered SqmFunctionTemplate [NamedSqmFunctionTemplate(ceil)] under ceil; prior registration was null
2024-12-15T14:04:01.806-03:00 DEBUG 25938 --- [tienda-ms-pedidos] [           main] o.h.q.sqm.function.SqmFunctionRegistry   : Registering alternate key : ceiling -> ceil
2024-12-15T14:04:01.806-03:00 DEBUG 25938 --- [tienda-ms-pedidos] [           main] o.h.q.sqm.function.SqmFunctionRegistry   : Registered SqmFunctionTemplate [org.hibernate.query.sqm.function.PatternBasedSqmFunctionDescriptor@51998b2d] under concat; prior registration was NamedSqmFunctionTemplate(concat)
2024-12-15T14:04:01.806-03:00 DEBUG 25938 --- [tienda-ms-pedidos] [           main] o.h.q.sqm.function.SqmFunctionRegistry   : Registered SqmFunctionTemplate [NamedSqmFunctionTemplate(rowid)] under rowid; prior registration was null
2024-12-15T14:04:01.806-03:00 DEBUG 25938 --- [tienda-ms-pedidos] [           main] o.h.q.sqm.function.SqmFunctionRegistry   : Registered SqmFunctionTemplate [NamedSqmFunctionTemplate(rownum)] under rownum; prior registration was null
2024-12-15T14:04:01.806-03:00 DEBUG 25938 --- [tienda-ms-pedidos] [           main] o.h.q.sqm.function.SqmFunctionRegistry   : Registered SqmFunctionTemplate [NamedSqmFunctionTemplate(sysdate)] under sysdate; prior registration was null
2024-12-15T14:04:01.806-03:00 DEBUG 25938 --- [tienda-ms-pedidos] [           main] o.h.q.sqm.function.SqmFunctionRegistry   : Registered SqmFunctionTemplate [NamedSqmFunctionTemplate(systimestamp)] under systimestamp; prior registration was null
2024-12-15T14:04:01.806-03:00 DEBUG 25938 --- [tienda-ms-pedidos] [           main] o.h.q.sqm.function.SqmFunctionRegistry   : Registered SqmFunctionTemplate [NamedSqmFunctionTemplate(add_months)] under add_months; prior registration was null
2024-12-15T14:04:01.806-03:00 DEBUG 25938 --- [tienda-ms-pedidos] [           main] o.h.q.sqm.function.SqmFunctionRegistry   : Registered SqmFunctionTemplate [NamedSqmFunctionTemplate(months_between)] under months_between; prior registration was null
2024-12-15T14:04:01.806-03:00 DEBUG 25938 --- [tienda-ms-pedidos] [           main] o.h.q.sqm.function.SqmFunctionRegistry   : Registered SqmFunctionTemplate [org.hibernate.dialect.function.MinMaxCaseEveryAnyEmulation@4eac5f48] under every; prior registration was org.hibernate.dialect.function.EveryAnyEmulation@2f21eb1b
2024-12-15T14:04:01.806-03:00 DEBUG 25938 --- [tienda-ms-pedidos] [           main] o.h.q.sqm.function.SqmFunctionRegistry   : Registered SqmFunctionTemplate [org.hibernate.dialect.function.MinMaxCaseEveryAnyEmulation@19b0d72d] under any; prior registration was org.hibernate.dialect.function.EveryAnyEmulation@5d1c2139
2024-12-15T14:04:01.806-03:00 DEBUG 25938 --- [tienda-ms-pedidos] [           main] o.h.q.sqm.function.SqmFunctionRegistry   : Registered SqmFunctionTemplate [org.hibernate.query.sqm.function.PatternBasedSqmFunctionDescriptor@5f2e6a1d] under repeat; prior registration was null
2024-12-15T14:04:01.806-03:00 DEBUG 25938 --- [tienda-ms-pedidos] [           main] o.h.q.sqm.function.SqmFunctionRegistry   : Registered SqmFunctionTemplate [org.hibernate.query.sqm.function.PatternBasedSqmFunctionDescriptor@42f34236] under radians; prior registration was null
2024-12-15T14:04:01.806-03:00 DEBUG 25938 --- [tienda-ms-pedidos] [           main] o.h.q.sqm.function.SqmFunctionRegistry   : Registered SqmFunctionTemplate [org.hibernate.query.sqm.function.PatternBasedSqmFunctionDescriptor@6e89033f] under degrees; prior registration was null
2024-12-15T14:04:01.806-03:00 DEBUG 25938 --- [tienda-ms-pedidos] [           main] o.h.q.sqm.function.SqmFunctionRegistry   : Registered SqmFunctionTemplate [NamedSqmFunctionTemplate(median)] under median; prior registration was null
2024-12-15T14:04:01.806-03:00 DEBUG 25938 --- [tienda-ms-pedidos] [           main] o.h.q.sqm.function.SqmFunctionRegistry   : Registered SqmFunctionTemplate [NamedSqmFunctionTemplate(stddev)] under stddev; prior registration was null
2024-12-15T14:04:01.806-03:00 DEBUG 25938 --- [tienda-ms-pedidos] [           main] o.h.q.sqm.function.SqmFunctionRegistry   : Registered SqmFunctionTemplate [NamedSqmFunctionTemplate(stddev_pop)] under stddev_pop; prior registration was null
2024-12-15T14:04:01.806-03:00 DEBUG 25938 --- [tienda-ms-pedidos] [           main] o.h.q.sqm.function.SqmFunctionRegistry   : Registered SqmFunctionTemplate [NamedSqmFunctionTemplate(stddev_samp)] under stddev_samp; prior registration was null
2024-12-15T14:04:01.806-03:00 DEBUG 25938 --- [tienda-ms-pedidos] [           main] o.h.q.sqm.function.SqmFunctionRegistry   : Registered SqmFunctionTemplate [NamedSqmFunctionTemplate(variance)] under variance; prior registration was null
2024-12-15T14:04:01.806-03:00 DEBUG 25938 --- [tienda-ms-pedidos] [           main] o.h.q.sqm.function.SqmFunctionRegistry   : Registered SqmFunctionTemplate [NamedSqmFunctionTemplate(var_pop)] under var_pop; prior registration was null
2024-12-15T14:04:01.806-03:00 DEBUG 25938 --- [tienda-ms-pedidos] [           main] o.h.q.sqm.function.SqmFunctionRegistry   : Registered SqmFunctionTemplate [NamedSqmFunctionTemplate(var_samp)] under var_samp; prior registration was null
2024-12-15T14:04:01.806-03:00 DEBUG 25938 --- [tienda-ms-pedidos] [           main] o.h.q.sqm.function.SqmFunctionRegistry   : Registered SqmFunctionTemplate [NamedSqmFunctionTemplate(covar_pop)] under covar_pop; prior registration was null
2024-12-15T14:04:01.806-03:00 DEBUG 25938 --- [tienda-ms-pedidos] [           main] o.h.q.sqm.function.SqmFunctionRegistry   : Registered SqmFunctionTemplate [NamedSqmFunctionTemplate(covar_samp)] under covar_samp; prior registration was null
2024-12-15T14:04:01.806-03:00 DEBUG 25938 --- [tienda-ms-pedidos] [           main] o.h.q.sqm.function.SqmFunctionRegistry   : Registered SqmFunctionTemplate [NamedSqmFunctionTemplate(corr)] under corr; prior registration was null
2024-12-15T14:04:01.806-03:00 DEBUG 25938 --- [tienda-ms-pedidos] [           main] o.h.q.sqm.function.SqmFunctionRegistry   : Registered SqmFunctionTemplate [NamedSqmFunctionTemplate(regr_avgx)] under regr_avgx; prior registration was null
2024-12-15T14:04:01.806-03:00 DEBUG 25938 --- [tienda-ms-pedidos] [           main] o.h.q.sqm.function.SqmFunctionRegistry   : Registered SqmFunctionTemplate [NamedSqmFunctionTemplate(regr_avgy)] under regr_avgy; prior registration was null
2024-12-15T14:04:01.806-03:00 DEBUG 25938 --- [tienda-ms-pedidos] [           main] o.h.q.sqm.function.SqmFunctionRegistry   : Registered SqmFunctionTemplate [NamedSqmFunctionTemplate(regr_count)] under regr_count; prior registration was null
2024-12-15T14:04:01.806-03:00 DEBUG 25938 --- [tienda-ms-pedidos] [           main] o.h.q.sqm.function.SqmFunctionRegistry   : Registered SqmFunctionTemplate [NamedSqmFunctionTemplate(regr_intercept)] under regr_intercept; prior registration was null
2024-12-15T14:04:01.806-03:00 DEBUG 25938 --- [tienda-ms-pedidos] [           main] o.h.q.sqm.function.SqmFunctionRegistry   : Registered SqmFunctionTemplate [NamedSqmFunctionTemplate(regr_r2)] under regr_r2; prior registration was null
2024-12-15T14:04:01.806-03:00 DEBUG 25938 --- [tienda-ms-pedidos] [           main] o.h.q.sqm.function.SqmFunctionRegistry   : Registered SqmFunctionTemplate [NamedSqmFunctionTemplate(regr_slope)] under regr_slope; prior registration was null
2024-12-15T14:04:01.806-03:00 DEBUG 25938 --- [tienda-ms-pedidos] [           main] o.h.q.sqm.function.SqmFunctionRegistry   : Registered SqmFunctionTemplate [NamedSqmFunctionTemplate(regr_sxx)] under regr_sxx; prior registration was null
2024-12-15T14:04:01.806-03:00 DEBUG 25938 --- [tienda-ms-pedidos] [           main] o.h.q.sqm.function.SqmFunctionRegistry   : Registered SqmFunctionTemplate [NamedSqmFunctionTemplate(regr_sxy)] under regr_sxy; prior registration was null
2024-12-15T14:04:01.807-03:00 DEBUG 25938 --- [tienda-ms-pedidos] [           main] o.h.q.sqm.function.SqmFunctionRegistry   : Registered SqmFunctionTemplate [NamedSqmFunctionTemplate(regr_syy)] under regr_syy; prior registration was null
2024-12-15T14:04:01.807-03:00 DEBUG 25938 --- [tienda-ms-pedidos] [           main] o.h.q.sqm.function.SqmFunctionRegistry   : Registered SqmFunctionTemplate [org.hibernate.dialect.function.LengthFunction@711fb87c] under character_length; prior registration was NamedSqmFunctionTemplate(character_length)
2024-12-15T14:04:01.807-03:00 DEBUG 25938 --- [tienda-ms-pedidos] [           main] o.h.q.sqm.function.SqmFunctionRegistry   : Registering alternate key : length -> character_length
2024-12-15T14:04:01.807-03:00 DEBUG 25938 --- [tienda-ms-pedidos] [           main] o.h.q.sqm.function.SqmFunctionRegistry   : Registered SqmFunctionTemplate [org.hibernate.dialect.function.LengthFunction@5d4d5ac0] under octet_length; prior registration was null
2024-12-15T14:04:01.807-03:00 DEBUG 25938 --- [tienda-ms-pedidos] [           main] o.h.q.sqm.function.SqmFunctionRegistry   : Registered SqmFunctionTemplate [org.hibernate.dialect.function.LengthFunction@57751ad] under bit_length; prior registration was null
2024-12-15T14:04:01.807-03:00 DEBUG 25938 --- [tienda-ms-pedidos] [           main] o.h.q.sqm.function.SqmFunctionRegistry   : Registered SqmFunctionTemplate [NamedSqmFunctionTemplate(coalesce)] under coalesce; prior registration was NamedSqmFunctionTemplate(coalesce)
2024-12-15T14:04:01.807-03:00 DEBUG 25938 --- [tienda-ms-pedidos] [           main] o.h.q.sqm.function.SqmFunctionRegistry   : Registered SqmFunctionTemplate [org.hibernate.query.sqm.function.PatternBasedSqmFunctionDescriptor@23c13ac7] under bitor; prior registration was null
2024-12-15T14:04:01.807-03:00 DEBUG 25938 --- [tienda-ms-pedidos] [           main] o.h.q.sqm.function.SqmFunctionRegistry   : Registered SqmFunctionTemplate [org.hibernate.query.sqm.function.PatternBasedSqmFunctionDescriptor@2f11ba9b] under bitxor; prior registration was null
2024-12-15T14:04:01.807-03:00 DEBUG 25938 --- [tienda-ms-pedidos] [           main] o.h.q.sqm.function.SqmFunctionRegistry   : Registered SqmFunctionTemplate [org.hibernate.query.sqm.function.MultipatternSqmFunctionDescriptor@183d7ee3] under locate; prior registration was NamedSqmFunctionTemplate(locate)
2024-12-15T14:04:01.807-03:00 DEBUG 25938 --- [tienda-ms-pedidos] [           main] o.h.q.sqm.function.SqmFunctionRegistry   : Registered SqmFunctionTemplate [org.hibernate.dialect.function.ListaggFunction@2778ae70] under listagg; prior registration was null
2024-12-15T14:04:01.807-03:00 DEBUG 25938 --- [tienda-ms-pedidos] [           main] o.h.q.sqm.function.SqmFunctionRegistry   : Registered SqmFunctionTemplate [NamedSqmFunctionTemplate(row_number)] under row_number; prior registration was null
2024-12-15T14:04:01.807-03:00 DEBUG 25938 --- [tienda-ms-pedidos] [           main] o.h.q.sqm.function.SqmFunctionRegistry   : Registered SqmFunctionTemplate [NamedSqmFunctionTemplate(lag)] under lag; prior registration was null
2024-12-15T14:04:01.807-03:00 DEBUG 25938 --- [tienda-ms-pedidos] [           main] o.h.q.sqm.function.SqmFunctionRegistry   : Registered SqmFunctionTemplate [NamedSqmFunctionTemplate(lead)] under lead; prior registration was null
2024-12-15T14:04:01.807-03:00 DEBUG 25938 --- [tienda-ms-pedidos] [           main] o.h.q.sqm.function.SqmFunctionRegistry   : Registered SqmFunctionTemplate [NamedSqmFunctionTemplate(first_value)] under first_value; prior registration was null
2024-12-15T14:04:01.807-03:00 DEBUG 25938 --- [tienda-ms-pedidos] [           main] o.h.q.sqm.function.SqmFunctionRegistry   : Registered SqmFunctionTemplate [NamedSqmFunctionTemplate(last_value)] under last_value; prior registration was null
2024-12-15T14:04:01.807-03:00 DEBUG 25938 --- [tienda-ms-pedidos] [           main] o.h.q.sqm.function.SqmFunctionRegistry   : Registered SqmFunctionTemplate [NamedSqmFunctionTemplate(nth_value)] under nth_value; prior registration was null
2024-12-15T14:04:01.807-03:00 DEBUG 25938 --- [tienda-ms-pedidos] [           main] o.h.q.sqm.function.SqmFunctionRegistry   : Registered SqmFunctionTemplate [org.hibernate.dialect.function.HypotheticalSetFunction@d45bf5a] under rank; prior registration was null
2024-12-15T14:04:01.807-03:00 DEBUG 25938 --- [tienda-ms-pedidos] [           main] o.h.q.sqm.function.SqmFunctionRegistry   : Registered SqmFunctionTemplate [org.hibernate.dialect.function.HypotheticalSetFunction@2f22190b] under dense_rank; prior registration was null
2024-12-15T14:04:01.807-03:00 DEBUG 25938 --- [tienda-ms-pedidos] [           main] o.h.q.sqm.function.SqmFunctionRegistry   : Registered SqmFunctionTemplate [org.hibernate.dialect.function.HypotheticalSetFunction@5c9ba06a] under percent_rank; prior registration was null
2024-12-15T14:04:01.807-03:00 DEBUG 25938 --- [tienda-ms-pedidos] [           main] o.h.q.sqm.function.SqmFunctionRegistry   : Registered SqmFunctionTemplate [org.hibernate.dialect.function.HypotheticalSetFunction@3e729ea7] under cume_dist; prior registration was null
2024-12-15T14:04:01.807-03:00 DEBUG 25938 --- [tienda-ms-pedidos] [           main] o.h.q.sqm.function.SqmFunctionRegistry   : Registered SqmFunctionTemplate [org.hibernate.dialect.function.InverseDistributionFunction@1eed495c] under mode; prior registration was null
2024-12-15T14:04:01.807-03:00 DEBUG 25938 --- [tienda-ms-pedidos] [           main] o.h.q.sqm.function.SqmFunctionRegistry   : Registered SqmFunctionTemplate [org.hibernate.dialect.function.InverseDistributionFunction@21b8e1cb] under percentile_cont; prior registration was null
2024-12-15T14:04:01.807-03:00 DEBUG 25938 --- [tienda-ms-pedidos] [           main] o.h.q.sqm.function.SqmFunctionRegistry   : Registered SqmFunctionTemplate [org.hibernate.dialect.function.InverseDistributionFunction@20219d66] under percentile_disc; prior registration was null
2024-12-15T14:04:01.807-03:00 DEBUG 25938 --- [tienda-ms-pedidos] [           main] o.h.q.sqm.function.SqmFunctionRegistry   : Registered SqmFunctionTemplate [org.hibernate.dialect.function.ModeStatsModeEmulation@a0ca863] under mode; prior registration was org.hibernate.dialect.function.InverseDistributionFunction@1eed495c
2024-12-15T14:04:01.807-03:00 DEBUG 25938 --- [tienda-ms-pedidos] [           main] o.h.q.sqm.function.SqmFunctionRegistry   : Registered SqmFunctionTemplate [org.hibernate.dialect.function.OracleTruncFunction@7edfa7d7] under trunc; prior registration was null
2024-12-15T14:04:01.807-03:00 DEBUG 25938 --- [tienda-ms-pedidos] [           main] o.h.q.sqm.function.SqmFunctionRegistry   : Registering alternate key : truncate -> trunc
2024-12-15T14:04:01.807-03:00 DEBUG 25938 --- [tienda-ms-pedidos] [           main] o.h.q.sqm.function.SqmFunctionRegistry   : Registered SqmFunctionTemplate [org.hibernate.dialect.function.array.OracleArrayConstructorFunction@180fa77e] under array; prior registration was null
2024-12-15T14:04:01.807-03:00 DEBUG 25938 --- [tienda-ms-pedidos] [           main] o.h.q.sqm.function.SqmFunctionRegistry   : Registered SqmFunctionTemplate [org.hibernate.dialect.function.array.OracleArrayConstructorFunction@3469c3b4] under array_list; prior registration was null
2024-12-15T14:04:01.807-03:00 DEBUG 25938 --- [tienda-ms-pedidos] [           main] o.h.q.sqm.function.SqmFunctionRegistry   : Registered SqmFunctionTemplate [org.hibernate.dialect.function.array.OracleArrayAggEmulation@5b492aea] under array_agg; prior registration was null
2024-12-15T14:04:01.807-03:00 DEBUG 25938 --- [tienda-ms-pedidos] [           main] o.h.q.sqm.function.SqmFunctionRegistry   : Registered SqmFunctionTemplate [org.hibernate.dialect.function.array.OracleArrayPositionFunction@582bcf4b] under array_position; prior registration was null
2024-12-15T14:04:01.807-03:00 DEBUG 25938 --- [tienda-ms-pedidos] [           main] o.h.q.sqm.function.SqmFunctionRegistry   : Registered SqmFunctionTemplate [org.hibernate.dialect.function.array.OracleArrayPositionsFunction@47f4b71f] under array_positions; prior registration was null
2024-12-15T14:04:01.807-03:00 DEBUG 25938 --- [tienda-ms-pedidos] [           main] o.h.q.sqm.function.SqmFunctionRegistry   : Registered SqmFunctionTemplate [org.hibernate.dialect.function.array.OracleArrayPositionsFunction@5578cb71] under array_positions_list; prior registration was null
2024-12-15T14:04:01.807-03:00 DEBUG 25938 --- [tienda-ms-pedidos] [           main] o.h.q.sqm.function.SqmFunctionRegistry   : Registered SqmFunctionTemplate [org.hibernate.dialect.function.array.OracleArrayLengthFunction@532f0702] under array_length; prior registration was null
2024-12-15T14:04:01.807-03:00 DEBUG 25938 --- [tienda-ms-pedidos] [           main] o.h.q.sqm.function.SqmFunctionRegistry   : Registered SqmFunctionTemplate [org.hibernate.dialect.function.DynamicDispatchFunction@3b86d39f] under length; prior registration was null
2024-12-15T14:04:01.807-03:00 DEBUG 25938 --- [tienda-ms-pedidos] [           main] o.h.q.sqm.function.SqmFunctionRegistry   : Registered SqmFunctionTemplate [org.hibernate.dialect.function.array.OracleArrayConcatFunction@59a8c7bf] under array_concat; prior registration was null
2024-12-15T14:04:01.807-03:00 DEBUG 25938 --- [tienda-ms-pedidos] [           main] o.h.q.sqm.function.SqmFunctionRegistry   : Registered SqmFunctionTemplate [org.hibernate.dialect.function.array.OracleArrayConcatElementFunction@4a18bcb8] under array_prepend; prior registration was null
2024-12-15T14:04:01.807-03:00 DEBUG 25938 --- [tienda-ms-pedidos] [           main] o.h.q.sqm.function.SqmFunctionRegistry   : Registered SqmFunctionTemplate [org.hibernate.dialect.function.array.OracleArrayConcatElementFunction@6124b5ee] under array_append; prior registration was null
2024-12-15T14:04:01.807-03:00 DEBUG 25938 --- [tienda-ms-pedidos] [           main] o.h.q.sqm.function.SqmFunctionRegistry   : Registered SqmFunctionTemplate [org.hibernate.dialect.function.array.OracleArrayContainsFunction@6cb3887e] under array_contains; prior registration was null
2024-12-15T14:04:01.807-03:00 DEBUG 25938 --- [tienda-ms-pedidos] [           main] o.h.q.sqm.function.SqmFunctionRegistry   : Registered SqmFunctionTemplate [org.hibernate.dialect.function.array.OracleArrayContainsFunction@73b93f68] under array_contains_nullable; prior registration was null
2024-12-15T14:04:01.807-03:00 DEBUG 25938 --- [tienda-ms-pedidos] [           main] o.h.q.sqm.function.SqmFunctionRegistry   : Registered SqmFunctionTemplate [org.hibernate.dialect.function.array.OracleArrayIncludesFunction@7ccbb0db] under array_includes; prior registration was null
2024-12-15T14:04:01.807-03:00 DEBUG 25938 --- [tienda-ms-pedidos] [           main] o.h.q.sqm.function.SqmFunctionRegistry   : Registered SqmFunctionTemplate [org.hibernate.dialect.function.array.OracleArrayIncludesFunction@3804e169] under array_includes_nullable; prior registration was null
2024-12-15T14:04:01.807-03:00 DEBUG 25938 --- [tienda-ms-pedidos] [           main] o.h.q.sqm.function.SqmFunctionRegistry   : Registered SqmFunctionTemplate [org.hibernate.dialect.function.array.OracleArrayIntersectsFunction@48847e6f] under array_intersects; prior registration was null
2024-12-15T14:04:01.807-03:00 DEBUG 25938 --- [tienda-ms-pedidos] [           main] o.h.q.sqm.function.SqmFunctionRegistry   : Registered SqmFunctionTemplate [org.hibernate.dialect.function.array.OracleArrayIntersectsFunction@727c5a68] under array_intersects_nullable; prior registration was null
2024-12-15T14:04:01.807-03:00 DEBUG 25938 --- [tienda-ms-pedidos] [           main] o.h.q.sqm.function.SqmFunctionRegistry   : Registering alternate key : array_overlaps -> array_intersects
2024-12-15T14:04:01.807-03:00 DEBUG 25938 --- [tienda-ms-pedidos] [           main] o.h.q.sqm.function.SqmFunctionRegistry   : Registering alternate key : array_overlaps_nullable -> array_intersects_nullable
2024-12-15T14:04:01.807-03:00 DEBUG 25938 --- [tienda-ms-pedidos] [           main] o.h.q.sqm.function.SqmFunctionRegistry   : Registered SqmFunctionTemplate [org.hibernate.dialect.function.array.OracleArrayGetFunction@53907194] under array_get; prior registration was null
2024-12-15T14:04:01.807-03:00 DEBUG 25938 --- [tienda-ms-pedidos] [           main] o.h.q.sqm.function.SqmFunctionRegistry   : Registered SqmFunctionTemplate [org.hibernate.dialect.function.array.OracleArraySetFunction@4c00cd26] under array_set; prior registration was null
2024-12-15T14:04:01.807-03:00 DEBUG 25938 --- [tienda-ms-pedidos] [           main] o.h.q.sqm.function.SqmFunctionRegistry   : Registered SqmFunctionTemplate [org.hibernate.dialect.function.array.OracleArrayRemoveFunction@279cb5cf] under array_remove; prior registration was null
2024-12-15T14:04:01.807-03:00 DEBUG 25938 --- [tienda-ms-pedidos] [           main] o.h.q.sqm.function.SqmFunctionRegistry   : Registered SqmFunctionTemplate [org.hibernate.dialect.function.array.OracleArrayRemoveIndexFunction@37a3144e] under array_remove_index; prior registration was null
2024-12-15T14:04:01.807-03:00 DEBUG 25938 --- [tienda-ms-pedidos] [           main] o.h.q.sqm.function.SqmFunctionRegistry   : Registered SqmFunctionTemplate [org.hibernate.dialect.function.array.OracleArraySliceFunction@67efdfff] under array_slice; prior registration was null
2024-12-15T14:04:01.807-03:00 DEBUG 25938 --- [tienda-ms-pedidos] [           main] o.h.q.sqm.function.SqmFunctionRegistry   : Registered SqmFunctionTemplate [org.hibernate.dialect.function.array.OracleArrayReplaceFunction@2dcc47d9] under array_replace; prior registration was null
2024-12-15T14:04:01.807-03:00 DEBUG 25938 --- [tienda-ms-pedidos] [           main] o.h.q.sqm.function.SqmFunctionRegistry   : Registered SqmFunctionTemplate [org.hibernate.dialect.function.array.OracleArrayTrimFunction@6fbcbd62] under array_trim; prior registration was null
2024-12-15T14:04:01.807-03:00 DEBUG 25938 --- [tienda-ms-pedidos] [           main] o.h.q.sqm.function.SqmFunctionRegistry   : Registered SqmFunctionTemplate [org.hibernate.dialect.function.array.OracleArrayFillFunction@4092d5bf] under array_fill; prior registration was null
2024-12-15T14:04:01.807-03:00 DEBUG 25938 --- [tienda-ms-pedidos] [           main] o.h.q.sqm.function.SqmFunctionRegistry   : Registered SqmFunctionTemplate [org.hibernate.dialect.function.array.OracleArrayFillFunction@599bea75] under array_fill_list; prior registration was null
2024-12-15T14:04:01.807-03:00 DEBUG 25938 --- [tienda-ms-pedidos] [           main] o.h.q.sqm.function.SqmFunctionRegistry   : Registered SqmFunctionTemplate [org.hibernate.dialect.function.array.OracleArrayToStringFunction@16269c10] under array_to_string; prior registration was null
2024-12-15T14:04:01.807-03:00 DEBUG 25938 --- [tienda-ms-pedidos] [           main] org.hibernate.HQL_FUNCTIONS              : abs(NUMERIC arg)
2024-12-15T14:04:01.807-03:00 DEBUG 25938 --- [tienda-ms-pedidos] [           main] org.hibernate.HQL_FUNCTIONS              : Double acos(NUMERIC arg)
2024-12-15T14:04:01.807-03:00 DEBUG 25938 --- [tienda-ms-pedidos] [           main] org.hibernate.HQL_FUNCTIONS              : add_months(DATE datetime, INTEGER months)
2024-12-15T14:04:01.807-03:00 DEBUG 25938 --- [tienda-ms-pedidos] [           main] org.hibernate.HQL_FUNCTIONS              : Boolean any(BOOLEAN arg)
2024-12-15T14:04:01.807-03:00 DEBUG 25938 --- [tienda-ms-pedidos] [           main] org.hibernate.HQL_FUNCTIONS              : array( ... )
2024-12-15T14:04:01.807-03:00 DEBUG 25938 --- [tienda-ms-pedidos] [           main] org.hibernate.HQL_FUNCTIONS              : array_agg(arg)
2024-12-15T14:04:01.807-03:00 DEBUG 25938 --- [tienda-ms-pedidos] [           main] org.hibernate.HQL_FUNCTIONS              : array_append( ... )
2024-12-15T14:04:01.807-03:00 DEBUG 25938 --- [tienda-ms-pedidos] [           main] org.hibernate.HQL_FUNCTIONS              : array_concat( ... )
2024-12-15T14:04:01.807-03:00 DEBUG 25938 --- [tienda-ms-pedidos] [           main] org.hibernate.HQL_FUNCTIONS              : Boolean array_contains(ARRAY haystackArray, OBJECT needleElementOrArray)
2024-12-15T14:04:01.807-03:00 DEBUG 25938 --- [tienda-ms-pedidos] [           main] org.hibernate.HQL_FUNCTIONS              : Boolean array_contains_nullable(ARRAY haystackArray, OBJECT needleElementOrArray)
2024-12-15T14:04:01.807-03:00 DEBUG 25938 --- [tienda-ms-pedidos] [           main] org.hibernate.HQL_FUNCTIONS              : array_fill(OBJECT element, INTEGER elementCount)
2024-12-15T14:04:01.807-03:00 DEBUG 25938 --- [tienda-ms-pedidos] [           main] org.hibernate.HQL_FUNCTIONS              : array_fill_list(OBJECT element, INTEGER elementCount)
2024-12-15T14:04:01.807-03:00 DEBUG 25938 --- [tienda-ms-pedidos] [           main] org.hibernate.HQL_FUNCTIONS              : array_get( ... )
2024-12-15T14:04:01.807-03:00 DEBUG 25938 --- [tienda-ms-pedidos] [           main] org.hibernate.HQL_FUNCTIONS              : Boolean array_includes(ARRAY haystackArray, OBJECT needleArray)
2024-12-15T14:04:01.807-03:00 DEBUG 25938 --- [tienda-ms-pedidos] [           main] org.hibernate.HQL_FUNCTIONS              : Boolean array_includes_nullable(ARRAY haystackArray, OBJECT needleArray)
2024-12-15T14:04:01.807-03:00 DEBUG 25938 --- [tienda-ms-pedidos] [           main] org.hibernate.HQL_FUNCTIONS              : Boolean array_intersects(ARRAY array0, OBJECT array1)
2024-12-15T14:04:01.807-03:00 DEBUG 25938 --- [tienda-ms-pedidos] [           main] org.hibernate.HQL_FUNCTIONS              : Boolean array_intersects_nullable(ARRAY array0, OBJECT array1)
2024-12-15T14:04:01.807-03:00 DEBUG 25938 --- [tienda-ms-pedidos] [           main] org.hibernate.HQL_FUNCTIONS              : Integer array_length(ARRAY array)
2024-12-15T14:04:01.807-03:00 DEBUG 25938 --- [tienda-ms-pedidos] [           main] org.hibernate.HQL_FUNCTIONS              : array_list( ... )
2024-12-15T14:04:01.807-03:00 DEBUG 25938 --- [tienda-ms-pedidos] [           main] org.hibernate.HQL_FUNCTIONS              : Boolean array_overlaps(ARRAY array0, OBJECT array1)
2024-12-15T14:04:01.807-03:00 DEBUG 25938 --- [tienda-ms-pedidos] [           main] org.hibernate.HQL_FUNCTIONS              : Boolean array_overlaps_nullable(ARRAY array0, OBJECT array1)
2024-12-15T14:04:01.807-03:00 DEBUG 25938 --- [tienda-ms-pedidos] [           main] org.hibernate.HQL_FUNCTIONS              : Integer array_position(ARRAY array, OBJECT element[, INTEGER startPosition])
2024-12-15T14:04:01.807-03:00 DEBUG 25938 --- [tienda-ms-pedidos] [           main] org.hibernate.HQL_FUNCTIONS              : int[] array_positions(ARRAY array, OBJECT element)
2024-12-15T14:04:01.807-03:00 DEBUG 25938 --- [tienda-ms-pedidos] [           main] org.hibernate.HQL_FUNCTIONS              : List array_positions_list(ARRAY array, OBJECT element)
2024-12-15T14:04:01.807-03:00 DEBUG 25938 --- [tienda-ms-pedidos] [           main] org.hibernate.HQL_FUNCTIONS              : array_prepend( ... )
2024-12-15T14:04:01.807-03:00 DEBUG 25938 --- [tienda-ms-pedidos] [           main] org.hibernate.HQL_FUNCTIONS              : array_remove( ... )
2024-12-15T14:04:01.807-03:00 DEBUG 25938 --- [tienda-ms-pedidos] [           main] org.hibernate.HQL_FUNCTIONS              : array_remove_index( ... )
2024-12-15T14:04:01.807-03:00 DEBUG 25938 --- [tienda-ms-pedidos] [           main] org.hibernate.HQL_FUNCTIONS              : array_replace( ... )
2024-12-15T14:04:01.807-03:00 DEBUG 25938 --- [tienda-ms-pedidos] [           main] org.hibernate.HQL_FUNCTIONS              : array_set( ... )
2024-12-15T14:04:01.807-03:00 DEBUG 25938 --- [tienda-ms-pedidos] [           main] org.hibernate.HQL_FUNCTIONS              : array_slice( ... )
2024-12-15T14:04:01.807-03:00 DEBUG 25938 --- [tienda-ms-pedidos] [           main] org.hibernate.HQL_FUNCTIONS              : String array_to_string( ... )
2024-12-15T14:04:01.807-03:00 DEBUG 25938 --- [tienda-ms-pedidos] [           main] org.hibernate.HQL_FUNCTIONS              : array_trim( ... )
2024-12-15T14:04:01.808-03:00 DEBUG 25938 --- [tienda-ms-pedidos] [           main] org.hibernate.HQL_FUNCTIONS              : Integer ascii(STRING arg)
2024-12-15T14:04:01.808-03:00 DEBUG 25938 --- [tienda-ms-pedidos] [           main] org.hibernate.HQL_FUNCTIONS              : Double asin(NUMERIC arg)
2024-12-15T14:04:01.808-03:00 DEBUG 25938 --- [tienda-ms-pedidos] [           main] org.hibernate.HQL_FUNCTIONS              : Double atan(NUMERIC arg)
2024-12-15T14:04:01.808-03:00 DEBUG 25938 --- [tienda-ms-pedidos] [           main] org.hibernate.HQL_FUNCTIONS              : Double atan2(NUMERIC arg0, NUMERIC arg1)
2024-12-15T14:04:01.808-03:00 DEBUG 25938 --- [tienda-ms-pedidos] [           main] org.hibernate.HQL_FUNCTIONS              : avg(arg)
2024-12-15T14:04:01.808-03:00 DEBUG 25938 --- [tienda-ms-pedidos] [           main] org.hibernate.HQL_FUNCTIONS              : Integer bit_length(STRING_OR_CLOB arg)
2024-12-15T14:04:01.808-03:00 DEBUG 25938 --- [tienda-ms-pedidos] [           main] org.hibernate.HQL_FUNCTIONS              : bitand(arg0, arg1)
2024-12-15T14:04:01.808-03:00 DEBUG 25938 --- [tienda-ms-pedidos] [           main] org.hibernate.HQL_FUNCTIONS              : bitor(arg0, arg1)
2024-12-15T14:04:01.808-03:00 DEBUG 25938 --- [tienda-ms-pedidos] [           main] org.hibernate.HQL_FUNCTIONS              : bitxor(arg0, arg1)
2024-12-15T14:04:01.808-03:00 DEBUG 25938 --- [tienda-ms-pedidos] [           main] org.hibernate.HQL_FUNCTIONS              : cast(arg as Type)
2024-12-15T14:04:01.808-03:00 DEBUG 25938 --- [tienda-ms-pedidos] [           main] org.hibernate.HQL_FUNCTIONS              : ceil(NUMERIC arg)
2024-12-15T14:04:01.808-03:00 DEBUG 25938 --- [tienda-ms-pedidos] [           main] org.hibernate.HQL_FUNCTIONS              : ceiling(NUMERIC arg)
2024-12-15T14:04:01.808-03:00 DEBUG 25938 --- [tienda-ms-pedidos] [           main] org.hibernate.HQL_FUNCTIONS              : Character char(INTEGER arg)
2024-12-15T14:04:01.808-03:00 DEBUG 25938 --- [tienda-ms-pedidos] [           main] org.hibernate.HQL_FUNCTIONS              : Integer character_length(STRING_OR_CLOB arg)
2024-12-15T14:04:01.808-03:00 DEBUG 25938 --- [tienda-ms-pedidos] [           main] org.hibernate.HQL_FUNCTIONS              : Character chr(INTEGER arg)
2024-12-15T14:04:01.808-03:00 DEBUG 25938 --- [tienda-ms-pedidos] [           main] org.hibernate.HQL_FUNCTIONS              : coalesce(arg0[, arg1[, ...]])
2024-12-15T14:04:01.808-03:00 DEBUG 25938 --- [tienda-ms-pedidos] [           main] org.hibernate.HQL_FUNCTIONS              : String collate(STRING string as COLLATION collation)
2024-12-15T14:04:01.808-03:00 DEBUG 25938 --- [tienda-ms-pedidos] [           main] org.hibernate.HQL_FUNCTIONS              : String concat(STRING string0[, STRING string1[, ...]])
2024-12-15T14:04:01.808-03:00 DEBUG 25938 --- [tienda-ms-pedidos] [           main] org.hibernate.HQL_FUNCTIONS              : Double corr(NUMERIC arg0, NUMERIC arg1)
2024-12-15T14:04:01.808-03:00 DEBUG 25938 --- [tienda-ms-pedidos] [           main] org.hibernate.HQL_FUNCTIONS              : Double cos(NUMERIC arg)
2024-12-15T14:04:01.808-03:00 DEBUG 25938 --- [tienda-ms-pedidos] [           main] org.hibernate.HQL_FUNCTIONS              : Double cosh(NUMERIC arg)
2024-12-15T14:04:01.808-03:00 DEBUG 25938 --- [tienda-ms-pedidos] [           main] org.hibernate.HQL_FUNCTIONS              : Long count([distinct ]{arg|*})
2024-12-15T14:04:01.808-03:00 DEBUG 25938 --- [tienda-ms-pedidos] [           main] org.hibernate.HQL_FUNCTIONS              : Double covar_pop(NUMERIC arg0, NUMERIC arg1)
2024-12-15T14:04:01.808-03:00 DEBUG 25938 --- [tienda-ms-pedidos] [           main] org.hibernate.HQL_FUNCTIONS              : Double covar_samp(NUMERIC arg0, NUMERIC arg1)
2024-12-15T14:04:01.808-03:00 DEBUG 25938 --- [tienda-ms-pedidos] [           main] org.hibernate.HQL_FUNCTIONS              : Double cume_dist([arg0[, ...]])
2024-12-15T14:04:01.808-03:00 DEBUG 25938 --- [tienda-ms-pedidos] [           main] org.hibernate.HQL_FUNCTIONS              : Date current date
2024-12-15T14:04:01.808-03:00 DEBUG 25938 --- [tienda-ms-pedidos] [           main] org.hibernate.HQL_FUNCTIONS              : Time current time
2024-12-15T14:04:01.808-03:00 DEBUG 25938 --- [tienda-ms-pedidos] [           main] org.hibernate.HQL_FUNCTIONS              : Timestamp current timestamp
2024-12-15T14:04:01.808-03:00 DEBUG 25938 --- [tienda-ms-pedidos] [           main] org.hibernate.HQL_FUNCTIONS              : Date current_date
2024-12-15T14:04:01.808-03:00 DEBUG 25938 --- [tienda-ms-pedidos] [           main] org.hibernate.HQL_FUNCTIONS              : Instant current_instant
2024-12-15T14:04:01.808-03:00 DEBUG 25938 --- [tienda-ms-pedidos] [           main] org.hibernate.HQL_FUNCTIONS              : Time current_time
2024-12-15T14:04:01.808-03:00 DEBUG 25938 --- [tienda-ms-pedidos] [           main] org.hibernate.HQL_FUNCTIONS              : Timestamp current_timestamp
2024-12-15T14:04:01.808-03:00 DEBUG 25938 --- [tienda-ms-pedidos] [           main] org.hibernate.HQL_FUNCTIONS              : dateadd(TEMPORAL_UNIT field, INTEGER magnitude, TEMPORAL datetime)
2024-12-15T14:04:01.808-03:00 DEBUG 25938 --- [tienda-ms-pedidos] [           main] org.hibernate.HQL_FUNCTIONS              : Long|Double datediff(TEMPORAL_UNIT field, TEMPORAL start, TEMPORAL end)
2024-12-15T14:04:01.808-03:00 DEBUG 25938 --- [tienda-ms-pedidos] [           main] org.hibernate.HQL_FUNCTIONS              : Double degrees(NUMERIC arg)
2024-12-15T14:04:01.808-03:00 DEBUG 25938 --- [tienda-ms-pedidos] [           main] org.hibernate.HQL_FUNCTIONS              : Long dense_rank([arg0[, ...]])
2024-12-15T14:04:01.808-03:00 DEBUG 25938 --- [tienda-ms-pedidos] [           main] org.hibernate.HQL_FUNCTIONS              : Boolean every(BOOLEAN arg)
2024-12-15T14:04:01.808-03:00 DEBUG 25938 --- [tienda-ms-pedidos] [           main] org.hibernate.HQL_FUNCTIONS              : Double exp(NUMERIC arg)
2024-12-15T14:04:01.808-03:00 DEBUG 25938 --- [tienda-ms-pedidos] [           main] org.hibernate.HQL_FUNCTIONS              : extract(TEMPORAL_UNIT field from TEMPORAL arg)
2024-12-15T14:04:01.808-03:00 DEBUG 25938 --- [tienda-ms-pedidos] [           main] org.hibernate.HQL_FUNCTIONS              : first_valueANY value
2024-12-15T14:04:01.808-03:00 DEBUG 25938 --- [tienda-ms-pedidos] [           main] org.hibernate.HQL_FUNCTIONS              : floor(NUMERIC arg)
2024-12-15T14:04:01.808-03:00 DEBUG 25938 --- [tienda-ms-pedidos] [           main] org.hibernate.HQL_FUNCTIONS              : String format(TEMPORAL datetime as STRING pattern)
2024-12-15T14:04:01.808-03:00 DEBUG 25938 --- [tienda-ms-pedidos] [           main] org.hibernate.HQL_FUNCTIONS              : greatest(COMPARABLE arg0, COMPARABLE arg1[, arg2[, ...]])
2024-12-15T14:04:01.808-03:00 DEBUG 25938 --- [tienda-ms-pedidos] [           main] org.hibernate.HQL_FUNCTIONS              : ifnull(arg0, arg1)
2024-12-15T14:04:01.808-03:00 DEBUG 25938 --- [tienda-ms-pedidos] [           main] org.hibernate.HQL_FUNCTIONS              : String initcap(arg)
2024-12-15T14:04:01.808-03:00 DEBUG 25938 --- [tienda-ms-pedidos] [           main] org.hibernate.HQL_FUNCTIONS              : Instant instant
2024-12-15T14:04:01.808-03:00 DEBUG 25938 --- [tienda-ms-pedidos] [           main] org.hibernate.HQL_FUNCTIONS              : Integer instr(STRING string, STRING pattern[, INTEGER start[, INTEGER occurrence]])
2024-12-15T14:04:01.808-03:00 DEBUG 25938 --- [tienda-ms-pedidos] [           main] org.hibernate.HQL_FUNCTIONS              : lagANY value[, INTEGER offset[, ANY default]]
2024-12-15T14:04:01.808-03:00 DEBUG 25938 --- [tienda-ms-pedidos] [           main] org.hibernate.HQL_FUNCTIONS              : Date last_day(DATE arg)
2024-12-15T14:04:01.808-03:00 DEBUG 25938 --- [tienda-ms-pedidos] [           main] org.hibernate.HQL_FUNCTIONS              : last_valueANY value
2024-12-15T14:04:01.808-03:00 DEBUG 25938 --- [tienda-ms-pedidos] [           main] org.hibernate.HQL_FUNCTIONS              : leadANY value[, INTEGER offset[, ANY default]]
2024-12-15T14:04:01.808-03:00 DEBUG 25938 --- [tienda-ms-pedidos] [           main] org.hibernate.HQL_FUNCTIONS              : least(COMPARABLE arg0, COMPARABLE arg1[, arg2[, ...]])
2024-12-15T14:04:01.808-03:00 DEBUG 25938 --- [tienda-ms-pedidos] [           main] org.hibernate.HQL_FUNCTIONS              : String left(STRING string, INTEGER length)
2024-12-15T14:04:01.808-03:00 DEBUG 25938 --- [tienda-ms-pedidos] [           main] org.hibernate.HQL_FUNCTIONS              : length
2024-12-15T14:04:01.808-03:00 DEBUG 25938 --- [tienda-ms-pedidos] [           main] org.hibernate.HQL_FUNCTIONS              : String listagg(STRING arg0, STRING arg1)
2024-12-15T14:04:01.808-03:00 DEBUG 25938 --- [tienda-ms-pedidos] [           main] org.hibernate.HQL_FUNCTIONS              : Double ln(NUMERIC arg)
2024-12-15T14:04:01.808-03:00 DEBUG 25938 --- [tienda-ms-pedidos] [           main] org.hibernate.HQL_FUNCTIONS              : LocalDate local date
2024-12-15T14:04:01.808-03:00 DEBUG 25938 --- [tienda-ms-pedidos] [           main] org.hibernate.HQL_FUNCTIONS              : LocalDateTime local datetime
2024-12-15T14:04:01.808-03:00 DEBUG 25938 --- [tienda-ms-pedidos] [           main] org.hibernate.HQL_FUNCTIONS              : LocalTime local time
2024-12-15T14:04:01.808-03:00 DEBUG 25938 --- [tienda-ms-pedidos] [           main] org.hibernate.HQL_FUNCTIONS              : LocalDate local_date
2024-12-15T14:04:01.808-03:00 DEBUG 25938 --- [tienda-ms-pedidos] [           main] org.hibernate.HQL_FUNCTIONS              : LocalDateTime local_datetime
2024-12-15T14:04:01.808-03:00 DEBUG 25938 --- [tienda-ms-pedidos] [           main] org.hibernate.HQL_FUNCTIONS              : LocalTime local_time
2024-12-15T14:04:01.808-03:00 DEBUG 25938 --- [tienda-ms-pedidos] [           main] org.hibernate.HQL_FUNCTIONS              : Integer locate(pattern, string[, start])
2024-12-15T14:04:01.808-03:00 DEBUG 25938 --- [tienda-ms-pedidos] [           main] org.hibernate.HQL_FUNCTIONS              : Double log(NUMERIC arg0[, NUMERIC arg1])
2024-12-15T14:04:01.808-03:00 DEBUG 25938 --- [tienda-ms-pedidos] [           main] org.hibernate.HQL_FUNCTIONS              : Double log10(NUMERIC arg)
2024-12-15T14:04:01.808-03:00 DEBUG 25938 --- [tienda-ms-pedidos] [           main] org.hibernate.HQL_FUNCTIONS              : String lower(STRING string)
2024-12-15T14:04:01.808-03:00 DEBUG 25938 --- [tienda-ms-pedidos] [           main] org.hibernate.HQL_FUNCTIONS              : String lpad(STRING string, INTEGER length[, STRING padding])
2024-12-15T14:04:01.808-03:00 DEBUG 25938 --- [tienda-ms-pedidos] [           main] org.hibernate.HQL_FUNCTIONS              : String ltrim(STRING string[, STRING characters])
2024-12-15T14:04:01.808-03:00 DEBUG 25938 --- [tienda-ms-pedidos] [           main] org.hibernate.HQL_FUNCTIONS              : max(COMPARABLE arg)
2024-12-15T14:04:01.808-03:00 DEBUG 25938 --- [tienda-ms-pedidos] [           main] org.hibernate.HQL_FUNCTIONS              : Double median(NUMERIC arg)
2024-12-15T14:04:01.808-03:00 DEBUG 25938 --- [tienda-ms-pedidos] [           main] org.hibernate.HQL_FUNCTIONS              : min(COMPARABLE arg)
2024-12-15T14:04:01.808-03:00 DEBUG 25938 --- [tienda-ms-pedidos] [           main] org.hibernate.HQL_FUNCTIONS              : Integer mod(INTEGER arg0, INTEGER arg1)
2024-12-15T14:04:01.808-03:00 DEBUG 25938 --- [tienda-ms-pedidos] [           main] org.hibernate.HQL_FUNCTIONS              : mode()
2024-12-15T14:04:01.808-03:00 DEBUG 25938 --- [tienda-ms-pedidos] [           main] org.hibernate.HQL_FUNCTIONS              : Integer months_between(DATE end, DATE start)
2024-12-15T14:04:01.808-03:00 DEBUG 25938 --- [tienda-ms-pedidos] [           main] org.hibernate.HQL_FUNCTIONS              : nth_valueANY value, INTEGER nth
2024-12-15T14:04:01.808-03:00 DEBUG 25938 --- [tienda-ms-pedidos] [           main] org.hibernate.HQL_FUNCTIONS              : nullif(arg0, arg1)
2024-12-15T14:04:01.808-03:00 DEBUG 25938 --- [tienda-ms-pedidos] [           main] org.hibernate.HQL_FUNCTIONS              : Integer octet_length(STRING_OR_CLOB arg)
2024-12-15T14:04:01.808-03:00 DEBUG 25938 --- [tienda-ms-pedidos] [           main] org.hibernate.HQL_FUNCTIONS              : OffsetDateTime offset datetime
2024-12-15T14:04:01.808-03:00 DEBUG 25938 --- [tienda-ms-pedidos] [           main] org.hibernate.HQL_FUNCTIONS              : OffsetDateTime offset_datetime
2024-12-15T14:04:01.808-03:00 DEBUG 25938 --- [tienda-ms-pedidos] [           main] org.hibernate.HQL_FUNCTIONS              : String overlay(STRING string placing STRING replacement from INTEGER start[ for INTEGER length])
2024-12-15T14:04:01.808-03:00 DEBUG 25938 --- [tienda-ms-pedidos] [           main] org.hibernate.HQL_FUNCTIONS              : String pad(STRING string with INTEGER length {leading|trailing}[ STRING character])
2024-12-15T14:04:01.808-03:00 DEBUG 25938 --- [tienda-ms-pedidos] [           main] org.hibernate.HQL_FUNCTIONS              : Double percent_rank([arg0[, ...]])
2024-12-15T14:04:01.808-03:00 DEBUG 25938 --- [tienda-ms-pedidos] [           main] org.hibernate.HQL_FUNCTIONS              : percentile_cont(NUMERIC arg)
2024-12-15T14:04:01.808-03:00 DEBUG 25938 --- [tienda-ms-pedidos] [           main] org.hibernate.HQL_FUNCTIONS              : percentile_disc(NUMERIC arg)
2024-12-15T14:04:01.808-03:00 DEBUG 25938 --- [tienda-ms-pedidos] [           main] org.hibernate.HQL_FUNCTIONS              : Double pi
2024-12-15T14:04:01.808-03:00 DEBUG 25938 --- [tienda-ms-pedidos] [           main] org.hibernate.HQL_FUNCTIONS              : Integer position(STRING pattern in STRING string)
2024-12-15T14:04:01.808-03:00 DEBUG 25938 --- [tienda-ms-pedidos] [           main] org.hibernate.HQL_FUNCTIONS              : Double power(NUMERIC arg0, NUMERIC arg1)
2024-12-15T14:04:01.808-03:00 DEBUG 25938 --- [tienda-ms-pedidos] [           main] org.hibernate.HQL_FUNCTIONS              : Double radians(NUMERIC arg)
2024-12-15T14:04:01.808-03:00 DEBUG 25938 --- [tienda-ms-pedidos] [           main] org.hibernate.HQL_FUNCTIONS              : Long rank([arg0[, ...]])
2024-12-15T14:04:01.808-03:00 DEBUG 25938 --- [tienda-ms-pedidos] [           main] org.hibernate.HQL_FUNCTIONS              : Double regr_avgx(NUMERIC arg0, NUMERIC arg1)
2024-12-15T14:04:01.808-03:00 DEBUG 25938 --- [tienda-ms-pedidos] [           main] org.hibernate.HQL_FUNCTIONS              : Double regr_avgy(NUMERIC arg0, NUMERIC arg1)
2024-12-15T14:04:01.808-03:00 DEBUG 25938 --- [tienda-ms-pedidos] [           main] org.hibernate.HQL_FUNCTIONS              : Double regr_count(NUMERIC arg0, NUMERIC arg1)
2024-12-15T14:04:01.808-03:00 DEBUG 25938 --- [tienda-ms-pedidos] [           main] org.hibernate.HQL_FUNCTIONS              : Double regr_intercept(NUMERIC arg0, NUMERIC arg1)
2024-12-15T14:04:01.808-03:00 DEBUG 25938 --- [tienda-ms-pedidos] [           main] org.hibernate.HQL_FUNCTIONS              : Double regr_r2(NUMERIC arg0, NUMERIC arg1)
2024-12-15T14:04:01.808-03:00 DEBUG 25938 --- [tienda-ms-pedidos] [           main] org.hibernate.HQL_FUNCTIONS              : Double regr_slope(NUMERIC arg0, NUMERIC arg1)
2024-12-15T14:04:01.808-03:00 DEBUG 25938 --- [tienda-ms-pedidos] [           main] org.hibernate.HQL_FUNCTIONS              : Double regr_sxx(NUMERIC arg0, NUMERIC arg1)
2024-12-15T14:04:01.808-03:00 DEBUG 25938 --- [tienda-ms-pedidos] [           main] org.hibernate.HQL_FUNCTIONS              : Double regr_sxy(NUMERIC arg0, NUMERIC arg1)
2024-12-15T14:04:01.809-03:00 DEBUG 25938 --- [tienda-ms-pedidos] [           main] org.hibernate.HQL_FUNCTIONS              : Double regr_syy(NUMERIC arg0, NUMERIC arg1)
2024-12-15T14:04:01.809-03:00 DEBUG 25938 --- [tienda-ms-pedidos] [           main] org.hibernate.HQL_FUNCTIONS              : String repeat(STRING string, INTEGER times)
2024-12-15T14:04:01.809-03:00 DEBUG 25938 --- [tienda-ms-pedidos] [           main] org.hibernate.HQL_FUNCTIONS              : String replace(STRING string, STRING pattern, STRING replacement)
2024-12-15T14:04:01.809-03:00 DEBUG 25938 --- [tienda-ms-pedidos] [           main] org.hibernate.HQL_FUNCTIONS              : String right(STRING string, INTEGER length)
2024-12-15T14:04:01.809-03:00 DEBUG 25938 --- [tienda-ms-pedidos] [           main] org.hibernate.HQL_FUNCTIONS              : round(NUMERIC number[, INTEGER places])
2024-12-15T14:04:01.809-03:00 DEBUG 25938 --- [tienda-ms-pedidos] [           main] org.hibernate.HQL_FUNCTIONS              : Long row_number()
2024-12-15T14:04:01.809-03:00 DEBUG 25938 --- [tienda-ms-pedidos] [           main] org.hibernate.HQL_FUNCTIONS              : Long rowid
2024-12-15T14:04:01.809-03:00 DEBUG 25938 --- [tienda-ms-pedidos] [           main] org.hibernate.HQL_FUNCTIONS              : Long rownum
2024-12-15T14:04:01.809-03:00 DEBUG 25938 --- [tienda-ms-pedidos] [           main] org.hibernate.HQL_FUNCTIONS              : String rpad(STRING string, INTEGER length[, STRING padding])
2024-12-15T14:04:01.809-03:00 DEBUG 25938 --- [tienda-ms-pedidos] [           main] org.hibernate.HQL_FUNCTIONS              : String rtrim(STRING string[, STRING characters])
2024-12-15T14:04:01.809-03:00 DEBUG 25938 --- [tienda-ms-pedidos] [           main] org.hibernate.HQL_FUNCTIONS              : Integer sign(NUMERIC arg)
2024-12-15T14:04:01.809-03:00 DEBUG 25938 --- [tienda-ms-pedidos] [           main] org.hibernate.HQL_FUNCTIONS              : Double sin(NUMERIC arg)
2024-12-15T14:04:01.809-03:00 DEBUG 25938 --- [tienda-ms-pedidos] [           main] org.hibernate.HQL_FUNCTIONS              : Double sinh(NUMERIC arg)
2024-12-15T14:04:01.809-03:00 DEBUG 25938 --- [tienda-ms-pedidos] [           main] org.hibernate.HQL_FUNCTIONS              : String soundex(arg)
2024-12-15T14:04:01.809-03:00 DEBUG 25938 --- [tienda-ms-pedidos] [           main] org.hibernate.HQL_FUNCTIONS              : Object sql
2024-12-15T14:04:01.809-03:00 DEBUG 25938 --- [tienda-ms-pedidos] [           main] org.hibernate.HQL_FUNCTIONS              : Double sqrt(NUMERIC arg)
2024-12-15T14:04:01.809-03:00 DEBUG 25938 --- [tienda-ms-pedidos] [           main] org.hibernate.HQL_FUNCTIONS              : Double stddev(NUMERIC arg)
2024-12-15T14:04:01.809-03:00 DEBUG 25938 --- [tienda-ms-pedidos] [           main] org.hibernate.HQL_FUNCTIONS              : Double stddev_pop(NUMERIC arg)
2024-12-15T14:04:01.809-03:00 DEBUG 25938 --- [tienda-ms-pedidos] [           main] org.hibernate.HQL_FUNCTIONS              : Double stddev_samp(NUMERIC arg)
2024-12-15T14:04:01.809-03:00 DEBUG 25938 --- [tienda-ms-pedidos] [           main] org.hibernate.HQL_FUNCTIONS              : String str(arg)
2024-12-15T14:04:01.809-03:00 DEBUG 25938 --- [tienda-ms-pedidos] [           main] org.hibernate.HQL_FUNCTIONS              : String substr(STRING string, INTEGER start[, INTEGER length])
2024-12-15T14:04:01.809-03:00 DEBUG 25938 --- [tienda-ms-pedidos] [           main] org.hibernate.HQL_FUNCTIONS              : String substring(STRING string{ from|,} INTEGER start[{ for|,} INTEGER length])
2024-12-15T14:04:01.809-03:00 DEBUG 25938 --- [tienda-ms-pedidos] [           main] org.hibernate.HQL_FUNCTIONS              : sum(arg)
2024-12-15T14:04:01.809-03:00 DEBUG 25938 --- [tienda-ms-pedidos] [           main] org.hibernate.HQL_FUNCTIONS              : Timestamp sysdate
2024-12-15T14:04:01.809-03:00 DEBUG 25938 --- [tienda-ms-pedidos] [           main] org.hibernate.HQL_FUNCTIONS              : Timestamp systimestamp
2024-12-15T14:04:01.809-03:00 DEBUG 25938 --- [tienda-ms-pedidos] [           main] org.hibernate.HQL_FUNCTIONS              : Double tan(NUMERIC arg)
2024-12-15T14:04:01.809-03:00 DEBUG 25938 --- [tienda-ms-pedidos] [           main] org.hibernate.HQL_FUNCTIONS              : Double tanh(NUMERIC arg)
2024-12-15T14:04:01.809-03:00 DEBUG 25938 --- [tienda-ms-pedidos] [           main] org.hibernate.HQL_FUNCTIONS              : timestampadd(TEMPORAL_UNIT field, INTEGER magnitude, TEMPORAL datetime)
2024-12-15T14:04:01.809-03:00 DEBUG 25938 --- [tienda-ms-pedidos] [           main] org.hibernate.HQL_FUNCTIONS              : Long|Double timestampdiff(TEMPORAL_UNIT field, TEMPORAL start, TEMPORAL end)
2024-12-15T14:04:01.809-03:00 DEBUG 25938 --- [tienda-ms-pedidos] [           main] org.hibernate.HQL_FUNCTIONS              : String to_char(ANY arg0[, STRING arg1, STRING arg2])
2024-12-15T14:04:01.809-03:00 DEBUG 25938 --- [tienda-ms-pedidos] [           main] org.hibernate.HQL_FUNCTIONS              : Date to_date(STRING arg0[, STRING arg1, STRING arg2])
2024-12-15T14:04:01.809-03:00 DEBUG 25938 --- [tienda-ms-pedidos] [           main] org.hibernate.HQL_FUNCTIONS              : Double to_number(STRING arg0[, STRING arg1, STRING arg2])
2024-12-15T14:04:01.809-03:00 DEBUG 25938 --- [tienda-ms-pedidos] [           main] org.hibernate.HQL_FUNCTIONS              : Timestamp to_timestamp(STRING arg0[, STRING arg1, STRING arg2])
2024-12-15T14:04:01.809-03:00 DEBUG 25938 --- [tienda-ms-pedidos] [           main] org.hibernate.HQL_FUNCTIONS              : String translate(STRING arg0, STRING arg1, STRING arg2)
2024-12-15T14:04:01.809-03:00 DEBUG 25938 --- [tienda-ms-pedidos] [           main] org.hibernate.HQL_FUNCTIONS              : String trim([[{leading|trailing|both} ][STRING arg0 ]from] STRING arg1)
2024-12-15T14:04:01.809-03:00 DEBUG 25938 --- [tienda-ms-pedidos] [           main] org.hibernate.HQL_FUNCTIONS              : trunc( ... )
2024-12-15T14:04:01.809-03:00 DEBUG 25938 --- [tienda-ms-pedidos] [           main] org.hibernate.HQL_FUNCTIONS              : truncate( ... )
2024-12-15T14:04:01.809-03:00 DEBUG 25938 --- [tienda-ms-pedidos] [           main] org.hibernate.HQL_FUNCTIONS              : String upper(STRING string)
2024-12-15T14:04:01.809-03:00 DEBUG 25938 --- [tienda-ms-pedidos] [           main] org.hibernate.HQL_FUNCTIONS              : Double var_pop(NUMERIC arg)
2024-12-15T14:04:01.809-03:00 DEBUG 25938 --- [tienda-ms-pedidos] [           main] org.hibernate.HQL_FUNCTIONS              : Double var_samp(NUMERIC arg)
2024-12-15T14:04:01.809-03:00 DEBUG 25938 --- [tienda-ms-pedidos] [           main] org.hibernate.HQL_FUNCTIONS              : Double variance(NUMERIC arg)
2024-12-15T14:04:01.809-03:00 DEBUG 25938 --- [tienda-ms-pedidos] [           main] org.hibernate.orm.query.plan.cache       : Starting QueryInterpretationCache(2048)
2024-12-15T14:04:01.809-03:00 DEBUG 25938 --- [tienda-ms-pedidos] [           main] .h.s.i.SessionFactoryServiceRegistryImpl : EventListenerRegistry access via ServiceRegistry is deprecated.  Use `sessionFactory.getEventEngine().getListenerRegistry()` instead
2024-12-15T14:04:01.809-03:00 DEBUG 25938 --- [tienda-ms-pedidos] [           main] h.e.i.EntityCopyObserverFactoryInitiator : Configured EntityCopyObserver strategy: disallow
2024-12-15T14:04:01.810-03:00 DEBUG 25938 --- [tienda-ms-pedidos] [           main] org.hibernate.ormbytecode.interceptor    : To-one property `com.example.tienda_ms_pedidos.model.DetalleOrden#orden` was mapped with LAZY + NO_PROXY but the class was not enhanced
2024-12-15T14:04:01.810-03:00 DEBUG 25938 --- [tienda-ms-pedidos] [           main] org.hibernate.ormbytecode.interceptor    : To-one property `com.example.tienda_ms_pedidos.model.DetalleOrden#orden` was mapped with LAZY + NO_PROXY but the class was not enhanced
2024-12-15T14:04:01.810-03:00 DEBUG 25938 --- [tienda-ms-pedidos] [           main] o.h.boot.internal.ClassLoaderAccessImpl  : Not known whether passed class name [com.example.tienda_ms_pedidos.model.DetalleOrden] is safe
2024-12-15T14:04:01.810-03:00 DEBUG 25938 --- [tienda-ms-pedidos] [           main] o.h.boot.internal.ClassLoaderAccessImpl  : No temp ClassLoader provided; using live ClassLoader for loading potentially unsafe class : com.example.tienda_ms_pedidos.model.DetalleOrden
2024-12-15T14:04:01.826-03:00 DEBUG 25938 --- [tienda-ms-pedidos] [           main] o.h.b.i.bytebuddy.BytecodeProviderImpl   : HHH000513: Unable to create the ReflectionOptimizer for [com.example.tienda_ms_pedidos.model.DetalleOrden]: private accessor [cantidad]
2024-12-15T14:04:01.827-03:00 DEBUG 25938 --- [tienda-ms-pedidos] [           main] org.hibernate.ormbytecode.interceptor    : To-one property `com.example.tienda_ms_pedidos.model.DetalleOrden#orden` was mapped with LAZY + NO_PROXY but the class was not enhanced
2024-12-15T14:04:01.827-03:00 DEBUG 25938 --- [tienda-ms-pedidos] [           main] o.h.boot.internal.ClassLoaderAccessImpl  : Not known whether passed class name [com.example.tienda_ms_pedidos.model.Orden] is safe
2024-12-15T14:04:01.827-03:00 DEBUG 25938 --- [tienda-ms-pedidos] [           main] o.h.boot.internal.ClassLoaderAccessImpl  : No temp ClassLoader provided; using live ClassLoader for loading potentially unsafe class : com.example.tienda_ms_pedidos.model.Orden
2024-12-15T14:04:01.836-03:00 DEBUG 25938 --- [tienda-ms-pedidos] [           main] o.h.b.i.bytebuddy.BytecodeProviderImpl   : HHH000513: Unable to create the ReflectionOptimizer for [com.example.tienda_ms_pedidos.model.Orden]: private accessor [detalles]
2024-12-15T14:04:01.836-03:00 DEBUG 25938 --- [tienda-ms-pedidos] [           main] o.h.boot.internal.ClassLoaderAccessImpl  : Not known whether passed class name [com.example.tienda_ms_pedidos.model.Categoria] is safe
2024-12-15T14:04:01.836-03:00 DEBUG 25938 --- [tienda-ms-pedidos] [           main] o.h.boot.internal.ClassLoaderAccessImpl  : No temp ClassLoader provided; using live ClassLoader for loading potentially unsafe class : com.example.tienda_ms_pedidos.model.Categoria
2024-12-15T14:04:01.848-03:00 DEBUG 25938 --- [tienda-ms-pedidos] [           main] o.h.b.i.bytebuddy.BytecodeProviderImpl   : HHH000513: Unable to create the ReflectionOptimizer for [com.example.tienda_ms_pedidos.model.Categoria]: private accessor [descripcion]
2024-12-15T14:04:01.849-03:00 DEBUG 25938 --- [tienda-ms-pedidos] [           main] o.h.boot.internal.ClassLoaderAccessImpl  : Not known whether passed class name [com.example.tienda_ms_pedidos.model.Producto] is safe
2024-12-15T14:04:01.849-03:00 DEBUG 25938 --- [tienda-ms-pedidos] [           main] o.h.boot.internal.ClassLoaderAccessImpl  : No temp ClassLoader provided; using live ClassLoader for loading potentially unsafe class : com.example.tienda_ms_pedidos.model.Producto
2024-12-15T14:04:01.859-03:00 DEBUG 25938 --- [tienda-ms-pedidos] [           main] o.h.b.i.bytebuddy.BytecodeProviderImpl   : HHH000513: Unable to create the ReflectionOptimizer for [com.example.tienda_ms_pedidos.model.Producto]: private accessor [categorias]
2024-12-15T14:04:01.859-03:00 DEBUG 25938 --- [tienda-ms-pedidos] [           main] org.hibernate.orm.jdbc.mutation          : Skipping collection (re)creation - com.example.tienda_ms_pedidos.model.Orden.detalles
2024-12-15T14:04:01.859-03:00 DEBUG 25938 --- [tienda-ms-pedidos] [           main] org.hibernate.orm.jdbc.mutation          : Skipping collection row deletions - com.example.tienda_ms_pedidos.model.Orden.detalles
2024-12-15T14:04:01.859-03:00 DEBUG 25938 --- [tienda-ms-pedidos] [           main] org.hibernate.orm.jdbc.mutation          : Skipping collection removals - com.example.tienda_ms_pedidos.model.Orden.detalles
2024-12-15T14:04:01.859-03:00 DEBUG 25938 --- [tienda-ms-pedidos] [           main] org.hibernate.orm.jdbc.mutation          : Skipping collection inserts - com.example.tienda_ms_pedidos.model.Categoria.productos
2024-12-15T14:04:01.859-03:00 DEBUG 25938 --- [tienda-ms-pedidos] [           main] org.hibernate.orm.jdbc.mutation          : Skipping collection row updates - com.example.tienda_ms_pedidos.model.Categoria.productos
2024-12-15T14:04:01.859-03:00 DEBUG 25938 --- [tienda-ms-pedidos] [           main] org.hibernate.orm.jdbc.mutation          : Skipping collection row deletions - com.example.tienda_ms_pedidos.model.Categoria.productos
2024-12-15T14:04:01.859-03:00 DEBUG 25938 --- [tienda-ms-pedidos] [           main] org.hibernate.orm.jdbc.mutation          : Skipping collection removals - com.example.tienda_ms_pedidos.model.Categoria.productos
2024-12-15T14:04:01.859-03:00 DEBUG 25938 --- [tienda-ms-pedidos] [           main] org.hibernate.orm.jdbc.mutation          : Skipping collection row updates - com.example.tienda_ms_pedidos.model.Producto.categorias
2024-12-15T14:04:01.860-03:00 DEBUG 25938 --- [tienda-ms-pedidos] [           main] o.hibernate.orm.model.mapping.creation   : Starting post-init callbacks
2024-12-15T14:04:01.861-03:00 DEBUG 25938 --- [tienda-ms-pedidos] [           main] o.hibernate.orm.model.mapping.creation   : Starting PostInitCallbackEntry : To-one key - NavigableRole[com.example.tienda_ms_pedidos.model.DetalleOrden.orden]
2024-12-15T14:04:01.861-03:00 DEBUG 25938 --- [tienda-ms-pedidos] [           main] o.hibernate.orm.model.mapping.creation   : Starting PostInitCallbackEntry : Entity(com.example.tienda_ms_pedidos.model.DetalleOrden) `staticFetchableList` generator
2024-12-15T14:04:01.861-03:00 DEBUG 25938 --- [tienda-ms-pedidos] [           main] o.hibernate.orm.model.mapping.creation   : Starting PostInitCallbackEntry : PluralAttributeMapping( NavigableRole[com.example.tienda_ms_pedidos.model.Orden.detalles#{element}]) - element descriptor
2024-12-15T14:04:01.861-03:00 DEBUG 25938 --- [tienda-ms-pedidos] [           main] o.hibernate.orm.model.mapping.creation   : Starting PostInitCallbackEntry : PluralAttributeMapping(com.example.tienda_ms_pedidos.model.Orden.detalles)#finishInitialization
2024-12-15T14:04:01.861-03:00 DEBUG 25938 --- [tienda-ms-pedidos] [           main] o.hibernate.orm.model.mapping.creation   : Starting PostInitCallbackEntry : PluralAttributeMapping(com.example.tienda_ms_pedidos.model.Orden.detalles) - key descriptor
2024-12-15T14:04:01.861-03:00 DEBUG 25938 --- [tienda-ms-pedidos] [           main] o.hibernate.orm.model.mapping.creation   : Starting PostInitCallbackEntry : Entity(com.example.tienda_ms_pedidos.model.Orden) `staticFetchableList` generator
2024-12-15T14:04:01.861-03:00 DEBUG 25938 --- [tienda-ms-pedidos] [           main] o.hibernate.orm.model.mapping.creation   : Starting PostInitCallbackEntry : PluralAttributeMapping( NavigableRole[com.example.tienda_ms_pedidos.model.Categoria.productos#{element}]) - element descriptor
2024-12-15T14:04:01.861-03:00 DEBUG 25938 --- [tienda-ms-pedidos] [           main] o.hibernate.orm.model.mapping.creation   : Starting PostInitCallbackEntry : PluralAttributeMapping(com.example.tienda_ms_pedidos.model.Categoria.productos)#finishInitialization
2024-12-15T14:04:01.861-03:00 DEBUG 25938 --- [tienda-ms-pedidos] [           main] o.hibernate.orm.model.mapping.creation   : Starting PostInitCallbackEntry : PluralAttributeMapping(com.example.tienda_ms_pedidos.model.Categoria.productos) - key descriptor
2024-12-15T14:04:01.861-03:00 DEBUG 25938 --- [tienda-ms-pedidos] [           main] o.hibernate.orm.model.mapping.creation   : Starting PostInitCallbackEntry : Entity(com.example.tienda_ms_pedidos.model.Categoria) `staticFetchableList` generator
2024-12-15T14:04:01.861-03:00 DEBUG 25938 --- [tienda-ms-pedidos] [           main] o.hibernate.orm.model.mapping.creation   : Starting PostInitCallbackEntry : PluralAttributeMapping( NavigableRole[com.example.tienda_ms_pedidos.model.Producto.categorias#{element}]) - element descriptor
2024-12-15T14:04:01.861-03:00 DEBUG 25938 --- [tienda-ms-pedidos] [           main] o.hibernate.orm.model.mapping.creation   : Starting PostInitCallbackEntry : PluralAttributeMapping(com.example.tienda_ms_pedidos.model.Producto.categorias)#finishInitialization
2024-12-15T14:04:01.861-03:00 DEBUG 25938 --- [tienda-ms-pedidos] [           main] o.hibernate.orm.model.mapping.creation   : Starting PostInitCallbackEntry : PluralAttributeMapping(com.example.tienda_ms_pedidos.model.Producto.categorias) - key descriptor
2024-12-15T14:04:01.861-03:00 DEBUG 25938 --- [tienda-ms-pedidos] [           main] o.hibernate.orm.model.mapping.creation   : Starting PostInitCallbackEntry : Entity(com.example.tienda_ms_pedidos.model.Producto) `staticFetchableList` generator
2024-12-15T14:04:01.861-03:00 DEBUG 25938 --- [tienda-ms-pedidos] [           main] o.hibernate.orm.model.mapping.creation   : Starting PostInitCallbackEntry : PluralAttributeMapping( NavigableRole[com.example.tienda_ms_pedidos.model.Orden.detalles#{element}]) - element descriptor
2024-12-15T14:04:01.861-03:00 DEBUG 25938 --- [tienda-ms-pedidos] [           main] o.hibernate.orm.model.mapping.creation   : Starting PostInitCallbackEntry : PluralAttributeMapping( NavigableRole[com.example.tienda_ms_pedidos.model.Categoria.productos#{element}]) - element descriptor
2024-12-15T14:04:01.863-03:00 DEBUG 25938 --- [tienda-ms-pedidos] [           main] org.hibernate.orm.sql.ast.create         : Created new SQL alias : do1_0
2024-12-15T14:04:01.863-03:00 DEBUG 25938 --- [tienda-ms-pedidos] [           main] org.hibernate.orm.sql.ast.create         : Registration of TableGroup [StandardTableGroup(com.example.tienda_ms_pedidos.model.DetalleOrden)] with identifierForTableGroup [com.example.tienda_ms_pedidos.model.DetalleOrden] for NavigablePath [com.example.tienda_ms_pedidos.model.DetalleOrden] 
2024-12-15T14:04:01.863-03:00 DEBUG 25938 --- [tienda-ms-pedidos] [           main] org.hibernate.orm.sql.ast.create         : Registration of TableGroup [org.hibernate.sql.ast.tree.from.LazyTableGroup@1b5a96ee] with identifierForTableGroup [com.example.tienda_ms_pedidos.model.DetalleOrden.orden] for NavigablePath [com.example.tienda_ms_pedidos.model.DetalleOrden.orden] 
2024-12-15T14:04:01.863-03:00 DEBUG 25938 --- [tienda-ms-pedidos] [           main] org.hibernate.orm.sql.ast.create         : Created new SQL alias : o1_0
2024-12-15T14:04:01.864-03:00 DEBUG 25938 --- [tienda-ms-pedidos] [           main] org.hibernate.orm.results.graph.AST      : DomainResult Graph:
 \-EntityResultImpl [com.example.tienda_ms_pedidos.model.DetalleOrden]
 |  +-BasicFetch [com.example.tienda_ms_pedidos.model.DetalleOrden.cantidad]
 |  +-BasicFetch [com.example.tienda_ms_pedidos.model.DetalleOrden.idProducto]
 |  +-BasicFetch [com.example.tienda_ms_pedidos.model.DetalleOrden.montoTotal]
 |  +-EntityFetchJoinedImpl [com.example.tienda_ms_pedidos.model.DetalleOrden.orden]
 |  |  +-DelayedCollectionFetch [com.example.tienda_ms_pedidos.model.DetalleOrden.orden.detalles]
 |  |  +-BasicFetch [com.example.tienda_ms_pedidos.model.DetalleOrden.orden.email]
 |  |  +-BasicFetch [com.example.tienda_ms_pedidos.model.DetalleOrden.orden.estado]
 |  |  +-BasicFetch [com.example.tienda_ms_pedidos.model.DetalleOrden.orden.fecha]
 |  |  \-BasicFetch [com.example.tienda_ms_pedidos.model.DetalleOrden.orden.montoTotal]
 |  \-BasicFetch [com.example.tienda_ms_pedidos.model.DetalleOrden.precio]

2024-12-15T14:04:01.864-03:00 DEBUG 25938 --- [tienda-ms-pedidos] [           main] org.hibernate.orm.sql.ast.tree           : SQL AST Tree:
    SelectStatement {
      FromClause {
        StandardTableGroup (do1 : com.example.tienda_ms_pedidos.model.DetalleOrden) {
          primaryTableReference : detalle_ordenes as do1_0
          TableGroupJoins {
            left  join LazyTableGroup (o1 : com.example.tienda_ms_pedidos.model.DetalleOrden.orden) {
              primaryTableReference : ordenes as o1_0
            }
          }
        }
      }
    }

2024-12-15T14:04:01.865-03:00 DEBUG 25938 --- [tienda-ms-pedidos] [           main] o.h.p.entity.AbstractEntityPersister     : Static SQL for entity: com.example.tienda_ms_pedidos.model.DetalleOrden
2024-12-15T14:04:01.865-03:00 DEBUG 25938 --- [tienda-ms-pedidos] [           main] o.h.p.entity.AbstractEntityPersister     :  Version select: /* get version com.example.tienda_ms_pedidos.model.DetalleOrden */ select id_detalle_orden from detalle_ordenes where id_detalle_orden=?
2024-12-15T14:04:01.865-03:00 DEBUG 25938 --- [tienda-ms-pedidos] [           main] o.h.p.entity.AbstractEntityPersister     :  Insert (0): /* insert for com.example.tienda_ms_pedidos.model.DetalleOrden */insert into detalle_ordenes (cantidad,id_producto,monto_total,id_orden,precio,id_detalle_orden) values (?,?,?,?,?,default)
2024-12-15T14:04:01.865-03:00 DEBUG 25938 --- [tienda-ms-pedidos] [           main] o.h.p.entity.AbstractEntityPersister     :  Update (0): /* update for com.example.tienda_ms_pedidos.model.DetalleOrden */update detalle_ordenes set cantidad=?,id_producto=?,monto_total=?,id_orden=?,precio=? where id_detalle_orden=?
2024-12-15T14:04:01.865-03:00 DEBUG 25938 --- [tienda-ms-pedidos] [           main] o.h.p.entity.AbstractEntityPersister     :  Delete (0): /* delete for com.example.tienda_ms_pedidos.model.DetalleOrden */delete from detalle_ordenes where id_detalle_orden=?
2024-12-15T14:04:01.865-03:00 DEBUG 25938 --- [tienda-ms-pedidos] [           main] org.hibernate.orm.sql.ast.create         : Created new SQL alias : o1_0
2024-12-15T14:04:01.865-03:00 DEBUG 25938 --- [tienda-ms-pedidos] [           main] org.hibernate.orm.sql.ast.create         : Registration of TableGroup [StandardTableGroup(com.example.tienda_ms_pedidos.model.Orden)] with identifierForTableGroup [com.example.tienda_ms_pedidos.model.Orden] for NavigablePath [com.example.tienda_ms_pedidos.model.Orden] 
2024-12-15T14:04:01.865-03:00 DEBUG 25938 --- [tienda-ms-pedidos] [           main] org.hibernate.orm.results.graph.AST      : DomainResult Graph:
 \-EntityResultImpl [com.example.tienda_ms_pedidos.model.Orden]
 |  +-DelayedCollectionFetch [com.example.tienda_ms_pedidos.model.Orden.detalles]
 |  +-BasicFetch [com.example.tienda_ms_pedidos.model.Orden.email]
 |  +-BasicFetch [com.example.tienda_ms_pedidos.model.Orden.estado]
 |  +-BasicFetch [com.example.tienda_ms_pedidos.model.Orden.fecha]
 |  \-BasicFetch [com.example.tienda_ms_pedidos.model.Orden.montoTotal]

2024-12-15T14:04:01.865-03:00 DEBUG 25938 --- [tienda-ms-pedidos] [           main] org.hibernate.orm.sql.ast.tree           : SQL AST Tree:
    SelectStatement {
      FromClause {
        StandardTableGroup (o1 : com.example.tienda_ms_pedidos.model.Orden) {
          primaryTableReference : ordenes as o1_0
        }
      }
    }

2024-12-15T14:04:01.865-03:00 DEBUG 25938 --- [tienda-ms-pedidos] [           main] o.h.p.entity.AbstractEntityPersister     : Static SQL for entity: com.example.tienda_ms_pedidos.model.Orden
2024-12-15T14:04:01.865-03:00 DEBUG 25938 --- [tienda-ms-pedidos] [           main] o.h.p.entity.AbstractEntityPersister     :  Version select: /* get version com.example.tienda_ms_pedidos.model.Orden */ select id_orden from ordenes where id_orden=?
2024-12-15T14:04:01.865-03:00 DEBUG 25938 --- [tienda-ms-pedidos] [           main] o.h.p.entity.AbstractEntityPersister     :  Insert (0): /* insert for com.example.tienda_ms_pedidos.model.Orden */insert into ordenes (email,estado,fecha,monto_total,id_orden) values (?,?,?,?,default)
2024-12-15T14:04:01.865-03:00 DEBUG 25938 --- [tienda-ms-pedidos] [           main] o.h.p.entity.AbstractEntityPersister     :  Update (0): /* update for com.example.tienda_ms_pedidos.model.Orden */update ordenes set email=?,estado=?,fecha=?,monto_total=? where id_orden=?
2024-12-15T14:04:01.865-03:00 DEBUG 25938 --- [tienda-ms-pedidos] [           main] o.h.p.entity.AbstractEntityPersister     :  Delete (0): /* delete for com.example.tienda_ms_pedidos.model.Orden */delete from ordenes where id_orden=?
2024-12-15T14:04:01.865-03:00 DEBUG 25938 --- [tienda-ms-pedidos] [           main] org.hibernate.orm.sql.ast.create         : Created new SQL alias : c1_0
2024-12-15T14:04:01.865-03:00 DEBUG 25938 --- [tienda-ms-pedidos] [           main] org.hibernate.orm.sql.ast.create         : Registration of TableGroup [StandardTableGroup(com.example.tienda_ms_pedidos.model.Categoria)] with identifierForTableGroup [com.example.tienda_ms_pedidos.model.Categoria] for NavigablePath [com.example.tienda_ms_pedidos.model.Categoria] 
2024-12-15T14:04:01.865-03:00 DEBUG 25938 --- [tienda-ms-pedidos] [           main] org.hibernate.orm.sql.ast.create         : Created new SQL alias : p1_0
2024-12-15T14:04:01.866-03:00 DEBUG 25938 --- [tienda-ms-pedidos] [           main] org.hibernate.orm.sql.ast.create         : Registration of TableGroup [CollectionTableGroup(com.example.tienda_ms_pedidos.model.Categoria.productos)] with identifierForTableGroup [com.example.tienda_ms_pedidos.model.Categoria.productos] for NavigablePath [com.example.tienda_ms_pedidos.model.Categoria.productos] 
2024-12-15T14:04:01.866-03:00 DEBUG 25938 --- [tienda-ms-pedidos] [           main] org.hibernate.orm.sql.ast.create         : Registration of TableGroup [org.hibernate.sql.ast.tree.from.LazyTableGroup@8023904] with identifierForTableGroup [com.example.tienda_ms_pedidos.model.Categoria.productos.{element}] for NavigablePath [com.example.tienda_ms_pedidos.model.Categoria.productos.{element}] 
2024-12-15T14:04:01.866-03:00 DEBUG 25938 --- [tienda-ms-pedidos] [           main] org.hibernate.orm.sql.ast.create         : Created new SQL alias : p1_1
2024-12-15T14:04:01.866-03:00 DEBUG 25938 --- [tienda-ms-pedidos] [           main] org.hibernate.orm.results.graph.AST      : DomainResult Graph:
 \-EntityResultImpl [com.example.tienda_ms_pedidos.model.Categoria]
 |  +-BasicFetch [com.example.tienda_ms_pedidos.model.Categoria.descripcion]
 |  +-BasicFetch [com.example.tienda_ms_pedidos.model.Categoria.nombre]
 |  \-EagerCollectionFetch [com.example.tienda_ms_pedidos.model.Categoria.productos]
 |  |  \-EntityFetchJoinedImpl [com.example.tienda_ms_pedidos.model.Categoria.productos.{element}]
 |  |  |  +-SelectEagerCollectionFetch [com.example.tienda_ms_pedidos.model.Categoria.productos.{element}.categorias]
 |  |  |  +-BasicFetch [com.example.tienda_ms_pedidos.model.Categoria.productos.{element}.descripcion]
 |  |  |  +-BasicFetch [com.example.tienda_ms_pedidos.model.Categoria.productos.{element}.imagen]
 |  |  |  +-BasicFetch [com.example.tienda_ms_pedidos.model.Categoria.productos.{element}.nombre]
 |  |  |  +-BasicFetch [com.example.tienda_ms_pedidos.model.Categoria.productos.{element}.precio]
 |  |  |  \-BasicFetch [com.example.tienda_ms_pedidos.model.Categoria.productos.{element}.stock]

2024-12-15T14:04:01.866-03:00 DEBUG 25938 --- [tienda-ms-pedidos] [           main] org.hibernate.orm.sql.ast.tree           : SQL AST Tree:
    SelectStatement {
      FromClause {
        StandardTableGroup (c1 : com.example.tienda_ms_pedidos.model.Categoria) {
          primaryTableReference : categoria as c1_0
          TableGroupJoins {
            left  join CollectionTableGroup (p1 : com.example.tienda_ms_pedidos.model.Categoria.productos) {
              primaryTableReference : producto_categoria as p1_0
              TableGroupJoins {
                left  join LazyTableGroup (p1 : com.example.tienda_ms_pedidos.model.Categoria.productos.{element}) {
                  primaryTableReference : producto as p1_1
                }
              }
            }
          }
        }
      }
    }

2024-12-15T14:04:01.866-03:00 DEBUG 25938 --- [tienda-ms-pedidos] [           main] o.h.p.entity.AbstractEntityPersister     : Static SQL for entity: com.example.tienda_ms_pedidos.model.Categoria
2024-12-15T14:04:01.866-03:00 DEBUG 25938 --- [tienda-ms-pedidos] [           main] o.h.p.entity.AbstractEntityPersister     :  Version select: /* get version com.example.tienda_ms_pedidos.model.Categoria */ select id_categoria from categoria where id_categoria=?
2024-12-15T14:04:01.866-03:00 DEBUG 25938 --- [tienda-ms-pedidos] [           main] o.h.p.entity.AbstractEntityPersister     :  Insert (0): /* insert for com.example.tienda_ms_pedidos.model.Categoria */insert into categoria (descripcion,nombre,id_categoria) values (?,?,default)
2024-12-15T14:04:01.866-03:00 DEBUG 25938 --- [tienda-ms-pedidos] [           main] o.h.p.entity.AbstractEntityPersister     :  Update (0): /* update for com.example.tienda_ms_pedidos.model.Categoria */update categoria set descripcion=?,nombre=? where id_categoria=?
2024-12-15T14:04:01.866-03:00 DEBUG 25938 --- [tienda-ms-pedidos] [           main] o.h.p.entity.AbstractEntityPersister     :  Delete (0): /* delete for com.example.tienda_ms_pedidos.model.Categoria */delete from categoria where id_categoria=?
2024-12-15T14:04:01.866-03:00 DEBUG 25938 --- [tienda-ms-pedidos] [           main] org.hibernate.orm.sql.ast.create         : Created new SQL alias : p1_0
2024-12-15T14:04:01.866-03:00 DEBUG 25938 --- [tienda-ms-pedidos] [           main] org.hibernate.orm.sql.ast.create         : Registration of TableGroup [StandardTableGroup(com.example.tienda_ms_pedidos.model.Producto)] with identifierForTableGroup [com.example.tienda_ms_pedidos.model.Producto] for NavigablePath [com.example.tienda_ms_pedidos.model.Producto] 
2024-12-15T14:04:01.866-03:00 DEBUG 25938 --- [tienda-ms-pedidos] [           main] org.hibernate.orm.sql.ast.create         : Created new SQL alias : c1_0
2024-12-15T14:04:01.866-03:00 DEBUG 25938 --- [tienda-ms-pedidos] [           main] org.hibernate.orm.sql.ast.create         : Registration of TableGroup [CollectionTableGroup(com.example.tienda_ms_pedidos.model.Producto.categorias)] with identifierForTableGroup [com.example.tienda_ms_pedidos.model.Producto.categorias] for NavigablePath [com.example.tienda_ms_pedidos.model.Producto.categorias] 
2024-12-15T14:04:01.866-03:00 DEBUG 25938 --- [tienda-ms-pedidos] [           main] org.hibernate.orm.sql.ast.create         : Registration of TableGroup [org.hibernate.sql.ast.tree.from.LazyTableGroup@155c5cc0] with identifierForTableGroup [com.example.tienda_ms_pedidos.model.Producto.categorias.{element}] for NavigablePath [com.example.tienda_ms_pedidos.model.Producto.categorias.{element}] 
2024-12-15T14:04:01.866-03:00 DEBUG 25938 --- [tienda-ms-pedidos] [           main] org.hibernate.orm.sql.ast.create         : Created new SQL alias : c1_1
2024-12-15T14:04:01.866-03:00 DEBUG 25938 --- [tienda-ms-pedidos] [           main] org.hibernate.orm.results.graph.AST      : DomainResult Graph:
 \-EntityResultImpl [com.example.tienda_ms_pedidos.model.Producto]
 |  +-EagerCollectionFetch [com.example.tienda_ms_pedidos.model.Producto.categorias]
 |  |  \-EntityFetchJoinedImpl [com.example.tienda_ms_pedidos.model.Producto.categorias.{element}]
 |  |  |  +-BasicFetch [com.example.tienda_ms_pedidos.model.Producto.categorias.{element}.descripcion]
 |  |  |  +-BasicFetch [com.example.tienda_ms_pedidos.model.Producto.categorias.{element}.nombre]
 |  |  |  \-SelectEagerCollectionFetch [com.example.tienda_ms_pedidos.model.Producto.categorias.{element}.productos]
 |  +-BasicFetch [com.example.tienda_ms_pedidos.model.Producto.descripcion]
 |  +-BasicFetch [com.example.tienda_ms_pedidos.model.Producto.imagen]
 |  +-BasicFetch [com.example.tienda_ms_pedidos.model.Producto.nombre]
 |  +-BasicFetch [com.example.tienda_ms_pedidos.model.Producto.precio]
 |  \-BasicFetch [com.example.tienda_ms_pedidos.model.Producto.stock]

2024-12-15T14:04:01.866-03:00 DEBUG 25938 --- [tienda-ms-pedidos] [           main] org.hibernate.orm.sql.ast.tree           : SQL AST Tree:
    SelectStatement {
      FromClause {
        StandardTableGroup (p1 : com.example.tienda_ms_pedidos.model.Producto) {
          primaryTableReference : producto as p1_0
          TableGroupJoins {
            left  join CollectionTableGroup (c1 : com.example.tienda_ms_pedidos.model.Producto.categorias) {
              primaryTableReference : producto_categoria as c1_0
              TableGroupJoins {
                left  join LazyTableGroup (c1 : com.example.tienda_ms_pedidos.model.Producto.categorias.{element}) {
                  primaryTableReference : categoria as c1_1
                }
              }
            }
          }
        }
      }
    }

2024-12-15T14:04:01.867-03:00 DEBUG 25938 --- [tienda-ms-pedidos] [           main] o.h.p.entity.AbstractEntityPersister     : Static SQL for entity: com.example.tienda_ms_pedidos.model.Producto
2024-12-15T14:04:01.867-03:00 DEBUG 25938 --- [tienda-ms-pedidos] [           main] o.h.p.entity.AbstractEntityPersister     :  Version select: /* get version com.example.tienda_ms_pedidos.model.Producto */ select id_producto from producto where id_producto=?
2024-12-15T14:04:01.867-03:00 DEBUG 25938 --- [tienda-ms-pedidos] [           main] o.h.p.entity.AbstractEntityPersister     :  Insert (0): /* insert for com.example.tienda_ms_pedidos.model.Producto */insert into producto (descripcion,imagen,nombre,precio,stock,id_producto) values (?,?,?,?,?,default)
2024-12-15T14:04:01.867-03:00 DEBUG 25938 --- [tienda-ms-pedidos] [           main] o.h.p.entity.AbstractEntityPersister     :  Update (0): /* update for com.example.tienda_ms_pedidos.model.Producto */update producto set descripcion=?,imagen=?,nombre=?,precio=?,stock=? where id_producto=?
2024-12-15T14:04:01.867-03:00 DEBUG 25938 --- [tienda-ms-pedidos] [           main] o.h.p.entity.AbstractEntityPersister     :  Delete (0): /* delete for com.example.tienda_ms_pedidos.model.Producto */delete from producto where id_producto=?
2024-12-15T14:04:01.867-03:00 DEBUG 25938 --- [tienda-ms-pedidos] [           main] org.hibernate.orm.sql.ast.create         : Created new SQL alias : d1_0
2024-12-15T14:04:01.867-03:00 DEBUG 25938 --- [tienda-ms-pedidos] [           main] org.hibernate.orm.sql.ast.create         : Registration of TableGroup [org.hibernate.sql.ast.tree.from.OneToManyTableGroup@37e9c9f6] with identifierForTableGroup [com.example.tienda_ms_pedidos.model.Orden.detalles] for NavigablePath [com.example.tienda_ms_pedidos.model.Orden.detalles] 
2024-12-15T14:04:01.867-03:00 DEBUG 25938 --- [tienda-ms-pedidos] [           main] org.hibernate.orm.sql.ast.create         : Registration of TableGroup [StandardTableGroup(com.example.tienda_ms_pedidos.model.Orden.detalles.{element})] with identifierForTableGroup [com.example.tienda_ms_pedidos.model.Orden.detalles.{element}] for NavigablePath [com.example.tienda_ms_pedidos.model.Orden.detalles.{element}] 
2024-12-15T14:04:01.867-03:00 DEBUG 25938 --- [tienda-ms-pedidos] [           main] org.hibernate.orm.sql.ast.create         : Registration of TableGroup [org.hibernate.sql.ast.tree.from.LazyTableGroup@6d2d00ae] with identifierForTableGroup [com.example.tienda_ms_pedidos.model.Orden.detalles.{element}.orden] for NavigablePath [com.example.tienda_ms_pedidos.model.Orden.detalles.{element}.orden] 
2024-12-15T14:04:01.867-03:00 DEBUG 25938 --- [tienda-ms-pedidos] [           main] org.hibernate.orm.results.graph.AST      : DomainResult Graph:
 \-CollectionDomainResult [com.example.tienda_ms_pedidos.model.Orden.detalles]

2024-12-15T14:04:01.867-03:00 DEBUG 25938 --- [tienda-ms-pedidos] [           main] org.hibernate.orm.sql.ast.tree           : SQL AST Tree:
    SelectStatement {
      FromClause {
        OneToManyTableGroup (d1 : com.example.tienda_ms_pedidos.model.Orden.detalles) {
          primaryTableReference : detalle_ordenes as d1_0
          TableGroupJoins {
            left  join LazyTableGroup (o1 : com.example.tienda_ms_pedidos.model.Orden.detalles.{element}.orden) {
            }
          }
        }
      }
    }

2024-12-15T14:04:01.867-03:00 DEBUG 25938 --- [tienda-ms-pedidos] [           main] org.hibernate.orm.jdbc.mutation          : Static SQL for collection: com.example.tienda_ms_pedidos.model.Orden.detalles
2024-12-15T14:04:01.867-03:00 DEBUG 25938 --- [tienda-ms-pedidos] [           main] org.hibernate.orm.sql.ast.create         : Created new SQL alias : p1_0
2024-12-15T14:04:01.867-03:00 DEBUG 25938 --- [tienda-ms-pedidos] [           main] org.hibernate.orm.sql.ast.create         : Registration of TableGroup [CollectionTableGroup(com.example.tienda_ms_pedidos.model.Categoria.productos)] with identifierForTableGroup [com.example.tienda_ms_pedidos.model.Categoria.productos] for NavigablePath [com.example.tienda_ms_pedidos.model.Categoria.productos] 
2024-12-15T14:04:01.867-03:00 DEBUG 25938 --- [tienda-ms-pedidos] [           main] org.hibernate.orm.sql.ast.create         : Registration of TableGroup [org.hibernate.sql.ast.tree.from.LazyTableGroup@64ddd408] with identifierForTableGroup [com.example.tienda_ms_pedidos.model.Categoria.productos.{element}] for NavigablePath [com.example.tienda_ms_pedidos.model.Categoria.productos.{element}] 
2024-12-15T14:04:01.867-03:00 DEBUG 25938 --- [tienda-ms-pedidos] [           main] org.hibernate.orm.sql.ast.create         : Created new SQL alias : p1_1
2024-12-15T14:04:01.867-03:00 DEBUG 25938 --- [tienda-ms-pedidos] [           main] org.hibernate.orm.results.graph.AST      : DomainResult Graph:
 \-CollectionDomainResult [com.example.tienda_ms_pedidos.model.Categoria.productos]

2024-12-15T14:04:01.867-03:00 DEBUG 25938 --- [tienda-ms-pedidos] [           main] org.hibernate.orm.sql.ast.tree           : SQL AST Tree:
    SelectStatement {
      FromClause {
        CollectionTableGroup (p1 : com.example.tienda_ms_pedidos.model.Categoria.productos) {
          primaryTableReference : producto_categoria as p1_0
          TableGroupJoins {
             join LazyTableGroup (p1 : com.example.tienda_ms_pedidos.model.Categoria.productos.{element}) {
              primaryTableReference : producto as p1_1
            }
          }
        }
      }
    }

2024-12-15T14:04:01.867-03:00 DEBUG 25938 --- [tienda-ms-pedidos] [           main] org.hibernate.orm.jdbc.mutation          : Static SQL for collection: com.example.tienda_ms_pedidos.model.Categoria.productos
2024-12-15T14:04:01.867-03:00 DEBUG 25938 --- [tienda-ms-pedidos] [           main] org.hibernate.orm.sql.ast.create         : Created new SQL alias : c1_0
2024-12-15T14:04:01.867-03:00 DEBUG 25938 --- [tienda-ms-pedidos] [           main] org.hibernate.orm.sql.ast.create         : Registration of TableGroup [CollectionTableGroup(com.example.tienda_ms_pedidos.model.Producto.categorias)] with identifierForTableGroup [com.example.tienda_ms_pedidos.model.Producto.categorias] for NavigablePath [com.example.tienda_ms_pedidos.model.Producto.categorias] 
2024-12-15T14:04:01.867-03:00 DEBUG 25938 --- [tienda-ms-pedidos] [           main] org.hibernate.orm.sql.ast.create         : Registration of TableGroup [org.hibernate.sql.ast.tree.from.LazyTableGroup@18af5c62] with identifierForTableGroup [com.example.tienda_ms_pedidos.model.Producto.categorias.{element}] for NavigablePath [com.example.tienda_ms_pedidos.model.Producto.categorias.{element}] 
2024-12-15T14:04:01.867-03:00 DEBUG 25938 --- [tienda-ms-pedidos] [           main] org.hibernate.orm.sql.ast.create         : Created new SQL alias : c1_1
2024-12-15T14:04:01.868-03:00 DEBUG 25938 --- [tienda-ms-pedidos] [           main] org.hibernate.orm.results.graph.AST      : DomainResult Graph:
 \-CollectionDomainResult [com.example.tienda_ms_pedidos.model.Producto.categorias]

2024-12-15T14:04:01.868-03:00 DEBUG 25938 --- [tienda-ms-pedidos] [           main] org.hibernate.orm.sql.ast.tree           : SQL AST Tree:
    SelectStatement {
      FromClause {
        CollectionTableGroup (c1 : com.example.tienda_ms_pedidos.model.Producto.categorias) {
          primaryTableReference : producto_categoria as c1_0
          TableGroupJoins {
             join LazyTableGroup (c1 : com.example.tienda_ms_pedidos.model.Producto.categorias.{element}) {
              primaryTableReference : categoria as c1_1
            }
          }
        }
      }
    }

2024-12-15T14:04:01.868-03:00 DEBUG 25938 --- [tienda-ms-pedidos] [           main] org.hibernate.orm.jdbc.mutation          : Static SQL for collection: com.example.tienda_ms_pedidos.model.Producto.categorias
2024-12-15T14:04:01.868-03:00 DEBUG 25938 --- [tienda-ms-pedidos] [           main] org.hibernate.orm.jdbc.mutation          :  Row insert: /* insert for com.example.tienda_ms_pedidos.model.Producto.categorias */insert into producto_categoria (id_producto,id_categoria) values (?,?)
2024-12-15T14:04:01.868-03:00 DEBUG 25938 --- [tienda-ms-pedidos] [           main] org.hibernate.orm.jdbc.mutation          :  Row delete: /* delete for com.example.tienda_ms_pedidos.model.Producto.categorias */delete from producto_categoria where id_producto=? and id_categoria=?
2024-12-15T14:04:01.868-03:00 DEBUG 25938 --- [tienda-ms-pedidos] [           main] org.hibernate.orm.jdbc.mutation          :  One-shot delete: /* one-shot delete for com.example.tienda_ms_pedidos.model.Producto.categorias */delete from producto_categoria where id_producto=?
2024-12-15T14:04:01.869-03:00  INFO 25938 --- [tienda-ms-pedidos] [           main] o.h.e.t.j.p.i.JtaPlatformInitiator       : HHH000489: No JTA platform available (set 'hibernate.transaction.jta.platform' to enable JTA platform integration)
2024-12-15T14:04:01.869-03:00 DEBUG 25938 --- [tienda-ms-pedidos] [           main] o.h.type.spi.TypeConfiguration$Scope     : Scoping TypeConfiguration [org.hibernate.type.spi.TypeConfiguration@6a38e577] to SessionFactoryImplementor [org.hibernate.internal.SessionFactoryImpl@5dfd42fe]
2024-12-15T14:04:01.869-03:00 DEBUG 25938 --- [tienda-ms-pedidos] [           main] o.h.query.named.NamedObjectRepository    : Checking 0 named HQL queries
2024-12-15T14:04:01.869-03:00 DEBUG 25938 --- [tienda-ms-pedidos] [           main] o.h.query.named.NamedObjectRepository    : Checking 0 named SQL queries
2024-12-15T14:04:01.869-03:00 DEBUG 25938 --- [tienda-ms-pedidos] [           main] .h.t.s.s.SchemaManagementToolCoordinator : No schema actions specified for contributor `orm`; doing nothing
2024-12-15T14:04:01.869-03:00 DEBUG 25938 --- [tienda-ms-pedidos] [           main] .h.t.s.s.SchemaManagementToolCoordinator : No actions found; doing nothing
2024-12-15T14:04:01.869-03:00 DEBUG 25938 --- [tienda-ms-pedidos] [           main] o.h.internal.SessionFactoryRegistry      : Registering SessionFactory: 1e07465d-c56b-42e6-9267-1585e286293b (<unnamed>)
2024-12-15T14:04:01.869-03:00 DEBUG 25938 --- [tienda-ms-pedidos] [           main] o.h.internal.SessionFactoryRegistry      : Not binding SessionFactory to JNDI, no JNDI name configured
2024-12-15T14:04:01.869-03:00 DEBUG 25938 --- [tienda-ms-pedidos] [           main] o.hibernate.internal.SessionFactoryImpl  : Instantiated SessionFactory
2024-12-15T14:04:01.869-03:00  INFO 25938 --- [tienda-ms-pedidos] [           main] j.LocalContainerEntityManagerFactoryBean : Initialized JPA EntityManagerFactory for persistence unit 'default'
2024-12-15T14:04:01.869-03:00 DEBUG 25938 --- [tienda-ms-pedidos] [           main] o.s.b.f.s.DefaultListableBeanFactory     : Creating shared instance of singleton bean 'app'
2024-12-15T14:04:01.870-03:00 DEBUG 25938 --- [tienda-ms-pedidos] [           main] o.s.b.f.s.DefaultListableBeanFactory     : Creating shared instance of singleton bean 'webConfig'
2024-12-15T14:04:01.870-03:00 DEBUG 25938 --- [tienda-ms-pedidos] [           main] o.s.b.f.s.DefaultListableBeanFactory     : Creating shared instance of singleton bean 'detalleOrdenController'
2024-12-15T14:04:01.871-03:00 DEBUG 25938 --- [tienda-ms-pedidos] [           main] o.s.b.f.s.DefaultListableBeanFactory     : Creating shared instance of singleton bean 'detalleOrdenServiceImpl'
2024-12-15T14:04:01.871-03:00 DEBUG 25938 --- [tienda-ms-pedidos] [           main] o.s.b.f.s.DefaultListableBeanFactory     : Creating shared instance of singleton bean 'detalleOrdenRepository'
2024-12-15T14:04:01.872-03:00 DEBUG 25938 --- [tienda-ms-pedidos] [           main] o.s.b.f.s.DefaultListableBeanFactory     : Creating shared instance of singleton bean 'jpa.named-queries#0'
2024-12-15T14:04:01.873-03:00 DEBUG 25938 --- [tienda-ms-pedidos] [           main] o.s.b.f.s.DefaultListableBeanFactory     : Creating shared instance of singleton bean 'jpa.DetalleOrdenRepository.fragments#0'
2024-12-15T14:04:01.873-03:00 DEBUG 25938 --- [tienda-ms-pedidos] [           main] o.s.b.f.s.DefaultListableBeanFactory     : Creating shared instance of singleton bean 'jpaSharedEM_entityManagerFactory'
2024-12-15T14:04:01.874-03:00 DEBUG 25938 --- [tienda-ms-pedidos] [           main] o.s.b.f.s.DefaultListableBeanFactory     : Creating shared instance of singleton bean 'jpaMappingContext'
2024-12-15T14:04:01.874-03:00 DEBUG 25938 --- [tienda-ms-pedidos] [           main] .c.JpaMetamodelMappingContextFactoryBean : Initializing JpaMetamodelMappingContext…
2024-12-15T14:04:01.874-03:00 DEBUG 25938 --- [tienda-ms-pedidos] [           main] .c.JpaMetamodelMappingContextFactoryBean : Finished initializing JpaMetamodelMappingContext
2024-12-15T14:04:01.875-03:00 DEBUG 25938 --- [tienda-ms-pedidos] [           main] tor$SharedEntityManagerInvocationHandler : Creating new EntityManager for shared EntityManager invocation
2024-12-15T14:04:01.875-03:00 DEBUG 25938 --- [tienda-ms-pedidos] [           main] o.h.stat.internal.StatisticsInitiator    : Statistics initialized [enabled=false]
2024-12-15T14:04:01.877-03:00 DEBUG 25938 --- [tienda-ms-pedidos] [           main] o.s.d.r.c.s.RepositoryFactorySupport     : Initializing repository instance for com.example.tienda_ms_pedidos.repository.DetalleOrdenRepository…
2024-12-15T14:04:01.878-03:00 DEBUG 25938 --- [tienda-ms-pedidos] [           main] tor$SharedEntityManagerInvocationHandler : Creating new EntityManager for shared EntityManager invocation
2024-12-15T14:04:01.879-03:00 DEBUG 25938 --- [tienda-ms-pedidos] [           main] o.s.d.jpa.repository.query.NamedQuery    : Looking up named query DetalleOrden.findByIdProducto
2024-12-15T14:04:01.879-03:00 DEBUG 25938 --- [tienda-ms-pedidos] [           main] cResourceLocalTransactionCoordinatorImpl : JDBC transaction marked for rollback-only (exception provided for stack trace)

java.lang.Exception: exception just for purpose of providing stack trace
	at org.hibernate.resource.transaction.backend.jdbc.internal.JdbcResourceLocalTransactionCoordinatorImpl$TransactionDriverControlImpl.markRollbackOnly(JdbcResourceLocalTransactionCoordinatorImpl.java:309) ~[hibernate-core-6.6.2.Final.jar:6.6.2.Final]
	at org.hibernate.internal.AbstractSharedSessionContract.buildNamedQuery(AbstractSharedSessionContract.java:1138) ~[hibernate-core-6.6.2.Final.jar:6.6.2.Final]
	at org.hibernate.internal.AbstractSharedSessionContract.createNamedQuery(AbstractSharedSessionContract.java:1016) ~[hibernate-core-6.6.2.Final.jar:6.6.2.Final]
	at org.hibernate.internal.AbstractSharedSessionContract.createNamedQuery(AbstractSharedSessionContract.java:142) ~[hibernate-core-6.6.2.Final.jar:6.6.2.Final]
	at java.base/jdk.internal.reflect.DirectMethodHandleAccessor.invoke(DirectMethodHandleAccessor.java:103) ~[na:na]
	at java.base/java.lang.reflect.Method.invoke(Method.java:580) ~[na:na]
	at org.springframework.orm.jpa.ExtendedEntityManagerCreator$ExtendedEntityManagerInvocationHandler.invoke(ExtendedEntityManagerCreator.java:364) ~[spring-orm-6.2.0.jar:6.2.0]
	at jdk.proxy2/jdk.proxy2.$Proxy135.createNamedQuery(Unknown Source) ~[na:na]
	at org.springframework.data.jpa.repository.query.NamedQuery.hasNamedQuery(NamedQuery.java:113) ~[spring-data-jpa-3.4.0.jar:3.4.0]
	at org.springframework.data.jpa.repository.query.NamedQuery.lookupFrom(NamedQuery.java:139) ~[spring-data-jpa-3.4.0.jar:3.4.0]
	at org.springframework.data.jpa.repository.query.JpaQueryLookupStrategy$DeclaredQueryLookupStrategy.resolveQuery(JpaQueryLookupStrategy.java:184) ~[spring-data-jpa-3.4.0.jar:3.4.0]
	at org.springframework.data.jpa.repository.query.JpaQueryLookupStrategy$CreateIfNotFoundQueryLookupStrategy.resolveQuery(JpaQueryLookupStrategy.java:256) ~[spring-data-jpa-3.4.0.jar:3.4.0]
	at org.springframework.data.jpa.repository.query.JpaQueryLookupStrategy$AbstractQueryLookupStrategy.resolveQuery(JpaQueryLookupStrategy.java:99) ~[spring-data-jpa-3.4.0.jar:3.4.0]
	at org.springframework.data.repository.core.support.QueryExecutorMethodInterceptor.lookupQuery(QueryExecutorMethodInterceptor.java:116) ~[spring-data-commons-3.4.0.jar:3.4.0]
	at org.springframework.data.repository.core.support.QueryExecutorMethodInterceptor.mapMethodsToQuery(QueryExecutorMethodInterceptor.java:104) ~[spring-data-commons-3.4.0.jar:3.4.0]
	at org.springframework.data.repository.core.support.QueryExecutorMethodInterceptor.lambda$new$0(QueryExecutorMethodInterceptor.java:92) ~[spring-data-commons-3.4.0.jar:3.4.0]
	at java.base/java.util.Optional.map(Optional.java:260) ~[na:na]
	at org.springframework.data.repository.core.support.QueryExecutorMethodInterceptor.<init>(QueryExecutorMethodInterceptor.java:92) ~[spring-data-commons-3.4.0.jar:3.4.0]
	at org.springframework.data.repository.core.support.RepositoryFactorySupport.getRepository(RepositoryFactorySupport.java:440) ~[spring-data-commons-3.4.0.jar:3.4.0]
	at org.springframework.data.repository.core.support.RepositoryFactoryBeanSupport.lambda$afterPropertiesSet$4(RepositoryFactoryBeanSupport.java:350) ~[spring-data-commons-3.4.0.jar:3.4.0]
	at org.springframework.data.util.Lazy.getNullable(Lazy.java:135) ~[spring-data-commons-3.4.0.jar:3.4.0]
	at org.springframework.data.util.Lazy.get(Lazy.java:113) ~[spring-data-commons-3.4.0.jar:3.4.0]
	at org.springframework.data.repository.core.support.RepositoryFactoryBeanSupport.afterPropertiesSet(RepositoryFactoryBeanSupport.java:356) ~[spring-data-commons-3.4.0.jar:3.4.0]
	at org.springframework.data.jpa.repository.support.JpaRepositoryFactoryBean.afterPropertiesSet(JpaRepositoryFactoryBean.java:132) ~[spring-data-jpa-3.4.0.jar:3.4.0]
	at org.springframework.beans.factory.support.AbstractAutowireCapableBeanFactory.invokeInitMethods(AbstractAutowireCapableBeanFactory.java:1849) ~[spring-beans-6.2.0.jar:6.2.0]
	at org.springframework.beans.factory.support.AbstractAutowireCapableBeanFactory.initializeBean(AbstractAutowireCapableBeanFactory.java:1798) ~[spring-beans-6.2.0.jar:6.2.0]
	at org.springframework.beans.factory.support.AbstractAutowireCapableBeanFactory.doCreateBean(AbstractAutowireCapableBeanFactory.java:601) ~[spring-beans-6.2.0.jar:6.2.0]
	at org.springframework.beans.factory.support.AbstractAutowireCapableBeanFactory.createBean(AbstractAutowireCapableBeanFactory.java:523) ~[spring-beans-6.2.0.jar:6.2.0]
	at org.springframework.beans.factory.support.AbstractBeanFactory.lambda$doGetBean$0(AbstractBeanFactory.java:336) ~[spring-beans-6.2.0.jar:6.2.0]
	at org.springframework.beans.factory.support.DefaultSingletonBeanRegistry.getSingleton(DefaultSingletonBeanRegistry.java:288) ~[spring-beans-6.2.0.jar:6.2.0]
	at org.springframework.beans.factory.support.AbstractBeanFactory.doGetBean(AbstractBeanFactory.java:334) ~[spring-beans-6.2.0.jar:6.2.0]
	at org.springframework.beans.factory.support.AbstractBeanFactory.getBean(AbstractBeanFactory.java:199) ~[spring-beans-6.2.0.jar:6.2.0]
	at org.springframework.beans.factory.support.DefaultListableBeanFactory.doResolveDependency(DefaultListableBeanFactory.java:1568) ~[spring-beans-6.2.0.jar:6.2.0]
	at org.springframework.beans.factory.support.DefaultListableBeanFactory.resolveDependency(DefaultListableBeanFactory.java:1514) ~[spring-beans-6.2.0.jar:6.2.0]
	at org.springframework.beans.factory.support.ConstructorResolver.resolveAutowiredArgument(ConstructorResolver.java:913) ~[spring-beans-6.2.0.jar:6.2.0]
	at org.springframework.beans.factory.support.ConstructorResolver.createArgumentArray(ConstructorResolver.java:791) ~[spring-beans-6.2.0.jar:6.2.0]
	at org.springframework.beans.factory.support.ConstructorResolver.autowireConstructor(ConstructorResolver.java:240) ~[spring-beans-6.2.0.jar:6.2.0]
	at org.springframework.beans.factory.support.AbstractAutowireCapableBeanFactory.autowireConstructor(AbstractAutowireCapableBeanFactory.java:1371) ~[spring-beans-6.2.0.jar:6.2.0]
	at org.springframework.beans.factory.support.AbstractAutowireCapableBeanFactory.createBeanInstance(AbstractAutowireCapableBeanFactory.java:1208) ~[spring-beans-6.2.0.jar:6.2.0]
	at org.springframework.beans.factory.support.AbstractAutowireCapableBeanFactory.doCreateBean(AbstractAutowireCapableBeanFactory.java:563) ~[spring-beans-6.2.0.jar:6.2.0]
	at org.springframework.beans.factory.support.AbstractAutowireCapableBeanFactory.createBean(AbstractAutowireCapableBeanFactory.java:523) ~[spring-beans-6.2.0.jar:6.2.0]
	at org.springframework.beans.factory.support.AbstractBeanFactory.lambda$doGetBean$0(AbstractBeanFactory.java:336) ~[spring-beans-6.2.0.jar:6.2.0]
	at org.springframework.beans.factory.support.DefaultSingletonBeanRegistry.getSingleton(DefaultSingletonBeanRegistry.java:288) ~[spring-beans-6.2.0.jar:6.2.0]
	at org.springframework.beans.factory.support.AbstractBeanFactory.doGetBean(AbstractBeanFactory.java:334) ~[spring-beans-6.2.0.jar:6.2.0]
	at org.springframework.beans.factory.support.AbstractBeanFactory.getBean(AbstractBeanFactory.java:199) ~[spring-beans-6.2.0.jar:6.2.0]
	at org.springframework.beans.factory.config.DependencyDescriptor.resolveCandidate(DependencyDescriptor.java:254) ~[spring-beans-6.2.0.jar:6.2.0]
	at org.springframework.beans.factory.support.DefaultListableBeanFactory.doResolveDependency(DefaultListableBeanFactory.java:1626) ~[spring-beans-6.2.0.jar:6.2.0]
	at org.springframework.beans.factory.support.DefaultListableBeanFactory.resolveDependency(DefaultListableBeanFactory.java:1514) ~[spring-beans-6.2.0.jar:6.2.0]
	at org.springframework.beans.factory.annotation.AutowiredAnnotationBeanPostProcessor$AutowiredFieldElement.resolveFieldValue(AutowiredAnnotationBeanPostProcessor.java:785) ~[spring-beans-6.2.0.jar:6.2.0]
	at org.springframework.beans.factory.annotation.AutowiredAnnotationBeanPostProcessor$AutowiredFieldElement.inject(AutowiredAnnotationBeanPostProcessor.java:768) ~[spring-beans-6.2.0.jar:6.2.0]
	at org.springframework.beans.factory.annotation.InjectionMetadata.inject(InjectionMetadata.java:146) ~[spring-beans-6.2.0.jar:6.2.0]
	at org.springframework.beans.factory.annotation.AutowiredAnnotationBeanPostProcessor.postProcessProperties(AutowiredAnnotationBeanPostProcessor.java:509) ~[spring-beans-6.2.0.jar:6.2.0]
	at org.springframework.beans.factory.support.AbstractAutowireCapableBeanFactory.populateBean(AbstractAutowireCapableBeanFactory.java:1435) ~[spring-beans-6.2.0.jar:6.2.0]
	at org.springframework.beans.factory.support.AbstractAutowireCapableBeanFactory.doCreateBean(AbstractAutowireCapableBeanFactory.java:600) ~[spring-beans-6.2.0.jar:6.2.0]
	at org.springframework.beans.factory.support.AbstractAutowireCapableBeanFactory.createBean(AbstractAutowireCapableBeanFactory.java:523) ~[spring-beans-6.2.0.jar:6.2.0]
	at org.springframework.beans.factory.support.AbstractBeanFactory.lambda$doGetBean$0(AbstractBeanFactory.java:336) ~[spring-beans-6.2.0.jar:6.2.0]
	at org.springframework.beans.factory.support.DefaultSingletonBeanRegistry.getSingleton(DefaultSingletonBeanRegistry.java:288) ~[spring-beans-6.2.0.jar:6.2.0]
	at org.springframework.beans.factory.support.AbstractBeanFactory.doGetBean(AbstractBeanFactory.java:334) ~[spring-beans-6.2.0.jar:6.2.0]
	at org.springframework.beans.factory.support.AbstractBeanFactory.getBean(AbstractBeanFactory.java:199) ~[spring-beans-6.2.0.jar:6.2.0]
	at org.springframework.beans.factory.support.DefaultListableBeanFactory.instantiateSingleton(DefaultListableBeanFactory.java:1122) ~[spring-beans-6.2.0.jar:6.2.0]
	at org.springframework.beans.factory.support.DefaultListableBeanFactory.preInstantiateSingleton(DefaultListableBeanFactory.java:1093) ~[spring-beans-6.2.0.jar:6.2.0]
	at org.springframework.beans.factory.support.DefaultListableBeanFactory.preInstantiateSingletons(DefaultListableBeanFactory.java:1030) ~[spring-beans-6.2.0.jar:6.2.0]
	at org.springframework.context.support.AbstractApplicationContext.finishBeanFactoryInitialization(AbstractApplicationContext.java:987) ~[spring-context-6.2.0.jar:6.2.0]
	at org.springframework.context.support.AbstractApplicationContext.refresh(AbstractApplicationContext.java:627) ~[spring-context-6.2.0.jar:6.2.0]
	at org.springframework.boot.web.servlet.context.ServletWebServerApplicationContext.refresh(ServletWebServerApplicationContext.java:146) ~[spring-boot-3.4.0.jar:3.4.0]
	at org.springframework.boot.SpringApplication.refresh(SpringApplication.java:752) ~[spring-boot-3.4.0.jar:3.4.0]
	at org.springframework.boot.SpringApplication.refreshContext(SpringApplication.java:439) ~[spring-boot-3.4.0.jar:3.4.0]
	at org.springframework.boot.SpringApplication.run(SpringApplication.java:318) ~[spring-boot-3.4.0.jar:3.4.0]
	at org.springframework.boot.SpringApplication.run(SpringApplication.java:1361) ~[spring-boot-3.4.0.jar:3.4.0]
	at org.springframework.boot.SpringApplication.run(SpringApplication.java:1350) ~[spring-boot-3.4.0.jar:3.4.0]
	at com.example.tienda_ms_pedidos.App.main(App.java:10) ~[classes/:na]
	at com.example.tienda_ms_pedidos.AppTest.main(AppTest.java:17) ~[test-classes/:na]
	at java.base/jdk.internal.reflect.DirectMethodHandleAccessor.invoke(DirectMethodHandleAccessor.java:103) ~[na:na]
	at java.base/java.lang.reflect.Method.invoke(Method.java:580) ~[na:na]
	at org.junit.platform.commons.util.ReflectionUtils.invokeMethod(ReflectionUtils.java:767) ~[junit-platform-commons-1.11.3.jar:1.11.3]
	at org.junit.jupiter.engine.execution.MethodInvocation.proceed(MethodInvocation.java:60) ~[junit-jupiter-engine-5.11.3.jar:5.11.3]
	at org.junit.jupiter.engine.execution.InvocationInterceptorChain$ValidatingInvocation.proceed(InvocationInterceptorChain.java:131) ~[junit-jupiter-engine-5.11.3.jar:5.11.3]
	at org.junit.jupiter.engine.extension.TimeoutExtension.intercept(TimeoutExtension.java:156) ~[junit-jupiter-engine-5.11.3.jar:5.11.3]
	at org.junit.jupiter.engine.extension.TimeoutExtension.interceptTestableMethod(TimeoutExtension.java:147) ~[junit-jupiter-engine-5.11.3.jar:5.11.3]
	at org.junit.jupiter.engine.extension.TimeoutExtension.interceptTestMethod(TimeoutExtension.java:86) ~[junit-jupiter-engine-5.11.3.jar:5.11.3]
	at org.junit.jupiter.engine.execution.InterceptingExecutableInvoker$ReflectiveInterceptorCall.lambda$ofVoidMethod$0(InterceptingExecutableInvoker.java:103) ~[junit-jupiter-engine-5.11.3.jar:5.11.3]
	at org.junit.jupiter.engine.execution.InterceptingExecutableInvoker.lambda$invoke$0(InterceptingExecutableInvoker.java:93) ~[junit-jupiter-engine-5.11.3.jar:5.11.3]
	at org.junit.jupiter.engine.execution.InvocationInterceptorChain$InterceptedInvocation.proceed(InvocationInterceptorChain.java:106) ~[junit-jupiter-engine-5.11.3.jar:5.11.3]
	at org.junit.jupiter.engine.execution.InvocationInterceptorChain.proceed(InvocationInterceptorChain.java:64) ~[junit-jupiter-engine-5.11.3.jar:5.11.3]
	at org.junit.jupiter.engine.execution.InvocationInterceptorChain.chainAndInvoke(InvocationInterceptorChain.java:45) ~[junit-jupiter-engine-5.11.3.jar:5.11.3]
	at org.junit.jupiter.engine.execution.InvocationInterceptorChain.invoke(InvocationInterceptorChain.java:37) ~[junit-jupiter-engine-5.11.3.jar:5.11.3]
	at org.junit.jupiter.engine.execution.InterceptingExecutableInvoker.invoke(InterceptingExecutableInvoker.java:92) ~[junit-jupiter-engine-5.11.3.jar:5.11.3]
	at org.junit.jupiter.engine.execution.InterceptingExecutableInvoker.invoke(InterceptingExecutableInvoker.java:86) ~[junit-jupiter-engine-5.11.3.jar:5.11.3]
	at org.junit.jupiter.engine.descriptor.TestMethodTestDescriptor.lambda$invokeTestMethod$8(TestMethodTestDescriptor.java:217) ~[junit-jupiter-engine-5.11.3.jar:5.11.3]
	at org.junit.platform.engine.support.hierarchical.ThrowableCollector.execute(ThrowableCollector.java:73) ~[junit-platform-engine-1.11.3.jar:1.11.3]
	at org.junit.jupiter.engine.descriptor.TestMethodTestDescriptor.invokeTestMethod(TestMethodTestDescriptor.java:213) ~[junit-jupiter-engine-5.11.3.jar:5.11.3]
	at org.junit.jupiter.engine.descriptor.TestMethodTestDescriptor.execute(TestMethodTestDescriptor.java:138) ~[junit-jupiter-engine-5.11.3.jar:5.11.3]
	at org.junit.jupiter.engine.descriptor.TestMethodTestDescriptor.execute(TestMethodTestDescriptor.java:68) ~[junit-jupiter-engine-5.11.3.jar:5.11.3]
	at org.junit.platform.engine.support.hierarchical.NodeTestTask.lambda$executeRecursively$6(NodeTestTask.java:156) ~[junit-platform-engine-1.11.3.jar:1.11.3]
	at org.junit.platform.engine.support.hierarchical.ThrowableCollector.execute(ThrowableCollector.java:73) ~[junit-platform-engine-1.11.3.jar:1.11.3]
	at org.junit.platform.engine.support.hierarchical.NodeTestTask.lambda$executeRecursively$8(NodeTestTask.java:146) ~[junit-platform-engine-1.11.3.jar:1.11.3]
	at org.junit.platform.engine.support.hierarchical.Node.around(Node.java:137) ~[junit-platform-engine-1.11.3.jar:1.11.3]
	at org.junit.platform.engine.support.hierarchical.NodeTestTask.lambda$executeRecursively$9(NodeTestTask.java:144) ~[junit-platform-engine-1.11.3.jar:1.11.3]
	at org.junit.platform.engine.support.hierarchical.ThrowableCollector.execute(ThrowableCollector.java:73) ~[junit-platform-engine-1.11.3.jar:1.11.3]
	at org.junit.platform.engine.support.hierarchical.NodeTestTask.executeRecursively(NodeTestTask.java:143) ~[junit-platform-engine-1.11.3.jar:1.11.3]
	at org.junit.platform.engine.support.hierarchical.NodeTestTask.execute(NodeTestTask.java:100) ~[junit-platform-engine-1.11.3.jar:1.11.3]
	at java.base/java.util.ArrayList.forEach(ArrayList.java:1597) ~[na:na]
	at org.junit.platform.engine.support.hierarchical.SameThreadHierarchicalTestExecutorService.invokeAll(SameThreadHierarchicalTestExecutorService.java:41) ~[junit-platform-engine-1.11.3.jar:1.11.3]
	at org.junit.platform.engine.support.hierarchical.NodeTestTask.lambda$executeRecursively$6(NodeTestTask.java:160) ~[junit-platform-engine-1.11.3.jar:1.11.3]
	at org.junit.platform.engine.support.hierarchical.ThrowableCollector.execute(ThrowableCollector.java:73) ~[junit-platform-engine-1.11.3.jar:1.11.3]
	at org.junit.platform.engine.support.hierarchical.NodeTestTask.lambda$executeRecursively$8(NodeTestTask.java:146) ~[junit-platform-engine-1.11.3.jar:1.11.3]
	at org.junit.platform.engine.support.hierarchical.Node.around(Node.java:137) ~[junit-platform-engine-1.11.3.jar:1.11.3]
	at org.junit.platform.engine.support.hierarchical.NodeTestTask.lambda$executeRecursively$9(NodeTestTask.java:144) ~[junit-platform-engine-1.11.3.jar:1.11.3]
	at org.junit.platform.engine.support.hierarchical.ThrowableCollector.execute(ThrowableCollector.java:73) ~[junit-platform-engine-1.11.3.jar:1.11.3]
	at org.junit.platform.engine.support.hierarchical.NodeTestTask.executeRecursively(NodeTestTask.java:143) ~[junit-platform-engine-1.11.3.jar:1.11.3]
	at org.junit.platform.engine.support.hierarchical.NodeTestTask.execute(NodeTestTask.java:100) ~[junit-platform-engine-1.11.3.jar:1.11.3]
	at java.base/java.util.ArrayList.forEach(ArrayList.java:1597) ~[na:na]
	at org.junit.platform.engine.support.hierarchical.SameThreadHierarchicalTestExecutorService.invokeAll(SameThreadHierarchicalTestExecutorService.java:41) ~[junit-platform-engine-1.11.3.jar:1.11.3]
	at org.junit.platform.engine.support.hierarchical.NodeTestTask.lambda$executeRecursively$6(NodeTestTask.java:160) ~[junit-platform-engine-1.11.3.jar:1.11.3]
	at org.junit.platform.engine.support.hierarchical.ThrowableCollector.execute(ThrowableCollector.java:73) ~[junit-platform-engine-1.11.3.jar:1.11.3]
	at org.junit.platform.engine.support.hierarchical.NodeTestTask.lambda$executeRecursively$8(NodeTestTask.java:146) ~[junit-platform-engine-1.11.3.jar:1.11.3]
	at org.junit.platform.engine.support.hierarchical.Node.around(Node.java:137) ~[junit-platform-engine-1.11.3.jar:1.11.3]
	at org.junit.platform.engine.support.hierarchical.NodeTestTask.lambda$executeRecursively$9(NodeTestTask.java:144) ~[junit-platform-engine-1.11.3.jar:1.11.3]
	at org.junit.platform.engine.support.hierarchical.ThrowableCollector.execute(ThrowableCollector.java:73) ~[junit-platform-engine-1.11.3.jar:1.11.3]
	at org.junit.platform.engine.support.hierarchical.NodeTestTask.executeRecursively(NodeTestTask.java:143) ~[junit-platform-engine-1.11.3.jar:1.11.3]
	at org.junit.platform.engine.support.hierarchical.NodeTestTask.execute(NodeTestTask.java:100) ~[junit-platform-engine-1.11.3.jar:1.11.3]
	at org.junit.platform.engine.support.hierarchical.SameThreadHierarchicalTestExecutorService.submit(SameThreadHierarchicalTestExecutorService.java:35) ~[junit-platform-engine-1.11.3.jar:1.11.3]
	at org.junit.platform.engine.support.hierarchical.HierarchicalTestExecutor.execute(HierarchicalTestExecutor.java:57) ~[junit-platform-engine-1.11.3.jar:1.11.3]
	at org.junit.platform.engine.support.hierarchical.HierarchicalTestEngine.execute(HierarchicalTestEngine.java:54) ~[junit-platform-engine-1.11.3.jar:1.11.3]
	at org.junit.platform.launcher.core.EngineExecutionOrchestrator.execute(EngineExecutionOrchestrator.java:198) ~[junit-platform-launcher-1.11.3.jar:1.11.3]
	at org.junit.platform.launcher.core.EngineExecutionOrchestrator.execute(EngineExecutionOrchestrator.java:169) ~[junit-platform-launcher-1.11.3.jar:1.11.3]
	at org.junit.platform.launcher.core.EngineExecutionOrchestrator.execute(EngineExecutionOrchestrator.java:93) ~[junit-platform-launcher-1.11.3.jar:1.11.3]
	at org.junit.platform.launcher.core.EngineExecutionOrchestrator.lambda$execute$0(EngineExecutionOrchestrator.java:58) ~[junit-platform-launcher-1.11.3.jar:1.11.3]
	at org.junit.platform.launcher.core.EngineExecutionOrchestrator.withInterceptedStreams(EngineExecutionOrchestrator.java:141) ~[junit-platform-launcher-1.11.3.jar:1.11.3]
	at org.junit.platform.launcher.core.EngineExecutionOrchestrator.execute(EngineExecutionOrchestrator.java:57) ~[junit-platform-launcher-1.11.3.jar:1.11.3]
	at org.junit.platform.launcher.core.DefaultLauncher.execute(DefaultLauncher.java:103) ~[junit-platform-launcher-1.11.3.jar:1.11.3]
	at org.junit.platform.launcher.core.DefaultLauncher.execute(DefaultLauncher.java:85) ~[junit-platform-launcher-1.11.3.jar:1.11.3]
	at org.junit.platform.launcher.core.DelegatingLauncher.execute(DelegatingLauncher.java:47) ~[junit-platform-launcher-1.11.3.jar:1.11.3]
	at org.apache.maven.surefire.junitplatform.LazyLauncher.execute(LazyLauncher.java:56) ~[surefire-junit-platform-3.5.2.jar:3.5.2]
	at org.apache.maven.surefire.junitplatform.JUnitPlatformProvider.execute(JUnitPlatformProvider.java:184) ~[surefire-junit-platform-3.5.2.jar:3.5.2]
	at org.apache.maven.surefire.junitplatform.JUnitPlatformProvider.invokeAllTests(JUnitPlatformProvider.java:148) ~[surefire-junit-platform-3.5.2.jar:3.5.2]
	at org.apache.maven.surefire.junitplatform.JUnitPlatformProvider.invoke(JUnitPlatformProvider.java:122) ~[surefire-junit-platform-3.5.2.jar:3.5.2]
	at org.apache.maven.surefire.booter.ForkedBooter.runSuitesInProcess(ForkedBooter.java:385) ~[surefire-booter-3.5.2.jar:3.5.2]
	at org.apache.maven.surefire.booter.ForkedBooter.execute(ForkedBooter.java:162) ~[surefire-booter-3.5.2.jar:3.5.2]
	at org.apache.maven.surefire.booter.ForkedBooter.run(ForkedBooter.java:507) ~[surefire-booter-3.5.2.jar:3.5.2]
	at org.apache.maven.surefire.booter.ForkedBooter.main(ForkedBooter.java:495) ~[surefire-booter-3.5.2.jar:3.5.2]

2024-12-15T14:04:01.879-03:00 DEBUG 25938 --- [tienda-ms-pedidos] [           main] o.s.d.jpa.repository.query.NamedQuery    : Did not find named query DetalleOrden.findByIdProducto
2024-12-15T14:04:01.879-03:00 DEBUG 25938 --- [tienda-ms-pedidos] [           main] tor$SharedEntityManagerInvocationHandler : Creating new EntityManager for shared EntityManager invocation
2024-12-15T14:04:01.880-03:00 DEBUG 25938 --- [tienda-ms-pedidos] [           main] o.s.d.r.c.s.RepositoryFactorySupport     : Finished creation of repository instance for com.example.tienda_ms_pedidos.repository.DetalleOrdenRepository.
2024-12-15T14:04:01.880-03:00 DEBUG 25938 --- [tienda-ms-pedidos] [           main] o.s.b.f.s.DefaultListableBeanFactory     : Autowiring by type from bean name 'detalleOrdenServiceImpl' via constructor to bean named 'detalleOrdenRepository'
2024-12-15T14:04:01.881-03:00 DEBUG 25938 --- [tienda-ms-pedidos] [           main] o.s.b.f.s.DefaultListableBeanFactory     : Creating shared instance of singleton bean 'ordenController'
2024-12-15T14:04:01.881-03:00 DEBUG 25938 --- [tienda-ms-pedidos] [           main] o.s.b.f.s.DefaultListableBeanFactory     : Creating shared instance of singleton bean 'ordenServiceImpl'
2024-12-15T14:04:01.881-03:00 DEBUG 25938 --- [tienda-ms-pedidos] [           main] o.s.b.f.s.DefaultListableBeanFactory     : Creating shared instance of singleton bean 'ordenRepository'
2024-12-15T14:04:01.882-03:00 DEBUG 25938 --- [tienda-ms-pedidos] [           main] o.s.b.f.s.DefaultListableBeanFactory     : Creating shared instance of singleton bean 'jpa.named-queries#1'
2024-12-15T14:04:01.882-03:00 DEBUG 25938 --- [tienda-ms-pedidos] [           main] o.s.b.f.s.DefaultListableBeanFactory     : Creating shared instance of singleton bean 'jpa.OrdenRepository.fragments#0'
2024-12-15T14:04:01.882-03:00 DEBUG 25938 --- [tienda-ms-pedidos] [           main] tor$SharedEntityManagerInvocationHandler : Creating new EntityManager for shared EntityManager invocation
2024-12-15T14:04:01.882-03:00 DEBUG 25938 --- [tienda-ms-pedidos] [           main] o.s.d.r.c.s.RepositoryFactorySupport     : Initializing repository instance for com.example.tienda_ms_pedidos.repository.OrdenRepository…
2024-12-15T14:04:01.882-03:00 DEBUG 25938 --- [tienda-ms-pedidos] [           main] tor$SharedEntityManagerInvocationHandler : Creating new EntityManager for shared EntityManager invocation
2024-12-15T14:04:01.883-03:00 DEBUG 25938 --- [tienda-ms-pedidos] [           main] o.s.d.jpa.repository.query.NamedQuery    : Looking up named query Orden.findByEmail
2024-12-15T14:04:01.883-03:00 DEBUG 25938 --- [tienda-ms-pedidos] [           main] cResourceLocalTransactionCoordinatorImpl : JDBC transaction marked for rollback-only (exception provided for stack trace)

java.lang.Exception: exception just for purpose of providing stack trace
	at org.hibernate.resource.transaction.backend.jdbc.internal.JdbcResourceLocalTransactionCoordinatorImpl$TransactionDriverControlImpl.markRollbackOnly(JdbcResourceLocalTransactionCoordinatorImpl.java:309) ~[hibernate-core-6.6.2.Final.jar:6.6.2.Final]
	at org.hibernate.internal.AbstractSharedSessionContract.buildNamedQuery(AbstractSharedSessionContract.java:1138) ~[hibernate-core-6.6.2.Final.jar:6.6.2.Final]
	at org.hibernate.internal.AbstractSharedSessionContract.createNamedQuery(AbstractSharedSessionContract.java:1016) ~[hibernate-core-6.6.2.Final.jar:6.6.2.Final]
	at org.hibernate.internal.AbstractSharedSessionContract.createNamedQuery(AbstractSharedSessionContract.java:142) ~[hibernate-core-6.6.2.Final.jar:6.6.2.Final]
	at java.base/jdk.internal.reflect.DirectMethodHandleAccessor.invoke(DirectMethodHandleAccessor.java:103) ~[na:na]
	at java.base/java.lang.reflect.Method.invoke(Method.java:580) ~[na:na]
	at org.springframework.orm.jpa.ExtendedEntityManagerCreator$ExtendedEntityManagerInvocationHandler.invoke(ExtendedEntityManagerCreator.java:364) ~[spring-orm-6.2.0.jar:6.2.0]
	at jdk.proxy2/jdk.proxy2.$Proxy135.createNamedQuery(Unknown Source) ~[na:na]
	at org.springframework.data.jpa.repository.query.NamedQuery.hasNamedQuery(NamedQuery.java:113) ~[spring-data-jpa-3.4.0.jar:3.4.0]
	at org.springframework.data.jpa.repository.query.NamedQuery.lookupFrom(NamedQuery.java:139) ~[spring-data-jpa-3.4.0.jar:3.4.0]
	at org.springframework.data.jpa.repository.query.JpaQueryLookupStrategy$DeclaredQueryLookupStrategy.resolveQuery(JpaQueryLookupStrategy.java:184) ~[spring-data-jpa-3.4.0.jar:3.4.0]
	at org.springframework.data.jpa.repository.query.JpaQueryLookupStrategy$CreateIfNotFoundQueryLookupStrategy.resolveQuery(JpaQueryLookupStrategy.java:256) ~[spring-data-jpa-3.4.0.jar:3.4.0]
	at org.springframework.data.jpa.repository.query.JpaQueryLookupStrategy$AbstractQueryLookupStrategy.resolveQuery(JpaQueryLookupStrategy.java:99) ~[spring-data-jpa-3.4.0.jar:3.4.0]
	at org.springframework.data.repository.core.support.QueryExecutorMethodInterceptor.lookupQuery(QueryExecutorMethodInterceptor.java:116) ~[spring-data-commons-3.4.0.jar:3.4.0]
	at org.springframework.data.repository.core.support.QueryExecutorMethodInterceptor.mapMethodsToQuery(QueryExecutorMethodInterceptor.java:104) ~[spring-data-commons-3.4.0.jar:3.4.0]
	at org.springframework.data.repository.core.support.QueryExecutorMethodInterceptor.lambda$new$0(QueryExecutorMethodInterceptor.java:92) ~[spring-data-commons-3.4.0.jar:3.4.0]
	at java.base/java.util.Optional.map(Optional.java:260) ~[na:na]
	at org.springframework.data.repository.core.support.QueryExecutorMethodInterceptor.<init>(QueryExecutorMethodInterceptor.java:92) ~[spring-data-commons-3.4.0.jar:3.4.0]
	at org.springframework.data.repository.core.support.RepositoryFactorySupport.getRepository(RepositoryFactorySupport.java:440) ~[spring-data-commons-3.4.0.jar:3.4.0]
	at org.springframework.data.repository.core.support.RepositoryFactoryBeanSupport.lambda$afterPropertiesSet$4(RepositoryFactoryBeanSupport.java:350) ~[spring-data-commons-3.4.0.jar:3.4.0]
	at org.springframework.data.util.Lazy.getNullable(Lazy.java:135) ~[spring-data-commons-3.4.0.jar:3.4.0]
	at org.springframework.data.util.Lazy.get(Lazy.java:113) ~[spring-data-commons-3.4.0.jar:3.4.0]
	at org.springframework.data.repository.core.support.RepositoryFactoryBeanSupport.afterPropertiesSet(RepositoryFactoryBeanSupport.java:356) ~[spring-data-commons-3.4.0.jar:3.4.0]
	at org.springframework.data.jpa.repository.support.JpaRepositoryFactoryBean.afterPropertiesSet(JpaRepositoryFactoryBean.java:132) ~[spring-data-jpa-3.4.0.jar:3.4.0]
	at org.springframework.beans.factory.support.AbstractAutowireCapableBeanFactory.invokeInitMethods(AbstractAutowireCapableBeanFactory.java:1849) ~[spring-beans-6.2.0.jar:6.2.0]
	at org.springframework.beans.factory.support.AbstractAutowireCapableBeanFactory.initializeBean(AbstractAutowireCapableBeanFactory.java:1798) ~[spring-beans-6.2.0.jar:6.2.0]
	at org.springframework.beans.factory.support.AbstractAutowireCapableBeanFactory.doCreateBean(AbstractAutowireCapableBeanFactory.java:601) ~[spring-beans-6.2.0.jar:6.2.0]
	at org.springframework.beans.factory.support.AbstractAutowireCapableBeanFactory.createBean(AbstractAutowireCapableBeanFactory.java:523) ~[spring-beans-6.2.0.jar:6.2.0]
	at org.springframework.beans.factory.support.AbstractBeanFactory.lambda$doGetBean$0(AbstractBeanFactory.java:336) ~[spring-beans-6.2.0.jar:6.2.0]
	at org.springframework.beans.factory.support.DefaultSingletonBeanRegistry.getSingleton(DefaultSingletonBeanRegistry.java:288) ~[spring-beans-6.2.0.jar:6.2.0]
	at org.springframework.beans.factory.support.AbstractBeanFactory.doGetBean(AbstractBeanFactory.java:334) ~[spring-beans-6.2.0.jar:6.2.0]
	at org.springframework.beans.factory.support.AbstractBeanFactory.getBean(AbstractBeanFactory.java:199) ~[spring-beans-6.2.0.jar:6.2.0]
	at org.springframework.beans.factory.support.DefaultListableBeanFactory.doResolveDependency(DefaultListableBeanFactory.java:1568) ~[spring-beans-6.2.0.jar:6.2.0]
	at org.springframework.beans.factory.support.DefaultListableBeanFactory.resolveDependency(DefaultListableBeanFactory.java:1514) ~[spring-beans-6.2.0.jar:6.2.0]
	at org.springframework.beans.factory.support.ConstructorResolver.resolveAutowiredArgument(ConstructorResolver.java:913) ~[spring-beans-6.2.0.jar:6.2.0]
	at org.springframework.beans.factory.support.ConstructorResolver.createArgumentArray(ConstructorResolver.java:791) ~[spring-beans-6.2.0.jar:6.2.0]
	at org.springframework.beans.factory.support.ConstructorResolver.autowireConstructor(ConstructorResolver.java:240) ~[spring-beans-6.2.0.jar:6.2.0]
	at org.springframework.beans.factory.support.AbstractAutowireCapableBeanFactory.autowireConstructor(AbstractAutowireCapableBeanFactory.java:1371) ~[spring-beans-6.2.0.jar:6.2.0]
	at org.springframework.beans.factory.support.AbstractAutowireCapableBeanFactory.createBeanInstance(AbstractAutowireCapableBeanFactory.java:1208) ~[spring-beans-6.2.0.jar:6.2.0]
	at org.springframework.beans.factory.support.AbstractAutowireCapableBeanFactory.doCreateBean(AbstractAutowireCapableBeanFactory.java:563) ~[spring-beans-6.2.0.jar:6.2.0]
	at org.springframework.beans.factory.support.AbstractAutowireCapableBeanFactory.createBean(AbstractAutowireCapableBeanFactory.java:523) ~[spring-beans-6.2.0.jar:6.2.0]
	at org.springframework.beans.factory.support.AbstractBeanFactory.lambda$doGetBean$0(AbstractBeanFactory.java:336) ~[spring-beans-6.2.0.jar:6.2.0]
	at org.springframework.beans.factory.support.DefaultSingletonBeanRegistry.getSingleton(DefaultSingletonBeanRegistry.java:288) ~[spring-beans-6.2.0.jar:6.2.0]
	at org.springframework.beans.factory.support.AbstractBeanFactory.doGetBean(AbstractBeanFactory.java:334) ~[spring-beans-6.2.0.jar:6.2.0]
	at org.springframework.beans.factory.support.AbstractBeanFactory.getBean(AbstractBeanFactory.java:199) ~[spring-beans-6.2.0.jar:6.2.0]
	at org.springframework.beans.factory.config.DependencyDescriptor.resolveCandidate(DependencyDescriptor.java:254) ~[spring-beans-6.2.0.jar:6.2.0]
	at org.springframework.beans.factory.support.DefaultListableBeanFactory.doResolveDependency(DefaultListableBeanFactory.java:1626) ~[spring-beans-6.2.0.jar:6.2.0]
	at org.springframework.beans.factory.support.DefaultListableBeanFactory.resolveDependency(DefaultListableBeanFactory.java:1514) ~[spring-beans-6.2.0.jar:6.2.0]
	at org.springframework.beans.factory.annotation.AutowiredAnnotationBeanPostProcessor$AutowiredFieldElement.resolveFieldValue(AutowiredAnnotationBeanPostProcessor.java:785) ~[spring-beans-6.2.0.jar:6.2.0]
	at org.springframework.beans.factory.annotation.AutowiredAnnotationBeanPostProcessor$AutowiredFieldElement.inject(AutowiredAnnotationBeanPostProcessor.java:768) ~[spring-beans-6.2.0.jar:6.2.0]
	at org.springframework.beans.factory.annotation.InjectionMetadata.inject(InjectionMetadata.java:146) ~[spring-beans-6.2.0.jar:6.2.0]
	at org.springframework.beans.factory.annotation.AutowiredAnnotationBeanPostProcessor.postProcessProperties(AutowiredAnnotationBeanPostProcessor.java:509) ~[spring-beans-6.2.0.jar:6.2.0]
	at org.springframework.beans.factory.support.AbstractAutowireCapableBeanFactory.populateBean(AbstractAutowireCapableBeanFactory.java:1435) ~[spring-beans-6.2.0.jar:6.2.0]
	at org.springframework.beans.factory.support.AbstractAutowireCapableBeanFactory.doCreateBean(AbstractAutowireCapableBeanFactory.java:600) ~[spring-beans-6.2.0.jar:6.2.0]
	at org.springframework.beans.factory.support.AbstractAutowireCapableBeanFactory.createBean(AbstractAutowireCapableBeanFactory.java:523) ~[spring-beans-6.2.0.jar:6.2.0]
	at org.springframework.beans.factory.support.AbstractBeanFactory.lambda$doGetBean$0(AbstractBeanFactory.java:336) ~[spring-beans-6.2.0.jar:6.2.0]
	at org.springframework.beans.factory.support.DefaultSingletonBeanRegistry.getSingleton(DefaultSingletonBeanRegistry.java:288) ~[spring-beans-6.2.0.jar:6.2.0]
	at org.springframework.beans.factory.support.AbstractBeanFactory.doGetBean(AbstractBeanFactory.java:334) ~[spring-beans-6.2.0.jar:6.2.0]
	at org.springframework.beans.factory.support.AbstractBeanFactory.getBean(AbstractBeanFactory.java:199) ~[spring-beans-6.2.0.jar:6.2.0]
	at org.springframework.beans.factory.support.DefaultListableBeanFactory.instantiateSingleton(DefaultListableBeanFactory.java:1122) ~[spring-beans-6.2.0.jar:6.2.0]
	at org.springframework.beans.factory.support.DefaultListableBeanFactory.preInstantiateSingleton(DefaultListableBeanFactory.java:1093) ~[spring-beans-6.2.0.jar:6.2.0]
	at org.springframework.beans.factory.support.DefaultListableBeanFactory.preInstantiateSingletons(DefaultListableBeanFactory.java:1030) ~[spring-beans-6.2.0.jar:6.2.0]
	at org.springframework.context.support.AbstractApplicationContext.finishBeanFactoryInitialization(AbstractApplicationContext.java:987) ~[spring-context-6.2.0.jar:6.2.0]
	at org.springframework.context.support.AbstractApplicationContext.refresh(AbstractApplicationContext.java:627) ~[spring-context-6.2.0.jar:6.2.0]
	at org.springframework.boot.web.servlet.context.ServletWebServerApplicationContext.refresh(ServletWebServerApplicationContext.java:146) ~[spring-boot-3.4.0.jar:3.4.0]
	at org.springframework.boot.SpringApplication.refresh(SpringApplication.java:752) ~[spring-boot-3.4.0.jar:3.4.0]
	at org.springframework.boot.SpringApplication.refreshContext(SpringApplication.java:439) ~[spring-boot-3.4.0.jar:3.4.0]
	at org.springframework.boot.SpringApplication.run(SpringApplication.java:318) ~[spring-boot-3.4.0.jar:3.4.0]
	at org.springframework.boot.SpringApplication.run(SpringApplication.java:1361) ~[spring-boot-3.4.0.jar:3.4.0]
	at org.springframework.boot.SpringApplication.run(SpringApplication.java:1350) ~[spring-boot-3.4.0.jar:3.4.0]
	at com.example.tienda_ms_pedidos.App.main(App.java:10) ~[classes/:na]
	at com.example.tienda_ms_pedidos.AppTest.main(AppTest.java:17) ~[test-classes/:na]
	at java.base/jdk.internal.reflect.DirectMethodHandleAccessor.invoke(DirectMethodHandleAccessor.java:103) ~[na:na]
	at java.base/java.lang.reflect.Method.invoke(Method.java:580) ~[na:na]
	at org.junit.platform.commons.util.ReflectionUtils.invokeMethod(ReflectionUtils.java:767) ~[junit-platform-commons-1.11.3.jar:1.11.3]
	at org.junit.jupiter.engine.execution.MethodInvocation.proceed(MethodInvocation.java:60) ~[junit-jupiter-engine-5.11.3.jar:5.11.3]
	at org.junit.jupiter.engine.execution.InvocationInterceptorChain$ValidatingInvocation.proceed(InvocationInterceptorChain.java:131) ~[junit-jupiter-engine-5.11.3.jar:5.11.3]
	at org.junit.jupiter.engine.extension.TimeoutExtension.intercept(TimeoutExtension.java:156) ~[junit-jupiter-engine-5.11.3.jar:5.11.3]
	at org.junit.jupiter.engine.extension.TimeoutExtension.interceptTestableMethod(TimeoutExtension.java:147) ~[junit-jupiter-engine-5.11.3.jar:5.11.3]
	at org.junit.jupiter.engine.extension.TimeoutExtension.interceptTestMethod(TimeoutExtension.java:86) ~[junit-jupiter-engine-5.11.3.jar:5.11.3]
	at org.junit.jupiter.engine.execution.InterceptingExecutableInvoker$ReflectiveInterceptorCall.lambda$ofVoidMethod$0(InterceptingExecutableInvoker.java:103) ~[junit-jupiter-engine-5.11.3.jar:5.11.3]
	at org.junit.jupiter.engine.execution.InterceptingExecutableInvoker.lambda$invoke$0(InterceptingExecutableInvoker.java:93) ~[junit-jupiter-engine-5.11.3.jar:5.11.3]
	at org.junit.jupiter.engine.execution.InvocationInterceptorChain$InterceptedInvocation.proceed(InvocationInterceptorChain.java:106) ~[junit-jupiter-engine-5.11.3.jar:5.11.3]
	at org.junit.jupiter.engine.execution.InvocationInterceptorChain.proceed(InvocationInterceptorChain.java:64) ~[junit-jupiter-engine-5.11.3.jar:5.11.3]
	at org.junit.jupiter.engine.execution.InvocationInterceptorChain.chainAndInvoke(InvocationInterceptorChain.java:45) ~[junit-jupiter-engine-5.11.3.jar:5.11.3]
	at org.junit.jupiter.engine.execution.InvocationInterceptorChain.invoke(InvocationInterceptorChain.java:37) ~[junit-jupiter-engine-5.11.3.jar:5.11.3]
	at org.junit.jupiter.engine.execution.InterceptingExecutableInvoker.invoke(InterceptingExecutableInvoker.java:92) ~[junit-jupiter-engine-5.11.3.jar:5.11.3]
	at org.junit.jupiter.engine.execution.InterceptingExecutableInvoker.invoke(InterceptingExecutableInvoker.java:86) ~[junit-jupiter-engine-5.11.3.jar:5.11.3]
	at org.junit.jupiter.engine.descriptor.TestMethodTestDescriptor.lambda$invokeTestMethod$8(TestMethodTestDescriptor.java:217) ~[junit-jupiter-engine-5.11.3.jar:5.11.3]
	at org.junit.platform.engine.support.hierarchical.ThrowableCollector.execute(ThrowableCollector.java:73) ~[junit-platform-engine-1.11.3.jar:1.11.3]
	at org.junit.jupiter.engine.descriptor.TestMethodTestDescriptor.invokeTestMethod(TestMethodTestDescriptor.java:213) ~[junit-jupiter-engine-5.11.3.jar:5.11.3]
	at org.junit.jupiter.engine.descriptor.TestMethodTestDescriptor.execute(TestMethodTestDescriptor.java:138) ~[junit-jupiter-engine-5.11.3.jar:5.11.3]
	at org.junit.jupiter.engine.descriptor.TestMethodTestDescriptor.execute(TestMethodTestDescriptor.java:68) ~[junit-jupiter-engine-5.11.3.jar:5.11.3]
	at org.junit.platform.engine.support.hierarchical.NodeTestTask.lambda$executeRecursively$6(NodeTestTask.java:156) ~[junit-platform-engine-1.11.3.jar:1.11.3]
	at org.junit.platform.engine.support.hierarchical.ThrowableCollector.execute(ThrowableCollector.java:73) ~[junit-platform-engine-1.11.3.jar:1.11.3]
	at org.junit.platform.engine.support.hierarchical.NodeTestTask.lambda$executeRecursively$8(NodeTestTask.java:146) ~[junit-platform-engine-1.11.3.jar:1.11.3]
	at org.junit.platform.engine.support.hierarchical.Node.around(Node.java:137) ~[junit-platform-engine-1.11.3.jar:1.11.3]
	at org.junit.platform.engine.support.hierarchical.NodeTestTask.lambda$executeRecursively$9(NodeTestTask.java:144) ~[junit-platform-engine-1.11.3.jar:1.11.3]
	at org.junit.platform.engine.support.hierarchical.ThrowableCollector.execute(ThrowableCollector.java:73) ~[junit-platform-engine-1.11.3.jar:1.11.3]
	at org.junit.platform.engine.support.hierarchical.NodeTestTask.executeRecursively(NodeTestTask.java:143) ~[junit-platform-engine-1.11.3.jar:1.11.3]
	at org.junit.platform.engine.support.hierarchical.NodeTestTask.execute(NodeTestTask.java:100) ~[junit-platform-engine-1.11.3.jar:1.11.3]
	at java.base/java.util.ArrayList.forEach(ArrayList.java:1597) ~[na:na]
	at org.junit.platform.engine.support.hierarchical.SameThreadHierarchicalTestExecutorService.invokeAll(SameThreadHierarchicalTestExecutorService.java:41) ~[junit-platform-engine-1.11.3.jar:1.11.3]
	at org.junit.platform.engine.support.hierarchical.NodeTestTask.lambda$executeRecursively$6(NodeTestTask.java:160) ~[junit-platform-engine-1.11.3.jar:1.11.3]
	at org.junit.platform.engine.support.hierarchical.ThrowableCollector.execute(ThrowableCollector.java:73) ~[junit-platform-engine-1.11.3.jar:1.11.3]
	at org.junit.platform.engine.support.hierarchical.NodeTestTask.lambda$executeRecursively$8(NodeTestTask.java:146) ~[junit-platform-engine-1.11.3.jar:1.11.3]
	at org.junit.platform.engine.support.hierarchical.Node.around(Node.java:137) ~[junit-platform-engine-1.11.3.jar:1.11.3]
	at org.junit.platform.engine.support.hierarchical.NodeTestTask.lambda$executeRecursively$9(NodeTestTask.java:144) ~[junit-platform-engine-1.11.3.jar:1.11.3]
	at org.junit.platform.engine.support.hierarchical.ThrowableCollector.execute(ThrowableCollector.java:73) ~[junit-platform-engine-1.11.3.jar:1.11.3]
	at org.junit.platform.engine.support.hierarchical.NodeTestTask.executeRecursively(NodeTestTask.java:143) ~[junit-platform-engine-1.11.3.jar:1.11.3]
	at org.junit.platform.engine.support.hierarchical.NodeTestTask.execute(NodeTestTask.java:100) ~[junit-platform-engine-1.11.3.jar:1.11.3]
	at java.base/java.util.ArrayList.forEach(ArrayList.java:1597) ~[na:na]
	at org.junit.platform.engine.support.hierarchical.SameThreadHierarchicalTestExecutorService.invokeAll(SameThreadHierarchicalTestExecutorService.java:41) ~[junit-platform-engine-1.11.3.jar:1.11.3]
	at org.junit.platform.engine.support.hierarchical.NodeTestTask.lambda$executeRecursively$6(NodeTestTask.java:160) ~[junit-platform-engine-1.11.3.jar:1.11.3]
	at org.junit.platform.engine.support.hierarchical.ThrowableCollector.execute(ThrowableCollector.java:73) ~[junit-platform-engine-1.11.3.jar:1.11.3]
	at org.junit.platform.engine.support.hierarchical.NodeTestTask.lambda$executeRecursively$8(NodeTestTask.java:146) ~[junit-platform-engine-1.11.3.jar:1.11.3]
	at org.junit.platform.engine.support.hierarchical.Node.around(Node.java:137) ~[junit-platform-engine-1.11.3.jar:1.11.3]
	at org.junit.platform.engine.support.hierarchical.NodeTestTask.lambda$executeRecursively$9(NodeTestTask.java:144) ~[junit-platform-engine-1.11.3.jar:1.11.3]
	at org.junit.platform.engine.support.hierarchical.ThrowableCollector.execute(ThrowableCollector.java:73) ~[junit-platform-engine-1.11.3.jar:1.11.3]
	at org.junit.platform.engine.support.hierarchical.NodeTestTask.executeRecursively(NodeTestTask.java:143) ~[junit-platform-engine-1.11.3.jar:1.11.3]
	at org.junit.platform.engine.support.hierarchical.NodeTestTask.execute(NodeTestTask.java:100) ~[junit-platform-engine-1.11.3.jar:1.11.3]
	at org.junit.platform.engine.support.hierarchical.SameThreadHierarchicalTestExecutorService.submit(SameThreadHierarchicalTestExecutorService.java:35) ~[junit-platform-engine-1.11.3.jar:1.11.3]
	at org.junit.platform.engine.support.hierarchical.HierarchicalTestExecutor.execute(HierarchicalTestExecutor.java:57) ~[junit-platform-engine-1.11.3.jar:1.11.3]
	at org.junit.platform.engine.support.hierarchical.HierarchicalTestEngine.execute(HierarchicalTestEngine.java:54) ~[junit-platform-engine-1.11.3.jar:1.11.3]
	at org.junit.platform.launcher.core.EngineExecutionOrchestrator.execute(EngineExecutionOrchestrator.java:198) ~[junit-platform-launcher-1.11.3.jar:1.11.3]
	at org.junit.platform.launcher.core.EngineExecutionOrchestrator.execute(EngineExecutionOrchestrator.java:169) ~[junit-platform-launcher-1.11.3.jar:1.11.3]
	at org.junit.platform.launcher.core.EngineExecutionOrchestrator.execute(EngineExecutionOrchestrator.java:93) ~[junit-platform-launcher-1.11.3.jar:1.11.3]
	at org.junit.platform.launcher.core.EngineExecutionOrchestrator.lambda$execute$0(EngineExecutionOrchestrator.java:58) ~[junit-platform-launcher-1.11.3.jar:1.11.3]
	at org.junit.platform.launcher.core.EngineExecutionOrchestrator.withInterceptedStreams(EngineExecutionOrchestrator.java:141) ~[junit-platform-launcher-1.11.3.jar:1.11.3]
	at org.junit.platform.launcher.core.EngineExecutionOrchestrator.execute(EngineExecutionOrchestrator.java:57) ~[junit-platform-launcher-1.11.3.jar:1.11.3]
	at org.junit.platform.launcher.core.DefaultLauncher.execute(DefaultLauncher.java:103) ~[junit-platform-launcher-1.11.3.jar:1.11.3]
	at org.junit.platform.launcher.core.DefaultLauncher.execute(DefaultLauncher.java:85) ~[junit-platform-launcher-1.11.3.jar:1.11.3]
	at org.junit.platform.launcher.core.DelegatingLauncher.execute(DelegatingLauncher.java:47) ~[junit-platform-launcher-1.11.3.jar:1.11.3]
	at org.apache.maven.surefire.junitplatform.LazyLauncher.execute(LazyLauncher.java:56) ~[surefire-junit-platform-3.5.2.jar:3.5.2]
	at org.apache.maven.surefire.junitplatform.JUnitPlatformProvider.execute(JUnitPlatformProvider.java:184) ~[surefire-junit-platform-3.5.2.jar:3.5.2]
	at org.apache.maven.surefire.junitplatform.JUnitPlatformProvider.invokeAllTests(JUnitPlatformProvider.java:148) ~[surefire-junit-platform-3.5.2.jar:3.5.2]
	at org.apache.maven.surefire.junitplatform.JUnitPlatformProvider.invoke(JUnitPlatformProvider.java:122) ~[surefire-junit-platform-3.5.2.jar:3.5.2]
	at org.apache.maven.surefire.booter.ForkedBooter.runSuitesInProcess(ForkedBooter.java:385) ~[surefire-booter-3.5.2.jar:3.5.2]
	at org.apache.maven.surefire.booter.ForkedBooter.execute(ForkedBooter.java:162) ~[surefire-booter-3.5.2.jar:3.5.2]
	at org.apache.maven.surefire.booter.ForkedBooter.run(ForkedBooter.java:507) ~[surefire-booter-3.5.2.jar:3.5.2]
	at org.apache.maven.surefire.booter.ForkedBooter.main(ForkedBooter.java:495) ~[surefire-booter-3.5.2.jar:3.5.2]

2024-12-15T14:04:01.884-03:00 DEBUG 25938 --- [tienda-ms-pedidos] [           main] o.s.d.jpa.repository.query.NamedQuery    : Did not find named query Orden.findByEmail
2024-12-15T14:04:01.884-03:00 DEBUG 25938 --- [tienda-ms-pedidos] [           main] tor$SharedEntityManagerInvocationHandler : Creating new EntityManager for shared EntityManager invocation
2024-12-15T14:04:01.884-03:00 DEBUG 25938 --- [tienda-ms-pedidos] [           main] o.s.d.jpa.repository.query.NamedQuery    : Looking up named query Orden.findByEstado
2024-12-15T14:04:01.885-03:00 DEBUG 25938 --- [tienda-ms-pedidos] [           main] cResourceLocalTransactionCoordinatorImpl : JDBC transaction marked for rollback-only (exception provided for stack trace)

java.lang.Exception: exception just for purpose of providing stack trace
	at org.hibernate.resource.transaction.backend.jdbc.internal.JdbcResourceLocalTransactionCoordinatorImpl$TransactionDriverControlImpl.markRollbackOnly(JdbcResourceLocalTransactionCoordinatorImpl.java:309) ~[hibernate-core-6.6.2.Final.jar:6.6.2.Final]
	at org.hibernate.internal.AbstractSharedSessionContract.buildNamedQuery(AbstractSharedSessionContract.java:1138) ~[hibernate-core-6.6.2.Final.jar:6.6.2.Final]
	at org.hibernate.internal.AbstractSharedSessionContract.createNamedQuery(AbstractSharedSessionContract.java:1016) ~[hibernate-core-6.6.2.Final.jar:6.6.2.Final]
	at org.hibernate.internal.AbstractSharedSessionContract.createNamedQuery(AbstractSharedSessionContract.java:142) ~[hibernate-core-6.6.2.Final.jar:6.6.2.Final]
	at java.base/jdk.internal.reflect.DirectMethodHandleAccessor.invoke(DirectMethodHandleAccessor.java:103) ~[na:na]
	at java.base/java.lang.reflect.Method.invoke(Method.java:580) ~[na:na]
	at org.springframework.orm.jpa.ExtendedEntityManagerCreator$ExtendedEntityManagerInvocationHandler.invoke(ExtendedEntityManagerCreator.java:364) ~[spring-orm-6.2.0.jar:6.2.0]
	at jdk.proxy2/jdk.proxy2.$Proxy135.createNamedQuery(Unknown Source) ~[na:na]
	at org.springframework.data.jpa.repository.query.NamedQuery.hasNamedQuery(NamedQuery.java:113) ~[spring-data-jpa-3.4.0.jar:3.4.0]
	at org.springframework.data.jpa.repository.query.NamedQuery.lookupFrom(NamedQuery.java:139) ~[spring-data-jpa-3.4.0.jar:3.4.0]
	at org.springframework.data.jpa.repository.query.JpaQueryLookupStrategy$DeclaredQueryLookupStrategy.resolveQuery(JpaQueryLookupStrategy.java:184) ~[spring-data-jpa-3.4.0.jar:3.4.0]
	at org.springframework.data.jpa.repository.query.JpaQueryLookupStrategy$CreateIfNotFoundQueryLookupStrategy.resolveQuery(JpaQueryLookupStrategy.java:256) ~[spring-data-jpa-3.4.0.jar:3.4.0]
	at org.springframework.data.jpa.repository.query.JpaQueryLookupStrategy$AbstractQueryLookupStrategy.resolveQuery(JpaQueryLookupStrategy.java:99) ~[spring-data-jpa-3.4.0.jar:3.4.0]
	at org.springframework.data.repository.core.support.QueryExecutorMethodInterceptor.lookupQuery(QueryExecutorMethodInterceptor.java:116) ~[spring-data-commons-3.4.0.jar:3.4.0]
	at org.springframework.data.repository.core.support.QueryExecutorMethodInterceptor.mapMethodsToQuery(QueryExecutorMethodInterceptor.java:104) ~[spring-data-commons-3.4.0.jar:3.4.0]
	at org.springframework.data.repository.core.support.QueryExecutorMethodInterceptor.lambda$new$0(QueryExecutorMethodInterceptor.java:92) ~[spring-data-commons-3.4.0.jar:3.4.0]
	at java.base/java.util.Optional.map(Optional.java:260) ~[na:na]
	at org.springframework.data.repository.core.support.QueryExecutorMethodInterceptor.<init>(QueryExecutorMethodInterceptor.java:92) ~[spring-data-commons-3.4.0.jar:3.4.0]
	at org.springframework.data.repository.core.support.RepositoryFactorySupport.getRepository(RepositoryFactorySupport.java:440) ~[spring-data-commons-3.4.0.jar:3.4.0]
	at org.springframework.data.repository.core.support.RepositoryFactoryBeanSupport.lambda$afterPropertiesSet$4(RepositoryFactoryBeanSupport.java:350) ~[spring-data-commons-3.4.0.jar:3.4.0]
	at org.springframework.data.util.Lazy.getNullable(Lazy.java:135) ~[spring-data-commons-3.4.0.jar:3.4.0]
	at org.springframework.data.util.Lazy.get(Lazy.java:113) ~[spring-data-commons-3.4.0.jar:3.4.0]
	at org.springframework.data.repository.core.support.RepositoryFactoryBeanSupport.afterPropertiesSet(RepositoryFactoryBeanSupport.java:356) ~[spring-data-commons-3.4.0.jar:3.4.0]
	at org.springframework.data.jpa.repository.support.JpaRepositoryFactoryBean.afterPropertiesSet(JpaRepositoryFactoryBean.java:132) ~[spring-data-jpa-3.4.0.jar:3.4.0]
	at org.springframework.beans.factory.support.AbstractAutowireCapableBeanFactory.invokeInitMethods(AbstractAutowireCapableBeanFactory.java:1849) ~[spring-beans-6.2.0.jar:6.2.0]
	at org.springframework.beans.factory.support.AbstractAutowireCapableBeanFactory.initializeBean(AbstractAutowireCapableBeanFactory.java:1798) ~[spring-beans-6.2.0.jar:6.2.0]
	at org.springframework.beans.factory.support.AbstractAutowireCapableBeanFactory.doCreateBean(AbstractAutowireCapableBeanFactory.java:601) ~[spring-beans-6.2.0.jar:6.2.0]
	at org.springframework.beans.factory.support.AbstractAutowireCapableBeanFactory.createBean(AbstractAutowireCapableBeanFactory.java:523) ~[spring-beans-6.2.0.jar:6.2.0]
	at org.springframework.beans.factory.support.AbstractBeanFactory.lambda$doGetBean$0(AbstractBeanFactory.java:336) ~[spring-beans-6.2.0.jar:6.2.0]
	at org.springframework.beans.factory.support.DefaultSingletonBeanRegistry.getSingleton(DefaultSingletonBeanRegistry.java:288) ~[spring-beans-6.2.0.jar:6.2.0]
	at org.springframework.beans.factory.support.AbstractBeanFactory.doGetBean(AbstractBeanFactory.java:334) ~[spring-beans-6.2.0.jar:6.2.0]
	at org.springframework.beans.factory.support.AbstractBeanFactory.getBean(AbstractBeanFactory.java:199) ~[spring-beans-6.2.0.jar:6.2.0]
	at org.springframework.beans.factory.support.DefaultListableBeanFactory.doResolveDependency(DefaultListableBeanFactory.java:1568) ~[spring-beans-6.2.0.jar:6.2.0]
	at org.springframework.beans.factory.support.DefaultListableBeanFactory.resolveDependency(DefaultListableBeanFactory.java:1514) ~[spring-beans-6.2.0.jar:6.2.0]
	at org.springframework.beans.factory.support.ConstructorResolver.resolveAutowiredArgument(ConstructorResolver.java:913) ~[spring-beans-6.2.0.jar:6.2.0]
	at org.springframework.beans.factory.support.ConstructorResolver.createArgumentArray(ConstructorResolver.java:791) ~[spring-beans-6.2.0.jar:6.2.0]
	at org.springframework.beans.factory.support.ConstructorResolver.autowireConstructor(ConstructorResolver.java:240) ~[spring-beans-6.2.0.jar:6.2.0]
	at org.springframework.beans.factory.support.AbstractAutowireCapableBeanFactory.autowireConstructor(AbstractAutowireCapableBeanFactory.java:1371) ~[spring-beans-6.2.0.jar:6.2.0]
	at org.springframework.beans.factory.support.AbstractAutowireCapableBeanFactory.createBeanInstance(AbstractAutowireCapableBeanFactory.java:1208) ~[spring-beans-6.2.0.jar:6.2.0]
	at org.springframework.beans.factory.support.AbstractAutowireCapableBeanFactory.doCreateBean(AbstractAutowireCapableBeanFactory.java:563) ~[spring-beans-6.2.0.jar:6.2.0]
	at org.springframework.beans.factory.support.AbstractAutowireCapableBeanFactory.createBean(AbstractAutowireCapableBeanFactory.java:523) ~[spring-beans-6.2.0.jar:6.2.0]
	at org.springframework.beans.factory.support.AbstractBeanFactory.lambda$doGetBean$0(AbstractBeanFactory.java:336) ~[spring-beans-6.2.0.jar:6.2.0]
	at org.springframework.beans.factory.support.DefaultSingletonBeanRegistry.getSingleton(DefaultSingletonBeanRegistry.java:288) ~[spring-beans-6.2.0.jar:6.2.0]
	at org.springframework.beans.factory.support.AbstractBeanFactory.doGetBean(AbstractBeanFactory.java:334) ~[spring-beans-6.2.0.jar:6.2.0]
	at org.springframework.beans.factory.support.AbstractBeanFactory.getBean(AbstractBeanFactory.java:199) ~[spring-beans-6.2.0.jar:6.2.0]
	at org.springframework.beans.factory.config.DependencyDescriptor.resolveCandidate(DependencyDescriptor.java:254) ~[spring-beans-6.2.0.jar:6.2.0]
	at org.springframework.beans.factory.support.DefaultListableBeanFactory.doResolveDependency(DefaultListableBeanFactory.java:1626) ~[spring-beans-6.2.0.jar:6.2.0]
	at org.springframework.beans.factory.support.DefaultListableBeanFactory.resolveDependency(DefaultListableBeanFactory.java:1514) ~[spring-beans-6.2.0.jar:6.2.0]
	at org.springframework.beans.factory.annotation.AutowiredAnnotationBeanPostProcessor$AutowiredFieldElement.resolveFieldValue(AutowiredAnnotationBeanPostProcessor.java:785) ~[spring-beans-6.2.0.jar:6.2.0]
	at org.springframework.beans.factory.annotation.AutowiredAnnotationBeanPostProcessor$AutowiredFieldElement.inject(AutowiredAnnotationBeanPostProcessor.java:768) ~[spring-beans-6.2.0.jar:6.2.0]
	at org.springframework.beans.factory.annotation.InjectionMetadata.inject(InjectionMetadata.java:146) ~[spring-beans-6.2.0.jar:6.2.0]
	at org.springframework.beans.factory.annotation.AutowiredAnnotationBeanPostProcessor.postProcessProperties(AutowiredAnnotationBeanPostProcessor.java:509) ~[spring-beans-6.2.0.jar:6.2.0]
	at org.springframework.beans.factory.support.AbstractAutowireCapableBeanFactory.populateBean(AbstractAutowireCapableBeanFactory.java:1435) ~[spring-beans-6.2.0.jar:6.2.0]
	at org.springframework.beans.factory.support.AbstractAutowireCapableBeanFactory.doCreateBean(AbstractAutowireCapableBeanFactory.java:600) ~[spring-beans-6.2.0.jar:6.2.0]
	at org.springframework.beans.factory.support.AbstractAutowireCapableBeanFactory.createBean(AbstractAutowireCapableBeanFactory.java:523) ~[spring-beans-6.2.0.jar:6.2.0]
	at org.springframework.beans.factory.support.AbstractBeanFactory.lambda$doGetBean$0(AbstractBeanFactory.java:336) ~[spring-beans-6.2.0.jar:6.2.0]
	at org.springframework.beans.factory.support.DefaultSingletonBeanRegistry.getSingleton(DefaultSingletonBeanRegistry.java:288) ~[spring-beans-6.2.0.jar:6.2.0]
	at org.springframework.beans.factory.support.AbstractBeanFactory.doGetBean(AbstractBeanFactory.java:334) ~[spring-beans-6.2.0.jar:6.2.0]
	at org.springframework.beans.factory.support.AbstractBeanFactory.getBean(AbstractBeanFactory.java:199) ~[spring-beans-6.2.0.jar:6.2.0]
	at org.springframework.beans.factory.support.DefaultListableBeanFactory.instantiateSingleton(DefaultListableBeanFactory.java:1122) ~[spring-beans-6.2.0.jar:6.2.0]
	at org.springframework.beans.factory.support.DefaultListableBeanFactory.preInstantiateSingleton(DefaultListableBeanFactory.java:1093) ~[spring-beans-6.2.0.jar:6.2.0]
	at org.springframework.beans.factory.support.DefaultListableBeanFactory.preInstantiateSingletons(DefaultListableBeanFactory.java:1030) ~[spring-beans-6.2.0.jar:6.2.0]
	at org.springframework.context.support.AbstractApplicationContext.finishBeanFactoryInitialization(AbstractApplicationContext.java:987) ~[spring-context-6.2.0.jar:6.2.0]
	at org.springframework.context.support.AbstractApplicationContext.refresh(AbstractApplicationContext.java:627) ~[spring-context-6.2.0.jar:6.2.0]
	at org.springframework.boot.web.servlet.context.ServletWebServerApplicationContext.refresh(ServletWebServerApplicationContext.java:146) ~[spring-boot-3.4.0.jar:3.4.0]
	at org.springframework.boot.SpringApplication.refresh(SpringApplication.java:752) ~[spring-boot-3.4.0.jar:3.4.0]
	at org.springframework.boot.SpringApplication.refreshContext(SpringApplication.java:439) ~[spring-boot-3.4.0.jar:3.4.0]
	at org.springframework.boot.SpringApplication.run(SpringApplication.java:318) ~[spring-boot-3.4.0.jar:3.4.0]
	at org.springframework.boot.SpringApplication.run(SpringApplication.java:1361) ~[spring-boot-3.4.0.jar:3.4.0]
	at org.springframework.boot.SpringApplication.run(SpringApplication.java:1350) ~[spring-boot-3.4.0.jar:3.4.0]
	at com.example.tienda_ms_pedidos.App.main(App.java:10) ~[classes/:na]
	at com.example.tienda_ms_pedidos.AppTest.main(AppTest.java:17) ~[test-classes/:na]
	at java.base/jdk.internal.reflect.DirectMethodHandleAccessor.invoke(DirectMethodHandleAccessor.java:103) ~[na:na]
	at java.base/java.lang.reflect.Method.invoke(Method.java:580) ~[na:na]
	at org.junit.platform.commons.util.ReflectionUtils.invokeMethod(ReflectionUtils.java:767) ~[junit-platform-commons-1.11.3.jar:1.11.3]
	at org.junit.jupiter.engine.execution.MethodInvocation.proceed(MethodInvocation.java:60) ~[junit-jupiter-engine-5.11.3.jar:5.11.3]
	at org.junit.jupiter.engine.execution.InvocationInterceptorChain$ValidatingInvocation.proceed(InvocationInterceptorChain.java:131) ~[junit-jupiter-engine-5.11.3.jar:5.11.3]
	at org.junit.jupiter.engine.extension.TimeoutExtension.intercept(TimeoutExtension.java:156) ~[junit-jupiter-engine-5.11.3.jar:5.11.3]
	at org.junit.jupiter.engine.extension.TimeoutExtension.interceptTestableMethod(TimeoutExtension.java:147) ~[junit-jupiter-engine-5.11.3.jar:5.11.3]
	at org.junit.jupiter.engine.extension.TimeoutExtension.interceptTestMethod(TimeoutExtension.java:86) ~[junit-jupiter-engine-5.11.3.jar:5.11.3]
	at org.junit.jupiter.engine.execution.InterceptingExecutableInvoker$ReflectiveInterceptorCall.lambda$ofVoidMethod$0(InterceptingExecutableInvoker.java:103) ~[junit-jupiter-engine-5.11.3.jar:5.11.3]
	at org.junit.jupiter.engine.execution.InterceptingExecutableInvoker.lambda$invoke$0(InterceptingExecutableInvoker.java:93) ~[junit-jupiter-engine-5.11.3.jar:5.11.3]
	at org.junit.jupiter.engine.execution.InvocationInterceptorChain$InterceptedInvocation.proceed(InvocationInterceptorChain.java:106) ~[junit-jupiter-engine-5.11.3.jar:5.11.3]
	at org.junit.jupiter.engine.execution.InvocationInterceptorChain.proceed(InvocationInterceptorChain.java:64) ~[junit-jupiter-engine-5.11.3.jar:5.11.3]
	at org.junit.jupiter.engine.execution.InvocationInterceptorChain.chainAndInvoke(InvocationInterceptorChain.java:45) ~[junit-jupiter-engine-5.11.3.jar:5.11.3]
	at org.junit.jupiter.engine.execution.InvocationInterceptorChain.invoke(InvocationInterceptorChain.java:37) ~[junit-jupiter-engine-5.11.3.jar:5.11.3]
	at org.junit.jupiter.engine.execution.InterceptingExecutableInvoker.invoke(InterceptingExecutableInvoker.java:92) ~[junit-jupiter-engine-5.11.3.jar:5.11.3]
	at org.junit.jupiter.engine.execution.InterceptingExecutableInvoker.invoke(InterceptingExecutableInvoker.java:86) ~[junit-jupiter-engine-5.11.3.jar:5.11.3]
	at org.junit.jupiter.engine.descriptor.TestMethodTestDescriptor.lambda$invokeTestMethod$8(TestMethodTestDescriptor.java:217) ~[junit-jupiter-engine-5.11.3.jar:5.11.3]
	at org.junit.platform.engine.support.hierarchical.ThrowableCollector.execute(ThrowableCollector.java:73) ~[junit-platform-engine-1.11.3.jar:1.11.3]
	at org.junit.jupiter.engine.descriptor.TestMethodTestDescriptor.invokeTestMethod(TestMethodTestDescriptor.java:213) ~[junit-jupiter-engine-5.11.3.jar:5.11.3]
	at org.junit.jupiter.engine.descriptor.TestMethodTestDescriptor.execute(TestMethodTestDescriptor.java:138) ~[junit-jupiter-engine-5.11.3.jar:5.11.3]
	at org.junit.jupiter.engine.descriptor.TestMethodTestDescriptor.execute(TestMethodTestDescriptor.java:68) ~[junit-jupiter-engine-5.11.3.jar:5.11.3]
	at org.junit.platform.engine.support.hierarchical.NodeTestTask.lambda$executeRecursively$6(NodeTestTask.java:156) ~[junit-platform-engine-1.11.3.jar:1.11.3]
	at org.junit.platform.engine.support.hierarchical.ThrowableCollector.execute(ThrowableCollector.java:73) ~[junit-platform-engine-1.11.3.jar:1.11.3]
	at org.junit.platform.engine.support.hierarchical.NodeTestTask.lambda$executeRecursively$8(NodeTestTask.java:146) ~[junit-platform-engine-1.11.3.jar:1.11.3]
	at org.junit.platform.engine.support.hierarchical.Node.around(Node.java:137) ~[junit-platform-engine-1.11.3.jar:1.11.3]
	at org.junit.platform.engine.support.hierarchical.NodeTestTask.lambda$executeRecursively$9(NodeTestTask.java:144) ~[junit-platform-engine-1.11.3.jar:1.11.3]
	at org.junit.platform.engine.support.hierarchical.ThrowableCollector.execute(ThrowableCollector.java:73) ~[junit-platform-engine-1.11.3.jar:1.11.3]
	at org.junit.platform.engine.support.hierarchical.NodeTestTask.executeRecursively(NodeTestTask.java:143) ~[junit-platform-engine-1.11.3.jar:1.11.3]
	at org.junit.platform.engine.support.hierarchical.NodeTestTask.execute(NodeTestTask.java:100) ~[junit-platform-engine-1.11.3.jar:1.11.3]
	at java.base/java.util.ArrayList.forEach(ArrayList.java:1597) ~[na:na]
	at org.junit.platform.engine.support.hierarchical.SameThreadHierarchicalTestExecutorService.invokeAll(SameThreadHierarchicalTestExecutorService.java:41) ~[junit-platform-engine-1.11.3.jar:1.11.3]
	at org.junit.platform.engine.support.hierarchical.NodeTestTask.lambda$executeRecursively$6(NodeTestTask.java:160) ~[junit-platform-engine-1.11.3.jar:1.11.3]
	at org.junit.platform.engine.support.hierarchical.ThrowableCollector.execute(ThrowableCollector.java:73) ~[junit-platform-engine-1.11.3.jar:1.11.3]
	at org.junit.platform.engine.support.hierarchical.NodeTestTask.lambda$executeRecursively$8(NodeTestTask.java:146) ~[junit-platform-engine-1.11.3.jar:1.11.3]
	at org.junit.platform.engine.support.hierarchical.Node.around(Node.java:137) ~[junit-platform-engine-1.11.3.jar:1.11.3]
	at org.junit.platform.engine.support.hierarchical.NodeTestTask.lambda$executeRecursively$9(NodeTestTask.java:144) ~[junit-platform-engine-1.11.3.jar:1.11.3]
	at org.junit.platform.engine.support.hierarchical.ThrowableCollector.execute(ThrowableCollector.java:73) ~[junit-platform-engine-1.11.3.jar:1.11.3]
	at org.junit.platform.engine.support.hierarchical.NodeTestTask.executeRecursively(NodeTestTask.java:143) ~[junit-platform-engine-1.11.3.jar:1.11.3]
	at org.junit.platform.engine.support.hierarchical.NodeTestTask.execute(NodeTestTask.java:100) ~[junit-platform-engine-1.11.3.jar:1.11.3]
	at java.base/java.util.ArrayList.forEach(ArrayList.java:1597) ~[na:na]
	at org.junit.platform.engine.support.hierarchical.SameThreadHierarchicalTestExecutorService.invokeAll(SameThreadHierarchicalTestExecutorService.java:41) ~[junit-platform-engine-1.11.3.jar:1.11.3]
	at org.junit.platform.engine.support.hierarchical.NodeTestTask.lambda$executeRecursively$6(NodeTestTask.java:160) ~[junit-platform-engine-1.11.3.jar:1.11.3]
	at org.junit.platform.engine.support.hierarchical.ThrowableCollector.execute(ThrowableCollector.java:73) ~[junit-platform-engine-1.11.3.jar:1.11.3]
	at org.junit.platform.engine.support.hierarchical.NodeTestTask.lambda$executeRecursively$8(NodeTestTask.java:146) ~[junit-platform-engine-1.11.3.jar:1.11.3]
	at org.junit.platform.engine.support.hierarchical.Node.around(Node.java:137) ~[junit-platform-engine-1.11.3.jar:1.11.3]
	at org.junit.platform.engine.support.hierarchical.NodeTestTask.lambda$executeRecursively$9(NodeTestTask.java:144) ~[junit-platform-engine-1.11.3.jar:1.11.3]
	at org.junit.platform.engine.support.hierarchical.ThrowableCollector.execute(ThrowableCollector.java:73) ~[junit-platform-engine-1.11.3.jar:1.11.3]
	at org.junit.platform.engine.support.hierarchical.NodeTestTask.executeRecursively(NodeTestTask.java:143) ~[junit-platform-engine-1.11.3.jar:1.11.3]
	at org.junit.platform.engine.support.hierarchical.NodeTestTask.execute(NodeTestTask.java:100) ~[junit-platform-engine-1.11.3.jar:1.11.3]
	at org.junit.platform.engine.support.hierarchical.SameThreadHierarchicalTestExecutorService.submit(SameThreadHierarchicalTestExecutorService.java:35) ~[junit-platform-engine-1.11.3.jar:1.11.3]
	at org.junit.platform.engine.support.hierarchical.HierarchicalTestExecutor.execute(HierarchicalTestExecutor.java:57) ~[junit-platform-engine-1.11.3.jar:1.11.3]
	at org.junit.platform.engine.support.hierarchical.HierarchicalTestEngine.execute(HierarchicalTestEngine.java:54) ~[junit-platform-engine-1.11.3.jar:1.11.3]
	at org.junit.platform.launcher.core.EngineExecutionOrchestrator.execute(EngineExecutionOrchestrator.java:198) ~[junit-platform-launcher-1.11.3.jar:1.11.3]
	at org.junit.platform.launcher.core.EngineExecutionOrchestrator.execute(EngineExecutionOrchestrator.java:169) ~[junit-platform-launcher-1.11.3.jar:1.11.3]
	at org.junit.platform.launcher.core.EngineExecutionOrchestrator.execute(EngineExecutionOrchestrator.java:93) ~[junit-platform-launcher-1.11.3.jar:1.11.3]
	at org.junit.platform.launcher.core.EngineExecutionOrchestrator.lambda$execute$0(EngineExecutionOrchestrator.java:58) ~[junit-platform-launcher-1.11.3.jar:1.11.3]
	at org.junit.platform.launcher.core.EngineExecutionOrchestrator.withInterceptedStreams(EngineExecutionOrchestrator.java:141) ~[junit-platform-launcher-1.11.3.jar:1.11.3]
	at org.junit.platform.launcher.core.EngineExecutionOrchestrator.execute(EngineExecutionOrchestrator.java:57) ~[junit-platform-launcher-1.11.3.jar:1.11.3]
	at org.junit.platform.launcher.core.DefaultLauncher.execute(DefaultLauncher.java:103) ~[junit-platform-launcher-1.11.3.jar:1.11.3]
	at org.junit.platform.launcher.core.DefaultLauncher.execute(DefaultLauncher.java:85) ~[junit-platform-launcher-1.11.3.jar:1.11.3]
	at org.junit.platform.launcher.core.DelegatingLauncher.execute(DelegatingLauncher.java:47) ~[junit-platform-launcher-1.11.3.jar:1.11.3]
	at org.apache.maven.surefire.junitplatform.LazyLauncher.execute(LazyLauncher.java:56) ~[surefire-junit-platform-3.5.2.jar:3.5.2]
	at org.apache.maven.surefire.junitplatform.JUnitPlatformProvider.execute(JUnitPlatformProvider.java:184) ~[surefire-junit-platform-3.5.2.jar:3.5.2]
	at org.apache.maven.surefire.junitplatform.JUnitPlatformProvider.invokeAllTests(JUnitPlatformProvider.java:148) ~[surefire-junit-platform-3.5.2.jar:3.5.2]
	at org.apache.maven.surefire.junitplatform.JUnitPlatformProvider.invoke(JUnitPlatformProvider.java:122) ~[surefire-junit-platform-3.5.2.jar:3.5.2]
	at org.apache.maven.surefire.booter.ForkedBooter.runSuitesInProcess(ForkedBooter.java:385) ~[surefire-booter-3.5.2.jar:3.5.2]
	at org.apache.maven.surefire.booter.ForkedBooter.execute(ForkedBooter.java:162) ~[surefire-booter-3.5.2.jar:3.5.2]
	at org.apache.maven.surefire.booter.ForkedBooter.run(ForkedBooter.java:507) ~[surefire-booter-3.5.2.jar:3.5.2]
	at org.apache.maven.surefire.booter.ForkedBooter.main(ForkedBooter.java:495) ~[surefire-booter-3.5.2.jar:3.5.2]

2024-12-15T14:04:01.885-03:00 DEBUG 25938 --- [tienda-ms-pedidos] [           main] o.s.d.jpa.repository.query.NamedQuery    : Did not find named query Orden.findByEstado
2024-12-15T14:04:01.885-03:00 DEBUG 25938 --- [tienda-ms-pedidos] [           main] tor$SharedEntityManagerInvocationHandler : Creating new EntityManager for shared EntityManager invocation
2024-12-15T14:04:01.886-03:00 DEBUG 25938 --- [tienda-ms-pedidos] [           main] cResourceLocalTransactionCoordinatorImpl : JDBC transaction marked for rollback-only (exception provided for stack trace)

java.lang.Exception: exception just for purpose of providing stack trace
	at org.hibernate.resource.transaction.backend.jdbc.internal.JdbcResourceLocalTransactionCoordinatorImpl$TransactionDriverControlImpl.markRollbackOnly(JdbcResourceLocalTransactionCoordinatorImpl.java:309) ~[hibernate-core-6.6.2.Final.jar:6.6.2.Final]
	at org.hibernate.internal.AbstractSharedSessionContract.buildNamedQuery(AbstractSharedSessionContract.java:1138) ~[hibernate-core-6.6.2.Final.jar:6.6.2.Final]
	at org.hibernate.internal.AbstractSharedSessionContract.createNamedQuery(AbstractSharedSessionContract.java:1016) ~[hibernate-core-6.6.2.Final.jar:6.6.2.Final]
	at org.hibernate.internal.AbstractSharedSessionContract.createNamedQuery(AbstractSharedSessionContract.java:142) ~[hibernate-core-6.6.2.Final.jar:6.6.2.Final]
	at java.base/jdk.internal.reflect.DirectMethodHandleAccessor.invoke(DirectMethodHandleAccessor.java:103) ~[na:na]
	at java.base/java.lang.reflect.Method.invoke(Method.java:580) ~[na:na]
	at org.springframework.orm.jpa.ExtendedEntityManagerCreator$ExtendedEntityManagerInvocationHandler.invoke(ExtendedEntityManagerCreator.java:364) ~[spring-orm-6.2.0.jar:6.2.0]
	at jdk.proxy2/jdk.proxy2.$Proxy135.createNamedQuery(Unknown Source) ~[na:na]
	at org.springframework.data.jpa.repository.query.NamedQuery.hasNamedQuery(NamedQuery.java:113) ~[spring-data-jpa-3.4.0.jar:3.4.0]
	at org.springframework.data.jpa.repository.query.JpaQueryLookupStrategy$DeclaredQueryLookupStrategy.getCountQuery(JpaQueryLookupStrategy.java:208) ~[spring-data-jpa-3.4.0.jar:3.4.0]
	at org.springframework.data.jpa.repository.query.JpaQueryLookupStrategy$DeclaredQueryLookupStrategy.resolveQuery(JpaQueryLookupStrategy.java:175) ~[spring-data-jpa-3.4.0.jar:3.4.0]
	at org.springframework.data.jpa.repository.query.JpaQueryLookupStrategy$CreateIfNotFoundQueryLookupStrategy.resolveQuery(JpaQueryLookupStrategy.java:256) ~[spring-data-jpa-3.4.0.jar:3.4.0]
	at org.springframework.data.jpa.repository.query.JpaQueryLookupStrategy$AbstractQueryLookupStrategy.resolveQuery(JpaQueryLookupStrategy.java:99) ~[spring-data-jpa-3.4.0.jar:3.4.0]
	at org.springframework.data.repository.core.support.QueryExecutorMethodInterceptor.lookupQuery(QueryExecutorMethodInterceptor.java:116) ~[spring-data-commons-3.4.0.jar:3.4.0]
	at org.springframework.data.repository.core.support.QueryExecutorMethodInterceptor.mapMethodsToQuery(QueryExecutorMethodInterceptor.java:104) ~[spring-data-commons-3.4.0.jar:3.4.0]
	at org.springframework.data.repository.core.support.QueryExecutorMethodInterceptor.lambda$new$0(QueryExecutorMethodInterceptor.java:92) ~[spring-data-commons-3.4.0.jar:3.4.0]
	at java.base/java.util.Optional.map(Optional.java:260) ~[na:na]
	at org.springframework.data.repository.core.support.QueryExecutorMethodInterceptor.<init>(QueryExecutorMethodInterceptor.java:92) ~[spring-data-commons-3.4.0.jar:3.4.0]
	at org.springframework.data.repository.core.support.RepositoryFactorySupport.getRepository(RepositoryFactorySupport.java:440) ~[spring-data-commons-3.4.0.jar:3.4.0]
	at org.springframework.data.repository.core.support.RepositoryFactoryBeanSupport.lambda$afterPropertiesSet$4(RepositoryFactoryBeanSupport.java:350) ~[spring-data-commons-3.4.0.jar:3.4.0]
	at org.springframework.data.util.Lazy.getNullable(Lazy.java:135) ~[spring-data-commons-3.4.0.jar:3.4.0]
	at org.springframework.data.util.Lazy.get(Lazy.java:113) ~[spring-data-commons-3.4.0.jar:3.4.0]
	at org.springframework.data.repository.core.support.RepositoryFactoryBeanSupport.afterPropertiesSet(RepositoryFactoryBeanSupport.java:356) ~[spring-data-commons-3.4.0.jar:3.4.0]
	at org.springframework.data.jpa.repository.support.JpaRepositoryFactoryBean.afterPropertiesSet(JpaRepositoryFactoryBean.java:132) ~[spring-data-jpa-3.4.0.jar:3.4.0]
	at org.springframework.beans.factory.support.AbstractAutowireCapableBeanFactory.invokeInitMethods(AbstractAutowireCapableBeanFactory.java:1849) ~[spring-beans-6.2.0.jar:6.2.0]
	at org.springframework.beans.factory.support.AbstractAutowireCapableBeanFactory.initializeBean(AbstractAutowireCapableBeanFactory.java:1798) ~[spring-beans-6.2.0.jar:6.2.0]
	at org.springframework.beans.factory.support.AbstractAutowireCapableBeanFactory.doCreateBean(AbstractAutowireCapableBeanFactory.java:601) ~[spring-beans-6.2.0.jar:6.2.0]
	at org.springframework.beans.factory.support.AbstractAutowireCapableBeanFactory.createBean(AbstractAutowireCapableBeanFactory.java:523) ~[spring-beans-6.2.0.jar:6.2.0]
	at org.springframework.beans.factory.support.AbstractBeanFactory.lambda$doGetBean$0(AbstractBeanFactory.java:336) ~[spring-beans-6.2.0.jar:6.2.0]
	at org.springframework.beans.factory.support.DefaultSingletonBeanRegistry.getSingleton(DefaultSingletonBeanRegistry.java:288) ~[spring-beans-6.2.0.jar:6.2.0]
	at org.springframework.beans.factory.support.AbstractBeanFactory.doGetBean(AbstractBeanFactory.java:334) ~[spring-beans-6.2.0.jar:6.2.0]
	at org.springframework.beans.factory.support.AbstractBeanFactory.getBean(AbstractBeanFactory.java:199) ~[spring-beans-6.2.0.jar:6.2.0]
	at org.springframework.beans.factory.support.DefaultListableBeanFactory.doResolveDependency(DefaultListableBeanFactory.java:1568) ~[spring-beans-6.2.0.jar:6.2.0]
	at org.springframework.beans.factory.support.DefaultListableBeanFactory.resolveDependency(DefaultListableBeanFactory.java:1514) ~[spring-beans-6.2.0.jar:6.2.0]
	at org.springframework.beans.factory.support.ConstructorResolver.resolveAutowiredArgument(ConstructorResolver.java:913) ~[spring-beans-6.2.0.jar:6.2.0]
	at org.springframework.beans.factory.support.ConstructorResolver.createArgumentArray(ConstructorResolver.java:791) ~[spring-beans-6.2.0.jar:6.2.0]
	at org.springframework.beans.factory.support.ConstructorResolver.autowireConstructor(ConstructorResolver.java:240) ~[spring-beans-6.2.0.jar:6.2.0]
	at org.springframework.beans.factory.support.AbstractAutowireCapableBeanFactory.autowireConstructor(AbstractAutowireCapableBeanFactory.java:1371) ~[spring-beans-6.2.0.jar:6.2.0]
	at org.springframework.beans.factory.support.AbstractAutowireCapableBeanFactory.createBeanInstance(AbstractAutowireCapableBeanFactory.java:1208) ~[spring-beans-6.2.0.jar:6.2.0]
	at org.springframework.beans.factory.support.AbstractAutowireCapableBeanFactory.doCreateBean(AbstractAutowireCapableBeanFactory.java:563) ~[spring-beans-6.2.0.jar:6.2.0]
	at org.springframework.beans.factory.support.AbstractAutowireCapableBeanFactory.createBean(AbstractAutowireCapableBeanFactory.java:523) ~[spring-beans-6.2.0.jar:6.2.0]
	at org.springframework.beans.factory.support.AbstractBeanFactory.lambda$doGetBean$0(AbstractBeanFactory.java:336) ~[spring-beans-6.2.0.jar:6.2.0]
	at org.springframework.beans.factory.support.DefaultSingletonBeanRegistry.getSingleton(DefaultSingletonBeanRegistry.java:288) ~[spring-beans-6.2.0.jar:6.2.0]
	at org.springframework.beans.factory.support.AbstractBeanFactory.doGetBean(AbstractBeanFactory.java:334) ~[spring-beans-6.2.0.jar:6.2.0]
	at org.springframework.beans.factory.support.AbstractBeanFactory.getBean(AbstractBeanFactory.java:199) ~[spring-beans-6.2.0.jar:6.2.0]
	at org.springframework.beans.factory.config.DependencyDescriptor.resolveCandidate(DependencyDescriptor.java:254) ~[spring-beans-6.2.0.jar:6.2.0]
	at org.springframework.beans.factory.support.DefaultListableBeanFactory.doResolveDependency(DefaultListableBeanFactory.java:1626) ~[spring-beans-6.2.0.jar:6.2.0]
	at org.springframework.beans.factory.support.DefaultListableBeanFactory.resolveDependency(DefaultListableBeanFactory.java:1514) ~[spring-beans-6.2.0.jar:6.2.0]
	at org.springframework.beans.factory.annotation.AutowiredAnnotationBeanPostProcessor$AutowiredFieldElement.resolveFieldValue(AutowiredAnnotationBeanPostProcessor.java:785) ~[spring-beans-6.2.0.jar:6.2.0]
	at org.springframework.beans.factory.annotation.AutowiredAnnotationBeanPostProcessor$AutowiredFieldElement.inject(AutowiredAnnotationBeanPostProcessor.java:768) ~[spring-beans-6.2.0.jar:6.2.0]
	at org.springframework.beans.factory.annotation.InjectionMetadata.inject(InjectionMetadata.java:146) ~[spring-beans-6.2.0.jar:6.2.0]
	at org.springframework.beans.factory.annotation.AutowiredAnnotationBeanPostProcessor.postProcessProperties(AutowiredAnnotationBeanPostProcessor.java:509) ~[spring-beans-6.2.0.jar:6.2.0]
	at org.springframework.beans.factory.support.AbstractAutowireCapableBeanFactory.populateBean(AbstractAutowireCapableBeanFactory.java:1435) ~[spring-beans-6.2.0.jar:6.2.0]
	at org.springframework.beans.factory.support.AbstractAutowireCapableBeanFactory.doCreateBean(AbstractAutowireCapableBeanFactory.java:600) ~[spring-beans-6.2.0.jar:6.2.0]
	at org.springframework.beans.factory.support.AbstractAutowireCapableBeanFactory.createBean(AbstractAutowireCapableBeanFactory.java:523) ~[spring-beans-6.2.0.jar:6.2.0]
	at org.springframework.beans.factory.support.AbstractBeanFactory.lambda$doGetBean$0(AbstractBeanFactory.java:336) ~[spring-beans-6.2.0.jar:6.2.0]
	at org.springframework.beans.factory.support.DefaultSingletonBeanRegistry.getSingleton(DefaultSingletonBeanRegistry.java:288) ~[spring-beans-6.2.0.jar:6.2.0]
	at org.springframework.beans.factory.support.AbstractBeanFactory.doGetBean(AbstractBeanFactory.java:334) ~[spring-beans-6.2.0.jar:6.2.0]
	at org.springframework.beans.factory.support.AbstractBeanFactory.getBean(AbstractBeanFactory.java:199) ~[spring-beans-6.2.0.jar:6.2.0]
	at org.springframework.beans.factory.support.DefaultListableBeanFactory.instantiateSingleton(DefaultListableBeanFactory.java:1122) ~[spring-beans-6.2.0.jar:6.2.0]
	at org.springframework.beans.factory.support.DefaultListableBeanFactory.preInstantiateSingleton(DefaultListableBeanFactory.java:1093) ~[spring-beans-6.2.0.jar:6.2.0]
	at org.springframework.beans.factory.support.DefaultListableBeanFactory.preInstantiateSingletons(DefaultListableBeanFactory.java:1030) ~[spring-beans-6.2.0.jar:6.2.0]
	at org.springframework.context.support.AbstractApplicationContext.finishBeanFactoryInitialization(AbstractApplicationContext.java:987) ~[spring-context-6.2.0.jar:6.2.0]
	at org.springframework.context.support.AbstractApplicationContext.refresh(AbstractApplicationContext.java:627) ~[spring-context-6.2.0.jar:6.2.0]
	at org.springframework.boot.web.servlet.context.ServletWebServerApplicationContext.refresh(ServletWebServerApplicationContext.java:146) ~[spring-boot-3.4.0.jar:3.4.0]
	at org.springframework.boot.SpringApplication.refresh(SpringApplication.java:752) ~[spring-boot-3.4.0.jar:3.4.0]
	at org.springframework.boot.SpringApplication.refreshContext(SpringApplication.java:439) ~[spring-boot-3.4.0.jar:3.4.0]
	at org.springframework.boot.SpringApplication.run(SpringApplication.java:318) ~[spring-boot-3.4.0.jar:3.4.0]
	at org.springframework.boot.SpringApplication.run(SpringApplication.java:1361) ~[spring-boot-3.4.0.jar:3.4.0]
	at org.springframework.boot.SpringApplication.run(SpringApplication.java:1350) ~[spring-boot-3.4.0.jar:3.4.0]
	at com.example.tienda_ms_pedidos.App.main(App.java:10) ~[classes/:na]
	at com.example.tienda_ms_pedidos.AppTest.main(AppTest.java:17) ~[test-classes/:na]
	at java.base/jdk.internal.reflect.DirectMethodHandleAccessor.invoke(DirectMethodHandleAccessor.java:103) ~[na:na]
	at java.base/java.lang.reflect.Method.invoke(Method.java:580) ~[na:na]
	at org.junit.platform.commons.util.ReflectionUtils.invokeMethod(ReflectionUtils.java:767) ~[junit-platform-commons-1.11.3.jar:1.11.3]
	at org.junit.jupiter.engine.execution.MethodInvocation.proceed(MethodInvocation.java:60) ~[junit-jupiter-engine-5.11.3.jar:5.11.3]
	at org.junit.jupiter.engine.execution.InvocationInterceptorChain$ValidatingInvocation.proceed(InvocationInterceptorChain.java:131) ~[junit-jupiter-engine-5.11.3.jar:5.11.3]
	at org.junit.jupiter.engine.extension.TimeoutExtension.intercept(TimeoutExtension.java:156) ~[junit-jupiter-engine-5.11.3.jar:5.11.3]
	at org.junit.jupiter.engine.extension.TimeoutExtension.interceptTestableMethod(TimeoutExtension.java:147) ~[junit-jupiter-engine-5.11.3.jar:5.11.3]
	at org.junit.jupiter.engine.extension.TimeoutExtension.interceptTestMethod(TimeoutExtension.java:86) ~[junit-jupiter-engine-5.11.3.jar:5.11.3]
	at org.junit.jupiter.engine.execution.InterceptingExecutableInvoker$ReflectiveInterceptorCall.lambda$ofVoidMethod$0(InterceptingExecutableInvoker.java:103) ~[junit-jupiter-engine-5.11.3.jar:5.11.3]
	at org.junit.jupiter.engine.execution.InterceptingExecutableInvoker.lambda$invoke$0(InterceptingExecutableInvoker.java:93) ~[junit-jupiter-engine-5.11.3.jar:5.11.3]
	at org.junit.jupiter.engine.execution.InvocationInterceptorChain$InterceptedInvocation.proceed(InvocationInterceptorChain.java:106) ~[junit-jupiter-engine-5.11.3.jar:5.11.3]
	at org.junit.jupiter.engine.execution.InvocationInterceptorChain.proceed(InvocationInterceptorChain.java:64) ~[junit-jupiter-engine-5.11.3.jar:5.11.3]
	at org.junit.jupiter.engine.execution.InvocationInterceptorChain.chainAndInvoke(InvocationInterceptorChain.java:45) ~[junit-jupiter-engine-5.11.3.jar:5.11.3]
	at org.junit.jupiter.engine.execution.InvocationInterceptorChain.invoke(InvocationInterceptorChain.java:37) ~[junit-jupiter-engine-5.11.3.jar:5.11.3]
	at org.junit.jupiter.engine.execution.InterceptingExecutableInvoker.invoke(InterceptingExecutableInvoker.java:92) ~[junit-jupiter-engine-5.11.3.jar:5.11.3]
	at org.junit.jupiter.engine.execution.InterceptingExecutableInvoker.invoke(InterceptingExecutableInvoker.java:86) ~[junit-jupiter-engine-5.11.3.jar:5.11.3]
	at org.junit.jupiter.engine.descriptor.TestMethodTestDescriptor.lambda$invokeTestMethod$8(TestMethodTestDescriptor.java:217) ~[junit-jupiter-engine-5.11.3.jar:5.11.3]
	at org.junit.platform.engine.support.hierarchical.ThrowableCollector.execute(ThrowableCollector.java:73) ~[junit-platform-engine-1.11.3.jar:1.11.3]
	at org.junit.jupiter.engine.descriptor.TestMethodTestDescriptor.invokeTestMethod(TestMethodTestDescriptor.java:213) ~[junit-jupiter-engine-5.11.3.jar:5.11.3]
	at org.junit.jupiter.engine.descriptor.TestMethodTestDescriptor.execute(TestMethodTestDescriptor.java:138) ~[junit-jupiter-engine-5.11.3.jar:5.11.3]
	at org.junit.jupiter.engine.descriptor.TestMethodTestDescriptor.execute(TestMethodTestDescriptor.java:68) ~[junit-jupiter-engine-5.11.3.jar:5.11.3]
	at org.junit.platform.engine.support.hierarchical.NodeTestTask.lambda$executeRecursively$6(NodeTestTask.java:156) ~[junit-platform-engine-1.11.3.jar:1.11.3]
	at org.junit.platform.engine.support.hierarchical.ThrowableCollector.execute(ThrowableCollector.java:73) ~[junit-platform-engine-1.11.3.jar:1.11.3]
	at org.junit.platform.engine.support.hierarchical.NodeTestTask.lambda$executeRecursively$8(NodeTestTask.java:146) ~[junit-platform-engine-1.11.3.jar:1.11.3]
	at org.junit.platform.engine.support.hierarchical.Node.around(Node.java:137) ~[junit-platform-engine-1.11.3.jar:1.11.3]
	at org.junit.platform.engine.support.hierarchical.NodeTestTask.lambda$executeRecursively$9(NodeTestTask.java:144) ~[junit-platform-engine-1.11.3.jar:1.11.3]
	at org.junit.platform.engine.support.hierarchical.ThrowableCollector.execute(ThrowableCollector.java:73) ~[junit-platform-engine-1.11.3.jar:1.11.3]
	at org.junit.platform.engine.support.hierarchical.NodeTestTask.executeRecursively(NodeTestTask.java:143) ~[junit-platform-engine-1.11.3.jar:1.11.3]
	at org.junit.platform.engine.support.hierarchical.NodeTestTask.execute(NodeTestTask.java:100) ~[junit-platform-engine-1.11.3.jar:1.11.3]
	at java.base/java.util.ArrayList.forEach(ArrayList.java:1597) ~[na:na]
	at org.junit.platform.engine.support.hierarchical.SameThreadHierarchicalTestExecutorService.invokeAll(SameThreadHierarchicalTestExecutorService.java:41) ~[junit-platform-engine-1.11.3.jar:1.11.3]
	at org.junit.platform.engine.support.hierarchical.NodeTestTask.lambda$executeRecursively$6(NodeTestTask.java:160) ~[junit-platform-engine-1.11.3.jar:1.11.3]
	at org.junit.platform.engine.support.hierarchical.ThrowableCollector.execute(ThrowableCollector.java:73) ~[junit-platform-engine-1.11.3.jar:1.11.3]
	at org.junit.platform.engine.support.hierarchical.NodeTestTask.lambda$executeRecursively$8(NodeTestTask.java:146) ~[junit-platform-engine-1.11.3.jar:1.11.3]
	at org.junit.platform.engine.support.hierarchical.Node.around(Node.java:137) ~[junit-platform-engine-1.11.3.jar:1.11.3]
	at org.junit.platform.engine.support.hierarchical.NodeTestTask.lambda$executeRecursively$9(NodeTestTask.java:144) ~[junit-platform-engine-1.11.3.jar:1.11.3]
	at org.junit.platform.engine.support.hierarchical.ThrowableCollector.execute(ThrowableCollector.java:73) ~[junit-platform-engine-1.11.3.jar:1.11.3]
	at org.junit.platform.engine.support.hierarchical.NodeTestTask.executeRecursively(NodeTestTask.java:143) ~[junit-platform-engine-1.11.3.jar:1.11.3]
	at org.junit.platform.engine.support.hierarchical.NodeTestTask.execute(NodeTestTask.java:100) ~[junit-platform-engine-1.11.3.jar:1.11.3]
	at java.base/java.util.ArrayList.forEach(ArrayList.java:1597) ~[na:na]
	at org.junit.platform.engine.support.hierarchical.SameThreadHierarchicalTestExecutorService.invokeAll(SameThreadHierarchicalTestExecutorService.java:41) ~[junit-platform-engine-1.11.3.jar:1.11.3]
	at org.junit.platform.engine.support.hierarchical.NodeTestTask.lambda$executeRecursively$6(NodeTestTask.java:160) ~[junit-platform-engine-1.11.3.jar:1.11.3]
	at org.junit.platform.engine.support.hierarchical.ThrowableCollector.execute(ThrowableCollector.java:73) ~[junit-platform-engine-1.11.3.jar:1.11.3]
	at org.junit.platform.engine.support.hierarchical.NodeTestTask.lambda$executeRecursively$8(NodeTestTask.java:146) ~[junit-platform-engine-1.11.3.jar:1.11.3]
	at org.junit.platform.engine.support.hierarchical.Node.around(Node.java:137) ~[junit-platform-engine-1.11.3.jar:1.11.3]
	at org.junit.platform.engine.support.hierarchical.NodeTestTask.lambda$executeRecursively$9(NodeTestTask.java:144) ~[junit-platform-engine-1.11.3.jar:1.11.3]
	at org.junit.platform.engine.support.hierarchical.ThrowableCollector.execute(ThrowableCollector.java:73) ~[junit-platform-engine-1.11.3.jar:1.11.3]
	at org.junit.platform.engine.support.hierarchical.NodeTestTask.executeRecursively(NodeTestTask.java:143) ~[junit-platform-engine-1.11.3.jar:1.11.3]
	at org.junit.platform.engine.support.hierarchical.NodeTestTask.execute(NodeTestTask.java:100) ~[junit-platform-engine-1.11.3.jar:1.11.3]
	at org.junit.platform.engine.support.hierarchical.SameThreadHierarchicalTestExecutorService.submit(SameThreadHierarchicalTestExecutorService.java:35) ~[junit-platform-engine-1.11.3.jar:1.11.3]
	at org.junit.platform.engine.support.hierarchical.HierarchicalTestExecutor.execute(HierarchicalTestExecutor.java:57) ~[junit-platform-engine-1.11.3.jar:1.11.3]
	at org.junit.platform.engine.support.hierarchical.HierarchicalTestEngine.execute(HierarchicalTestEngine.java:54) ~[junit-platform-engine-1.11.3.jar:1.11.3]
	at org.junit.platform.launcher.core.EngineExecutionOrchestrator.execute(EngineExecutionOrchestrator.java:198) ~[junit-platform-launcher-1.11.3.jar:1.11.3]
	at org.junit.platform.launcher.core.EngineExecutionOrchestrator.execute(EngineExecutionOrchestrator.java:169) ~[junit-platform-launcher-1.11.3.jar:1.11.3]
	at org.junit.platform.launcher.core.EngineExecutionOrchestrator.execute(EngineExecutionOrchestrator.java:93) ~[junit-platform-launcher-1.11.3.jar:1.11.3]
	at org.junit.platform.launcher.core.EngineExecutionOrchestrator.lambda$execute$0(EngineExecutionOrchestrator.java:58) ~[junit-platform-launcher-1.11.3.jar:1.11.3]
	at org.junit.platform.launcher.core.EngineExecutionOrchestrator.withInterceptedStreams(EngineExecutionOrchestrator.java:141) ~[junit-platform-launcher-1.11.3.jar:1.11.3]
	at org.junit.platform.launcher.core.EngineExecutionOrchestrator.execute(EngineExecutionOrchestrator.java:57) ~[junit-platform-launcher-1.11.3.jar:1.11.3]
	at org.junit.platform.launcher.core.DefaultLauncher.execute(DefaultLauncher.java:103) ~[junit-platform-launcher-1.11.3.jar:1.11.3]
	at org.junit.platform.launcher.core.DefaultLauncher.execute(DefaultLauncher.java:85) ~[junit-platform-launcher-1.11.3.jar:1.11.3]
	at org.junit.platform.launcher.core.DelegatingLauncher.execute(DelegatingLauncher.java:47) ~[junit-platform-launcher-1.11.3.jar:1.11.3]
	at org.apache.maven.surefire.junitplatform.LazyLauncher.execute(LazyLauncher.java:56) ~[surefire-junit-platform-3.5.2.jar:3.5.2]
	at org.apache.maven.surefire.junitplatform.JUnitPlatformProvider.execute(JUnitPlatformProvider.java:184) ~[surefire-junit-platform-3.5.2.jar:3.5.2]
	at org.apache.maven.surefire.junitplatform.JUnitPlatformProvider.invokeAllTests(JUnitPlatformProvider.java:148) ~[surefire-junit-platform-3.5.2.jar:3.5.2]
	at org.apache.maven.surefire.junitplatform.JUnitPlatformProvider.invoke(JUnitPlatformProvider.java:122) ~[surefire-junit-platform-3.5.2.jar:3.5.2]
	at org.apache.maven.surefire.booter.ForkedBooter.runSuitesInProcess(ForkedBooter.java:385) ~[surefire-booter-3.5.2.jar:3.5.2]
	at org.apache.maven.surefire.booter.ForkedBooter.execute(ForkedBooter.java:162) ~[surefire-booter-3.5.2.jar:3.5.2]
	at org.apache.maven.surefire.booter.ForkedBooter.run(ForkedBooter.java:507) ~[surefire-booter-3.5.2.jar:3.5.2]
	at org.apache.maven.surefire.booter.ForkedBooter.main(ForkedBooter.java:495) ~[surefire-booter-3.5.2.jar:3.5.2]

2024-12-15T14:04:01.886-03:00 DEBUG 25938 --- [tienda-ms-pedidos] [           main] o.s.d.jpa.repository.query.NamedQuery    : Did not find named query Orden.updateEstado.count
2024-12-15T14:04:01.886-03:00 DEBUG 25938 --- [tienda-ms-pedidos] [           main] tor$SharedEntityManagerInvocationHandler : Creating new EntityManager for shared EntityManager invocation
2024-12-15T14:04:01.889-03:00 DEBUG 25938 --- [tienda-ms-pedidos] [           main] org.hibernate.orm.query.hql              : HQL : UPDATE Orden o SET o.estado = :estado WHERE o.id = :id
2024-12-15T14:04:01.889-03:00 DEBUG 25938 --- [tienda-ms-pedidos] [           main] o.h.o.q.hql.reservedWordAsIdentifier     : Encountered use of reserved word as identifier : =
2024-12-15T14:04:01.889-03:00 DEBUG 25938 --- [tienda-ms-pedidos] [           main] o.h.o.q.hql.reservedWordAsIdentifier     : Encountered use of reserved word as identifier : <EOF>
2024-12-15T14:04:01.890-03:00 DEBUG 25938 --- [tienda-ms-pedidos] [           main] org.hibernate.orm.query.sqm.creation     : Applying inferable type to SqmExpression [SqmNamedParameter(estado)] : null -> BasicSqmPathSource(estado : Integer)
2024-12-15T14:04:01.890-03:00 DEBUG 25938 --- [tienda-ms-pedidos] [           main] org.hibernate.orm.query.sqm.creation     : Applying inferable type to SqmExpression [SqmNamedParameter(id)] : null -> SqmBasicValuedSimplePath(com.example.tienda_ms_pedidos.model.Orden(o).id)
2024-12-15T14:04:01.891-03:00 DEBUG 25938 --- [tienda-ms-pedidos] [           main] org.hibernate.orm.query.sqm.ast          : SqmStatement Tree :
    -> [update]
      [target = com.example.tienda_ms_pedidos.model.Orden(o)]
      -> [set]
        -> [assignment]
          =
            [com.example.tienda_ms_pedidos.model.Orden(o).estado]
            :estado
        <- [assignment]
      <- [set]
      -> [where]
        -> [EQUAL]
            -> [basic-path] - `com.example.tienda_ms_pedidos.model.Orden(o).id`
            :id
        <- [EQUAL]
      <- [where]
    <- [update]

2024-12-15T14:04:01.891-03:00 DEBUG 25938 --- [tienda-ms-pedidos] [           main] o.s.d.r.c.s.RepositoryFactorySupport     : Finished creation of repository instance for com.example.tienda_ms_pedidos.repository.OrdenRepository.
2024-12-15T14:04:01.891-03:00 DEBUG 25938 --- [tienda-ms-pedidos] [           main] o.s.b.f.s.DefaultListableBeanFactory     : Autowiring by type from bean name 'ordenServiceImpl' via constructor to bean named 'ordenRepository'
2024-12-15T14:04:01.891-03:00 DEBUG 25938 --- [tienda-ms-pedidos] [           main] o.s.b.f.s.DefaultListableBeanFactory     : Creating shared instance of singleton bean 'productoController'
2024-12-15T14:04:01.892-03:00 DEBUG 25938 --- [tienda-ms-pedidos] [           main] o.s.b.f.s.DefaultListableBeanFactory     : Creating shared instance of singleton bean 'productoServiceImpl'
2024-12-15T14:04:01.892-03:00 DEBUG 25938 --- [tienda-ms-pedidos] [           main] o.s.b.f.s.DefaultListableBeanFactory     : Creating shared instance of singleton bean 'productoRepository'
2024-12-15T14:04:01.892-03:00 DEBUG 25938 --- [tienda-ms-pedidos] [           main] o.s.b.f.s.DefaultListableBeanFactory     : Creating shared instance of singleton bean 'jpa.named-queries#2'
2024-12-15T14:04:01.893-03:00 DEBUG 25938 --- [tienda-ms-pedidos] [           main] o.s.b.f.s.DefaultListableBeanFactory     : Creating shared instance of singleton bean 'jpa.ProductoRepository.fragments#0'
2024-12-15T14:04:01.893-03:00 DEBUG 25938 --- [tienda-ms-pedidos] [           main] tor$SharedEntityManagerInvocationHandler : Creating new EntityManager for shared EntityManager invocation
2024-12-15T14:04:01.896-03:00 DEBUG 25938 --- [tienda-ms-pedidos] [           main] o.s.d.r.c.s.RepositoryFactorySupport     : Initializing repository instance for com.example.tienda_ms_pedidos.repository.ProductoRepository…
2024-12-15T14:04:01.896-03:00 DEBUG 25938 --- [tienda-ms-pedidos] [           main] tor$SharedEntityManagerInvocationHandler : Creating new EntityManager for shared EntityManager invocation
2024-12-15T14:04:01.897-03:00 DEBUG 25938 --- [tienda-ms-pedidos] [           main] cResourceLocalTransactionCoordinatorImpl : JDBC transaction marked for rollback-only (exception provided for stack trace)

java.lang.Exception: exception just for purpose of providing stack trace
	at org.hibernate.resource.transaction.backend.jdbc.internal.JdbcResourceLocalTransactionCoordinatorImpl$TransactionDriverControlImpl.markRollbackOnly(JdbcResourceLocalTransactionCoordinatorImpl.java:309) ~[hibernate-core-6.6.2.Final.jar:6.6.2.Final]
	at org.hibernate.internal.AbstractSharedSessionContract.buildNamedQuery(AbstractSharedSessionContract.java:1138) ~[hibernate-core-6.6.2.Final.jar:6.6.2.Final]
	at org.hibernate.internal.AbstractSharedSessionContract.createNamedQuery(AbstractSharedSessionContract.java:1016) ~[hibernate-core-6.6.2.Final.jar:6.6.2.Final]
	at org.hibernate.internal.AbstractSharedSessionContract.createNamedQuery(AbstractSharedSessionContract.java:142) ~[hibernate-core-6.6.2.Final.jar:6.6.2.Final]
	at java.base/jdk.internal.reflect.DirectMethodHandleAccessor.invoke(DirectMethodHandleAccessor.java:103) ~[na:na]
	at java.base/java.lang.reflect.Method.invoke(Method.java:580) ~[na:na]
	at org.springframework.orm.jpa.ExtendedEntityManagerCreator$ExtendedEntityManagerInvocationHandler.invoke(ExtendedEntityManagerCreator.java:364) ~[spring-orm-6.2.0.jar:6.2.0]
	at jdk.proxy2/jdk.proxy2.$Proxy135.createNamedQuery(Unknown Source) ~[na:na]
	at org.springframework.data.jpa.repository.query.NamedQuery.hasNamedQuery(NamedQuery.java:113) ~[spring-data-jpa-3.4.0.jar:3.4.0]
	at org.springframework.data.jpa.repository.query.JpaQueryLookupStrategy$DeclaredQueryLookupStrategy.getCountQuery(JpaQueryLookupStrategy.java:208) ~[spring-data-jpa-3.4.0.jar:3.4.0]
	at org.springframework.data.jpa.repository.query.JpaQueryLookupStrategy$DeclaredQueryLookupStrategy.resolveQuery(JpaQueryLookupStrategy.java:175) ~[spring-data-jpa-3.4.0.jar:3.4.0]
	at org.springframework.data.jpa.repository.query.JpaQueryLookupStrategy$CreateIfNotFoundQueryLookupStrategy.resolveQuery(JpaQueryLookupStrategy.java:256) ~[spring-data-jpa-3.4.0.jar:3.4.0]
	at org.springframework.data.jpa.repository.query.JpaQueryLookupStrategy$AbstractQueryLookupStrategy.resolveQuery(JpaQueryLookupStrategy.java:99) ~[spring-data-jpa-3.4.0.jar:3.4.0]
	at org.springframework.data.repository.core.support.QueryExecutorMethodInterceptor.lookupQuery(QueryExecutorMethodInterceptor.java:116) ~[spring-data-commons-3.4.0.jar:3.4.0]
	at org.springframework.data.repository.core.support.QueryExecutorMethodInterceptor.mapMethodsToQuery(QueryExecutorMethodInterceptor.java:104) ~[spring-data-commons-3.4.0.jar:3.4.0]
	at org.springframework.data.repository.core.support.QueryExecutorMethodInterceptor.lambda$new$0(QueryExecutorMethodInterceptor.java:92) ~[spring-data-commons-3.4.0.jar:3.4.0]
	at java.base/java.util.Optional.map(Optional.java:260) ~[na:na]
	at org.springframework.data.repository.core.support.QueryExecutorMethodInterceptor.<init>(QueryExecutorMethodInterceptor.java:92) ~[spring-data-commons-3.4.0.jar:3.4.0]
	at org.springframework.data.repository.core.support.RepositoryFactorySupport.getRepository(RepositoryFactorySupport.java:440) ~[spring-data-commons-3.4.0.jar:3.4.0]
	at org.springframework.data.repository.core.support.RepositoryFactoryBeanSupport.lambda$afterPropertiesSet$4(RepositoryFactoryBeanSupport.java:350) ~[spring-data-commons-3.4.0.jar:3.4.0]
	at org.springframework.data.util.Lazy.getNullable(Lazy.java:135) ~[spring-data-commons-3.4.0.jar:3.4.0]
	at org.springframework.data.util.Lazy.get(Lazy.java:113) ~[spring-data-commons-3.4.0.jar:3.4.0]
	at org.springframework.data.repository.core.support.RepositoryFactoryBeanSupport.afterPropertiesSet(RepositoryFactoryBeanSupport.java:356) ~[spring-data-commons-3.4.0.jar:3.4.0]
	at org.springframework.data.jpa.repository.support.JpaRepositoryFactoryBean.afterPropertiesSet(JpaRepositoryFactoryBean.java:132) ~[spring-data-jpa-3.4.0.jar:3.4.0]
	at org.springframework.beans.factory.support.AbstractAutowireCapableBeanFactory.invokeInitMethods(AbstractAutowireCapableBeanFactory.java:1849) ~[spring-beans-6.2.0.jar:6.2.0]
	at org.springframework.beans.factory.support.AbstractAutowireCapableBeanFactory.initializeBean(AbstractAutowireCapableBeanFactory.java:1798) ~[spring-beans-6.2.0.jar:6.2.0]
	at org.springframework.beans.factory.support.AbstractAutowireCapableBeanFactory.doCreateBean(AbstractAutowireCapableBeanFactory.java:601) ~[spring-beans-6.2.0.jar:6.2.0]
	at org.springframework.beans.factory.support.AbstractAutowireCapableBeanFactory.createBean(AbstractAutowireCapableBeanFactory.java:523) ~[spring-beans-6.2.0.jar:6.2.0]
	at org.springframework.beans.factory.support.AbstractBeanFactory.lambda$doGetBean$0(AbstractBeanFactory.java:336) ~[spring-beans-6.2.0.jar:6.2.0]
	at org.springframework.beans.factory.support.DefaultSingletonBeanRegistry.getSingleton(DefaultSingletonBeanRegistry.java:288) ~[spring-beans-6.2.0.jar:6.2.0]
	at org.springframework.beans.factory.support.AbstractBeanFactory.doGetBean(AbstractBeanFactory.java:334) ~[spring-beans-6.2.0.jar:6.2.0]
	at org.springframework.beans.factory.support.AbstractBeanFactory.getBean(AbstractBeanFactory.java:199) ~[spring-beans-6.2.0.jar:6.2.0]
	at org.springframework.beans.factory.support.DefaultListableBeanFactory.doResolveDependency(DefaultListableBeanFactory.java:1568) ~[spring-beans-6.2.0.jar:6.2.0]
	at org.springframework.beans.factory.support.DefaultListableBeanFactory.resolveDependency(DefaultListableBeanFactory.java:1514) ~[spring-beans-6.2.0.jar:6.2.0]
	at org.springframework.beans.factory.support.ConstructorResolver.resolveAutowiredArgument(ConstructorResolver.java:913) ~[spring-beans-6.2.0.jar:6.2.0]
	at org.springframework.beans.factory.support.ConstructorResolver.createArgumentArray(ConstructorResolver.java:791) ~[spring-beans-6.2.0.jar:6.2.0]
	at org.springframework.beans.factory.support.ConstructorResolver.autowireConstructor(ConstructorResolver.java:240) ~[spring-beans-6.2.0.jar:6.2.0]
	at org.springframework.beans.factory.support.AbstractAutowireCapableBeanFactory.autowireConstructor(AbstractAutowireCapableBeanFactory.java:1371) ~[spring-beans-6.2.0.jar:6.2.0]
	at org.springframework.beans.factory.support.AbstractAutowireCapableBeanFactory.createBeanInstance(AbstractAutowireCapableBeanFactory.java:1208) ~[spring-beans-6.2.0.jar:6.2.0]
	at org.springframework.beans.factory.support.AbstractAutowireCapableBeanFactory.doCreateBean(AbstractAutowireCapableBeanFactory.java:563) ~[spring-beans-6.2.0.jar:6.2.0]
	at org.springframework.beans.factory.support.AbstractAutowireCapableBeanFactory.createBean(AbstractAutowireCapableBeanFactory.java:523) ~[spring-beans-6.2.0.jar:6.2.0]
	at org.springframework.beans.factory.support.AbstractBeanFactory.lambda$doGetBean$0(AbstractBeanFactory.java:336) ~[spring-beans-6.2.0.jar:6.2.0]
	at org.springframework.beans.factory.support.DefaultSingletonBeanRegistry.getSingleton(DefaultSingletonBeanRegistry.java:288) ~[spring-beans-6.2.0.jar:6.2.0]
	at org.springframework.beans.factory.support.AbstractBeanFactory.doGetBean(AbstractBeanFactory.java:334) ~[spring-beans-6.2.0.jar:6.2.0]
	at org.springframework.beans.factory.support.AbstractBeanFactory.getBean(AbstractBeanFactory.java:199) ~[spring-beans-6.2.0.jar:6.2.0]
	at org.springframework.beans.factory.config.DependencyDescriptor.resolveCandidate(DependencyDescriptor.java:254) ~[spring-beans-6.2.0.jar:6.2.0]
	at org.springframework.beans.factory.support.DefaultListableBeanFactory.doResolveDependency(DefaultListableBeanFactory.java:1626) ~[spring-beans-6.2.0.jar:6.2.0]
	at org.springframework.beans.factory.support.DefaultListableBeanFactory.resolveDependency(DefaultListableBeanFactory.java:1514) ~[spring-beans-6.2.0.jar:6.2.0]
	at org.springframework.beans.factory.support.ConstructorResolver.resolveAutowiredArgument(ConstructorResolver.java:913) ~[spring-beans-6.2.0.jar:6.2.0]
	at org.springframework.beans.factory.support.ConstructorResolver.createArgumentArray(ConstructorResolver.java:791) ~[spring-beans-6.2.0.jar:6.2.0]
	at org.springframework.beans.factory.support.ConstructorResolver.autowireConstructor(ConstructorResolver.java:240) ~[spring-beans-6.2.0.jar:6.2.0]
	at org.springframework.beans.factory.support.AbstractAutowireCapableBeanFactory.autowireConstructor(AbstractAutowireCapableBeanFactory.java:1371) ~[spring-beans-6.2.0.jar:6.2.0]
	at org.springframework.beans.factory.support.AbstractAutowireCapableBeanFactory.createBeanInstance(AbstractAutowireCapableBeanFactory.java:1208) ~[spring-beans-6.2.0.jar:6.2.0]
	at org.springframework.beans.factory.support.AbstractAutowireCapableBeanFactory.doCreateBean(AbstractAutowireCapableBeanFactory.java:563) ~[spring-beans-6.2.0.jar:6.2.0]
	at org.springframework.beans.factory.support.AbstractAutowireCapableBeanFactory.createBean(AbstractAutowireCapableBeanFactory.java:523) ~[spring-beans-6.2.0.jar:6.2.0]
	at org.springframework.beans.factory.support.AbstractBeanFactory.lambda$doGetBean$0(AbstractBeanFactory.java:336) ~[spring-beans-6.2.0.jar:6.2.0]
	at org.springframework.beans.factory.support.DefaultSingletonBeanRegistry.getSingleton(DefaultSingletonBeanRegistry.java:288) ~[spring-beans-6.2.0.jar:6.2.0]
	at org.springframework.beans.factory.support.AbstractBeanFactory.doGetBean(AbstractBeanFactory.java:334) ~[spring-beans-6.2.0.jar:6.2.0]
	at org.springframework.beans.factory.support.AbstractBeanFactory.getBean(AbstractBeanFactory.java:199) ~[spring-beans-6.2.0.jar:6.2.0]
	at org.springframework.beans.factory.support.DefaultListableBeanFactory.instantiateSingleton(DefaultListableBeanFactory.java:1122) ~[spring-beans-6.2.0.jar:6.2.0]
	at org.springframework.beans.factory.support.DefaultListableBeanFactory.preInstantiateSingleton(DefaultListableBeanFactory.java:1093) ~[spring-beans-6.2.0.jar:6.2.0]
	at org.springframework.beans.factory.support.DefaultListableBeanFactory.preInstantiateSingletons(DefaultListableBeanFactory.java:1030) ~[spring-beans-6.2.0.jar:6.2.0]
	at org.springframework.context.support.AbstractApplicationContext.finishBeanFactoryInitialization(AbstractApplicationContext.java:987) ~[spring-context-6.2.0.jar:6.2.0]
	at org.springframework.context.support.AbstractApplicationContext.refresh(AbstractApplicationContext.java:627) ~[spring-context-6.2.0.jar:6.2.0]
	at org.springframework.boot.web.servlet.context.ServletWebServerApplicationContext.refresh(ServletWebServerApplicationContext.java:146) ~[spring-boot-3.4.0.jar:3.4.0]
	at org.springframework.boot.SpringApplication.refresh(SpringApplication.java:752) ~[spring-boot-3.4.0.jar:3.4.0]
	at org.springframework.boot.SpringApplication.refreshContext(SpringApplication.java:439) ~[spring-boot-3.4.0.jar:3.4.0]
	at org.springframework.boot.SpringApplication.run(SpringApplication.java:318) ~[spring-boot-3.4.0.jar:3.4.0]
	at org.springframework.boot.SpringApplication.run(SpringApplication.java:1361) ~[spring-boot-3.4.0.jar:3.4.0]
	at org.springframework.boot.SpringApplication.run(SpringApplication.java:1350) ~[spring-boot-3.4.0.jar:3.4.0]
	at com.example.tienda_ms_pedidos.App.main(App.java:10) ~[classes/:na]
	at com.example.tienda_ms_pedidos.AppTest.main(AppTest.java:17) ~[test-classes/:na]
	at java.base/jdk.internal.reflect.DirectMethodHandleAccessor.invoke(DirectMethodHandleAccessor.java:103) ~[na:na]
	at java.base/java.lang.reflect.Method.invoke(Method.java:580) ~[na:na]
	at org.junit.platform.commons.util.ReflectionUtils.invokeMethod(ReflectionUtils.java:767) ~[junit-platform-commons-1.11.3.jar:1.11.3]
	at org.junit.jupiter.engine.execution.MethodInvocation.proceed(MethodInvocation.java:60) ~[junit-jupiter-engine-5.11.3.jar:5.11.3]
	at org.junit.jupiter.engine.execution.InvocationInterceptorChain$ValidatingInvocation.proceed(InvocationInterceptorChain.java:131) ~[junit-jupiter-engine-5.11.3.jar:5.11.3]
	at org.junit.jupiter.engine.extension.TimeoutExtension.intercept(TimeoutExtension.java:156) ~[junit-jupiter-engine-5.11.3.jar:5.11.3]
	at org.junit.jupiter.engine.extension.TimeoutExtension.interceptTestableMethod(TimeoutExtension.java:147) ~[junit-jupiter-engine-5.11.3.jar:5.11.3]
	at org.junit.jupiter.engine.extension.TimeoutExtension.interceptTestMethod(TimeoutExtension.java:86) ~[junit-jupiter-engine-5.11.3.jar:5.11.3]
	at org.junit.jupiter.engine.execution.InterceptingExecutableInvoker$ReflectiveInterceptorCall.lambda$ofVoidMethod$0(InterceptingExecutableInvoker.java:103) ~[junit-jupiter-engine-5.11.3.jar:5.11.3]
	at org.junit.jupiter.engine.execution.InterceptingExecutableInvoker.lambda$invoke$0(InterceptingExecutableInvoker.java:93) ~[junit-jupiter-engine-5.11.3.jar:5.11.3]
	at org.junit.jupiter.engine.execution.InvocationInterceptorChain$InterceptedInvocation.proceed(InvocationInterceptorChain.java:106) ~[junit-jupiter-engine-5.11.3.jar:5.11.3]
	at org.junit.jupiter.engine.execution.InvocationInterceptorChain.proceed(InvocationInterceptorChain.java:64) ~[junit-jupiter-engine-5.11.3.jar:5.11.3]
	at org.junit.jupiter.engine.execution.InvocationInterceptorChain.chainAndInvoke(InvocationInterceptorChain.java:45) ~[junit-jupiter-engine-5.11.3.jar:5.11.3]
	at org.junit.jupiter.engine.execution.InvocationInterceptorChain.invoke(InvocationInterceptorChain.java:37) ~[junit-jupiter-engine-5.11.3.jar:5.11.3]
	at org.junit.jupiter.engine.execution.InterceptingExecutableInvoker.invoke(InterceptingExecutableInvoker.java:92) ~[junit-jupiter-engine-5.11.3.jar:5.11.3]
	at org.junit.jupiter.engine.execution.InterceptingExecutableInvoker.invoke(InterceptingExecutableInvoker.java:86) ~[junit-jupiter-engine-5.11.3.jar:5.11.3]
	at org.junit.jupiter.engine.descriptor.TestMethodTestDescriptor.lambda$invokeTestMethod$8(TestMethodTestDescriptor.java:217) ~[junit-jupiter-engine-5.11.3.jar:5.11.3]
	at org.junit.platform.engine.support.hierarchical.ThrowableCollector.execute(ThrowableCollector.java:73) ~[junit-platform-engine-1.11.3.jar:1.11.3]
	at org.junit.jupiter.engine.descriptor.TestMethodTestDescriptor.invokeTestMethod(TestMethodTestDescriptor.java:213) ~[junit-jupiter-engine-5.11.3.jar:5.11.3]
	at org.junit.jupiter.engine.descriptor.TestMethodTestDescriptor.execute(TestMethodTestDescriptor.java:138) ~[junit-jupiter-engine-5.11.3.jar:5.11.3]
	at org.junit.jupiter.engine.descriptor.TestMethodTestDescriptor.execute(TestMethodTestDescriptor.java:68) ~[junit-jupiter-engine-5.11.3.jar:5.11.3]
	at org.junit.platform.engine.support.hierarchical.NodeTestTask.lambda$executeRecursively$6(NodeTestTask.java:156) ~[junit-platform-engine-1.11.3.jar:1.11.3]
	at org.junit.platform.engine.support.hierarchical.ThrowableCollector.execute(ThrowableCollector.java:73) ~[junit-platform-engine-1.11.3.jar:1.11.3]
	at org.junit.platform.engine.support.hierarchical.NodeTestTask.lambda$executeRecursively$8(NodeTestTask.java:146) ~[junit-platform-engine-1.11.3.jar:1.11.3]
	at org.junit.platform.engine.support.hierarchical.Node.around(Node.java:137) ~[junit-platform-engine-1.11.3.jar:1.11.3]
	at org.junit.platform.engine.support.hierarchical.NodeTestTask.lambda$executeRecursively$9(NodeTestTask.java:144) ~[junit-platform-engine-1.11.3.jar:1.11.3]
	at org.junit.platform.engine.support.hierarchical.ThrowableCollector.execute(ThrowableCollector.java:73) ~[junit-platform-engine-1.11.3.jar:1.11.3]
	at org.junit.platform.engine.support.hierarchical.NodeTestTask.executeRecursively(NodeTestTask.java:143) ~[junit-platform-engine-1.11.3.jar:1.11.3]
	at org.junit.platform.engine.support.hierarchical.NodeTestTask.execute(NodeTestTask.java:100) ~[junit-platform-engine-1.11.3.jar:1.11.3]
	at java.base/java.util.ArrayList.forEach(ArrayList.java:1597) ~[na:na]
	at org.junit.platform.engine.support.hierarchical.SameThreadHierarchicalTestExecutorService.invokeAll(SameThreadHierarchicalTestExecutorService.java:41) ~[junit-platform-engine-1.11.3.jar:1.11.3]
	at org.junit.platform.engine.support.hierarchical.NodeTestTask.lambda$executeRecursively$6(NodeTestTask.java:160) ~[junit-platform-engine-1.11.3.jar:1.11.3]
	at org.junit.platform.engine.support.hierarchical.ThrowableCollector.execute(ThrowableCollector.java:73) ~[junit-platform-engine-1.11.3.jar:1.11.3]
	at org.junit.platform.engine.support.hierarchical.NodeTestTask.lambda$executeRecursively$8(NodeTestTask.java:146) ~[junit-platform-engine-1.11.3.jar:1.11.3]
	at org.junit.platform.engine.support.hierarchical.Node.around(Node.java:137) ~[junit-platform-engine-1.11.3.jar:1.11.3]
	at org.junit.platform.engine.support.hierarchical.NodeTestTask.lambda$executeRecursively$9(NodeTestTask.java:144) ~[junit-platform-engine-1.11.3.jar:1.11.3]
	at org.junit.platform.engine.support.hierarchical.ThrowableCollector.execute(ThrowableCollector.java:73) ~[junit-platform-engine-1.11.3.jar:1.11.3]
	at org.junit.platform.engine.support.hierarchical.NodeTestTask.executeRecursively(NodeTestTask.java:143) ~[junit-platform-engine-1.11.3.jar:1.11.3]
	at org.junit.platform.engine.support.hierarchical.NodeTestTask.execute(NodeTestTask.java:100) ~[junit-platform-engine-1.11.3.jar:1.11.3]
	at java.base/java.util.ArrayList.forEach(ArrayList.java:1597) ~[na:na]
	at org.junit.platform.engine.support.hierarchical.SameThreadHierarchicalTestExecutorService.invokeAll(SameThreadHierarchicalTestExecutorService.java:41) ~[junit-platform-engine-1.11.3.jar:1.11.3]
	at org.junit.platform.engine.support.hierarchical.NodeTestTask.lambda$executeRecursively$6(NodeTestTask.java:160) ~[junit-platform-engine-1.11.3.jar:1.11.3]
	at org.junit.platform.engine.support.hierarchical.ThrowableCollector.execute(ThrowableCollector.java:73) ~[junit-platform-engine-1.11.3.jar:1.11.3]
	at org.junit.platform.engine.support.hierarchical.NodeTestTask.lambda$executeRecursively$8(NodeTestTask.java:146) ~[junit-platform-engine-1.11.3.jar:1.11.3]
	at org.junit.platform.engine.support.hierarchical.Node.around(Node.java:137) ~[junit-platform-engine-1.11.3.jar:1.11.3]
	at org.junit.platform.engine.support.hierarchical.NodeTestTask.lambda$executeRecursively$9(NodeTestTask.java:144) ~[junit-platform-engine-1.11.3.jar:1.11.3]
	at org.junit.platform.engine.support.hierarchical.ThrowableCollector.execute(ThrowableCollector.java:73) ~[junit-platform-engine-1.11.3.jar:1.11.3]
	at org.junit.platform.engine.support.hierarchical.NodeTestTask.executeRecursively(NodeTestTask.java:143) ~[junit-platform-engine-1.11.3.jar:1.11.3]
	at org.junit.platform.engine.support.hierarchical.NodeTestTask.execute(NodeTestTask.java:100) ~[junit-platform-engine-1.11.3.jar:1.11.3]
	at org.junit.platform.engine.support.hierarchical.SameThreadHierarchicalTestExecutorService.submit(SameThreadHierarchicalTestExecutorService.java:35) ~[junit-platform-engine-1.11.3.jar:1.11.3]
	at org.junit.platform.engine.support.hierarchical.HierarchicalTestExecutor.execute(HierarchicalTestExecutor.java:57) ~[junit-platform-engine-1.11.3.jar:1.11.3]
	at org.junit.platform.engine.support.hierarchical.HierarchicalTestEngine.execute(HierarchicalTestEngine.java:54) ~[junit-platform-engine-1.11.3.jar:1.11.3]
	at org.junit.platform.launcher.core.EngineExecutionOrchestrator.execute(EngineExecutionOrchestrator.java:198) ~[junit-platform-launcher-1.11.3.jar:1.11.3]
	at org.junit.platform.launcher.core.EngineExecutionOrchestrator.execute(EngineExecutionOrchestrator.java:169) ~[junit-platform-launcher-1.11.3.jar:1.11.3]
	at org.junit.platform.launcher.core.EngineExecutionOrchestrator.execute(EngineExecutionOrchestrator.java:93) ~[junit-platform-launcher-1.11.3.jar:1.11.3]
	at org.junit.platform.launcher.core.EngineExecutionOrchestrator.lambda$execute$0(EngineExecutionOrchestrator.java:58) ~[junit-platform-launcher-1.11.3.jar:1.11.3]
	at org.junit.platform.launcher.core.EngineExecutionOrchestrator.withInterceptedStreams(EngineExecutionOrchestrator.java:141) ~[junit-platform-launcher-1.11.3.jar:1.11.3]
	at org.junit.platform.launcher.core.EngineExecutionOrchestrator.execute(EngineExecutionOrchestrator.java:57) ~[junit-platform-launcher-1.11.3.jar:1.11.3]
	at org.junit.platform.launcher.core.DefaultLauncher.execute(DefaultLauncher.java:103) ~[junit-platform-launcher-1.11.3.jar:1.11.3]
	at org.junit.platform.launcher.core.DefaultLauncher.execute(DefaultLauncher.java:85) ~[junit-platform-launcher-1.11.3.jar:1.11.3]
	at org.junit.platform.launcher.core.DelegatingLauncher.execute(DelegatingLauncher.java:47) ~[junit-platform-launcher-1.11.3.jar:1.11.3]
	at org.apache.maven.surefire.junitplatform.LazyLauncher.execute(LazyLauncher.java:56) ~[surefire-junit-platform-3.5.2.jar:3.5.2]
	at org.apache.maven.surefire.junitplatform.JUnitPlatformProvider.execute(JUnitPlatformProvider.java:184) ~[surefire-junit-platform-3.5.2.jar:3.5.2]
	at org.apache.maven.surefire.junitplatform.JUnitPlatformProvider.invokeAllTests(JUnitPlatformProvider.java:148) ~[surefire-junit-platform-3.5.2.jar:3.5.2]
	at org.apache.maven.surefire.junitplatform.JUnitPlatformProvider.invoke(JUnitPlatformProvider.java:122) ~[surefire-junit-platform-3.5.2.jar:3.5.2]
	at org.apache.maven.surefire.booter.ForkedBooter.runSuitesInProcess(ForkedBooter.java:385) ~[surefire-booter-3.5.2.jar:3.5.2]
	at org.apache.maven.surefire.booter.ForkedBooter.execute(ForkedBooter.java:162) ~[surefire-booter-3.5.2.jar:3.5.2]
	at org.apache.maven.surefire.booter.ForkedBooter.run(ForkedBooter.java:507) ~[surefire-booter-3.5.2.jar:3.5.2]
	at org.apache.maven.surefire.booter.ForkedBooter.main(ForkedBooter.java:495) ~[surefire-booter-3.5.2.jar:3.5.2]

2024-12-15T14:04:01.898-03:00 DEBUG 25938 --- [tienda-ms-pedidos] [           main] o.s.d.jpa.repository.query.NamedQuery    : Did not find named query Producto.buscarPorNombreOCategoria.count
2024-12-15T14:04:01.898-03:00 DEBUG 25938 --- [tienda-ms-pedidos] [           main] tor$SharedEntityManagerInvocationHandler : Creating new EntityManager for shared EntityManager invocation
2024-12-15T14:04:01.899-03:00 DEBUG 25938 --- [tienda-ms-pedidos] [           main] org.hibernate.orm.query.hql              : HQL : SELECT DISTINCT p FROM Producto p JOIN p.categorias c WHERE LOWER(p.nombre) LIKE LOWER(CONCAT('%', :filtro, '%'))    OR LOWER(c.nombre) LIKE LOWER(CONCAT('%', :filtro, '%'))
2024-12-15T14:04:01.901-03:00 DEBUG 25938 --- [tienda-ms-pedidos] [           main] org.hibernate.orm.query.sqm.ast          : SqmStatement Tree :
    -> [select]
      -> [query-spec]
        -> [select(distinct)]
          -> [selection]
            -> [root] - `com.example.tienda_ms_pedidos.model.Producto(p)`
              -> [joins]
                -> [attribute] - `com.example.tienda_ms_pedidos.model.Producto(p).categorias(c)`
                    [fetched = false]
                <- [attribute] - `com.example.tienda_ms_pedidos.model.Producto(p).categorias(c)`
              <- [joins]
            <- [root] - `com.example.tienda_ms_pedidos.model.Producto(p)`
          <- [selection]
        <- [select(distinct)]
        -> [from]
          -> [root] - `com.example.tienda_ms_pedidos.model.Producto(p)`
            -> [joins]
              -> [attribute] - `com.example.tienda_ms_pedidos.model.Producto(p).categorias(c)`
                  [fetched = false]
              <- [attribute] - `com.example.tienda_ms_pedidos.model.Producto(p).categorias(c)`
            <- [joins]
          <- [root] - `com.example.tienda_ms_pedidos.model.Producto(p)`
        <- [from]
        -> [where]
          -> [or]
            -> [is-like]
            <- [is-like]
            -> [is-like]
            <- [is-like]
          <- [or]
        <- [where]
      <- [query-spec]
    <- [select]

2024-12-15T14:04:01.901-03:00 DEBUG 25938 --- [tienda-ms-pedidos] [           main] o.s.d.r.c.s.RepositoryFactorySupport     : Finished creation of repository instance for com.example.tienda_ms_pedidos.repository.ProductoRepository.
2024-12-15T14:04:01.901-03:00 DEBUG 25938 --- [tienda-ms-pedidos] [           main] o.s.b.f.s.DefaultListableBeanFactory     : Autowiring by type from bean name 'productoServiceImpl' via constructor to bean named 'productoRepository'
2024-12-15T14:04:01.901-03:00 DEBUG 25938 --- [tienda-ms-pedidos] [           main] o.s.b.f.s.DefaultListableBeanFactory     : Autowiring by type from bean name 'productoController' via constructor to bean named 'productoServiceImpl'
2024-12-15T14:04:01.901-03:00 DEBUG 25938 --- [tienda-ms-pedidos] [           main] o.s.b.f.s.DefaultListableBeanFactory     : Creating shared instance of singleton bean 'org.springframework.boot.autoconfigure.context.PropertyPlaceholderAutoConfiguration'
2024-12-15T14:04:01.902-03:00 DEBUG 25938 --- [tienda-ms-pedidos] [           main] o.s.b.f.s.DefaultListableBeanFactory     : Creating shared instance of singleton bean 'org.springframework.boot.autoconfigure.websocket.servlet.WebSocketServletAutoConfiguration'
2024-12-15T14:04:01.902-03:00 DEBUG 25938 --- [tienda-ms-pedidos] [           main] o.s.b.f.s.DefaultListableBeanFactory     : Creating shared instance of singleton bean 'org.springframework.boot.autoconfigure.web.servlet.DispatcherServletAutoConfiguration'
2024-12-15T14:04:01.902-03:00 DEBUG 25938 --- [tienda-ms-pedidos] [           main] o.s.b.f.s.DefaultListableBeanFactory     : Creating shared instance of singleton bean 'org.springframework.boot.autoconfigure.task.TaskExecutorConfigurations$ThreadPoolTaskExecutorBuilderConfiguration'
2024-12-15T14:04:01.902-03:00 DEBUG 25938 --- [tienda-ms-pedidos] [           main] o.s.b.f.s.DefaultListableBeanFactory     : Creating shared instance of singleton bean 'threadPoolTaskExecutorBuilder'
2024-12-15T14:04:01.902-03:00 DEBUG 25938 --- [tienda-ms-pedidos] [           main] o.s.b.f.s.DefaultListableBeanFactory     : Creating shared instance of singleton bean 'spring.task.execution-org.springframework.boot.autoconfigure.task.TaskExecutionProperties'
2024-12-15T14:04:01.902-03:00 DEBUG 25938 --- [tienda-ms-pedidos] [           main] o.s.b.f.s.DefaultListableBeanFactory     : Autowiring by type from bean name 'threadPoolTaskExecutorBuilder' via factory method to bean named 'spring.task.execution-org.springframework.boot.autoconfigure.task.TaskExecutionProperties'
2024-12-15T14:04:01.903-03:00 DEBUG 25938 --- [tienda-ms-pedidos] [           main] o.s.b.f.s.DefaultListableBeanFactory     : Creating shared instance of singleton bean 'org.springframework.boot.autoconfigure.task.TaskExecutorConfigurations$SimpleAsyncTaskExecutorBuilderConfiguration'
2024-12-15T14:04:01.903-03:00 DEBUG 25938 --- [tienda-ms-pedidos] [           main] o.s.b.f.s.DefaultListableBeanFactory     : Autowiring by type from bean name 'org.springframework.boot.autoconfigure.task.TaskExecutorConfigurations$SimpleAsyncTaskExecutorBuilderConfiguration' via constructor to bean named 'spring.task.execution-org.springframework.boot.autoconfigure.task.TaskExecutionProperties'
2024-12-15T14:04:01.903-03:00 DEBUG 25938 --- [tienda-ms-pedidos] [           main] o.s.b.f.s.DefaultListableBeanFactory     : Creating shared instance of singleton bean 'simpleAsyncTaskExecutorBuilder'
2024-12-15T14:04:01.903-03:00 DEBUG 25938 --- [tienda-ms-pedidos] [           main] o.s.b.f.s.DefaultListableBeanFactory     : Creating shared instance of singleton bean 'org.springframework.boot.autoconfigure.task.TaskExecutorConfigurations$TaskExecutorConfiguration'
2024-12-15T14:04:01.903-03:00 DEBUG 25938 --- [tienda-ms-pedidos] [           main] o.s.b.f.s.DefaultListableBeanFactory     : Creating shared instance of singleton bean 'org.springframework.boot.autoconfigure.task.TaskExecutionAutoConfiguration'
2024-12-15T14:04:01.903-03:00 DEBUG 25938 --- [tienda-ms-pedidos] [           main] o.s.b.f.s.DefaultListableBeanFactory     : Creating shared instance of singleton bean 'org.springframework.boot.autoconfigure.validation.ValidationAutoConfiguration'
2024-12-15T14:04:01.903-03:00 DEBUG 25938 --- [tienda-ms-pedidos] [           main] o.s.b.f.s.DefaultListableBeanFactory     : Creating shared instance of singleton bean 'defaultValidator'
2024-12-15T14:04:01.903-03:00 DEBUG 25938 --- [tienda-ms-pedidos] [           main] o.s.b.f.s.DefaultListableBeanFactory     : Autowiring by type from bean name 'defaultValidator' via factory method to bean named 'org.springframework.boot.web.servlet.context.AnnotationConfigServletWebServerApplicationContext@5d046b60'
2024-12-15T14:04:01.903-03:00 DEBUG 25938 --- [tienda-ms-pedidos] [           main] .h.v.m.ResourceBundleMessageInterpolator : Loaded expression factory via original TCCL
2024-12-15T14:04:01.903-03:00 DEBUG 25938 --- [tienda-ms-pedidos] [           main] o.h.v.i.e.AbstractConfigurationImpl      : Setting custom MessageInterpolator of type org.springframework.validation.beanvalidation.LocaleContextMessageInterpolator
2024-12-15T14:04:01.903-03:00 DEBUG 25938 --- [tienda-ms-pedidos] [           main] o.h.v.i.e.AbstractConfigurationImpl      : Setting custom ConstraintValidatorFactory of type org.springframework.validation.beanvalidation.SpringConstraintValidatorFactory
2024-12-15T14:04:01.904-03:00 DEBUG 25938 --- [tienda-ms-pedidos] [           main] o.h.v.i.xml.config.ValidationXmlParser   : Trying to load META-INF/validation.xml for XML based Validator configuration.
2024-12-15T14:04:01.904-03:00 DEBUG 25938 --- [tienda-ms-pedidos] [           main] o.h.v.i.xml.config.ResourceLoaderHelper  : Trying to load META-INF/validation.xml via user class loader
2024-12-15T14:04:01.904-03:00 DEBUG 25938 --- [tienda-ms-pedidos] [           main] o.h.v.i.xml.config.ResourceLoaderHelper  : Trying to load META-INF/validation.xml via TCCL
2024-12-15T14:04:01.904-03:00 DEBUG 25938 --- [tienda-ms-pedidos] [           main] o.h.v.i.xml.config.ResourceLoaderHelper  : Trying to load META-INF/validation.xml via Hibernate Validator's class loader
2024-12-15T14:04:01.904-03:00 DEBUG 25938 --- [tienda-ms-pedidos] [           main] o.h.v.i.xml.config.ValidationXmlParser   : No META-INF/validation.xml found. Using annotation based configuration only.
2024-12-15T14:04:01.904-03:00 DEBUG 25938 --- [tienda-ms-pedidos] [           main] o.h.v.i.e.resolver.TraversableResolvers  : Found jakarta.persistence.Persistence on classpath containing 'getPersistenceUtil'. Assuming JPA 2 environment. Trying to instantiate JPA aware TraversableResolver
2024-12-15T14:04:01.904-03:00 DEBUG 25938 --- [tienda-ms-pedidos] [           main] o.h.v.i.e.resolver.TraversableResolvers  : Instantiated JPA aware TraversableResolver of type org.hibernate.validator.internal.engine.resolver.JPATraversableResolver.
2024-12-15T14:04:01.904-03:00 DEBUG 25938 --- [tienda-ms-pedidos] [           main] .i.e.ValidatorFactoryConfigurationHelper : HV000252: Using org.hibernate.validator.internal.engine.DefaultPropertyNodeNameProvider as property node name provider.
2024-12-15T14:04:01.904-03:00 DEBUG 25938 --- [tienda-ms-pedidos] [           main] .i.e.ValidatorFactoryConfigurationHelper : HV000234: Using org.springframework.validation.beanvalidation.LocaleContextMessageInterpolator as ValidatorFactory-scoped message interpolator.
2024-12-15T14:04:01.904-03:00 DEBUG 25938 --- [tienda-ms-pedidos] [           main] .i.e.ValidatorFactoryConfigurationHelper : HV000234: Using org.hibernate.validator.internal.engine.resolver.JPATraversableResolver as ValidatorFactory-scoped traversable resolver.
2024-12-15T14:04:01.904-03:00 DEBUG 25938 --- [tienda-ms-pedidos] [           main] .i.e.ValidatorFactoryConfigurationHelper : HV000234: Using org.hibernate.validator.internal.util.ExecutableParameterNameProvider as ValidatorFactory-scoped parameter name provider.
2024-12-15T14:04:01.904-03:00 DEBUG 25938 --- [tienda-ms-pedidos] [           main] .i.e.ValidatorFactoryConfigurationHelper : HV000234: Using org.hibernate.validator.internal.engine.DefaultClockProvider as ValidatorFactory-scoped clock provider.
2024-12-15T14:04:01.904-03:00 DEBUG 25938 --- [tienda-ms-pedidos] [           main] .i.e.ValidatorFactoryConfigurationHelper : HV000234: Using org.hibernate.validator.internal.engine.scripting.DefaultScriptEvaluatorFactory as ValidatorFactory-scoped script evaluator factory.
2024-12-15T14:04:01.905-03:00 DEBUG 25938 --- [tienda-ms-pedidos] [           main] o.s.b.f.s.DefaultListableBeanFactory     : Creating shared instance of singleton bean 'org.springframework.boot.autoconfigure.web.servlet.error.ErrorMvcAutoConfiguration$WhitelabelErrorViewConfiguration'
2024-12-15T14:04:01.905-03:00 DEBUG 25938 --- [tienda-ms-pedidos] [           main] o.s.b.f.s.DefaultListableBeanFactory     : Creating shared instance of singleton bean 'error'
2024-12-15T14:04:01.905-03:00 DEBUG 25938 --- [tienda-ms-pedidos] [           main] o.s.b.f.s.DefaultListableBeanFactory     : Creating shared instance of singleton bean 'beanNameViewResolver'
2024-12-15T14:04:01.906-03:00 DEBUG 25938 --- [tienda-ms-pedidos] [           main] o.s.b.f.s.DefaultListableBeanFactory     : Creating shared instance of singleton bean 'org.springframework.boot.autoconfigure.web.servlet.error.ErrorMvcAutoConfiguration$DefaultErrorViewResolverConfiguration'
2024-12-15T14:04:01.906-03:00 DEBUG 25938 --- [tienda-ms-pedidos] [           main] o.s.b.f.s.DefaultListableBeanFactory     : Creating shared instance of singleton bean 'spring.web-org.springframework.boot.autoconfigure.web.WebProperties'
2024-12-15T14:04:01.906-03:00 DEBUG 25938 --- [tienda-ms-pedidos] [           main] o.s.b.f.s.DefaultListableBeanFactory     : Autowiring by type from bean name 'org.springframework.boot.autoconfigure.web.servlet.error.ErrorMvcAutoConfiguration$DefaultErrorViewResolverConfiguration' via constructor to bean named 'org.springframework.boot.web.servlet.context.AnnotationConfigServletWebServerApplicationContext@5d046b60'
2024-12-15T14:04:01.906-03:00 DEBUG 25938 --- [tienda-ms-pedidos] [           main] o.s.b.f.s.DefaultListableBeanFactory     : Autowiring by type from bean name 'org.springframework.boot.autoconfigure.web.servlet.error.ErrorMvcAutoConfiguration$DefaultErrorViewResolverConfiguration' via constructor to bean named 'spring.web-org.springframework.boot.autoconfigure.web.WebProperties'
2024-12-15T14:04:01.906-03:00 DEBUG 25938 --- [tienda-ms-pedidos] [           main] o.s.b.f.s.DefaultListableBeanFactory     : Creating shared instance of singleton bean 'conventionErrorViewResolver'
2024-12-15T14:04:01.906-03:00 DEBUG 25938 --- [tienda-ms-pedidos] [           main] o.s.b.f.s.DefaultListableBeanFactory     : Creating shared instance of singleton bean 'errorAttributes'
2024-12-15T14:04:01.906-03:00 DEBUG 25938 --- [tienda-ms-pedidos] [           main] o.s.b.f.s.DefaultListableBeanFactory     : Creating shared instance of singleton bean 'basicErrorController'
2024-12-15T14:04:01.906-03:00 DEBUG 25938 --- [tienda-ms-pedidos] [           main] o.s.b.f.s.DefaultListableBeanFactory     : Autowiring by type from bean name 'basicErrorController' via factory method to bean named 'errorAttributes'
2024-12-15T14:04:01.907-03:00 DEBUG 25938 --- [tienda-ms-pedidos] [           main] o.s.b.f.s.DefaultListableBeanFactory     : Creating shared instance of singleton bean 'org.springframework.boot.autoconfigure.web.servlet.WebMvcAutoConfiguration$EnableWebMvcConfiguration'
2024-12-15T14:04:01.907-03:00 DEBUG 25938 --- [tienda-ms-pedidos] [           main] o.s.b.f.s.DefaultListableBeanFactory     : Autowiring by type from bean name 'org.springframework.boot.autoconfigure.web.servlet.WebMvcAutoConfiguration$EnableWebMvcConfiguration' via constructor to bean named 'spring.mvc-org.springframework.boot.autoconfigure.web.servlet.WebMvcProperties'
2024-12-15T14:04:01.907-03:00 DEBUG 25938 --- [tienda-ms-pedidos] [           main] o.s.b.f.s.DefaultListableBeanFactory     : Autowiring by type from bean name 'org.springframework.boot.autoconfigure.web.servlet.WebMvcAutoConfiguration$EnableWebMvcConfiguration' via constructor to bean named 'spring.web-org.springframework.boot.autoconfigure.web.WebProperties'
2024-12-15T14:04:01.907-03:00 DEBUG 25938 --- [tienda-ms-pedidos] [           main] o.s.b.f.s.DefaultListableBeanFactory     : Autowiring by type from bean name 'org.springframework.boot.autoconfigure.web.servlet.WebMvcAutoConfiguration$EnableWebMvcConfiguration' via constructor to bean named 'org.springframework.beans.factory.support.DefaultListableBeanFactory@18108c5e'
2024-12-15T14:04:01.908-03:00 DEBUG 25938 --- [tienda-ms-pedidos] [           main] o.s.b.f.s.DefaultListableBeanFactory     : Creating shared instance of singleton bean 'org.springframework.boot.autoconfigure.web.servlet.WebMvcAutoConfiguration$WebMvcAutoConfigurationAdapter'
2024-12-15T14:04:01.908-03:00 DEBUG 25938 --- [tienda-ms-pedidos] [           main] o.s.b.f.s.DefaultListableBeanFactory     : Autowiring by type from bean name 'org.springframework.boot.autoconfigure.web.servlet.WebMvcAutoConfiguration$WebMvcAutoConfigurationAdapter' via constructor to bean named 'spring.web-org.springframework.boot.autoconfigure.web.WebProperties'
2024-12-15T14:04:01.908-03:00 DEBUG 25938 --- [tienda-ms-pedidos] [           main] o.s.b.f.s.DefaultListableBeanFactory     : Autowiring by type from bean name 'org.springframework.boot.autoconfigure.web.servlet.WebMvcAutoConfiguration$WebMvcAutoConfigurationAdapter' via constructor to bean named 'spring.mvc-org.springframework.boot.autoconfigure.web.servlet.WebMvcProperties'
2024-12-15T14:04:01.908-03:00 DEBUG 25938 --- [tienda-ms-pedidos] [           main] o.s.b.f.s.DefaultListableBeanFactory     : Autowiring by type from bean name 'org.springframework.boot.autoconfigure.web.servlet.WebMvcAutoConfiguration$WebMvcAutoConfigurationAdapter' via constructor to bean named 'org.springframework.beans.factory.support.DefaultListableBeanFactory@18108c5e'
2024-12-15T14:04:01.908-03:00 DEBUG 25938 --- [tienda-ms-pedidos] [           main] o.s.b.f.s.DefaultListableBeanFactory     : Creating shared instance of singleton bean 'openEntityManagerInViewInterceptorConfigurer'
2024-12-15T14:04:01.908-03:00 DEBUG 25938 --- [tienda-ms-pedidos] [           main] o.s.b.f.s.DefaultListableBeanFactory     : Creating shared instance of singleton bean 'org.springframework.boot.autoconfigure.orm.jpa.JpaBaseConfiguration$JpaWebConfiguration'
2024-12-15T14:04:01.908-03:00 DEBUG 25938 --- [tienda-ms-pedidos] [           main] o.s.b.f.s.DefaultListableBeanFactory     : Autowiring by type from bean name 'org.springframework.boot.autoconfigure.orm.jpa.JpaBaseConfiguration$JpaWebConfiguration' via constructor to bean named 'spring.jpa-org.springframework.boot.autoconfigure.orm.jpa.JpaProperties'
2024-12-15T14:04:01.908-03:00 DEBUG 25938 --- [tienda-ms-pedidos] [           main] o.s.b.f.s.DefaultListableBeanFactory     : Creating shared instance of singleton bean 'openEntityManagerInViewInterceptor'
2024-12-15T14:04:01.908-03:00  WARN 25938 --- [tienda-ms-pedidos] [           main] JpaBaseConfiguration$JpaWebConfiguration : spring.jpa.open-in-view is enabled by default. Therefore, database queries may be performed during view rendering. Explicitly configure spring.jpa.open-in-view to disable this warning
2024-12-15T14:04:01.908-03:00 DEBUG 25938 --- [tienda-ms-pedidos] [           main] o.s.b.f.s.DefaultListableBeanFactory     : Autowiring by type from bean name 'openEntityManagerInViewInterceptorConfigurer' via factory method to bean named 'openEntityManagerInViewInterceptor'
2024-12-15T14:04:01.909-03:00 DEBUG 25938 --- [tienda-ms-pedidos] [           main] o.s.b.f.s.DefaultListableBeanFactory     : Creating shared instance of singleton bean 'org.springframework.data.web.config.HateoasAwareSpringDataWebConfiguration'
2024-12-15T14:04:01.909-03:00 DEBUG 25938 --- [tienda-ms-pedidos] [           main] o.s.b.f.s.DefaultListableBeanFactory     : Autowiring by type from bean name 'org.springframework.data.web.config.HateoasAwareSpringDataWebConfiguration' via constructor to bean named 'org.springframework.boot.web.servlet.context.AnnotationConfigServletWebServerApplicationContext@5d046b60'
2024-12-15T14:04:01.909-03:00 DEBUG 25938 --- [tienda-ms-pedidos] [           main] o.s.b.f.s.DefaultListableBeanFactory     : Creating shared instance of singleton bean 'hypermediaWebMvcConfigurer'
2024-12-15T14:04:01.909-03:00 DEBUG 25938 --- [tienda-ms-pedidos] [           main] o.s.b.f.s.DefaultListableBeanFactory     : Creating shared instance of singleton bean 'org.springframework.hateoas.config.WebMvcHateoasConfiguration'
2024-12-15T14:04:01.909-03:00 DEBUG 25938 --- [tienda-ms-pedidos] [           main] o.s.b.f.s.DefaultListableBeanFactory     : Creating shared instance of singleton bean 'hypermediaWebMvcConverters'
2024-12-15T14:04:01.909-03:00 DEBUG 25938 --- [tienda-ms-pedidos] [           main] o.s.b.f.s.DefaultListableBeanFactory     : Creating shared instance of singleton bean 'org.springframework.hateoas.config.HateoasConfiguration'
2024-12-15T14:04:01.909-03:00 DEBUG 25938 --- [tienda-ms-pedidos] [           main] o.s.b.f.s.DefaultListableBeanFactory     : Creating shared instance of singleton bean 'org.springframework.hateoas.mediatype.hal.HalMediaTypeConfiguration'
2024-12-15T14:04:01.909-03:00 DEBUG 25938 --- [tienda-ms-pedidos] [           main] o.s.b.f.s.DefaultListableBeanFactory     : Creating shared instance of singleton bean '_relProvider'
2024-12-15T14:04:01.909-03:00 DEBUG 25938 --- [tienda-ms-pedidos] [           main] o.s.b.f.s.DefaultListableBeanFactory     : Creating shared instance of singleton bean 'relProviderPluginRegistry'
2024-12-15T14:04:01.909-03:00 DEBUG 25938 --- [tienda-ms-pedidos] [           main] o.s.b.f.s.DefaultListableBeanFactory     : Autowiring by type from bean name 'relProviderPluginRegistry' via factory method to bean named 'org.springframework.boot.web.servlet.context.AnnotationConfigServletWebServerApplicationContext@5d046b60'
2024-12-15T14:04:01.910-03:00 DEBUG 25938 --- [tienda-ms-pedidos] [           main] o.s.b.f.s.DefaultListableBeanFactory     : Autowiring by type from bean name '_relProvider' via factory method to bean named 'relProviderPluginRegistry'
2024-12-15T14:04:01.910-03:00 DEBUG 25938 --- [tienda-ms-pedidos] [           main] o.s.b.f.s.DefaultListableBeanFactory     : Creating shared instance of singleton bean 'messageResolver'
2024-12-15T14:04:01.911-03:00 DEBUG 25938 --- [tienda-ms-pedidos] [           main] o.s.b.f.s.DefaultListableBeanFactory     : Autowiring by type from bean name 'org.springframework.hateoas.mediatype.hal.HalMediaTypeConfiguration' via constructor to bean named '_relProvider'
2024-12-15T14:04:01.911-03:00 DEBUG 25938 --- [tienda-ms-pedidos] [           main] o.s.b.f.s.DefaultListableBeanFactory     : Autowiring by type from bean name 'org.springframework.hateoas.mediatype.hal.HalMediaTypeConfiguration' via constructor to bean named 'messageResolver'
2024-12-15T14:04:01.911-03:00 DEBUG 25938 --- [tienda-ms-pedidos] [           main] o.s.b.f.s.DefaultListableBeanFactory     : Autowiring by type from bean name 'org.springframework.hateoas.mediatype.hal.HalMediaTypeConfiguration' via constructor to bean named 'org.springframework.beans.factory.support.DefaultListableBeanFactory@18108c5e'
2024-12-15T14:04:01.912-03:00 DEBUG 25938 --- [tienda-ms-pedidos] [           main] o.s.b.f.s.DefaultListableBeanFactory     : Autowiring by type from bean name 'hypermediaWebMvcConverters' via factory method to bean named 'org.springframework.hateoas.mediatype.hal.HalMediaTypeConfiguration'
2024-12-15T14:04:01.912-03:00 DEBUG 25938 --- [tienda-ms-pedidos] [           main] o.s.b.f.s.DefaultListableBeanFactory     : Creating shared instance of singleton bean 'jacksonObjectMapper'
2024-12-15T14:04:01.912-03:00 DEBUG 25938 --- [tienda-ms-pedidos] [           main] o.s.b.f.s.DefaultListableBeanFactory     : Creating shared instance of singleton bean 'org.springframework.boot.autoconfigure.jackson.JacksonAutoConfiguration$JacksonObjectMapperConfiguration'
2024-12-15T14:04:01.912-03:00 DEBUG 25938 --- [tienda-ms-pedidos] [           main] o.s.b.f.s.DefaultListableBeanFactory     : Creating shared instance of singleton bean 'org.springframework.boot.autoconfigure.jackson.JacksonAutoConfiguration$JacksonObjectMapperBuilderConfiguration'
2024-12-15T14:04:01.912-03:00 DEBUG 25938 --- [tienda-ms-pedidos] [           main] o.s.b.f.s.DefaultListableBeanFactory     : Creating shared instance of singleton bean 'standardJacksonObjectMapperBuilderCustomizer'
2024-12-15T14:04:01.912-03:00 DEBUG 25938 --- [tienda-ms-pedidos] [           main] o.s.b.f.s.DefaultListableBeanFactory     : Creating shared instance of singleton bean 'org.springframework.boot.autoconfigure.jackson.JacksonAutoConfiguration$Jackson2ObjectMapperBuilderCustomizerConfiguration'
2024-12-15T14:04:01.912-03:00 DEBUG 25938 --- [tienda-ms-pedidos] [           main] o.s.b.f.s.DefaultListableBeanFactory     : Creating shared instance of singleton bean 'spring.jackson-org.springframework.boot.autoconfigure.jackson.JacksonProperties'
2024-12-15T14:04:01.914-03:00 DEBUG 25938 --- [tienda-ms-pedidos] [           main] o.s.b.f.s.DefaultListableBeanFactory     : Autowiring by type from bean name 'standardJacksonObjectMapperBuilderCustomizer' via factory method to bean named 'spring.jackson-org.springframework.boot.autoconfigure.jackson.JacksonProperties'
2024-12-15T14:04:01.914-03:00 DEBUG 25938 --- [tienda-ms-pedidos] [           main] o.s.b.f.s.DefaultListableBeanFactory     : Creating shared instance of singleton bean 'parameterNamesModule'
2024-12-15T14:04:01.914-03:00 DEBUG 25938 --- [tienda-ms-pedidos] [           main] o.s.b.f.s.DefaultListableBeanFactory     : Creating shared instance of singleton bean 'org.springframework.boot.autoconfigure.jackson.JacksonAutoConfiguration$ParameterNamesModuleConfiguration'
2024-12-15T14:04:01.914-03:00 DEBUG 25938 --- [tienda-ms-pedidos] [           main] o.s.b.f.s.DefaultListableBeanFactory     : Creating shared instance of singleton bean 'jsonMixinModule'
2024-12-15T14:04:01.914-03:00 DEBUG 25938 --- [tienda-ms-pedidos] [           main] o.s.b.f.s.DefaultListableBeanFactory     : Creating shared instance of singleton bean 'org.springframework.boot.autoconfigure.jackson.JacksonAutoConfiguration$JacksonMixinConfiguration'
2024-12-15T14:04:01.914-03:00 DEBUG 25938 --- [tienda-ms-pedidos] [           main] o.s.b.f.s.DefaultListableBeanFactory     : Creating shared instance of singleton bean 'jsonMixinModuleEntries'
2024-12-15T14:04:01.914-03:00 DEBUG 25938 --- [tienda-ms-pedidos] [           main] o.s.b.f.s.DefaultListableBeanFactory     : Autowiring by type from bean name 'jsonMixinModuleEntries' via factory method to bean named 'org.springframework.boot.web.servlet.context.AnnotationConfigServletWebServerApplicationContext@5d046b60'
2024-12-15T14:04:01.915-03:00 DEBUG 25938 --- [tienda-ms-pedidos] [           main] o.s.b.f.s.DefaultListableBeanFactory     : Autowiring by type from bean name 'jsonMixinModule' via factory method to bean named 'org.springframework.boot.web.servlet.context.AnnotationConfigServletWebServerApplicationContext@5d046b60'
2024-12-15T14:04:01.915-03:00 DEBUG 25938 --- [tienda-ms-pedidos] [           main] o.s.b.f.s.DefaultListableBeanFactory     : Autowiring by type from bean name 'jsonMixinModule' via factory method to bean named 'jsonMixinModuleEntries'
2024-12-15T14:04:01.915-03:00 DEBUG 25938 --- [tienda-ms-pedidos] [           main] o.s.b.f.s.DefaultListableBeanFactory     : Creating shared instance of singleton bean 'jsonComponentModule'
2024-12-15T14:04:01.916-03:00 DEBUG 25938 --- [tienda-ms-pedidos] [           main] o.s.b.f.s.DefaultListableBeanFactory     : Creating shared instance of singleton bean 'org.springframework.boot.autoconfigure.jackson.JacksonAutoConfiguration'
2024-12-15T14:04:01.916-03:00 DEBUG 25938 --- [tienda-ms-pedidos] [           main] o.s.b.f.s.DefaultListableBeanFactory     : Creating shared instance of singleton bean 'jacksonGeoModule'
2024-12-15T14:04:01.916-03:00 DEBUG 25938 --- [tienda-ms-pedidos] [           main] o.s.b.f.s.DefaultListableBeanFactory     : Creating shared instance of singleton bean 'org.springframework.data.web.config.SpringDataJacksonConfiguration'
2024-12-15T14:04:01.916-03:00 DEBUG 25938 --- [tienda-ms-pedidos] [           main] o.s.b.f.s.DefaultListableBeanFactory     : Creating shared instance of singleton bean 'springDataWebSettings'
2024-12-15T14:04:01.916-03:00 DEBUG 25938 --- [tienda-ms-pedidos] [           main] o.s.b.f.s.DefaultListableBeanFactory     : Creating shared instance of singleton bean 'org.springframework.boot.autoconfigure.data.web.SpringDataWebAutoConfiguration'
2024-12-15T14:04:01.916-03:00 DEBUG 25938 --- [tienda-ms-pedidos] [           main] o.s.b.f.s.DefaultListableBeanFactory     : Creating shared instance of singleton bean 'spring.data.web-org.springframework.boot.autoconfigure.data.web.SpringDataWebProperties'
2024-12-15T14:04:01.917-03:00 DEBUG 25938 --- [tienda-ms-pedidos] [           main] o.s.b.f.s.DefaultListableBeanFactory     : Autowiring by type from bean name 'org.springframework.boot.autoconfigure.data.web.SpringDataWebAutoConfiguration' via constructor to bean named 'spring.data.web-org.springframework.boot.autoconfigure.data.web.SpringDataWebProperties'
2024-12-15T14:04:01.917-03:00 DEBUG 25938 --- [tienda-ms-pedidos] [           main] o.s.b.f.s.DefaultListableBeanFactory     : Creating shared instance of singleton bean 'pageModule'
2024-12-15T14:04:01.917-03:00 DEBUG 25938 --- [tienda-ms-pedidos] [           main] o.s.b.f.s.DefaultListableBeanFactory     : Autowiring by type from bean name 'jacksonObjectMapperBuilder' via factory method to bean named 'org.springframework.boot.web.servlet.context.AnnotationConfigServletWebServerApplicationContext@5d046b60'
2024-12-15T14:04:01.917-03:00 DEBUG 25938 --- [tienda-ms-pedidos] [           main] o.s.b.f.s.DefaultListableBeanFactory     : Autowiring by type from bean name 'jacksonObjectMapperBuilder' via factory method to bean named 'standardJacksonObjectMapperBuilderCustomizer'
2024-12-15T14:04:01.917-03:00 DEBUG 25938 --- [tienda-ms-pedidos] [           main] o.s.b.f.s.DefaultListableBeanFactory     : Autowiring by type from bean name 'jacksonObjectMapper' via factory method to bean named 'jacksonObjectMapperBuilder'
2024-12-15T14:04:01.918-03:00 DEBUG 25938 --- [tienda-ms-pedidos] [           main] o.s.b.f.s.DefaultListableBeanFactory     : Autowiring by type from bean name 'hypermediaWebMvcConfigurer' via factory method to bean named 'hypermediaWebMvcConverters'
2024-12-15T14:04:01.919-03:00 DEBUG 25938 --- [tienda-ms-pedidos] [           main] o.s.b.f.s.DefaultListableBeanFactory     : Creating shared instance of singleton bean 'welcomePageHandlerMapping'
2024-12-15T14:04:01.919-03:00 DEBUG 25938 --- [tienda-ms-pedidos] [           main] o.s.b.f.s.DefaultListableBeanFactory     : Creating shared instance of singleton bean 'mvcConversionService'
2024-12-15T14:04:01.920-03:00 DEBUG 25938 --- [tienda-ms-pedidos] [           main] o.s.b.f.s.DefaultListableBeanFactory     : Creating shared instance of singleton bean 'mvcResourceUrlProvider'
2024-12-15T14:04:01.920-03:00 DEBUG 25938 --- [tienda-ms-pedidos] [           main] o.s.b.f.s.DefaultListableBeanFactory     : Autowiring by type from bean name 'welcomePageHandlerMapping' via factory method to bean named 'org.springframework.boot.web.servlet.context.AnnotationConfigServletWebServerApplicationContext@5d046b60'
2024-12-15T14:04:01.920-03:00 DEBUG 25938 --- [tienda-ms-pedidos] [           main] o.s.b.f.s.DefaultListableBeanFactory     : Autowiring by type from bean name 'welcomePageHandlerMapping' via factory method to bean named 'mvcConversionService'
2024-12-15T14:04:01.920-03:00 DEBUG 25938 --- [tienda-ms-pedidos] [           main] o.s.b.f.s.DefaultListableBeanFactory     : Autowiring by type from bean name 'welcomePageHandlerMapping' via factory method to bean named 'mvcResourceUrlProvider'
2024-12-15T14:04:01.921-03:00 DEBUG 25938 --- [tienda-ms-pedidos] [           main] o.s.b.f.s.DefaultListableBeanFactory     : Creating shared instance of singleton bean 'welcomePageNotAcceptableHandlerMapping'
2024-12-15T14:04:01.921-03:00 DEBUG 25938 --- [tienda-ms-pedidos] [           main] o.s.b.f.s.DefaultListableBeanFactory     : Autowiring by type from bean name 'welcomePageNotAcceptableHandlerMapping' via factory method to bean named 'org.springframework.boot.web.servlet.context.AnnotationConfigServletWebServerApplicationContext@5d046b60'
2024-12-15T14:04:01.921-03:00 DEBUG 25938 --- [tienda-ms-pedidos] [           main] o.s.b.f.s.DefaultListableBeanFactory     : Autowiring by type from bean name 'welcomePageNotAcceptableHandlerMapping' via factory method to bean named 'mvcConversionService'
2024-12-15T14:04:01.921-03:00 DEBUG 25938 --- [tienda-ms-pedidos] [           main] o.s.b.f.s.DefaultListableBeanFactory     : Autowiring by type from bean name 'welcomePageNotAcceptableHandlerMapping' via factory method to bean named 'mvcResourceUrlProvider'
2024-12-15T14:04:01.922-03:00 DEBUG 25938 --- [tienda-ms-pedidos] [           main] o.s.b.f.s.DefaultListableBeanFactory     : Creating shared instance of singleton bean 'localeResolver'
2024-12-15T14:04:01.922-03:00 DEBUG 25938 --- [tienda-ms-pedidos] [           main] o.s.b.f.s.DefaultListableBeanFactory     : Creating shared instance of singleton bean 'themeResolver'
2024-12-15T14:04:01.922-03:00 DEBUG 25938 --- [tienda-ms-pedidos] [           main] o.s.b.f.s.DefaultListableBeanFactory     : Creating shared instance of singleton bean 'flashMapManager'
2024-12-15T14:04:01.922-03:00 DEBUG 25938 --- [tienda-ms-pedidos] [           main] o.s.b.f.s.DefaultListableBeanFactory     : Creating shared instance of singleton bean 'viewNameTranslator'
2024-12-15T14:04:01.922-03:00 DEBUG 25938 --- [tienda-ms-pedidos] [           main] o.s.b.f.s.DefaultListableBeanFactory     : Creating shared instance of singleton bean 'mvcValidator'
2024-12-15T14:04:01.923-03:00 DEBUG 25938 --- [tienda-ms-pedidos] [           main] o.s.b.f.s.DefaultListableBeanFactory     : Creating shared instance of singleton bean 'mvcContentNegotiationManager'
2024-12-15T14:04:01.923-03:00 DEBUG 25938 --- [tienda-ms-pedidos] [           main] o.s.b.f.s.DefaultListableBeanFactory     : Creating shared instance of singleton bean 'requestMappingHandlerMapping'
2024-12-15T14:04:01.923-03:00 DEBUG 25938 --- [tienda-ms-pedidos] [           main] o.s.b.f.s.DefaultListableBeanFactory     : Autowiring by type from bean name 'requestMappingHandlerMapping' via factory method to bean named 'mvcContentNegotiationManager'
2024-12-15T14:04:01.923-03:00 DEBUG 25938 --- [tienda-ms-pedidos] [           main] o.s.b.f.s.DefaultListableBeanFactory     : Autowiring by type from bean name 'requestMappingHandlerMapping' via factory method to bean named 'mvcConversionService'
2024-12-15T14:04:01.923-03:00 DEBUG 25938 --- [tienda-ms-pedidos] [           main] o.s.b.f.s.DefaultListableBeanFactory     : Autowiring by type from bean name 'requestMappingHandlerMapping' via factory method to bean named 'mvcResourceUrlProvider'
2024-12-15T14:04:01.927-03:00 DEBUG 25938 --- [tienda-ms-pedidos] [           main] s.w.s.m.m.a.RequestMappingHandlerMapping : 14 mappings in 'requestMappingHandlerMapping'
2024-12-15T14:04:01.928-03:00 DEBUG 25938 --- [tienda-ms-pedidos] [           main] o.s.b.f.s.DefaultListableBeanFactory     : Creating shared instance of singleton bean 'mvcPatternParser'
2024-12-15T14:04:01.928-03:00 DEBUG 25938 --- [tienda-ms-pedidos] [           main] o.s.b.f.s.DefaultListableBeanFactory     : Creating shared instance of singleton bean 'mvcUrlPathHelper'
2024-12-15T14:04:01.928-03:00 DEBUG 25938 --- [tienda-ms-pedidos] [           main] o.s.b.f.s.DefaultListableBeanFactory     : Creating shared instance of singleton bean 'mvcPathMatcher'
2024-12-15T14:04:01.928-03:00 DEBUG 25938 --- [tienda-ms-pedidos] [           main] o.s.b.f.s.DefaultListableBeanFactory     : Creating shared instance of singleton bean 'viewControllerHandlerMapping'
2024-12-15T14:04:01.928-03:00 DEBUG 25938 --- [tienda-ms-pedidos] [           main] o.s.b.f.s.DefaultListableBeanFactory     : Autowiring by type from bean name 'viewControllerHandlerMapping' via factory method to bean named 'mvcConversionService'
2024-12-15T14:04:01.928-03:00 DEBUG 25938 --- [tienda-ms-pedidos] [           main] o.s.b.f.s.DefaultListableBeanFactory     : Autowiring by type from bean name 'viewControllerHandlerMapping' via factory method to bean named 'mvcResourceUrlProvider'
2024-12-15T14:04:01.928-03:00 DEBUG 25938 --- [tienda-ms-pedidos] [           main] o.s.b.f.s.DefaultListableBeanFactory     : Creating shared instance of singleton bean 'beanNameHandlerMapping'
2024-12-15T14:04:01.928-03:00 DEBUG 25938 --- [tienda-ms-pedidos] [           main] o.s.b.f.s.DefaultListableBeanFactory     : Autowiring by type from bean name 'beanNameHandlerMapping' via factory method to bean named 'mvcConversionService'
2024-12-15T14:04:01.928-03:00 DEBUG 25938 --- [tienda-ms-pedidos] [           main] o.s.b.f.s.DefaultListableBeanFactory     : Autowiring by type from bean name 'beanNameHandlerMapping' via factory method to bean named 'mvcResourceUrlProvider'
2024-12-15T14:04:01.929-03:00 DEBUG 25938 --- [tienda-ms-pedidos] [           main] o.s.b.f.s.DefaultListableBeanFactory     : Creating shared instance of singleton bean 'routerFunctionMapping'
2024-12-15T14:04:01.929-03:00 DEBUG 25938 --- [tienda-ms-pedidos] [           main] o.s.b.f.s.DefaultListableBeanFactory     : Autowiring by type from bean name 'routerFunctionMapping' via factory method to bean named 'mvcConversionService'
2024-12-15T14:04:01.929-03:00 DEBUG 25938 --- [tienda-ms-pedidos] [           main] o.s.b.f.s.DefaultListableBeanFactory     : Autowiring by type from bean name 'routerFunctionMapping' via factory method to bean named 'mvcResourceUrlProvider'
2024-12-15T14:04:01.929-03:00 DEBUG 25938 --- [tienda-ms-pedidos] [           main] o.s.b.f.s.DefaultListableBeanFactory     : Creating shared instance of singleton bean 'messageConverters'
2024-12-15T14:04:01.929-03:00 DEBUG 25938 --- [tienda-ms-pedidos] [           main] o.s.b.f.s.DefaultListableBeanFactory     : Creating shared instance of singleton bean 'org.springframework.boot.autoconfigure.http.HttpMessageConvertersAutoConfiguration'
2024-12-15T14:04:01.930-03:00 DEBUG 25938 --- [tienda-ms-pedidos] [           main] o.s.b.f.s.DefaultListableBeanFactory     : Creating shared instance of singleton bean 'stringHttpMessageConverter'
2024-12-15T14:04:01.930-03:00 DEBUG 25938 --- [tienda-ms-pedidos] [           main] o.s.b.f.s.DefaultListableBeanFactory     : Creating shared instance of singleton bean 'org.springframework.boot.autoconfigure.http.HttpMessageConvertersAutoConfiguration$StringHttpMessageConverterConfiguration'
2024-12-15T14:04:01.930-03:00 DEBUG 25938 --- [tienda-ms-pedidos] [           main] o.s.b.f.s.DefaultListableBeanFactory     : Autowiring by type from bean name 'stringHttpMessageConverter' via factory method to bean named 'environment'
2024-12-15T14:04:01.930-03:00 DEBUG 25938 --- [tienda-ms-pedidos] [           main] o.s.b.f.s.DefaultListableBeanFactory     : Creating shared instance of singleton bean 'mappingJackson2HttpMessageConverter'
2024-12-15T14:04:01.930-03:00 DEBUG 25938 --- [tienda-ms-pedidos] [           main] o.s.b.f.s.DefaultListableBeanFactory     : Creating shared instance of singleton bean 'org.springframework.boot.autoconfigure.http.JacksonHttpMessageConvertersConfiguration$MappingJackson2HttpMessageConverterConfiguration'
2024-12-15T14:04:01.930-03:00 DEBUG 25938 --- [tienda-ms-pedidos] [           main] o.s.b.f.s.DefaultListableBeanFactory     : Autowiring by type from bean name 'mappingJackson2HttpMessageConverter' via factory method to bean named 'jacksonObjectMapper'
2024-12-15T14:04:01.932-03:00 DEBUG 25938 --- [tienda-ms-pedidos] [           main] o.s.b.f.s.DefaultListableBeanFactory     : Creating shared instance of singleton bean 'applicationJsonHalConfiguration'
2024-12-15T14:04:01.932-03:00 DEBUG 25938 --- [tienda-ms-pedidos] [           main] o.s.b.f.s.DefaultListableBeanFactory     : Creating shared instance of singleton bean 'org.springframework.boot.autoconfigure.hateoas.HypermediaAutoConfiguration'
2024-12-15T14:04:01.933-03:00 DEBUG 25938 --- [tienda-ms-pedidos] [           main] o.s.b.f.s.DefaultListableBeanFactory     : Creating shared instance of singleton bean 'resourceHandlerMapping'
2024-12-15T14:04:01.933-03:00 DEBUG 25938 --- [tienda-ms-pedidos] [           main] o.s.b.f.s.DefaultListableBeanFactory     : Autowiring by type from bean name 'resourceHandlerMapping' via factory method to bean named 'mvcContentNegotiationManager'
2024-12-15T14:04:01.933-03:00 DEBUG 25938 --- [tienda-ms-pedidos] [           main] o.s.b.f.s.DefaultListableBeanFactory     : Autowiring by type from bean name 'resourceHandlerMapping' via factory method to bean named 'mvcConversionService'
2024-12-15T14:04:01.933-03:00 DEBUG 25938 --- [tienda-ms-pedidos] [           main] o.s.b.f.s.DefaultListableBeanFactory     : Autowiring by type from bean name 'resourceHandlerMapping' via factory method to bean named 'mvcResourceUrlProvider'
2024-12-15T14:04:01.937-03:00 DEBUG 25938 --- [tienda-ms-pedidos] [           main] o.s.w.s.handler.SimpleUrlHandlerMapping  : Patterns [/webjars/**, /**] in 'resourceHandlerMapping'
2024-12-15T14:04:01.937-03:00 DEBUG 25938 --- [tienda-ms-pedidos] [           main] o.s.b.f.s.DefaultListableBeanFactory     : Creating shared instance of singleton bean 'defaultServletHandlerMapping'
2024-12-15T14:04:01.937-03:00 DEBUG 25938 --- [tienda-ms-pedidos] [           main] o.s.b.f.s.DefaultListableBeanFactory     : Creating shared instance of singleton bean 'requestMappingHandlerAdapter'
2024-12-15T14:04:01.937-03:00 DEBUG 25938 --- [tienda-ms-pedidos] [           main] o.s.b.f.s.DefaultListableBeanFactory     : Autowiring by type from bean name 'requestMappingHandlerAdapter' via factory method to bean named 'mvcContentNegotiationManager'
2024-12-15T14:04:01.937-03:00 DEBUG 25938 --- [tienda-ms-pedidos] [           main] o.s.b.f.s.DefaultListableBeanFactory     : Autowiring by type from bean name 'requestMappingHandlerAdapter' via factory method to bean named 'mvcConversionService'
2024-12-15T14:04:01.937-03:00 DEBUG 25938 --- [tienda-ms-pedidos] [           main] o.s.b.f.s.DefaultListableBeanFactory     : Autowiring by type from bean name 'requestMappingHandlerAdapter' via factory method to bean named 'mvcValidator'
2024-12-15T14:04:01.938-03:00 DEBUG 25938 --- [tienda-ms-pedidos] [           main] o.s.b.f.s.DefaultListableBeanFactory     : Creating shared instance of singleton bean 'sortResolver'
2024-12-15T14:04:01.938-03:00 DEBUG 25938 --- [tienda-ms-pedidos] [           main] o.s.b.f.s.DefaultListableBeanFactory     : Creating shared instance of singleton bean 'sortCustomizer'
2024-12-15T14:04:01.938-03:00 DEBUG 25938 --- [tienda-ms-pedidos] [           main] o.s.b.f.s.DefaultListableBeanFactory     : Creating shared instance of singleton bean 'pageableResolver'
2024-12-15T14:04:01.938-03:00 DEBUG 25938 --- [tienda-ms-pedidos] [           main] o.s.b.f.s.DefaultListableBeanFactory     : Creating shared instance of singleton bean 'pageableCustomizer'
2024-12-15T14:04:01.938-03:00 DEBUG 25938 --- [tienda-ms-pedidos] [           main] o.s.b.f.s.DefaultListableBeanFactory     : Creating shared instance of singleton bean 'pagedResourcesAssemblerArgumentResolver'
2024-12-15T14:04:01.938-03:00 DEBUG 25938 --- [tienda-ms-pedidos] [           main] o.s.b.f.s.DefaultListableBeanFactory     : Creating shared instance of singleton bean 'slicedResourcesAssemblerArgumentResolver'
2024-12-15T14:04:01.938-03:00 DEBUG 25938 --- [tienda-ms-pedidos] [           main] o.s.b.f.s.DefaultListableBeanFactory     : Creating shared instance of singleton bean 'applicationTaskExecutor'
2024-12-15T14:04:01.938-03:00 DEBUG 25938 --- [tienda-ms-pedidos] [           main] o.s.b.f.s.DefaultListableBeanFactory     : Autowiring by type from bean name 'applicationTaskExecutor' via factory method to bean named 'threadPoolTaskExecutorBuilder'
2024-12-15T14:04:01.938-03:00 DEBUG 25938 --- [tienda-ms-pedidos] [           main] o.s.s.concurrent.ThreadPoolTaskExecutor  : Initializing ExecutorService 'applicationTaskExecutor'
2024-12-15T14:04:01.939-03:00 DEBUG 25938 --- [tienda-ms-pedidos] [           main] s.w.s.m.m.a.RequestMappingHandlerAdapter : ControllerAdvice beans: 0 @ModelAttribute, 0 @InitBinder, 1 RequestBodyAdvice, 1 ResponseBodyAdvice
2024-12-15T14:04:01.940-03:00 DEBUG 25938 --- [tienda-ms-pedidos] [           main] o.s.b.f.s.DefaultListableBeanFactory     : Creating shared instance of singleton bean 'mvcViewResolver'
2024-12-15T14:04:01.940-03:00 DEBUG 25938 --- [tienda-ms-pedidos] [           main] o.s.b.f.s.DefaultListableBeanFactory     : Autowiring by type from bean name 'mvcViewResolver' via factory method to bean named 'mvcContentNegotiationManager'
2024-12-15T14:04:01.941-03:00 DEBUG 25938 --- [tienda-ms-pedidos] [           main] o.s.b.f.s.DefaultListableBeanFactory     : Creating shared instance of singleton bean 'defaultViewResolver'
2024-12-15T14:04:01.941-03:00 DEBUG 25938 --- [tienda-ms-pedidos] [           main] o.s.b.f.s.DefaultListableBeanFactory     : Creating shared instance of singleton bean 'viewResolver'
2024-12-15T14:04:01.941-03:00 DEBUG 25938 --- [tienda-ms-pedidos] [           main] o.s.b.f.s.DefaultListableBeanFactory     : Autowiring by type from bean name 'viewResolver' via factory method to bean named 'org.springframework.beans.factory.support.DefaultListableBeanFactory@18108c5e'
2024-12-15T14:04:01.941-03:00 DEBUG 25938 --- [tienda-ms-pedidos] [           main] o.s.b.f.s.DefaultListableBeanFactory     : Creating shared instance of singleton bean 'viewResolver'
2024-12-15T14:04:01.942-03:00 DEBUG 25938 --- [tienda-ms-pedidos] [           main] o.s.b.f.s.DefaultListableBeanFactory     : Creating shared instance of singleton bean 'handlerFunctionAdapter'
2024-12-15T14:04:01.942-03:00 DEBUG 25938 --- [tienda-ms-pedidos] [           main] o.s.b.f.s.DefaultListableBeanFactory     : Creating shared instance of singleton bean 'mvcUriComponentsContributor'
2024-12-15T14:04:01.942-03:00 DEBUG 25938 --- [tienda-ms-pedidos] [           main] o.s.b.f.s.DefaultListableBeanFactory     : Autowiring by type from bean name 'mvcUriComponentsContributor' via factory method to bean named 'mvcConversionService'
2024-12-15T14:04:01.942-03:00 DEBUG 25938 --- [tienda-ms-pedidos] [           main] o.s.b.f.s.DefaultListableBeanFactory     : Autowiring by type from bean name 'mvcUriComponentsContributor' via factory method to bean named 'requestMappingHandlerAdapter'
2024-12-15T14:04:01.942-03:00 DEBUG 25938 --- [tienda-ms-pedidos] [           main] o.s.b.f.s.DefaultListableBeanFactory     : Creating shared instance of singleton bean 'httpRequestHandlerAdapter'
2024-12-15T14:04:01.942-03:00 DEBUG 25938 --- [tienda-ms-pedidos] [           main] o.s.b.f.s.DefaultListableBeanFactory     : Creating shared instance of singleton bean 'simpleControllerHandlerAdapter'
2024-12-15T14:04:01.942-03:00 DEBUG 25938 --- [tienda-ms-pedidos] [           main] o.s.b.f.s.DefaultListableBeanFactory     : Creating shared instance of singleton bean 'handlerExceptionResolver'
2024-12-15T14:04:01.942-03:00 DEBUG 25938 --- [tienda-ms-pedidos] [           main] o.s.b.f.s.DefaultListableBeanFactory     : Autowiring by type from bean name 'handlerExceptionResolver' via factory method to bean named 'mvcContentNegotiationManager'
2024-12-15T14:04:01.943-03:00 DEBUG 25938 --- [tienda-ms-pedidos] [           main] .m.m.a.ExceptionHandlerExceptionResolver : ControllerAdvice beans: 0 @ExceptionHandler, 1 ResponseBodyAdvice
2024-12-15T14:04:01.944-03:00 DEBUG 25938 --- [tienda-ms-pedidos] [           main] o.s.b.f.s.DefaultListableBeanFactory     : Creating shared instance of singleton bean 'org.springframework.boot.autoconfigure.aop.AopAutoConfiguration$AspectJAutoProxyingConfiguration$CglibAutoProxyConfiguration'
2024-12-15T14:04:01.944-03:00 DEBUG 25938 --- [tienda-ms-pedidos] [           main] o.s.b.f.s.DefaultListableBeanFactory     : Creating shared instance of singleton bean 'org.springframework.boot.autoconfigure.aop.AopAutoConfiguration$AspectJAutoProxyingConfiguration'
2024-12-15T14:04:01.944-03:00 DEBUG 25938 --- [tienda-ms-pedidos] [           main] o.s.b.f.s.DefaultListableBeanFactory     : Creating shared instance of singleton bean 'org.springframework.boot.autoconfigure.aop.AopAutoConfiguration'
2024-12-15T14:04:01.945-03:00 DEBUG 25938 --- [tienda-ms-pedidos] [           main] o.s.b.f.s.DefaultListableBeanFactory     : Creating shared instance of singleton bean 'org.springframework.boot.autoconfigure.availability.ApplicationAvailabilityAutoConfiguration'
2024-12-15T14:04:01.945-03:00 DEBUG 25938 --- [tienda-ms-pedidos] [           main] o.s.b.f.s.DefaultListableBeanFactory     : Creating shared instance of singleton bean 'applicationAvailability'
2024-12-15T14:04:01.946-03:00 DEBUG 25938 --- [tienda-ms-pedidos] [           main] o.s.b.f.s.DefaultListableBeanFactory     : Creating shared instance of singleton bean 'org.springframework.boot.autoconfigure.transaction.jta.JtaAutoConfiguration'
2024-12-15T14:04:01.946-03:00 DEBUG 25938 --- [tienda-ms-pedidos] [           main] o.s.b.f.s.DefaultListableBeanFactory     : Creating shared instance of singleton bean 'org.springframework.boot.autoconfigure.jdbc.DataSourceJmxConfiguration$Hikari'
2024-12-15T14:04:01.946-03:00 DEBUG 25938 --- [tienda-ms-pedidos] [           main] o.s.b.f.s.DefaultListableBeanFactory     : Autowiring by type from bean name 'org.springframework.boot.autoconfigure.jdbc.DataSourceJmxConfiguration$Hikari' via constructor to bean named 'dataSource'
2024-12-15T14:04:01.946-03:00 DEBUG 25938 --- [tienda-ms-pedidos] [           main] o.s.b.f.s.DefaultListableBeanFactory     : Creating shared instance of singleton bean 'org.springframework.boot.autoconfigure.jdbc.DataSourceJmxConfiguration'
2024-12-15T14:04:01.947-03:00 DEBUG 25938 --- [tienda-ms-pedidos] [           main] o.s.b.f.s.DefaultListableBeanFactory     : Creating shared instance of singleton bean 'org.springframework.boot.autoconfigure.jdbc.metadata.DataSourcePoolMetadataProvidersConfiguration'
2024-12-15T14:04:01.947-03:00 DEBUG 25938 --- [tienda-ms-pedidos] [           main] o.s.b.f.s.DefaultListableBeanFactory     : Creating shared instance of singleton bean 'org.springframework.boot.autoconfigure.jdbc.DataSourceAutoConfiguration'
2024-12-15T14:04:01.947-03:00 DEBUG 25938 --- [tienda-ms-pedidos] [           main] o.s.b.f.s.DefaultListableBeanFactory     : Creating shared instance of singleton bean 'org.springframework.boot.autoconfigure.transaction.TransactionManagerCustomizationAutoConfiguration'
2024-12-15T14:04:01.948-03:00 DEBUG 25938 --- [tienda-ms-pedidos] [           main] o.s.b.f.s.DefaultListableBeanFactory     : Creating shared instance of singleton bean 'platformTransactionManagerCustomizers'
2024-12-15T14:04:01.949-03:00 DEBUG 25938 --- [tienda-ms-pedidos] [           main] o.s.b.f.s.DefaultListableBeanFactory     : Creating shared instance of singleton bean 'transactionExecutionListeners'
2024-12-15T14:04:01.949-03:00 DEBUG 25938 --- [tienda-ms-pedidos] [           main] o.s.b.f.s.DefaultListableBeanFactory     : Creating shared instance of singleton bean 'spring.transaction-org.springframework.boot.autoconfigure.transaction.TransactionProperties'
2024-12-15T14:04:01.951-03:00 DEBUG 25938 --- [tienda-ms-pedidos] [           main] o.s.b.f.s.DefaultListableBeanFactory     : Creating shared instance of singleton bean 'org.springframework.boot.autoconfigure.orm.jpa.JpaBaseConfiguration$PersistenceManagedTypesConfiguration'
2024-12-15T14:04:01.951-03:00 DEBUG 25938 --- [tienda-ms-pedidos] [           main] o.s.b.f.s.DefaultListableBeanFactory     : Creating shared instance of singleton bean 'transactionManager'
2024-12-15T14:04:01.952-03:00 DEBUG 25938 --- [tienda-ms-pedidos] [           main] o.s.b.f.s.DefaultListableBeanFactory     : Creating shared instance of singleton bean 'org.springframework.boot.autoconfigure.orm.jpa.HibernateJpaAutoConfiguration'
2024-12-15T14:04:01.952-03:00 DEBUG 25938 --- [tienda-ms-pedidos] [           main] o.s.b.f.s.DefaultListableBeanFactory     : Creating shared instance of singleton bean 'org.springframework.boot.autoconfigure.context.ConfigurationPropertiesAutoConfiguration'
2024-12-15T14:04:01.952-03:00 DEBUG 25938 --- [tienda-ms-pedidos] [           main] o.s.b.f.s.DefaultListableBeanFactory     : Creating shared instance of singleton bean 'org.springframework.boot.autoconfigure.context.LifecycleAutoConfiguration'
2024-12-15T14:04:01.952-03:00 DEBUG 25938 --- [tienda-ms-pedidos] [           main] o.s.b.f.s.DefaultListableBeanFactory     : Creating shared instance of singleton bean 'lifecycleProcessor'
2024-12-15T14:04:01.953-03:00 DEBUG 25938 --- [tienda-ms-pedidos] [           main] o.s.b.f.s.DefaultListableBeanFactory     : Creating shared instance of singleton bean 'spring.lifecycle-org.springframework.boot.autoconfigure.context.LifecycleProperties'
2024-12-15T14:04:01.955-03:00 DEBUG 25938 --- [tienda-ms-pedidos] [           main] o.s.b.f.s.DefaultListableBeanFactory     : Autowiring by type from bean name 'lifecycleProcessor' via factory method to bean named 'spring.lifecycle-org.springframework.boot.autoconfigure.context.LifecycleProperties'
2024-12-15T14:04:01.960-03:00 DEBUG 25938 --- [tienda-ms-pedidos] [           main] o.s.b.f.s.DefaultListableBeanFactory     : Creating shared instance of singleton bean 'org.springframework.boot.autoconfigure.dao.PersistenceExceptionTranslationAutoConfiguration'
2024-12-15T14:04:01.961-03:00 DEBUG 25938 --- [tienda-ms-pedidos] [           main] o.s.b.f.s.DefaultListableBeanFactory     : Creating shared instance of singleton bean 'org.springframework.boot.autoconfigure.data.jpa.JpaRepositoriesAutoConfiguration'
2024-12-15T14:04:01.961-03:00 DEBUG 25938 --- [tienda-ms-pedidos] [           main] o.s.b.f.s.DefaultListableBeanFactory     : Creating shared instance of singleton bean 'org.springframework.data.jpa.util.JpaMetamodelCacheCleanup'
2024-12-15T14:04:01.961-03:00 DEBUG 25938 --- [tienda-ms-pedidos] [           main] o.s.b.f.s.DefaultListableBeanFactory     : Creating shared instance of singleton bean 'org.springframework.data.jpa.repository.support.JpaEvaluationContextExtension'
2024-12-15T14:04:01.961-03:00 DEBUG 25938 --- [tienda-ms-pedidos] [           main] o.s.b.f.s.DefaultListableBeanFactory     : Creating shared instance of singleton bean 'data-jpa.repository-aot-processor#0'
2024-12-15T14:04:01.965-03:00 DEBUG 25938 --- [tienda-ms-pedidos] [           main] o.s.b.f.s.DefaultListableBeanFactory     : Creating shared instance of singleton bean 'org.springframework.boot.autoconfigure.http.JacksonHttpMessageConvertersConfiguration'
2024-12-15T14:04:01.966-03:00 DEBUG 25938 --- [tienda-ms-pedidos] [           main] o.s.b.f.s.DefaultListableBeanFactory     : Creating shared instance of singleton bean 'org.springframework.data.web.config.ProjectingArgumentResolverRegistrar'
2024-12-15T14:04:01.968-03:00 DEBUG 25938 --- [tienda-ms-pedidos] [           main] o.s.b.f.s.DefaultListableBeanFactory     : Creating shared instance of singleton bean 'pagedResourcesAssembler'
2024-12-15T14:04:01.970-03:00 DEBUG 25938 --- [tienda-ms-pedidos] [           main] o.s.b.f.s.DefaultListableBeanFactory     : Creating shared instance of singleton bean 'slicedResourcesAssembler'
2024-12-15T14:04:01.971-03:00 DEBUG 25938 --- [tienda-ms-pedidos] [           main] o.s.b.f.s.DefaultListableBeanFactory     : Creating shared instance of singleton bean 'offsetResolver'
2024-12-15T14:04:01.974-03:00 DEBUG 25938 --- [tienda-ms-pedidos] [           main] o.s.b.f.s.DefaultListableBeanFactory     : Creating shared instance of singleton bean 'halLinkDisocoverer'
2024-12-15T14:04:01.976-03:00 DEBUG 25938 --- [tienda-ms-pedidos] [           main] o.s.b.f.s.DefaultListableBeanFactory     : Creating shared instance of singleton bean 'org.springframework.hateoas.config.WebTestHateoasConfiguration'
2024-12-15T14:04:01.976-03:00 DEBUG 25938 --- [tienda-ms-pedidos] [           main] o.s.b.f.s.DefaultListableBeanFactory     : Creating shared instance of singleton bean 'defaultRelProvider'
2024-12-15T14:04:01.977-03:00 DEBUG 25938 --- [tienda-ms-pedidos] [           main] o.s.b.f.s.DefaultListableBeanFactory     : Creating shared instance of singleton bean 'annotationRelProvider'
2024-12-15T14:04:01.977-03:00 DEBUG 25938 --- [tienda-ms-pedidos] [           main] o.s.b.f.s.DefaultListableBeanFactory     : Creating shared instance of singleton bean 'linkDiscoverers'
2024-12-15T14:04:01.979-03:00 DEBUG 25938 --- [tienda-ms-pedidos] [           main] o.s.b.f.s.DefaultListableBeanFactory     : Creating shared instance of singleton bean 'linkDiscovererRegistry'
2024-12-15T14:04:01.980-03:00 DEBUG 25938 --- [tienda-ms-pedidos] [           main] o.s.b.f.s.DefaultListableBeanFactory     : Autowiring by type from bean name 'linkDiscoverers' via factory method to bean named 'linkDiscovererRegistry'
2024-12-15T14:04:01.980-03:00 DEBUG 25938 --- [tienda-ms-pedidos] [           main] o.s.b.f.s.DefaultListableBeanFactory     : Creating shared instance of singleton bean 'org.springframework.hateoas.config.WebMvcEntityLinksConfiguration'
2024-12-15T14:04:01.980-03:00 DEBUG 25938 --- [tienda-ms-pedidos] [           main] o.s.b.f.s.DefaultListableBeanFactory     : Creating shared instance of singleton bean 'webMvcEntityLinks'
2024-12-15T14:04:01.980-03:00 DEBUG 25938 --- [tienda-ms-pedidos] [           main] o.s.b.f.s.DefaultListableBeanFactory     : Creating shared instance of singleton bean 'webMvcLinkBuilderFactory'
2024-12-15T14:04:01.981-03:00 DEBUG 25938 --- [tienda-ms-pedidos] [           main] o.s.b.f.s.DefaultListableBeanFactory     : Creating shared instance of singleton bean 'entityLinksPluginRegistry'
2024-12-15T14:04:01.981-03:00 DEBUG 25938 --- [tienda-ms-pedidos] [           main] o.s.b.f.s.DefaultListableBeanFactory     : Autowiring by type from bean name 'entityLinksPluginRegistry' via factory method to bean named 'org.springframework.boot.web.servlet.context.AnnotationConfigServletWebServerApplicationContext@5d046b60'
2024-12-15T14:04:01.981-03:00 DEBUG 25938 --- [tienda-ms-pedidos] [           main] o.s.b.f.s.DefaultListableBeanFactory     : Creating shared instance of singleton bean 'delegatingEntityLinks'
2024-12-15T14:04:01.982-03:00 DEBUG 25938 --- [tienda-ms-pedidos] [           main] o.s.b.f.s.DefaultListableBeanFactory     : Autowiring by type from bean name 'delegatingEntityLinks' via factory method to bean named 'entityLinksPluginRegistry'
2024-12-15T14:04:01.982-03:00 DEBUG 25938 --- [tienda-ms-pedidos] [           main] o.s.b.f.s.DefaultListableBeanFactory     : Creating shared instance of singleton bean 'representationModelProcessorInvoker'
2024-12-15T14:04:01.982-03:00 DEBUG 25938 --- [tienda-ms-pedidos] [           main] o.s.b.f.s.DefaultListableBeanFactory     : Creating shared instance of singleton bean 'org.springframework.hateoas.config.RestTemplateHateoasConfiguration'
2024-12-15T14:04:01.982-03:00 DEBUG 25938 --- [tienda-ms-pedidos] [           main] o.s.b.f.s.DefaultListableBeanFactory     : Creating shared instance of singleton bean 'org.springframework.boot.autoconfigure.hateoas.HypermediaAutoConfiguration$HypermediaConfiguration'
2024-12-15T14:04:01.982-03:00 DEBUG 25938 --- [tienda-ms-pedidos] [           main] o.s.b.f.s.DefaultListableBeanFactory     : Creating shared instance of singleton bean 'spring.hateoas-org.springframework.boot.autoconfigure.hateoas.HateoasProperties'
2024-12-15T14:04:01.983-03:00 DEBUG 25938 --- [tienda-ms-pedidos] [           main] o.s.b.f.s.DefaultListableBeanFactory     : Creating shared instance of singleton bean 'org.springframework.boot.autoconfigure.http.client.HttpClientAutoConfiguration'
2024-12-15T14:04:01.983-03:00 DEBUG 25938 --- [tienda-ms-pedidos] [           main] o.s.b.f.s.DefaultListableBeanFactory     : Creating shared instance of singleton bean 'clientHttpRequestFactoryBuilder'
2024-12-15T14:04:01.983-03:00 DEBUG 25938 --- [tienda-ms-pedidos] [           main] o.s.b.f.s.DefaultListableBeanFactory     : Creating shared instance of singleton bean 'spring.http.client-org.springframework.boot.autoconfigure.http.client.HttpClientProperties'
2024-12-15T14:04:01.983-03:00 DEBUG 25938 --- [tienda-ms-pedidos] [           main] o.s.b.f.s.DefaultListableBeanFactory     : Autowiring by type from bean name 'clientHttpRequestFactoryBuilder' via factory method to bean named 'spring.http.client-org.springframework.boot.autoconfigure.http.client.HttpClientProperties'
2024-12-15T14:04:01.983-03:00 DEBUG 25938 --- [tienda-ms-pedidos] [           main] o.s.b.f.s.DefaultListableBeanFactory     : Creating shared instance of singleton bean 'clientHttpRequestFactorySettings'
2024-12-15T14:04:01.983-03:00 DEBUG 25938 --- [tienda-ms-pedidos] [           main] o.s.b.f.s.DefaultListableBeanFactory     : Autowiring by type from bean name 'clientHttpRequestFactorySettings' via factory method to bean named 'spring.http.client-org.springframework.boot.autoconfigure.http.client.HttpClientProperties'
2024-12-15T14:04:01.983-03:00 DEBUG 25938 --- [tienda-ms-pedidos] [           main] o.s.b.f.s.DefaultListableBeanFactory     : Creating shared instance of singleton bean 'org.springframework.boot.autoconfigure.info.ProjectInfoAutoConfiguration'
2024-12-15T14:04:01.984-03:00 DEBUG 25938 --- [tienda-ms-pedidos] [           main] o.s.b.f.s.DefaultListableBeanFactory     : Creating shared instance of singleton bean 'spring.info-org.springframework.boot.autoconfigure.info.ProjectInfoProperties'
2024-12-15T14:04:01.984-03:00 DEBUG 25938 --- [tienda-ms-pedidos] [           main] o.s.b.f.s.DefaultListableBeanFactory     : Autowiring by type from bean name 'org.springframework.boot.autoconfigure.info.ProjectInfoAutoConfiguration' via constructor to bean named 'spring.info-org.springframework.boot.autoconfigure.info.ProjectInfoProperties'
2024-12-15T14:04:01.984-03:00 DEBUG 25938 --- [tienda-ms-pedidos] [           main] o.s.b.f.s.DefaultListableBeanFactory     : Creating shared instance of singleton bean 'org.springframework.boot.autoconfigure.jdbc.JdbcTemplateConfiguration'
2024-12-15T14:04:01.984-03:00 DEBUG 25938 --- [tienda-ms-pedidos] [           main] o.s.b.f.s.DefaultListableBeanFactory     : Creating shared instance of singleton bean 'jdbcTemplate'
2024-12-15T14:04:01.984-03:00 DEBUG 25938 --- [tienda-ms-pedidos] [           main] o.s.b.f.s.DefaultListableBeanFactory     : Creating shared instance of singleton bean 'spring.jdbc-org.springframework.boot.autoconfigure.jdbc.JdbcProperties'
2024-12-15T14:04:01.984-03:00 DEBUG 25938 --- [tienda-ms-pedidos] [           main] o.s.b.f.s.DefaultListableBeanFactory     : Autowiring by type from bean name 'jdbcTemplate' via factory method to bean named 'dataSource'
2024-12-15T14:04:01.984-03:00 DEBUG 25938 --- [tienda-ms-pedidos] [           main] o.s.b.f.s.DefaultListableBeanFactory     : Autowiring by type from bean name 'jdbcTemplate' via factory method to bean named 'spring.jdbc-org.springframework.boot.autoconfigure.jdbc.JdbcProperties'
2024-12-15T14:04:01.984-03:00 DEBUG 25938 --- [tienda-ms-pedidos] [           main] o.s.b.f.s.DefaultListableBeanFactory     : Creating shared instance of singleton bean 'org.springframework.boot.autoconfigure.jdbc.NamedParameterJdbcTemplateConfiguration'
2024-12-15T14:04:01.984-03:00 DEBUG 25938 --- [tienda-ms-pedidos] [           main] o.s.b.f.s.DefaultListableBeanFactory     : Creating shared instance of singleton bean 'namedParameterJdbcTemplate'
2024-12-15T14:04:01.985-03:00 DEBUG 25938 --- [tienda-ms-pedidos] [           main] o.s.b.f.s.DefaultListableBeanFactory     : Autowiring by type from bean name 'namedParameterJdbcTemplate' via factory method to bean named 'jdbcTemplate'
2024-12-15T14:04:01.985-03:00 DEBUG 25938 --- [tienda-ms-pedidos] [           main] o.s.b.f.s.DefaultListableBeanFactory     : Creating shared instance of singleton bean 'org.springframework.boot.autoconfigure.jdbc.JdbcTemplateAutoConfiguration'
2024-12-15T14:04:01.985-03:00 DEBUG 25938 --- [tienda-ms-pedidos] [           main] o.s.b.f.s.DefaultListableBeanFactory     : Creating shared instance of singleton bean 'org.springframework.boot.autoconfigure.jdbc.JdbcClientAutoConfiguration'
2024-12-15T14:04:01.985-03:00 DEBUG 25938 --- [tienda-ms-pedidos] [           main] o.s.b.f.s.DefaultListableBeanFactory     : Creating shared instance of singleton bean 'jdbcClient'
2024-12-15T14:04:01.985-03:00 DEBUG 25938 --- [tienda-ms-pedidos] [           main] o.s.b.f.s.DefaultListableBeanFactory     : Autowiring by type from bean name 'jdbcClient' via factory method to bean named 'namedParameterJdbcTemplate'
2024-12-15T14:04:01.985-03:00 DEBUG 25938 --- [tienda-ms-pedidos] [           main] o.s.b.f.s.DefaultListableBeanFactory     : Creating shared instance of singleton bean 'org.springframework.boot.autoconfigure.sql.init.SqlInitializationAutoConfiguration'
2024-12-15T14:04:01.985-03:00 DEBUG 25938 --- [tienda-ms-pedidos] [           main] o.s.b.f.s.DefaultListableBeanFactory     : Creating shared instance of singleton bean 'org.springframework.boot.autoconfigure.task.TaskSchedulingConfigurations$ThreadPoolTaskSchedulerBuilderConfiguration'
2024-12-15T14:04:01.985-03:00 DEBUG 25938 --- [tienda-ms-pedidos] [           main] o.s.b.f.s.DefaultListableBeanFactory     : Creating shared instance of singleton bean 'threadPoolTaskSchedulerBuilder'
2024-12-15T14:04:01.985-03:00 DEBUG 25938 --- [tienda-ms-pedidos] [           main] o.s.b.f.s.DefaultListableBeanFactory     : Creating shared instance of singleton bean 'spring.task.scheduling-org.springframework.boot.autoconfigure.task.TaskSchedulingProperties'
2024-12-15T14:04:01.985-03:00 DEBUG 25938 --- [tienda-ms-pedidos] [           main] o.s.b.f.s.DefaultListableBeanFactory     : Autowiring by type from bean name 'threadPoolTaskSchedulerBuilder' via factory method to bean named 'spring.task.scheduling-org.springframework.boot.autoconfigure.task.TaskSchedulingProperties'
2024-12-15T14:04:01.985-03:00 DEBUG 25938 --- [tienda-ms-pedidos] [           main] o.s.b.f.s.DefaultListableBeanFactory     : Creating shared instance of singleton bean 'org.springframework.boot.autoconfigure.task.TaskSchedulingConfigurations$SimpleAsyncTaskSchedulerBuilderConfiguration'
2024-12-15T14:04:01.985-03:00 DEBUG 25938 --- [tienda-ms-pedidos] [           main] o.s.b.f.s.DefaultListableBeanFactory     : Autowiring by type from bean name 'org.springframework.boot.autoconfigure.task.TaskSchedulingConfigurations$SimpleAsyncTaskSchedulerBuilderConfiguration' via constructor to bean named 'spring.task.scheduling-org.springframework.boot.autoconfigure.task.TaskSchedulingProperties'
2024-12-15T14:04:01.986-03:00 DEBUG 25938 --- [tienda-ms-pedidos] [           main] o.s.b.f.s.DefaultListableBeanFactory     : Creating shared instance of singleton bean 'simpleAsyncTaskSchedulerBuilder'
2024-12-15T14:04:01.986-03:00 DEBUG 25938 --- [tienda-ms-pedidos] [           main] o.s.b.f.s.DefaultListableBeanFactory     : Creating shared instance of singleton bean 'org.springframework.boot.autoconfigure.task.TaskSchedulingAutoConfiguration'
2024-12-15T14:04:01.986-03:00 DEBUG 25938 --- [tienda-ms-pedidos] [           main] o.s.b.f.s.DefaultListableBeanFactory     : Creating shared instance of singleton bean 'org.springframework.boot.autoconfigure.jdbc.DataSourceTransactionManagerAutoConfiguration$JdbcTransactionManagerConfiguration'
2024-12-15T14:04:01.986-03:00 DEBUG 25938 --- [tienda-ms-pedidos] [           main] o.s.b.f.s.DefaultListableBeanFactory     : Creating shared instance of singleton bean 'org.springframework.boot.autoconfigure.jdbc.DataSourceTransactionManagerAutoConfiguration'
2024-12-15T14:04:01.986-03:00 DEBUG 25938 --- [tienda-ms-pedidos] [           main] o.s.b.f.s.DefaultListableBeanFactory     : Creating shared instance of singleton bean 'org.springframework.boot.autoconfigure.transaction.TransactionAutoConfiguration$EnableTransactionManagementConfiguration$CglibAutoProxyConfiguration'
2024-12-15T14:04:01.987-03:00 DEBUG 25938 --- [tienda-ms-pedidos] [           main] o.s.b.f.s.DefaultListableBeanFactory     : Creating shared instance of singleton bean 'org.springframework.boot.autoconfigure.transaction.TransactionAutoConfiguration$EnableTransactionManagementConfiguration'
2024-12-15T14:04:01.987-03:00 DEBUG 25938 --- [tienda-ms-pedidos] [           main] o.s.b.f.s.DefaultListableBeanFactory     : Creating shared instance of singleton bean 'org.springframework.boot.autoconfigure.transaction.TransactionAutoConfiguration$TransactionTemplateConfiguration'
2024-12-15T14:04:01.987-03:00 DEBUG 25938 --- [tienda-ms-pedidos] [           main] o.s.b.f.s.DefaultListableBeanFactory     : Creating shared instance of singleton bean 'transactionTemplate'
2024-12-15T14:04:01.987-03:00 DEBUG 25938 --- [tienda-ms-pedidos] [           main] o.s.b.f.s.DefaultListableBeanFactory     : Autowiring by type from bean name 'transactionTemplate' via factory method to bean named 'transactionManager'
2024-12-15T14:04:01.987-03:00 DEBUG 25938 --- [tienda-ms-pedidos] [           main] o.s.b.f.s.DefaultListableBeanFactory     : Creating shared instance of singleton bean 'org.springframework.boot.autoconfigure.transaction.TransactionAutoConfiguration'
2024-12-15T14:04:01.987-03:00 DEBUG 25938 --- [tienda-ms-pedidos] [           main] o.s.b.f.s.DefaultListableBeanFactory     : Creating shared instance of singleton bean 'org.springframework.boot.autoconfigure.web.client.RestClientAutoConfiguration'
2024-12-15T14:04:01.987-03:00 DEBUG 25938 --- [tienda-ms-pedidos] [           main] o.s.b.f.s.DefaultListableBeanFactory     : Creating shared instance of singleton bean 'httpMessageConvertersRestClientCustomizer'
2024-12-15T14:04:01.987-03:00 DEBUG 25938 --- [tienda-ms-pedidos] [           main] o.s.b.f.s.DefaultListableBeanFactory     : Creating shared instance of singleton bean 'restClientSsl'
2024-12-15T14:04:01.987-03:00 DEBUG 25938 --- [tienda-ms-pedidos] [           main] o.s.b.f.s.DefaultListableBeanFactory     : Autowiring by type from bean name 'restClientSsl' via factory method to bean named 'sslBundleRegistry'
2024-12-15T14:04:01.987-03:00 DEBUG 25938 --- [tienda-ms-pedidos] [           main] o.s.b.f.s.DefaultListableBeanFactory     : Creating shared instance of singleton bean 'restClientBuilderConfigurer'
2024-12-15T14:04:01.988-03:00 DEBUG 25938 --- [tienda-ms-pedidos] [           main] o.s.b.f.s.DefaultListableBeanFactory     : Creating shared instance of singleton bean 'org.springframework.boot.autoconfigure.web.client.RestTemplateAutoConfiguration'
2024-12-15T14:04:01.988-03:00 DEBUG 25938 --- [tienda-ms-pedidos] [           main] o.s.b.f.s.DefaultListableBeanFactory     : Creating shared instance of singleton bean 'org.springframework.boot.autoconfigure.web.embedded.EmbeddedWebServerFactoryCustomizerAutoConfiguration'
2024-12-15T14:04:01.988-03:00 DEBUG 25938 --- [tienda-ms-pedidos] [           main] o.s.b.f.s.DefaultListableBeanFactory     : Creating shared instance of singleton bean 'multipartResolver'
2024-12-15T14:04:01.995-03:00 DEBUG 25938 --- [tienda-ms-pedidos] [           main] o.s.c.support.DefaultLifecycleProcessor  : Starting beans in phase -2147483647
2024-12-15T14:04:01.995-03:00 DEBUG 25938 --- [tienda-ms-pedidos] [           main] o.s.c.support.DefaultLifecycleProcessor  : Successfully started bean 'springBootLoggingLifecycle'
2024-12-15T14:04:01.995-03:00 DEBUG 25938 --- [tienda-ms-pedidos] [           main] o.s.c.support.DefaultLifecycleProcessor  : Starting beans in phase 1073741823
2024-12-15T14:04:01.995-03:00 DEBUG 25938 --- [tienda-ms-pedidos] [           main] o.s.c.support.DefaultLifecycleProcessor  : Starting beans in phase 2147481599
2024-12-15T14:04:02.019-03:00  INFO 25938 --- [tienda-ms-pedidos] [           main] o.s.b.w.embedded.tomcat.TomcatWebServer  : Tomcat started on port 8094 (http) with context path '/'
2024-12-15T14:04:02.019-03:00 DEBUG 25938 --- [tienda-ms-pedidos] [           main] o.s.c.support.DefaultLifecycleProcessor  : Successfully started bean 'webServerStartStop'
2024-12-15T14:04:02.019-03:00 DEBUG 25938 --- [tienda-ms-pedidos] [           main] o.s.c.support.DefaultLifecycleProcessor  : Starting beans in phase 2147482623
2024-12-15T14:04:02.019-03:00 DEBUG 25938 --- [tienda-ms-pedidos] [           main] o.s.c.support.DefaultLifecycleProcessor  : Successfully started bean 'webServerGracefulShutdown'
2024-12-15T14:04:02.021-03:00 DEBUG 25938 --- [tienda-ms-pedidos] [           main] .s.b.a.l.ConditionEvaluationReportLogger : 


============================
CONDITIONS EVALUATION REPORT
============================


Positive matches:
-----------------

   AopAutoConfiguration matched:
      - @ConditionalOnProperty (spring.aop.auto=true) matched (OnPropertyCondition)

   AopAutoConfiguration.AspectJAutoProxyingConfiguration matched:
      - @ConditionalOnClass found required class 'org.aspectj.weaver.Advice' (OnClassCondition)

   AopAutoConfiguration.AspectJAutoProxyingConfiguration.CglibAutoProxyConfiguration matched:
      - @ConditionalOnProperty (spring.aop.proxy-target-class=true) matched (OnPropertyCondition)

   ApplicationAvailabilityAutoConfiguration#applicationAvailability matched:
      - @ConditionalOnMissingBean (types: org.springframework.boot.availability.ApplicationAvailability; SearchStrategy: all) did not find any beans (OnBeanCondition)

   DataSourceAutoConfiguration matched:
      - @ConditionalOnClass found required classes 'javax.sql.DataSource', 'org.springframework.jdbc.datasource.embedded.EmbeddedDatabaseType' (OnClassCondition)
      - @ConditionalOnMissingBean (types: io.r2dbc.spi.ConnectionFactory; SearchStrategy: all) did not find any beans (OnBeanCondition)

   DataSourceAutoConfiguration.PooledDataSourceConfiguration matched:
      - AnyNestedCondition 1 matched 1 did not; NestedCondition on DataSourceAutoConfiguration.PooledDataSourceCondition.PooledDataSourceAvailable PooledDataSource found supported DataSource; NestedCondition on DataSourceAutoConfiguration.PooledDataSourceCondition.ExplicitType @ConditionalOnProperty (spring.datasource.type) did not find property 'type' (DataSourceAutoConfiguration.PooledDataSourceCondition)
      - @ConditionalOnMissingBean (types: javax.sql.DataSource,javax.sql.XADataSource; SearchStrategy: all) did not find any beans (OnBeanCondition)

   DataSourceAutoConfiguration.PooledDataSourceConfiguration#jdbcConnectionDetails matched:
      - @ConditionalOnMissingBean (types: org.springframework.boot.autoconfigure.jdbc.JdbcConnectionDetails; SearchStrategy: all) did not find any beans (OnBeanCondition)

   DataSourceConfiguration.Hikari matched:
      - @ConditionalOnClass found required class 'com.zaxxer.hikari.HikariDataSource' (OnClassCondition)
      - @ConditionalOnProperty (spring.datasource.type=com.zaxxer.hikari.HikariDataSource) matched (OnPropertyCondition)
      - @ConditionalOnMissingBean (types: javax.sql.DataSource; SearchStrategy: all) did not find any beans (OnBeanCondition)

   DataSourceInitializationConfiguration matched:
      - @ConditionalOnClass found required class 'org.springframework.jdbc.datasource.init.DatabasePopulator' (OnClassCondition)
      - @ConditionalOnSingleCandidate (types: javax.sql.DataSource; SearchStrategy: all) found a single bean 'dataSource'; @ConditionalOnMissingBean (types: org.springframework.boot.autoconfigure.sql.init.SqlDataSourceScriptDatabaseInitializer,org.springframework.boot.autoconfigure.sql.init.SqlR2dbcScriptDatabaseInitializer; SearchStrategy: all) did not find any beans (OnBeanCondition)

   DataSourceJmxConfiguration matched:
      - @ConditionalOnProperty (spring.jmx.enabled=true) matched (OnPropertyCondition)

   DataSourceJmxConfiguration.Hikari matched:
      - @ConditionalOnClass found required class 'com.zaxxer.hikari.HikariDataSource' (OnClassCondition)
      - @ConditionalOnSingleCandidate (types: javax.sql.DataSource; SearchStrategy: all) found a single bean 'dataSource' (OnBeanCondition)

   DataSourcePoolMetadataProvidersConfiguration.HikariPoolDataSourceMetadataProviderConfiguration matched:
      - @ConditionalOnClass found required class 'com.zaxxer.hikari.HikariDataSource' (OnClassCondition)

   DataSourceTransactionManagerAutoConfiguration matched:
      - @ConditionalOnClass found required classes 'javax.sql.DataSource', 'org.springframework.jdbc.core.JdbcTemplate', 'org.springframework.transaction.TransactionManager' (OnClassCondition)

   DataSourceTransactionManagerAutoConfiguration.JdbcTransactionManagerConfiguration matched:
      - @ConditionalOnSingleCandidate (types: javax.sql.DataSource; SearchStrategy: all) found a single bean 'dataSource' (OnBeanCondition)

   DispatcherServletAutoConfiguration matched:
      - @ConditionalOnClass found required class 'org.springframework.web.servlet.DispatcherServlet' (OnClassCondition)
      - found 'session' scope (OnWebApplicationCondition)

   DispatcherServletAutoConfiguration.DispatcherServletConfiguration matched:
      - @ConditionalOnClass found required class 'jakarta.servlet.ServletRegistration' (OnClassCondition)
      - Default DispatcherServlet did not find dispatcher servlet beans (DispatcherServletAutoConfiguration.DefaultDispatcherServletCondition)

   DispatcherServletAutoConfiguration.DispatcherServletRegistrationConfiguration matched:
      - @ConditionalOnClass found required class 'jakarta.servlet.ServletRegistration' (OnClassCondition)
      - DispatcherServlet Registration did not find servlet registration bean (DispatcherServletAutoConfiguration.DispatcherServletRegistrationCondition)

   DispatcherServletAutoConfiguration.DispatcherServletRegistrationConfiguration#dispatcherServletRegistration matched:
      - @ConditionalOnBean (names: dispatcherServlet types: org.springframework.web.servlet.DispatcherServlet; SearchStrategy: all) found bean 'dispatcherServlet' (OnBeanCondition)

   EmbeddedWebServerFactoryCustomizerAutoConfiguration matched:
      - @ConditionalOnWebApplication (required) found 'session' scope (OnWebApplicationCondition)
      - @ConditionalOnWarDeployment the application is not deployed as a WAR file. (OnWarDeploymentCondition)

   EmbeddedWebServerFactoryCustomizerAutoConfiguration.TomcatWebServerFactoryCustomizerConfiguration matched:
      - @ConditionalOnClass found required classes 'org.apache.catalina.startup.Tomcat', 'org.apache.coyote.UpgradeProtocol' (OnClassCondition)

   ErrorMvcAutoConfiguration matched:
      - @ConditionalOnClass found required classes 'jakarta.servlet.Servlet', 'org.springframework.web.servlet.DispatcherServlet' (OnClassCondition)
      - found 'session' scope (OnWebApplicationCondition)

   ErrorMvcAutoConfiguration#basicErrorController matched:
      - @ConditionalOnMissingBean (types: org.springframework.boot.web.servlet.error.ErrorController; SearchStrategy: current) did not find any beans (OnBeanCondition)

   ErrorMvcAutoConfiguration#errorAttributes matched:
      - @ConditionalOnMissingBean (types: org.springframework.boot.web.servlet.error.ErrorAttributes; SearchStrategy: current) did not find any beans (OnBeanCondition)

   ErrorMvcAutoConfiguration.DefaultErrorViewResolverConfiguration#conventionErrorViewResolver matched:
      - @ConditionalOnBean (types: org.springframework.web.servlet.DispatcherServlet; SearchStrategy: all) found bean 'dispatcherServlet'; @ConditionalOnMissingBean (types: org.springframework.boot.autoconfigure.web.servlet.error.ErrorViewResolver; SearchStrategy: all) did not find any beans (OnBeanCondition)

   ErrorMvcAutoConfiguration.WhitelabelErrorViewConfiguration matched:
      - @ConditionalOnProperty (server.error.whitelabel.enabled) matched (OnPropertyCondition)
      - ErrorTemplate Missing did not find error template view (ErrorMvcAutoConfiguration.ErrorTemplateMissingCondition)

   ErrorMvcAutoConfiguration.WhitelabelErrorViewConfiguration#beanNameViewResolver matched:
      - @ConditionalOnMissingBean (types: org.springframework.web.servlet.view.BeanNameViewResolver; SearchStrategy: all) did not find any beans (OnBeanCondition)

   ErrorMvcAutoConfiguration.WhitelabelErrorViewConfiguration#defaultErrorView matched:
      - @ConditionalOnMissingBean (names: error; SearchStrategy: all) did not find any beans (OnBeanCondition)

   GenericCacheConfiguration matched:
      - Cache org.springframework.boot.autoconfigure.cache.GenericCacheConfiguration automatic cache type (CacheCondition)

   HibernateJpaAutoConfiguration matched:
      - @ConditionalOnClass found required classes 'org.springframework.orm.jpa.LocalContainerEntityManagerFactoryBean', 'jakarta.persistence.EntityManager', 'org.hibernate.engine.spi.SessionImplementor' (OnClassCondition)

   HibernateJpaConfiguration matched:
      - @ConditionalOnSingleCandidate (types: javax.sql.DataSource; SearchStrategy: all) found a single bean 'dataSource' (OnBeanCondition)

   HttpClientAutoConfiguration matched:
      - @ConditionalOnClass found required class 'org.springframework.http.client.ClientHttpRequestFactory' (OnClassCondition)
      - NoneNestedConditions 0 matched 1 did not; NestedCondition on NotReactiveWebApplicationCondition.ReactiveWebApplication did not find reactive web application classes (NotReactiveWebApplicationCondition)

   HttpClientAutoConfiguration#clientHttpRequestFactoryBuilder matched:
      - @ConditionalOnMissingBean (types: org.springframework.boot.http.client.ClientHttpRequestFactoryBuilder; SearchStrategy: all) did not find any beans (OnBeanCondition)

   HttpClientAutoConfiguration#clientHttpRequestFactorySettings matched:
      - @ConditionalOnMissingBean (types: org.springframework.boot.http.client.ClientHttpRequestFactorySettings; SearchStrategy: all) did not find any beans (OnBeanCondition)

   HttpEncodingAutoConfiguration matched:
      - @ConditionalOnClass found required class 'org.springframework.web.filter.CharacterEncodingFilter' (OnClassCondition)
      - found 'session' scope (OnWebApplicationCondition)
      - @ConditionalOnProperty (server.servlet.encoding.enabled) matched (OnPropertyCondition)

   HttpEncodingAutoConfiguration#characterEncodingFilter matched:
      - @ConditionalOnMissingBean (types: org.springframework.web.filter.CharacterEncodingFilter; SearchStrategy: all) did not find any beans (OnBeanCondition)

   HttpMessageConvertersAutoConfiguration matched:
      - @ConditionalOnClass found required class 'org.springframework.http.converter.HttpMessageConverter' (OnClassCondition)
      - NoneNestedConditions 0 matched 1 did not; NestedCondition on HttpMessageConvertersAutoConfiguration.NotReactiveWebApplicationCondition.ReactiveWebApplication did not find reactive web application classes (HttpMessageConvertersAutoConfiguration.NotReactiveWebApplicationCondition)

   HttpMessageConvertersAutoConfiguration#messageConverters matched:
      - @ConditionalOnMissingBean (types: org.springframework.boot.autoconfigure.http.HttpMessageConverters; SearchStrategy: all) did not find any beans (OnBeanCondition)

   HttpMessageConvertersAutoConfiguration.StringHttpMessageConverterConfiguration matched:
      - @ConditionalOnClass found required class 'org.springframework.http.converter.StringHttpMessageConverter' (OnClassCondition)

   HttpMessageConvertersAutoConfiguration.StringHttpMessageConverterConfiguration#stringHttpMessageConverter matched:
      - @ConditionalOnMissingBean (types: org.springframework.http.converter.StringHttpMessageConverter; SearchStrategy: all) did not find any beans (OnBeanCondition)

   HypermediaAutoConfiguration matched:
      - @ConditionalOnClass found required classes 'org.springframework.hateoas.EntityModel', 'org.springframework.web.bind.annotation.RequestMapping', 'org.springframework.web.servlet.mvc.method.annotation.RequestMappingHandlerAdapter', 'org.springframework.plugin.core.Plugin' (OnClassCondition)
      - @ConditionalOnWebApplication (required) found 'session' scope (OnWebApplicationCondition)

   HypermediaAutoConfiguration#applicationJsonHalConfiguration matched:
      - @ConditionalOnClass found required class 'com.fasterxml.jackson.databind.ObjectMapper' (OnClassCondition)
      - @ConditionalOnProperty (spring.hateoas.use-hal-as-default-json-media-type) matched (OnPropertyCondition)
      - @ConditionalOnMissingBean (types: org.springframework.hateoas.mediatype.hal.HalConfiguration; SearchStrategy: all) did not find any beans (OnBeanCondition)

   HypermediaAutoConfiguration.HypermediaConfiguration matched:
      - @ConditionalOnClass found required class 'com.fasterxml.jackson.databind.ObjectMapper' (OnClassCondition)
      - @ConditionalOnMissingBean (types: org.springframework.hateoas.client.LinkDiscoverers; SearchStrategy: all) did not find any beans (OnBeanCondition)

   JacksonAutoConfiguration matched:
      - @ConditionalOnClass found required class 'com.fasterxml.jackson.databind.ObjectMapper' (OnClassCondition)

   JacksonAutoConfiguration.Jackson2ObjectMapperBuilderCustomizerConfiguration matched:
      - @ConditionalOnClass found required class 'org.springframework.http.converter.json.Jackson2ObjectMapperBuilder' (OnClassCondition)

   JacksonAutoConfiguration.JacksonObjectMapperBuilderConfiguration matched:
      - @ConditionalOnClass found required class 'org.springframework.http.converter.json.Jackson2ObjectMapperBuilder' (OnClassCondition)

   JacksonAutoConfiguration.JacksonObjectMapperBuilderConfiguration#jacksonObjectMapperBuilder matched:
      - @ConditionalOnMissingBean (types: org.springframework.http.converter.json.Jackson2ObjectMapperBuilder; SearchStrategy: all) did not find any beans (OnBeanCondition)

   JacksonAutoConfiguration.JacksonObjectMapperConfiguration matched:
      - @ConditionalOnClass found required class 'org.springframework.http.converter.json.Jackson2ObjectMapperBuilder' (OnClassCondition)

   JacksonAutoConfiguration.JacksonObjectMapperConfiguration#jacksonObjectMapper matched:
      - @ConditionalOnMissingBean (types: com.fasterxml.jackson.databind.ObjectMapper; SearchStrategy: all) did not find any beans (OnBeanCondition)

   JacksonAutoConfiguration.ParameterNamesModuleConfiguration matched:
      - @ConditionalOnClass found required class 'com.fasterxml.jackson.module.paramnames.ParameterNamesModule' (OnClassCondition)

   JacksonAutoConfiguration.ParameterNamesModuleConfiguration#parameterNamesModule matched:
      - @ConditionalOnMissingBean (types: com.fasterxml.jackson.module.paramnames.ParameterNamesModule; SearchStrategy: all) did not find any beans (OnBeanCondition)

   JacksonHttpMessageConvertersConfiguration.MappingJackson2HttpMessageConverterConfiguration matched:
      - @ConditionalOnClass found required class 'com.fasterxml.jackson.databind.ObjectMapper' (OnClassCondition)
      - @ConditionalOnProperty (spring.mvc.converters.preferred-json-mapper=jackson) matched (OnPropertyCondition)
      - @ConditionalOnBean (types: com.fasterxml.jackson.databind.ObjectMapper; SearchStrategy: all) found bean 'jacksonObjectMapper' (OnBeanCondition)

   JacksonHttpMessageConvertersConfiguration.MappingJackson2HttpMessageConverterConfiguration#mappingJackson2HttpMessageConverter matched:
      - @ConditionalOnMissingBean (types: org.springframework.http.converter.json.MappingJackson2HttpMessageConverter ignored: org.springframework.hateoas.server.mvc.TypeConstrainedMappingJackson2HttpMessageConverter,org.springframework.data.rest.webmvc.alps.AlpsJsonHttpMessageConverter; SearchStrategy: all) did not find any beans (OnBeanCondition)

   JdbcClientAutoConfiguration matched:
      - @ConditionalOnSingleCandidate (types: org.springframework.jdbc.core.namedparam.NamedParameterJdbcTemplate; SearchStrategy: all) found a single bean 'namedParameterJdbcTemplate'; @ConditionalOnMissingBean (types: org.springframework.jdbc.core.simple.JdbcClient; SearchStrategy: all) did not find any beans (OnBeanCondition)

   JdbcTemplateAutoConfiguration matched:
      - @ConditionalOnClass found required classes 'javax.sql.DataSource', 'org.springframework.jdbc.core.JdbcTemplate' (OnClassCondition)
      - @ConditionalOnSingleCandidate (types: javax.sql.DataSource; SearchStrategy: all) found a single bean 'dataSource' (OnBeanCondition)

   JdbcTemplateConfiguration matched:
      - @ConditionalOnMissingBean (types: org.springframework.jdbc.core.JdbcOperations; SearchStrategy: all) did not find any beans (OnBeanCondition)

   JpaBaseConfiguration#entityManagerFactory matched:
      - @ConditionalOnMissingBean (types: org.springframework.orm.jpa.LocalContainerEntityManagerFactoryBean,jakarta.persistence.EntityManagerFactory; SearchStrategy: all) did not find any beans (OnBeanCondition)

   JpaBaseConfiguration#entityManagerFactoryBuilder matched:
      - @ConditionalOnMissingBean (types: org.springframework.boot.orm.jpa.EntityManagerFactoryBuilder; SearchStrategy: all) did not find any beans (OnBeanCondition)

   JpaBaseConfiguration#jpaVendorAdapter matched:
      - @ConditionalOnMissingBean (types: org.springframework.orm.jpa.JpaVendorAdapter; SearchStrategy: all) did not find any beans (OnBeanCondition)

   JpaBaseConfiguration#transactionManager matched:
      - @ConditionalOnMissingBean (types: org.springframework.transaction.TransactionManager; SearchStrategy: all) did not find any beans (OnBeanCondition)

   JpaBaseConfiguration.JpaWebConfiguration matched:
      - @ConditionalOnClass found required class 'org.springframework.web.servlet.config.annotation.WebMvcConfigurer' (OnClassCondition)
      - found 'session' scope (OnWebApplicationCondition)
      - @ConditionalOnProperty (spring.jpa.open-in-view=true) matched (OnPropertyCondition)
      - @ConditionalOnMissingBean (types: org.springframework.orm.jpa.support.OpenEntityManagerInViewInterceptor,org.springframework.orm.jpa.support.OpenEntityManagerInViewFilter; SearchStrategy: all) did not find any beans (OnBeanCondition)

   JpaBaseConfiguration.PersistenceManagedTypesConfiguration matched:
      - @ConditionalOnMissingBean (types: org.springframework.orm.jpa.LocalContainerEntityManagerFactoryBean,jakarta.persistence.EntityManagerFactory; SearchStrategy: all) did not find any beans (OnBeanCondition)

   JpaBaseConfiguration.PersistenceManagedTypesConfiguration#persistenceManagedTypes matched:
      - @ConditionalOnMissingBean (types: org.springframework.orm.jpa.persistenceunit.PersistenceManagedTypes; SearchStrategy: all) did not find any beans (OnBeanCondition)

   JpaRepositoriesAutoConfiguration matched:
      - @ConditionalOnClass found required class 'org.springframework.data.jpa.repository.JpaRepository' (OnClassCondition)
      - @ConditionalOnProperty (spring.data.jpa.repositories.enabled=true) matched (OnPropertyCondition)
      - @ConditionalOnBean (types: javax.sql.DataSource; SearchStrategy: all) found bean 'dataSource'; @ConditionalOnMissingBean (types: org.springframework.data.jpa.repository.support.JpaRepositoryFactoryBean,org.springframework.data.jpa.repository.config.JpaRepositoryConfigExtension; SearchStrategy: all) did not find any beans (OnBeanCondition)

   JtaAutoConfiguration matched:
      - @ConditionalOnClass found required class 'jakarta.transaction.Transaction' (OnClassCondition)
      - @ConditionalOnProperty (spring.jta.enabled) matched (OnPropertyCondition)

   LifecycleAutoConfiguration#defaultLifecycleProcessor matched:
      - @ConditionalOnMissingBean (names: lifecycleProcessor; SearchStrategy: current) did not find any beans (OnBeanCondition)

   MultipartAutoConfiguration matched:
      - @ConditionalOnClass found required classes 'jakarta.servlet.Servlet', 'org.springframework.web.multipart.support.StandardServletMultipartResolver', 'jakarta.servlet.MultipartConfigElement' (OnClassCondition)
      - found 'session' scope (OnWebApplicationCondition)
      - @ConditionalOnProperty (spring.servlet.multipart.enabled) matched (OnPropertyCondition)

   MultipartAutoConfiguration#multipartConfigElement matched:
      - @ConditionalOnMissingBean (types: jakarta.servlet.MultipartConfigElement; SearchStrategy: all) did not find any beans (OnBeanCondition)

   MultipartAutoConfiguration#multipartResolver matched:
      - @ConditionalOnMissingBean (types: org.springframework.web.multipart.MultipartResolver; SearchStrategy: all) did not find any beans (OnBeanCondition)

   NamedParameterJdbcTemplateConfiguration matched:
      - @ConditionalOnSingleCandidate (types: org.springframework.jdbc.core.JdbcTemplate; SearchStrategy: all) found a single bean 'jdbcTemplate'; @ConditionalOnMissingBean (types: org.springframework.jdbc.core.namedparam.NamedParameterJdbcOperations; SearchStrategy: all) did not find any beans (OnBeanCondition)

   NoOpCacheConfiguration matched:
      - Cache org.springframework.boot.autoconfigure.cache.NoOpCacheConfiguration automatic cache type (CacheCondition)

   PersistenceExceptionTranslationAutoConfiguration matched:
      - @ConditionalOnClass found required class 'org.springframework.dao.annotation.PersistenceExceptionTranslationPostProcessor' (OnClassCondition)

   PersistenceExceptionTranslationAutoConfiguration#persistenceExceptionTranslationPostProcessor matched:
      - @ConditionalOnProperty (spring.dao.exceptiontranslation.enabled) matched (OnPropertyCondition)
      - @ConditionalOnMissingBean (types: org.springframework.dao.annotation.PersistenceExceptionTranslationPostProcessor; SearchStrategy: all) did not find any beans (OnBeanCondition)

   PropertyPlaceholderAutoConfiguration#propertySourcesPlaceholderConfigurer matched:
      - @ConditionalOnMissingBean (types: org.springframework.context.support.PropertySourcesPlaceholderConfigurer; SearchStrategy: current) did not find any beans (OnBeanCondition)

   RestClientAutoConfiguration matched:
      - @ConditionalOnClass found required class 'org.springframework.web.client.RestClient' (OnClassCondition)
      - NoneNestedConditions 0 matched 1 did not; NestedCondition on NotReactiveWebApplicationCondition.ReactiveWebApplication did not find reactive web application classes (NotReactiveWebApplicationCondition)

   RestClientAutoConfiguration#httpMessageConvertersRestClientCustomizer matched:
      - @ConditionalOnMissingBean (types: org.springframework.boot.autoconfigure.web.client.HttpMessageConvertersRestClientCustomizer; SearchStrategy: all) did not find any beans (OnBeanCondition)

   RestClientAutoConfiguration#restClientBuilder matched:
      - @ConditionalOnMissingBean (types: org.springframework.web.client.RestClient$Builder; SearchStrategy: all) did not find any beans (OnBeanCondition)

   RestClientAutoConfiguration#restClientBuilderConfigurer matched:
      - @ConditionalOnMissingBean (types: org.springframework.boot.autoconfigure.web.client.RestClientBuilderConfigurer; SearchStrategy: all) did not find any beans (OnBeanCondition)

   RestClientAutoConfiguration#restClientSsl matched:
      - @ConditionalOnBean (types: org.springframework.boot.ssl.SslBundles; SearchStrategy: all) found bean 'sslBundleRegistry'; @ConditionalOnMissingBean (types: org.springframework.boot.autoconfigure.web.client.RestClientSsl; SearchStrategy: all) did not find any beans (OnBeanCondition)

   RestTemplateAutoConfiguration matched:
      - @ConditionalOnClass found required class 'org.springframework.web.client.RestTemplate' (OnClassCondition)
      - NoneNestedConditions 0 matched 1 did not; NestedCondition on NotReactiveWebApplicationCondition.ReactiveWebApplication did not find reactive web application classes (NotReactiveWebApplicationCondition)

   RestTemplateAutoConfiguration#restTemplateBuilder matched:
      - @ConditionalOnMissingBean (types: org.springframework.boot.web.client.RestTemplateBuilder; SearchStrategy: all) did not find any beans (OnBeanCondition)

   ServletWebServerFactoryAutoConfiguration matched:
      - @ConditionalOnClass found required class 'jakarta.servlet.ServletRequest' (OnClassCondition)
      - found 'session' scope (OnWebApplicationCondition)

   ServletWebServerFactoryAutoConfiguration#tomcatServletWebServerFactoryCustomizer matched:
      - @ConditionalOnClass found required class 'org.apache.catalina.startup.Tomcat' (OnClassCondition)

   ServletWebServerFactoryConfiguration.EmbeddedTomcat matched:
      - @ConditionalOnClass found required classes 'jakarta.servlet.Servlet', 'org.apache.catalina.startup.Tomcat', 'org.apache.coyote.UpgradeProtocol' (OnClassCondition)
      - @ConditionalOnMissingBean (types: org.springframework.boot.web.servlet.server.ServletWebServerFactory; SearchStrategy: current) did not find any beans (OnBeanCondition)

   SimpleCacheConfiguration matched:
      - Cache org.springframework.boot.autoconfigure.cache.SimpleCacheConfiguration automatic cache type (CacheCondition)

   SpringDataWebAutoConfiguration matched:
      - @ConditionalOnClass found required classes 'org.springframework.data.web.PageableHandlerMethodArgumentResolver', 'org.springframework.web.servlet.config.annotation.WebMvcConfigurer' (OnClassCondition)
      - found 'session' scope (OnWebApplicationCondition)
      - @ConditionalOnMissingBean (types: org.springframework.data.web.PageableHandlerMethodArgumentResolver; SearchStrategy: all) did not find any beans (OnBeanCondition)

   SpringDataWebAutoConfiguration#pageableCustomizer matched:
      - @ConditionalOnMissingBean (types: org.springframework.data.web.config.PageableHandlerMethodArgumentResolverCustomizer; SearchStrategy: all) did not find any beans (OnBeanCondition)

   SpringDataWebAutoConfiguration#sortCustomizer matched:
      - @ConditionalOnMissingBean (types: org.springframework.data.web.config.SortHandlerMethodArgumentResolverCustomizer; SearchStrategy: all) did not find any beans (OnBeanCondition)

   SpringDataWebAutoConfiguration#springDataWebSettings matched:
      - @ConditionalOnMissingBean (types: org.springframework.data.web.config.SpringDataWebSettings; SearchStrategy: all) did not find any beans (OnBeanCondition)

   SqlInitializationAutoConfiguration matched:
      - @ConditionalOnProperty (spring.sql.init.enabled) matched (OnPropertyCondition)
      - NoneNestedConditions 0 matched 1 did not; NestedCondition on SqlInitializationAutoConfiguration.SqlInitializationModeCondition.ModeIsNever @ConditionalOnProperty (spring.sql.init.mode=never) did not find property 'mode' (SqlInitializationAutoConfiguration.SqlInitializationModeCondition)

   SslAutoConfiguration#sslBundleRegistry matched:
      - @ConditionalOnMissingBean (types: org.springframework.boot.ssl.SslBundleRegistry,org.springframework.boot.ssl.SslBundles; SearchStrategy: all) did not find any beans (OnBeanCondition)

   TaskExecutionAutoConfiguration matched:
      - @ConditionalOnClass found required class 'org.springframework.scheduling.concurrent.ThreadPoolTaskExecutor' (OnClassCondition)

   TaskExecutorConfigurations.SimpleAsyncTaskExecutorBuilderConfiguration#simpleAsyncTaskExecutorBuilder matched:
      - @ConditionalOnMissingBean (types: org.springframework.boot.task.SimpleAsyncTaskExecutorBuilder; SearchStrategy: all) did not find any beans (OnBeanCondition)
      - @ConditionalOnThreading found PLATFORM (OnThreadingCondition)

   TaskExecutorConfigurations.TaskExecutorConfiguration matched:
      - @ConditionalOnMissingBean (types: java.util.concurrent.Executor; SearchStrategy: all) did not find any beans (OnBeanCondition)

   TaskExecutorConfigurations.TaskExecutorConfiguration#applicationTaskExecutor matched:
      - @ConditionalOnThreading found PLATFORM (OnThreadingCondition)

   TaskExecutorConfigurations.ThreadPoolTaskExecutorBuilderConfiguration#threadPoolTaskExecutorBuilder matched:
      - @ConditionalOnMissingBean (types: org.springframework.boot.task.ThreadPoolTaskExecutorBuilder; SearchStrategy: all) did not find any beans (OnBeanCondition)

   TaskSchedulingAutoConfiguration matched:
      - @ConditionalOnClass found required class 'org.springframework.scheduling.concurrent.ThreadPoolTaskScheduler' (OnClassCondition)

   TaskSchedulingConfigurations.SimpleAsyncTaskSchedulerBuilderConfiguration#simpleAsyncTaskSchedulerBuilder matched:
      - @ConditionalOnMissingBean (types: org.springframework.boot.task.SimpleAsyncTaskSchedulerBuilder; SearchStrategy: all) did not find any beans (OnBeanCondition)
      - @ConditionalOnThreading found PLATFORM (OnThreadingCondition)

   TaskSchedulingConfigurations.ThreadPoolTaskSchedulerBuilderConfiguration#threadPoolTaskSchedulerBuilder matched:
      - @ConditionalOnMissingBean (types: org.springframework.boot.task.ThreadPoolTaskSchedulerBuilder; SearchStrategy: all) did not find any beans (OnBeanCondition)

   TransactionAutoConfiguration matched:
      - @ConditionalOnClass found required class 'org.springframework.transaction.PlatformTransactionManager' (OnClassCondition)

   TransactionAutoConfiguration.EnableTransactionManagementConfiguration matched:
      - @ConditionalOnBean (types: org.springframework.transaction.TransactionManager; SearchStrategy: all) found bean 'transactionManager'; @ConditionalOnMissingBean (types: org.springframework.transaction.annotation.AbstractTransactionManagementConfiguration; SearchStrategy: all) did not find any beans (OnBeanCondition)

   TransactionAutoConfiguration.EnableTransactionManagementConfiguration.CglibAutoProxyConfiguration matched:
      - @ConditionalOnProperty (spring.aop.proxy-target-class=true) matched (OnPropertyCondition)

   TransactionAutoConfiguration.TransactionTemplateConfiguration matched:
      - @ConditionalOnSingleCandidate (types: org.springframework.transaction.PlatformTransactionManager; SearchStrategy: all) found a single bean 'transactionManager' (OnBeanCondition)

   TransactionAutoConfiguration.TransactionTemplateConfiguration#transactionTemplate matched:
      - @ConditionalOnMissingBean (types: org.springframework.transaction.support.TransactionOperations; SearchStrategy: all) did not find any beans (OnBeanCondition)

   TransactionManagerCustomizationAutoConfiguration matched:
      - @ConditionalOnClass found required class 'org.springframework.transaction.PlatformTransactionManager' (OnClassCondition)

   TransactionManagerCustomizationAutoConfiguration#platformTransactionManagerCustomizers matched:
      - @ConditionalOnMissingBean (types: org.springframework.boot.autoconfigure.transaction.TransactionManagerCustomizers; SearchStrategy: all) did not find any beans (OnBeanCondition)

   ValidationAutoConfiguration matched:
      - @ConditionalOnClass found required class 'jakarta.validation.executable.ExecutableValidator' (OnClassCondition)
      - @ConditionalOnResource found location classpath:META-INF/services/jakarta.validation.spi.ValidationProvider (OnResourceCondition)

   ValidationAutoConfiguration#defaultValidator matched:
      - @ConditionalOnMissingBean (types: jakarta.validation.Validator; SearchStrategy: all) did not find any beans (OnBeanCondition)

   ValidationAutoConfiguration#methodValidationPostProcessor matched:
      - @ConditionalOnMissingBean (types: org.springframework.validation.beanvalidation.MethodValidationPostProcessor; SearchStrategy: current) did not find any beans (OnBeanCondition)

   WebMvcAutoConfiguration matched:
      - @ConditionalOnClass found required classes 'jakarta.servlet.Servlet', 'org.springframework.web.servlet.DispatcherServlet', 'org.springframework.web.servlet.config.annotation.WebMvcConfigurer' (OnClassCondition)
      - found 'session' scope (OnWebApplicationCondition)
      - @ConditionalOnMissingBean (types: org.springframework.web.servlet.config.annotation.WebMvcConfigurationSupport; SearchStrategy: all) did not find any beans (OnBeanCondition)

   WebMvcAutoConfiguration#formContentFilter matched:
      - @ConditionalOnProperty (spring.mvc.formcontent.filter.enabled) matched (OnPropertyCondition)
      - @ConditionalOnMissingBean (types: org.springframework.web.filter.FormContentFilter; SearchStrategy: all) did not find any beans (OnBeanCondition)

   WebMvcAutoConfiguration.EnableWebMvcConfiguration#flashMapManager matched:
      - @ConditionalOnMissingBean (names: flashMapManager; SearchStrategy: all) did not find any beans (OnBeanCondition)

   WebMvcAutoConfiguration.EnableWebMvcConfiguration#localeResolver matched:
      - @ConditionalOnMissingBean (names: localeResolver; SearchStrategy: all) did not find any beans (OnBeanCondition)

   WebMvcAutoConfiguration.EnableWebMvcConfiguration#themeResolver matched:
      - @ConditionalOnMissingBean (names: themeResolver; SearchStrategy: all) did not find any beans (OnBeanCondition)

   WebMvcAutoConfiguration.EnableWebMvcConfiguration#viewNameTranslator matched:
      - @ConditionalOnMissingBean (names: viewNameTranslator; SearchStrategy: all) did not find any beans (OnBeanCondition)

   WebMvcAutoConfiguration.WebMvcAutoConfigurationAdapter#defaultViewResolver matched:
      - @ConditionalOnMissingBean (types: org.springframework.web.servlet.view.InternalResourceViewResolver; SearchStrategy: all) did not find any beans (OnBeanCondition)

   WebMvcAutoConfiguration.WebMvcAutoConfigurationAdapter#requestContextFilter matched:
      - @ConditionalOnMissingBean (types: org.springframework.web.context.request.RequestContextListener,org.springframework.web.filter.RequestContextFilter; SearchStrategy: all) did not find any beans (OnBeanCondition)

   WebMvcAutoConfiguration.WebMvcAutoConfigurationAdapter#viewResolver matched:
      - @ConditionalOnBean (types: org.springframework.web.servlet.ViewResolver; SearchStrategy: all) found beans 'defaultViewResolver', 'beanNameViewResolver', 'mvcViewResolver'; @ConditionalOnMissingBean (names: viewResolver types: org.springframework.web.servlet.view.ContentNegotiatingViewResolver; SearchStrategy: all) did not find any beans (OnBeanCondition)

   WebSocketServletAutoConfiguration matched:
      - @ConditionalOnClass found required classes 'jakarta.servlet.Servlet', 'jakarta.websocket.server.ServerContainer' (OnClassCondition)
      - found 'session' scope (OnWebApplicationCondition)

   WebSocketServletAutoConfiguration.TomcatWebSocketConfiguration matched:
      - @ConditionalOnClass found required classes 'org.apache.catalina.startup.Tomcat', 'org.apache.tomcat.websocket.server.WsSci' (OnClassCondition)

   WebSocketServletAutoConfiguration.TomcatWebSocketConfiguration#websocketServletWebServerCustomizer matched:
      - @ConditionalOnMissingBean (names: websocketServletWebServerCustomizer; SearchStrategy: all) did not find any beans (OnBeanCondition)


Negative matches:
-----------------

   ActiveMQAutoConfiguration:
      Did not match:
         - @ConditionalOnClass did not find required class 'jakarta.jms.ConnectionFactory' (OnClassCondition)

   AopAutoConfiguration.AspectJAutoProxyingConfiguration.JdkDynamicAutoProxyConfiguration:
      Did not match:
         - @ConditionalOnProperty (spring.aop.proxy-target-class=false) did not find property 'proxy-target-class' (OnPropertyCondition)

   AopAutoConfiguration.ClassProxyingConfiguration:
      Did not match:
         - @ConditionalOnMissingClass found unwanted class 'org.aspectj.weaver.Advice' (OnClassCondition)

   ArtemisAutoConfiguration:
      Did not match:
         - @ConditionalOnClass did not find required class 'jakarta.jms.ConnectionFactory' (OnClassCondition)

   BatchAutoConfiguration:
      Did not match:
         - @ConditionalOnClass did not find required class 'org.springframework.batch.core.launch.JobLauncher' (OnClassCondition)

   Cache2kCacheConfiguration:
      Did not match:
         - @ConditionalOnClass did not find required class 'org.cache2k.Cache2kBuilder' (OnClassCondition)

   CacheAutoConfiguration:
      Did not match:
         - @ConditionalOnBean (types: org.springframework.cache.interceptor.CacheAspectSupport; SearchStrategy: all) did not find any beans of type org.springframework.cache.interceptor.CacheAspectSupport (OnBeanCondition)
      Matched:
         - @ConditionalOnClass found required class 'org.springframework.cache.CacheManager' (OnClassCondition)

   CacheAutoConfiguration.CacheManagerEntityManagerFactoryDependsOnPostProcessor:
      Did not match:
         - Ancestor org.springframework.boot.autoconfigure.cache.CacheAutoConfiguration did not match (ConditionEvaluationReport.AncestorsMatchedCondition)
      Matched:
         - @ConditionalOnClass found required class 'org.springframework.orm.jpa.LocalContainerEntityManagerFactoryBean' (OnClassCondition)

   CaffeineCacheConfiguration:
      Did not match:
         - @ConditionalOnClass did not find required class 'com.github.benmanes.caffeine.cache.Caffeine' (OnClassCondition)

   CassandraAutoConfiguration:
      Did not match:
         - @ConditionalOnClass did not find required class 'com.datastax.oss.driver.api.core.CqlSession' (OnClassCondition)

   CassandraDataAutoConfiguration:
      Did not match:
         - @ConditionalOnClass did not find required class 'com.datastax.oss.driver.api.core.CqlSession' (OnClassCondition)

   CassandraReactiveDataAutoConfiguration:
      Did not match:
         - @ConditionalOnClass did not find required class 'com.datastax.oss.driver.api.core.CqlSession' (OnClassCondition)

   CassandraReactiveRepositoriesAutoConfiguration:
      Did not match:
         - @ConditionalOnClass did not find required class 'org.springframework.data.cassandra.ReactiveSession' (OnClassCondition)

   CassandraRepositoriesAutoConfiguration:
      Did not match:
         - @ConditionalOnClass did not find required class 'com.datastax.oss.driver.api.core.CqlSession' (OnClassCondition)

   ClientHttpConnectorAutoConfiguration:
      Did not match:
         - @ConditionalOnClass did not find required class 'org.springframework.web.reactive.function.client.WebClient' (OnClassCondition)

   CodecsAutoConfiguration:
      Did not match:
         - @ConditionalOnClass did not find required class 'org.springframework.web.reactive.function.client.WebClient' (OnClassCondition)

   CouchbaseAutoConfiguration:
      Did not match:
         - @ConditionalOnClass did not find required class 'com.couchbase.client.java.Cluster' (OnClassCondition)

   CouchbaseCacheConfiguration:
      Did not match:
         - @ConditionalOnClass did not find required class 'com.couchbase.client.java.Cluster' (OnClassCondition)

   CouchbaseDataAutoConfiguration:
      Did not match:
         - @ConditionalOnClass did not find required class 'com.couchbase.client.java.Bucket' (OnClassCondition)

   CouchbaseReactiveDataAutoConfiguration:
      Did not match:
         - @ConditionalOnClass did not find required class 'com.couchbase.client.java.Cluster' (OnClassCondition)

   CouchbaseReactiveRepositoriesAutoConfiguration:
      Did not match:
         - @ConditionalOnClass did not find required class 'com.couchbase.client.java.Cluster' (OnClassCondition)

   CouchbaseRepositoriesAutoConfiguration:
      Did not match:
         - @ConditionalOnClass did not find required class 'com.couchbase.client.java.Bucket' (OnClassCondition)

   DataSourceAutoConfiguration.EmbeddedDatabaseConfiguration:
      Did not match:
         - EmbeddedDataSource spring.datasource.url is set (DataSourceAutoConfiguration.EmbeddedDatabaseCondition)

   DataSourceCheckpointRestoreConfiguration:
      Did not match:
         - @ConditionalOnClass did not find required class 'org.crac.Resource' (OnClassCondition)

   DataSourceConfiguration.Dbcp2:
      Did not match:
         - @ConditionalOnClass did not find required class 'org.apache.commons.dbcp2.BasicDataSource' (OnClassCondition)

   DataSourceConfiguration.Generic:
      Did not match:
         - @ConditionalOnProperty (spring.datasource.type) did not find property 'spring.datasource.type' (OnPropertyCondition)

   DataSourceConfiguration.OracleUcp:
      Did not match:
         - @ConditionalOnClass did not find required class 'oracle.ucp.jdbc.PoolDataSourceImpl' (OnClassCondition)

   DataSourceConfiguration.Tomcat:
      Did not match:
         - @ConditionalOnClass did not find required class 'org.apache.tomcat.jdbc.pool.DataSource' (OnClassCondition)

   DataSourceJmxConfiguration.TomcatDataSourceJmxConfiguration:
      Did not match:
         - @ConditionalOnClass did not find required class 'org.apache.tomcat.jdbc.pool.DataSourceProxy' (OnClassCondition)

   DataSourcePoolMetadataProvidersConfiguration.CommonsDbcp2PoolDataSourceMetadataProviderConfiguration:
      Did not match:
         - @ConditionalOnClass did not find required class 'org.apache.commons.dbcp2.BasicDataSource' (OnClassCondition)

   DataSourcePoolMetadataProvidersConfiguration.OracleUcpPoolDataSourceMetadataProviderConfiguration:
      Did not match:
         - @ConditionalOnClass did not find required class 'oracle.ucp.jdbc.PoolDataSource' (OnClassCondition)

   DataSourcePoolMetadataProvidersConfiguration.TomcatDataSourcePoolMetadataProviderConfiguration:
      Did not match:
         - @ConditionalOnClass did not find required class 'org.apache.tomcat.jdbc.pool.DataSource' (OnClassCondition)

   DataSourceTransactionManagerAutoConfiguration.JdbcTransactionManagerConfiguration#transactionManager:
      Did not match:
         - @ConditionalOnMissingBean (types: org.springframework.transaction.TransactionManager; SearchStrategy: all) found beans of type 'org.springframework.transaction.TransactionManager' transactionManager (OnBeanCondition)

   DevToolsDataSourceAutoConfiguration:
      Did not match:
         - Devtools devtools is disabled for current context. (OnEnabledDevToolsCondition)
      Matched:
         - @ConditionalOnClass found required class 'javax.sql.DataSource' (OnClassCondition)

   DevToolsR2dbcAutoConfiguration:
      Did not match:
         - @ConditionalOnClass did not find required class 'io.r2dbc.spi.ConnectionFactory' (OnClassCondition)

   DispatcherServletAutoConfiguration.DispatcherServletConfiguration#multipartResolver:
      Did not match:
         - @ConditionalOnBean (types: org.springframework.web.multipart.MultipartResolver; SearchStrategy: all) did not find any beans of type org.springframework.web.multipart.MultipartResolver (OnBeanCondition)

   ElasticsearchClientAutoConfiguration:
      Did not match:
         - @ConditionalOnClass did not find required class 'co.elastic.clients.elasticsearch.ElasticsearchClient' (OnClassCondition)

   ElasticsearchDataAutoConfiguration:
      Did not match:
         - @ConditionalOnClass did not find required class 'org.springframework.data.elasticsearch.client.elc.ElasticsearchTemplate' (OnClassCondition)

   ElasticsearchRepositoriesAutoConfiguration:
      Did not match:
         - @ConditionalOnClass did not find required class 'org.springframework.data.elasticsearch.repository.ElasticsearchRepository' (OnClassCondition)

   ElasticsearchRestClientAutoConfiguration:
      Did not match:
         - @ConditionalOnClass did not find required class 'org.elasticsearch.client.RestClientBuilder' (OnClassCondition)

   EmbeddedLdapAutoConfiguration:
      Did not match:
         - @ConditionalOnClass did not find required class 'com.unboundid.ldap.listener.InMemoryDirectoryServer' (OnClassCondition)

   EmbeddedWebServerFactoryCustomizerAutoConfiguration.JettyWebServerFactoryCustomizerConfiguration:
      Did not match:
         - @ConditionalOnClass did not find required classes 'org.eclipse.jetty.server.Server', 'org.eclipse.jetty.util.Loader', 'org.eclipse.jetty.ee10.webapp.WebAppContext' (OnClassCondition)

   EmbeddedWebServerFactoryCustomizerAutoConfiguration.NettyWebServerFactoryCustomizerConfiguration:
      Did not match:
         - @ConditionalOnClass did not find required class 'reactor.netty.http.server.HttpServer' (OnClassCondition)

   EmbeddedWebServerFactoryCustomizerAutoConfiguration.TomcatWebServerFactoryCustomizerConfiguration#tomcatVirtualThreadsProtocolHandlerCustomizer:
      Did not match:
         - @ConditionalOnThreading did not find VIRTUAL (OnThreadingCondition)

   EmbeddedWebServerFactoryCustomizerAutoConfiguration.UndertowWebServerFactoryCustomizerConfiguration:
      Did not match:
         - @ConditionalOnClass did not find required classes 'io.undertow.Undertow', 'org.xnio.SslClientAuthMode' (OnClassCondition)

   ErrorWebFluxAutoConfiguration:
      Did not match:
         - @ConditionalOnClass did not find required class 'org.springframework.web.reactive.config.WebFluxConfigurer' (OnClassCondition)

   FlywayAutoConfiguration:
      Did not match:
         - @ConditionalOnClass did not find required class 'org.flywaydb.core.Flyway' (OnClassCondition)

   FreeMarkerAutoConfiguration:
      Did not match:
         - @ConditionalOnClass did not find required class 'freemarker.template.Configuration' (OnClassCondition)

   GraphQlAutoConfiguration:
      Did not match:
         - @ConditionalOnClass did not find required class 'graphql.GraphQL' (OnClassCondition)

   GraphQlQueryByExampleAutoConfiguration:
      Did not match:
         - @ConditionalOnClass did not find required class 'graphql.GraphQL' (OnClassCondition)

   GraphQlQuerydslAutoConfiguration:
      Did not match:
         - @ConditionalOnClass did not find required class 'com.querydsl.core.Query' (OnClassCondition)

   GraphQlRSocketAutoConfiguration:
      Did not match:
         - @ConditionalOnClass did not find required class 'graphql.GraphQL' (OnClassCondition)

   GraphQlReactiveQueryByExampleAutoConfiguration:
      Did not match:
         - @ConditionalOnClass did not find required class 'graphql.GraphQL' (OnClassCondition)

   GraphQlReactiveQuerydslAutoConfiguration:
      Did not match:
         - @ConditionalOnClass did not find required class 'com.querydsl.core.Query' (OnClassCondition)

   GraphQlWebFluxAutoConfiguration:
      Did not match:
         - @ConditionalOnClass did not find required class 'graphql.GraphQL' (OnClassCondition)

   GraphQlWebFluxSecurityAutoConfiguration:
      Did not match:
         - @ConditionalOnClass did not find required class 'graphql.GraphQL' (OnClassCondition)

   GraphQlWebMvcAutoConfiguration:
      Did not match:
         - @ConditionalOnClass did not find required class 'graphql.GraphQL' (OnClassCondition)

   GraphQlWebMvcSecurityAutoConfiguration:
      Did not match:
         - @ConditionalOnClass did not find required class 'graphql.GraphQL' (OnClassCondition)

   GroovyTemplateAutoConfiguration:
      Did not match:
         - @ConditionalOnClass did not find required class 'groovy.text.markup.MarkupTemplateEngine' (OnClassCondition)

   GsonAutoConfiguration:
      Did not match:
         - @ConditionalOnClass did not find required class 'com.google.gson.Gson' (OnClassCondition)

   GsonHttpMessageConvertersConfiguration:
      Did not match:
         - @ConditionalOnClass did not find required class 'com.google.gson.Gson' (OnClassCondition)

   H2ConsoleAutoConfiguration:
      Did not match:
         - @ConditionalOnProperty (spring.h2.console.enabled=true) did not find property 'enabled' (OnPropertyCondition)
      Matched:
         - @ConditionalOnClass found required class 'org.h2.server.web.JakartaWebServlet' (OnClassCondition)
         - found 'session' scope (OnWebApplicationCondition)

   HazelcastAutoConfiguration:
      Did not match:
         - @ConditionalOnClass did not find required class 'com.hazelcast.core.HazelcastInstance' (OnClassCondition)

   HazelcastCacheConfiguration:
      Did not match:
         - @ConditionalOnClass did not find required class 'com.hazelcast.core.HazelcastInstance' (OnClassCondition)

   HazelcastJpaDependencyAutoConfiguration:
      Did not match:
         - @ConditionalOnClass did not find required class 'com.hazelcast.core.HazelcastInstance' (OnClassCondition)

   HttpHandlerAutoConfiguration:
      Did not match:
         - @ConditionalOnClass did not find required class 'org.springframework.web.reactive.DispatcherHandler' (OnClassCondition)

   InfinispanCacheConfiguration:
      Did not match:
         - @ConditionalOnClass did not find required class 'org.infinispan.spring.embedded.provider.SpringEmbeddedCacheManager' (OnClassCondition)

   IntegrationAutoConfiguration:
      Did not match:
         - @ConditionalOnClass did not find required class 'org.springframework.integration.config.EnableIntegration' (OnClassCondition)

   JCacheCacheConfiguration:
      Did not match:
         - @ConditionalOnClass did not find required class 'javax.cache.Caching' (OnClassCondition)

   JacksonHttpMessageConvertersConfiguration.MappingJackson2XmlHttpMessageConverterConfiguration:
      Did not match:
         - @ConditionalOnClass did not find required class 'com.fasterxml.jackson.dataformat.xml.XmlMapper' (OnClassCondition)

   JdbcRepositoriesAutoConfiguration:
      Did not match:
         - @ConditionalOnClass did not find required class 'org.springframework.data.jdbc.repository.config.AbstractJdbcConfiguration' (OnClassCondition)

   JerseyAutoConfiguration:
      Did not match:
         - @ConditionalOnClass did not find required class 'org.glassfish.jersey.server.spring.SpringComponentProvider' (OnClassCondition)

   JmsAutoConfiguration:
      Did not match:
         - @ConditionalOnClass did not find required class 'jakarta.jms.Message' (OnClassCondition)

   JmxAutoConfiguration:
      Did not match:
         - @ConditionalOnProperty (spring.jmx.enabled=true) did not find property 'enabled' (OnPropertyCondition)
      Matched:
         - @ConditionalOnClass found required class 'org.springframework.jmx.export.MBeanExporter' (OnClassCondition)

   JndiConnectionFactoryAutoConfiguration:
      Did not match:
         - @ConditionalOnClass did not find required class 'org.springframework.jms.core.JmsTemplate' (OnClassCondition)

   JndiDataSourceAutoConfiguration:
      Did not match:
         - @ConditionalOnProperty (spring.datasource.jndi-name) did not find property 'jndi-name' (OnPropertyCondition)
      Matched:
         - @ConditionalOnClass found required classes 'javax.sql.DataSource', 'org.springframework.jdbc.datasource.embedded.EmbeddedDatabaseType' (OnClassCondition)

   JndiJtaConfiguration:
      Did not match:
         - @ConditionalOnJndi JNDI environment is not available (OnJndiCondition)
      Matched:
         - @ConditionalOnClass found required class 'org.springframework.transaction.jta.JtaTransactionManager' (OnClassCondition)

   JooqAutoConfiguration:
      Did not match:
         - @ConditionalOnClass did not find required class 'org.jooq.DSLContext' (OnClassCondition)

   JpaRepositoriesAutoConfiguration#entityManagerFactoryBootstrapExecutorCustomizer:
      Did not match:
         - AnyNestedCondition 0 matched 2 did not; NestedCondition on JpaRepositoriesAutoConfiguration.BootstrapExecutorCondition.LazyBootstrapMode @ConditionalOnProperty (spring.data.jpa.repositories.bootstrap-mode=lazy) did not find property 'bootstrap-mode'; NestedCondition on JpaRepositoriesAutoConfiguration.BootstrapExecutorCondition.DeferredBootstrapMode @ConditionalOnProperty (spring.data.jpa.repositories.bootstrap-mode=deferred) did not find property 'bootstrap-mode' (JpaRepositoriesAutoConfiguration.BootstrapExecutorCondition)

   JsonbAutoConfiguration:
      Did not match:
         - @ConditionalOnClass did not find required class 'jakarta.json.bind.Jsonb' (OnClassCondition)

   JsonbHttpMessageConvertersConfiguration:
      Did not match:
         - @ConditionalOnClass did not find required class 'jakarta.json.bind.Jsonb' (OnClassCondition)

   KafkaAutoConfiguration:
      Did not match:
         - @ConditionalOnClass did not find required class 'org.springframework.kafka.core.KafkaTemplate' (OnClassCondition)

   LdapAutoConfiguration:
      Did not match:
         - @ConditionalOnClass did not find required class 'org.springframework.ldap.core.ContextSource' (OnClassCondition)

   LdapRepositoriesAutoConfiguration:
      Did not match:
         - @ConditionalOnClass did not find required class 'org.springframework.data.ldap.repository.LdapRepository' (OnClassCondition)

   LiquibaseAutoConfiguration:
      Did not match:
         - @ConditionalOnClass did not find required class 'liquibase.change.DatabaseChange' (OnClassCondition)

   LocalDevToolsAutoConfiguration:
      Did not match:
         - Initialized Restarter Condition initialized without URLs (OnInitializedRestarterCondition)

   MailSenderAutoConfiguration:
      Did not match:
         - @ConditionalOnClass did not find required class 'jakarta.mail.internet.MimeMessage' (OnClassCondition)

   MailSenderValidatorAutoConfiguration:
      Did not match:
         - @ConditionalOnSingleCandidate did not find required type 'org.springframework.mail.javamail.JavaMailSenderImpl' (OnBeanCondition)

   MessageSourceAutoConfiguration:
      Did not match:
         - ResourceBundle did not find bundle with basename messages (MessageSourceAutoConfiguration.ResourceBundleCondition)

   MongoAutoConfiguration:
      Did not match:
         - @ConditionalOnClass did not find required class 'com.mongodb.client.MongoClient' (OnClassCondition)

   MongoDataAutoConfiguration:
      Did not match:
         - @ConditionalOnClass did not find required class 'com.mongodb.client.MongoClient' (OnClassCondition)

   MongoReactiveAutoConfiguration:
      Did not match:
         - @ConditionalOnClass did not find required class 'com.mongodb.reactivestreams.client.MongoClient' (OnClassCondition)

   MongoReactiveDataAutoConfiguration:
      Did not match:
         - @ConditionalOnClass did not find required class 'com.mongodb.reactivestreams.client.MongoClient' (OnClassCondition)

   MongoReactiveRepositoriesAutoConfiguration:
      Did not match:
         - @ConditionalOnClass did not find required class 'com.mongodb.reactivestreams.client.MongoClient' (OnClassCondition)

   MongoRepositoriesAutoConfiguration:
      Did not match:
         - @ConditionalOnClass did not find required class 'com.mongodb.client.MongoClient' (OnClassCondition)

   MustacheAutoConfiguration:
      Did not match:
         - @ConditionalOnClass did not find required class 'com.samskivert.mustache.Mustache' (OnClassCondition)

   Neo4jAutoConfiguration:
      Did not match:
         - @ConditionalOnClass did not find required class 'org.neo4j.driver.Driver' (OnClassCondition)

   Neo4jDataAutoConfiguration:
      Did not match:
         - @ConditionalOnClass did not find required class 'org.neo4j.driver.Driver' (OnClassCondition)

   Neo4jReactiveDataAutoConfiguration:
      Did not match:
         - @ConditionalOnClass did not find required class 'org.neo4j.driver.Driver' (OnClassCondition)

   Neo4jReactiveRepositoriesAutoConfiguration:
      Did not match:
         - @ConditionalOnClass did not find required class 'org.neo4j.driver.Driver' (OnClassCondition)

   Neo4jRepositoriesAutoConfiguration:
      Did not match:
         - @ConditionalOnClass did not find required class 'org.neo4j.driver.Driver' (OnClassCondition)

   NettyAutoConfiguration:
      Did not match:
         - @ConditionalOnClass did not find required class 'io.netty.util.NettyRuntime' (OnClassCondition)

   OAuth2AuthorizationServerAutoConfiguration:
      Did not match:
         - @ConditionalOnClass did not find required class 'org.springframework.security.oauth2.server.authorization.OAuth2Authorization' (OnClassCondition)

   OAuth2AuthorizationServerJwtAutoConfiguration:
      Did not match:
         - @ConditionalOnClass did not find required class 'org.springframework.security.oauth2.server.authorization.OAuth2Authorization' (OnClassCondition)

   OAuth2ClientAutoConfiguration:
      Did not match:
         - @ConditionalOnClass did not find required class 'org.springframework.security.config.annotation.web.configuration.EnableWebSecurity' (OnClassCondition)

   OAuth2ResourceServerAutoConfiguration:
      Did not match:
         - @ConditionalOnClass did not find required class 'org.springframework.security.oauth2.server.resource.authentication.BearerTokenAuthenticationToken' (OnClassCondition)

   ProjectInfoAutoConfiguration#buildProperties:
      Did not match:
         - @ConditionalOnResource did not find resource '${spring.info.build.location:classpath:META-INF/build-info.properties}' (OnResourceCondition)

   ProjectInfoAutoConfiguration#gitProperties:
      Did not match:
         - GitResource did not find git info at classpath:git.properties (ProjectInfoAutoConfiguration.GitResourceAvailableCondition)

   PulsarAutoConfiguration:
      Did not match:
         - @ConditionalOnClass did not find required class 'org.apache.pulsar.client.api.PulsarClient' (OnClassCondition)

   PulsarReactiveAutoConfiguration:
      Did not match:
         - @ConditionalOnClass did not find required class 'org.apache.pulsar.client.api.PulsarClient' (OnClassCondition)

   QuartzAutoConfiguration:
      Did not match:
         - @ConditionalOnClass did not find required class 'org.quartz.Scheduler' (OnClassCondition)

   R2dbcAutoConfiguration:
      Did not match:
         - @ConditionalOnClass did not find required class 'io.r2dbc.spi.ConnectionFactory' (OnClassCondition)

   R2dbcDataAutoConfiguration:
      Did not match:
         - @ConditionalOnClass did not find required class 'org.springframework.data.r2dbc.core.R2dbcEntityTemplate' (OnClassCondition)

   R2dbcInitializationConfiguration:
      Did not match:
         - @ConditionalOnClass did not find required classes 'io.r2dbc.spi.ConnectionFactory', 'org.springframework.r2dbc.connection.init.DatabasePopulator' (OnClassCondition)

   R2dbcProxyAutoConfiguration:
      Did not match:
         - @ConditionalOnClass did not find required class 'io.r2dbc.proxy.ProxyConnectionFactory' (OnClassCondition)

   R2dbcRepositoriesAutoConfiguration:
      Did not match:
         - @ConditionalOnClass did not find required class 'io.r2dbc.spi.ConnectionFactory' (OnClassCondition)

   R2dbcTransactionManagerAutoConfiguration:
      Did not match:
         - @ConditionalOnClass did not find required class 'org.springframework.r2dbc.connection.R2dbcTransactionManager' (OnClassCondition)

   RSocketGraphQlClientAutoConfiguration:
      Did not match:
         - @ConditionalOnClass did not find required class 'graphql.GraphQL' (OnClassCondition)

   RSocketMessagingAutoConfiguration:
      Did not match:
         - @ConditionalOnClass did not find required class 'io.rsocket.RSocket' (OnClassCondition)

   RSocketRequesterAutoConfiguration:
      Did not match:
         - @ConditionalOnClass did not find required class 'io.rsocket.RSocket' (OnClassCondition)

   RSocketSecurityAutoConfiguration:
      Did not match:
         - @ConditionalOnClass did not find required class 'org.springframework.security.rsocket.core.SecuritySocketAcceptorInterceptor' (OnClassCondition)

   RSocketServerAutoConfiguration:
      Did not match:
         - @ConditionalOnClass did not find required class 'io.rsocket.core.RSocketServer' (OnClassCondition)

   RSocketStrategiesAutoConfiguration:
      Did not match:
         - @ConditionalOnClass did not find required class 'io.netty.buffer.PooledByteBufAllocator' (OnClassCondition)

   RabbitAutoConfiguration:
      Did not match:
         - @ConditionalOnClass did not find required class 'com.rabbitmq.client.Channel' (OnClassCondition)

   ReactiveElasticsearchClientAutoConfiguration:
      Did not match:
         - @ConditionalOnClass did not find required class 'co.elastic.clients.transport.ElasticsearchTransport' (OnClassCondition)

   ReactiveElasticsearchRepositoriesAutoConfiguration:
      Did not match:
         - @ConditionalOnClass did not find required class 'reactor.core.publisher.Mono' (OnClassCondition)

   ReactiveMultipartAutoConfiguration:
      Did not match:
         - @ConditionalOnClass did not find required class 'org.springframework.web.reactive.config.WebFluxConfigurer' (OnClassCondition)

   ReactiveOAuth2ClientAutoConfiguration:
      Did not match:
         - @ConditionalOnClass did not find required class 'reactor.core.publisher.Flux' (OnClassCondition)

   ReactiveOAuth2ResourceServerAutoConfiguration:
      Did not match:
         - @ConditionalOnClass did not find required class 'org.springframework.security.config.annotation.web.reactive.EnableWebFluxSecurity' (OnClassCondition)

   ReactiveSecurityAutoConfiguration:
      Did not match:
         - @ConditionalOnClass did not find required class 'reactor.core.publisher.Flux' (OnClassCondition)

   ReactiveUserDetailsServiceAutoConfiguration:
      Did not match:
         - @ConditionalOnClass did not find required class 'org.springframework.security.authentication.ReactiveAuthenticationManager' (OnClassCondition)

   ReactiveWebServerFactoryAutoConfiguration:
      Did not match:
         - @ConditionalOnWebApplication did not find reactive web application classes (OnWebApplicationCondition)

   ReactorAutoConfiguration:
      Did not match:
         - @ConditionalOnClass did not find required class 'reactor.core.publisher.Hooks' (OnClassCondition)

   RedisAutoConfiguration:
      Did not match:
         - @ConditionalOnClass did not find required class 'org.springframework.data.redis.core.RedisOperations' (OnClassCondition)

   RedisCacheConfiguration:
      Did not match:
         - @ConditionalOnClass did not find required class 'org.springframework.data.redis.connection.RedisConnectionFactory' (OnClassCondition)

   RedisReactiveAutoConfiguration:
      Did not match:
         - @ConditionalOnClass did not find required class 'reactor.core.publisher.Flux' (OnClassCondition)

   RedisRepositoriesAutoConfiguration:
      Did not match:
         - @ConditionalOnClass did not find required class 'org.springframework.data.redis.repository.configuration.EnableRedisRepositories' (OnClassCondition)

   RemoteDevToolsAutoConfiguration:
      Did not match:
         - @ConditionalOnProperty (spring.devtools.remote.secret) did not find property 'secret' (OnPropertyCondition)
      Matched:
         - @ConditionalOnClass found required classes 'jakarta.servlet.Filter', 'org.springframework.http.server.ServerHttpRequest' (OnClassCondition)

   RepositoryRestMvcAutoConfiguration:
      Did not match:
         - @ConditionalOnClass did not find required class 'org.springframework.data.rest.webmvc.config.RepositoryRestMvcConfiguration' (OnClassCondition)

   Saml2RelyingPartyAutoConfiguration:
      Did not match:
         - @ConditionalOnClass did not find required class 'org.springframework.security.saml2.provider.service.registration.RelyingPartyRegistrationRepository' (OnClassCondition)

   SecurityAutoConfiguration:
      Did not match:
         - @ConditionalOnClass did not find required class 'org.springframework.security.authentication.DefaultAuthenticationEventPublisher' (OnClassCondition)

   SecurityFilterAutoConfiguration:
      Did not match:
         - @ConditionalOnClass did not find required class 'org.springframework.security.config.http.SessionCreationPolicy' (OnClassCondition)

   SendGridAutoConfiguration:
      Did not match:
         - @ConditionalOnClass did not find required class 'com.sendgrid.SendGrid' (OnClassCondition)

   ServletWebServerFactoryAutoConfiguration.ForwardedHeaderFilterConfiguration:
      Did not match:
         - @ConditionalOnProperty (server.forward-headers-strategy=framework) did not find property 'server.forward-headers-strategy' (OnPropertyCondition)

   ServletWebServerFactoryConfiguration.EmbeddedJetty:
      Did not match:
         - @ConditionalOnClass did not find required classes 'org.eclipse.jetty.server.Server', 'org.eclipse.jetty.util.Loader', 'org.eclipse.jetty.ee10.webapp.WebAppContext' (OnClassCondition)

   ServletWebServerFactoryConfiguration.EmbeddedUndertow:
      Did not match:
         - @ConditionalOnClass did not find required classes 'io.undertow.Undertow', 'org.xnio.SslClientAuthMode' (OnClassCondition)

   SessionAutoConfiguration:
      Did not match:
         - @ConditionalOnClass did not find required class 'org.springframework.session.Session' (OnClassCondition)

   SpringApplicationAdminJmxAutoConfiguration:
      Did not match:
         - @ConditionalOnProperty (spring.application.admin.enabled=true) did not find property 'enabled' (OnPropertyCondition)

   TaskExecutorConfigurations.SimpleAsyncTaskExecutorBuilderConfiguration#simpleAsyncTaskExecutorBuilderVirtualThreads:
      Did not match:
         - @ConditionalOnMissingBean (types: org.springframework.boot.task.SimpleAsyncTaskExecutorBuilder; SearchStrategy: all) found beans of type 'org.springframework.boot.task.SimpleAsyncTaskExecutorBuilder' simpleAsyncTaskExecutorBuilder (OnBeanCondition)

   TaskExecutorConfigurations.TaskExecutorConfiguration#applicationTaskExecutorVirtualThreads:
      Did not match:
         - @ConditionalOnThreading did not find VIRTUAL (OnThreadingCondition)

   TaskSchedulingAutoConfiguration#scheduledBeanLazyInitializationExcludeFilter:
      Did not match:
         - @ConditionalOnBean (names: org.springframework.context.annotation.internalScheduledAnnotationProcessor; SearchStrategy: all) did not find any beans named org.springframework.context.annotation.internalScheduledAnnotationProcessor (OnBeanCondition)

   TaskSchedulingConfigurations.SimpleAsyncTaskSchedulerBuilderConfiguration#simpleAsyncTaskSchedulerBuilderVirtualThreads:
      Did not match:
         - @ConditionalOnMissingBean (types: org.springframework.boot.task.SimpleAsyncTaskSchedulerBuilder; SearchStrategy: all) found beans of type 'org.springframework.boot.task.SimpleAsyncTaskSchedulerBuilder' simpleAsyncTaskSchedulerBuilder (OnBeanCondition)

   TaskSchedulingConfigurations.TaskSchedulerConfiguration:
      Did not match:
         - @ConditionalOnBean (names: org.springframework.context.annotation.internalScheduledAnnotationProcessor; SearchStrategy: all) did not find any beans named org.springframework.context.annotation.internalScheduledAnnotationProcessor (OnBeanCondition)

   ThymeleafAutoConfiguration:
      Did not match:
         - @ConditionalOnClass did not find required class 'org.thymeleaf.spring6.SpringTemplateEngine' (OnClassCondition)

   TransactionAutoConfiguration#transactionalOperator:
      Did not match:
         - @ConditionalOnSingleCandidate (types: org.springframework.transaction.ReactiveTransactionManager; SearchStrategy: all) did not find any beans (OnBeanCondition)

   TransactionAutoConfiguration.AspectJTransactionManagementConfiguration:
      Did not match:
         - @ConditionalOnBean (types: org.springframework.transaction.aspectj.AbstractTransactionAspect; SearchStrategy: all) did not find any beans of type org.springframework.transaction.aspectj.AbstractTransactionAspect (OnBeanCondition)

   TransactionAutoConfiguration.EnableTransactionManagementConfiguration.JdkDynamicAutoProxyConfiguration:
      Did not match:
         - @ConditionalOnProperty (spring.aop.proxy-target-class=false) did not find property 'proxy-target-class' (OnPropertyCondition)

   UserDetailsServiceAutoConfiguration:
      Did not match:
         - @ConditionalOnClass did not find required class 'org.springframework.security.authentication.AuthenticationManager' (OnClassCondition)

   WebClientAutoConfiguration:
      Did not match:
         - @ConditionalOnClass did not find required class 'org.springframework.web.reactive.function.client.WebClient' (OnClassCondition)

   WebFluxAutoConfiguration:
      Did not match:
         - @ConditionalOnClass did not find required class 'org.springframework.web.reactive.config.WebFluxConfigurer' (OnClassCondition)

   WebMvcAutoConfiguration#hiddenHttpMethodFilter:
      Did not match:
         - @ConditionalOnProperty (spring.mvc.hiddenmethod.filter.enabled) did not find property 'enabled' (OnPropertyCondition)

   WebMvcAutoConfiguration.ProblemDetailsErrorHandlingConfiguration:
      Did not match:
         - @ConditionalOnProperty (spring.mvc.problemdetails.enabled=true) did not find property 'enabled' (OnPropertyCondition)

   WebMvcAutoConfiguration.ResourceChainCustomizerConfiguration:
      Did not match:
         - @ConditionalOnEnabledResourceChain did not find class org.webjars.WebJarVersionLocator (OnEnabledResourceChainCondition)

   WebMvcAutoConfiguration.WebMvcAutoConfigurationAdapter#beanNameViewResolver:
      Did not match:
         - @ConditionalOnMissingBean (types: org.springframework.web.servlet.view.BeanNameViewResolver; SearchStrategy: all) found beans of type 'org.springframework.web.servlet.view.BeanNameViewResolver' beanNameViewResolver (OnBeanCondition)

   WebServiceTemplateAutoConfiguration:
      Did not match:
         - @ConditionalOnClass did not find required class 'org.springframework.oxm.Marshaller' (OnClassCondition)

   WebServicesAutoConfiguration:
      Did not match:
         - @ConditionalOnClass did not find required class 'org.springframework.ws.transport.http.MessageDispatcherServlet' (OnClassCondition)

   WebSessionIdResolverAutoConfiguration:
      Did not match:
         - @ConditionalOnClass did not find required class 'reactor.core.publisher.Mono' (OnClassCondition)

   WebSocketMessagingAutoConfiguration:
      Did not match:
         - @ConditionalOnClass did not find required class 'org.springframework.web.socket.config.annotation.WebSocketMessageBrokerConfigurer' (OnClassCondition)

   WebSocketReactiveAutoConfiguration:
      Did not match:
         - @ConditionalOnWebApplication did not find reactive web application classes (OnWebApplicationCondition)

   WebSocketServletAutoConfiguration.JettyWebSocketConfiguration:
      Did not match:
         - @ConditionalOnClass did not find required class 'org.eclipse.jetty.ee10.websocket.jakarta.server.config.JakartaWebSocketServletContainerInitializer' (OnClassCondition)

   WebSocketServletAutoConfiguration.UndertowWebSocketConfiguration:
      Did not match:
         - @ConditionalOnClass did not find required class 'io.undertow.websockets.jsr.Bootstrap' (OnClassCondition)

   XADataSourceAutoConfiguration:
      Did not match:
         - @ConditionalOnBean (types: org.springframework.boot.jdbc.XADataSourceWrapper; SearchStrategy: all) did not find any beans of type org.springframework.boot.jdbc.XADataSourceWrapper (OnBeanCondition)
      Matched:
         - @ConditionalOnClass found required classes 'javax.sql.DataSource', 'jakarta.transaction.TransactionManager', 'org.springframework.jdbc.datasource.embedded.EmbeddedDatabaseType' (OnClassCondition)


Exclusions:
-----------

    None


Unconditional classes:
----------------------

    org.springframework.boot.autoconfigure.context.ConfigurationPropertiesAutoConfiguration

    org.springframework.boot.autoconfigure.ssl.SslAutoConfiguration

    org.springframework.boot.autoconfigure.context.LifecycleAutoConfiguration

    org.springframework.boot.autoconfigure.context.PropertyPlaceholderAutoConfiguration

    org.springframework.boot.autoconfigure.availability.ApplicationAvailabilityAutoConfiguration

    org.springframework.boot.autoconfigure.info.ProjectInfoAutoConfiguration



2024-12-15T14:04:02.022-03:00  INFO 25938 --- [tienda-ms-pedidos] [           main] com.example.tienda_ms_pedidos.App        : Started App in 2.558 seconds (process running for 10.366)
2024-12-15T14:04:02.022-03:00 DEBUG 25938 --- [tienda-ms-pedidos] [           main] o.s.b.a.ApplicationAvailabilityBean      : Application availability state LivenessState changed to CORRECT
2024-12-15T14:04:02.022-03:00 DEBUG 25938 --- [tienda-ms-pedidos] [           main] o.s.b.a.ApplicationAvailabilityBean      : Application availability state ReadinessState changed to ACCEPTING_TRAFFIC
2024-12-15T14:04:02.023-03:00 DEBUG 25938 --- [tienda-ms-pedidos] [           main] org.springframework.test.context.cache   : Spring test ApplicationContext cache statistics: [DefaultContextCache@42c4318b size = 2, maxSize = 32, parentContextCount = 0, hitCount = 182, missCount = 2, failureCount = 0]
2024-12-15T14:04:02.023-03:00 DEBUG 25938 --- [tienda-ms-pedidos] [           main] org.springframework.test.context.cache   : Spring test ApplicationContext cache statistics: [DefaultContextCache@42c4318b size = 2, maxSize = 32, parentContextCount = 0, hitCount = 183, missCount = 2, failureCount = 0]
2024-12-15T14:04:02.023-03:00 DEBUG 25938 --- [tienda-ms-pedidos] [           main] org.springframework.test.context.cache   : Spring test ApplicationContext cache statistics: [DefaultContextCache@42c4318b size = 2, maxSize = 32, parentContextCount = 0, hitCount = 184, missCount = 2, failureCount = 0]
2024-12-15T14:04:02.023-03:00 DEBUG 25938 --- [tienda-ms-pedidos] [           main] org.springframework.test.context.cache   : Spring test ApplicationContext cache statistics: [DefaultContextCache@42c4318b size = 2, maxSize = 32, parentContextCount = 0, hitCount = 185, missCount = 2, failureCount = 0]
2024-12-15T14:04:02.023-03:00 DEBUG 25938 --- [tienda-ms-pedidos] [           main] org.springframework.test.context.cache   : Spring test ApplicationContext cache statistics: [DefaultContextCache@42c4318b size = 2, maxSize = 32, parentContextCount = 0, hitCount = 186, missCount = 2, failureCount = 0]
2024-12-15T14:04:02.023-03:00 DEBUG 25938 --- [tienda-ms-pedidos] [           main] org.springframework.test.context.cache   : Spring test ApplicationContext cache statistics: [DefaultContextCache@42c4318b size = 2, maxSize = 32, parentContextCount = 0, hitCount = 187, missCount = 2, failureCount = 0]
2024-12-15T14:04:02.024-03:00 DEBUG 25938 --- [tienda-ms-pedidos] [           main] org.springframework.test.context.cache   : Spring test ApplicationContext cache statistics: [DefaultContextCache@42c4318b size = 2, maxSize = 32, parentContextCount = 0, hitCount = 188, missCount = 2, failureCount = 0]
2024-12-15T14:04:02.024-03:00 DEBUG 25938 --- [tienda-ms-pedidos] [           main] .c.s.DirtiesContextTestExecutionListener : After test method: class [AppTest], method [main], class annotated with @DirtiesContext [false] with mode [null], method annotated with @DirtiesContext [false] with mode [null]
2024-12-15T14:04:02.024-03:00 DEBUG 25938 --- [tienda-ms-pedidos] [           main] o.s.t.c.w.ServletTestExecutionListener   : Resetting RequestContextHolder for test class com.example.tienda_ms_pedidos.AppTest
]]></system-out>
  </testcase>
  <testcase name="contextLoads" classname="com.example.tienda_ms_pedidos.AppTest" time="0.002">
    <system-out><![CDATA[2024-12-15T14:04:02.024-03:00 DEBUG 25938 --- [tienda-ms-pedidos] [           main] org.springframework.test.context.cache   : Spring test ApplicationContext cache statistics: [DefaultContextCache@42c4318b size = 2, maxSize = 32, parentContextCount = 0, hitCount = 189, missCount = 2, failureCount = 0]
2024-12-15T14:04:02.024-03:00 DEBUG 25938 --- [tienda-ms-pedidos] [           main] o.s.t.c.w.ServletTestExecutionListener   : Setting up MockHttpServletRequest, MockHttpServletResponse, ServletWebRequest, and RequestContextHolder for test class com.example.tienda_ms_pedidos.AppTest
2024-12-15T14:04:02.024-03:00 DEBUG 25938 --- [tienda-ms-pedidos] [           main] DependencyInjectionTestExecutionListener : Performing dependency injection for test class com.example.tienda_ms_pedidos.AppTest
2024-12-15T14:04:02.024-03:00 DEBUG 25938 --- [tienda-ms-pedidos] [           main] org.springframework.test.context.cache   : Spring test ApplicationContext cache statistics: [DefaultContextCache@42c4318b size = 2, maxSize = 32, parentContextCount = 0, hitCount = 190, missCount = 2, failureCount = 0]
2024-12-15T14:04:02.024-03:00 DEBUG 25938 --- [tienda-ms-pedidos] [           main] org.springframework.test.context.cache   : Spring test ApplicationContext cache statistics: [DefaultContextCache@42c4318b size = 2, maxSize = 32, parentContextCount = 0, hitCount = 191, missCount = 2, failureCount = 0]
2024-12-15T14:04:02.025-03:00 DEBUG 25938 --- [tienda-ms-pedidos] [           main] sContextBeforeModesTestExecutionListener : Before test method: class [AppTest], method [contextLoads], class annotated with @DirtiesContext [false] with mode [null], method annotated with @DirtiesContext [false] with mode [null]
2024-12-15T14:04:02.025-03:00 DEBUG 25938 --- [tienda-ms-pedidos] [           main] org.springframework.test.context.cache   : Spring test ApplicationContext cache statistics: [DefaultContextCache@42c4318b size = 2, maxSize = 32, parentContextCount = 0, hitCount = 192, missCount = 2, failureCount = 0]
2024-12-15T14:04:02.025-03:00 DEBUG 25938 --- [tienda-ms-pedidos] [           main] org.springframework.test.context.cache   : Spring test ApplicationContext cache statistics: [DefaultContextCache@42c4318b size = 2, maxSize = 32, parentContextCount = 0, hitCount = 193, missCount = 2, failureCount = 0]
2024-12-15T14:04:02.025-03:00 DEBUG 25938 --- [tienda-ms-pedidos] [           main] org.springframework.test.context.cache   : Spring test ApplicationContext cache statistics: [DefaultContextCache@42c4318b size = 2, maxSize = 32, parentContextCount = 0, hitCount = 194, missCount = 2, failureCount = 0]
2024-12-15T14:04:02.025-03:00 DEBUG 25938 --- [tienda-ms-pedidos] [           main] org.springframework.test.context.cache   : Spring test ApplicationContext cache statistics: [DefaultContextCache@42c4318b size = 2, maxSize = 32, parentContextCount = 0, hitCount = 195, missCount = 2, failureCount = 0]
2024-12-15T14:04:02.025-03:00 DEBUG 25938 --- [tienda-ms-pedidos] [           main] org.springframework.test.context.cache   : Spring test ApplicationContext cache statistics: [DefaultContextCache@42c4318b size = 2, maxSize = 32, parentContextCount = 0, hitCount = 196, missCount = 2, failureCount = 0]
2024-12-15T14:04:02.025-03:00 DEBUG 25938 --- [tienda-ms-pedidos] [           main] org.springframework.test.context.cache   : Spring test ApplicationContext cache statistics: [DefaultContextCache@42c4318b size = 2, maxSize = 32, parentContextCount = 0, hitCount = 197, missCount = 2, failureCount = 0]
2024-12-15T14:04:02.025-03:00 DEBUG 25938 --- [tienda-ms-pedidos] [           main] org.springframework.test.context.cache   : Spring test ApplicationContext cache statistics: [DefaultContextCache@42c4318b size = 2, maxSize = 32, parentContextCount = 0, hitCount = 198, missCount = 2, failureCount = 0]
2024-12-15T14:04:02.025-03:00 DEBUG 25938 --- [tienda-ms-pedidos] [           main] org.springframework.test.context.cache   : Spring test ApplicationContext cache statistics: [DefaultContextCache@42c4318b size = 2, maxSize = 32, parentContextCount = 0, hitCount = 199, missCount = 2, failureCount = 0]
2024-12-15T14:04:02.025-03:00 DEBUG 25938 --- [tienda-ms-pedidos] [           main] org.springframework.test.context.cache   : Spring test ApplicationContext cache statistics: [DefaultContextCache@42c4318b size = 2, maxSize = 32, parentContextCount = 0, hitCount = 200, missCount = 2, failureCount = 0]
2024-12-15T14:04:02.026-03:00 DEBUG 25938 --- [tienda-ms-pedidos] [           main] org.springframework.test.context.cache   : Spring test ApplicationContext cache statistics: [DefaultContextCache@42c4318b size = 2, maxSize = 32, parentContextCount = 0, hitCount = 201, missCount = 2, failureCount = 0]
2024-12-15T14:04:02.026-03:00 DEBUG 25938 --- [tienda-ms-pedidos] [           main] org.springframework.test.context.cache   : Spring test ApplicationContext cache statistics: [DefaultContextCache@42c4318b size = 2, maxSize = 32, parentContextCount = 0, hitCount = 202, missCount = 2, failureCount = 0]
2024-12-15T14:04:02.026-03:00 DEBUG 25938 --- [tienda-ms-pedidos] [           main] .c.s.DirtiesContextTestExecutionListener : After test method: class [AppTest], method [contextLoads], class annotated with @DirtiesContext [false] with mode [null], method annotated with @DirtiesContext [false] with mode [null]
2024-12-15T14:04:02.026-03:00 DEBUG 25938 --- [tienda-ms-pedidos] [           main] o.s.t.c.w.ServletTestExecutionListener   : Resetting RequestContextHolder for test class com.example.tienda_ms_pedidos.AppTest
]]></system-out>
  </testcase>
</testsuite>