<?xml version="1.0" encoding="UTF-8"?>
<testsuite xmlns:xsi="http://www.w3.org/2001/XMLSchema-instance" xsi:noNamespaceSchemaLocation="https://maven.apache.org/surefire/maven-surefire-plugin/xsd/surefire-test-report.xsd" version="3.0.2" name="com.example.tienda_ms_pedidos.repository.OrdenRepositoryTest" time="3.972" tests="4" errors="0" skipped="0" failures="0">
  <properties>
    <property name="java.specification.version" value="23"/>
    <property name="sonar.login" value="squ_5e4c5603d90e1d770861611138b26d0f447d89d9"/>
    <property name="sonar.host.url" value="http://localhost:9000"/>
    <property name="sun.jnu.encoding" value="UTF-8"/>
    <property name="java.class.path" value="/Users/gonzaloduranadasme/Documents/GitHub/FS3_Sumativa/backend-arquetipo/tienda-ms-pedidos/target/test-classes:/Users/gonzaloduranadasme/Documents/GitHub/FS3_Sumativa/backend-arquetipo/tienda-ms-pedidos/target/classes:/Users/gonzaloduranadasme/.m2/repository/org/junit/jupiter/junit-jupiter/5.9.3/junit-jupiter-5.9.3.jar:/Users/gonzaloduranadasme/.m2/repository/org/junit/jupiter/junit-jupiter-params/5.11.3/junit-jupiter-params-5.11.3.jar:/Users/gonzaloduranadasme/.m2/repository/org/springframework/boot/spring-boot-starter-data-jpa/3.4.0/spring-boot-starter-data-jpa-3.4.0.jar:/Users/gonzaloduranadasme/.m2/repository/org/springframework/boot/spring-boot-starter/3.4.0/spring-boot-starter-3.4.0.jar:/Users/gonzaloduranadasme/.m2/repository/org/springframework/boot/spring-boot-starter-logging/3.4.0/spring-boot-starter-logging-3.4.0.jar:/Users/gonzaloduranadasme/.m2/repository/ch/qos/logback/logback-classic/1.5.12/logback-classic-1.5.12.jar:/Users/gonzaloduranadasme/.m2/repository/ch/qos/logback/logback-core/1.5.12/logback-core-1.5.12.jar:/Users/gonzaloduranadasme/.m2/repository/org/apache/logging/log4j/log4j-to-slf4j/2.24.1/log4j-to-slf4j-2.24.1.jar:/Users/gonzaloduranadasme/.m2/repository/org/apache/logging/log4j/log4j-api/2.24.1/log4j-api-2.24.1.jar:/Users/gonzaloduranadasme/.m2/repository/org/slf4j/jul-to-slf4j/2.0.16/jul-to-slf4j-2.0.16.jar:/Users/gonzaloduranadasme/.m2/repository/jakarta/annotation/jakarta.annotation-api/2.1.1/jakarta.annotation-api-2.1.1.jar:/Users/gonzaloduranadasme/.m2/repository/org/yaml/snakeyaml/2.3/snakeyaml-2.3.jar:/Users/gonzaloduranadasme/.m2/repository/org/springframework/boot/spring-boot-starter-jdbc/3.4.0/spring-boot-starter-jdbc-3.4.0.jar:/Users/gonzaloduranadasme/.m2/repository/com/zaxxer/HikariCP/5.1.0/HikariCP-5.1.0.jar:/Users/gonzaloduranadasme/.m2/repository/org/springframework/spring-jdbc/6.2.0/spring-jdbc-6.2.0.jar:/Users/gonzaloduranadasme/.m2/repository/org/hibernate/orm/hibernate-core/6.6.2.Final/hibernate-core-6.6.2.Final.jar:/Users/gonzaloduranadasme/.m2/repository/jakarta/persistence/jakarta.persistence-api/3.1.0/jakarta.persistence-api-3.1.0.jar:/Users/gonzaloduranadasme/.m2/repository/jakarta/transaction/jakarta.transaction-api/2.0.1/jakarta.transaction-api-2.0.1.jar:/Users/gonzaloduranadasme/.m2/repository/org/jboss/logging/jboss-logging/3.6.1.Final/jboss-logging-3.6.1.Final.jar:/Users/gonzaloduranadasme/.m2/repository/org/hibernate/common/hibernate-commons-annotations/7.0.3.Final/hibernate-commons-annotations-7.0.3.Final.jar:/Users/gonzaloduranadasme/.m2/repository/io/smallrye/jandex/3.2.0/jandex-3.2.0.jar:/Users/gonzaloduranadasme/.m2/repository/com/fasterxml/classmate/1.7.0/classmate-1.7.0.jar:/Users/gonzaloduranadasme/.m2/repository/org/glassfish/jaxb/jaxb-runtime/4.0.5/jaxb-runtime-4.0.5.jar:/Users/gonzaloduranadasme/.m2/repository/org/glassfish/jaxb/jaxb-core/4.0.5/jaxb-core-4.0.5.jar:/Users/gonzaloduranadasme/.m2/repository/org/eclipse/angus/angus-activation/2.0.2/angus-activation-2.0.2.jar:/Users/gonzaloduranadasme/.m2/repository/org/glassfish/jaxb/txw2/4.0.5/txw2-4.0.5.jar:/Users/gonzaloduranadasme/.m2/repository/com/sun/istack/istack-commons-runtime/4.1.2/istack-commons-runtime-4.1.2.jar:/Users/gonzaloduranadasme/.m2/repository/jakarta/inject/jakarta.inject-api/2.0.1/jakarta.inject-api-2.0.1.jar:/Users/gonzaloduranadasme/.m2/repository/org/antlr/antlr4-runtime/4.13.0/antlr4-runtime-4.13.0.jar:/Users/gonzaloduranadasme/.m2/repository/org/springframework/data/spring-data-jpa/3.4.0/spring-data-jpa-3.4.0.jar:/Users/gonzaloduranadasme/.m2/repository/org/springframework/data/spring-data-commons/3.4.0/spring-data-commons-3.4.0.jar:/Users/gonzaloduranadasme/.m2/repository/org/springframework/spring-orm/6.2.0/spring-orm-6.2.0.jar:/Users/gonzaloduranadasme/.m2/repository/org/springframework/spring-context/6.2.0/spring-context-6.2.0.jar:/Users/gonzaloduranadasme/.m2/repository/org/springframework/spring-aop/6.2.0/spring-aop-6.2.0.jar:/Users/gonzaloduranadasme/.m2/repository/org/springframework/spring-tx/6.2.0/spring-tx-6.2.0.jar:/Users/gonzaloduranadasme/.m2/repository/org/springframework/spring-beans/6.2.0/spring-beans-6.2.0.jar:/Users/gonzaloduranadasme/.m2/repository/org/slf4j/slf4j-api/2.0.16/slf4j-api-2.0.16.jar:/Users/gonzaloduranadasme/.m2/repository/org/springframework/spring-aspects/6.2.0/spring-aspects-6.2.0.jar:/Users/gonzaloduranadasme/.m2/repository/org/aspectj/aspectjweaver/1.9.22.1/aspectjweaver-1.9.22.1.jar:/Users/gonzaloduranadasme/.m2/repository/org/springframework/boot/spring-boot-starter-web/3.4.0/spring-boot-starter-web-3.4.0.jar:/Users/gonzaloduranadasme/.m2/repository/org/springframework/boot/spring-boot-starter-json/3.4.0/spring-boot-starter-json-3.4.0.jar:/Users/gonzaloduranadasme/.m2/repository/com/fasterxml/jackson/core/jackson-databind/2.18.1/jackson-databind-2.18.1.jar:/Users/gonzaloduranadasme/.m2/repository/com/fasterxml/jackson/core/jackson-annotations/2.18.1/jackson-annotations-2.18.1.jar:/Users/gonzaloduranadasme/.m2/repository/com/fasterxml/jackson/core/jackson-core/2.18.1/jackson-core-2.18.1.jar:/Users/gonzaloduranadasme/.m2/repository/com/fasterxml/jackson/datatype/jackson-datatype-jdk8/2.18.1/jackson-datatype-jdk8-2.18.1.jar:/Users/gonzaloduranadasme/.m2/repository/com/fasterxml/jackson/datatype/jackson-datatype-jsr310/2.18.1/jackson-datatype-jsr310-2.18.1.jar:/Users/gonzaloduranadasme/.m2/repository/com/fasterxml/jackson/module/jackson-module-parameter-names/2.18.1/jackson-module-parameter-names-2.18.1.jar:/Users/gonzaloduranadasme/.m2/repository/org/springframework/boot/spring-boot-starter-tomcat/3.4.0/spring-boot-starter-tomcat-3.4.0.jar:/Users/gonzaloduranadasme/.m2/repository/org/apache/tomcat/embed/tomcat-embed-core/10.1.33/tomcat-embed-core-10.1.33.jar:/Users/gonzaloduranadasme/.m2/repository/org/apache/tomcat/embed/tomcat-embed-websocket/10.1.33/tomcat-embed-websocket-10.1.33.jar:/Users/gonzaloduranadasme/.m2/repository/org/springframework/spring-web/6.2.0/spring-web-6.2.0.jar:/Users/gonzaloduranadasme/.m2/repository/io/micrometer/micrometer-observation/1.14.1/micrometer-observation-1.14.1.jar:/Users/gonzaloduranadasme/.m2/repository/io/micrometer/micrometer-commons/1.14.1/micrometer-commons-1.14.1.jar:/Users/gonzaloduranadasme/.m2/repository/org/springframework/spring-webmvc/6.2.0/spring-webmvc-6.2.0.jar:/Users/gonzaloduranadasme/.m2/repository/org/springframework/spring-expression/6.2.0/spring-expression-6.2.0.jar:/Users/gonzaloduranadasme/.m2/repository/org/springframework/boot/spring-boot-devtools/3.4.0/spring-boot-devtools-3.4.0.jar:/Users/gonzaloduranadasme/.m2/repository/org/springframework/boot/spring-boot/3.4.0/spring-boot-3.4.0.jar:/Users/gonzaloduranadasme/.m2/repository/org/springframework/boot/spring-boot-autoconfigure/3.4.0/spring-boot-autoconfigure-3.4.0.jar:/Users/gonzaloduranadasme/.m2/repository/com/oracle/database/jdbc/ojdbc11/23.5.0.24.07/ojdbc11-23.5.0.24.07.jar:/Users/gonzaloduranadasme/.m2/repository/com/oracle/database/security/oraclepki/23.5.0.24.07/oraclepki-23.5.0.24.07.jar:/Users/gonzaloduranadasme/.m2/repository/com/oracle/database/security/osdt_cert/21.9.0.0/osdt_cert-21.9.0.0.jar:/Users/gonzaloduranadasme/.m2/repository/com/oracle/database/security/osdt_core/21.9.0.0/osdt_core-21.9.0.0.jar:/Users/gonzaloduranadasme/.m2/repository/org/projectlombok/lombok/1.18.36/lombok-1.18.36.jar:/Users/gonzaloduranadasme/.m2/repository/org/springframework/boot/spring-boot-starter-test/3.4.0/spring-boot-starter-test-3.4.0.jar:/Users/gonzaloduranadasme/.m2/repository/org/springframework/boot/spring-boot-test/3.4.0/spring-boot-test-3.4.0.jar:/Users/gonzaloduranadasme/.m2/repository/org/springframework/boot/spring-boot-test-autoconfigure/3.4.0/spring-boot-test-autoconfigure-3.4.0.jar:/Users/gonzaloduranadasme/.m2/repository/com/jayway/jsonpath/json-path/2.9.0/json-path-2.9.0.jar:/Users/gonzaloduranadasme/.m2/repository/jakarta/xml/bind/jakarta.xml.bind-api/4.0.2/jakarta.xml.bind-api-4.0.2.jar:/Users/gonzaloduranadasme/.m2/repository/jakarta/activation/jakarta.activation-api/2.1.3/jakarta.activation-api-2.1.3.jar:/Users/gonzaloduranadasme/.m2/repository/net/minidev/json-smart/2.5.1/json-smart-2.5.1.jar:/Users/gonzaloduranadasme/.m2/repository/net/minidev/accessors-smart/2.5.1/accessors-smart-2.5.1.jar:/Users/gonzaloduranadasme/.m2/repository/org/assertj/assertj-core/3.26.3/assertj-core-3.26.3.jar:/Users/gonzaloduranadasme/.m2/repository/org/awaitility/awaitility/4.2.2/awaitility-4.2.2.jar:/Users/gonzaloduranadasme/.m2/repository/org/hamcrest/hamcrest/2.2/hamcrest-2.2.jar:/Users/gonzaloduranadasme/.m2/repository/org/skyscreamer/jsonassert/1.5.3/jsonassert-1.5.3.jar:/Users/gonzaloduranadasme/.m2/repository/com/vaadin/external/google/android-json/0.0.20131108.vaadin1/android-json-0.0.20131108.vaadin1.jar:/Users/gonzaloduranadasme/.m2/repository/org/springframework/spring-core/6.2.0/spring-core-6.2.0.jar:/Users/gonzaloduranadasme/.m2/repository/org/springframework/spring-jcl/6.2.0/spring-jcl-6.2.0.jar:/Users/gonzaloduranadasme/.m2/repository/org/springframework/spring-test/6.2.0/spring-test-6.2.0.jar:/Users/gonzaloduranadasme/.m2/repository/org/xmlunit/xmlunit-core/2.10.0/xmlunit-core-2.10.0.jar:/Users/gonzaloduranadasme/.m2/repository/org/springframework/boot/spring-boot-starter-validation/3.4.0/spring-boot-starter-validation-3.4.0.jar:/Users/gonzaloduranadasme/.m2/repository/org/apache/tomcat/embed/tomcat-embed-el/10.1.33/tomcat-embed-el-10.1.33.jar:/Users/gonzaloduranadasme/.m2/repository/org/hibernate/validator/hibernate-validator/8.0.1.Final/hibernate-validator-8.0.1.Final.jar:/Users/gonzaloduranadasme/.m2/repository/jakarta/validation/jakarta.validation-api/3.0.2/jakarta.validation-api-3.0.2.jar:/Users/gonzaloduranadasme/.m2/repository/org/springframework/boot/spring-boot-starter-hateoas/3.4.0/spring-boot-starter-hateoas-3.4.0.jar:/Users/gonzaloduranadasme/.m2/repository/org/springframework/hateoas/spring-hateoas/2.4.0/spring-hateoas-2.4.0.jar:/Users/gonzaloduranadasme/.m2/repository/org/springframework/plugin/spring-plugin-core/3.0.0/spring-plugin-core-3.0.0.jar:/Users/gonzaloduranadasme/.m2/repository/org/jacoco/jacoco-maven-plugin/0.8.12/jacoco-maven-plugin-0.8.12.jar:/Users/gonzaloduranadasme/.m2/repository/org/codehaus/plexus/plexus-utils/3.0.24/plexus-utils-3.0.24.jar:/Users/gonzaloduranadasme/.m2/repository/org/apache/maven/shared/file-management/3.1.0/file-management-3.1.0.jar:/Users/gonzaloduranadasme/.m2/repository/commons-io/commons-io/2.11.0/commons-io-2.11.0.jar:/Users/gonzaloduranadasme/.m2/repository/org/apache/maven/reporting/maven-reporting-api/3.0/maven-reporting-api-3.0.jar:/Users/gonzaloduranadasme/.m2/repository/org/apache/maven/doxia/doxia-sink-api/1.0/doxia-sink-api-1.0.jar:/Users/gonzaloduranadasme/.m2/repository/org/jacoco/org.jacoco.agent/0.8.12/org.jacoco.agent-0.8.12-runtime.jar:/Users/gonzaloduranadasme/.m2/repository/org/jacoco/org.jacoco.core/0.8.12/org.jacoco.core-0.8.12.jar:/Users/gonzaloduranadasme/.m2/repository/org/ow2/asm/asm/9.7/asm-9.7.jar:/Users/gonzaloduranadasme/.m2/repository/org/ow2/asm/asm-commons/9.7/asm-commons-9.7.jar:/Users/gonzaloduranadasme/.m2/repository/org/ow2/asm/asm-tree/9.7/asm-tree-9.7.jar:/Users/gonzaloduranadasme/.m2/repository/org/jacoco/org.jacoco.report/0.8.12/org.jacoco.report-0.8.12.jar:/Users/gonzaloduranadasme/.m2/repository/com/h2database/h2/2.3.232/h2-2.3.232.jar:/Users/gonzaloduranadasme/.m2/repository/org/junit/jupiter/junit-jupiter-api/5.11.3/junit-jupiter-api-5.11.3.jar:/Users/gonzaloduranadasme/.m2/repository/org/opentest4j/opentest4j/1.3.0/opentest4j-1.3.0.jar:/Users/gonzaloduranadasme/.m2/repository/org/junit/platform/junit-platform-commons/1.11.3/junit-platform-commons-1.11.3.jar:/Users/gonzaloduranadasme/.m2/repository/org/apiguardian/apiguardian-api/1.1.2/apiguardian-api-1.1.2.jar:/Users/gonzaloduranadasme/.m2/repository/org/mockito/mockito-core/5.14.2/mockito-core-5.14.2.jar:/Users/gonzaloduranadasme/.m2/repository/net/bytebuddy/byte-buddy/1.15.10/byte-buddy-1.15.10.jar:/Users/gonzaloduranadasme/.m2/repository/net/bytebuddy/byte-buddy-agent/1.15.10/byte-buddy-agent-1.15.10.jar:/Users/gonzaloduranadasme/.m2/repository/org/objenesis/objenesis/3.3/objenesis-3.3.jar:/Users/gonzaloduranadasme/.m2/repository/org/mockito/mockito-junit-jupiter/5.14.2/mockito-junit-jupiter-5.14.2.jar:/Users/gonzaloduranadasme/.m2/repository/org/junit/jupiter/junit-jupiter-engine/5.11.3/junit-jupiter-engine-5.11.3.jar:/Users/gonzaloduranadasme/.m2/repository/org/junit/platform/junit-platform-engine/1.11.3/junit-platform-engine-1.11.3.jar:"/>
    <property name="java.vm.vendor" value="Oracle Corporation"/>
    <property name="sun.arch.data.model" value="64"/>
    <property name="java.vendor.url" value="https://java.oracle.com/"/>
    <property name="user.timezone" value="America/Santiago"/>
    <property name="org.jboss.logging.provider" value="slf4j"/>
    <property name="os.name" value="Mac OS X"/>
    <property name="java.vm.specification.version" value="23"/>
    <property name="APPLICATION_NAME" value="tienda-ms-pedidos"/>
    <property name="sun.java.launcher" value="SUN_STANDARD"/>
    <property name="user.country" value="419"/>
    <property name="sun.boot.library.path" value="/Library/Java/JavaVirtualMachines/jdk-23.jdk/Contents/Home/lib"/>
    <property name="sun.java.command" value="/Users/gonzaloduranadasme/Documents/GitHub/FS3_Sumativa/backend-arquetipo/tienda-ms-pedidos/target/surefire/surefirebooter-20241215140351590_3.jar /Users/gonzaloduranadasme/Documents/GitHub/FS3_Sumativa/backend-arquetipo/tienda-ms-pedidos/target/surefire 2024-12-15T14-03-51_548-jvmRun1 surefire-20241215140351590_1tmp surefire_0-20241215140351590_2tmp"/>
    <property name="http.nonProxyHosts" value="local|*.local|169.254/16|*.169.254/16"/>
    <property name="jdk.debug" value="release"/>
    <property name="surefire.test.class.path" value="/Users/gonzaloduranadasme/Documents/GitHub/FS3_Sumativa/backend-arquetipo/tienda-ms-pedidos/target/test-classes:/Users/gonzaloduranadasme/Documents/GitHub/FS3_Sumativa/backend-arquetipo/tienda-ms-pedidos/target/classes:/Users/gonzaloduranadasme/.m2/repository/org/junit/jupiter/junit-jupiter/5.9.3/junit-jupiter-5.9.3.jar:/Users/gonzaloduranadasme/.m2/repository/org/junit/jupiter/junit-jupiter-params/5.11.3/junit-jupiter-params-5.11.3.jar:/Users/gonzaloduranadasme/.m2/repository/org/springframework/boot/spring-boot-starter-data-jpa/3.4.0/spring-boot-starter-data-jpa-3.4.0.jar:/Users/gonzaloduranadasme/.m2/repository/org/springframework/boot/spring-boot-starter/3.4.0/spring-boot-starter-3.4.0.jar:/Users/gonzaloduranadasme/.m2/repository/org/springframework/boot/spring-boot-starter-logging/3.4.0/spring-boot-starter-logging-3.4.0.jar:/Users/gonzaloduranadasme/.m2/repository/ch/qos/logback/logback-classic/1.5.12/logback-classic-1.5.12.jar:/Users/gonzaloduranadasme/.m2/repository/ch/qos/logback/logback-core/1.5.12/logback-core-1.5.12.jar:/Users/gonzaloduranadasme/.m2/repository/org/apache/logging/log4j/log4j-to-slf4j/2.24.1/log4j-to-slf4j-2.24.1.jar:/Users/gonzaloduranadasme/.m2/repository/org/apache/logging/log4j/log4j-api/2.24.1/log4j-api-2.24.1.jar:/Users/gonzaloduranadasme/.m2/repository/org/slf4j/jul-to-slf4j/2.0.16/jul-to-slf4j-2.0.16.jar:/Users/gonzaloduranadasme/.m2/repository/jakarta/annotation/jakarta.annotation-api/2.1.1/jakarta.annotation-api-2.1.1.jar:/Users/gonzaloduranadasme/.m2/repository/org/yaml/snakeyaml/2.3/snakeyaml-2.3.jar:/Users/gonzaloduranadasme/.m2/repository/org/springframework/boot/spring-boot-starter-jdbc/3.4.0/spring-boot-starter-jdbc-3.4.0.jar:/Users/gonzaloduranadasme/.m2/repository/com/zaxxer/HikariCP/5.1.0/HikariCP-5.1.0.jar:/Users/gonzaloduranadasme/.m2/repository/org/springframework/spring-jdbc/6.2.0/spring-jdbc-6.2.0.jar:/Users/gonzaloduranadasme/.m2/repository/org/hibernate/orm/hibernate-core/6.6.2.Final/hibernate-core-6.6.2.Final.jar:/Users/gonzaloduranadasme/.m2/repository/jakarta/persistence/jakarta.persistence-api/3.1.0/jakarta.persistence-api-3.1.0.jar:/Users/gonzaloduranadasme/.m2/repository/jakarta/transaction/jakarta.transaction-api/2.0.1/jakarta.transaction-api-2.0.1.jar:/Users/gonzaloduranadasme/.m2/repository/org/jboss/logging/jboss-logging/3.6.1.Final/jboss-logging-3.6.1.Final.jar:/Users/gonzaloduranadasme/.m2/repository/org/hibernate/common/hibernate-commons-annotations/7.0.3.Final/hibernate-commons-annotations-7.0.3.Final.jar:/Users/gonzaloduranadasme/.m2/repository/io/smallrye/jandex/3.2.0/jandex-3.2.0.jar:/Users/gonzaloduranadasme/.m2/repository/com/fasterxml/classmate/1.7.0/classmate-1.7.0.jar:/Users/gonzaloduranadasme/.m2/repository/org/glassfish/jaxb/jaxb-runtime/4.0.5/jaxb-runtime-4.0.5.jar:/Users/gonzaloduranadasme/.m2/repository/org/glassfish/jaxb/jaxb-core/4.0.5/jaxb-core-4.0.5.jar:/Users/gonzaloduranadasme/.m2/repository/org/eclipse/angus/angus-activation/2.0.2/angus-activation-2.0.2.jar:/Users/gonzaloduranadasme/.m2/repository/org/glassfish/jaxb/txw2/4.0.5/txw2-4.0.5.jar:/Users/gonzaloduranadasme/.m2/repository/com/sun/istack/istack-commons-runtime/4.1.2/istack-commons-runtime-4.1.2.jar:/Users/gonzaloduranadasme/.m2/repository/jakarta/inject/jakarta.inject-api/2.0.1/jakarta.inject-api-2.0.1.jar:/Users/gonzaloduranadasme/.m2/repository/org/antlr/antlr4-runtime/4.13.0/antlr4-runtime-4.13.0.jar:/Users/gonzaloduranadasme/.m2/repository/org/springframework/data/spring-data-jpa/3.4.0/spring-data-jpa-3.4.0.jar:/Users/gonzaloduranadasme/.m2/repository/org/springframework/data/spring-data-commons/3.4.0/spring-data-commons-3.4.0.jar:/Users/gonzaloduranadasme/.m2/repository/org/springframework/spring-orm/6.2.0/spring-orm-6.2.0.jar:/Users/gonzaloduranadasme/.m2/repository/org/springframework/spring-context/6.2.0/spring-context-6.2.0.jar:/Users/gonzaloduranadasme/.m2/repository/org/springframework/spring-aop/6.2.0/spring-aop-6.2.0.jar:/Users/gonzaloduranadasme/.m2/repository/org/springframework/spring-tx/6.2.0/spring-tx-6.2.0.jar:/Users/gonzaloduranadasme/.m2/repository/org/springframework/spring-beans/6.2.0/spring-beans-6.2.0.jar:/Users/gonzaloduranadasme/.m2/repository/org/slf4j/slf4j-api/2.0.16/slf4j-api-2.0.16.jar:/Users/gonzaloduranadasme/.m2/repository/org/springframework/spring-aspects/6.2.0/spring-aspects-6.2.0.jar:/Users/gonzaloduranadasme/.m2/repository/org/aspectj/aspectjweaver/1.9.22.1/aspectjweaver-1.9.22.1.jar:/Users/gonzaloduranadasme/.m2/repository/org/springframework/boot/spring-boot-starter-web/3.4.0/spring-boot-starter-web-3.4.0.jar:/Users/gonzaloduranadasme/.m2/repository/org/springframework/boot/spring-boot-starter-json/3.4.0/spring-boot-starter-json-3.4.0.jar:/Users/gonzaloduranadasme/.m2/repository/com/fasterxml/jackson/core/jackson-databind/2.18.1/jackson-databind-2.18.1.jar:/Users/gonzaloduranadasme/.m2/repository/com/fasterxml/jackson/core/jackson-annotations/2.18.1/jackson-annotations-2.18.1.jar:/Users/gonzaloduranadasme/.m2/repository/com/fasterxml/jackson/core/jackson-core/2.18.1/jackson-core-2.18.1.jar:/Users/gonzaloduranadasme/.m2/repository/com/fasterxml/jackson/datatype/jackson-datatype-jdk8/2.18.1/jackson-datatype-jdk8-2.18.1.jar:/Users/gonzaloduranadasme/.m2/repository/com/fasterxml/jackson/datatype/jackson-datatype-jsr310/2.18.1/jackson-datatype-jsr310-2.18.1.jar:/Users/gonzaloduranadasme/.m2/repository/com/fasterxml/jackson/module/jackson-module-parameter-names/2.18.1/jackson-module-parameter-names-2.18.1.jar:/Users/gonzaloduranadasme/.m2/repository/org/springframework/boot/spring-boot-starter-tomcat/3.4.0/spring-boot-starter-tomcat-3.4.0.jar:/Users/gonzaloduranadasme/.m2/repository/org/apache/tomcat/embed/tomcat-embed-core/10.1.33/tomcat-embed-core-10.1.33.jar:/Users/gonzaloduranadasme/.m2/repository/org/apache/tomcat/embed/tomcat-embed-websocket/10.1.33/tomcat-embed-websocket-10.1.33.jar:/Users/gonzaloduranadasme/.m2/repository/org/springframework/spring-web/6.2.0/spring-web-6.2.0.jar:/Users/gonzaloduranadasme/.m2/repository/io/micrometer/micrometer-observation/1.14.1/micrometer-observation-1.14.1.jar:/Users/gonzaloduranadasme/.m2/repository/io/micrometer/micrometer-commons/1.14.1/micrometer-commons-1.14.1.jar:/Users/gonzaloduranadasme/.m2/repository/org/springframework/spring-webmvc/6.2.0/spring-webmvc-6.2.0.jar:/Users/gonzaloduranadasme/.m2/repository/org/springframework/spring-expression/6.2.0/spring-expression-6.2.0.jar:/Users/gonzaloduranadasme/.m2/repository/org/springframework/boot/spring-boot-devtools/3.4.0/spring-boot-devtools-3.4.0.jar:/Users/gonzaloduranadasme/.m2/repository/org/springframework/boot/spring-boot/3.4.0/spring-boot-3.4.0.jar:/Users/gonzaloduranadasme/.m2/repository/org/springframework/boot/spring-boot-autoconfigure/3.4.0/spring-boot-autoconfigure-3.4.0.jar:/Users/gonzaloduranadasme/.m2/repository/com/oracle/database/jdbc/ojdbc11/23.5.0.24.07/ojdbc11-23.5.0.24.07.jar:/Users/gonzaloduranadasme/.m2/repository/com/oracle/database/security/oraclepki/23.5.0.24.07/oraclepki-23.5.0.24.07.jar:/Users/gonzaloduranadasme/.m2/repository/com/oracle/database/security/osdt_cert/21.9.0.0/osdt_cert-21.9.0.0.jar:/Users/gonzaloduranadasme/.m2/repository/com/oracle/database/security/osdt_core/21.9.0.0/osdt_core-21.9.0.0.jar:/Users/gonzaloduranadasme/.m2/repository/org/projectlombok/lombok/1.18.36/lombok-1.18.36.jar:/Users/gonzaloduranadasme/.m2/repository/org/springframework/boot/spring-boot-starter-test/3.4.0/spring-boot-starter-test-3.4.0.jar:/Users/gonzaloduranadasme/.m2/repository/org/springframework/boot/spring-boot-test/3.4.0/spring-boot-test-3.4.0.jar:/Users/gonzaloduranadasme/.m2/repository/org/springframework/boot/spring-boot-test-autoconfigure/3.4.0/spring-boot-test-autoconfigure-3.4.0.jar:/Users/gonzaloduranadasme/.m2/repository/com/jayway/jsonpath/json-path/2.9.0/json-path-2.9.0.jar:/Users/gonzaloduranadasme/.m2/repository/jakarta/xml/bind/jakarta.xml.bind-api/4.0.2/jakarta.xml.bind-api-4.0.2.jar:/Users/gonzaloduranadasme/.m2/repository/jakarta/activation/jakarta.activation-api/2.1.3/jakarta.activation-api-2.1.3.jar:/Users/gonzaloduranadasme/.m2/repository/net/minidev/json-smart/2.5.1/json-smart-2.5.1.jar:/Users/gonzaloduranadasme/.m2/repository/net/minidev/accessors-smart/2.5.1/accessors-smart-2.5.1.jar:/Users/gonzaloduranadasme/.m2/repository/org/assertj/assertj-core/3.26.3/assertj-core-3.26.3.jar:/Users/gonzaloduranadasme/.m2/repository/org/awaitility/awaitility/4.2.2/awaitility-4.2.2.jar:/Users/gonzaloduranadasme/.m2/repository/org/hamcrest/hamcrest/2.2/hamcrest-2.2.jar:/Users/gonzaloduranadasme/.m2/repository/org/skyscreamer/jsonassert/1.5.3/jsonassert-1.5.3.jar:/Users/gonzaloduranadasme/.m2/repository/com/vaadin/external/google/android-json/0.0.20131108.vaadin1/android-json-0.0.20131108.vaadin1.jar:/Users/gonzaloduranadasme/.m2/repository/org/springframework/spring-core/6.2.0/spring-core-6.2.0.jar:/Users/gonzaloduranadasme/.m2/repository/org/springframework/spring-jcl/6.2.0/spring-jcl-6.2.0.jar:/Users/gonzaloduranadasme/.m2/repository/org/springframework/spring-test/6.2.0/spring-test-6.2.0.jar:/Users/gonzaloduranadasme/.m2/repository/org/xmlunit/xmlunit-core/2.10.0/xmlunit-core-2.10.0.jar:/Users/gonzaloduranadasme/.m2/repository/org/springframework/boot/spring-boot-starter-validation/3.4.0/spring-boot-starter-validation-3.4.0.jar:/Users/gonzaloduranadasme/.m2/repository/org/apache/tomcat/embed/tomcat-embed-el/10.1.33/tomcat-embed-el-10.1.33.jar:/Users/gonzaloduranadasme/.m2/repository/org/hibernate/validator/hibernate-validator/8.0.1.Final/hibernate-validator-8.0.1.Final.jar:/Users/gonzaloduranadasme/.m2/repository/jakarta/validation/jakarta.validation-api/3.0.2/jakarta.validation-api-3.0.2.jar:/Users/gonzaloduranadasme/.m2/repository/org/springframework/boot/spring-boot-starter-hateoas/3.4.0/spring-boot-starter-hateoas-3.4.0.jar:/Users/gonzaloduranadasme/.m2/repository/org/springframework/hateoas/spring-hateoas/2.4.0/spring-hateoas-2.4.0.jar:/Users/gonzaloduranadasme/.m2/repository/org/springframework/plugin/spring-plugin-core/3.0.0/spring-plugin-core-3.0.0.jar:/Users/gonzaloduranadasme/.m2/repository/org/jacoco/jacoco-maven-plugin/0.8.12/jacoco-maven-plugin-0.8.12.jar:/Users/gonzaloduranadasme/.m2/repository/org/codehaus/plexus/plexus-utils/3.0.24/plexus-utils-3.0.24.jar:/Users/gonzaloduranadasme/.m2/repository/org/apache/maven/shared/file-management/3.1.0/file-management-3.1.0.jar:/Users/gonzaloduranadasme/.m2/repository/commons-io/commons-io/2.11.0/commons-io-2.11.0.jar:/Users/gonzaloduranadasme/.m2/repository/org/apache/maven/reporting/maven-reporting-api/3.0/maven-reporting-api-3.0.jar:/Users/gonzaloduranadasme/.m2/repository/org/apache/maven/doxia/doxia-sink-api/1.0/doxia-sink-api-1.0.jar:/Users/gonzaloduranadasme/.m2/repository/org/jacoco/org.jacoco.agent/0.8.12/org.jacoco.agent-0.8.12-runtime.jar:/Users/gonzaloduranadasme/.m2/repository/org/jacoco/org.jacoco.core/0.8.12/org.jacoco.core-0.8.12.jar:/Users/gonzaloduranadasme/.m2/repository/org/ow2/asm/asm/9.7/asm-9.7.jar:/Users/gonzaloduranadasme/.m2/repository/org/ow2/asm/asm-commons/9.7/asm-commons-9.7.jar:/Users/gonzaloduranadasme/.m2/repository/org/ow2/asm/asm-tree/9.7/asm-tree-9.7.jar:/Users/gonzaloduranadasme/.m2/repository/org/jacoco/org.jacoco.report/0.8.12/org.jacoco.report-0.8.12.jar:/Users/gonzaloduranadasme/.m2/repository/com/h2database/h2/2.3.232/h2-2.3.232.jar:/Users/gonzaloduranadasme/.m2/repository/org/junit/jupiter/junit-jupiter-api/5.11.3/junit-jupiter-api-5.11.3.jar:/Users/gonzaloduranadasme/.m2/repository/org/opentest4j/opentest4j/1.3.0/opentest4j-1.3.0.jar:/Users/gonzaloduranadasme/.m2/repository/org/junit/platform/junit-platform-commons/1.11.3/junit-platform-commons-1.11.3.jar:/Users/gonzaloduranadasme/.m2/repository/org/apiguardian/apiguardian-api/1.1.2/apiguardian-api-1.1.2.jar:/Users/gonzaloduranadasme/.m2/repository/org/mockito/mockito-core/5.14.2/mockito-core-5.14.2.jar:/Users/gonzaloduranadasme/.m2/repository/net/bytebuddy/byte-buddy/1.15.10/byte-buddy-1.15.10.jar:/Users/gonzaloduranadasme/.m2/repository/net/bytebuddy/byte-buddy-agent/1.15.10/byte-buddy-agent-1.15.10.jar:/Users/gonzaloduranadasme/.m2/repository/org/objenesis/objenesis/3.3/objenesis-3.3.jar:/Users/gonzaloduranadasme/.m2/repository/org/mockito/mockito-junit-jupiter/5.14.2/mockito-junit-jupiter-5.14.2.jar:/Users/gonzaloduranadasme/.m2/repository/org/junit/jupiter/junit-jupiter-engine/5.11.3/junit-jupiter-engine-5.11.3.jar:/Users/gonzaloduranadasme/.m2/repository/org/junit/platform/junit-platform-engine/1.11.3/junit-platform-engine-1.11.3.jar:"/>
    <property name="sun.cpu.endian" value="little"/>
    <property name="user.home" value="/Users/gonzaloduranadasme"/>
    <property name="user.language" value="es"/>
    <property name="java.specification.vendor" value="Oracle Corporation"/>
    <property name="java.version.date" value="2024-10-15"/>
    <property name="java.home" value="/Library/Java/JavaVirtualMachines/jdk-23.jdk/Contents/Home"/>
    <property name="file.separator" value="/"/>
    <property name="basedir" value="/Users/gonzaloduranadasme/Documents/GitHub/FS3_Sumativa/backend-arquetipo/tienda-ms-pedidos"/>
    <property name="java.vm.compressedOopsMode" value="Zero based"/>
    <property name="line.separator" value="&#10;"/>
    <property name="java.vm.specification.vendor" value="Oracle Corporation"/>
    <property name="java.specification.name" value="Java Platform API Specification"/>
    <property name="FILE_LOG_CHARSET" value="UTF-8"/>
    <property name="java.awt.headless" value="true"/>
    <property name="apple.awt.application.name" value="ForkedBooter"/>
    <property name="surefire.real.class.path" value="/Users/gonzaloduranadasme/Documents/GitHub/FS3_Sumativa/backend-arquetipo/tienda-ms-pedidos/target/surefire/surefirebooter-20241215140351590_3.jar"/>
    <property name="sun.management.compiler" value="HotSpot 64-Bit Tiered Compilers"/>
    <property name="ftp.nonProxyHosts" value="local|*.local|169.254/16|*.169.254/16"/>
    <property name="java.runtime.version" value="23.0.1+11-39"/>
    <property name="user.name" value="gonzaloduranadasme"/>
    <property name="stdout.encoding" value="UTF-8"/>
    <property name="path.separator" value=":"/>
    <property name="os.version" value="15.2"/>
    <property name="java.runtime.name" value="Java(TM) SE Runtime Environment"/>
    <property name="file.encoding" value="UTF-8"/>
    <property name="java.vm.name" value="Java HotSpot(TM) 64-Bit Server VM"/>
    <property name="localRepository" value="/Users/gonzaloduranadasme/.m2/repository"/>
    <property name="java.vendor.url.bug" value="https://bugreport.java.com/bugreport/"/>
    <property name="java.io.tmpdir" value="/var/folders/vl/66y56nn50qq4z_cg0vjl6t440000gn/T/"/>
    <property name="com.zaxxer.hikari.pool_number" value="1"/>
    <property name="java.version" value="23.0.1"/>
    <property name="user.dir" value="/Users/gonzaloduranadasme/Documents/GitHub/FS3_Sumativa/backend-arquetipo/tienda-ms-pedidos"/>
    <property name="os.arch" value="aarch64"/>
    <property name="java.vm.specification.name" value="Java Virtual Machine Specification"/>
    <property name="PID" value="25938"/>
    <property name="CONSOLE_LOG_CHARSET" value="UTF-8"/>
    <property name="native.encoding" value="UTF-8"/>
    <property name="java.library.path" value="/Users/gonzaloduranadasme/Library/Java/Extensions:/Library/Java/Extensions:/Network/Library/Java/Extensions:/System/Library/Java/Extensions:/usr/lib/java:."/>
    <property name="java.vm.info" value="mixed mode, sharing"/>
    <property name="stderr.encoding" value="UTF-8"/>
    <property name="java.vendor" value="Oracle Corporation"/>
    <property name="java.vm.version" value="23.0.1+11-39"/>
    <property name="sun.io.unicode.encoding" value="UnicodeBig"/>
    <property name="socksNonProxyHosts" value="local|*.local|169.254/16|*.169.254/16"/>
    <property name="java.class.version" value="67.0"/>
    <property name="LOGGED_APPLICATION_NAME" value="[tienda-ms-pedidos] "/>
  </properties>
  <testcase name="updateEstado_UpdatesOrdenEstado" classname="com.example.tienda_ms_pedidos.repository.OrdenRepositoryTest" time="0.453">
    <system-out><![CDATA[14:03:52.418 [main] INFO org.springframework.test.context.support.AnnotationConfigContextLoaderUtils -- Could not detect default configuration classes for test class [com.example.tienda_ms_pedidos.repository.OrdenRepositoryTest]: OrdenRepositoryTest does not declare any static, non-private, non-final, nested classes annotated with @Configuration.
14:03:52.518 [main] INFO org.springframework.boot.test.context.SpringBootTestContextBootstrapper -- Found @SpringBootConfiguration com.example.tienda_ms_pedidos.App for test class com.example.tienda_ms_pedidos.repository.OrdenRepositoryTest
14:03:52.582 [main] INFO org.springframework.boot.devtools.restart.RestartApplicationListener -- Restart disabled due to context in which it is running
2024-12-15T14:03:52.771-03:00 DEBUG 25938 --- [tienda-ms-pedidos] [kground-preinit] o.h.v.i.xml.config.ValidationXmlParser   : Trying to load META-INF/validation.xml for XML based Validator configuration.
2024-12-15T14:03:52.775-03:00 DEBUG 25938 --- [tienda-ms-pedidos] [kground-preinit] o.h.v.i.xml.config.ResourceLoaderHelper  : Trying to load META-INF/validation.xml via TCCL
2024-12-15T14:03:52.775-03:00 DEBUG 25938 --- [tienda-ms-pedidos] [kground-preinit] o.h.v.i.xml.config.ResourceLoaderHelper  : Trying to load META-INF/validation.xml via Hibernate Validator's class loader
2024-12-15T14:03:52.775-03:00 DEBUG 25938 --- [tienda-ms-pedidos] [kground-preinit] o.h.v.i.xml.config.ValidationXmlParser   : No META-INF/validation.xml found. Using annotation based configuration only.
2024-12-15T14:03:52.778-03:00 DEBUG 25938 --- [tienda-ms-pedidos] [kground-preinit] o.h.v.i.e.resolver.TraversableResolvers  : Found jakarta.persistence.Persistence on classpath containing 'getPersistenceUtil'. Assuming JPA 2 environment. Trying to instantiate JPA aware TraversableResolver
2024-12-15T14:03:52.778-03:00 DEBUG 25938 --- [tienda-ms-pedidos] [kground-preinit] o.h.v.i.e.resolver.TraversableResolvers  : Instantiated JPA aware TraversableResolver of type org.hibernate.validator.internal.engine.resolver.JPATraversableResolver.
2024-12-15T14:03:52.794-03:00 DEBUG 25938 --- [tienda-ms-pedidos] [kground-preinit] .h.v.m.ResourceBundleMessageInterpolator : Loaded expression factory via original TCCL
2024-12-15T14:03:52.799-03:00 DEBUG 25938 --- [tienda-ms-pedidos] [           main] o.s.boot.SpringApplication               : Loading source class com.example.tienda_ms_pedidos.App
2024-12-15T14:03:52.810-03:00 DEBUG 25938 --- [tienda-ms-pedidos] [           main] s.c.a.AnnotationConfigApplicationContext : Refreshing org.springframework.context.annotation.AnnotationConfigApplicationContext@4f114b
2024-12-15T14:03:52.822-03:00 DEBUG 25938 --- [tienda-ms-pedidos] [           main] o.s.b.f.s.DefaultListableBeanFactory     : Creating shared instance of singleton bean 'org.springframework.context.annotation.internalConfigurationAnnotationProcessor'
2024-12-15T14:03:52.834-03:00 DEBUG 25938 --- [tienda-ms-pedidos] [           main] o.s.b.f.s.DefaultListableBeanFactory     : Creating shared instance of singleton bean 'org.springframework.boot.autoconfigure.internalCachingMetadataReaderFactory'
2024-12-15T14:03:52.856-03:00 DEBUG 25938 --- [tienda-ms-pedidos] [kground-preinit] .i.e.ValidatorFactoryConfigurationHelper : HV000252: Using org.hibernate.validator.internal.engine.DefaultPropertyNodeNameProvider as property node name provider.
2024-12-15T14:03:52.859-03:00 DEBUG 25938 --- [tienda-ms-pedidos] [kground-preinit] .i.e.ValidatorFactoryConfigurationHelper : HV000234: Using org.hibernate.validator.messageinterpolation.ResourceBundleMessageInterpolator as ValidatorFactory-scoped message interpolator.
2024-12-15T14:03:52.859-03:00 DEBUG 25938 --- [tienda-ms-pedidos] [kground-preinit] .i.e.ValidatorFactoryConfigurationHelper : HV000234: Using org.hibernate.validator.internal.engine.resolver.JPATraversableResolver as ValidatorFactory-scoped traversable resolver.
2024-12-15T14:03:52.859-03:00 DEBUG 25938 --- [tienda-ms-pedidos] [kground-preinit] .i.e.ValidatorFactoryConfigurationHelper : HV000234: Using org.hibernate.validator.internal.util.ExecutableParameterNameProvider as ValidatorFactory-scoped parameter name provider.
2024-12-15T14:03:52.860-03:00 DEBUG 25938 --- [tienda-ms-pedidos] [kground-preinit] .i.e.ValidatorFactoryConfigurationHelper : HV000234: Using org.hibernate.validator.internal.engine.DefaultClockProvider as ValidatorFactory-scoped clock provider.
2024-12-15T14:03:52.860-03:00 DEBUG 25938 --- [tienda-ms-pedidos] [kground-preinit] .i.e.ValidatorFactoryConfigurationHelper : HV000234: Using org.hibernate.validator.internal.engine.scripting.DefaultScriptEvaluatorFactory as ValidatorFactory-scoped script evaluator factory.
2024-12-15T14:03:53.030-03:00  INFO 25938 --- [tienda-ms-pedidos] [           main] .s.d.r.c.RepositoryConfigurationDelegate : Bootstrapping Spring Data JPA repositories in DEFAULT mode.
2024-12-15T14:03:53.036-03:00 DEBUG 25938 --- [tienda-ms-pedidos] [           main] o.s.b.f.s.DefaultListableBeanFactory     : Creating shared instance of singleton bean 'org.springframework.boot.autoconfigure.AutoConfigurationPackages'
2024-12-15T14:03:53.042-03:00 DEBUG 25938 --- [tienda-ms-pedidos] [           main] o.s.b.a.AutoConfigurationPackages        : @EnableAutoConfiguration was declared on a class in the package 'com.example.tienda_ms_pedidos'. Automatic @Repository and @Entity scanning is enabled.
2024-12-15T14:03:53.043-03:00 DEBUG 25938 --- [tienda-ms-pedidos] [           main] .s.d.r.c.RepositoryConfigurationDelegate : Scanning for JPA repositories in packages com.example.tienda_ms_pedidos.
2024-12-15T14:03:53.049-03:00 DEBUG 25938 --- [tienda-ms-pedidos] [           main] o.s.d.r.c.RepositoryComponentProvider    : Identified candidate component class: file [/Users/gonzaloduranadasme/Documents/GitHub/FS3_Sumativa/backend-arquetipo/tienda-ms-pedidos/target/classes/com/example/tienda_ms_pedidos/repository/DetalleOrdenRepository.class]
2024-12-15T14:03:53.050-03:00 DEBUG 25938 --- [tienda-ms-pedidos] [           main] o.s.d.r.c.RepositoryComponentProvider    : Identified candidate component class: file [/Users/gonzaloduranadasme/Documents/GitHub/FS3_Sumativa/backend-arquetipo/tienda-ms-pedidos/target/classes/com/example/tienda_ms_pedidos/repository/OrdenRepository.class]
2024-12-15T14:03:53.050-03:00 DEBUG 25938 --- [tienda-ms-pedidos] [           main] o.s.d.r.c.RepositoryComponentProvider    : Identified candidate component class: file [/Users/gonzaloduranadasme/Documents/GitHub/FS3_Sumativa/backend-arquetipo/tienda-ms-pedidos/target/classes/com/example/tienda_ms_pedidos/repository/ProductoRepository.class]
2024-12-15T14:03:53.066-03:00 DEBUG 25938 --- [tienda-ms-pedidos] [           main] ssPathScanningCandidateComponentProvider : Identified candidate component class: file [/Users/gonzaloduranadasme/Documents/GitHub/FS3_Sumativa/backend-arquetipo/tienda-ms-pedidos/target/classes/com/example/tienda_ms_pedidos/service/DetalleOrdenServiceImpl.class]
2024-12-15T14:03:53.066-03:00 DEBUG 25938 --- [tienda-ms-pedidos] [           main] ssPathScanningCandidateComponentProvider : Identified candidate component class: file [/Users/gonzaloduranadasme/Documents/GitHub/FS3_Sumativa/backend-arquetipo/tienda-ms-pedidos/target/classes/com/example/tienda_ms_pedidos/service/OrdenServiceImpl.class]
2024-12-15T14:03:53.066-03:00 DEBUG 25938 --- [tienda-ms-pedidos] [           main] ssPathScanningCandidateComponentProvider : Identified candidate component class: file [/Users/gonzaloduranadasme/Documents/GitHub/FS3_Sumativa/backend-arquetipo/tienda-ms-pedidos/target/classes/com/example/tienda_ms_pedidos/service/ProductoServiceImpl.class]
2024-12-15T14:03:53.074-03:00  INFO 25938 --- [tienda-ms-pedidos] [           main] .s.d.r.c.RepositoryConfigurationDelegate : Finished Spring Data repository scanning in 29 ms. Found 3 JPA repository interfaces.
2024-12-15T14:03:53.100-03:00 DEBUG 25938 --- [tienda-ms-pedidos] [           main] o.s.b.f.s.DefaultListableBeanFactory     : Creating shared instance of singleton bean 'org.springframework.boot.test.context.ImportsContextCustomizer$ImportsCleanupPostProcessor'
2024-12-15T14:03:53.138-03:00 DEBUG 25938 --- [tienda-ms-pedidos] [           main] o.s.b.f.s.DefaultListableBeanFactory     : Creating shared instance of singleton bean 'org.springframework.boot.test.mock.mockito.MockitoPostProcessor'
2024-12-15T14:03:53.138-03:00 DEBUG 25938 --- [tienda-ms-pedidos] [           main] o.s.b.f.s.DefaultListableBeanFactory     : Creating shared instance of singleton bean 'emBeanDefinitionRegistrarPostProcessor'
2024-12-15T14:03:53.139-03:00 DEBUG 25938 --- [tienda-ms-pedidos] [           main] o.s.b.f.s.DefaultListableBeanFactory     : Creating shared instance of singleton bean 'org.springframework.boot.sql.init.dependency.DatabaseInitializationDependencyConfigurer$DependsOnDatabaseInitializationPostProcessor'
2024-12-15T14:03:53.153-03:00 DEBUG 25938 --- [tienda-ms-pedidos] [           main] o.s.b.f.s.DefaultListableBeanFactory     : Creating shared instance of singleton bean 'org.springframework.context.event.internalEventListenerProcessor'
2024-12-15T14:03:53.154-03:00 DEBUG 25938 --- [tienda-ms-pedidos] [           main] o.s.b.f.s.DefaultListableBeanFactory     : Creating shared instance of singleton bean 'org.springframework.context.event.internalEventListenerFactory'
2024-12-15T14:03:53.154-03:00 DEBUG 25938 --- [tienda-ms-pedidos] [           main] o.s.b.f.s.DefaultListableBeanFactory     : Creating shared instance of singleton bean 'org.springframework.transaction.config.internalTransactionalEventListenerFactory'
2024-12-15T14:03:53.157-03:00 DEBUG 25938 --- [tienda-ms-pedidos] [           main] o.s.b.f.s.DefaultListableBeanFactory     : Creating shared instance of singleton bean 'org.springframework.context.annotation.internalAutowiredAnnotationProcessor'
2024-12-15T14:03:53.158-03:00 DEBUG 25938 --- [tienda-ms-pedidos] [           main] o.s.b.f.s.DefaultListableBeanFactory     : Creating shared instance of singleton bean 'org.springframework.context.annotation.internalCommonAnnotationProcessor'
2024-12-15T14:03:53.160-03:00 DEBUG 25938 --- [tienda-ms-pedidos] [           main] o.s.b.f.s.DefaultListableBeanFactory     : Creating shared instance of singleton bean 'org.springframework.context.annotation.internalPersistenceAnnotationProcessor'
2024-12-15T14:03:53.160-03:00 DEBUG 25938 --- [tienda-ms-pedidos] [           main] o.s.b.f.s.DefaultListableBeanFactory     : Creating shared instance of singleton bean 'org.springframework.boot.test.mock.mockito.MockitoPostProcessor$SpyPostProcessor'
2024-12-15T14:03:53.161-03:00 DEBUG 25938 --- [tienda-ms-pedidos] [           main] o.s.b.f.s.DefaultListableBeanFactory     : Creating shared instance of singleton bean 'jdbcConnectionDetailsHikariBeanPostProcessor'
2024-12-15T14:03:53.163-03:00 DEBUG 25938 --- [tienda-ms-pedidos] [           main] o.s.b.f.s.DefaultListableBeanFactory     : Creating shared instance of singleton bean 'org.springframework.boot.context.properties.ConfigurationPropertiesBindingPostProcessor'
2024-12-15T14:03:53.163-03:00 DEBUG 25938 --- [tienda-ms-pedidos] [           main] o.s.b.f.s.DefaultListableBeanFactory     : Creating shared instance of singleton bean 'org.springframework.boot.context.internalConfigurationPropertiesBinder'
2024-12-15T14:03:53.165-03:00 DEBUG 25938 --- [tienda-ms-pedidos] [           main] o.s.b.f.s.DefaultListableBeanFactory     : Creating shared instance of singleton bean 'org.springframework.aop.config.internalAutoProxyCreator'
2024-12-15T14:03:53.172-03:00 DEBUG 25938 --- [tienda-ms-pedidos] [           main] o.s.b.f.s.DefaultListableBeanFactory     : Creating shared instance of singleton bean 'org.springframework.test.context.support.internalDynamicPropertyRegistrarBeanInitializer'
2024-12-15T14:03:53.172-03:00 DEBUG 25938 --- [tienda-ms-pedidos] [           main] o.s.b.f.s.DefaultListableBeanFactory     : Creating shared instance of singleton bean 'org.springframework.transaction.config.internalTransactionAdvisor'
2024-12-15T14:03:53.172-03:00 DEBUG 25938 --- [tienda-ms-pedidos] [           main] o.s.b.f.s.DefaultListableBeanFactory     : Creating shared instance of singleton bean 'org.springframework.transaction.annotation.ProxyTransactionManagementConfiguration'
2024-12-15T14:03:53.183-03:00 DEBUG 25938 --- [tienda-ms-pedidos] [           main] o.s.b.f.s.DefaultListableBeanFactory     : Creating shared instance of singleton bean 'transactionAttributeSource'
2024-12-15T14:03:53.183-03:00 DEBUG 25938 --- [tienda-ms-pedidos] [           main] o.s.b.f.s.DefaultListableBeanFactory     : Creating shared instance of singleton bean 'transactionInterceptor'
2024-12-15T14:03:53.184-03:00 DEBUG 25938 --- [tienda-ms-pedidos] [           main] o.s.b.f.s.DefaultListableBeanFactory     : Autowiring by type from bean name 'transactionInterceptor' via factory method to bean named 'transactionAttributeSource'
2024-12-15T14:03:53.186-03:00 DEBUG 25938 --- [tienda-ms-pedidos] [           main] o.s.b.f.s.DefaultListableBeanFactory     : Autowiring by type from bean name 'org.springframework.transaction.config.internalTransactionAdvisor' via factory method to bean named 'transactionAttributeSource'
2024-12-15T14:03:53.186-03:00 DEBUG 25938 --- [tienda-ms-pedidos] [           main] o.s.b.f.s.DefaultListableBeanFactory     : Autowiring by type from bean name 'org.springframework.transaction.config.internalTransactionAdvisor' via factory method to bean named 'transactionInterceptor'
2024-12-15T14:03:53.189-03:00 DEBUG 25938 --- [tienda-ms-pedidos] [           main] o.s.b.f.s.DefaultListableBeanFactory     : Creating shared instance of singleton bean 'entityManagerFactory'
2024-12-15T14:03:53.189-03:00 DEBUG 25938 --- [tienda-ms-pedidos] [           main] o.s.b.f.s.DefaultListableBeanFactory     : Creating shared instance of singleton bean 'org.springframework.boot.autoconfigure.orm.jpa.HibernateJpaConfiguration'
2024-12-15T14:03:53.189-03:00 DEBUG 25938 --- [tienda-ms-pedidos] [           main] o.s.b.f.s.DefaultListableBeanFactory     : Creating shared instance of singleton bean 'dataSource'
2024-12-15T14:03:53.189-03:00 DEBUG 25938 --- [tienda-ms-pedidos] [           main] o.s.b.f.s.DefaultListableBeanFactory     : Creating shared instance of singleton bean 'org.springframework.boot.autoconfigure.jdbc.DataSourceConfiguration$Hikari'
2024-12-15T14:03:53.190-03:00 DEBUG 25938 --- [tienda-ms-pedidos] [           main] o.s.b.f.s.DefaultListableBeanFactory     : Creating shared instance of singleton bean 'spring.datasource-org.springframework.boot.autoconfigure.jdbc.DataSourceProperties'
2024-12-15T14:03:53.190-03:00 DEBUG 25938 --- [tienda-ms-pedidos] [           main] o.s.b.f.s.DefaultListableBeanFactory     : Creating shared instance of singleton bean 'org.springframework.boot.context.properties.BoundConfigurationProperties'
2024-12-15T14:03:53.198-03:00 DEBUG 25938 --- [tienda-ms-pedidos] [           main] o.s.b.f.s.DefaultListableBeanFactory     : Creating shared instance of singleton bean 'jdbcConnectionDetails'
2024-12-15T14:03:53.199-03:00 DEBUG 25938 --- [tienda-ms-pedidos] [           main] o.s.b.f.s.DefaultListableBeanFactory     : Creating shared instance of singleton bean 'org.springframework.boot.autoconfigure.jdbc.DataSourceAutoConfiguration$PooledDataSourceConfiguration'
2024-12-15T14:03:53.199-03:00 DEBUG 25938 --- [tienda-ms-pedidos] [           main] o.s.b.f.s.DefaultListableBeanFactory     : Autowiring by type from bean name 'jdbcConnectionDetails' via factory method to bean named 'spring.datasource-org.springframework.boot.autoconfigure.jdbc.DataSourceProperties'
2024-12-15T14:03:53.200-03:00 DEBUG 25938 --- [tienda-ms-pedidos] [           main] o.s.b.f.s.DefaultListableBeanFactory     : Autowiring by type from bean name 'dataSource' via factory method to bean named 'spring.datasource-org.springframework.boot.autoconfigure.jdbc.DataSourceProperties'
2024-12-15T14:03:53.200-03:00 DEBUG 25938 --- [tienda-ms-pedidos] [           main] o.s.b.f.s.DefaultListableBeanFactory     : Autowiring by type from bean name 'dataSource' via factory method to bean named 'jdbcConnectionDetails'
2024-12-15T14:03:53.216-03:00 DEBUG 25938 --- [tienda-ms-pedidos] [           main] o.s.b.f.s.DefaultListableBeanFactory     : Creating shared instance of singleton bean 'spring.jpa-org.springframework.boot.autoconfigure.orm.jpa.JpaProperties'
2024-12-15T14:03:53.219-03:00 DEBUG 25938 --- [tienda-ms-pedidos] [           main] o.s.b.f.s.DefaultListableBeanFactory     : Creating shared instance of singleton bean 'spring.jpa.hibernate-org.springframework.boot.autoconfigure.orm.jpa.HibernateProperties'
2024-12-15T14:03:53.220-03:00 DEBUG 25938 --- [tienda-ms-pedidos] [           main] o.s.b.f.s.DefaultListableBeanFactory     : Autowiring by type from bean name 'org.springframework.boot.autoconfigure.orm.jpa.HibernateJpaConfiguration' via constructor to bean named 'dataSource'
2024-12-15T14:03:53.220-03:00 DEBUG 25938 --- [tienda-ms-pedidos] [           main] o.s.b.f.s.DefaultListableBeanFactory     : Autowiring by type from bean name 'org.springframework.boot.autoconfigure.orm.jpa.HibernateJpaConfiguration' via constructor to bean named 'spring.jpa-org.springframework.boot.autoconfigure.orm.jpa.JpaProperties'
2024-12-15T14:03:53.220-03:00 DEBUG 25938 --- [tienda-ms-pedidos] [           main] o.s.b.f.s.DefaultListableBeanFactory     : Autowiring by type from bean name 'org.springframework.boot.autoconfigure.orm.jpa.HibernateJpaConfiguration' via constructor to bean named 'org.springframework.beans.factory.support.DefaultListableBeanFactory@ce655b9'
2024-12-15T14:03:53.220-03:00 DEBUG 25938 --- [tienda-ms-pedidos] [           main] o.s.b.f.s.DefaultListableBeanFactory     : Autowiring by type from bean name 'org.springframework.boot.autoconfigure.orm.jpa.HibernateJpaConfiguration' via constructor to bean named 'spring.jpa.hibernate-org.springframework.boot.autoconfigure.orm.jpa.HibernateProperties'
2024-12-15T14:03:53.222-03:00 DEBUG 25938 --- [tienda-ms-pedidos] [           main] o.s.b.f.s.DefaultListableBeanFactory     : Creating shared instance of singleton bean 'hikariPoolDataSourceMetadataProvider'
2024-12-15T14:03:53.222-03:00 DEBUG 25938 --- [tienda-ms-pedidos] [           main] o.s.b.f.s.DefaultListableBeanFactory     : Creating shared instance of singleton bean 'org.springframework.boot.autoconfigure.jdbc.metadata.DataSourcePoolMetadataProvidersConfiguration$HikariPoolDataSourceMetadataProviderConfiguration'
2024-12-15T14:03:53.225-03:00 DEBUG 25938 --- [tienda-ms-pedidos] [           main] o.s.b.f.s.DefaultListableBeanFactory     : Creating shared instance of singleton bean 'entityManagerFactoryBuilder'
2024-12-15T14:03:53.225-03:00 DEBUG 25938 --- [tienda-ms-pedidos] [           main] o.s.b.f.s.DefaultListableBeanFactory     : Creating shared instance of singleton bean 'jpaVendorAdapter'
2024-12-15T14:03:53.233-03:00 DEBUG 25938 --- [tienda-ms-pedidos] [           main] o.s.b.f.s.DefaultListableBeanFactory     : Autowiring by type from bean name 'entityManagerFactoryBuilder' via factory method to bean named 'jpaVendorAdapter'
2024-12-15T14:03:53.239-03:00 DEBUG 25938 --- [tienda-ms-pedidos] [           main] o.s.b.f.s.DefaultListableBeanFactory     : Creating shared instance of singleton bean 'persistenceManagedTypes'
2024-12-15T14:03:53.239-03:00 DEBUG 25938 --- [tienda-ms-pedidos] [           main] o.s.b.f.s.DefaultListableBeanFactory     : Autowiring by type from bean name 'persistenceManagedTypes' via factory method to bean named 'org.springframework.beans.factory.support.DefaultListableBeanFactory@ce655b9'
2024-12-15T14:03:53.239-03:00 DEBUG 25938 --- [tienda-ms-pedidos] [           main] o.s.b.f.s.DefaultListableBeanFactory     : Autowiring by type from bean name 'persistenceManagedTypes' via factory method to bean named 'org.springframework.context.annotation.AnnotationConfigApplicationContext@4f114b'
2024-12-15T14:03:53.244-03:00 DEBUG 25938 --- [tienda-ms-pedidos] [           main] o.s.b.f.s.DefaultListableBeanFactory     : Autowiring by type from bean name 'entityManagerFactory' via factory method to bean named 'entityManagerFactoryBuilder'
2024-12-15T14:03:53.244-03:00 DEBUG 25938 --- [tienda-ms-pedidos] [           main] o.s.b.f.s.DefaultListableBeanFactory     : Autowiring by type from bean name 'entityManagerFactory' via factory method to bean named 'persistenceManagedTypes'
2024-12-15T14:03:53.257-03:00 DEBUG 25938 --- [tienda-ms-pedidos] [           main] j.LocalContainerEntityManagerFactoryBean : Building JPA container EntityManagerFactory for persistence unit 'default'
2024-12-15T14:03:53.270-03:00 DEBUG 25938 --- [tienda-ms-pedidos] [           main] o.hibernate.jpa.internal.util.LogHelper  : PersistenceUnitInfo [
	name: default
	persistence provider classname: null
	classloader: jdk.internal.loader.ClassLoaders$AppClassLoader@5a07e868
	excludeUnlistedClasses: true
	JTA datasource: null
	Non JTA datasource: HikariDataSource (null)
	Transaction type: RESOURCE_LOCAL
	PU root URL: file:/Users/gonzaloduranadasme/Documents/GitHub/FS3_Sumativa/backend-arquetipo/tienda-ms-pedidos/target/test-classes/
	Shared Cache Mode: UNSPECIFIED
	Validation Mode: AUTO
	Jar files URLs []
	Managed classes names [
		com.example.tienda_ms_pedidos.model.Categoria
		com.example.tienda_ms_pedidos.model.DetalleOrden
		com.example.tienda_ms_pedidos.model.Orden
		com.example.tienda_ms_pedidos.model.Producto]
	Mapping files names []
	Properties []
2024-12-15T14:03:53.278-03:00 DEBUG 25938 --- [tienda-ms-pedidos] [           main] o.h.i.internal.IntegratorServiceImpl     : Adding Integrator [org.hibernate.boot.beanvalidation.BeanValidationIntegrator].
2024-12-15T14:03:53.279-03:00 DEBUG 25938 --- [tienda-ms-pedidos] [           main] o.h.i.internal.IntegratorServiceImpl     : Adding Integrator [org.hibernate.cache.internal.CollectionCacheInvalidator].
2024-12-15T14:03:53.313-03:00  INFO 25938 --- [tienda-ms-pedidos] [           main] org.hibernate.Version                    : HHH000412: Hibernate ORM core version 6.6.2.Final
2024-12-15T14:03:53.314-03:00 DEBUG 25938 --- [tienda-ms-pedidos] [           main] org.hibernate.cfg.Environment            : HHH000206: 'hibernate.properties' not found
2024-12-15T14:03:53.329-03:00 DEBUG 25938 --- [tienda-ms-pedidos] [           main] org.hibernate.orm.idgen.factory          : Registering IdentifierGenerator strategy [uuid2] -> [org.hibernate.id.UUIDGenerator]
2024-12-15T14:03:53.329-03:00 DEBUG 25938 --- [tienda-ms-pedidos] [           main] org.hibernate.orm.idgen.factory          : Registering IdentifierGenerator strategy [guid] -> [org.hibernate.id.GUIDGenerator]
2024-12-15T14:03:53.330-03:00 DEBUG 25938 --- [tienda-ms-pedidos] [           main] org.hibernate.orm.idgen.factory          : Registering IdentifierGenerator strategy [uuid] -> [org.hibernate.id.UUIDHexGenerator]
2024-12-15T14:03:53.330-03:00 DEBUG 25938 --- [tienda-ms-pedidos] [           main] org.hibernate.orm.idgen.factory          : Registering IdentifierGenerator strategy [uuid.hex] -> [org.hibernate.id.UUIDHexGenerator]
2024-12-15T14:03:53.330-03:00 DEBUG 25938 --- [tienda-ms-pedidos] [           main] org.hibernate.orm.idgen.factory          : Registering IdentifierGenerator strategy [assigned] -> [org.hibernate.id.Assigned]
2024-12-15T14:03:53.330-03:00 DEBUG 25938 --- [tienda-ms-pedidos] [           main] org.hibernate.orm.idgen.factory          : Registering IdentifierGenerator strategy [identity] -> [org.hibernate.id.IdentityGenerator]
2024-12-15T14:03:53.331-03:00 DEBUG 25938 --- [tienda-ms-pedidos] [           main] org.hibernate.orm.idgen.factory          : Registering IdentifierGenerator strategy [select] -> [org.hibernate.id.SelectGenerator]
2024-12-15T14:03:53.332-03:00 DEBUG 25938 --- [tienda-ms-pedidos] [           main] org.hibernate.orm.idgen.factory          : Registering IdentifierGenerator strategy [sequence] -> [org.hibernate.id.enhanced.SequenceStyleGenerator]
2024-12-15T14:03:53.332-03:00 DEBUG 25938 --- [tienda-ms-pedidos] [           main] org.hibernate.orm.idgen.factory          : Registering IdentifierGenerator strategy [increment] -> [org.hibernate.id.IncrementGenerator]
2024-12-15T14:03:53.332-03:00 DEBUG 25938 --- [tienda-ms-pedidos] [           main] org.hibernate.orm.idgen.factory          : Registering IdentifierGenerator strategy [foreign] -> [org.hibernate.id.ForeignGenerator]
2024-12-15T14:03:53.332-03:00 DEBUG 25938 --- [tienda-ms-pedidos] [           main] org.hibernate.orm.idgen.factory          : Registering IdentifierGenerator strategy [enhanced-sequence] -> [org.hibernate.id.enhanced.SequenceStyleGenerator]
2024-12-15T14:03:53.333-03:00 DEBUG 25938 --- [tienda-ms-pedidos] [           main] org.hibernate.orm.idgen.factory          : Registering IdentifierGenerator strategy [enhanced-table] -> [org.hibernate.id.enhanced.TableGenerator]
2024-12-15T14:03:53.338-03:00 DEBUG 25938 --- [tienda-ms-pedidos] [           main] o.h.c.internal.RegionFactoryInitiator    : Cannot default RegionFactory based on registered strategies as `[]` RegionFactory strategies were registered
2024-12-15T14:03:53.338-03:00  INFO 25938 --- [tienda-ms-pedidos] [           main] o.h.c.internal.RegionFactoryInitiator    : HHH000026: Second-level cache disabled
2024-12-15T14:03:53.395-03:00 DEBUG 25938 --- [tienda-ms-pedidos] [           main] org.hibernate.type.BasicTypeRegistry     : Adding type registration boolean -> org.hibernate.type.BasicTypeReference@189f3ccd
2024-12-15T14:03:53.395-03:00 DEBUG 25938 --- [tienda-ms-pedidos] [           main] org.hibernate.type.BasicTypeRegistry     : Adding type registration boolean -> org.hibernate.type.BasicTypeReference@189f3ccd
2024-12-15T14:03:53.395-03:00 DEBUG 25938 --- [tienda-ms-pedidos] [           main] org.hibernate.type.BasicTypeRegistry     : Adding type registration java.lang.Boolean -> org.hibernate.type.BasicTypeReference@189f3ccd
2024-12-15T14:03:53.395-03:00 DEBUG 25938 --- [tienda-ms-pedidos] [           main] org.hibernate.type.BasicTypeRegistry     : Adding type registration numeric_boolean -> org.hibernate.type.BasicTypeReference@2eb0932c
2024-12-15T14:03:53.396-03:00 DEBUG 25938 --- [tienda-ms-pedidos] [           main] org.hibernate.type.BasicTypeRegistry     : Adding type registration org.hibernate.type.NumericBooleanConverter -> org.hibernate.type.BasicTypeReference@2eb0932c
2024-12-15T14:03:53.396-03:00 DEBUG 25938 --- [tienda-ms-pedidos] [           main] org.hibernate.type.BasicTypeRegistry     : Adding type registration true_false -> org.hibernate.type.BasicTypeReference@82382d1
2024-12-15T14:03:53.396-03:00 DEBUG 25938 --- [tienda-ms-pedidos] [           main] org.hibernate.type.BasicTypeRegistry     : Adding type registration org.hibernate.type.TrueFalseConverter -> org.hibernate.type.BasicTypeReference@82382d1
2024-12-15T14:03:53.396-03:00 DEBUG 25938 --- [tienda-ms-pedidos] [           main] org.hibernate.type.BasicTypeRegistry     : Adding type registration yes_no -> org.hibernate.type.BasicTypeReference@6c120b00
2024-12-15T14:03:53.396-03:00 DEBUG 25938 --- [tienda-ms-pedidos] [           main] org.hibernate.type.BasicTypeRegistry     : Adding type registration org.hibernate.type.YesNoConverter -> org.hibernate.type.BasicTypeReference@6c120b00
2024-12-15T14:03:53.396-03:00 DEBUG 25938 --- [tienda-ms-pedidos] [           main] org.hibernate.type.BasicTypeRegistry     : Adding type registration byte -> org.hibernate.type.BasicTypeReference@d8a2b1b
2024-12-15T14:03:53.396-03:00 DEBUG 25938 --- [tienda-ms-pedidos] [           main] org.hibernate.type.BasicTypeRegistry     : Adding type registration byte -> org.hibernate.type.BasicTypeReference@d8a2b1b
2024-12-15T14:03:53.396-03:00 DEBUG 25938 --- [tienda-ms-pedidos] [           main] org.hibernate.type.BasicTypeRegistry     : Adding type registration java.lang.Byte -> org.hibernate.type.BasicTypeReference@d8a2b1b
2024-12-15T14:03:53.396-03:00 DEBUG 25938 --- [tienda-ms-pedidos] [           main] org.hibernate.type.BasicTypeRegistry     : Adding type registration binary -> org.hibernate.type.BasicTypeReference@2709e075
2024-12-15T14:03:53.396-03:00 DEBUG 25938 --- [tienda-ms-pedidos] [           main] org.hibernate.type.BasicTypeRegistry     : Adding type registration byte[] -> org.hibernate.type.BasicTypeReference@2709e075
2024-12-15T14:03:53.396-03:00 DEBUG 25938 --- [tienda-ms-pedidos] [           main] org.hibernate.type.BasicTypeRegistry     : Adding type registration [B -> org.hibernate.type.BasicTypeReference@2709e075
2024-12-15T14:03:53.396-03:00 DEBUG 25938 --- [tienda-ms-pedidos] [           main] org.hibernate.type.BasicTypeRegistry     : Adding type registration binary_wrapper -> org.hibernate.type.BasicTypeReference@3328db4f
2024-12-15T14:03:53.396-03:00 DEBUG 25938 --- [tienda-ms-pedidos] [           main] org.hibernate.type.BasicTypeRegistry     : Adding type registration wrapper-binary -> org.hibernate.type.BasicTypeReference@3328db4f
2024-12-15T14:03:53.396-03:00 DEBUG 25938 --- [tienda-ms-pedidos] [           main] org.hibernate.type.BasicTypeRegistry     : Adding type registration image -> org.hibernate.type.BasicTypeReference@4f9e9c21
2024-12-15T14:03:53.396-03:00 DEBUG 25938 --- [tienda-ms-pedidos] [           main] org.hibernate.type.BasicTypeRegistry     : Adding type registration blob -> org.hibernate.type.BasicTypeReference@1390a43a
2024-12-15T14:03:53.396-03:00 DEBUG 25938 --- [tienda-ms-pedidos] [           main] org.hibernate.type.BasicTypeRegistry     : Adding type registration java.sql.Blob -> org.hibernate.type.BasicTypeReference@1390a43a
2024-12-15T14:03:53.396-03:00 DEBUG 25938 --- [tienda-ms-pedidos] [           main] org.hibernate.type.BasicTypeRegistry     : Adding type registration materialized_blob -> org.hibernate.type.BasicTypeReference@7bf2e475
2024-12-15T14:03:53.396-03:00 DEBUG 25938 --- [tienda-ms-pedidos] [           main] org.hibernate.type.BasicTypeRegistry     : Adding type registration materialized_blob_wrapper -> org.hibernate.type.BasicTypeReference@e75bae7
2024-12-15T14:03:53.396-03:00 DEBUG 25938 --- [tienda-ms-pedidos] [           main] org.hibernate.type.BasicTypeRegistry     : Adding type registration short -> org.hibernate.type.BasicTypeReference@3531509c
2024-12-15T14:03:53.396-03:00 DEBUG 25938 --- [tienda-ms-pedidos] [           main] org.hibernate.type.BasicTypeRegistry     : Adding type registration short -> org.hibernate.type.BasicTypeReference@3531509c
2024-12-15T14:03:53.396-03:00 DEBUG 25938 --- [tienda-ms-pedidos] [           main] org.hibernate.type.BasicTypeRegistry     : Adding type registration java.lang.Short -> org.hibernate.type.BasicTypeReference@3531509c
2024-12-15T14:03:53.396-03:00 DEBUG 25938 --- [tienda-ms-pedidos] [           main] org.hibernate.type.BasicTypeRegistry     : Adding type registration integer -> org.hibernate.type.BasicTypeReference@23169374
2024-12-15T14:03:53.396-03:00 DEBUG 25938 --- [tienda-ms-pedidos] [           main] org.hibernate.type.BasicTypeRegistry     : Adding type registration int -> org.hibernate.type.BasicTypeReference@23169374
2024-12-15T14:03:53.397-03:00 DEBUG 25938 --- [tienda-ms-pedidos] [           main] org.hibernate.type.BasicTypeRegistry     : Adding type registration java.lang.Integer -> org.hibernate.type.BasicTypeReference@23169374
2024-12-15T14:03:53.397-03:00 DEBUG 25938 --- [tienda-ms-pedidos] [           main] org.hibernate.type.BasicTypeRegistry     : Adding type registration long -> org.hibernate.type.BasicTypeReference@4f2b1a2f
2024-12-15T14:03:53.397-03:00 DEBUG 25938 --- [tienda-ms-pedidos] [           main] org.hibernate.type.BasicTypeRegistry     : Adding type registration long -> org.hibernate.type.BasicTypeReference@4f2b1a2f
2024-12-15T14:03:53.397-03:00 DEBUG 25938 --- [tienda-ms-pedidos] [           main] org.hibernate.type.BasicTypeRegistry     : Adding type registration java.lang.Long -> org.hibernate.type.BasicTypeReference@4f2b1a2f
2024-12-15T14:03:53.397-03:00 DEBUG 25938 --- [tienda-ms-pedidos] [           main] org.hibernate.type.BasicTypeRegistry     : Adding type registration float -> org.hibernate.type.BasicTypeReference@6c2a33af
2024-12-15T14:03:53.397-03:00 DEBUG 25938 --- [tienda-ms-pedidos] [           main] org.hibernate.type.BasicTypeRegistry     : Adding type registration float -> org.hibernate.type.BasicTypeReference@6c2a33af
2024-12-15T14:03:53.397-03:00 DEBUG 25938 --- [tienda-ms-pedidos] [           main] org.hibernate.type.BasicTypeRegistry     : Adding type registration java.lang.Float -> org.hibernate.type.BasicTypeReference@6c2a33af
2024-12-15T14:03:53.397-03:00 DEBUG 25938 --- [tienda-ms-pedidos] [           main] org.hibernate.type.BasicTypeRegistry     : Adding type registration double -> org.hibernate.type.BasicTypeReference@53202b06
2024-12-15T14:03:53.397-03:00 DEBUG 25938 --- [tienda-ms-pedidos] [           main] org.hibernate.type.BasicTypeRegistry     : Adding type registration double -> org.hibernate.type.BasicTypeReference@53202b06
2024-12-15T14:03:53.397-03:00 DEBUG 25938 --- [tienda-ms-pedidos] [           main] org.hibernate.type.BasicTypeRegistry     : Adding type registration java.lang.Double -> org.hibernate.type.BasicTypeReference@53202b06
2024-12-15T14:03:53.397-03:00 DEBUG 25938 --- [tienda-ms-pedidos] [           main] org.hibernate.type.BasicTypeRegistry     : Adding type registration big_integer -> org.hibernate.type.BasicTypeReference@44ba9f25
2024-12-15T14:03:53.397-03:00 DEBUG 25938 --- [tienda-ms-pedidos] [           main] org.hibernate.type.BasicTypeRegistry     : Adding type registration java.math.BigInteger -> org.hibernate.type.BasicTypeReference@44ba9f25
2024-12-15T14:03:53.397-03:00 DEBUG 25938 --- [tienda-ms-pedidos] [           main] org.hibernate.type.BasicTypeRegistry     : Adding type registration big_decimal -> org.hibernate.type.BasicTypeReference@53570fff
2024-12-15T14:03:53.397-03:00 DEBUG 25938 --- [tienda-ms-pedidos] [           main] org.hibernate.type.BasicTypeRegistry     : Adding type registration java.math.BigDecimal -> org.hibernate.type.BasicTypeReference@53570fff
2024-12-15T14:03:53.397-03:00 DEBUG 25938 --- [tienda-ms-pedidos] [           main] org.hibernate.type.BasicTypeRegistry     : Adding type registration character -> org.hibernate.type.BasicTypeReference@6e5df971
2024-12-15T14:03:53.397-03:00 DEBUG 25938 --- [tienda-ms-pedidos] [           main] org.hibernate.type.BasicTypeRegistry     : Adding type registration char -> org.hibernate.type.BasicTypeReference@6e5df971
2024-12-15T14:03:53.397-03:00 DEBUG 25938 --- [tienda-ms-pedidos] [           main] org.hibernate.type.BasicTypeRegistry     : Adding type registration java.lang.Character -> org.hibernate.type.BasicTypeReference@6e5df971
2024-12-15T14:03:53.397-03:00 DEBUG 25938 --- [tienda-ms-pedidos] [           main] org.hibernate.type.BasicTypeRegistry     : Adding type registration character_nchar -> org.hibernate.type.BasicTypeReference@3c7787a7
2024-12-15T14:03:53.397-03:00 DEBUG 25938 --- [tienda-ms-pedidos] [           main] org.hibernate.type.BasicTypeRegistry     : Adding type registration string -> org.hibernate.type.BasicTypeReference@2ca464bb
2024-12-15T14:03:53.397-03:00 DEBUG 25938 --- [tienda-ms-pedidos] [           main] org.hibernate.type.BasicTypeRegistry     : Adding type registration java.lang.String -> org.hibernate.type.BasicTypeReference@2ca464bb
2024-12-15T14:03:53.398-03:00 DEBUG 25938 --- [tienda-ms-pedidos] [           main] org.hibernate.type.BasicTypeRegistry     : Adding type registration nstring -> org.hibernate.type.BasicTypeReference@4767be27
2024-12-15T14:03:53.398-03:00 DEBUG 25938 --- [tienda-ms-pedidos] [           main] org.hibernate.type.BasicTypeRegistry     : Adding type registration characters -> org.hibernate.type.BasicTypeReference@46f041cb
2024-12-15T14:03:53.398-03:00 DEBUG 25938 --- [tienda-ms-pedidos] [           main] org.hibernate.type.BasicTypeRegistry     : Adding type registration char[] -> org.hibernate.type.BasicTypeReference@46f041cb
2024-12-15T14:03:53.398-03:00 DEBUG 25938 --- [tienda-ms-pedidos] [           main] org.hibernate.type.BasicTypeRegistry     : Adding type registration [C -> org.hibernate.type.BasicTypeReference@46f041cb
2024-12-15T14:03:53.398-03:00 DEBUG 25938 --- [tienda-ms-pedidos] [           main] org.hibernate.type.BasicTypeRegistry     : Adding type registration wrapper-characters -> org.hibernate.type.BasicTypeReference@46baac0d
2024-12-15T14:03:53.398-03:00 DEBUG 25938 --- [tienda-ms-pedidos] [           main] org.hibernate.type.BasicTypeRegistry     : Adding type registration text -> org.hibernate.type.BasicTypeReference@493489dd
2024-12-15T14:03:53.398-03:00 DEBUG 25938 --- [tienda-ms-pedidos] [           main] org.hibernate.type.BasicTypeRegistry     : Adding type registration ntext -> org.hibernate.type.BasicTypeReference@3358805a
2024-12-15T14:03:53.398-03:00 DEBUG 25938 --- [tienda-ms-pedidos] [           main] org.hibernate.type.BasicTypeRegistry     : Adding type registration clob -> org.hibernate.type.BasicTypeReference@77e261e3
2024-12-15T14:03:53.398-03:00 DEBUG 25938 --- [tienda-ms-pedidos] [           main] org.hibernate.type.BasicTypeRegistry     : Adding type registration java.sql.Clob -> org.hibernate.type.BasicTypeReference@77e261e3
2024-12-15T14:03:53.398-03:00 DEBUG 25938 --- [tienda-ms-pedidos] [           main] org.hibernate.type.BasicTypeRegistry     : Adding type registration nclob -> org.hibernate.type.BasicTypeReference@642b71d6
2024-12-15T14:03:53.398-03:00 DEBUG 25938 --- [tienda-ms-pedidos] [           main] org.hibernate.type.BasicTypeRegistry     : Adding type registration java.sql.NClob -> org.hibernate.type.BasicTypeReference@642b71d6
2024-12-15T14:03:53.398-03:00 DEBUG 25938 --- [tienda-ms-pedidos] [           main] org.hibernate.type.BasicTypeRegistry     : Adding type registration materialized_clob -> org.hibernate.type.BasicTypeReference@93c66ef
2024-12-15T14:03:53.398-03:00 DEBUG 25938 --- [tienda-ms-pedidos] [           main] org.hibernate.type.BasicTypeRegistry     : Adding type registration materialized_clob_char_array -> org.hibernate.type.BasicTypeReference@7e916dc2
2024-12-15T14:03:53.398-03:00 DEBUG 25938 --- [tienda-ms-pedidos] [           main] org.hibernate.type.BasicTypeRegistry     : Adding type registration materialized_clob_character_array -> org.hibernate.type.BasicTypeReference@1a18e68a
2024-12-15T14:03:53.398-03:00 DEBUG 25938 --- [tienda-ms-pedidos] [           main] org.hibernate.type.BasicTypeRegistry     : Adding type registration materialized_nclob -> org.hibernate.type.BasicTypeReference@258291de
2024-12-15T14:03:53.398-03:00 DEBUG 25938 --- [tienda-ms-pedidos] [           main] org.hibernate.type.BasicTypeRegistry     : Adding type registration materialized_nclob_character_array -> org.hibernate.type.BasicTypeReference@4f63909f
2024-12-15T14:03:53.398-03:00 DEBUG 25938 --- [tienda-ms-pedidos] [           main] org.hibernate.type.BasicTypeRegistry     : Adding type registration materialized_nclob_char_array -> org.hibernate.type.BasicTypeReference@3ae91bcc
2024-12-15T14:03:53.398-03:00 DEBUG 25938 --- [tienda-ms-pedidos] [           main] org.hibernate.type.BasicTypeRegistry     : Adding type registration Duration -> org.hibernate.type.BasicTypeReference@679886ad
2024-12-15T14:03:53.398-03:00 DEBUG 25938 --- [tienda-ms-pedidos] [           main] org.hibernate.type.BasicTypeRegistry     : Adding type registration java.time.Duration -> org.hibernate.type.BasicTypeReference@679886ad
2024-12-15T14:03:53.398-03:00 DEBUG 25938 --- [tienda-ms-pedidos] [           main] org.hibernate.type.BasicTypeRegistry     : Adding type registration LocalDateTime -> org.hibernate.type.BasicTypeReference@5625e7e1
2024-12-15T14:03:53.398-03:00 DEBUG 25938 --- [tienda-ms-pedidos] [           main] org.hibernate.type.BasicTypeRegistry     : Adding type registration java.time.LocalDateTime -> org.hibernate.type.BasicTypeReference@5625e7e1
2024-12-15T14:03:53.398-03:00 DEBUG 25938 --- [tienda-ms-pedidos] [           main] org.hibernate.type.BasicTypeRegistry     : Adding type registration LocalDate -> org.hibernate.type.BasicTypeReference@59172d2
2024-12-15T14:03:53.398-03:00 DEBUG 25938 --- [tienda-ms-pedidos] [           main] org.hibernate.type.BasicTypeRegistry     : Adding type registration java.time.LocalDate -> org.hibernate.type.BasicTypeReference@59172d2
2024-12-15T14:03:53.398-03:00 DEBUG 25938 --- [tienda-ms-pedidos] [           main] org.hibernate.type.BasicTypeRegistry     : Adding type registration LocalTime -> org.hibernate.type.BasicTypeReference@77d42ed7
2024-12-15T14:03:53.399-03:00 DEBUG 25938 --- [tienda-ms-pedidos] [           main] org.hibernate.type.BasicTypeRegistry     : Adding type registration java.time.LocalTime -> org.hibernate.type.BasicTypeReference@77d42ed7
2024-12-15T14:03:53.399-03:00 DEBUG 25938 --- [tienda-ms-pedidos] [           main] org.hibernate.type.BasicTypeRegistry     : Adding type registration OffsetDateTime -> org.hibernate.type.BasicTypeReference@54da736e
2024-12-15T14:03:53.399-03:00 DEBUG 25938 --- [tienda-ms-pedidos] [           main] org.hibernate.type.BasicTypeRegistry     : Adding type registration java.time.OffsetDateTime -> org.hibernate.type.BasicTypeReference@54da736e
2024-12-15T14:03:53.399-03:00 DEBUG 25938 --- [tienda-ms-pedidos] [           main] org.hibernate.type.BasicTypeRegistry     : Adding type registration OffsetDateTimeWithTimezone -> org.hibernate.type.BasicTypeReference@2d398cfb
2024-12-15T14:03:53.399-03:00 DEBUG 25938 --- [tienda-ms-pedidos] [           main] org.hibernate.type.BasicTypeRegistry     : Adding type registration OffsetDateTimeWithoutTimezone -> org.hibernate.type.BasicTypeReference@23307c6c
2024-12-15T14:03:53.399-03:00 DEBUG 25938 --- [tienda-ms-pedidos] [           main] org.hibernate.type.BasicTypeRegistry     : Adding type registration OffsetTime -> org.hibernate.type.BasicTypeReference@75c45c4b
2024-12-15T14:03:53.399-03:00 DEBUG 25938 --- [tienda-ms-pedidos] [           main] org.hibernate.type.BasicTypeRegistry     : Adding type registration java.time.OffsetTime -> org.hibernate.type.BasicTypeReference@75c45c4b
2024-12-15T14:03:53.399-03:00 DEBUG 25938 --- [tienda-ms-pedidos] [           main] org.hibernate.type.BasicTypeRegistry     : Adding type registration OffsetTimeUtc -> org.hibernate.type.BasicTypeReference@7202009e
2024-12-15T14:03:53.399-03:00 DEBUG 25938 --- [tienda-ms-pedidos] [           main] org.hibernate.type.BasicTypeRegistry     : Adding type registration OffsetTimeWithTimezone -> org.hibernate.type.BasicTypeReference@133d0471
2024-12-15T14:03:53.399-03:00 DEBUG 25938 --- [tienda-ms-pedidos] [           main] org.hibernate.type.BasicTypeRegistry     : Adding type registration OffsetTimeWithoutTimezone -> org.hibernate.type.BasicTypeReference@33cec966
2024-12-15T14:03:53.399-03:00 DEBUG 25938 --- [tienda-ms-pedidos] [           main] org.hibernate.type.BasicTypeRegistry     : Adding type registration ZonedDateTime -> org.hibernate.type.BasicTypeReference@643fed50
2024-12-15T14:03:53.399-03:00 DEBUG 25938 --- [tienda-ms-pedidos] [           main] org.hibernate.type.BasicTypeRegistry     : Adding type registration java.time.ZonedDateTime -> org.hibernate.type.BasicTypeReference@643fed50
2024-12-15T14:03:53.399-03:00 DEBUG 25938 --- [tienda-ms-pedidos] [           main] org.hibernate.type.BasicTypeRegistry     : Adding type registration ZonedDateTimeWithTimezone -> org.hibernate.type.BasicTypeReference@65b07b9
2024-12-15T14:03:53.399-03:00 DEBUG 25938 --- [tienda-ms-pedidos] [           main] org.hibernate.type.BasicTypeRegistry     : Adding type registration ZonedDateTimeWithoutTimezone -> org.hibernate.type.BasicTypeReference@7dbe858f
2024-12-15T14:03:53.399-03:00 DEBUG 25938 --- [tienda-ms-pedidos] [           main] org.hibernate.type.BasicTypeRegistry     : Adding type registration date -> org.hibernate.type.BasicTypeReference@387ef6a7
2024-12-15T14:03:53.399-03:00 DEBUG 25938 --- [tienda-ms-pedidos] [           main] org.hibernate.type.BasicTypeRegistry     : Adding type registration java.sql.Date -> org.hibernate.type.BasicTypeReference@387ef6a7
2024-12-15T14:03:53.399-03:00 DEBUG 25938 --- [tienda-ms-pedidos] [           main] org.hibernate.type.BasicTypeRegistry     : Adding type registration time -> org.hibernate.type.BasicTypeReference@2330c995
2024-12-15T14:03:53.399-03:00 DEBUG 25938 --- [tienda-ms-pedidos] [           main] org.hibernate.type.BasicTypeRegistry     : Adding type registration java.sql.Time -> org.hibernate.type.BasicTypeReference@2330c995
2024-12-15T14:03:53.399-03:00 DEBUG 25938 --- [tienda-ms-pedidos] [           main] org.hibernate.type.BasicTypeRegistry     : Adding type registration timestamp -> org.hibernate.type.BasicTypeReference@7d086485
2024-12-15T14:03:53.399-03:00 DEBUG 25938 --- [tienda-ms-pedidos] [           main] org.hibernate.type.BasicTypeRegistry     : Adding type registration java.sql.Timestamp -> org.hibernate.type.BasicTypeReference@7d086485
2024-12-15T14:03:53.399-03:00 DEBUG 25938 --- [tienda-ms-pedidos] [           main] org.hibernate.type.BasicTypeRegistry     : Adding type registration java.util.Date -> org.hibernate.type.BasicTypeReference@7d086485
2024-12-15T14:03:53.399-03:00 DEBUG 25938 --- [tienda-ms-pedidos] [           main] org.hibernate.type.BasicTypeRegistry     : Adding type registration calendar -> org.hibernate.type.BasicTypeReference@74130456
2024-12-15T14:03:53.399-03:00 DEBUG 25938 --- [tienda-ms-pedidos] [           main] org.hibernate.type.BasicTypeRegistry     : Adding type registration java.util.Calendar -> org.hibernate.type.BasicTypeReference@74130456
2024-12-15T14:03:53.399-03:00 DEBUG 25938 --- [tienda-ms-pedidos] [           main] org.hibernate.type.BasicTypeRegistry     : Adding type registration java.util.GregorianCalendar -> org.hibernate.type.BasicTypeReference@74130456
2024-12-15T14:03:53.400-03:00 DEBUG 25938 --- [tienda-ms-pedidos] [           main] org.hibernate.type.BasicTypeRegistry     : Adding type registration calendar_date -> org.hibernate.type.BasicTypeReference@3b171fbd
2024-12-15T14:03:53.400-03:00 DEBUG 25938 --- [tienda-ms-pedidos] [           main] org.hibernate.type.BasicTypeRegistry     : Adding type registration calendar_time -> org.hibernate.type.BasicTypeReference@20dc763b
2024-12-15T14:03:53.400-03:00 DEBUG 25938 --- [tienda-ms-pedidos] [           main] org.hibernate.type.BasicTypeRegistry     : Adding type registration instant -> org.hibernate.type.BasicTypeReference@4c81e7c2
2024-12-15T14:03:53.400-03:00 DEBUG 25938 --- [tienda-ms-pedidos] [           main] org.hibernate.type.BasicTypeRegistry     : Adding type registration java.time.Instant -> org.hibernate.type.BasicTypeReference@4c81e7c2
2024-12-15T14:03:53.400-03:00 DEBUG 25938 --- [tienda-ms-pedidos] [           main] org.hibernate.type.BasicTypeRegistry     : Adding type registration uuid -> org.hibernate.type.BasicTypeReference@4fe8e318
2024-12-15T14:03:53.400-03:00 DEBUG 25938 --- [tienda-ms-pedidos] [           main] org.hibernate.type.BasicTypeRegistry     : Adding type registration java.util.UUID -> org.hibernate.type.BasicTypeReference@4fe8e318
2024-12-15T14:03:53.400-03:00 DEBUG 25938 --- [tienda-ms-pedidos] [           main] org.hibernate.type.BasicTypeRegistry     : Adding type registration pg-uuid -> org.hibernate.type.BasicTypeReference@4fe8e318
2024-12-15T14:03:53.400-03:00 DEBUG 25938 --- [tienda-ms-pedidos] [           main] org.hibernate.type.BasicTypeRegistry     : Adding type registration uuid-binary -> org.hibernate.type.BasicTypeReference@21e15093
2024-12-15T14:03:53.400-03:00 DEBUG 25938 --- [tienda-ms-pedidos] [           main] org.hibernate.type.BasicTypeRegistry     : Adding type registration uuid-char -> org.hibernate.type.BasicTypeReference@62cf873a
2024-12-15T14:03:53.400-03:00 DEBUG 25938 --- [tienda-ms-pedidos] [           main] org.hibernate.type.BasicTypeRegistry     : Adding type registration class -> org.hibernate.type.BasicTypeReference@21b3d356
2024-12-15T14:03:53.400-03:00 DEBUG 25938 --- [tienda-ms-pedidos] [           main] org.hibernate.type.BasicTypeRegistry     : Adding type registration java.lang.Class -> org.hibernate.type.BasicTypeReference@21b3d356
2024-12-15T14:03:53.400-03:00 DEBUG 25938 --- [tienda-ms-pedidos] [           main] org.hibernate.type.BasicTypeRegistry     : Adding type registration currency -> org.hibernate.type.BasicTypeReference@294b045b
2024-12-15T14:03:53.400-03:00 DEBUG 25938 --- [tienda-ms-pedidos] [           main] org.hibernate.type.BasicTypeRegistry     : Adding type registration Currency -> org.hibernate.type.BasicTypeReference@294b045b
2024-12-15T14:03:53.400-03:00 DEBUG 25938 --- [tienda-ms-pedidos] [           main] org.hibernate.type.BasicTypeRegistry     : Adding type registration java.util.Currency -> org.hibernate.type.BasicTypeReference@294b045b
2024-12-15T14:03:53.400-03:00 DEBUG 25938 --- [tienda-ms-pedidos] [           main] org.hibernate.type.BasicTypeRegistry     : Adding type registration locale -> org.hibernate.type.BasicTypeReference@285ac29
2024-12-15T14:03:53.400-03:00 DEBUG 25938 --- [tienda-ms-pedidos] [           main] org.hibernate.type.BasicTypeRegistry     : Adding type registration java.util.Locale -> org.hibernate.type.BasicTypeReference@285ac29
2024-12-15T14:03:53.400-03:00 DEBUG 25938 --- [tienda-ms-pedidos] [           main] org.hibernate.type.BasicTypeRegistry     : Adding type registration serializable -> org.hibernate.type.BasicTypeReference@1ced1d14
2024-12-15T14:03:53.401-03:00 DEBUG 25938 --- [tienda-ms-pedidos] [           main] org.hibernate.type.BasicTypeRegistry     : Adding type registration java.io.Serializable -> org.hibernate.type.BasicTypeReference@1ced1d14
2024-12-15T14:03:53.401-03:00 DEBUG 25938 --- [tienda-ms-pedidos] [           main] org.hibernate.type.BasicTypeRegistry     : Adding type registration timezone -> org.hibernate.type.BasicTypeReference@237b54bc
2024-12-15T14:03:53.401-03:00 DEBUG 25938 --- [tienda-ms-pedidos] [           main] org.hibernate.type.BasicTypeRegistry     : Adding type registration java.util.TimeZone -> org.hibernate.type.BasicTypeReference@237b54bc
2024-12-15T14:03:53.401-03:00 DEBUG 25938 --- [tienda-ms-pedidos] [           main] org.hibernate.type.BasicTypeRegistry     : Adding type registration ZoneOffset -> org.hibernate.type.BasicTypeReference@5263f554
2024-12-15T14:03:53.401-03:00 DEBUG 25938 --- [tienda-ms-pedidos] [           main] org.hibernate.type.BasicTypeRegistry     : Adding type registration java.time.ZoneOffset -> org.hibernate.type.BasicTypeReference@5263f554
2024-12-15T14:03:53.401-03:00 DEBUG 25938 --- [tienda-ms-pedidos] [           main] org.hibernate.type.BasicTypeRegistry     : Adding type registration url -> org.hibernate.type.BasicTypeReference@7d28efd5
2024-12-15T14:03:53.401-03:00 DEBUG 25938 --- [tienda-ms-pedidos] [           main] org.hibernate.type.BasicTypeRegistry     : Adding type registration java.net.URL -> org.hibernate.type.BasicTypeReference@7d28efd5
2024-12-15T14:03:53.401-03:00 DEBUG 25938 --- [tienda-ms-pedidos] [           main] org.hibernate.type.BasicTypeRegistry     : Adding type registration vector -> org.hibernate.type.BasicTypeReference@95958d9
2024-12-15T14:03:53.401-03:00 DEBUG 25938 --- [tienda-ms-pedidos] [           main] org.hibernate.type.BasicTypeRegistry     : Adding type registration float_vector -> org.hibernate.type.BasicTypeReference@70fe33fa
2024-12-15T14:03:53.401-03:00 DEBUG 25938 --- [tienda-ms-pedidos] [           main] org.hibernate.type.BasicTypeRegistry     : Adding type registration double_vector -> org.hibernate.type.BasicTypeReference@3dfaa1e4
2024-12-15T14:03:53.401-03:00 DEBUG 25938 --- [tienda-ms-pedidos] [           main] org.hibernate.type.BasicTypeRegistry     : Adding type registration byte_vector -> org.hibernate.type.BasicTypeReference@796a7c9
2024-12-15T14:03:53.401-03:00 DEBUG 25938 --- [tienda-ms-pedidos] [           main] org.hibernate.type.BasicTypeRegistry     : Adding type registration row_version -> org.hibernate.type.BasicTypeReference@44cab872
2024-12-15T14:03:53.403-03:00 DEBUG 25938 --- [tienda-ms-pedidos] [           main] org.hibernate.type.BasicTypeRegistry     : Adding type registration object -> org.hibernate.type.JavaObjectType@634d56eb
2024-12-15T14:03:53.404-03:00 DEBUG 25938 --- [tienda-ms-pedidos] [           main] org.hibernate.type.BasicTypeRegistry     : Adding type registration java.lang.Object -> org.hibernate.type.JavaObjectType@634d56eb
2024-12-15T14:03:53.404-03:00 DEBUG 25938 --- [tienda-ms-pedidos] [           main] org.hibernate.type.BasicTypeRegistry     : Adding type registration null -> org.hibernate.type.NullType@735b1ad2
2024-12-15T14:03:53.404-03:00 DEBUG 25938 --- [tienda-ms-pedidos] [           main] org.hibernate.type.BasicTypeRegistry     : Adding type registration imm_date -> org.hibernate.type.BasicTypeReference@34893693
2024-12-15T14:03:53.404-03:00 DEBUG 25938 --- [tienda-ms-pedidos] [           main] org.hibernate.type.BasicTypeRegistry     : Adding type registration imm_time -> org.hibernate.type.BasicTypeReference@6408a8ac
2024-12-15T14:03:53.404-03:00 DEBUG 25938 --- [tienda-ms-pedidos] [           main] org.hibernate.type.BasicTypeRegistry     : Adding type registration imm_timestamp -> org.hibernate.type.BasicTypeReference@2f70d78c
2024-12-15T14:03:53.404-03:00 DEBUG 25938 --- [tienda-ms-pedidos] [           main] org.hibernate.type.BasicTypeRegistry     : Adding type registration imm_calendar -> org.hibernate.type.BasicTypeReference@456c53a
2024-12-15T14:03:53.404-03:00 DEBUG 25938 --- [tienda-ms-pedidos] [           main] org.hibernate.type.BasicTypeRegistry     : Adding type registration imm_calendar_date -> org.hibernate.type.BasicTypeReference@7916568d
2024-12-15T14:03:53.404-03:00 DEBUG 25938 --- [tienda-ms-pedidos] [           main] org.hibernate.type.BasicTypeRegistry     : Adding type registration imm_calendar_time -> org.hibernate.type.BasicTypeReference@58fadccb
2024-12-15T14:03:53.404-03:00 DEBUG 25938 --- [tienda-ms-pedidos] [           main] org.hibernate.type.BasicTypeRegistry     : Adding type registration imm_binary -> org.hibernate.type.BasicTypeReference@711fbcef
2024-12-15T14:03:53.404-03:00 DEBUG 25938 --- [tienda-ms-pedidos] [           main] org.hibernate.type.BasicTypeRegistry     : Adding type registration imm_serializable -> org.hibernate.type.BasicTypeReference@43d2c8e3
2024-12-15T14:03:53.407-03:00 DEBUG 25938 --- [tienda-ms-pedidos] [           main] o.h.boot.internal.BootstrapContextImpl   : Injecting JPA temp ClassLoader [org.springframework.instrument.classloading.SimpleThrowawayClassLoader@7f97e963] into BootstrapContext; was [null]
2024-12-15T14:03:53.407-03:00 DEBUG 25938 --- [tienda-ms-pedidos] [           main] o.h.boot.internal.ClassLoaderAccessImpl  : ClassLoaderAccessImpl#injectTempClassLoader(org.springframework.instrument.classloading.SimpleThrowawayClassLoader@7f97e963) [was null]
2024-12-15T14:03:53.407-03:00 DEBUG 25938 --- [tienda-ms-pedidos] [           main] o.h.boot.internal.BootstrapContextImpl   : Injecting ScanEnvironment [org.hibernate.jpa.boot.internal.StandardJpaScanEnvironmentImpl@72155315] into BootstrapContext; was [null]
2024-12-15T14:03:53.407-03:00 DEBUG 25938 --- [tienda-ms-pedidos] [           main] o.h.boot.internal.BootstrapContextImpl   : Injecting ScanOptions [org.hibernate.boot.archive.scan.internal.StandardScanOptions@2cbae0f1] into BootstrapContext; was [org.hibernate.boot.archive.scan.internal.StandardScanOptions@3bf4b018]
2024-12-15T14:03:53.537-03:00  INFO 25938 --- [tienda-ms-pedidos] [           main] o.s.o.j.p.SpringPersistenceUnitInfo      : No LoadTimeWeaver setup: ignoring JPA class transformer
2024-12-15T14:03:53.537-03:00 DEBUG 25938 --- [tienda-ms-pedidos] [           main] o.h.boot.internal.BootstrapContextImpl   : Injecting JPA temp ClassLoader [null] into BootstrapContext; was [org.springframework.instrument.classloading.SimpleThrowawayClassLoader@7f97e963]
2024-12-15T14:03:53.537-03:00 DEBUG 25938 --- [tienda-ms-pedidos] [           main] o.h.boot.internal.ClassLoaderAccessImpl  : ClassLoaderAccessImpl#injectTempClassLoader(null) [was org.springframework.instrument.classloading.SimpleThrowawayClassLoader@7f97e963]
2024-12-15T14:03:53.947-03:00 DEBUG 25938 --- [tienda-ms-pedidos] [           main] o.h.e.j.e.i.JdbcEnvironmentInitiator     : Database ->
	   name : H2
	version : 2.3.232 (2024-08-11)
	  major : 2
	  minor : 3
2024-12-15T14:03:53.947-03:00 DEBUG 25938 --- [tienda-ms-pedidos] [           main] o.h.e.j.e.i.JdbcEnvironmentInitiator     : Driver ->
	   name : H2 JDBC Driver
	version : 2.3.232 (2024-08-11)
	  major : 2
	  minor : 3
2024-12-15T14:03:53.948-03:00 DEBUG 25938 --- [tienda-ms-pedidos] [           main] o.h.e.j.e.i.JdbcEnvironmentInitiator     : JDBC version : 4.3
2024-12-15T14:03:53.975-03:00  WARN 25938 --- [tienda-ms-pedidos] [           main] org.hibernate.dialect.Dialect            : HHH000511: The 2.3.232 version for [org.hibernate.dialect.OracleDialect] is no longer supported, hence certain features may not work properly. The minimum supported version is 19.0.0. Check the community dialects project for available legacy versions.
2024-12-15T14:03:53.980-03:00  WARN 25938 --- [tienda-ms-pedidos] [           main] org.hibernate.orm.deprecation            : HHH90000025: OracleDialect does not need to be specified explicitly using 'hibernate.dialect' (remove the property setting and it will be selected by default)
2024-12-15T14:03:53.980-03:00 DEBUG 25938 --- [tienda-ms-pedidos] [           main] org.hibernate.orm.dialect                : HHH035001: Using dialect: org.hibernate.dialect.OracleDialect, version: 2.3.232
2024-12-15T14:03:53.982-03:00 DEBUG 25938 --- [tienda-ms-pedidos] [           main] o.h.e.j.env.spi.IdentifierHelperBuilder  : JDBC driver metadata reported database stores quoted identifiers in neither upper, lower nor mixed case
2024-12-15T14:03:53.990-03:00  INFO 25938 --- [tienda-ms-pedidos] [           main] org.hibernate.orm.connections.pooling    : HHH10001005: Database info:
	Database JDBC URL [Connecting through datasource 'HikariDataSource (HikariPool-1)']
	Database driver: undefined/unknown
	Database version: 2.3.232
	Autocommit mode: undefined/unknown
	Isolation level: undefined/unknown
	Minimum pool size: undefined/unknown
	Maximum pool size: undefined/unknown
2024-12-15T14:03:53.996-03:00 DEBUG 25938 --- [tienda-ms-pedidos] [           main] o.h.t.d.jdbc.spi.JdbcTypeRegistry        : addDescriptor(NCharTypeDescriptor) replaced previous registration(CharTypeDescriptor)
2024-12-15T14:03:53.996-03:00 DEBUG 25938 --- [tienda-ms-pedidos] [           main] o.h.t.d.jdbc.spi.JdbcTypeRegistry        : addDescriptor(NVarcharTypeDescriptor) replaced previous registration(VarcharTypeDescriptor)
2024-12-15T14:03:53.996-03:00 DEBUG 25938 --- [tienda-ms-pedidos] [           main] o.h.t.d.jdbc.spi.JdbcTypeRegistry        : addDescriptor(LongNVarcharTypeDescriptor) replaced previous registration(LongVarcharTypeDescriptor)
2024-12-15T14:03:53.997-03:00 DEBUG 25938 --- [tienda-ms-pedidos] [           main] o.h.t.d.jdbc.spi.JdbcTypeRegistry        : addDescriptor(NClobTypeDescriptor(DEFAULT)) replaced previous registration(ClobTypeDescriptor(DEFAULT))
2024-12-15T14:03:53.998-03:00 DEBUG 25938 --- [tienda-ms-pedidos] [           main] o.h.t.d.jdbc.spi.JdbcTypeRegistry        : addDescriptor(BooleanTypeDescriptor) replaced previous registration(BooleanTypeDescriptor)
2024-12-15T14:03:54.006-03:00 DEBUG 25938 --- [tienda-ms-pedidos] [           main] org.hibernate.type.BasicTypeRegistry     : Adding type registration null -> org.hibernate.type.NullType@2e826bd1
2024-12-15T14:03:54.006-03:00 DEBUG 25938 --- [tienda-ms-pedidos] [           main] org.hibernate.type.BasicTypeRegistry     : Type registration key [null] overrode previous entry : `org.hibernate.type.NullType@735b1ad2`
2024-12-15T14:03:54.007-03:00 DEBUG 25938 --- [tienda-ms-pedidos] [           main] org.hibernate.type.BasicTypeRegistry     : Adding type registration JAVA_OBJECT -> org.hibernate.type.JavaObjectType@18601f1e
2024-12-15T14:03:54.007-03:00 DEBUG 25938 --- [tienda-ms-pedidos] [           main] org.hibernate.type.BasicTypeRegistry     : Adding type registration java.lang.Object -> org.hibernate.type.JavaObjectType@18601f1e
2024-12-15T14:03:54.007-03:00 DEBUG 25938 --- [tienda-ms-pedidos] [           main] org.hibernate.type.BasicTypeRegistry     : Type registration key [java.lang.Object] overrode previous entry : `org.hibernate.type.JavaObjectType@634d56eb`
2024-12-15T14:03:54.009-03:00 DEBUG 25938 --- [tienda-ms-pedidos] [           main] org.hibernate.type.BasicTypeRegistry     : Adding type registration org.hibernate.type.DurationType -> basicType@1(java.time.Duration,3015)
2024-12-15T14:03:54.009-03:00 DEBUG 25938 --- [tienda-ms-pedidos] [           main] org.hibernate.type.BasicTypeRegistry     : Adding type registration Duration -> basicType@1(java.time.Duration,3015)
2024-12-15T14:03:54.009-03:00 DEBUG 25938 --- [tienda-ms-pedidos] [           main] org.hibernate.type.BasicTypeRegistry     : Adding type registration java.time.Duration -> basicType@1(java.time.Duration,3015)
2024-12-15T14:03:54.011-03:00 DEBUG 25938 --- [tienda-ms-pedidos] [           main] o.h.type.spi.TypeConfiguration$Scope     : Scoping TypeConfiguration [org.hibernate.type.spi.TypeConfiguration@58d8059b] to MetadataBuildingContext [org.hibernate.boot.internal.MetadataBuildingContextRootImpl@29323270]
2024-12-15T14:03:54.043-03:00 DEBUG 25938 --- [tienda-ms-pedidos] [           main] o.h.boot.model.relational.Namespace      : Created database namespace [logicalName=Name{catalog=null, schema=null}, physicalName=Name{catalog=null, schema=null}]
2024-12-15T14:03:54.063-03:00 DEBUG 25938 --- [tienda-ms-pedidos] [           main] o.h.boot.model.internal.EntityBinder     : Binding entity from annotated class: com.example.tienda_ms_pedidos.model.Categoria
2024-12-15T14:03:54.067-03:00 DEBUG 25938 --- [tienda-ms-pedidos] [           main] o.h.boot.model.internal.EntityBinder     : Import with entity name Categoria
2024-12-15T14:03:54.071-03:00 DEBUG 25938 --- [tienda-ms-pedidos] [           main] o.h.boot.model.internal.EntityBinder     : Bind entity com.example.tienda_ms_pedidos.model.Categoria on table categoria
2024-12-15T14:03:54.077-03:00 DEBUG 25938 --- [tienda-ms-pedidos] [           main] o.h.boot.model.internal.AnnotatedColumn  : Binding column: AnnotatedDiscriminatorColumn(column='DTYPE')
2024-12-15T14:03:54.088-03:00 DEBUG 25938 --- [tienda-ms-pedidos] [           main] o.h.boot.model.internal.AnnotatedColumn  : Binding column: AnnotatedColumn(column='idCategoria')
2024-12-15T14:03:54.089-03:00 DEBUG 25938 --- [tienda-ms-pedidos] [           main] o.h.boot.internal.ClassLoaderAccessImpl  : Not known whether passed class name [com.example.tienda_ms_pedidos.model.Categoria] is safe
2024-12-15T14:03:54.089-03:00 DEBUG 25938 --- [tienda-ms-pedidos] [           main] o.h.boot.internal.ClassLoaderAccessImpl  : No temp ClassLoader provided; using live ClassLoader for loading potentially unsafe class : com.example.tienda_ms_pedidos.model.Categoria
2024-12-15T14:03:54.092-03:00 DEBUG 25938 --- [tienda-ms-pedidos] [           main] o.h.boot.model.internal.PropertyBinder   : MetadataSourceProcessor property id with lazy=false
2024-12-15T14:03:54.098-03:00 DEBUG 25938 --- [tienda-ms-pedidos] [           main] o.h.b.m.internal.AbstractPropertyHolder  : Attempting to locate auto-apply AttributeConverter for property [com.example.tienda_ms_pedidos.model.Categoria:id]
2024-12-15T14:03:54.099-03:00 DEBUG 25938 --- [tienda-ms-pedidos] [           main] o.h.b.model.internal.BasicValueBinder    : building BasicValue for id
2024-12-15T14:03:54.100-03:00 DEBUG 25938 --- [tienda-ms-pedidos] [           main] org.hibernate.mapping.BasicValue         : Skipping column re-registration: categoria.id_categoria
2024-12-15T14:03:54.100-03:00 DEBUG 25938 --- [tienda-ms-pedidos] [           main] o.h.boot.model.internal.PropertyBinder   : Building property id
2024-12-15T14:03:54.103-03:00 DEBUG 25938 --- [tienda-ms-pedidos] [           main] o.h.boot.model.internal.BinderHelper     : #makeIdGenerator(BasicValue([Column(id_categoria)]), id, identity, , ...)
2024-12-15T14:03:54.104-03:00 DEBUG 25938 --- [tienda-ms-pedidos] [           main] o.h.boot.model.internal.AnnotatedColumn  : Binding column: AnnotatedColumn(column='descripcion')
2024-12-15T14:03:54.105-03:00 DEBUG 25938 --- [tienda-ms-pedidos] [           main] o.h.boot.model.internal.PropertyBinder   : MetadataSourceProcessor property descripcion with lazy=false
2024-12-15T14:03:54.105-03:00 DEBUG 25938 --- [tienda-ms-pedidos] [           main] o.h.b.m.internal.AbstractPropertyHolder  : Attempting to locate auto-apply AttributeConverter for property [com.example.tienda_ms_pedidos.model.Categoria:descripcion]
2024-12-15T14:03:54.105-03:00 DEBUG 25938 --- [tienda-ms-pedidos] [           main] o.h.b.model.internal.BasicValueBinder    : building BasicValue for descripcion
2024-12-15T14:03:54.105-03:00 DEBUG 25938 --- [tienda-ms-pedidos] [           main] org.hibernate.mapping.BasicValue         : Skipping column re-registration: categoria.descripcion
2024-12-15T14:03:54.105-03:00 DEBUG 25938 --- [tienda-ms-pedidos] [           main] o.h.boot.model.internal.PropertyBinder   : Building property descripcion
2024-12-15T14:03:54.107-03:00 DEBUG 25938 --- [tienda-ms-pedidos] [           main] o.h.boot.model.internal.AnnotatedColumn  : Binding column: AnnotatedColumn(column='nombre')
2024-12-15T14:03:54.107-03:00 DEBUG 25938 --- [tienda-ms-pedidos] [           main] o.h.boot.model.internal.PropertyBinder   : MetadataSourceProcessor property nombre with lazy=false
2024-12-15T14:03:54.107-03:00 DEBUG 25938 --- [tienda-ms-pedidos] [           main] o.h.b.m.internal.AbstractPropertyHolder  : Attempting to locate auto-apply AttributeConverter for property [com.example.tienda_ms_pedidos.model.Categoria:nombre]
2024-12-15T14:03:54.107-03:00 DEBUG 25938 --- [tienda-ms-pedidos] [           main] o.h.b.model.internal.BasicValueBinder    : building BasicValue for nombre
2024-12-15T14:03:54.107-03:00 DEBUG 25938 --- [tienda-ms-pedidos] [           main] org.hibernate.mapping.BasicValue         : Skipping column re-registration: categoria.nombre
2024-12-15T14:03:54.107-03:00 DEBUG 25938 --- [tienda-ms-pedidos] [           main] o.h.boot.model.internal.PropertyBinder   : Building property nombre
2024-12-15T14:03:54.116-03:00 DEBUG 25938 --- [tienda-ms-pedidos] [           main] o.h.boot.model.internal.AnnotatedColumn  : Binding column: IndexColumn(column='productos_ORDER')
2024-12-15T14:03:54.118-03:00 DEBUG 25938 --- [tienda-ms-pedidos] [           main] o.h.boot.model.internal.AnnotatedColumn  : Binding column: AnnotatedColumn()
2024-12-15T14:03:54.118-03:00 DEBUG 25938 --- [tienda-ms-pedidos] [           main] o.h.boot.model.internal.AnnotatedColumn  : Binding column: AnnotatedColumn(column='productos_KEY')
2024-12-15T14:03:54.119-03:00 DEBUG 25938 --- [tienda-ms-pedidos] [           main] o.h.boot.model.internal.AnnotatedColumn  : Binding column: AnnotatedJoinColumn(column='productos_KEY')
2024-12-15T14:03:54.119-03:00 DEBUG 25938 --- [tienda-ms-pedidos] [           main] o.h.boot.model.internal.AnnotatedColumn  : Binding column: AnnotatedJoinColumn()
2024-12-15T14:03:54.120-03:00 DEBUG 25938 --- [tienda-ms-pedidos] [           main] o.h.boot.model.internal.AnnotatedColumn  : Binding column: AnnotatedJoinColumn()
2024-12-15T14:03:54.122-03:00 DEBUG 25938 --- [tienda-ms-pedidos] [           main] o.h.b.model.internal.CollectionBinder    : Collection role: com.example.tienda_ms_pedidos.model.Categoria.productos
2024-12-15T14:03:54.123-03:00 DEBUG 25938 --- [tienda-ms-pedidos] [           main] o.h.boot.model.internal.PropertyBinder   : Building property productos
2024-12-15T14:03:54.124-03:00 DEBUG 25938 --- [tienda-ms-pedidos] [           main] o.h.b.r.c.i.ClassLoaderServiceImpl       : HHH000194: Package not found or no package-info.java: com.example.tienda_ms_pedidos.model
2024-12-15T14:03:54.126-03:00 DEBUG 25938 --- [tienda-ms-pedidos] [           main] o.h.boot.model.internal.EntityBinder     : Binding entity from annotated class: com.example.tienda_ms_pedidos.model.DetalleOrden
2024-12-15T14:03:54.126-03:00 DEBUG 25938 --- [tienda-ms-pedidos] [           main] o.h.boot.model.internal.EntityBinder     : Import with entity name DetalleOrden
2024-12-15T14:03:54.127-03:00 DEBUG 25938 --- [tienda-ms-pedidos] [           main] o.h.boot.model.internal.EntityBinder     : Bind entity com.example.tienda_ms_pedidos.model.DetalleOrden on table detalle_ordenes
2024-12-15T14:03:54.127-03:00 DEBUG 25938 --- [tienda-ms-pedidos] [           main] o.h.boot.model.internal.AnnotatedColumn  : Binding column: AnnotatedDiscriminatorColumn(column='DTYPE')
2024-12-15T14:03:54.129-03:00 DEBUG 25938 --- [tienda-ms-pedidos] [           main] o.h.boot.model.internal.AnnotatedColumn  : Binding column: AnnotatedColumn(column='ID_DETALLE_ORDEN')
2024-12-15T14:03:54.129-03:00 DEBUG 25938 --- [tienda-ms-pedidos] [           main] o.h.boot.internal.ClassLoaderAccessImpl  : Not known whether passed class name [com.example.tienda_ms_pedidos.model.DetalleOrden] is safe
2024-12-15T14:03:54.129-03:00 DEBUG 25938 --- [tienda-ms-pedidos] [           main] o.h.boot.internal.ClassLoaderAccessImpl  : No temp ClassLoader provided; using live ClassLoader for loading potentially unsafe class : com.example.tienda_ms_pedidos.model.DetalleOrden
2024-12-15T14:03:54.129-03:00 DEBUG 25938 --- [tienda-ms-pedidos] [           main] o.h.boot.model.internal.PropertyBinder   : MetadataSourceProcessor property id with lazy=false
2024-12-15T14:03:54.129-03:00 DEBUG 25938 --- [tienda-ms-pedidos] [           main] o.h.b.m.internal.AbstractPropertyHolder  : Attempting to locate auto-apply AttributeConverter for property [com.example.tienda_ms_pedidos.model.DetalleOrden:id]
2024-12-15T14:03:54.129-03:00 DEBUG 25938 --- [tienda-ms-pedidos] [           main] o.h.b.model.internal.BasicValueBinder    : building BasicValue for id
2024-12-15T14:03:54.129-03:00 DEBUG 25938 --- [tienda-ms-pedidos] [           main] org.hibernate.mapping.BasicValue         : Skipping column re-registration: detalle_ordenes.id_detalle_orden
2024-12-15T14:03:54.129-03:00 DEBUG 25938 --- [tienda-ms-pedidos] [           main] o.h.boot.model.internal.PropertyBinder   : Building property id
2024-12-15T14:03:54.129-03:00 DEBUG 25938 --- [tienda-ms-pedidos] [           main] o.h.boot.model.internal.BinderHelper     : #makeIdGenerator(BasicValue([Column(id_detalle_orden)]), id, identity, , ...)
2024-12-15T14:03:54.129-03:00 DEBUG 25938 --- [tienda-ms-pedidos] [           main] o.h.boot.model.internal.AnnotatedColumn  : Binding column: AnnotatedColumn(column='CANTIDAD')
2024-12-15T14:03:54.129-03:00 DEBUG 25938 --- [tienda-ms-pedidos] [           main] o.h.boot.model.internal.PropertyBinder   : MetadataSourceProcessor property cantidad with lazy=false
2024-12-15T14:03:54.129-03:00 DEBUG 25938 --- [tienda-ms-pedidos] [           main] o.h.b.m.internal.AbstractPropertyHolder  : Attempting to locate auto-apply AttributeConverter for property [com.example.tienda_ms_pedidos.model.DetalleOrden:cantidad]
2024-12-15T14:03:54.129-03:00 DEBUG 25938 --- [tienda-ms-pedidos] [           main] o.h.b.model.internal.BasicValueBinder    : building BasicValue for cantidad
2024-12-15T14:03:54.129-03:00 DEBUG 25938 --- [tienda-ms-pedidos] [           main] org.hibernate.mapping.BasicValue         : Skipping column re-registration: detalle_ordenes.cantidad
2024-12-15T14:03:54.129-03:00 DEBUG 25938 --- [tienda-ms-pedidos] [           main] o.h.boot.model.internal.PropertyBinder   : Building property cantidad
2024-12-15T14:03:54.129-03:00 DEBUG 25938 --- [tienda-ms-pedidos] [           main] o.h.boot.model.internal.AnnotatedColumn  : Binding column: AnnotatedColumn(column='ID_PRODUCTO')
2024-12-15T14:03:54.130-03:00 DEBUG 25938 --- [tienda-ms-pedidos] [           main] o.h.boot.model.internal.PropertyBinder   : MetadataSourceProcessor property idProducto with lazy=false
2024-12-15T14:03:54.130-03:00 DEBUG 25938 --- [tienda-ms-pedidos] [           main] o.h.b.m.internal.AbstractPropertyHolder  : Attempting to locate auto-apply AttributeConverter for property [com.example.tienda_ms_pedidos.model.DetalleOrden:idProducto]
2024-12-15T14:03:54.130-03:00 DEBUG 25938 --- [tienda-ms-pedidos] [           main] o.h.b.model.internal.BasicValueBinder    : building BasicValue for idProducto
2024-12-15T14:03:54.130-03:00 DEBUG 25938 --- [tienda-ms-pedidos] [           main] org.hibernate.mapping.BasicValue         : Skipping column re-registration: detalle_ordenes.id_producto
2024-12-15T14:03:54.130-03:00 DEBUG 25938 --- [tienda-ms-pedidos] [           main] o.h.boot.model.internal.PropertyBinder   : Building property idProducto
2024-12-15T14:03:54.130-03:00 DEBUG 25938 --- [tienda-ms-pedidos] [           main] o.h.boot.model.internal.AnnotatedColumn  : Binding column: AnnotatedColumn(column='MONTO_TOTAL')
2024-12-15T14:03:54.130-03:00 DEBUG 25938 --- [tienda-ms-pedidos] [           main] o.h.boot.model.internal.PropertyBinder   : MetadataSourceProcessor property montoTotal with lazy=false
2024-12-15T14:03:54.130-03:00 DEBUG 25938 --- [tienda-ms-pedidos] [           main] o.h.b.m.internal.AbstractPropertyHolder  : Attempting to locate auto-apply AttributeConverter for property [com.example.tienda_ms_pedidos.model.DetalleOrden:montoTotal]
2024-12-15T14:03:54.130-03:00 DEBUG 25938 --- [tienda-ms-pedidos] [           main] o.h.b.model.internal.BasicValueBinder    : building BasicValue for montoTotal
2024-12-15T14:03:54.130-03:00 DEBUG 25938 --- [tienda-ms-pedidos] [           main] org.hibernate.mapping.BasicValue         : Skipping column re-registration: detalle_ordenes.monto_total
2024-12-15T14:03:54.130-03:00 DEBUG 25938 --- [tienda-ms-pedidos] [           main] o.h.boot.model.internal.PropertyBinder   : Building property montoTotal
2024-12-15T14:03:54.130-03:00 DEBUG 25938 --- [tienda-ms-pedidos] [           main] o.h.boot.model.internal.AnnotatedColumn  : Binding column: AnnotatedJoinColumn(column='id_orden')
2024-12-15T14:03:54.130-03:00 DEBUG 25938 --- [tienda-ms-pedidos] [           main] o.h.boot.model.internal.AnnotatedColumn  : Binding column: AnnotatedColumn()
2024-12-15T14:03:54.135-03:00 DEBUG 25938 --- [tienda-ms-pedidos] [           main] o.h.boot.model.internal.PropertyBinder   : Building property orden
2024-12-15T14:03:54.135-03:00 DEBUG 25938 --- [tienda-ms-pedidos] [           main] o.h.boot.model.internal.AnnotatedColumn  : Binding column: AnnotatedColumn(column='PRECIO')
2024-12-15T14:03:54.135-03:00 DEBUG 25938 --- [tienda-ms-pedidos] [           main] o.h.boot.model.internal.PropertyBinder   : MetadataSourceProcessor property precio with lazy=false
2024-12-15T14:03:54.135-03:00 DEBUG 25938 --- [tienda-ms-pedidos] [           main] o.h.b.m.internal.AbstractPropertyHolder  : Attempting to locate auto-apply AttributeConverter for property [com.example.tienda_ms_pedidos.model.DetalleOrden:precio]
2024-12-15T14:03:54.136-03:00 DEBUG 25938 --- [tienda-ms-pedidos] [           main] o.h.b.model.internal.BasicValueBinder    : building BasicValue for precio
2024-12-15T14:03:54.136-03:00 DEBUG 25938 --- [tienda-ms-pedidos] [           main] org.hibernate.mapping.BasicValue         : Skipping column re-registration: detalle_ordenes.precio
2024-12-15T14:03:54.136-03:00 DEBUG 25938 --- [tienda-ms-pedidos] [           main] o.h.boot.model.internal.PropertyBinder   : Building property precio
2024-12-15T14:03:54.136-03:00 DEBUG 25938 --- [tienda-ms-pedidos] [           main] o.h.b.r.c.i.ClassLoaderServiceImpl       : HHH000194: Package not found or no package-info.java: com.example.tienda_ms_pedidos.model
2024-12-15T14:03:54.136-03:00 DEBUG 25938 --- [tienda-ms-pedidos] [           main] o.h.boot.model.internal.EntityBinder     : Binding entity from annotated class: com.example.tienda_ms_pedidos.model.Orden
2024-12-15T14:03:54.136-03:00 DEBUG 25938 --- [tienda-ms-pedidos] [           main] o.h.boot.model.internal.EntityBinder     : Import with entity name Orden
2024-12-15T14:03:54.136-03:00 DEBUG 25938 --- [tienda-ms-pedidos] [           main] o.h.boot.model.internal.EntityBinder     : Bind entity com.example.tienda_ms_pedidos.model.Orden on table ordenes
2024-12-15T14:03:54.137-03:00 DEBUG 25938 --- [tienda-ms-pedidos] [           main] o.h.boot.model.internal.AnnotatedColumn  : Binding column: AnnotatedDiscriminatorColumn(column='DTYPE')
2024-12-15T14:03:54.138-03:00 DEBUG 25938 --- [tienda-ms-pedidos] [           main] o.h.boot.model.internal.AnnotatedColumn  : Binding column: AnnotatedColumn(column='ID_ORDEN')
2024-12-15T14:03:54.139-03:00 DEBUG 25938 --- [tienda-ms-pedidos] [           main] o.h.boot.internal.ClassLoaderAccessImpl  : Not known whether passed class name [com.example.tienda_ms_pedidos.model.Orden] is safe
2024-12-15T14:03:54.139-03:00 DEBUG 25938 --- [tienda-ms-pedidos] [           main] o.h.boot.internal.ClassLoaderAccessImpl  : No temp ClassLoader provided; using live ClassLoader for loading potentially unsafe class : com.example.tienda_ms_pedidos.model.Orden
2024-12-15T14:03:54.139-03:00 DEBUG 25938 --- [tienda-ms-pedidos] [           main] o.h.boot.model.internal.PropertyBinder   : MetadataSourceProcessor property id with lazy=false
2024-12-15T14:03:54.139-03:00 DEBUG 25938 --- [tienda-ms-pedidos] [           main] o.h.b.m.internal.AbstractPropertyHolder  : Attempting to locate auto-apply AttributeConverter for property [com.example.tienda_ms_pedidos.model.Orden:id]
2024-12-15T14:03:54.139-03:00 DEBUG 25938 --- [tienda-ms-pedidos] [           main] o.h.b.model.internal.BasicValueBinder    : building BasicValue for id
2024-12-15T14:03:54.139-03:00 DEBUG 25938 --- [tienda-ms-pedidos] [           main] org.hibernate.mapping.BasicValue         : Skipping column re-registration: ordenes.id_orden
2024-12-15T14:03:54.139-03:00 DEBUG 25938 --- [tienda-ms-pedidos] [           main] o.h.boot.model.internal.PropertyBinder   : Building property id
2024-12-15T14:03:54.139-03:00 DEBUG 25938 --- [tienda-ms-pedidos] [           main] o.h.boot.model.internal.BinderHelper     : #makeIdGenerator(BasicValue([Column(id_orden)]), id, identity, , ...)
2024-12-15T14:03:54.139-03:00 DEBUG 25938 --- [tienda-ms-pedidos] [           main] o.h.boot.model.internal.AnnotatedColumn  : Binding column: AnnotatedJoinColumn()
2024-12-15T14:03:54.139-03:00 DEBUG 25938 --- [tienda-ms-pedidos] [           main] o.h.boot.model.internal.AnnotatedColumn  : Binding column: AnnotatedColumn()
2024-12-15T14:03:54.140-03:00 DEBUG 25938 --- [tienda-ms-pedidos] [           main] o.h.boot.model.internal.AnnotatedColumn  : Binding column: IndexColumn(column='detalles_ORDER')
2024-12-15T14:03:54.140-03:00 DEBUG 25938 --- [tienda-ms-pedidos] [           main] o.h.boot.model.internal.AnnotatedColumn  : Binding column: AnnotatedColumn()
2024-12-15T14:03:54.140-03:00 DEBUG 25938 --- [tienda-ms-pedidos] [           main] o.h.boot.model.internal.AnnotatedColumn  : Binding column: AnnotatedColumn(column='detalles_KEY')
2024-12-15T14:03:54.140-03:00 DEBUG 25938 --- [tienda-ms-pedidos] [           main] o.h.boot.model.internal.AnnotatedColumn  : Binding column: AnnotatedJoinColumn(column='detalles_KEY')
2024-12-15T14:03:54.140-03:00 DEBUG 25938 --- [tienda-ms-pedidos] [           main] o.h.boot.model.internal.AnnotatedColumn  : Binding column: AnnotatedJoinColumn()
2024-12-15T14:03:54.140-03:00 DEBUG 25938 --- [tienda-ms-pedidos] [           main] o.h.boot.model.internal.AnnotatedColumn  : Binding column: AnnotatedJoinColumn()
2024-12-15T14:03:54.140-03:00 DEBUG 25938 --- [tienda-ms-pedidos] [           main] o.h.b.model.internal.CollectionBinder    : Collection role: com.example.tienda_ms_pedidos.model.Orden.detalles
2024-12-15T14:03:54.140-03:00 DEBUG 25938 --- [tienda-ms-pedidos] [           main] o.h.boot.model.internal.PropertyBinder   : Building property detalles
2024-12-15T14:03:54.140-03:00 DEBUG 25938 --- [tienda-ms-pedidos] [           main] o.h.boot.model.internal.AnnotatedColumn  : Binding column: AnnotatedColumn(column='EMAIL')
2024-12-15T14:03:54.140-03:00 DEBUG 25938 --- [tienda-ms-pedidos] [           main] o.h.boot.model.internal.PropertyBinder   : MetadataSourceProcessor property email with lazy=false
2024-12-15T14:03:54.140-03:00 DEBUG 25938 --- [tienda-ms-pedidos] [           main] o.h.b.m.internal.AbstractPropertyHolder  : Attempting to locate auto-apply AttributeConverter for property [com.example.tienda_ms_pedidos.model.Orden:email]
2024-12-15T14:03:54.141-03:00 DEBUG 25938 --- [tienda-ms-pedidos] [           main] o.h.b.model.internal.BasicValueBinder    : building BasicValue for email
2024-12-15T14:03:54.141-03:00 DEBUG 25938 --- [tienda-ms-pedidos] [           main] org.hibernate.mapping.BasicValue         : Skipping column re-registration: ordenes.email
2024-12-15T14:03:54.141-03:00 DEBUG 25938 --- [tienda-ms-pedidos] [           main] o.h.boot.model.internal.PropertyBinder   : Building property email
2024-12-15T14:03:54.141-03:00 DEBUG 25938 --- [tienda-ms-pedidos] [           main] o.h.boot.model.internal.AnnotatedColumn  : Binding column: AnnotatedColumn(column='ESTADO')
2024-12-15T14:03:54.141-03:00 DEBUG 25938 --- [tienda-ms-pedidos] [           main] o.h.boot.model.internal.PropertyBinder   : MetadataSourceProcessor property estado with lazy=false
2024-12-15T14:03:54.141-03:00 DEBUG 25938 --- [tienda-ms-pedidos] [           main] o.h.b.m.internal.AbstractPropertyHolder  : Attempting to locate auto-apply AttributeConverter for property [com.example.tienda_ms_pedidos.model.Orden:estado]
2024-12-15T14:03:54.141-03:00 DEBUG 25938 --- [tienda-ms-pedidos] [           main] o.h.b.model.internal.BasicValueBinder    : building BasicValue for estado
2024-12-15T14:03:54.141-03:00 DEBUG 25938 --- [tienda-ms-pedidos] [           main] org.hibernate.mapping.BasicValue         : Skipping column re-registration: ordenes.estado
2024-12-15T14:03:54.141-03:00 DEBUG 25938 --- [tienda-ms-pedidos] [           main] o.h.boot.model.internal.PropertyBinder   : Building property estado
2024-12-15T14:03:54.141-03:00 DEBUG 25938 --- [tienda-ms-pedidos] [           main] o.h.boot.model.internal.AnnotatedColumn  : Binding column: AnnotatedColumn(column='FECHA')
2024-12-15T14:03:54.141-03:00 DEBUG 25938 --- [tienda-ms-pedidos] [           main] o.h.boot.model.internal.PropertyBinder   : MetadataSourceProcessor property fecha with lazy=false
2024-12-15T14:03:54.141-03:00 DEBUG 25938 --- [tienda-ms-pedidos] [           main] o.h.b.m.internal.AbstractPropertyHolder  : Attempting to locate auto-apply AttributeConverter for property [com.example.tienda_ms_pedidos.model.Orden:fecha]
2024-12-15T14:03:54.142-03:00 DEBUG 25938 --- [tienda-ms-pedidos] [           main] o.h.b.model.internal.BasicValueBinder    : building BasicValue for fecha
2024-12-15T14:03:54.142-03:00 DEBUG 25938 --- [tienda-ms-pedidos] [           main] org.hibernate.mapping.BasicValue         : Skipping column re-registration: ordenes.fecha
2024-12-15T14:03:54.142-03:00 DEBUG 25938 --- [tienda-ms-pedidos] [           main] o.h.boot.model.internal.PropertyBinder   : Building property fecha
2024-12-15T14:03:54.142-03:00 DEBUG 25938 --- [tienda-ms-pedidos] [           main] o.h.boot.model.internal.AnnotatedColumn  : Binding column: AnnotatedColumn(column='MONTO_TOTAL')
2024-12-15T14:03:54.142-03:00 DEBUG 25938 --- [tienda-ms-pedidos] [           main] o.h.boot.model.internal.PropertyBinder   : MetadataSourceProcessor property montoTotal with lazy=false
2024-12-15T14:03:54.142-03:00 DEBUG 25938 --- [tienda-ms-pedidos] [           main] o.h.b.m.internal.AbstractPropertyHolder  : Attempting to locate auto-apply AttributeConverter for property [com.example.tienda_ms_pedidos.model.Orden:montoTotal]
2024-12-15T14:03:54.142-03:00 DEBUG 25938 --- [tienda-ms-pedidos] [           main] o.h.b.model.internal.BasicValueBinder    : building BasicValue for montoTotal
2024-12-15T14:03:54.142-03:00 DEBUG 25938 --- [tienda-ms-pedidos] [           main] org.hibernate.mapping.BasicValue         : Skipping column re-registration: ordenes.monto_total
2024-12-15T14:03:54.142-03:00 DEBUG 25938 --- [tienda-ms-pedidos] [           main] o.h.boot.model.internal.PropertyBinder   : Building property montoTotal
2024-12-15T14:03:54.142-03:00 DEBUG 25938 --- [tienda-ms-pedidos] [           main] o.h.b.r.c.i.ClassLoaderServiceImpl       : HHH000194: Package not found or no package-info.java: com.example.tienda_ms_pedidos.model
2024-12-15T14:03:54.142-03:00 DEBUG 25938 --- [tienda-ms-pedidos] [           main] o.h.boot.model.internal.EntityBinder     : Binding entity from annotated class: com.example.tienda_ms_pedidos.model.Producto
2024-12-15T14:03:54.142-03:00 DEBUG 25938 --- [tienda-ms-pedidos] [           main] o.h.boot.model.internal.EntityBinder     : Import with entity name Producto
2024-12-15T14:03:54.143-03:00 DEBUG 25938 --- [tienda-ms-pedidos] [           main] o.h.boot.model.internal.EntityBinder     : Bind entity com.example.tienda_ms_pedidos.model.Producto on table producto
2024-12-15T14:03:54.143-03:00 DEBUG 25938 --- [tienda-ms-pedidos] [           main] o.h.boot.model.internal.AnnotatedColumn  : Binding column: AnnotatedDiscriminatorColumn(column='DTYPE')
2024-12-15T14:03:54.144-03:00 DEBUG 25938 --- [tienda-ms-pedidos] [           main] o.h.boot.model.internal.AnnotatedColumn  : Binding column: AnnotatedColumn(column='idProducto')
2024-12-15T14:03:54.144-03:00 DEBUG 25938 --- [tienda-ms-pedidos] [           main] o.h.boot.internal.ClassLoaderAccessImpl  : Not known whether passed class name [com.example.tienda_ms_pedidos.model.Producto] is safe
2024-12-15T14:03:54.144-03:00 DEBUG 25938 --- [tienda-ms-pedidos] [           main] o.h.boot.internal.ClassLoaderAccessImpl  : No temp ClassLoader provided; using live ClassLoader for loading potentially unsafe class : com.example.tienda_ms_pedidos.model.Producto
2024-12-15T14:03:54.144-03:00 DEBUG 25938 --- [tienda-ms-pedidos] [           main] o.h.boot.model.internal.PropertyBinder   : MetadataSourceProcessor property id with lazy=false
2024-12-15T14:03:54.145-03:00 DEBUG 25938 --- [tienda-ms-pedidos] [           main] o.h.b.m.internal.AbstractPropertyHolder  : Attempting to locate auto-apply AttributeConverter for property [com.example.tienda_ms_pedidos.model.Producto:id]
2024-12-15T14:03:54.145-03:00 DEBUG 25938 --- [tienda-ms-pedidos] [           main] o.h.b.model.internal.BasicValueBinder    : building BasicValue for id
2024-12-15T14:03:54.145-03:00 DEBUG 25938 --- [tienda-ms-pedidos] [           main] org.hibernate.mapping.BasicValue         : Skipping column re-registration: producto.id_producto
2024-12-15T14:03:54.145-03:00 DEBUG 25938 --- [tienda-ms-pedidos] [           main] o.h.boot.model.internal.PropertyBinder   : Building property id
2024-12-15T14:03:54.145-03:00 DEBUG 25938 --- [tienda-ms-pedidos] [           main] o.h.boot.model.internal.BinderHelper     : #makeIdGenerator(BasicValue([Column(id_producto)]), id, identity, , ...)
2024-12-15T14:03:54.145-03:00 DEBUG 25938 --- [tienda-ms-pedidos] [           main] o.h.boot.model.internal.AnnotatedColumn  : Binding column: IndexColumn(column='categorias_ORDER')
2024-12-15T14:03:54.145-03:00 DEBUG 25938 --- [tienda-ms-pedidos] [           main] o.h.boot.model.internal.AnnotatedColumn  : Binding column: AnnotatedColumn()
2024-12-15T14:03:54.145-03:00 DEBUG 25938 --- [tienda-ms-pedidos] [           main] o.h.boot.model.internal.AnnotatedColumn  : Binding column: AnnotatedColumn(column='categorias_KEY')
2024-12-15T14:03:54.145-03:00 DEBUG 25938 --- [tienda-ms-pedidos] [           main] o.h.boot.model.internal.AnnotatedColumn  : Binding column: AnnotatedJoinColumn(column='categorias_KEY')
2024-12-15T14:03:54.146-03:00 DEBUG 25938 --- [tienda-ms-pedidos] [           main] o.h.boot.model.internal.AnnotatedColumn  : Binding column: AnnotatedJoinColumn(column='idProducto')
2024-12-15T14:03:54.146-03:00 DEBUG 25938 --- [tienda-ms-pedidos] [           main] o.h.boot.model.internal.AnnotatedColumn  : Binding column: AnnotatedJoinColumn(column='idCategoria')
2024-12-15T14:03:54.146-03:00 DEBUG 25938 --- [tienda-ms-pedidos] [           main] o.h.b.model.internal.CollectionBinder    : Collection role: com.example.tienda_ms_pedidos.model.Producto.categorias
2024-12-15T14:03:54.146-03:00 DEBUG 25938 --- [tienda-ms-pedidos] [           main] o.h.boot.model.internal.PropertyBinder   : Building property categorias
2024-12-15T14:03:54.146-03:00 DEBUG 25938 --- [tienda-ms-pedidos] [           main] o.h.boot.model.internal.AnnotatedColumn  : Binding column: AnnotatedColumn(column='descripcion')
2024-12-15T14:03:54.146-03:00 DEBUG 25938 --- [tienda-ms-pedidos] [           main] o.h.boot.model.internal.PropertyBinder   : MetadataSourceProcessor property descripcion with lazy=false
2024-12-15T14:03:54.146-03:00 DEBUG 25938 --- [tienda-ms-pedidos] [           main] o.h.b.m.internal.AbstractPropertyHolder  : Attempting to locate auto-apply AttributeConverter for property [com.example.tienda_ms_pedidos.model.Producto:descripcion]
2024-12-15T14:03:54.146-03:00 DEBUG 25938 --- [tienda-ms-pedidos] [           main] o.h.b.model.internal.BasicValueBinder    : building BasicValue for descripcion
2024-12-15T14:03:54.146-03:00 DEBUG 25938 --- [tienda-ms-pedidos] [           main] org.hibernate.mapping.BasicValue         : Skipping column re-registration: producto.descripcion
2024-12-15T14:03:54.146-03:00 DEBUG 25938 --- [tienda-ms-pedidos] [           main] o.h.boot.model.internal.PropertyBinder   : Building property descripcion
2024-12-15T14:03:54.146-03:00 DEBUG 25938 --- [tienda-ms-pedidos] [           main] o.h.boot.model.internal.AnnotatedColumn  : Binding column: AnnotatedColumn(column='imagen')
2024-12-15T14:03:54.146-03:00 DEBUG 25938 --- [tienda-ms-pedidos] [           main] o.h.boot.model.internal.PropertyBinder   : MetadataSourceProcessor property imagen with lazy=false
2024-12-15T14:03:54.146-03:00 DEBUG 25938 --- [tienda-ms-pedidos] [           main] o.h.b.m.internal.AbstractPropertyHolder  : Attempting to locate auto-apply AttributeConverter for property [com.example.tienda_ms_pedidos.model.Producto:imagen]
2024-12-15T14:03:54.146-03:00 DEBUG 25938 --- [tienda-ms-pedidos] [           main] o.h.b.model.internal.BasicValueBinder    : building BasicValue for imagen
2024-12-15T14:03:54.146-03:00 DEBUG 25938 --- [tienda-ms-pedidos] [           main] org.hibernate.mapping.BasicValue         : Skipping column re-registration: producto.imagen
2024-12-15T14:03:54.146-03:00 DEBUG 25938 --- [tienda-ms-pedidos] [           main] o.h.boot.model.internal.PropertyBinder   : Building property imagen
2024-12-15T14:03:54.146-03:00 DEBUG 25938 --- [tienda-ms-pedidos] [           main] o.h.boot.model.internal.AnnotatedColumn  : Binding column: AnnotatedColumn(column='nombre')
2024-12-15T14:03:54.146-03:00 DEBUG 25938 --- [tienda-ms-pedidos] [           main] o.h.boot.model.internal.PropertyBinder   : MetadataSourceProcessor property nombre with lazy=false
2024-12-15T14:03:54.146-03:00 DEBUG 25938 --- [tienda-ms-pedidos] [           main] o.h.b.m.internal.AbstractPropertyHolder  : Attempting to locate auto-apply AttributeConverter for property [com.example.tienda_ms_pedidos.model.Producto:nombre]
2024-12-15T14:03:54.146-03:00 DEBUG 25938 --- [tienda-ms-pedidos] [           main] o.h.b.model.internal.BasicValueBinder    : building BasicValue for nombre
2024-12-15T14:03:54.147-03:00 DEBUG 25938 --- [tienda-ms-pedidos] [           main] org.hibernate.mapping.BasicValue         : Skipping column re-registration: producto.nombre
2024-12-15T14:03:54.147-03:00 DEBUG 25938 --- [tienda-ms-pedidos] [           main] o.h.boot.model.internal.PropertyBinder   : Building property nombre
2024-12-15T14:03:54.147-03:00 DEBUG 25938 --- [tienda-ms-pedidos] [           main] o.h.boot.model.internal.AnnotatedColumn  : Binding column: AnnotatedColumn(column='precio')
2024-12-15T14:03:54.147-03:00 DEBUG 25938 --- [tienda-ms-pedidos] [           main] o.h.boot.model.internal.PropertyBinder   : MetadataSourceProcessor property precio with lazy=false
2024-12-15T14:03:54.147-03:00 DEBUG 25938 --- [tienda-ms-pedidos] [           main] o.h.b.m.internal.AbstractPropertyHolder  : Attempting to locate auto-apply AttributeConverter for property [com.example.tienda_ms_pedidos.model.Producto:precio]
2024-12-15T14:03:54.147-03:00 DEBUG 25938 --- [tienda-ms-pedidos] [           main] o.h.b.model.internal.BasicValueBinder    : building BasicValue for precio
2024-12-15T14:03:54.147-03:00 DEBUG 25938 --- [tienda-ms-pedidos] [           main] org.hibernate.mapping.BasicValue         : Skipping column re-registration: producto.precio
2024-12-15T14:03:54.147-03:00 DEBUG 25938 --- [tienda-ms-pedidos] [           main] o.h.boot.model.internal.PropertyBinder   : Building property precio
2024-12-15T14:03:54.147-03:00 DEBUG 25938 --- [tienda-ms-pedidos] [           main] o.h.boot.model.internal.AnnotatedColumn  : Binding column: AnnotatedColumn(column='stock')
2024-12-15T14:03:54.147-03:00 DEBUG 25938 --- [tienda-ms-pedidos] [           main] o.h.boot.model.internal.PropertyBinder   : MetadataSourceProcessor property stock with lazy=false
2024-12-15T14:03:54.147-03:00 DEBUG 25938 --- [tienda-ms-pedidos] [           main] o.h.b.m.internal.AbstractPropertyHolder  : Attempting to locate auto-apply AttributeConverter for property [com.example.tienda_ms_pedidos.model.Producto:stock]
2024-12-15T14:03:54.147-03:00 DEBUG 25938 --- [tienda-ms-pedidos] [           main] o.h.b.model.internal.BasicValueBinder    : building BasicValue for stock
2024-12-15T14:03:54.147-03:00 DEBUG 25938 --- [tienda-ms-pedidos] [           main] org.hibernate.mapping.BasicValue         : Skipping column re-registration: producto.stock
2024-12-15T14:03:54.147-03:00 DEBUG 25938 --- [tienda-ms-pedidos] [           main] o.h.boot.model.internal.PropertyBinder   : Building property stock
2024-12-15T14:03:54.147-03:00 DEBUG 25938 --- [tienda-ms-pedidos] [           main] o.h.b.r.c.i.ClassLoaderServiceImpl       : HHH000194: Package not found or no package-info.java: com.example.tienda_ms_pedidos.model
2024-12-15T14:03:54.148-03:00 DEBUG 25938 --- [tienda-ms-pedidos] [           main] o.h.b.model.internal.BasicValueBinder    : Starting `BasicValueBinder#fillSimpleValue` for id
2024-12-15T14:03:54.149-03:00 DEBUG 25938 --- [tienda-ms-pedidos] [           main] o.h.b.model.internal.BasicValueBinder    : Starting `BasicValueBinder#fillSimpleValue` for descripcion
2024-12-15T14:03:54.149-03:00 DEBUG 25938 --- [tienda-ms-pedidos] [           main] o.h.b.model.internal.BasicValueBinder    : Starting `BasicValueBinder#fillSimpleValue` for nombre
2024-12-15T14:03:54.149-03:00 DEBUG 25938 --- [tienda-ms-pedidos] [           main] o.h.b.model.internal.BasicValueBinder    : Starting `BasicValueBinder#fillSimpleValue` for id
2024-12-15T14:03:54.149-03:00 DEBUG 25938 --- [tienda-ms-pedidos] [           main] o.h.b.model.internal.BasicValueBinder    : Starting `BasicValueBinder#fillSimpleValue` for cantidad
2024-12-15T14:03:54.149-03:00 DEBUG 25938 --- [tienda-ms-pedidos] [           main] o.h.b.model.internal.BasicValueBinder    : Starting `BasicValueBinder#fillSimpleValue` for idProducto
2024-12-15T14:03:54.149-03:00 DEBUG 25938 --- [tienda-ms-pedidos] [           main] o.h.b.model.internal.BasicValueBinder    : Starting `BasicValueBinder#fillSimpleValue` for montoTotal
2024-12-15T14:03:54.149-03:00 DEBUG 25938 --- [tienda-ms-pedidos] [           main] o.h.b.model.internal.BasicValueBinder    : Starting `BasicValueBinder#fillSimpleValue` for precio
2024-12-15T14:03:54.149-03:00 DEBUG 25938 --- [tienda-ms-pedidos] [           main] o.h.b.model.internal.BasicValueBinder    : Starting `BasicValueBinder#fillSimpleValue` for id
2024-12-15T14:03:54.149-03:00 DEBUG 25938 --- [tienda-ms-pedidos] [           main] o.h.b.model.internal.BasicValueBinder    : Starting `BasicValueBinder#fillSimpleValue` for email
2024-12-15T14:03:54.150-03:00 DEBUG 25938 --- [tienda-ms-pedidos] [           main] o.h.b.model.internal.BasicValueBinder    : Starting `BasicValueBinder#fillSimpleValue` for estado
2024-12-15T14:03:54.150-03:00 DEBUG 25938 --- [tienda-ms-pedidos] [           main] o.h.b.model.internal.BasicValueBinder    : Starting `BasicValueBinder#fillSimpleValue` for fecha
2024-12-15T14:03:54.150-03:00 DEBUG 25938 --- [tienda-ms-pedidos] [           main] o.h.b.model.internal.BasicValueBinder    : Starting `BasicValueBinder#fillSimpleValue` for montoTotal
2024-12-15T14:03:54.150-03:00 DEBUG 25938 --- [tienda-ms-pedidos] [           main] o.h.b.model.internal.BasicValueBinder    : Starting `BasicValueBinder#fillSimpleValue` for id
2024-12-15T14:03:54.150-03:00 DEBUG 25938 --- [tienda-ms-pedidos] [           main] o.h.b.model.internal.BasicValueBinder    : Starting `BasicValueBinder#fillSimpleValue` for descripcion
2024-12-15T14:03:54.150-03:00 DEBUG 25938 --- [tienda-ms-pedidos] [           main] o.h.b.model.internal.BasicValueBinder    : Starting `BasicValueBinder#fillSimpleValue` for imagen
2024-12-15T14:03:54.150-03:00 DEBUG 25938 --- [tienda-ms-pedidos] [           main] o.h.b.model.internal.BasicValueBinder    : Starting `BasicValueBinder#fillSimpleValue` for nombre
2024-12-15T14:03:54.150-03:00 DEBUG 25938 --- [tienda-ms-pedidos] [           main] o.h.b.model.internal.BasicValueBinder    : Starting `BasicValueBinder#fillSimpleValue` for precio
2024-12-15T14:03:54.150-03:00 DEBUG 25938 --- [tienda-ms-pedidos] [           main] o.h.b.model.internal.BasicValueBinder    : Starting `BasicValueBinder#fillSimpleValue` for stock
2024-12-15T14:03:54.154-03:00 DEBUG 25938 --- [tienda-ms-pedidos] [           main] org.hibernate.mapping.PrimaryKey         : Forcing column [id_categoria] to be non-null as it is part of the primary key for table [categoria]
2024-12-15T14:03:54.154-03:00 DEBUG 25938 --- [tienda-ms-pedidos] [           main] org.hibernate.mapping.PrimaryKey         : Forcing column [id_detalle_orden] to be non-null as it is part of the primary key for table [detalle_ordenes]
2024-12-15T14:03:54.154-03:00 DEBUG 25938 --- [tienda-ms-pedidos] [           main] org.hibernate.mapping.PrimaryKey         : Forcing column [id_orden] to be non-null as it is part of the primary key for table [ordenes]
2024-12-15T14:03:54.154-03:00 DEBUG 25938 --- [tienda-ms-pedidos] [           main] org.hibernate.mapping.PrimaryKey         : Forcing column [id_producto] to be non-null as it is part of the primary key for table [producto]
2024-12-15T14:03:54.154-03:00 DEBUG 25938 --- [tienda-ms-pedidos] [           main] o.h.b.m.internal.CollectionSecondPass    : Second pass for collection: com.example.tienda_ms_pedidos.model.Producto.categorias
2024-12-15T14:03:54.154-03:00 DEBUG 25938 --- [tienda-ms-pedidos] [           main] o.h.b.model.internal.CollectionBinder    : Binding a ManyToMany: com.example.tienda_ms_pedidos.model.Producto.categorias
2024-12-15T14:03:54.154-03:00 DEBUG 25938 --- [tienda-ms-pedidos] [           main] o.h.b.r.c.i.ClassLoaderServiceImpl       : HHH000194: Package not found or no package-info.java: com.example.tienda_ms_pedidos.model
2024-12-15T14:03:54.157-03:00 DEBUG 25938 --- [tienda-ms-pedidos] [           main] org.hibernate.mapping.PrimaryKey         : Forcing column [id_producto] to be non-null as it is part of the primary key for table [producto_categoria]
2024-12-15T14:03:54.157-03:00 DEBUG 25938 --- [tienda-ms-pedidos] [           main] org.hibernate.mapping.PrimaryKey         : Forcing column [id_categoria] to be non-null as it is part of the primary key for table [producto_categoria]
2024-12-15T14:03:54.158-03:00 DEBUG 25938 --- [tienda-ms-pedidos] [           main] o.h.b.m.internal.CollectionSecondPass    : Mapped collection key: id_producto, element: id_categoria
2024-12-15T14:03:54.158-03:00 DEBUG 25938 --- [tienda-ms-pedidos] [           main] o.h.b.m.internal.CollectionSecondPass    : Second pass for collection: com.example.tienda_ms_pedidos.model.Categoria.productos
2024-12-15T14:03:54.159-03:00 DEBUG 25938 --- [tienda-ms-pedidos] [           main] o.h.b.model.internal.CollectionBinder    : Binding a ManyToMany: com.example.tienda_ms_pedidos.model.Categoria.productos
2024-12-15T14:03:54.159-03:00 DEBUG 25938 --- [tienda-ms-pedidos] [           main] o.h.b.r.c.i.ClassLoaderServiceImpl       : HHH000194: Package not found or no package-info.java: com.example.tienda_ms_pedidos.model
2024-12-15T14:03:54.159-03:00 DEBUG 25938 --- [tienda-ms-pedidos] [           main] o.h.boot.model.internal.TableBinder      : Retrieving property com.example.tienda_ms_pedidos.model.Producto.categorias
2024-12-15T14:03:54.159-03:00 DEBUG 25938 --- [tienda-ms-pedidos] [           main] o.h.b.m.internal.CollectionSecondPass    : Mapped collection key: id_categoria, element: id_producto
2024-12-15T14:03:54.159-03:00 DEBUG 25938 --- [tienda-ms-pedidos] [           main] o.h.b.m.internal.CollectionSecondPass    : Second pass for collection: com.example.tienda_ms_pedidos.model.Orden.detalles
2024-12-15T14:03:54.159-03:00 DEBUG 25938 --- [tienda-ms-pedidos] [           main] o.h.b.model.internal.CollectionBinder    : Binding a OneToMany: com.example.tienda_ms_pedidos.model.Orden.detalles through a foreign key
2024-12-15T14:03:54.159-03:00 DEBUG 25938 --- [tienda-ms-pedidos] [           main] o.h.b.model.internal.CollectionBinder    : Mapping collection: com.example.tienda_ms_pedidos.model.Orden.detalles -> detalle_ordenes
2024-12-15T14:03:54.159-03:00 DEBUG 25938 --- [tienda-ms-pedidos] [           main] o.h.boot.model.internal.TableBinder      : Retrieving property com.example.tienda_ms_pedidos.model.DetalleOrden.orden
2024-12-15T14:03:54.160-03:00 DEBUG 25938 --- [tienda-ms-pedidos] [           main] o.h.b.m.internal.CollectionSecondPass    : Mapped collection key: id_orden, one-to-many: com.example.tienda_ms_pedidos.model.DetalleOrden
2024-12-15T14:03:54.199-03:00 DEBUG 25938 --- [tienda-ms-pedidos] [           main] o.hibernate.internal.SessionFactoryImpl  : Building session factory
2024-12-15T14:03:54.223-03:00 DEBUG 25938 --- [tienda-ms-pedidos] [           main] .h.s.i.SessionFactoryServiceRegistryImpl : EventListenerRegistry access via ServiceRegistry is deprecated.  Use `sessionFactory.getEventEngine().getListenerRegistry()` instead
2024-12-15T14:03:54.223-03:00 DEBUG 25938 --- [tienda-ms-pedidos] [           main] o.hibernate.internal.SessionFactoryImpl  : Instantiating SessionFactory with settings: {hibernate.format_sql=true, java.specification.version=23, hibernate.resource.beans.container=org.springframework.orm.hibernate5.SpringBeanContainer@5fbcc71d, hibernate.connection.handling_mode=DELAYED_ACQUISITION_AND_HOLD, sonar.host.url=http://localhost:9000, sun.jnu.encoding=UTF-8, sonar.login=squ_5e4c5603d90e1d770861611138b26d0f447d89d9, hibernate.dialect=org.hibernate.dialect.OracleDialect, hibernate.implicit_naming_strategy=org.springframework.boot.orm.jpa.hibernate.SpringImplicitNamingStrategy, java.class.path=/Users/gonzaloduranadasme/Documents/GitHub/FS3_Sumativa/backend-arquetipo/tienda-ms-pedidos/target/test-classes:/Users/gonzaloduranadasme/Documents/GitHub/FS3_Sumativa/backend-arquetipo/tienda-ms-pedidos/target/classes:/Users/gonzaloduranadasme/.m2/repository/org/junit/jupiter/junit-jupiter/5.9.3/junit-jupiter-5.9.3.jar:/Users/gonzaloduranadasme/.m2/repository/org/junit/jupiter/junit-jupiter-params/5.11.3/junit-jupiter-params-5.11.3.jar:/Users/gonzaloduranadasme/.m2/repository/org/springframework/boot/spring-boot-starter-data-jpa/3.4.0/spring-boot-starter-data-jpa-3.4.0.jar:/Users/gonzaloduranadasme/.m2/repository/org/springframework/boot/spring-boot-starter/3.4.0/spring-boot-starter-3.4.0.jar:/Users/gonzaloduranadasme/.m2/repository/org/springframework/boot/spring-boot-starter-logging/3.4.0/spring-boot-starter-logging-3.4.0.jar:/Users/gonzaloduranadasme/.m2/repository/ch/qos/logback/logback-classic/1.5.12/logback-classic-1.5.12.jar:/Users/gonzaloduranadasme/.m2/repository/ch/qos/logback/logback-core/1.5.12/logback-core-1.5.12.jar:/Users/gonzaloduranadasme/.m2/repository/org/apache/logging/log4j/log4j-to-slf4j/2.24.1/log4j-to-slf4j-2.24.1.jar:/Users/gonzaloduranadasme/.m2/repository/org/apache/logging/log4j/log4j-api/2.24.1/log4j-api-2.24.1.jar:/Users/gonzaloduranadasme/.m2/repository/org/slf4j/jul-to-slf4j/2.0.16/jul-to-slf4j-2.0.16.jar:/Users/gonzaloduranadasme/.m2/repository/jakarta/annotation/jakarta.annotation-api/2.1.1/jakarta.annotation-api-2.1.1.jar:/Users/gonzaloduranadasme/.m2/repository/org/yaml/snakeyaml/2.3/snakeyaml-2.3.jar:/Users/gonzaloduranadasme/.m2/repository/org/springframework/boot/spring-boot-starter-jdbc/3.4.0/spring-boot-starter-jdbc-3.4.0.jar:/Users/gonzaloduranadasme/.m2/repository/com/zaxxer/HikariCP/5.1.0/HikariCP-5.1.0.jar:/Users/gonzaloduranadasme/.m2/repository/org/springframework/spring-jdbc/6.2.0/spring-jdbc-6.2.0.jar:/Users/gonzaloduranadasme/.m2/repository/org/hibernate/orm/hibernate-core/6.6.2.Final/hibernate-core-6.6.2.Final.jar:/Users/gonzaloduranadasme/.m2/repository/jakarta/persistence/jakarta.persistence-api/3.1.0/jakarta.persistence-api-3.1.0.jar:/Users/gonzaloduranadasme/.m2/repository/jakarta/transaction/jakarta.transaction-api/2.0.1/jakarta.transaction-api-2.0.1.jar:/Users/gonzaloduranadasme/.m2/repository/org/jboss/logging/jboss-logging/3.6.1.Final/jboss-logging-3.6.1.Final.jar:/Users/gonzaloduranadasme/.m2/repository/org/hibernate/common/hibernate-commons-annotations/7.0.3.Final/hibernate-commons-annotations-7.0.3.Final.jar:/Users/gonzaloduranadasme/.m2/repository/io/smallrye/jandex/3.2.0/jandex-3.2.0.jar:/Users/gonzaloduranadasme/.m2/repository/com/fasterxml/classmate/1.7.0/classmate-1.7.0.jar:/Users/gonzaloduranadasme/.m2/repository/org/glassfish/jaxb/jaxb-runtime/4.0.5/jaxb-runtime-4.0.5.jar:/Users/gonzaloduranadasme/.m2/repository/org/glassfish/jaxb/jaxb-core/4.0.5/jaxb-core-4.0.5.jar:/Users/gonzaloduranadasme/.m2/repository/org/eclipse/angus/angus-activation/2.0.2/angus-activation-2.0.2.jar:/Users/gonzaloduranadasme/.m2/repository/org/glassfish/jaxb/txw2/4.0.5/txw2-4.0.5.jar:/Users/gonzaloduranadasme/.m2/repository/com/sun/istack/istack-commons-runtime/4.1.2/istack-commons-runtime-4.1.2.jar:/Users/gonzaloduranadasme/.m2/repository/jakarta/inject/jakarta.inject-api/2.0.1/jakarta.inject-api-2.0.1.jar:/Users/gonzaloduranadasme/.m2/repository/org/antlr/antlr4-runtime/4.13.0/antlr4-runtime-4.13.0.jar:/Users/gonzaloduranadasme/.m2/repository/org/springframework/data/spring-data-jpa/3.4.0/spring-data-jpa-3.4.0.jar:/Users/gonzaloduranadasme/.m2/repository/org/springframework/data/spring-data-commons/3.4.0/spring-data-commons-3.4.0.jar:/Users/gonzaloduranadasme/.m2/repository/org/springframework/spring-orm/6.2.0/spring-orm-6.2.0.jar:/Users/gonzaloduranadasme/.m2/repository/org/springframework/spring-context/6.2.0/spring-context-6.2.0.jar:/Users/gonzaloduranadasme/.m2/repository/org/springframework/spring-aop/6.2.0/spring-aop-6.2.0.jar:/Users/gonzaloduranadasme/.m2/repository/org/springframework/spring-tx/6.2.0/spring-tx-6.2.0.jar:/Users/gonzaloduranadasme/.m2/repository/org/springframework/spring-beans/6.2.0/spring-beans-6.2.0.jar:/Users/gonzaloduranadasme/.m2/repository/org/slf4j/slf4j-api/2.0.16/slf4j-api-2.0.16.jar:/Users/gonzaloduranadasme/.m2/repository/org/springframework/spring-aspects/6.2.0/spring-aspects-6.2.0.jar:/Users/gonzaloduranadasme/.m2/repository/org/aspectj/aspectjweaver/1.9.22.1/aspectjweaver-1.9.22.1.jar:/Users/gonzaloduranadasme/.m2/repository/org/springframework/boot/spring-boot-starter-web/3.4.0/spring-boot-starter-web-3.4.0.jar:/Users/gonzaloduranadasme/.m2/repository/org/springframework/boot/spring-boot-starter-json/3.4.0/spring-boot-starter-json-3.4.0.jar:/Users/gonzaloduranadasme/.m2/repository/com/fasterxml/jackson/core/jackson-databind/2.18.1/jackson-databind-2.18.1.jar:/Users/gonzaloduranadasme/.m2/repository/com/fasterxml/jackson/core/jackson-annotations/2.18.1/jackson-annotations-2.18.1.jar:/Users/gonzaloduranadasme/.m2/repository/com/fasterxml/jackson/core/jackson-core/2.18.1/jackson-core-2.18.1.jar:/Users/gonzaloduranadasme/.m2/repository/com/fasterxml/jackson/datatype/jackson-datatype-jdk8/2.18.1/jackson-datatype-jdk8-2.18.1.jar:/Users/gonzaloduranadasme/.m2/repository/com/fasterxml/jackson/datatype/jackson-datatype-jsr310/2.18.1/jackson-datatype-jsr310-2.18.1.jar:/Users/gonzaloduranadasme/.m2/repository/com/fasterxml/jackson/module/jackson-module-parameter-names/2.18.1/jackson-module-parameter-names-2.18.1.jar:/Users/gonzaloduranadasme/.m2/repository/org/springframework/boot/spring-boot-starter-tomcat/3.4.0/spring-boot-starter-tomcat-3.4.0.jar:/Users/gonzaloduranadasme/.m2/repository/org/apache/tomcat/embed/tomcat-embed-core/10.1.33/tomcat-embed-core-10.1.33.jar:/Users/gonzaloduranadasme/.m2/repository/org/apache/tomcat/embed/tomcat-embed-websocket/10.1.33/tomcat-embed-websocket-10.1.33.jar:/Users/gonzaloduranadasme/.m2/repository/org/springframework/spring-web/6.2.0/spring-web-6.2.0.jar:/Users/gonzaloduranadasme/.m2/repository/io/micrometer/micrometer-observation/1.14.1/micrometer-observation-1.14.1.jar:/Users/gonzaloduranadasme/.m2/repository/io/micrometer/micrometer-commons/1.14.1/micrometer-commons-1.14.1.jar:/Users/gonzaloduranadasme/.m2/repository/org/springframework/spring-webmvc/6.2.0/spring-webmvc-6.2.0.jar:/Users/gonzaloduranadasme/.m2/repository/org/springframework/spring-expression/6.2.0/spring-expression-6.2.0.jar:/Users/gonzaloduranadasme/.m2/repository/org/springframework/boot/spring-boot-devtools/3.4.0/spring-boot-devtools-3.4.0.jar:/Users/gonzaloduranadasme/.m2/repository/org/springframework/boot/spring-boot/3.4.0/spring-boot-3.4.0.jar:/Users/gonzaloduranadasme/.m2/repository/org/springframework/boot/spring-boot-autoconfigure/3.4.0/spring-boot-autoconfigure-3.4.0.jar:/Users/gonzaloduranadasme/.m2/repository/com/oracle/database/jdbc/ojdbc11/23.5.0.24.07/ojdbc11-23.5.0.24.07.jar:/Users/gonzaloduranadasme/.m2/repository/com/oracle/database/security/oraclepki/23.5.0.24.07/oraclepki-23.5.0.24.07.jar:/Users/gonzaloduranadasme/.m2/repository/com/oracle/database/security/osdt_cert/21.9.0.0/osdt_cert-21.9.0.0.jar:/Users/gonzaloduranadasme/.m2/repository/com/oracle/database/security/osdt_core/21.9.0.0/osdt_core-21.9.0.0.jar:/Users/gonzaloduranadasme/.m2/repository/org/projectlombok/lombok/1.18.36/lombok-1.18.36.jar:/Users/gonzaloduranadasme/.m2/repository/org/springframework/boot/spring-boot-starter-test/3.4.0/spring-boot-starter-test-3.4.0.jar:/Users/gonzaloduranadasme/.m2/repository/org/springframework/boot/spring-boot-test/3.4.0/spring-boot-test-3.4.0.jar:/Users/gonzaloduranadasme/.m2/repository/org/springframework/boot/spring-boot-test-autoconfigure/3.4.0/spring-boot-test-autoconfigure-3.4.0.jar:/Users/gonzaloduranadasme/.m2/repository/com/jayway/jsonpath/json-path/2.9.0/json-path-2.9.0.jar:/Users/gonzaloduranadasme/.m2/repository/jakarta/xml/bind/jakarta.xml.bind-api/4.0.2/jakarta.xml.bind-api-4.0.2.jar:/Users/gonzaloduranadasme/.m2/repository/jakarta/activation/jakarta.activation-api/2.1.3/jakarta.activation-api-2.1.3.jar:/Users/gonzaloduranadasme/.m2/repository/net/minidev/json-smart/2.5.1/json-smart-2.5.1.jar:/Users/gonzaloduranadasme/.m2/repository/net/minidev/accessors-smart/2.5.1/accessors-smart-2.5.1.jar:/Users/gonzaloduranadasme/.m2/repository/org/assertj/assertj-core/3.26.3/assertj-core-3.26.3.jar:/Users/gonzaloduranadasme/.m2/repository/org/awaitility/awaitility/4.2.2/awaitility-4.2.2.jar:/Users/gonzaloduranadasme/.m2/repository/org/hamcrest/hamcrest/2.2/hamcrest-2.2.jar:/Users/gonzaloduranadasme/.m2/repository/org/skyscreamer/jsonassert/1.5.3/jsonassert-1.5.3.jar:/Users/gonzaloduranadasme/.m2/repository/com/vaadin/external/google/android-json/0.0.20131108.vaadin1/android-json-0.0.20131108.vaadin1.jar:/Users/gonzaloduranadasme/.m2/repository/org/springframework/spring-core/6.2.0/spring-core-6.2.0.jar:/Users/gonzaloduranadasme/.m2/repository/org/springframework/spring-jcl/6.2.0/spring-jcl-6.2.0.jar:/Users/gonzaloduranadasme/.m2/repository/org/springframework/spring-test/6.2.0/spring-test-6.2.0.jar:/Users/gonzaloduranadasme/.m2/repository/org/xmlunit/xmlunit-core/2.10.0/xmlunit-core-2.10.0.jar:/Users/gonzaloduranadasme/.m2/repository/org/springframework/boot/spring-boot-starter-validation/3.4.0/spring-boot-starter-validation-3.4.0.jar:/Users/gonzaloduranadasme/.m2/repository/org/apache/tomcat/embed/tomcat-embed-el/10.1.33/tomcat-embed-el-10.1.33.jar:/Users/gonzaloduranadasme/.m2/repository/org/hibernate/validator/hibernate-validator/8.0.1.Final/hibernate-validator-8.0.1.Final.jar:/Users/gonzaloduranadasme/.m2/repository/jakarta/validation/jakarta.validation-api/3.0.2/jakarta.validation-api-3.0.2.jar:/Users/gonzaloduranadasme/.m2/repository/org/springframework/boot/spring-boot-starter-hateoas/3.4.0/spring-boot-starter-hateoas-3.4.0.jar:/Users/gonzaloduranadasme/.m2/repository/org/springframework/hateoas/spring-hateoas/2.4.0/spring-hateoas-2.4.0.jar:/Users/gonzaloduranadasme/.m2/repository/org/springframework/plugin/spring-plugin-core/3.0.0/spring-plugin-core-3.0.0.jar:/Users/gonzaloduranadasme/.m2/repository/org/jacoco/jacoco-maven-plugin/0.8.12/jacoco-maven-plugin-0.8.12.jar:/Users/gonzaloduranadasme/.m2/repository/org/codehaus/plexus/plexus-utils/3.0.24/plexus-utils-3.0.24.jar:/Users/gonzaloduranadasme/.m2/repository/org/apache/maven/shared/file-management/3.1.0/file-management-3.1.0.jar:/Users/gonzaloduranadasme/.m2/repository/commons-io/commons-io/2.11.0/commons-io-2.11.0.jar:/Users/gonzaloduranadasme/.m2/repository/org/apache/maven/reporting/maven-reporting-api/3.0/maven-reporting-api-3.0.jar:/Users/gonzaloduranadasme/.m2/repository/org/apache/maven/doxia/doxia-sink-api/1.0/doxia-sink-api-1.0.jar:/Users/gonzaloduranadasme/.m2/repository/org/jacoco/org.jacoco.agent/0.8.12/org.jacoco.agent-0.8.12-runtime.jar:/Users/gonzaloduranadasme/.m2/repository/org/jacoco/org.jacoco.core/0.8.12/org.jacoco.core-0.8.12.jar:/Users/gonzaloduranadasme/.m2/repository/org/ow2/asm/asm/9.7/asm-9.7.jar:/Users/gonzaloduranadasme/.m2/repository/org/ow2/asm/asm-commons/9.7/asm-commons-9.7.jar:/Users/gonzaloduranadasme/.m2/repository/org/ow2/asm/asm-tree/9.7/asm-tree-9.7.jar:/Users/gonzaloduranadasme/.m2/repository/org/jacoco/org.jacoco.report/0.8.12/org.jacoco.report-0.8.12.jar:/Users/gonzaloduranadasme/.m2/repository/com/h2database/h2/2.3.232/h2-2.3.232.jar:/Users/gonzaloduranadasme/.m2/repository/org/junit/jupiter/junit-jupiter-api/5.11.3/junit-jupiter-api-5.11.3.jar:/Users/gonzaloduranadasme/.m2/repository/org/opentest4j/opentest4j/1.3.0/opentest4j-1.3.0.jar:/Users/gonzaloduranadasme/.m2/repository/org/junit/platform/junit-platform-commons/1.11.3/junit-platform-commons-1.11.3.jar:/Users/gonzaloduranadasme/.m2/repository/org/apiguardian/apiguardian-api/1.1.2/apiguardian-api-1.1.2.jar:/Users/gonzaloduranadasme/.m2/repository/org/mockito/mockito-core/5.14.2/mockito-core-5.14.2.jar:/Users/gonzaloduranadasme/.m2/repository/net/bytebuddy/byte-buddy/1.15.10/byte-buddy-1.15.10.jar:/Users/gonzaloduranadasme/.m2/repository/net/bytebuddy/byte-buddy-agent/1.15.10/byte-buddy-agent-1.15.10.jar:/Users/gonzaloduranadasme/.m2/repository/org/objenesis/objenesis/3.3/objenesis-3.3.jar:/Users/gonzaloduranadasme/.m2/repository/org/mockito/mockito-junit-jupiter/5.14.2/mockito-junit-jupiter-5.14.2.jar:/Users/gonzaloduranadasme/.m2/repository/org/junit/jupiter/junit-jupiter-engine/5.11.3/junit-jupiter-engine-5.11.3.jar:/Users/gonzaloduranadasme/.m2/repository/org/junit/platform/junit-platform-engine/1.11.3/junit-platform-engine-1.11.3.jar:, java.vm.vendor=Oracle Corporation, sun.arch.data.model=64, java.vendor.url=https://java.oracle.com/, user.timezone=America/Santiago, jakarta.persistence.sharedCache.mode=UNSPECIFIED, org.jboss.logging.provider=slf4j, os.name=Mac OS X, java.vm.specification.version=23, APPLICATION_NAME=tienda-ms-pedidos, jakarta.persistence.nonJtaDataSource=HikariDataSource (HikariPool-1), sun.java.launcher=SUN_STANDARD, user.country=419, sun.boot.library.path=/Library/Java/JavaVirtualMachines/jdk-23.jdk/Contents/Home/lib, sun.java.command=/Users/gonzaloduranadasme/Documents/GitHub/FS3_Sumativa/backend-arquetipo/tienda-ms-pedidos/target/surefire/surefirebooter-20241215140351590_3.jar /Users/gonzaloduranadasme/Documents/GitHub/FS3_Sumativa/backend-arquetipo/tienda-ms-pedidos/target/surefire 2024-12-15T14-03-51_548-jvmRun1 surefire-20241215140351590_1tmp surefire_0-20241215140351590_2tmp, javax.persistence.nonJtaDataSource=HikariDataSource (HikariPool-1), hibernate.use_sql_comments=true, hibernate.transaction.jta.platform=org.hibernate.engine.transaction.jta.platform.internal.NoJtaPlatform@3cfa429c, http.nonProxyHosts=local|*.local|169.254/16|*.169.254/16, jdk.debug=release, surefire.test.class.path=/Users/gonzaloduranadasme/Documents/GitHub/FS3_Sumativa/backend-arquetipo/tienda-ms-pedidos/target/test-classes:/Users/gonzaloduranadasme/Documents/GitHub/FS3_Sumativa/backend-arquetipo/tienda-ms-pedidos/target/classes:/Users/gonzaloduranadasme/.m2/repository/org/junit/jupiter/junit-jupiter/5.9.3/junit-jupiter-5.9.3.jar:/Users/gonzaloduranadasme/.m2/repository/org/junit/jupiter/junit-jupiter-params/5.11.3/junit-jupiter-params-5.11.3.jar:/Users/gonzaloduranadasme/.m2/repository/org/springframework/boot/spring-boot-starter-data-jpa/3.4.0/spring-boot-starter-data-jpa-3.4.0.jar:/Users/gonzaloduranadasme/.m2/repository/org/springframework/boot/spring-boot-starter/3.4.0/spring-boot-starter-3.4.0.jar:/Users/gonzaloduranadasme/.m2/repository/org/springframework/boot/spring-boot-starter-logging/3.4.0/spring-boot-starter-logging-3.4.0.jar:/Users/gonzaloduranadasme/.m2/repository/ch/qos/logback/logback-classic/1.5.12/logback-classic-1.5.12.jar:/Users/gonzaloduranadasme/.m2/repository/ch/qos/logback/logback-core/1.5.12/logback-core-1.5.12.jar:/Users/gonzaloduranadasme/.m2/repository/org/apache/logging/log4j/log4j-to-slf4j/2.24.1/log4j-to-slf4j-2.24.1.jar:/Users/gonzaloduranadasme/.m2/repository/org/apache/logging/log4j/log4j-api/2.24.1/log4j-api-2.24.1.jar:/Users/gonzaloduranadasme/.m2/repository/org/slf4j/jul-to-slf4j/2.0.16/jul-to-slf4j-2.0.16.jar:/Users/gonzaloduranadasme/.m2/repository/jakarta/annotation/jakarta.annotation-api/2.1.1/jakarta.annotation-api-2.1.1.jar:/Users/gonzaloduranadasme/.m2/repository/org/yaml/snakeyaml/2.3/snakeyaml-2.3.jar:/Users/gonzaloduranadasme/.m2/repository/org/springframework/boot/spring-boot-starter-jdbc/3.4.0/spring-boot-starter-jdbc-3.4.0.jar:/Users/gonzaloduranadasme/.m2/repository/com/zaxxer/HikariCP/5.1.0/HikariCP-5.1.0.jar:/Users/gonzaloduranadasme/.m2/repository/org/springframework/spring-jdbc/6.2.0/spring-jdbc-6.2.0.jar:/Users/gonzaloduranadasme/.m2/repository/org/hibernate/orm/hibernate-core/6.6.2.Final/hibernate-core-6.6.2.Final.jar:/Users/gonzaloduranadasme/.m2/repository/jakarta/persistence/jakarta.persistence-api/3.1.0/jakarta.persistence-api-3.1.0.jar:/Users/gonzaloduranadasme/.m2/repository/jakarta/transaction/jakarta.transaction-api/2.0.1/jakarta.transaction-api-2.0.1.jar:/Users/gonzaloduranadasme/.m2/repository/org/jboss/logging/jboss-logging/3.6.1.Final/jboss-logging-3.6.1.Final.jar:/Users/gonzaloduranadasme/.m2/repository/org/hibernate/common/hibernate-commons-annotations/7.0.3.Final/hibernate-commons-annotations-7.0.3.Final.jar:/Users/gonzaloduranadasme/.m2/repository/io/smallrye/jandex/3.2.0/jandex-3.2.0.jar:/Users/gonzaloduranadasme/.m2/repository/com/fasterxml/classmate/1.7.0/classmate-1.7.0.jar:/Users/gonzaloduranadasme/.m2/repository/org/glassfish/jaxb/jaxb-runtime/4.0.5/jaxb-runtime-4.0.5.jar:/Users/gonzaloduranadasme/.m2/repository/org/glassfish/jaxb/jaxb-core/4.0.5/jaxb-core-4.0.5.jar:/Users/gonzaloduranadasme/.m2/repository/org/eclipse/angus/angus-activation/2.0.2/angus-activation-2.0.2.jar:/Users/gonzaloduranadasme/.m2/repository/org/glassfish/jaxb/txw2/4.0.5/txw2-4.0.5.jar:/Users/gonzaloduranadasme/.m2/repository/com/sun/istack/istack-commons-runtime/4.1.2/istack-commons-runtime-4.1.2.jar:/Users/gonzaloduranadasme/.m2/repository/jakarta/inject/jakarta.inject-api/2.0.1/jakarta.inject-api-2.0.1.jar:/Users/gonzaloduranadasme/.m2/repository/org/antlr/antlr4-runtime/4.13.0/antlr4-runtime-4.13.0.jar:/Users/gonzaloduranadasme/.m2/repository/org/springframework/data/spring-data-jpa/3.4.0/spring-data-jpa-3.4.0.jar:/Users/gonzaloduranadasme/.m2/repository/org/springframework/data/spring-data-commons/3.4.0/spring-data-commons-3.4.0.jar:/Users/gonzaloduranadasme/.m2/repository/org/springframework/spring-orm/6.2.0/spring-orm-6.2.0.jar:/Users/gonzaloduranadasme/.m2/repository/org/springframework/spring-context/6.2.0/spring-context-6.2.0.jar:/Users/gonzaloduranadasme/.m2/repository/org/springframework/spring-aop/6.2.0/spring-aop-6.2.0.jar:/Users/gonzaloduranadasme/.m2/repository/org/springframework/spring-tx/6.2.0/spring-tx-6.2.0.jar:/Users/gonzaloduranadasme/.m2/repository/org/springframework/spring-beans/6.2.0/spring-beans-6.2.0.jar:/Users/gonzaloduranadasme/.m2/repository/org/slf4j/slf4j-api/2.0.16/slf4j-api-2.0.16.jar:/Users/gonzaloduranadasme/.m2/repository/org/springframework/spring-aspects/6.2.0/spring-aspects-6.2.0.jar:/Users/gonzaloduranadasme/.m2/repository/org/aspectj/aspectjweaver/1.9.22.1/aspectjweaver-1.9.22.1.jar:/Users/gonzaloduranadasme/.m2/repository/org/springframework/boot/spring-boot-starter-web/3.4.0/spring-boot-starter-web-3.4.0.jar:/Users/gonzaloduranadasme/.m2/repository/org/springframework/boot/spring-boot-starter-json/3.4.0/spring-boot-starter-json-3.4.0.jar:/Users/gonzaloduranadasme/.m2/repository/com/fasterxml/jackson/core/jackson-databind/2.18.1/jackson-databind-2.18.1.jar:/Users/gonzaloduranadasme/.m2/repository/com/fasterxml/jackson/core/jackson-annotations/2.18.1/jackson-annotations-2.18.1.jar:/Users/gonzaloduranadasme/.m2/repository/com/fasterxml/jackson/core/jackson-core/2.18.1/jackson-core-2.18.1.jar:/Users/gonzaloduranadasme/.m2/repository/com/fasterxml/jackson/datatype/jackson-datatype-jdk8/2.18.1/jackson-datatype-jdk8-2.18.1.jar:/Users/gonzaloduranadasme/.m2/repository/com/fasterxml/jackson/datatype/jackson-datatype-jsr310/2.18.1/jackson-datatype-jsr310-2.18.1.jar:/Users/gonzaloduranadasme/.m2/repository/com/fasterxml/jackson/module/jackson-module-parameter-names/2.18.1/jackson-module-parameter-names-2.18.1.jar:/Users/gonzaloduranadasme/.m2/repository/org/springframework/boot/spring-boot-starter-tomcat/3.4.0/spring-boot-starter-tomcat-3.4.0.jar:/Users/gonzaloduranadasme/.m2/repository/org/apache/tomcat/embed/tomcat-embed-core/10.1.33/tomcat-embed-core-10.1.33.jar:/Users/gonzaloduranadasme/.m2/repository/org/apache/tomcat/embed/tomcat-embed-websocket/10.1.33/tomcat-embed-websocket-10.1.33.jar:/Users/gonzaloduranadasme/.m2/repository/org/springframework/spring-web/6.2.0/spring-web-6.2.0.jar:/Users/gonzaloduranadasme/.m2/repository/io/micrometer/micrometer-observation/1.14.1/micrometer-observation-1.14.1.jar:/Users/gonzaloduranadasme/.m2/repository/io/micrometer/micrometer-commons/1.14.1/micrometer-commons-1.14.1.jar:/Users/gonzaloduranadasme/.m2/repository/org/springframework/spring-webmvc/6.2.0/spring-webmvc-6.2.0.jar:/Users/gonzaloduranadasme/.m2/repository/org/springframework/spring-expression/6.2.0/spring-expression-6.2.0.jar:/Users/gonzaloduranadasme/.m2/repository/org/springframework/boot/spring-boot-devtools/3.4.0/spring-boot-devtools-3.4.0.jar:/Users/gonzaloduranadasme/.m2/repository/org/springframework/boot/spring-boot/3.4.0/spring-boot-3.4.0.jar:/Users/gonzaloduranadasme/.m2/repository/org/springframework/boot/spring-boot-autoconfigure/3.4.0/spring-boot-autoconfigure-3.4.0.jar:/Users/gonzaloduranadasme/.m2/repository/com/oracle/database/jdbc/ojdbc11/23.5.0.24.07/ojdbc11-23.5.0.24.07.jar:/Users/gonzaloduranadasme/.m2/repository/com/oracle/database/security/oraclepki/23.5.0.24.07/oraclepki-23.5.0.24.07.jar:/Users/gonzaloduranadasme/.m2/repository/com/oracle/database/security/osdt_cert/21.9.0.0/osdt_cert-21.9.0.0.jar:/Users/gonzaloduranadasme/.m2/repository/com/oracle/database/security/osdt_core/21.9.0.0/osdt_core-21.9.0.0.jar:/Users/gonzaloduranadasme/.m2/repository/org/projectlombok/lombok/1.18.36/lombok-1.18.36.jar:/Users/gonzaloduranadasme/.m2/repository/org/springframework/boot/spring-boot-starter-test/3.4.0/spring-boot-starter-test-3.4.0.jar:/Users/gonzaloduranadasme/.m2/repository/org/springframework/boot/spring-boot-test/3.4.0/spring-boot-test-3.4.0.jar:/Users/gonzaloduranadasme/.m2/repository/org/springframework/boot/spring-boot-test-autoconfigure/3.4.0/spring-boot-test-autoconfigure-3.4.0.jar:/Users/gonzaloduranadasme/.m2/repository/com/jayway/jsonpath/json-path/2.9.0/json-path-2.9.0.jar:/Users/gonzaloduranadasme/.m2/repository/jakarta/xml/bind/jakarta.xml.bind-api/4.0.2/jakarta.xml.bind-api-4.0.2.jar:/Users/gonzaloduranadasme/.m2/repository/jakarta/activation/jakarta.activation-api/2.1.3/jakarta.activation-api-2.1.3.jar:/Users/gonzaloduranadasme/.m2/repository/net/minidev/json-smart/2.5.1/json-smart-2.5.1.jar:/Users/gonzaloduranadasme/.m2/repository/net/minidev/accessors-smart/2.5.1/accessors-smart-2.5.1.jar:/Users/gonzaloduranadasme/.m2/repository/org/assertj/assertj-core/3.26.3/assertj-core-3.26.3.jar:/Users/gonzaloduranadasme/.m2/repository/org/awaitility/awaitility/4.2.2/awaitility-4.2.2.jar:/Users/gonzaloduranadasme/.m2/repository/org/hamcrest/hamcrest/2.2/hamcrest-2.2.jar:/Users/gonzaloduranadasme/.m2/repository/org/skyscreamer/jsonassert/1.5.3/jsonassert-1.5.3.jar:/Users/gonzaloduranadasme/.m2/repository/com/vaadin/external/google/android-json/0.0.20131108.vaadin1/android-json-0.0.20131108.vaadin1.jar:/Users/gonzaloduranadasme/.m2/repository/org/springframework/spring-core/6.2.0/spring-core-6.2.0.jar:/Users/gonzaloduranadasme/.m2/repository/org/springframework/spring-jcl/6.2.0/spring-jcl-6.2.0.jar:/Users/gonzaloduranadasme/.m2/repository/org/springframework/spring-test/6.2.0/spring-test-6.2.0.jar:/Users/gonzaloduranadasme/.m2/repository/org/xmlunit/xmlunit-core/2.10.0/xmlunit-core-2.10.0.jar:/Users/gonzaloduranadasme/.m2/repository/org/springframework/boot/spring-boot-starter-validation/3.4.0/spring-boot-starter-validation-3.4.0.jar:/Users/gonzaloduranadasme/.m2/repository/org/apache/tomcat/embed/tomcat-embed-el/10.1.33/tomcat-embed-el-10.1.33.jar:/Users/gonzaloduranadasme/.m2/repository/org/hibernate/validator/hibernate-validator/8.0.1.Final/hibernate-validator-8.0.1.Final.jar:/Users/gonzaloduranadasme/.m2/repository/jakarta/validation/jakarta.validation-api/3.0.2/jakarta.validation-api-3.0.2.jar:/Users/gonzaloduranadasme/.m2/repository/org/springframework/boot/spring-boot-starter-hateoas/3.4.0/spring-boot-starter-hateoas-3.4.0.jar:/Users/gonzaloduranadasme/.m2/repository/org/springframework/hateoas/spring-hateoas/2.4.0/spring-hateoas-2.4.0.jar:/Users/gonzaloduranadasme/.m2/repository/org/springframework/plugin/spring-plugin-core/3.0.0/spring-plugin-core-3.0.0.jar:/Users/gonzaloduranadasme/.m2/repository/org/jacoco/jacoco-maven-plugin/0.8.12/jacoco-maven-plugin-0.8.12.jar:/Users/gonzaloduranadasme/.m2/repository/org/codehaus/plexus/plexus-utils/3.0.24/plexus-utils-3.0.24.jar:/Users/gonzaloduranadasme/.m2/repository/org/apache/maven/shared/file-management/3.1.0/file-management-3.1.0.jar:/Users/gonzaloduranadasme/.m2/repository/commons-io/commons-io/2.11.0/commons-io-2.11.0.jar:/Users/gonzaloduranadasme/.m2/repository/org/apache/maven/reporting/maven-reporting-api/3.0/maven-reporting-api-3.0.jar:/Users/gonzaloduranadasme/.m2/repository/org/apache/maven/doxia/doxia-sink-api/1.0/doxia-sink-api-1.0.jar:/Users/gonzaloduranadasme/.m2/repository/org/jacoco/org.jacoco.agent/0.8.12/org.jacoco.agent-0.8.12-runtime.jar:/Users/gonzaloduranadasme/.m2/repository/org/jacoco/org.jacoco.core/0.8.12/org.jacoco.core-0.8.12.jar:/Users/gonzaloduranadasme/.m2/repository/org/ow2/asm/asm/9.7/asm-9.7.jar:/Users/gonzaloduranadasme/.m2/repository/org/ow2/asm/asm-commons/9.7/asm-commons-9.7.jar:/Users/gonzaloduranadasme/.m2/repository/org/ow2/asm/asm-tree/9.7/asm-tree-9.7.jar:/Users/gonzaloduranadasme/.m2/repository/org/jacoco/org.jacoco.report/0.8.12/org.jacoco.report-0.8.12.jar:/Users/gonzaloduranadasme/.m2/repository/com/h2database/h2/2.3.232/h2-2.3.232.jar:/Users/gonzaloduranadasme/.m2/repository/org/junit/jupiter/junit-jupiter-api/5.11.3/junit-jupiter-api-5.11.3.jar:/Users/gonzaloduranadasme/.m2/repository/org/opentest4j/opentest4j/1.3.0/opentest4j-1.3.0.jar:/Users/gonzaloduranadasme/.m2/repository/org/junit/platform/junit-platform-commons/1.11.3/junit-platform-commons-1.11.3.jar:/Users/gonzaloduranadasme/.m2/repository/org/apiguardian/apiguardian-api/1.1.2/apiguardian-api-1.1.2.jar:/Users/gonzaloduranadasme/.m2/repository/org/mockito/mockito-core/5.14.2/mockito-core-5.14.2.jar:/Users/gonzaloduranadasme/.m2/repository/net/bytebuddy/byte-buddy/1.15.10/byte-buddy-1.15.10.jar:/Users/gonzaloduranadasme/.m2/repository/net/bytebuddy/byte-buddy-agent/1.15.10/byte-buddy-agent-1.15.10.jar:/Users/gonzaloduranadasme/.m2/repository/org/objenesis/objenesis/3.3/objenesis-3.3.jar:/Users/gonzaloduranadasme/.m2/repository/org/mockito/mockito-junit-jupiter/5.14.2/mockito-junit-jupiter-5.14.2.jar:/Users/gonzaloduranadasme/.m2/repository/org/junit/jupiter/junit-jupiter-engine/5.11.3/junit-jupiter-engine-5.11.3.jar:/Users/gonzaloduranadasme/.m2/repository/org/junit/platform/junit-platform-engine/1.11.3/junit-platform-engine-1.11.3.jar:, sun.cpu.endian=little, hibernate.cdi.extensions=true, user.home=/Users/gonzaloduranadasme, user.language=es, java.specification.vendor=Oracle Corporation, java.version.date=2024-10-15, java.home=/Library/Java/JavaVirtualMachines/jdk-23.jdk/Contents/Home, file.separator=/, basedir=/Users/gonzaloduranadasme/Documents/GitHub/FS3_Sumativa/backend-arquetipo/tienda-ms-pedidos, java.vm.compressedOopsMode=Zero based, line.separator=
, hibernate.persistenceUnitName=default, java.vm.specification.vendor=Oracle Corporation, java.specification.name=Java Platform API Specification, FILE_LOG_CHARSET=UTF-8, hibernate.transaction.coordinator_class=class org.hibernate.resource.transaction.backend.jdbc.internal.JdbcResourceLocalTransactionCoordinatorBuilderImpl, java.awt.headless=true, apple.awt.application.name=ForkedBooter, surefire.real.class.path=/Users/gonzaloduranadasme/Documents/GitHub/FS3_Sumativa/backend-arquetipo/tienda-ms-pedidos/target/surefire/surefirebooter-20241215140351590_3.jar, jakarta.persistence.validation.mode=AUTO, sun.management.compiler=HotSpot 64-Bit Tiered Compilers, ftp.nonProxyHosts=local|*.local|169.254/16|*.169.254/16, java.runtime.version=23.0.1+11-39, user.name=gonzaloduranadasme, stdout.encoding=UTF-8, path.separator=:, os.version=15.2, java.runtime.name=Java(TM) SE Runtime Environment, file.encoding=UTF-8, java.vm.name=Java HotSpot(TM) 64-Bit Server VM, hibernate.show_sql=true, localRepository=/Users/gonzaloduranadasme/.m2/repository, java.vendor.url.bug=https://bugreport.java.com/bugreport/, java.io.tmpdir=/var/folders/vl/66y56nn50qq4z_cg0vjl6t440000gn/T/, java.version=23.0.1, hibernate.physical_naming_strategy=org.hibernate.boot.model.naming.CamelCaseToUnderscoresNamingStrategy, user.dir=/Users/gonzaloduranadasme/Documents/GitHub/FS3_Sumativa/backend-arquetipo/tienda-ms-pedidos, os.arch=aarch64, java.vm.specification.name=Java Virtual Machine Specification, PID=25938, CONSOLE_LOG_CHARSET=UTF-8, hibernate.boot.CfgXmlAccessService.key=org.hibernate.boot.registry.StandardServiceRegistryBuilder$1@4bd42698, native.encoding=UTF-8, java.library.path=/Users/gonzaloduranadasme/Library/Java/Extensions:/Library/Java/Extensions:/Network/Library/Java/Extensions:/System/Library/Java/Extensions:/usr/lib/java:., stderr.encoding=UTF-8, java.vendor=Oracle Corporation, java.vm.info=mixed mode, sharing, java.vm.version=23.0.1+11-39, sun.io.unicode.encoding=UnicodeBig, hibernate.archive.scanner=org.hibernate.boot.archive.scan.internal.DisabledScanner, hibernate.connection.datasource=HikariDataSource (HikariPool-1), socksNonProxyHosts=local|*.local|169.254/16|*.169.254/16, java.class.version=67.0, LOGGED_APPLICATION_NAME=[tienda-ms-pedidos] }
2024-12-15T14:03:54.226-03:00 DEBUG 25938 --- [tienda-ms-pedidos] [           main] o.hibernate.internal.SessionFactoryImpl  : Session factory constructed with filter configurations : {}
2024-12-15T14:03:54.228-03:00 DEBUG 25938 --- [tienda-ms-pedidos] [           main] o.h.v.i.xml.config.ValidationXmlParser   : Trying to load META-INF/validation.xml for XML based Validator configuration.
2024-12-15T14:03:54.228-03:00 DEBUG 25938 --- [tienda-ms-pedidos] [           main] o.h.v.i.xml.config.ResourceLoaderHelper  : Trying to load META-INF/validation.xml via TCCL
2024-12-15T14:03:54.228-03:00 DEBUG 25938 --- [tienda-ms-pedidos] [           main] o.h.v.i.xml.config.ResourceLoaderHelper  : Trying to load META-INF/validation.xml via Hibernate Validator's class loader
2024-12-15T14:03:54.228-03:00 DEBUG 25938 --- [tienda-ms-pedidos] [           main] o.h.v.i.xml.config.ValidationXmlParser   : No META-INF/validation.xml found. Using annotation based configuration only.
2024-12-15T14:03:54.228-03:00 DEBUG 25938 --- [tienda-ms-pedidos] [           main] o.h.v.i.e.resolver.TraversableResolvers  : Found jakarta.persistence.Persistence on classpath containing 'getPersistenceUtil'. Assuming JPA 2 environment. Trying to instantiate JPA aware TraversableResolver
2024-12-15T14:03:54.228-03:00 DEBUG 25938 --- [tienda-ms-pedidos] [           main] o.h.v.i.e.resolver.TraversableResolvers  : Instantiated JPA aware TraversableResolver of type org.hibernate.validator.internal.engine.resolver.JPATraversableResolver.
2024-12-15T14:03:54.229-03:00 DEBUG 25938 --- [tienda-ms-pedidos] [           main] .h.v.m.ResourceBundleMessageInterpolator : Loaded expression factory via original TCCL
2024-12-15T14:03:54.229-03:00 DEBUG 25938 --- [tienda-ms-pedidos] [           main] .i.e.ValidatorFactoryConfigurationHelper : HV000252: Using org.hibernate.validator.internal.engine.DefaultPropertyNodeNameProvider as property node name provider.
2024-12-15T14:03:54.229-03:00 DEBUG 25938 --- [tienda-ms-pedidos] [           main] .i.e.ValidatorFactoryConfigurationHelper : HV000234: Using org.hibernate.validator.messageinterpolation.ResourceBundleMessageInterpolator as ValidatorFactory-scoped message interpolator.
2024-12-15T14:03:54.229-03:00 DEBUG 25938 --- [tienda-ms-pedidos] [           main] .i.e.ValidatorFactoryConfigurationHelper : HV000234: Using org.hibernate.validator.internal.engine.resolver.JPATraversableResolver as ValidatorFactory-scoped traversable resolver.
2024-12-15T14:03:54.229-03:00 DEBUG 25938 --- [tienda-ms-pedidos] [           main] .i.e.ValidatorFactoryConfigurationHelper : HV000234: Using org.hibernate.validator.internal.util.ExecutableParameterNameProvider as ValidatorFactory-scoped parameter name provider.
2024-12-15T14:03:54.229-03:00 DEBUG 25938 --- [tienda-ms-pedidos] [           main] .i.e.ValidatorFactoryConfigurationHelper : HV000234: Using org.hibernate.validator.internal.engine.DefaultClockProvider as ValidatorFactory-scoped clock provider.
2024-12-15T14:03:54.229-03:00 DEBUG 25938 --- [tienda-ms-pedidos] [           main] .i.e.ValidatorFactoryConfigurationHelper : HV000234: Using org.hibernate.validator.internal.engine.scripting.DefaultScriptEvaluatorFactory as ValidatorFactory-scoped script evaluator factory.
2024-12-15T14:03:54.230-03:00 DEBUG 25938 --- [tienda-ms-pedidos] [           main] o.h.boot.internal.ClassLoaderAccessImpl  : Not known whether passed class name [com.example.tienda_ms_pedidos.model.DetalleOrden] is safe
2024-12-15T14:03:54.230-03:00 DEBUG 25938 --- [tienda-ms-pedidos] [           main] o.h.boot.internal.ClassLoaderAccessImpl  : No temp ClassLoader provided; using live ClassLoader for loading potentially unsafe class : com.example.tienda_ms_pedidos.model.DetalleOrden
2024-12-15T14:03:54.244-03:00 DEBUG 25938 --- [tienda-ms-pedidos] [           main] o.h.boot.internal.ClassLoaderAccessImpl  : Not known whether passed class name [com.example.tienda_ms_pedidos.model.Orden] is safe
2024-12-15T14:03:54.244-03:00 DEBUG 25938 --- [tienda-ms-pedidos] [           main] o.h.boot.internal.ClassLoaderAccessImpl  : No temp ClassLoader provided; using live ClassLoader for loading potentially unsafe class : com.example.tienda_ms_pedidos.model.Orden
2024-12-15T14:03:54.245-03:00 DEBUG 25938 --- [tienda-ms-pedidos] [           main] o.h.boot.internal.ClassLoaderAccessImpl  : Not known whether passed class name [com.example.tienda_ms_pedidos.model.Categoria] is safe
2024-12-15T14:03:54.245-03:00 DEBUG 25938 --- [tienda-ms-pedidos] [           main] o.h.boot.internal.ClassLoaderAccessImpl  : No temp ClassLoader provided; using live ClassLoader for loading potentially unsafe class : com.example.tienda_ms_pedidos.model.Categoria
2024-12-15T14:03:54.265-03:00 DEBUG 25938 --- [tienda-ms-pedidos] [           main] o.h.boot.internal.ClassLoaderAccessImpl  : Not known whether passed class name [com.example.tienda_ms_pedidos.model.Producto] is safe
2024-12-15T14:03:54.265-03:00 DEBUG 25938 --- [tienda-ms-pedidos] [           main] o.h.boot.internal.ClassLoaderAccessImpl  : No temp ClassLoader provided; using live ClassLoader for loading potentially unsafe class : com.example.tienda_ms_pedidos.model.Producto
2024-12-15T14:03:54.268-03:00 DEBUG 25938 --- [tienda-ms-pedidos] [           main] .h.s.i.SessionFactoryServiceRegistryImpl : EventListenerRegistry access via ServiceRegistry is deprecated.  Use `sessionFactory.getEventEngine().getListenerRegistry()` instead
2024-12-15T14:03:54.272-03:00 DEBUG 25938 --- [tienda-ms-pedidos] [           main] .h.t.s.s.SchemaManagementToolCoordinator : No schema actions specified for contributor `orm`; doing nothing
2024-12-15T14:03:54.300-03:00 DEBUG 25938 --- [tienda-ms-pedidos] [           main] o.h.q.sqm.function.SqmFunctionRegistry   : Registered SqmFunctionTemplate [NamedSqmFunctionTemplate(max)] under max; prior registration was null
2024-12-15T14:03:54.300-03:00 DEBUG 25938 --- [tienda-ms-pedidos] [           main] o.h.q.sqm.function.SqmFunctionRegistry   : Registered SqmFunctionTemplate [NamedSqmFunctionTemplate(min)] under min; prior registration was null
2024-12-15T14:03:54.301-03:00 DEBUG 25938 --- [tienda-ms-pedidos] [           main] o.h.q.sqm.function.SqmFunctionRegistry   : Registered SqmFunctionTemplate [NamedSqmFunctionTemplate(sum)] under sum; prior registration was null
2024-12-15T14:03:54.301-03:00 DEBUG 25938 --- [tienda-ms-pedidos] [           main] o.h.q.sqm.function.SqmFunctionRegistry   : Registered SqmFunctionTemplate [NamedSqmFunctionTemplate(avg)] under avg; prior registration was null
2024-12-15T14:03:54.302-03:00 DEBUG 25938 --- [tienda-ms-pedidos] [           main] o.h.q.sqm.function.SqmFunctionRegistry   : Registered SqmFunctionTemplate [org.hibernate.dialect.function.CountFunction@486674f6] under count; prior registration was null
2024-12-15T14:03:54.303-03:00 DEBUG 25938 --- [tienda-ms-pedidos] [           main] o.h.q.sqm.function.SqmFunctionRegistry   : Registered SqmFunctionTemplate [org.hibernate.dialect.function.EveryAnyEmulation@627e21c9] under every; prior registration was null
2024-12-15T14:03:54.303-03:00 DEBUG 25938 --- [tienda-ms-pedidos] [           main] o.h.q.sqm.function.SqmFunctionRegistry   : Registered SqmFunctionTemplate [org.hibernate.dialect.function.EveryAnyEmulation@53efde9f] under any; prior registration was null
2024-12-15T14:03:54.303-03:00 DEBUG 25938 --- [tienda-ms-pedidos] [           main] o.h.q.sqm.function.SqmFunctionRegistry   : Registered SqmFunctionTemplate [NamedSqmFunctionTemplate(floor)] under floor; prior registration was null
2024-12-15T14:03:54.303-03:00 DEBUG 25938 --- [tienda-ms-pedidos] [           main] o.h.q.sqm.function.SqmFunctionRegistry   : Registered SqmFunctionTemplate [NamedSqmFunctionTemplate(ceiling)] under ceiling; prior registration was null
2024-12-15T14:03:54.303-03:00 DEBUG 25938 --- [tienda-ms-pedidos] [           main] o.h.q.sqm.function.SqmFunctionRegistry   : Registered SqmFunctionTemplate [NamedSqmFunctionTemplate(mod)] under mod; prior registration was null
2024-12-15T14:03:54.303-03:00 DEBUG 25938 --- [tienda-ms-pedidos] [           main] o.h.q.sqm.function.SqmFunctionRegistry   : Registered SqmFunctionTemplate [NamedSqmFunctionTemplate(abs)] under abs; prior registration was null
2024-12-15T14:03:54.304-03:00 DEBUG 25938 --- [tienda-ms-pedidos] [           main] o.h.q.sqm.function.SqmFunctionRegistry   : Registered SqmFunctionTemplate [NamedSqmFunctionTemplate(sign)] under sign; prior registration was null
2024-12-15T14:03:54.304-03:00 DEBUG 25938 --- [tienda-ms-pedidos] [           main] o.h.q.sqm.function.SqmFunctionRegistry   : Registered SqmFunctionTemplate [NamedSqmFunctionTemplate(sqrt)] under sqrt; prior registration was null
2024-12-15T14:03:54.304-03:00 DEBUG 25938 --- [tienda-ms-pedidos] [           main] o.h.q.sqm.function.SqmFunctionRegistry   : Registered SqmFunctionTemplate [NamedSqmFunctionTemplate(ln)] under ln; prior registration was null
2024-12-15T14:03:54.304-03:00 DEBUG 25938 --- [tienda-ms-pedidos] [           main] o.h.q.sqm.function.SqmFunctionRegistry   : Registered SqmFunctionTemplate [NamedSqmFunctionTemplate(exp)] under exp; prior registration was null
2024-12-15T14:03:54.304-03:00 DEBUG 25938 --- [tienda-ms-pedidos] [           main] o.h.q.sqm.function.SqmFunctionRegistry   : Registered SqmFunctionTemplate [NamedSqmFunctionTemplate(power)] under power; prior registration was null
2024-12-15T14:03:54.304-03:00 DEBUG 25938 --- [tienda-ms-pedidos] [           main] o.h.q.sqm.function.SqmFunctionRegistry   : Registered SqmFunctionTemplate [NamedSqmFunctionTemplate(round)] under round; prior registration was null
2024-12-15T14:03:54.304-03:00 DEBUG 25938 --- [tienda-ms-pedidos] [           main] o.h.q.sqm.function.SqmFunctionRegistry   : Registered SqmFunctionTemplate [NamedSqmFunctionTemplate(sin)] under sin; prior registration was null
2024-12-15T14:03:54.304-03:00 DEBUG 25938 --- [tienda-ms-pedidos] [           main] o.h.q.sqm.function.SqmFunctionRegistry   : Registered SqmFunctionTemplate [NamedSqmFunctionTemplate(cos)] under cos; prior registration was null
2024-12-15T14:03:54.304-03:00 DEBUG 25938 --- [tienda-ms-pedidos] [           main] o.h.q.sqm.function.SqmFunctionRegistry   : Registered SqmFunctionTemplate [NamedSqmFunctionTemplate(tan)] under tan; prior registration was null
2024-12-15T14:03:54.304-03:00 DEBUG 25938 --- [tienda-ms-pedidos] [           main] o.h.q.sqm.function.SqmFunctionRegistry   : Registered SqmFunctionTemplate [NamedSqmFunctionTemplate(asin)] under asin; prior registration was null
2024-12-15T14:03:54.304-03:00 DEBUG 25938 --- [tienda-ms-pedidos] [           main] o.h.q.sqm.function.SqmFunctionRegistry   : Registered SqmFunctionTemplate [NamedSqmFunctionTemplate(acos)] under acos; prior registration was null
2024-12-15T14:03:54.304-03:00 DEBUG 25938 --- [tienda-ms-pedidos] [           main] o.h.q.sqm.function.SqmFunctionRegistry   : Registered SqmFunctionTemplate [NamedSqmFunctionTemplate(atan)] under atan; prior registration was null
2024-12-15T14:03:54.304-03:00 DEBUG 25938 --- [tienda-ms-pedidos] [           main] o.h.q.sqm.function.SqmFunctionRegistry   : Registered SqmFunctionTemplate [NamedSqmFunctionTemplate(atan2)] under atan2; prior registration was null
2024-12-15T14:03:54.309-03:00 DEBUG 25938 --- [tienda-ms-pedidos] [           main] o.h.q.sqm.function.SqmFunctionRegistry   : Registered SqmFunctionTemplate [org.hibernate.query.sqm.function.PatternBasedSqmFunctionDescriptor@2c4c5627] under sinh; prior registration was null
2024-12-15T14:03:54.309-03:00 DEBUG 25938 --- [tienda-ms-pedidos] [           main] o.h.q.sqm.function.SqmFunctionRegistry   : Registered SqmFunctionTemplate [org.hibernate.query.sqm.function.PatternBasedSqmFunctionDescriptor@15cf0837] under cosh; prior registration was null
2024-12-15T14:03:54.309-03:00 DEBUG 25938 --- [tienda-ms-pedidos] [           main] o.h.q.sqm.function.SqmFunctionRegistry   : Registered SqmFunctionTemplate [org.hibernate.query.sqm.function.PatternBasedSqmFunctionDescriptor@25b14faf] under tanh; prior registration was null
2024-12-15T14:03:54.309-03:00 DEBUG 25938 --- [tienda-ms-pedidos] [           main] o.h.q.sqm.function.SqmFunctionRegistry   : Registered SqmFunctionTemplate [org.hibernate.query.sqm.function.PatternBasedSqmFunctionDescriptor@6e0576da] under pi; prior registration was null
2024-12-15T14:03:54.309-03:00 DEBUG 25938 --- [tienda-ms-pedidos] [           main] o.h.q.sqm.function.SqmFunctionRegistry   : Registered SqmFunctionTemplate [org.hibernate.query.sqm.function.PatternBasedSqmFunctionDescriptor@20b6e853] under log; prior registration was null
2024-12-15T14:03:54.310-03:00 DEBUG 25938 --- [tienda-ms-pedidos] [           main] o.h.q.sqm.function.SqmFunctionRegistry   : Registered SqmFunctionTemplate [NamedSqmFunctionTemplate(coalesce)] under coalesce; prior registration was null
2024-12-15T14:03:54.310-03:00 DEBUG 25938 --- [tienda-ms-pedidos] [           main] o.h.q.sqm.function.SqmFunctionRegistry   : Registered SqmFunctionTemplate [NamedSqmFunctionTemplate(nullif)] under nullif; prior registration was null
2024-12-15T14:03:54.310-03:00 DEBUG 25938 --- [tienda-ms-pedidos] [           main] o.h.q.sqm.function.SqmFunctionRegistry   : Registered SqmFunctionTemplate [NamedSqmFunctionTemplate(left)] under left; prior registration was null
2024-12-15T14:03:54.310-03:00 DEBUG 25938 --- [tienda-ms-pedidos] [           main] o.h.q.sqm.function.SqmFunctionRegistry   : Registered SqmFunctionTemplate [NamedSqmFunctionTemplate(right)] under right; prior registration was null
2024-12-15T14:03:54.310-03:00 DEBUG 25938 --- [tienda-ms-pedidos] [           main] o.h.q.sqm.function.SqmFunctionRegistry   : Registered SqmFunctionTemplate [NamedSqmFunctionTemplate(replace)] under replace; prior registration was null
2024-12-15T14:03:54.310-03:00 DEBUG 25938 --- [tienda-ms-pedidos] [           main] o.h.q.sqm.function.SqmFunctionRegistry   : Registered SqmFunctionTemplate [NamedSqmFunctionTemplate(concat)] under concat; prior registration was null
2024-12-15T14:03:54.310-03:00 DEBUG 25938 --- [tienda-ms-pedidos] [           main] o.h.q.sqm.function.SqmFunctionRegistry   : Registered SqmFunctionTemplate [NamedSqmFunctionTemplate(lower)] under lower; prior registration was null
2024-12-15T14:03:54.310-03:00 DEBUG 25938 --- [tienda-ms-pedidos] [           main] o.h.q.sqm.function.SqmFunctionRegistry   : Registered SqmFunctionTemplate [NamedSqmFunctionTemplate(upper)] under upper; prior registration was null
2024-12-15T14:03:54.310-03:00 DEBUG 25938 --- [tienda-ms-pedidos] [           main] o.h.q.sqm.function.SqmFunctionRegistry   : Registered SqmFunctionTemplate [NamedSqmFunctionTemplate(substring)] under substring; prior registration was null
2024-12-15T14:03:54.310-03:00 DEBUG 25938 --- [tienda-ms-pedidos] [           main] o.h.q.sqm.function.SqmFunctionRegistry   : Registered SqmFunctionTemplate [NamedSqmFunctionTemplate(locate)] under locate; prior registration was null
2024-12-15T14:03:54.310-03:00 DEBUG 25938 --- [tienda-ms-pedidos] [           main] o.h.q.sqm.function.SqmFunctionRegistry   : Registered SqmFunctionTemplate [NamedSqmFunctionTemplate(character_length)] under character_length; prior registration was null
2024-12-15T14:03:54.310-03:00 DEBUG 25938 --- [tienda-ms-pedidos] [           main] o.h.q.sqm.function.SqmFunctionRegistry   : Registering alternate key : length -> character_length
2024-12-15T14:03:54.311-03:00 DEBUG 25938 --- [tienda-ms-pedidos] [           main] o.h.q.sqm.function.SqmFunctionRegistry   : Registered SqmFunctionTemplate [org.hibernate.dialect.function.LocatePositionEmulation@2159137c] under position; prior registration was null
2024-12-15T14:03:54.311-03:00 DEBUG 25938 --- [tienda-ms-pedidos] [           main] o.h.q.sqm.function.SqmFunctionRegistry   : Registered SqmFunctionTemplate [org.hibernate.dialect.function.InsertSubstringOverlayEmulation@15fb5531] under overlay; prior registration was null
2024-12-15T14:03:54.312-03:00 DEBUG 25938 --- [tienda-ms-pedidos] [           main] o.h.q.sqm.function.SqmFunctionRegistry   : Registered SqmFunctionTemplate [org.hibernate.dialect.function.TrimFunction@7ea9fba1] under trim; prior registration was null
2024-12-15T14:03:54.313-03:00 DEBUG 25938 --- [tienda-ms-pedidos] [           main] o.h.q.sqm.function.SqmFunctionRegistry   : Registered SqmFunctionTemplate [org.hibernate.dialect.function.CastFunction@7dbb7ca8] under cast; prior registration was null
2024-12-15T14:03:54.313-03:00 DEBUG 25938 --- [tienda-ms-pedidos] [           main] o.h.q.sqm.function.SqmFunctionRegistry   : Registered SqmFunctionTemplate [org.hibernate.query.sqm.function.PatternBasedSqmFunctionDescriptor@4fb52fa5] under collate; prior registration was null
2024-12-15T14:03:54.313-03:00 DEBUG 25938 --- [tienda-ms-pedidos] [           main] o.h.q.sqm.function.SqmFunctionRegistry   : Registered SqmFunctionTemplate [org.hibernate.dialect.function.ExtractFunction@2d55b38b] under extract; prior registration was null
2024-12-15T14:03:54.313-03:00 DEBUG 25938 --- [tienda-ms-pedidos] [           main] o.h.q.sqm.function.SqmFunctionRegistry   : Registered SqmFunctionTemplate [NamedSqmFunctionTemplate(least)] under least; prior registration was null
2024-12-15T14:03:54.313-03:00 DEBUG 25938 --- [tienda-ms-pedidos] [           main] o.h.q.sqm.function.SqmFunctionRegistry   : Registered SqmFunctionTemplate [NamedSqmFunctionTemplate(greatest)] under greatest; prior registration was null
2024-12-15T14:03:54.313-03:00 DEBUG 25938 --- [tienda-ms-pedidos] [           main] o.h.q.sqm.function.SqmFunctionRegistry   : Registered SqmFunctionTemplate [org.hibernate.dialect.function.CoalesceIfnullEmulation@26234101] under ifnull; prior registration was null
2024-12-15T14:03:54.313-03:00 DEBUG 25938 --- [tienda-ms-pedidos] [           main] o.h.q.sqm.function.SqmFunctionRegistry   : Registered SqmFunctionTemplate [NamedSqmFunctionTemplate(lpad)] under lpad; prior registration was null
2024-12-15T14:03:54.313-03:00 DEBUG 25938 --- [tienda-ms-pedidos] [           main] o.h.q.sqm.function.SqmFunctionRegistry   : Registered SqmFunctionTemplate [NamedSqmFunctionTemplate(rpad)] under rpad; prior registration was null
2024-12-15T14:03:54.314-03:00 DEBUG 25938 --- [tienda-ms-pedidos] [           main] o.h.q.sqm.function.SqmFunctionRegistry   : Registered SqmFunctionTemplate [org.hibernate.dialect.function.LpadRpadPadEmulation@3027a038] under pad; prior registration was null
2024-12-15T14:03:54.314-03:00 DEBUG 25938 --- [tienda-ms-pedidos] [           main] o.h.q.sqm.function.SqmFunctionRegistry   : Registered SqmFunctionTemplate [org.hibernate.dialect.function.CastStrEmulation@1558b8e7] under str; prior registration was null
2024-12-15T14:03:54.320-03:00 DEBUG 25938 --- [tienda-ms-pedidos] [           main] o.h.q.sqm.function.SqmFunctionRegistry   : Registered SqmFunctionTemplate [org.hibernate.dialect.function.FormatFunction@6fb1dd9d] under format; prior registration was null
2024-12-15T14:03:54.320-03:00 DEBUG 25938 --- [tienda-ms-pedidos] [           main] o.h.q.sqm.function.SqmFunctionRegistry   : Registered SqmFunctionTemplate [org.hibernate.dialect.function.TimestampaddFunction@362f4176] under timestampadd; prior registration was null
2024-12-15T14:03:54.321-03:00 DEBUG 25938 --- [tienda-ms-pedidos] [           main] o.h.q.sqm.function.SqmFunctionRegistry   : Registered SqmFunctionTemplate [org.hibernate.dialect.function.TimestampdiffFunction@13bfe110] under timestampdiff; prior registration was null
2024-12-15T14:03:54.321-03:00 DEBUG 25938 --- [tienda-ms-pedidos] [           main] o.h.q.sqm.function.SqmFunctionRegistry   : Registering alternate key : dateadd -> timestampadd
2024-12-15T14:03:54.321-03:00 DEBUG 25938 --- [tienda-ms-pedidos] [           main] o.h.q.sqm.function.SqmFunctionRegistry   : Registering alternate key : datediff -> timestampdiff
2024-12-15T14:03:54.321-03:00 DEBUG 25938 --- [tienda-ms-pedidos] [           main] o.h.q.sqm.function.SqmFunctionRegistry   : Registered SqmFunctionTemplate [org.hibernate.dialect.function.CurrentFunction@390645a] under current_date; prior registration was null
2024-12-15T14:03:54.321-03:00 DEBUG 25938 --- [tienda-ms-pedidos] [           main] o.h.q.sqm.function.SqmFunctionRegistry   : Registered SqmFunctionTemplate [org.hibernate.dialect.function.CurrentFunction@1ed5cb12] under current_time; prior registration was null
2024-12-15T14:03:54.321-03:00 DEBUG 25938 --- [tienda-ms-pedidos] [           main] o.h.q.sqm.function.SqmFunctionRegistry   : Registered SqmFunctionTemplate [org.hibernate.dialect.function.CurrentFunction@4dbd1fdb] under current_timestamp; prior registration was null
2024-12-15T14:03:54.321-03:00 DEBUG 25938 --- [tienda-ms-pedidos] [           main] o.h.q.sqm.function.SqmFunctionRegistry   : Registering alternate key : current date -> current_date
2024-12-15T14:03:54.321-03:00 DEBUG 25938 --- [tienda-ms-pedidos] [           main] o.h.q.sqm.function.SqmFunctionRegistry   : Registering alternate key : current time -> current_time
2024-12-15T14:03:54.321-03:00 DEBUG 25938 --- [tienda-ms-pedidos] [           main] o.h.q.sqm.function.SqmFunctionRegistry   : Registering alternate key : current timestamp -> current_timestamp
2024-12-15T14:03:54.321-03:00 DEBUG 25938 --- [tienda-ms-pedidos] [           main] o.h.q.sqm.function.SqmFunctionRegistry   : Registered SqmFunctionTemplate [org.hibernate.dialect.function.CurrentFunction@7f3a9c11] under local_date; prior registration was null
2024-12-15T14:03:54.321-03:00 DEBUG 25938 --- [tienda-ms-pedidos] [           main] o.h.q.sqm.function.SqmFunctionRegistry   : Registered SqmFunctionTemplate [org.hibernate.dialect.function.CurrentFunction@7f888518] under local_time; prior registration was null
2024-12-15T14:03:54.321-03:00 DEBUG 25938 --- [tienda-ms-pedidos] [           main] o.h.q.sqm.function.SqmFunctionRegistry   : Registered SqmFunctionTemplate [org.hibernate.dialect.function.CurrentFunction@4fb54ca0] under local_datetime; prior registration was null
2024-12-15T14:03:54.321-03:00 DEBUG 25938 --- [tienda-ms-pedidos] [           main] o.h.q.sqm.function.SqmFunctionRegistry   : Registered SqmFunctionTemplate [org.hibernate.dialect.function.CurrentFunction@6a53c14a] under offset_datetime; prior registration was null
2024-12-15T14:03:54.321-03:00 DEBUG 25938 --- [tienda-ms-pedidos] [           main] o.h.q.sqm.function.SqmFunctionRegistry   : Registering alternate key : local date -> local_date
2024-12-15T14:03:54.321-03:00 DEBUG 25938 --- [tienda-ms-pedidos] [           main] o.h.q.sqm.function.SqmFunctionRegistry   : Registering alternate key : local time -> local_time
2024-12-15T14:03:54.321-03:00 DEBUG 25938 --- [tienda-ms-pedidos] [           main] o.h.q.sqm.function.SqmFunctionRegistry   : Registering alternate key : local datetime -> local_datetime
2024-12-15T14:03:54.321-03:00 DEBUG 25938 --- [tienda-ms-pedidos] [           main] o.h.q.sqm.function.SqmFunctionRegistry   : Registering alternate key : offset datetime -> offset_datetime
2024-12-15T14:03:54.321-03:00 DEBUG 25938 --- [tienda-ms-pedidos] [           main] o.h.q.sqm.function.SqmFunctionRegistry   : Registered SqmFunctionTemplate [org.hibernate.dialect.function.CurrentFunction@41a21205] under instant; prior registration was null
2024-12-15T14:03:54.321-03:00 DEBUG 25938 --- [tienda-ms-pedidos] [           main] o.h.q.sqm.function.SqmFunctionRegistry   : Registering alternate key : current_instant -> instant
2024-12-15T14:03:54.322-03:00 DEBUG 25938 --- [tienda-ms-pedidos] [           main] o.h.q.sqm.function.SqmFunctionRegistry   : Registered SqmFunctionTemplate [org.hibernate.dialect.function.SqlFunction@f35f81d] under sql; prior registration was null
2024-12-15T14:03:54.322-03:00 DEBUG 25938 --- [tienda-ms-pedidos] [           main] o.h.q.sqm.function.SqmFunctionRegistry   : Registered SqmFunctionTemplate [NamedSqmFunctionTemplate(ascii)] under ascii; prior registration was null
2024-12-15T14:03:54.322-03:00 DEBUG 25938 --- [tienda-ms-pedidos] [           main] o.h.q.sqm.function.SqmFunctionRegistry   : Registered SqmFunctionTemplate [NamedSqmFunctionTemplate(chr)] under chr; prior registration was null
2024-12-15T14:03:54.322-03:00 DEBUG 25938 --- [tienda-ms-pedidos] [           main] o.h.q.sqm.function.SqmFunctionRegistry   : Registering alternate key : char -> chr
2024-12-15T14:03:54.322-03:00 DEBUG 25938 --- [tienda-ms-pedidos] [           main] o.h.q.sqm.function.SqmFunctionRegistry   : Registered SqmFunctionTemplate [NamedSqmFunctionTemplate(cosh)] under cosh; prior registration was org.hibernate.query.sqm.function.PatternBasedSqmFunctionDescriptor@15cf0837
2024-12-15T14:03:54.322-03:00 DEBUG 25938 --- [tienda-ms-pedidos] [           main] o.h.q.sqm.function.SqmFunctionRegistry   : Registered SqmFunctionTemplate [NamedSqmFunctionTemplate(sinh)] under sinh; prior registration was org.hibernate.query.sqm.function.PatternBasedSqmFunctionDescriptor@2c4c5627
2024-12-15T14:03:54.322-03:00 DEBUG 25938 --- [tienda-ms-pedidos] [           main] o.h.q.sqm.function.SqmFunctionRegistry   : Registered SqmFunctionTemplate [NamedSqmFunctionTemplate(tanh)] under tanh; prior registration was org.hibernate.query.sqm.function.PatternBasedSqmFunctionDescriptor@25b14faf
2024-12-15T14:03:54.322-03:00 DEBUG 25938 --- [tienda-ms-pedidos] [           main] o.h.q.sqm.function.SqmFunctionRegistry   : Registered SqmFunctionTemplate [NamedSqmFunctionTemplate(log)] under log; prior registration was org.hibernate.query.sqm.function.PatternBasedSqmFunctionDescriptor@20b6e853
2024-12-15T14:03:54.322-03:00 DEBUG 25938 --- [tienda-ms-pedidos] [           main] o.h.q.sqm.function.SqmFunctionRegistry   : Registered SqmFunctionTemplate [org.hibernate.query.sqm.function.PatternBasedSqmFunctionDescriptor@73a347e8] under log10; prior registration was null
2024-12-15T14:03:54.322-03:00 DEBUG 25938 --- [tienda-ms-pedidos] [           main] o.h.q.sqm.function.SqmFunctionRegistry   : Registered SqmFunctionTemplate [NamedSqmFunctionTemplate(soundex)] under soundex; prior registration was null
2024-12-15T14:03:54.322-03:00 DEBUG 25938 --- [tienda-ms-pedidos] [           main] o.h.q.sqm.function.SqmFunctionRegistry   : Registered SqmFunctionTemplate [NamedSqmFunctionTemplate(ltrim)] under ltrim; prior registration was null
2024-12-15T14:03:54.322-03:00 DEBUG 25938 --- [tienda-ms-pedidos] [           main] o.h.q.sqm.function.SqmFunctionRegistry   : Registered SqmFunctionTemplate [NamedSqmFunctionTemplate(rtrim)] under rtrim; prior registration was null
2024-12-15T14:03:54.322-03:00 DEBUG 25938 --- [tienda-ms-pedidos] [           main] o.h.q.sqm.function.SqmFunctionRegistry   : Registered SqmFunctionTemplate [NamedSqmFunctionTemplate(initcap)] under initcap; prior registration was null
2024-12-15T14:03:54.322-03:00 DEBUG 25938 --- [tienda-ms-pedidos] [           main] o.h.q.sqm.function.SqmFunctionRegistry   : Registered SqmFunctionTemplate [NamedSqmFunctionTemplate(instr)] under instr; prior registration was null
2024-12-15T14:03:54.322-03:00 DEBUG 25938 --- [tienda-ms-pedidos] [           main] o.h.q.sqm.function.SqmFunctionRegistry   : Registered SqmFunctionTemplate [NamedSqmFunctionTemplate(substr)] under substr; prior registration was null
2024-12-15T14:03:54.322-03:00 DEBUG 25938 --- [tienda-ms-pedidos] [           main] o.h.q.sqm.function.SqmFunctionRegistry   : Registered SqmFunctionTemplate [NamedSqmFunctionTemplate(substr)] under substring; prior registration was NamedSqmFunctionTemplate(substring)
2024-12-15T14:03:54.322-03:00 DEBUG 25938 --- [tienda-ms-pedidos] [           main] o.h.q.sqm.function.SqmFunctionRegistry   : Registered SqmFunctionTemplate [org.hibernate.query.sqm.function.PatternBasedSqmFunctionDescriptor@15db982e] under left; prior registration was NamedSqmFunctionTemplate(left)
2024-12-15T14:03:54.322-03:00 DEBUG 25938 --- [tienda-ms-pedidos] [           main] o.h.q.sqm.function.SqmFunctionRegistry   : Registered SqmFunctionTemplate [org.hibernate.query.sqm.function.PatternBasedSqmFunctionDescriptor@3a235f21] under right; prior registration was NamedSqmFunctionTemplate(right)
2024-12-15T14:03:54.322-03:00 DEBUG 25938 --- [tienda-ms-pedidos] [           main] o.h.q.sqm.function.SqmFunctionRegistry   : Registered SqmFunctionTemplate [NamedSqmFunctionTemplate(translate)] under translate; prior registration was null
2024-12-15T14:03:54.322-03:00 DEBUG 25938 --- [tienda-ms-pedidos] [           main] o.h.q.sqm.function.SqmFunctionRegistry   : Registered SqmFunctionTemplate [NamedSqmFunctionTemplate(bitand)] under bitand; prior registration was null
2024-12-15T14:03:54.322-03:00 DEBUG 25938 --- [tienda-ms-pedidos] [           main] o.h.q.sqm.function.SqmFunctionRegistry   : Registered SqmFunctionTemplate [NamedSqmFunctionTemplate(last_day)] under last_day; prior registration was null
2024-12-15T14:03:54.322-03:00 DEBUG 25938 --- [tienda-ms-pedidos] [           main] o.h.q.sqm.function.SqmFunctionRegistry   : Registered SqmFunctionTemplate [NamedSqmFunctionTemplate(to_number)] under to_number; prior registration was null
2024-12-15T14:03:54.322-03:00 DEBUG 25938 --- [tienda-ms-pedidos] [           main] o.h.q.sqm.function.SqmFunctionRegistry   : Registered SqmFunctionTemplate [NamedSqmFunctionTemplate(to_char)] under to_char; prior registration was null
2024-12-15T14:03:54.322-03:00 DEBUG 25938 --- [tienda-ms-pedidos] [           main] o.h.q.sqm.function.SqmFunctionRegistry   : Registered SqmFunctionTemplate [NamedSqmFunctionTemplate(to_date)] under to_date; prior registration was null
2024-12-15T14:03:54.322-03:00 DEBUG 25938 --- [tienda-ms-pedidos] [           main] o.h.q.sqm.function.SqmFunctionRegistry   : Registered SqmFunctionTemplate [NamedSqmFunctionTemplate(to_timestamp)] under to_timestamp; prior registration was null
2024-12-15T14:03:54.322-03:00 DEBUG 25938 --- [tienda-ms-pedidos] [           main] o.h.q.sqm.function.SqmFunctionRegistry   : Registered SqmFunctionTemplate [NamedSqmFunctionTemplate(ceil)] under ceil; prior registration was null
2024-12-15T14:03:54.322-03:00 DEBUG 25938 --- [tienda-ms-pedidos] [           main] o.h.q.sqm.function.SqmFunctionRegistry   : Registering alternate key : ceiling -> ceil
2024-12-15T14:03:54.322-03:00 DEBUG 25938 --- [tienda-ms-pedidos] [           main] o.h.q.sqm.function.SqmFunctionRegistry   : Registered SqmFunctionTemplate [org.hibernate.query.sqm.function.PatternBasedSqmFunctionDescriptor@1af6ad68] under concat; prior registration was NamedSqmFunctionTemplate(concat)
2024-12-15T14:03:54.322-03:00 DEBUG 25938 --- [tienda-ms-pedidos] [           main] o.h.q.sqm.function.SqmFunctionRegistry   : Registered SqmFunctionTemplate [NamedSqmFunctionTemplate(rowid)] under rowid; prior registration was null
2024-12-15T14:03:54.322-03:00 DEBUG 25938 --- [tienda-ms-pedidos] [           main] o.h.q.sqm.function.SqmFunctionRegistry   : Registered SqmFunctionTemplate [NamedSqmFunctionTemplate(rownum)] under rownum; prior registration was null
2024-12-15T14:03:54.322-03:00 DEBUG 25938 --- [tienda-ms-pedidos] [           main] o.h.q.sqm.function.SqmFunctionRegistry   : Registered SqmFunctionTemplate [NamedSqmFunctionTemplate(sysdate)] under sysdate; prior registration was null
2024-12-15T14:03:54.323-03:00 DEBUG 25938 --- [tienda-ms-pedidos] [           main] o.h.q.sqm.function.SqmFunctionRegistry   : Registered SqmFunctionTemplate [NamedSqmFunctionTemplate(systimestamp)] under systimestamp; prior registration was null
2024-12-15T14:03:54.323-03:00 DEBUG 25938 --- [tienda-ms-pedidos] [           main] o.h.q.sqm.function.SqmFunctionRegistry   : Registered SqmFunctionTemplate [NamedSqmFunctionTemplate(add_months)] under add_months; prior registration was null
2024-12-15T14:03:54.323-03:00 DEBUG 25938 --- [tienda-ms-pedidos] [           main] o.h.q.sqm.function.SqmFunctionRegistry   : Registered SqmFunctionTemplate [NamedSqmFunctionTemplate(months_between)] under months_between; prior registration was null
2024-12-15T14:03:54.323-03:00 DEBUG 25938 --- [tienda-ms-pedidos] [           main] o.h.q.sqm.function.SqmFunctionRegistry   : Registered SqmFunctionTemplate [org.hibernate.dialect.function.MinMaxCaseEveryAnyEmulation@5f5fe604] under every; prior registration was org.hibernate.dialect.function.EveryAnyEmulation@627e21c9
2024-12-15T14:03:54.323-03:00 DEBUG 25938 --- [tienda-ms-pedidos] [           main] o.h.q.sqm.function.SqmFunctionRegistry   : Registered SqmFunctionTemplate [org.hibernate.dialect.function.MinMaxCaseEveryAnyEmulation@6378d7a1] under any; prior registration was org.hibernate.dialect.function.EveryAnyEmulation@53efde9f
2024-12-15T14:03:54.323-03:00 DEBUG 25938 --- [tienda-ms-pedidos] [           main] o.h.q.sqm.function.SqmFunctionRegistry   : Registered SqmFunctionTemplate [org.hibernate.query.sqm.function.PatternBasedSqmFunctionDescriptor@2b8030c6] under repeat; prior registration was null
2024-12-15T14:03:54.323-03:00 DEBUG 25938 --- [tienda-ms-pedidos] [           main] o.h.q.sqm.function.SqmFunctionRegistry   : Registered SqmFunctionTemplate [org.hibernate.query.sqm.function.PatternBasedSqmFunctionDescriptor@5fe8810d] under radians; prior registration was null
2024-12-15T14:03:54.323-03:00 DEBUG 25938 --- [tienda-ms-pedidos] [           main] o.h.q.sqm.function.SqmFunctionRegistry   : Registered SqmFunctionTemplate [org.hibernate.query.sqm.function.PatternBasedSqmFunctionDescriptor@7fa72332] under degrees; prior registration was null
2024-12-15T14:03:54.323-03:00 DEBUG 25938 --- [tienda-ms-pedidos] [           main] o.h.q.sqm.function.SqmFunctionRegistry   : Registered SqmFunctionTemplate [NamedSqmFunctionTemplate(median)] under median; prior registration was null
2024-12-15T14:03:54.323-03:00 DEBUG 25938 --- [tienda-ms-pedidos] [           main] o.h.q.sqm.function.SqmFunctionRegistry   : Registered SqmFunctionTemplate [NamedSqmFunctionTemplate(stddev)] under stddev; prior registration was null
2024-12-15T14:03:54.323-03:00 DEBUG 25938 --- [tienda-ms-pedidos] [           main] o.h.q.sqm.function.SqmFunctionRegistry   : Registered SqmFunctionTemplate [NamedSqmFunctionTemplate(stddev_pop)] under stddev_pop; prior registration was null
2024-12-15T14:03:54.323-03:00 DEBUG 25938 --- [tienda-ms-pedidos] [           main] o.h.q.sqm.function.SqmFunctionRegistry   : Registered SqmFunctionTemplate [NamedSqmFunctionTemplate(stddev_samp)] under stddev_samp; prior registration was null
2024-12-15T14:03:54.323-03:00 DEBUG 25938 --- [tienda-ms-pedidos] [           main] o.h.q.sqm.function.SqmFunctionRegistry   : Registered SqmFunctionTemplate [NamedSqmFunctionTemplate(variance)] under variance; prior registration was null
2024-12-15T14:03:54.323-03:00 DEBUG 25938 --- [tienda-ms-pedidos] [           main] o.h.q.sqm.function.SqmFunctionRegistry   : Registered SqmFunctionTemplate [NamedSqmFunctionTemplate(var_pop)] under var_pop; prior registration was null
2024-12-15T14:03:54.323-03:00 DEBUG 25938 --- [tienda-ms-pedidos] [           main] o.h.q.sqm.function.SqmFunctionRegistry   : Registered SqmFunctionTemplate [NamedSqmFunctionTemplate(var_samp)] under var_samp; prior registration was null
2024-12-15T14:03:54.323-03:00 DEBUG 25938 --- [tienda-ms-pedidos] [           main] o.h.q.sqm.function.SqmFunctionRegistry   : Registered SqmFunctionTemplate [NamedSqmFunctionTemplate(covar_pop)] under covar_pop; prior registration was null
2024-12-15T14:03:54.323-03:00 DEBUG 25938 --- [tienda-ms-pedidos] [           main] o.h.q.sqm.function.SqmFunctionRegistry   : Registered SqmFunctionTemplate [NamedSqmFunctionTemplate(covar_samp)] under covar_samp; prior registration was null
2024-12-15T14:03:54.323-03:00 DEBUG 25938 --- [tienda-ms-pedidos] [           main] o.h.q.sqm.function.SqmFunctionRegistry   : Registered SqmFunctionTemplate [NamedSqmFunctionTemplate(corr)] under corr; prior registration was null
2024-12-15T14:03:54.323-03:00 DEBUG 25938 --- [tienda-ms-pedidos] [           main] o.h.q.sqm.function.SqmFunctionRegistry   : Registered SqmFunctionTemplate [NamedSqmFunctionTemplate(regr_avgx)] under regr_avgx; prior registration was null
2024-12-15T14:03:54.323-03:00 DEBUG 25938 --- [tienda-ms-pedidos] [           main] o.h.q.sqm.function.SqmFunctionRegistry   : Registered SqmFunctionTemplate [NamedSqmFunctionTemplate(regr_avgy)] under regr_avgy; prior registration was null
2024-12-15T14:03:54.323-03:00 DEBUG 25938 --- [tienda-ms-pedidos] [           main] o.h.q.sqm.function.SqmFunctionRegistry   : Registered SqmFunctionTemplate [NamedSqmFunctionTemplate(regr_count)] under regr_count; prior registration was null
2024-12-15T14:03:54.323-03:00 DEBUG 25938 --- [tienda-ms-pedidos] [           main] o.h.q.sqm.function.SqmFunctionRegistry   : Registered SqmFunctionTemplate [NamedSqmFunctionTemplate(regr_intercept)] under regr_intercept; prior registration was null
2024-12-15T14:03:54.323-03:00 DEBUG 25938 --- [tienda-ms-pedidos] [           main] o.h.q.sqm.function.SqmFunctionRegistry   : Registered SqmFunctionTemplate [NamedSqmFunctionTemplate(regr_r2)] under regr_r2; prior registration was null
2024-12-15T14:03:54.323-03:00 DEBUG 25938 --- [tienda-ms-pedidos] [           main] o.h.q.sqm.function.SqmFunctionRegistry   : Registered SqmFunctionTemplate [NamedSqmFunctionTemplate(regr_slope)] under regr_slope; prior registration was null
2024-12-15T14:03:54.323-03:00 DEBUG 25938 --- [tienda-ms-pedidos] [           main] o.h.q.sqm.function.SqmFunctionRegistry   : Registered SqmFunctionTemplate [NamedSqmFunctionTemplate(regr_sxx)] under regr_sxx; prior registration was null
2024-12-15T14:03:54.323-03:00 DEBUG 25938 --- [tienda-ms-pedidos] [           main] o.h.q.sqm.function.SqmFunctionRegistry   : Registered SqmFunctionTemplate [NamedSqmFunctionTemplate(regr_sxy)] under regr_sxy; prior registration was null
2024-12-15T14:03:54.324-03:00 DEBUG 25938 --- [tienda-ms-pedidos] [           main] o.h.q.sqm.function.SqmFunctionRegistry   : Registered SqmFunctionTemplate [NamedSqmFunctionTemplate(regr_syy)] under regr_syy; prior registration was null
2024-12-15T14:03:54.324-03:00 DEBUG 25938 --- [tienda-ms-pedidos] [           main] o.h.q.sqm.function.SqmFunctionRegistry   : Registered SqmFunctionTemplate [org.hibernate.dialect.function.LengthFunction@611bf705] under character_length; prior registration was NamedSqmFunctionTemplate(character_length)
2024-12-15T14:03:54.324-03:00 DEBUG 25938 --- [tienda-ms-pedidos] [           main] o.h.q.sqm.function.SqmFunctionRegistry   : Registering alternate key : length -> character_length
2024-12-15T14:03:54.324-03:00 DEBUG 25938 --- [tienda-ms-pedidos] [           main] o.h.q.sqm.function.SqmFunctionRegistry   : Registered SqmFunctionTemplate [org.hibernate.dialect.function.LengthFunction@660b292c] under octet_length; prior registration was null
2024-12-15T14:03:54.324-03:00 DEBUG 25938 --- [tienda-ms-pedidos] [           main] o.h.q.sqm.function.SqmFunctionRegistry   : Registered SqmFunctionTemplate [org.hibernate.dialect.function.LengthFunction@15f75fa5] under bit_length; prior registration was null
2024-12-15T14:03:54.324-03:00 DEBUG 25938 --- [tienda-ms-pedidos] [           main] o.h.q.sqm.function.SqmFunctionRegistry   : Registered SqmFunctionTemplate [NamedSqmFunctionTemplate(coalesce)] under coalesce; prior registration was NamedSqmFunctionTemplate(coalesce)
2024-12-15T14:03:54.324-03:00 DEBUG 25938 --- [tienda-ms-pedidos] [           main] o.h.q.sqm.function.SqmFunctionRegistry   : Registered SqmFunctionTemplate [org.hibernate.query.sqm.function.PatternBasedSqmFunctionDescriptor@6def5e22] under bitor; prior registration was null
2024-12-15T14:03:54.324-03:00 DEBUG 25938 --- [tienda-ms-pedidos] [           main] o.h.q.sqm.function.SqmFunctionRegistry   : Registered SqmFunctionTemplate [org.hibernate.query.sqm.function.PatternBasedSqmFunctionDescriptor@53722f45] under bitxor; prior registration was null
2024-12-15T14:03:54.324-03:00 DEBUG 25938 --- [tienda-ms-pedidos] [           main] o.h.q.sqm.function.SqmFunctionRegistry   : Registered SqmFunctionTemplate [org.hibernate.query.sqm.function.MultipatternSqmFunctionDescriptor@5e1569af] under locate; prior registration was NamedSqmFunctionTemplate(locate)
2024-12-15T14:03:54.325-03:00 DEBUG 25938 --- [tienda-ms-pedidos] [           main] o.h.q.sqm.function.SqmFunctionRegistry   : Registered SqmFunctionTemplate [org.hibernate.dialect.function.ListaggFunction@5f9b22c1] under listagg; prior registration was null
2024-12-15T14:03:54.325-03:00 DEBUG 25938 --- [tienda-ms-pedidos] [           main] o.h.q.sqm.function.SqmFunctionRegistry   : Registered SqmFunctionTemplate [NamedSqmFunctionTemplate(row_number)] under row_number; prior registration was null
2024-12-15T14:03:54.325-03:00 DEBUG 25938 --- [tienda-ms-pedidos] [           main] o.h.q.sqm.function.SqmFunctionRegistry   : Registered SqmFunctionTemplate [NamedSqmFunctionTemplate(lag)] under lag; prior registration was null
2024-12-15T14:03:54.325-03:00 DEBUG 25938 --- [tienda-ms-pedidos] [           main] o.h.q.sqm.function.SqmFunctionRegistry   : Registered SqmFunctionTemplate [NamedSqmFunctionTemplate(lead)] under lead; prior registration was null
2024-12-15T14:03:54.325-03:00 DEBUG 25938 --- [tienda-ms-pedidos] [           main] o.h.q.sqm.function.SqmFunctionRegistry   : Registered SqmFunctionTemplate [NamedSqmFunctionTemplate(first_value)] under first_value; prior registration was null
2024-12-15T14:03:54.325-03:00 DEBUG 25938 --- [tienda-ms-pedidos] [           main] o.h.q.sqm.function.SqmFunctionRegistry   : Registered SqmFunctionTemplate [NamedSqmFunctionTemplate(last_value)] under last_value; prior registration was null
2024-12-15T14:03:54.325-03:00 DEBUG 25938 --- [tienda-ms-pedidos] [           main] o.h.q.sqm.function.SqmFunctionRegistry   : Registered SqmFunctionTemplate [NamedSqmFunctionTemplate(nth_value)] under nth_value; prior registration was null
2024-12-15T14:03:54.325-03:00 DEBUG 25938 --- [tienda-ms-pedidos] [           main] o.h.q.sqm.function.SqmFunctionRegistry   : Registered SqmFunctionTemplate [org.hibernate.dialect.function.HypotheticalSetFunction@5362b064] under rank; prior registration was null
2024-12-15T14:03:54.325-03:00 DEBUG 25938 --- [tienda-ms-pedidos] [           main] o.h.q.sqm.function.SqmFunctionRegistry   : Registered SqmFunctionTemplate [org.hibernate.dialect.function.HypotheticalSetFunction@137720f3] under dense_rank; prior registration was null
2024-12-15T14:03:54.325-03:00 DEBUG 25938 --- [tienda-ms-pedidos] [           main] o.h.q.sqm.function.SqmFunctionRegistry   : Registered SqmFunctionTemplate [org.hibernate.dialect.function.HypotheticalSetFunction@51843e3e] under percent_rank; prior registration was null
2024-12-15T14:03:54.325-03:00 DEBUG 25938 --- [tienda-ms-pedidos] [           main] o.h.q.sqm.function.SqmFunctionRegistry   : Registered SqmFunctionTemplate [org.hibernate.dialect.function.HypotheticalSetFunction@4c6d1f1f] under cume_dist; prior registration was null
2024-12-15T14:03:54.326-03:00 DEBUG 25938 --- [tienda-ms-pedidos] [           main] o.h.q.sqm.function.SqmFunctionRegistry   : Registered SqmFunctionTemplate [org.hibernate.dialect.function.InverseDistributionFunction@3501c1de] under mode; prior registration was null
2024-12-15T14:03:54.326-03:00 DEBUG 25938 --- [tienda-ms-pedidos] [           main] o.h.q.sqm.function.SqmFunctionRegistry   : Registered SqmFunctionTemplate [org.hibernate.dialect.function.InverseDistributionFunction@1d839d22] under percentile_cont; prior registration was null
2024-12-15T14:03:54.326-03:00 DEBUG 25938 --- [tienda-ms-pedidos] [           main] o.h.q.sqm.function.SqmFunctionRegistry   : Registered SqmFunctionTemplate [org.hibernate.dialect.function.InverseDistributionFunction@256a4746] under percentile_disc; prior registration was null
2024-12-15T14:03:54.326-03:00 DEBUG 25938 --- [tienda-ms-pedidos] [           main] o.h.q.sqm.function.SqmFunctionRegistry   : Registered SqmFunctionTemplate [org.hibernate.dialect.function.ModeStatsModeEmulation@4c4bff52] under mode; prior registration was org.hibernate.dialect.function.InverseDistributionFunction@3501c1de
2024-12-15T14:03:54.333-03:00 DEBUG 25938 --- [tienda-ms-pedidos] [           main] o.h.q.sqm.function.SqmFunctionRegistry   : Registered SqmFunctionTemplate [org.hibernate.dialect.function.OracleTruncFunction@599f0fab] under trunc; prior registration was null
2024-12-15T14:03:54.333-03:00 DEBUG 25938 --- [tienda-ms-pedidos] [           main] o.h.q.sqm.function.SqmFunctionRegistry   : Registering alternate key : truncate -> trunc
2024-12-15T14:03:54.335-03:00 DEBUG 25938 --- [tienda-ms-pedidos] [           main] o.h.q.sqm.function.SqmFunctionRegistry   : Registered SqmFunctionTemplate [org.hibernate.dialect.function.array.OracleArrayConstructorFunction@2e93e779] under array; prior registration was null
2024-12-15T14:03:54.335-03:00 DEBUG 25938 --- [tienda-ms-pedidos] [           main] o.h.q.sqm.function.SqmFunctionRegistry   : Registered SqmFunctionTemplate [org.hibernate.dialect.function.array.OracleArrayConstructorFunction@413195dc] under array_list; prior registration was null
2024-12-15T14:03:54.335-03:00 DEBUG 25938 --- [tienda-ms-pedidos] [           main] o.h.q.sqm.function.SqmFunctionRegistry   : Registered SqmFunctionTemplate [org.hibernate.dialect.function.array.OracleArrayAggEmulation@2622efb0] under array_agg; prior registration was null
2024-12-15T14:03:54.336-03:00 DEBUG 25938 --- [tienda-ms-pedidos] [           main] o.h.q.sqm.function.SqmFunctionRegistry   : Registered SqmFunctionTemplate [org.hibernate.dialect.function.array.OracleArrayPositionFunction@187ee61a] under array_position; prior registration was null
2024-12-15T14:03:54.344-03:00 DEBUG 25938 --- [tienda-ms-pedidos] [           main] o.h.q.sqm.function.SqmFunctionRegistry   : Registered SqmFunctionTemplate [org.hibernate.dialect.function.array.OracleArrayPositionsFunction@5ce4c15a] under array_positions; prior registration was null
2024-12-15T14:03:54.346-03:00 DEBUG 25938 --- [tienda-ms-pedidos] [           main] o.h.q.sqm.function.SqmFunctionRegistry   : Registered SqmFunctionTemplate [org.hibernate.dialect.function.array.OracleArrayPositionsFunction@6d448772] under array_positions_list; prior registration was null
2024-12-15T14:03:54.346-03:00 DEBUG 25938 --- [tienda-ms-pedidos] [           main] o.h.q.sqm.function.SqmFunctionRegistry   : Registered SqmFunctionTemplate [org.hibernate.dialect.function.array.OracleArrayLengthFunction@106dbf5f] under array_length; prior registration was null
2024-12-15T14:03:54.347-03:00 DEBUG 25938 --- [tienda-ms-pedidos] [           main] o.h.q.sqm.function.SqmFunctionRegistry   : Registered SqmFunctionTemplate [org.hibernate.dialect.function.DynamicDispatchFunction@33225b82] under length; prior registration was null
2024-12-15T14:03:54.347-03:00 DEBUG 25938 --- [tienda-ms-pedidos] [           main] o.h.q.sqm.function.SqmFunctionRegistry   : Registered SqmFunctionTemplate [org.hibernate.dialect.function.array.OracleArrayConcatFunction@368d76d7] under array_concat; prior registration was null
2024-12-15T14:03:54.348-03:00 DEBUG 25938 --- [tienda-ms-pedidos] [           main] o.h.q.sqm.function.SqmFunctionRegistry   : Registered SqmFunctionTemplate [org.hibernate.dialect.function.array.OracleArrayConcatElementFunction@5d131f37] under array_prepend; prior registration was null
2024-12-15T14:03:54.348-03:00 DEBUG 25938 --- [tienda-ms-pedidos] [           main] o.h.q.sqm.function.SqmFunctionRegistry   : Registered SqmFunctionTemplate [org.hibernate.dialect.function.array.OracleArrayConcatElementFunction@5d5d8ca6] under array_append; prior registration was null
2024-12-15T14:03:54.349-03:00 DEBUG 25938 --- [tienda-ms-pedidos] [           main] o.h.q.sqm.function.SqmFunctionRegistry   : Registered SqmFunctionTemplate [org.hibernate.dialect.function.array.OracleArrayContainsFunction@71211cd5] under array_contains; prior registration was null
2024-12-15T14:03:54.349-03:00 DEBUG 25938 --- [tienda-ms-pedidos] [           main] o.h.q.sqm.function.SqmFunctionRegistry   : Registered SqmFunctionTemplate [org.hibernate.dialect.function.array.OracleArrayContainsFunction@4a686b43] under array_contains_nullable; prior registration was null
2024-12-15T14:03:54.350-03:00 DEBUG 25938 --- [tienda-ms-pedidos] [           main] o.h.q.sqm.function.SqmFunctionRegistry   : Registered SqmFunctionTemplate [org.hibernate.dialect.function.array.OracleArrayIncludesFunction@58cb1f78] under array_includes; prior registration was null
2024-12-15T14:03:54.350-03:00 DEBUG 25938 --- [tienda-ms-pedidos] [           main] o.h.q.sqm.function.SqmFunctionRegistry   : Registered SqmFunctionTemplate [org.hibernate.dialect.function.array.OracleArrayIncludesFunction@44e49229] under array_includes_nullable; prior registration was null
2024-12-15T14:03:54.350-03:00 DEBUG 25938 --- [tienda-ms-pedidos] [           main] o.h.q.sqm.function.SqmFunctionRegistry   : Registered SqmFunctionTemplate [org.hibernate.dialect.function.array.OracleArrayIntersectsFunction@6e860ca5] under array_intersects; prior registration was null
2024-12-15T14:03:54.350-03:00 DEBUG 25938 --- [tienda-ms-pedidos] [           main] o.h.q.sqm.function.SqmFunctionRegistry   : Registered SqmFunctionTemplate [org.hibernate.dialect.function.array.OracleArrayIntersectsFunction@5a187cd4] under array_intersects_nullable; prior registration was null
2024-12-15T14:03:54.350-03:00 DEBUG 25938 --- [tienda-ms-pedidos] [           main] o.h.q.sqm.function.SqmFunctionRegistry   : Registering alternate key : array_overlaps -> array_intersects
2024-12-15T14:03:54.350-03:00 DEBUG 25938 --- [tienda-ms-pedidos] [           main] o.h.q.sqm.function.SqmFunctionRegistry   : Registering alternate key : array_overlaps_nullable -> array_intersects_nullable
2024-12-15T14:03:54.351-03:00 DEBUG 25938 --- [tienda-ms-pedidos] [           main] o.h.q.sqm.function.SqmFunctionRegistry   : Registered SqmFunctionTemplate [org.hibernate.dialect.function.array.OracleArrayGetFunction@2090d3d1] under array_get; prior registration was null
2024-12-15T14:03:54.351-03:00 DEBUG 25938 --- [tienda-ms-pedidos] [           main] o.h.q.sqm.function.SqmFunctionRegistry   : Registered SqmFunctionTemplate [org.hibernate.dialect.function.array.OracleArraySetFunction@5bdd5b86] under array_set; prior registration was null
2024-12-15T14:03:54.351-03:00 DEBUG 25938 --- [tienda-ms-pedidos] [           main] o.h.q.sqm.function.SqmFunctionRegistry   : Registered SqmFunctionTemplate [org.hibernate.dialect.function.array.OracleArrayRemoveFunction@6b8eb7b2] under array_remove; prior registration was null
2024-12-15T14:03:54.352-03:00 DEBUG 25938 --- [tienda-ms-pedidos] [           main] o.h.q.sqm.function.SqmFunctionRegistry   : Registered SqmFunctionTemplate [org.hibernate.dialect.function.array.OracleArrayRemoveIndexFunction@4e06d526] under array_remove_index; prior registration was null
2024-12-15T14:03:54.352-03:00 DEBUG 25938 --- [tienda-ms-pedidos] [           main] o.h.q.sqm.function.SqmFunctionRegistry   : Registered SqmFunctionTemplate [org.hibernate.dialect.function.array.OracleArraySliceFunction@6acc424e] under array_slice; prior registration was null
2024-12-15T14:03:54.352-03:00 DEBUG 25938 --- [tienda-ms-pedidos] [           main] o.h.q.sqm.function.SqmFunctionRegistry   : Registered SqmFunctionTemplate [org.hibernate.dialect.function.array.OracleArrayReplaceFunction@66bd32b1] under array_replace; prior registration was null
2024-12-15T14:03:54.353-03:00 DEBUG 25938 --- [tienda-ms-pedidos] [           main] o.h.q.sqm.function.SqmFunctionRegistry   : Registered SqmFunctionTemplate [org.hibernate.dialect.function.array.OracleArrayTrimFunction@71374a2b] under array_trim; prior registration was null
2024-12-15T14:03:54.353-03:00 DEBUG 25938 --- [tienda-ms-pedidos] [           main] o.h.q.sqm.function.SqmFunctionRegistry   : Registered SqmFunctionTemplate [org.hibernate.dialect.function.array.OracleArrayFillFunction@55b12c21] under array_fill; prior registration was null
2024-12-15T14:03:54.353-03:00 DEBUG 25938 --- [tienda-ms-pedidos] [           main] o.h.q.sqm.function.SqmFunctionRegistry   : Registered SqmFunctionTemplate [org.hibernate.dialect.function.array.OracleArrayFillFunction@5762dc14] under array_fill_list; prior registration was null
2024-12-15T14:03:54.354-03:00 DEBUG 25938 --- [tienda-ms-pedidos] [           main] o.h.q.sqm.function.SqmFunctionRegistry   : Registered SqmFunctionTemplate [org.hibernate.dialect.function.array.OracleArrayToStringFunction@c2b2b92] under array_to_string; prior registration was null
2024-12-15T14:03:54.355-03:00 DEBUG 25938 --- [tienda-ms-pedidos] [           main] org.hibernate.HQL_FUNCTIONS              : abs(NUMERIC arg)
2024-12-15T14:03:54.355-03:00 DEBUG 25938 --- [tienda-ms-pedidos] [           main] org.hibernate.HQL_FUNCTIONS              : Double acos(NUMERIC arg)
2024-12-15T14:03:54.355-03:00 DEBUG 25938 --- [tienda-ms-pedidos] [           main] org.hibernate.HQL_FUNCTIONS              : add_months(DATE datetime, INTEGER months)
2024-12-15T14:03:54.355-03:00 DEBUG 25938 --- [tienda-ms-pedidos] [           main] org.hibernate.HQL_FUNCTIONS              : Boolean any(BOOLEAN arg)
2024-12-15T14:03:54.355-03:00 DEBUG 25938 --- [tienda-ms-pedidos] [           main] org.hibernate.HQL_FUNCTIONS              : array( ... )
2024-12-15T14:03:54.355-03:00 DEBUG 25938 --- [tienda-ms-pedidos] [           main] org.hibernate.HQL_FUNCTIONS              : array_agg(arg)
2024-12-15T14:03:54.355-03:00 DEBUG 25938 --- [tienda-ms-pedidos] [           main] org.hibernate.HQL_FUNCTIONS              : array_append( ... )
2024-12-15T14:03:54.355-03:00 DEBUG 25938 --- [tienda-ms-pedidos] [           main] org.hibernate.HQL_FUNCTIONS              : array_concat( ... )
2024-12-15T14:03:54.356-03:00 DEBUG 25938 --- [tienda-ms-pedidos] [           main] org.hibernate.HQL_FUNCTIONS              : Boolean array_contains(ARRAY haystackArray, OBJECT needleElementOrArray)
2024-12-15T14:03:54.356-03:00 DEBUG 25938 --- [tienda-ms-pedidos] [           main] org.hibernate.HQL_FUNCTIONS              : Boolean array_contains_nullable(ARRAY haystackArray, OBJECT needleElementOrArray)
2024-12-15T14:03:54.356-03:00 DEBUG 25938 --- [tienda-ms-pedidos] [           main] org.hibernate.HQL_FUNCTIONS              : array_fill(OBJECT element, INTEGER elementCount)
2024-12-15T14:03:54.356-03:00 DEBUG 25938 --- [tienda-ms-pedidos] [           main] org.hibernate.HQL_FUNCTIONS              : array_fill_list(OBJECT element, INTEGER elementCount)
2024-12-15T14:03:54.356-03:00 DEBUG 25938 --- [tienda-ms-pedidos] [           main] org.hibernate.HQL_FUNCTIONS              : array_get( ... )
2024-12-15T14:03:54.356-03:00 DEBUG 25938 --- [tienda-ms-pedidos] [           main] org.hibernate.HQL_FUNCTIONS              : Boolean array_includes(ARRAY haystackArray, OBJECT needleArray)
2024-12-15T14:03:54.356-03:00 DEBUG 25938 --- [tienda-ms-pedidos] [           main] org.hibernate.HQL_FUNCTIONS              : Boolean array_includes_nullable(ARRAY haystackArray, OBJECT needleArray)
2024-12-15T14:03:54.356-03:00 DEBUG 25938 --- [tienda-ms-pedidos] [           main] org.hibernate.HQL_FUNCTIONS              : Boolean array_intersects(ARRAY array0, OBJECT array1)
2024-12-15T14:03:54.356-03:00 DEBUG 25938 --- [tienda-ms-pedidos] [           main] org.hibernate.HQL_FUNCTIONS              : Boolean array_intersects_nullable(ARRAY array0, OBJECT array1)
2024-12-15T14:03:54.356-03:00 DEBUG 25938 --- [tienda-ms-pedidos] [           main] org.hibernate.HQL_FUNCTIONS              : Integer array_length(ARRAY array)
2024-12-15T14:03:54.356-03:00 DEBUG 25938 --- [tienda-ms-pedidos] [           main] org.hibernate.HQL_FUNCTIONS              : array_list( ... )
2024-12-15T14:03:54.356-03:00 DEBUG 25938 --- [tienda-ms-pedidos] [           main] org.hibernate.HQL_FUNCTIONS              : Boolean array_overlaps(ARRAY array0, OBJECT array1)
2024-12-15T14:03:54.356-03:00 DEBUG 25938 --- [tienda-ms-pedidos] [           main] org.hibernate.HQL_FUNCTIONS              : Boolean array_overlaps_nullable(ARRAY array0, OBJECT array1)
2024-12-15T14:03:54.356-03:00 DEBUG 25938 --- [tienda-ms-pedidos] [           main] org.hibernate.HQL_FUNCTIONS              : Integer array_position(ARRAY array, OBJECT element[, INTEGER startPosition])
2024-12-15T14:03:54.356-03:00 DEBUG 25938 --- [tienda-ms-pedidos] [           main] org.hibernate.HQL_FUNCTIONS              : int[] array_positions(ARRAY array, OBJECT element)
2024-12-15T14:03:54.356-03:00 DEBUG 25938 --- [tienda-ms-pedidos] [           main] org.hibernate.HQL_FUNCTIONS              : List array_positions_list(ARRAY array, OBJECT element)
2024-12-15T14:03:54.356-03:00 DEBUG 25938 --- [tienda-ms-pedidos] [           main] org.hibernate.HQL_FUNCTIONS              : array_prepend( ... )
2024-12-15T14:03:54.356-03:00 DEBUG 25938 --- [tienda-ms-pedidos] [           main] org.hibernate.HQL_FUNCTIONS              : array_remove( ... )
2024-12-15T14:03:54.356-03:00 DEBUG 25938 --- [tienda-ms-pedidos] [           main] org.hibernate.HQL_FUNCTIONS              : array_remove_index( ... )
2024-12-15T14:03:54.356-03:00 DEBUG 25938 --- [tienda-ms-pedidos] [           main] org.hibernate.HQL_FUNCTIONS              : array_replace( ... )
2024-12-15T14:03:54.356-03:00 DEBUG 25938 --- [tienda-ms-pedidos] [           main] org.hibernate.HQL_FUNCTIONS              : array_set( ... )
2024-12-15T14:03:54.356-03:00 DEBUG 25938 --- [tienda-ms-pedidos] [           main] org.hibernate.HQL_FUNCTIONS              : array_slice( ... )
2024-12-15T14:03:54.356-03:00 DEBUG 25938 --- [tienda-ms-pedidos] [           main] org.hibernate.HQL_FUNCTIONS              : String array_to_string( ... )
2024-12-15T14:03:54.356-03:00 DEBUG 25938 --- [tienda-ms-pedidos] [           main] org.hibernate.HQL_FUNCTIONS              : array_trim( ... )
2024-12-15T14:03:54.356-03:00 DEBUG 25938 --- [tienda-ms-pedidos] [           main] org.hibernate.HQL_FUNCTIONS              : Integer ascii(STRING arg)
2024-12-15T14:03:54.356-03:00 DEBUG 25938 --- [tienda-ms-pedidos] [           main] org.hibernate.HQL_FUNCTIONS              : Double asin(NUMERIC arg)
2024-12-15T14:03:54.356-03:00 DEBUG 25938 --- [tienda-ms-pedidos] [           main] org.hibernate.HQL_FUNCTIONS              : Double atan(NUMERIC arg)
2024-12-15T14:03:54.356-03:00 DEBUG 25938 --- [tienda-ms-pedidos] [           main] org.hibernate.HQL_FUNCTIONS              : Double atan2(NUMERIC arg0, NUMERIC arg1)
2024-12-15T14:03:54.356-03:00 DEBUG 25938 --- [tienda-ms-pedidos] [           main] org.hibernate.HQL_FUNCTIONS              : avg(arg)
2024-12-15T14:03:54.356-03:00 DEBUG 25938 --- [tienda-ms-pedidos] [           main] org.hibernate.HQL_FUNCTIONS              : Integer bit_length(STRING_OR_CLOB arg)
2024-12-15T14:03:54.356-03:00 DEBUG 25938 --- [tienda-ms-pedidos] [           main] org.hibernate.HQL_FUNCTIONS              : bitand(arg0, arg1)
2024-12-15T14:03:54.356-03:00 DEBUG 25938 --- [tienda-ms-pedidos] [           main] org.hibernate.HQL_FUNCTIONS              : bitor(arg0, arg1)
2024-12-15T14:03:54.356-03:00 DEBUG 25938 --- [tienda-ms-pedidos] [           main] org.hibernate.HQL_FUNCTIONS              : bitxor(arg0, arg1)
2024-12-15T14:03:54.356-03:00 DEBUG 25938 --- [tienda-ms-pedidos] [           main] org.hibernate.HQL_FUNCTIONS              : cast(arg as Type)
2024-12-15T14:03:54.356-03:00 DEBUG 25938 --- [tienda-ms-pedidos] [           main] org.hibernate.HQL_FUNCTIONS              : ceil(NUMERIC arg)
2024-12-15T14:03:54.356-03:00 DEBUG 25938 --- [tienda-ms-pedidos] [           main] org.hibernate.HQL_FUNCTIONS              : ceiling(NUMERIC arg)
2024-12-15T14:03:54.356-03:00 DEBUG 25938 --- [tienda-ms-pedidos] [           main] org.hibernate.HQL_FUNCTIONS              : Character char(INTEGER arg)
2024-12-15T14:03:54.356-03:00 DEBUG 25938 --- [tienda-ms-pedidos] [           main] org.hibernate.HQL_FUNCTIONS              : Integer character_length(STRING_OR_CLOB arg)
2024-12-15T14:03:54.356-03:00 DEBUG 25938 --- [tienda-ms-pedidos] [           main] org.hibernate.HQL_FUNCTIONS              : Character chr(INTEGER arg)
2024-12-15T14:03:54.356-03:00 DEBUG 25938 --- [tienda-ms-pedidos] [           main] org.hibernate.HQL_FUNCTIONS              : coalesce(arg0[, arg1[, ...]])
2024-12-15T14:03:54.356-03:00 DEBUG 25938 --- [tienda-ms-pedidos] [           main] org.hibernate.HQL_FUNCTIONS              : String collate(STRING string as COLLATION collation)
2024-12-15T14:03:54.356-03:00 DEBUG 25938 --- [tienda-ms-pedidos] [           main] org.hibernate.HQL_FUNCTIONS              : String concat(STRING string0[, STRING string1[, ...]])
2024-12-15T14:03:54.356-03:00 DEBUG 25938 --- [tienda-ms-pedidos] [           main] org.hibernate.HQL_FUNCTIONS              : Double corr(NUMERIC arg0, NUMERIC arg1)
2024-12-15T14:03:54.356-03:00 DEBUG 25938 --- [tienda-ms-pedidos] [           main] org.hibernate.HQL_FUNCTIONS              : Double cos(NUMERIC arg)
2024-12-15T14:03:54.356-03:00 DEBUG 25938 --- [tienda-ms-pedidos] [           main] org.hibernate.HQL_FUNCTIONS              : Double cosh(NUMERIC arg)
2024-12-15T14:03:54.356-03:00 DEBUG 25938 --- [tienda-ms-pedidos] [           main] org.hibernate.HQL_FUNCTIONS              : Long count([distinct ]{arg|*})
2024-12-15T14:03:54.356-03:00 DEBUG 25938 --- [tienda-ms-pedidos] [           main] org.hibernate.HQL_FUNCTIONS              : Double covar_pop(NUMERIC arg0, NUMERIC arg1)
2024-12-15T14:03:54.356-03:00 DEBUG 25938 --- [tienda-ms-pedidos] [           main] org.hibernate.HQL_FUNCTIONS              : Double covar_samp(NUMERIC arg0, NUMERIC arg1)
2024-12-15T14:03:54.356-03:00 DEBUG 25938 --- [tienda-ms-pedidos] [           main] org.hibernate.HQL_FUNCTIONS              : Double cume_dist([arg0[, ...]])
2024-12-15T14:03:54.356-03:00 DEBUG 25938 --- [tienda-ms-pedidos] [           main] org.hibernate.HQL_FUNCTIONS              : Date current date
2024-12-15T14:03:54.356-03:00 DEBUG 25938 --- [tienda-ms-pedidos] [           main] org.hibernate.HQL_FUNCTIONS              : Time current time
2024-12-15T14:03:54.356-03:00 DEBUG 25938 --- [tienda-ms-pedidos] [           main] org.hibernate.HQL_FUNCTIONS              : Timestamp current timestamp
2024-12-15T14:03:54.356-03:00 DEBUG 25938 --- [tienda-ms-pedidos] [           main] org.hibernate.HQL_FUNCTIONS              : Date current_date
2024-12-15T14:03:54.356-03:00 DEBUG 25938 --- [tienda-ms-pedidos] [           main] org.hibernate.HQL_FUNCTIONS              : Instant current_instant
2024-12-15T14:03:54.356-03:00 DEBUG 25938 --- [tienda-ms-pedidos] [           main] org.hibernate.HQL_FUNCTIONS              : Time current_time
2024-12-15T14:03:54.357-03:00 DEBUG 25938 --- [tienda-ms-pedidos] [           main] org.hibernate.HQL_FUNCTIONS              : Timestamp current_timestamp
2024-12-15T14:03:54.357-03:00 DEBUG 25938 --- [tienda-ms-pedidos] [           main] org.hibernate.HQL_FUNCTIONS              : dateadd(TEMPORAL_UNIT field, INTEGER magnitude, TEMPORAL datetime)
2024-12-15T14:03:54.357-03:00 DEBUG 25938 --- [tienda-ms-pedidos] [           main] org.hibernate.HQL_FUNCTIONS              : Long|Double datediff(TEMPORAL_UNIT field, TEMPORAL start, TEMPORAL end)
2024-12-15T14:03:54.357-03:00 DEBUG 25938 --- [tienda-ms-pedidos] [           main] org.hibernate.HQL_FUNCTIONS              : Double degrees(NUMERIC arg)
2024-12-15T14:03:54.357-03:00 DEBUG 25938 --- [tienda-ms-pedidos] [           main] org.hibernate.HQL_FUNCTIONS              : Long dense_rank([arg0[, ...]])
2024-12-15T14:03:54.357-03:00 DEBUG 25938 --- [tienda-ms-pedidos] [           main] org.hibernate.HQL_FUNCTIONS              : Boolean every(BOOLEAN arg)
2024-12-15T14:03:54.357-03:00 DEBUG 25938 --- [tienda-ms-pedidos] [           main] org.hibernate.HQL_FUNCTIONS              : Double exp(NUMERIC arg)
2024-12-15T14:03:54.357-03:00 DEBUG 25938 --- [tienda-ms-pedidos] [           main] org.hibernate.HQL_FUNCTIONS              : extract(TEMPORAL_UNIT field from TEMPORAL arg)
2024-12-15T14:03:54.357-03:00 DEBUG 25938 --- [tienda-ms-pedidos] [           main] org.hibernate.HQL_FUNCTIONS              : first_valueANY value
2024-12-15T14:03:54.357-03:00 DEBUG 25938 --- [tienda-ms-pedidos] [           main] org.hibernate.HQL_FUNCTIONS              : floor(NUMERIC arg)
2024-12-15T14:03:54.357-03:00 DEBUG 25938 --- [tienda-ms-pedidos] [           main] org.hibernate.HQL_FUNCTIONS              : String format(TEMPORAL datetime as STRING pattern)
2024-12-15T14:03:54.357-03:00 DEBUG 25938 --- [tienda-ms-pedidos] [           main] org.hibernate.HQL_FUNCTIONS              : greatest(COMPARABLE arg0, COMPARABLE arg1[, arg2[, ...]])
2024-12-15T14:03:54.357-03:00 DEBUG 25938 --- [tienda-ms-pedidos] [           main] org.hibernate.HQL_FUNCTIONS              : ifnull(arg0, arg1)
2024-12-15T14:03:54.357-03:00 DEBUG 25938 --- [tienda-ms-pedidos] [           main] org.hibernate.HQL_FUNCTIONS              : String initcap(arg)
2024-12-15T14:03:54.357-03:00 DEBUG 25938 --- [tienda-ms-pedidos] [           main] org.hibernate.HQL_FUNCTIONS              : Instant instant
2024-12-15T14:03:54.357-03:00 DEBUG 25938 --- [tienda-ms-pedidos] [           main] org.hibernate.HQL_FUNCTIONS              : Integer instr(STRING string, STRING pattern[, INTEGER start[, INTEGER occurrence]])
2024-12-15T14:03:54.357-03:00 DEBUG 25938 --- [tienda-ms-pedidos] [           main] org.hibernate.HQL_FUNCTIONS              : lagANY value[, INTEGER offset[, ANY default]]
2024-12-15T14:03:54.357-03:00 DEBUG 25938 --- [tienda-ms-pedidos] [           main] org.hibernate.HQL_FUNCTIONS              : Date last_day(DATE arg)
2024-12-15T14:03:54.357-03:00 DEBUG 25938 --- [tienda-ms-pedidos] [           main] org.hibernate.HQL_FUNCTIONS              : last_valueANY value
2024-12-15T14:03:54.357-03:00 DEBUG 25938 --- [tienda-ms-pedidos] [           main] org.hibernate.HQL_FUNCTIONS              : leadANY value[, INTEGER offset[, ANY default]]
2024-12-15T14:03:54.357-03:00 DEBUG 25938 --- [tienda-ms-pedidos] [           main] org.hibernate.HQL_FUNCTIONS              : least(COMPARABLE arg0, COMPARABLE arg1[, arg2[, ...]])
2024-12-15T14:03:54.357-03:00 DEBUG 25938 --- [tienda-ms-pedidos] [           main] org.hibernate.HQL_FUNCTIONS              : String left(STRING string, INTEGER length)
2024-12-15T14:03:54.357-03:00 DEBUG 25938 --- [tienda-ms-pedidos] [           main] org.hibernate.HQL_FUNCTIONS              : length
2024-12-15T14:03:54.357-03:00 DEBUG 25938 --- [tienda-ms-pedidos] [           main] org.hibernate.HQL_FUNCTIONS              : String listagg(STRING arg0, STRING arg1)
2024-12-15T14:03:54.357-03:00 DEBUG 25938 --- [tienda-ms-pedidos] [           main] org.hibernate.HQL_FUNCTIONS              : Double ln(NUMERIC arg)
2024-12-15T14:03:54.357-03:00 DEBUG 25938 --- [tienda-ms-pedidos] [           main] org.hibernate.HQL_FUNCTIONS              : LocalDate local date
2024-12-15T14:03:54.357-03:00 DEBUG 25938 --- [tienda-ms-pedidos] [           main] org.hibernate.HQL_FUNCTIONS              : LocalDateTime local datetime
2024-12-15T14:03:54.357-03:00 DEBUG 25938 --- [tienda-ms-pedidos] [           main] org.hibernate.HQL_FUNCTIONS              : LocalTime local time
2024-12-15T14:03:54.357-03:00 DEBUG 25938 --- [tienda-ms-pedidos] [           main] org.hibernate.HQL_FUNCTIONS              : LocalDate local_date
2024-12-15T14:03:54.357-03:00 DEBUG 25938 --- [tienda-ms-pedidos] [           main] org.hibernate.HQL_FUNCTIONS              : LocalDateTime local_datetime
2024-12-15T14:03:54.357-03:00 DEBUG 25938 --- [tienda-ms-pedidos] [           main] org.hibernate.HQL_FUNCTIONS              : LocalTime local_time
2024-12-15T14:03:54.357-03:00 DEBUG 25938 --- [tienda-ms-pedidos] [           main] org.hibernate.HQL_FUNCTIONS              : Integer locate(pattern, string[, start])
2024-12-15T14:03:54.357-03:00 DEBUG 25938 --- [tienda-ms-pedidos] [           main] org.hibernate.HQL_FUNCTIONS              : Double log(NUMERIC arg0[, NUMERIC arg1])
2024-12-15T14:03:54.357-03:00 DEBUG 25938 --- [tienda-ms-pedidos] [           main] org.hibernate.HQL_FUNCTIONS              : Double log10(NUMERIC arg)
2024-12-15T14:03:54.357-03:00 DEBUG 25938 --- [tienda-ms-pedidos] [           main] org.hibernate.HQL_FUNCTIONS              : String lower(STRING string)
2024-12-15T14:03:54.357-03:00 DEBUG 25938 --- [tienda-ms-pedidos] [           main] org.hibernate.HQL_FUNCTIONS              : String lpad(STRING string, INTEGER length[, STRING padding])
2024-12-15T14:03:54.357-03:00 DEBUG 25938 --- [tienda-ms-pedidos] [           main] org.hibernate.HQL_FUNCTIONS              : String ltrim(STRING string[, STRING characters])
2024-12-15T14:03:54.357-03:00 DEBUG 25938 --- [tienda-ms-pedidos] [           main] org.hibernate.HQL_FUNCTIONS              : max(COMPARABLE arg)
2024-12-15T14:03:54.357-03:00 DEBUG 25938 --- [tienda-ms-pedidos] [           main] org.hibernate.HQL_FUNCTIONS              : Double median(NUMERIC arg)
2024-12-15T14:03:54.357-03:00 DEBUG 25938 --- [tienda-ms-pedidos] [           main] org.hibernate.HQL_FUNCTIONS              : min(COMPARABLE arg)
2024-12-15T14:03:54.357-03:00 DEBUG 25938 --- [tienda-ms-pedidos] [           main] org.hibernate.HQL_FUNCTIONS              : Integer mod(INTEGER arg0, INTEGER arg1)
2024-12-15T14:03:54.357-03:00 DEBUG 25938 --- [tienda-ms-pedidos] [           main] org.hibernate.HQL_FUNCTIONS              : mode()
2024-12-15T14:03:54.357-03:00 DEBUG 25938 --- [tienda-ms-pedidos] [           main] org.hibernate.HQL_FUNCTIONS              : Integer months_between(DATE end, DATE start)
2024-12-15T14:03:54.357-03:00 DEBUG 25938 --- [tienda-ms-pedidos] [           main] org.hibernate.HQL_FUNCTIONS              : nth_valueANY value, INTEGER nth
2024-12-15T14:03:54.357-03:00 DEBUG 25938 --- [tienda-ms-pedidos] [           main] org.hibernate.HQL_FUNCTIONS              : nullif(arg0, arg1)
2024-12-15T14:03:54.357-03:00 DEBUG 25938 --- [tienda-ms-pedidos] [           main] org.hibernate.HQL_FUNCTIONS              : Integer octet_length(STRING_OR_CLOB arg)
2024-12-15T14:03:54.357-03:00 DEBUG 25938 --- [tienda-ms-pedidos] [           main] org.hibernate.HQL_FUNCTIONS              : OffsetDateTime offset datetime
2024-12-15T14:03:54.357-03:00 DEBUG 25938 --- [tienda-ms-pedidos] [           main] org.hibernate.HQL_FUNCTIONS              : OffsetDateTime offset_datetime
2024-12-15T14:03:54.357-03:00 DEBUG 25938 --- [tienda-ms-pedidos] [           main] org.hibernate.HQL_FUNCTIONS              : String overlay(STRING string placing STRING replacement from INTEGER start[ for INTEGER length])
2024-12-15T14:03:54.357-03:00 DEBUG 25938 --- [tienda-ms-pedidos] [           main] org.hibernate.HQL_FUNCTIONS              : String pad(STRING string with INTEGER length {leading|trailing}[ STRING character])
2024-12-15T14:03:54.357-03:00 DEBUG 25938 --- [tienda-ms-pedidos] [           main] org.hibernate.HQL_FUNCTIONS              : Double percent_rank([arg0[, ...]])
2024-12-15T14:03:54.357-03:00 DEBUG 25938 --- [tienda-ms-pedidos] [           main] org.hibernate.HQL_FUNCTIONS              : percentile_cont(NUMERIC arg)
2024-12-15T14:03:54.357-03:00 DEBUG 25938 --- [tienda-ms-pedidos] [           main] org.hibernate.HQL_FUNCTIONS              : percentile_disc(NUMERIC arg)
2024-12-15T14:03:54.357-03:00 DEBUG 25938 --- [tienda-ms-pedidos] [           main] org.hibernate.HQL_FUNCTIONS              : Double pi
2024-12-15T14:03:54.357-03:00 DEBUG 25938 --- [tienda-ms-pedidos] [           main] org.hibernate.HQL_FUNCTIONS              : Integer position(STRING pattern in STRING string)
2024-12-15T14:03:54.357-03:00 DEBUG 25938 --- [tienda-ms-pedidos] [           main] org.hibernate.HQL_FUNCTIONS              : Double power(NUMERIC arg0, NUMERIC arg1)
2024-12-15T14:03:54.357-03:00 DEBUG 25938 --- [tienda-ms-pedidos] [           main] org.hibernate.HQL_FUNCTIONS              : Double radians(NUMERIC arg)
2024-12-15T14:03:54.357-03:00 DEBUG 25938 --- [tienda-ms-pedidos] [           main] org.hibernate.HQL_FUNCTIONS              : Long rank([arg0[, ...]])
2024-12-15T14:03:54.357-03:00 DEBUG 25938 --- [tienda-ms-pedidos] [           main] org.hibernate.HQL_FUNCTIONS              : Double regr_avgx(NUMERIC arg0, NUMERIC arg1)
2024-12-15T14:03:54.357-03:00 DEBUG 25938 --- [tienda-ms-pedidos] [           main] org.hibernate.HQL_FUNCTIONS              : Double regr_avgy(NUMERIC arg0, NUMERIC arg1)
2024-12-15T14:03:54.357-03:00 DEBUG 25938 --- [tienda-ms-pedidos] [           main] org.hibernate.HQL_FUNCTIONS              : Double regr_count(NUMERIC arg0, NUMERIC arg1)
2024-12-15T14:03:54.358-03:00 DEBUG 25938 --- [tienda-ms-pedidos] [           main] org.hibernate.HQL_FUNCTIONS              : Double regr_intercept(NUMERIC arg0, NUMERIC arg1)
2024-12-15T14:03:54.358-03:00 DEBUG 25938 --- [tienda-ms-pedidos] [           main] org.hibernate.HQL_FUNCTIONS              : Double regr_r2(NUMERIC arg0, NUMERIC arg1)
2024-12-15T14:03:54.358-03:00 DEBUG 25938 --- [tienda-ms-pedidos] [           main] org.hibernate.HQL_FUNCTIONS              : Double regr_slope(NUMERIC arg0, NUMERIC arg1)
2024-12-15T14:03:54.358-03:00 DEBUG 25938 --- [tienda-ms-pedidos] [           main] org.hibernate.HQL_FUNCTIONS              : Double regr_sxx(NUMERIC arg0, NUMERIC arg1)
2024-12-15T14:03:54.358-03:00 DEBUG 25938 --- [tienda-ms-pedidos] [           main] org.hibernate.HQL_FUNCTIONS              : Double regr_sxy(NUMERIC arg0, NUMERIC arg1)
2024-12-15T14:03:54.358-03:00 DEBUG 25938 --- [tienda-ms-pedidos] [           main] org.hibernate.HQL_FUNCTIONS              : Double regr_syy(NUMERIC arg0, NUMERIC arg1)
2024-12-15T14:03:54.358-03:00 DEBUG 25938 --- [tienda-ms-pedidos] [           main] org.hibernate.HQL_FUNCTIONS              : String repeat(STRING string, INTEGER times)
2024-12-15T14:03:54.358-03:00 DEBUG 25938 --- [tienda-ms-pedidos] [           main] org.hibernate.HQL_FUNCTIONS              : String replace(STRING string, STRING pattern, STRING replacement)
2024-12-15T14:03:54.358-03:00 DEBUG 25938 --- [tienda-ms-pedidos] [           main] org.hibernate.HQL_FUNCTIONS              : String right(STRING string, INTEGER length)
2024-12-15T14:03:54.358-03:00 DEBUG 25938 --- [tienda-ms-pedidos] [           main] org.hibernate.HQL_FUNCTIONS              : round(NUMERIC number[, INTEGER places])
2024-12-15T14:03:54.358-03:00 DEBUG 25938 --- [tienda-ms-pedidos] [           main] org.hibernate.HQL_FUNCTIONS              : Long row_number()
2024-12-15T14:03:54.358-03:00 DEBUG 25938 --- [tienda-ms-pedidos] [           main] org.hibernate.HQL_FUNCTIONS              : Long rowid
2024-12-15T14:03:54.358-03:00 DEBUG 25938 --- [tienda-ms-pedidos] [           main] org.hibernate.HQL_FUNCTIONS              : Long rownum
2024-12-15T14:03:54.358-03:00 DEBUG 25938 --- [tienda-ms-pedidos] [           main] org.hibernate.HQL_FUNCTIONS              : String rpad(STRING string, INTEGER length[, STRING padding])
2024-12-15T14:03:54.358-03:00 DEBUG 25938 --- [tienda-ms-pedidos] [           main] org.hibernate.HQL_FUNCTIONS              : String rtrim(STRING string[, STRING characters])
2024-12-15T14:03:54.358-03:00 DEBUG 25938 --- [tienda-ms-pedidos] [           main] org.hibernate.HQL_FUNCTIONS              : Integer sign(NUMERIC arg)
2024-12-15T14:03:54.358-03:00 DEBUG 25938 --- [tienda-ms-pedidos] [           main] org.hibernate.HQL_FUNCTIONS              : Double sin(NUMERIC arg)
2024-12-15T14:03:54.358-03:00 DEBUG 25938 --- [tienda-ms-pedidos] [           main] org.hibernate.HQL_FUNCTIONS              : Double sinh(NUMERIC arg)
2024-12-15T14:03:54.358-03:00 DEBUG 25938 --- [tienda-ms-pedidos] [           main] org.hibernate.HQL_FUNCTIONS              : String soundex(arg)
2024-12-15T14:03:54.358-03:00 DEBUG 25938 --- [tienda-ms-pedidos] [           main] org.hibernate.HQL_FUNCTIONS              : Object sql
2024-12-15T14:03:54.358-03:00 DEBUG 25938 --- [tienda-ms-pedidos] [           main] org.hibernate.HQL_FUNCTIONS              : Double sqrt(NUMERIC arg)
2024-12-15T14:03:54.358-03:00 DEBUG 25938 --- [tienda-ms-pedidos] [           main] org.hibernate.HQL_FUNCTIONS              : Double stddev(NUMERIC arg)
2024-12-15T14:03:54.358-03:00 DEBUG 25938 --- [tienda-ms-pedidos] [           main] org.hibernate.HQL_FUNCTIONS              : Double stddev_pop(NUMERIC arg)
2024-12-15T14:03:54.358-03:00 DEBUG 25938 --- [tienda-ms-pedidos] [           main] org.hibernate.HQL_FUNCTIONS              : Double stddev_samp(NUMERIC arg)
2024-12-15T14:03:54.358-03:00 DEBUG 25938 --- [tienda-ms-pedidos] [           main] org.hibernate.HQL_FUNCTIONS              : String str(arg)
2024-12-15T14:03:54.358-03:00 DEBUG 25938 --- [tienda-ms-pedidos] [           main] org.hibernate.HQL_FUNCTIONS              : String substr(STRING string, INTEGER start[, INTEGER length])
2024-12-15T14:03:54.358-03:00 DEBUG 25938 --- [tienda-ms-pedidos] [           main] org.hibernate.HQL_FUNCTIONS              : String substring(STRING string{ from|,} INTEGER start[{ for|,} INTEGER length])
2024-12-15T14:03:54.358-03:00 DEBUG 25938 --- [tienda-ms-pedidos] [           main] org.hibernate.HQL_FUNCTIONS              : sum(arg)
2024-12-15T14:03:54.358-03:00 DEBUG 25938 --- [tienda-ms-pedidos] [           main] org.hibernate.HQL_FUNCTIONS              : Timestamp sysdate
2024-12-15T14:03:54.358-03:00 DEBUG 25938 --- [tienda-ms-pedidos] [           main] org.hibernate.HQL_FUNCTIONS              : Timestamp systimestamp
2024-12-15T14:03:54.358-03:00 DEBUG 25938 --- [tienda-ms-pedidos] [           main] org.hibernate.HQL_FUNCTIONS              : Double tan(NUMERIC arg)
2024-12-15T14:03:54.358-03:00 DEBUG 25938 --- [tienda-ms-pedidos] [           main] org.hibernate.HQL_FUNCTIONS              : Double tanh(NUMERIC arg)
2024-12-15T14:03:54.358-03:00 DEBUG 25938 --- [tienda-ms-pedidos] [           main] org.hibernate.HQL_FUNCTIONS              : timestampadd(TEMPORAL_UNIT field, INTEGER magnitude, TEMPORAL datetime)
2024-12-15T14:03:54.358-03:00 DEBUG 25938 --- [tienda-ms-pedidos] [           main] org.hibernate.HQL_FUNCTIONS              : Long|Double timestampdiff(TEMPORAL_UNIT field, TEMPORAL start, TEMPORAL end)
2024-12-15T14:03:54.358-03:00 DEBUG 25938 --- [tienda-ms-pedidos] [           main] org.hibernate.HQL_FUNCTIONS              : String to_char(ANY arg0[, STRING arg1, STRING arg2])
2024-12-15T14:03:54.358-03:00 DEBUG 25938 --- [tienda-ms-pedidos] [           main] org.hibernate.HQL_FUNCTIONS              : Date to_date(STRING arg0[, STRING arg1, STRING arg2])
2024-12-15T14:03:54.358-03:00 DEBUG 25938 --- [tienda-ms-pedidos] [           main] org.hibernate.HQL_FUNCTIONS              : Double to_number(STRING arg0[, STRING arg1, STRING arg2])
2024-12-15T14:03:54.358-03:00 DEBUG 25938 --- [tienda-ms-pedidos] [           main] org.hibernate.HQL_FUNCTIONS              : Timestamp to_timestamp(STRING arg0[, STRING arg1, STRING arg2])
2024-12-15T14:03:54.358-03:00 DEBUG 25938 --- [tienda-ms-pedidos] [           main] org.hibernate.HQL_FUNCTIONS              : String translate(STRING arg0, STRING arg1, STRING arg2)
2024-12-15T14:03:54.358-03:00 DEBUG 25938 --- [tienda-ms-pedidos] [           main] org.hibernate.HQL_FUNCTIONS              : String trim([[{leading|trailing|both} ][STRING arg0 ]from] STRING arg1)
2024-12-15T14:03:54.358-03:00 DEBUG 25938 --- [tienda-ms-pedidos] [           main] org.hibernate.HQL_FUNCTIONS              : trunc( ... )
2024-12-15T14:03:54.358-03:00 DEBUG 25938 --- [tienda-ms-pedidos] [           main] org.hibernate.HQL_FUNCTIONS              : truncate( ... )
2024-12-15T14:03:54.358-03:00 DEBUG 25938 --- [tienda-ms-pedidos] [           main] org.hibernate.HQL_FUNCTIONS              : String upper(STRING string)
2024-12-15T14:03:54.358-03:00 DEBUG 25938 --- [tienda-ms-pedidos] [           main] org.hibernate.HQL_FUNCTIONS              : Double var_pop(NUMERIC arg)
2024-12-15T14:03:54.359-03:00 DEBUG 25938 --- [tienda-ms-pedidos] [           main] org.hibernate.HQL_FUNCTIONS              : Double var_samp(NUMERIC arg)
2024-12-15T14:03:54.359-03:00 DEBUG 25938 --- [tienda-ms-pedidos] [           main] org.hibernate.HQL_FUNCTIONS              : Double variance(NUMERIC arg)
2024-12-15T14:03:54.365-03:00 DEBUG 25938 --- [tienda-ms-pedidos] [           main] org.hibernate.orm.query.plan.cache       : Starting QueryInterpretationCache(2048)
2024-12-15T14:03:54.429-03:00 DEBUG 25938 --- [tienda-ms-pedidos] [           main] .h.s.i.SessionFactoryServiceRegistryImpl : EventListenerRegistry access via ServiceRegistry is deprecated.  Use `sessionFactory.getEventEngine().getListenerRegistry()` instead
2024-12-15T14:03:54.430-03:00 DEBUG 25938 --- [tienda-ms-pedidos] [           main] h.e.i.EntityCopyObserverFactoryInitiator : Configured EntityCopyObserver strategy: disallow
2024-12-15T14:03:54.485-03:00 DEBUG 25938 --- [tienda-ms-pedidos] [           main] org.hibernate.ormbytecode.interceptor    : To-one property `com.example.tienda_ms_pedidos.model.DetalleOrden#orden` was mapped with LAZY + NO_PROXY but the class was not enhanced
2024-12-15T14:03:54.486-03:00 DEBUG 25938 --- [tienda-ms-pedidos] [           main] org.hibernate.ormbytecode.interceptor    : To-one property `com.example.tienda_ms_pedidos.model.DetalleOrden#orden` was mapped with LAZY + NO_PROXY but the class was not enhanced
2024-12-15T14:03:54.486-03:00 DEBUG 25938 --- [tienda-ms-pedidos] [           main] o.h.boot.internal.ClassLoaderAccessImpl  : Not known whether passed class name [com.example.tienda_ms_pedidos.model.DetalleOrden] is safe
2024-12-15T14:03:54.486-03:00 DEBUG 25938 --- [tienda-ms-pedidos] [           main] o.h.boot.internal.ClassLoaderAccessImpl  : No temp ClassLoader provided; using live ClassLoader for loading potentially unsafe class : com.example.tienda_ms_pedidos.model.DetalleOrden
2024-12-15T14:03:54.593-03:00 DEBUG 25938 --- [tienda-ms-pedidos] [           main] o.h.b.i.bytebuddy.BytecodeProviderImpl   : HHH000513: Unable to create the ReflectionOptimizer for [com.example.tienda_ms_pedidos.model.DetalleOrden]: private accessor [cantidad]
2024-12-15T14:03:54.595-03:00 DEBUG 25938 --- [tienda-ms-pedidos] [           main] org.hibernate.ormbytecode.interceptor    : To-one property `com.example.tienda_ms_pedidos.model.DetalleOrden#orden` was mapped with LAZY + NO_PROXY but the class was not enhanced
2024-12-15T14:03:54.612-03:00 DEBUG 25938 --- [tienda-ms-pedidos] [           main] o.h.boot.internal.ClassLoaderAccessImpl  : Not known whether passed class name [com.example.tienda_ms_pedidos.model.Orden] is safe
2024-12-15T14:03:54.612-03:00 DEBUG 25938 --- [tienda-ms-pedidos] [           main] o.h.boot.internal.ClassLoaderAccessImpl  : No temp ClassLoader provided; using live ClassLoader for loading potentially unsafe class : com.example.tienda_ms_pedidos.model.Orden
2024-12-15T14:03:54.625-03:00 DEBUG 25938 --- [tienda-ms-pedidos] [           main] o.h.b.i.bytebuddy.BytecodeProviderImpl   : HHH000513: Unable to create the ReflectionOptimizer for [com.example.tienda_ms_pedidos.model.Orden]: private accessor [detalles]
2024-12-15T14:03:54.626-03:00 DEBUG 25938 --- [tienda-ms-pedidos] [           main] o.h.boot.internal.ClassLoaderAccessImpl  : Not known whether passed class name [com.example.tienda_ms_pedidos.model.Categoria] is safe
2024-12-15T14:03:54.626-03:00 DEBUG 25938 --- [tienda-ms-pedidos] [           main] o.h.boot.internal.ClassLoaderAccessImpl  : No temp ClassLoader provided; using live ClassLoader for loading potentially unsafe class : com.example.tienda_ms_pedidos.model.Categoria
2024-12-15T14:03:54.649-03:00 DEBUG 25938 --- [tienda-ms-pedidos] [           main] o.h.b.i.bytebuddy.BytecodeProviderImpl   : HHH000513: Unable to create the ReflectionOptimizer for [com.example.tienda_ms_pedidos.model.Categoria]: private accessor [descripcion]
2024-12-15T14:03:54.650-03:00 DEBUG 25938 --- [tienda-ms-pedidos] [           main] o.h.boot.internal.ClassLoaderAccessImpl  : Not known whether passed class name [com.example.tienda_ms_pedidos.model.Producto] is safe
2024-12-15T14:03:54.650-03:00 DEBUG 25938 --- [tienda-ms-pedidos] [           main] o.h.boot.internal.ClassLoaderAccessImpl  : No temp ClassLoader provided; using live ClassLoader for loading potentially unsafe class : com.example.tienda_ms_pedidos.model.Producto
2024-12-15T14:03:54.676-03:00 DEBUG 25938 --- [tienda-ms-pedidos] [           main] o.h.b.i.bytebuddy.BytecodeProviderImpl   : HHH000513: Unable to create the ReflectionOptimizer for [com.example.tienda_ms_pedidos.model.Producto]: private accessor [categorias]
2024-12-15T14:03:54.689-03:00 DEBUG 25938 --- [tienda-ms-pedidos] [           main] org.hibernate.orm.jdbc.mutation          : Skipping collection (re)creation - com.example.tienda_ms_pedidos.model.Orden.detalles
2024-12-15T14:03:54.690-03:00 DEBUG 25938 --- [tienda-ms-pedidos] [           main] org.hibernate.orm.jdbc.mutation          : Skipping collection row deletions - com.example.tienda_ms_pedidos.model.Orden.detalles
2024-12-15T14:03:54.690-03:00 DEBUG 25938 --- [tienda-ms-pedidos] [           main] org.hibernate.orm.jdbc.mutation          : Skipping collection removals - com.example.tienda_ms_pedidos.model.Orden.detalles
2024-12-15T14:03:54.691-03:00 DEBUG 25938 --- [tienda-ms-pedidos] [           main] org.hibernate.orm.jdbc.mutation          : Skipping collection inserts - com.example.tienda_ms_pedidos.model.Categoria.productos
2024-12-15T14:03:54.691-03:00 DEBUG 25938 --- [tienda-ms-pedidos] [           main] org.hibernate.orm.jdbc.mutation          : Skipping collection row updates - com.example.tienda_ms_pedidos.model.Categoria.productos
2024-12-15T14:03:54.692-03:00 DEBUG 25938 --- [tienda-ms-pedidos] [           main] org.hibernate.orm.jdbc.mutation          : Skipping collection row deletions - com.example.tienda_ms_pedidos.model.Categoria.productos
2024-12-15T14:03:54.692-03:00 DEBUG 25938 --- [tienda-ms-pedidos] [           main] org.hibernate.orm.jdbc.mutation          : Skipping collection removals - com.example.tienda_ms_pedidos.model.Categoria.productos
2024-12-15T14:03:54.693-03:00 DEBUG 25938 --- [tienda-ms-pedidos] [           main] org.hibernate.orm.jdbc.mutation          : Skipping collection row updates - com.example.tienda_ms_pedidos.model.Producto.categorias
2024-12-15T14:03:54.710-03:00 DEBUG 25938 --- [tienda-ms-pedidos] [           main] o.hibernate.orm.model.mapping.creation   : Starting post-init callbacks
2024-12-15T14:03:54.710-03:00 DEBUG 25938 --- [tienda-ms-pedidos] [           main] o.hibernate.orm.model.mapping.creation   : Starting PostInitCallbackEntry : To-one key - NavigableRole[com.example.tienda_ms_pedidos.model.DetalleOrden.orden]
2024-12-15T14:03:54.717-03:00 DEBUG 25938 --- [tienda-ms-pedidos] [           main] o.hibernate.orm.model.mapping.creation   : Starting PostInitCallbackEntry : Entity(com.example.tienda_ms_pedidos.model.DetalleOrden) `staticFetchableList` generator
2024-12-15T14:03:54.717-03:00 DEBUG 25938 --- [tienda-ms-pedidos] [           main] o.hibernate.orm.model.mapping.creation   : Starting PostInitCallbackEntry : PluralAttributeMapping( NavigableRole[com.example.tienda_ms_pedidos.model.Orden.detalles#{element}]) - element descriptor
2024-12-15T14:03:54.717-03:00 DEBUG 25938 --- [tienda-ms-pedidos] [           main] o.hibernate.orm.model.mapping.creation   : Starting PostInitCallbackEntry : PluralAttributeMapping(com.example.tienda_ms_pedidos.model.Orden.detalles)#finishInitialization
2024-12-15T14:03:54.717-03:00 DEBUG 25938 --- [tienda-ms-pedidos] [           main] o.hibernate.orm.model.mapping.creation   : Starting PostInitCallbackEntry : PluralAttributeMapping(com.example.tienda_ms_pedidos.model.Orden.detalles) - key descriptor
2024-12-15T14:03:54.717-03:00 DEBUG 25938 --- [tienda-ms-pedidos] [           main] o.hibernate.orm.model.mapping.creation   : Starting PostInitCallbackEntry : Entity(com.example.tienda_ms_pedidos.model.Orden) `staticFetchableList` generator
2024-12-15T14:03:54.717-03:00 DEBUG 25938 --- [tienda-ms-pedidos] [           main] o.hibernate.orm.model.mapping.creation   : Starting PostInitCallbackEntry : PluralAttributeMapping( NavigableRole[com.example.tienda_ms_pedidos.model.Categoria.productos#{element}]) - element descriptor
2024-12-15T14:03:54.717-03:00 DEBUG 25938 --- [tienda-ms-pedidos] [           main] o.hibernate.orm.model.mapping.creation   : Starting PostInitCallbackEntry : PluralAttributeMapping(com.example.tienda_ms_pedidos.model.Categoria.productos)#finishInitialization
2024-12-15T14:03:54.717-03:00 DEBUG 25938 --- [tienda-ms-pedidos] [           main] o.hibernate.orm.model.mapping.creation   : Starting PostInitCallbackEntry : PluralAttributeMapping(com.example.tienda_ms_pedidos.model.Categoria.productos) - key descriptor
2024-12-15T14:03:54.717-03:00 DEBUG 25938 --- [tienda-ms-pedidos] [           main] o.hibernate.orm.model.mapping.creation   : Starting PostInitCallbackEntry : Entity(com.example.tienda_ms_pedidos.model.Categoria) `staticFetchableList` generator
2024-12-15T14:03:54.717-03:00 DEBUG 25938 --- [tienda-ms-pedidos] [           main] o.hibernate.orm.model.mapping.creation   : Starting PostInitCallbackEntry : PluralAttributeMapping( NavigableRole[com.example.tienda_ms_pedidos.model.Producto.categorias#{element}]) - element descriptor
2024-12-15T14:03:54.717-03:00 DEBUG 25938 --- [tienda-ms-pedidos] [           main] o.hibernate.orm.model.mapping.creation   : Starting PostInitCallbackEntry : PluralAttributeMapping(com.example.tienda_ms_pedidos.model.Producto.categorias)#finishInitialization
2024-12-15T14:03:54.717-03:00 DEBUG 25938 --- [tienda-ms-pedidos] [           main] o.hibernate.orm.model.mapping.creation   : Starting PostInitCallbackEntry : PluralAttributeMapping(com.example.tienda_ms_pedidos.model.Producto.categorias) - key descriptor
2024-12-15T14:03:54.718-03:00 DEBUG 25938 --- [tienda-ms-pedidos] [           main] o.hibernate.orm.model.mapping.creation   : Starting PostInitCallbackEntry : Entity(com.example.tienda_ms_pedidos.model.Producto) `staticFetchableList` generator
2024-12-15T14:03:54.718-03:00 DEBUG 25938 --- [tienda-ms-pedidos] [           main] o.hibernate.orm.model.mapping.creation   : Starting PostInitCallbackEntry : PluralAttributeMapping( NavigableRole[com.example.tienda_ms_pedidos.model.Orden.detalles#{element}]) - element descriptor
2024-12-15T14:03:54.718-03:00 DEBUG 25938 --- [tienda-ms-pedidos] [           main] o.hibernate.orm.model.mapping.creation   : Starting PostInitCallbackEntry : PluralAttributeMapping( NavigableRole[com.example.tienda_ms_pedidos.model.Categoria.productos#{element}]) - element descriptor
2024-12-15T14:03:54.774-03:00 DEBUG 25938 --- [tienda-ms-pedidos] [           main] org.hibernate.orm.sql.ast.create         : Created new SQL alias : do1_0
2024-12-15T14:03:54.775-03:00 DEBUG 25938 --- [tienda-ms-pedidos] [           main] org.hibernate.orm.sql.ast.create         : Registration of TableGroup [StandardTableGroup(com.example.tienda_ms_pedidos.model.DetalleOrden)] with identifierForTableGroup [com.example.tienda_ms_pedidos.model.DetalleOrden] for NavigablePath [com.example.tienda_ms_pedidos.model.DetalleOrden] 
2024-12-15T14:03:54.784-03:00 DEBUG 25938 --- [tienda-ms-pedidos] [           main] org.hibernate.orm.sql.ast.create         : Registration of TableGroup [org.hibernate.sql.ast.tree.from.LazyTableGroup@53b32895] with identifierForTableGroup [com.example.tienda_ms_pedidos.model.DetalleOrden.orden] for NavigablePath [com.example.tienda_ms_pedidos.model.DetalleOrden.orden] 
2024-12-15T14:03:54.785-03:00 DEBUG 25938 --- [tienda-ms-pedidos] [           main] org.hibernate.orm.sql.ast.create         : Created new SQL alias : o1_0
2024-12-15T14:03:54.789-03:00 DEBUG 25938 --- [tienda-ms-pedidos] [           main] org.hibernate.orm.results.graph.AST      : DomainResult Graph:
 \-EntityResultImpl [com.example.tienda_ms_pedidos.model.DetalleOrden]
 |  +-BasicFetch [com.example.tienda_ms_pedidos.model.DetalleOrden.cantidad]
 |  +-BasicFetch [com.example.tienda_ms_pedidos.model.DetalleOrden.idProducto]
 |  +-BasicFetch [com.example.tienda_ms_pedidos.model.DetalleOrden.montoTotal]
 |  +-EntityFetchJoinedImpl [com.example.tienda_ms_pedidos.model.DetalleOrden.orden]
 |  |  +-DelayedCollectionFetch [com.example.tienda_ms_pedidos.model.DetalleOrden.orden.detalles]
 |  |  +-BasicFetch [com.example.tienda_ms_pedidos.model.DetalleOrden.orden.email]
 |  |  +-BasicFetch [com.example.tienda_ms_pedidos.model.DetalleOrden.orden.estado]
 |  |  +-BasicFetch [com.example.tienda_ms_pedidos.model.DetalleOrden.orden.fecha]
 |  |  \-BasicFetch [com.example.tienda_ms_pedidos.model.DetalleOrden.orden.montoTotal]
 |  \-BasicFetch [com.example.tienda_ms_pedidos.model.DetalleOrden.precio]

2024-12-15T14:03:54.791-03:00 DEBUG 25938 --- [tienda-ms-pedidos] [           main] org.hibernate.orm.sql.ast.tree           : SQL AST Tree:
    SelectStatement {
      FromClause {
        StandardTableGroup (do1 : com.example.tienda_ms_pedidos.model.DetalleOrden) {
          primaryTableReference : detalle_ordenes as do1_0
          TableGroupJoins {
            left  join LazyTableGroup (o1 : com.example.tienda_ms_pedidos.model.DetalleOrden.orden) {
              primaryTableReference : ordenes as o1_0
            }
          }
        }
      }
    }

2024-12-15T14:03:54.796-03:00 DEBUG 25938 --- [tienda-ms-pedidos] [           main] o.h.p.entity.AbstractEntityPersister     : Static SQL for entity: com.example.tienda_ms_pedidos.model.DetalleOrden
2024-12-15T14:03:54.797-03:00 DEBUG 25938 --- [tienda-ms-pedidos] [           main] o.h.p.entity.AbstractEntityPersister     :  Version select: /* get version com.example.tienda_ms_pedidos.model.DetalleOrden */ select id_detalle_orden from detalle_ordenes where id_detalle_orden=?
2024-12-15T14:03:54.797-03:00 DEBUG 25938 --- [tienda-ms-pedidos] [           main] o.h.p.entity.AbstractEntityPersister     :  Insert (0): /* insert for com.example.tienda_ms_pedidos.model.DetalleOrden */insert into detalle_ordenes (cantidad,id_producto,monto_total,id_orden,precio,id_detalle_orden) values (?,?,?,?,?,default)
2024-12-15T14:03:54.797-03:00 DEBUG 25938 --- [tienda-ms-pedidos] [           main] o.h.p.entity.AbstractEntityPersister     :  Update (0): /* update for com.example.tienda_ms_pedidos.model.DetalleOrden */update detalle_ordenes set cantidad=?,id_producto=?,monto_total=?,id_orden=?,precio=? where id_detalle_orden=?
2024-12-15T14:03:54.797-03:00 DEBUG 25938 --- [tienda-ms-pedidos] [           main] o.h.p.entity.AbstractEntityPersister     :  Delete (0): /* delete for com.example.tienda_ms_pedidos.model.DetalleOrden */delete from detalle_ordenes where id_detalle_orden=?
2024-12-15T14:03:54.797-03:00 DEBUG 25938 --- [tienda-ms-pedidos] [           main] org.hibernate.orm.sql.ast.create         : Created new SQL alias : o1_0
2024-12-15T14:03:54.797-03:00 DEBUG 25938 --- [tienda-ms-pedidos] [           main] org.hibernate.orm.sql.ast.create         : Registration of TableGroup [StandardTableGroup(com.example.tienda_ms_pedidos.model.Orden)] with identifierForTableGroup [com.example.tienda_ms_pedidos.model.Orden] for NavigablePath [com.example.tienda_ms_pedidos.model.Orden] 
2024-12-15T14:03:54.797-03:00 DEBUG 25938 --- [tienda-ms-pedidos] [           main] org.hibernate.orm.results.graph.AST      : DomainResult Graph:
 \-EntityResultImpl [com.example.tienda_ms_pedidos.model.Orden]
 |  +-DelayedCollectionFetch [com.example.tienda_ms_pedidos.model.Orden.detalles]
 |  +-BasicFetch [com.example.tienda_ms_pedidos.model.Orden.email]
 |  +-BasicFetch [com.example.tienda_ms_pedidos.model.Orden.estado]
 |  +-BasicFetch [com.example.tienda_ms_pedidos.model.Orden.fecha]
 |  \-BasicFetch [com.example.tienda_ms_pedidos.model.Orden.montoTotal]

2024-12-15T14:03:54.797-03:00 DEBUG 25938 --- [tienda-ms-pedidos] [           main] org.hibernate.orm.sql.ast.tree           : SQL AST Tree:
    SelectStatement {
      FromClause {
        StandardTableGroup (o1 : com.example.tienda_ms_pedidos.model.Orden) {
          primaryTableReference : ordenes as o1_0
        }
      }
    }

2024-12-15T14:03:54.797-03:00 DEBUG 25938 --- [tienda-ms-pedidos] [           main] o.h.p.entity.AbstractEntityPersister     : Static SQL for entity: com.example.tienda_ms_pedidos.model.Orden
2024-12-15T14:03:54.797-03:00 DEBUG 25938 --- [tienda-ms-pedidos] [           main] o.h.p.entity.AbstractEntityPersister     :  Version select: /* get version com.example.tienda_ms_pedidos.model.Orden */ select id_orden from ordenes where id_orden=?
2024-12-15T14:03:54.797-03:00 DEBUG 25938 --- [tienda-ms-pedidos] [           main] o.h.p.entity.AbstractEntityPersister     :  Insert (0): /* insert for com.example.tienda_ms_pedidos.model.Orden */insert into ordenes (email,estado,fecha,monto_total,id_orden) values (?,?,?,?,default)
2024-12-15T14:03:54.797-03:00 DEBUG 25938 --- [tienda-ms-pedidos] [           main] o.h.p.entity.AbstractEntityPersister     :  Update (0): /* update for com.example.tienda_ms_pedidos.model.Orden */update ordenes set email=?,estado=?,fecha=?,monto_total=? where id_orden=?
2024-12-15T14:03:54.797-03:00 DEBUG 25938 --- [tienda-ms-pedidos] [           main] o.h.p.entity.AbstractEntityPersister     :  Delete (0): /* delete for com.example.tienda_ms_pedidos.model.Orden */delete from ordenes where id_orden=?
2024-12-15T14:03:54.797-03:00 DEBUG 25938 --- [tienda-ms-pedidos] [           main] org.hibernate.orm.sql.ast.create         : Created new SQL alias : c1_0
2024-12-15T14:03:54.797-03:00 DEBUG 25938 --- [tienda-ms-pedidos] [           main] org.hibernate.orm.sql.ast.create         : Registration of TableGroup [StandardTableGroup(com.example.tienda_ms_pedidos.model.Categoria)] with identifierForTableGroup [com.example.tienda_ms_pedidos.model.Categoria] for NavigablePath [com.example.tienda_ms_pedidos.model.Categoria] 
2024-12-15T14:03:54.798-03:00 DEBUG 25938 --- [tienda-ms-pedidos] [           main] org.hibernate.orm.sql.ast.create         : Created new SQL alias : p1_0
2024-12-15T14:03:54.799-03:00 DEBUG 25938 --- [tienda-ms-pedidos] [           main] org.hibernate.orm.sql.ast.create         : Registration of TableGroup [CollectionTableGroup(com.example.tienda_ms_pedidos.model.Categoria.productos)] with identifierForTableGroup [com.example.tienda_ms_pedidos.model.Categoria.productos] for NavigablePath [com.example.tienda_ms_pedidos.model.Categoria.productos] 
2024-12-15T14:03:54.800-03:00 DEBUG 25938 --- [tienda-ms-pedidos] [           main] org.hibernate.orm.sql.ast.create         : Registration of TableGroup [org.hibernate.sql.ast.tree.from.LazyTableGroup@790a35fd] with identifierForTableGroup [com.example.tienda_ms_pedidos.model.Categoria.productos.{element}] for NavigablePath [com.example.tienda_ms_pedidos.model.Categoria.productos.{element}] 
2024-12-15T14:03:54.800-03:00 DEBUG 25938 --- [tienda-ms-pedidos] [           main] org.hibernate.orm.sql.ast.create         : Created new SQL alias : p1_1
2024-12-15T14:03:54.801-03:00 DEBUG 25938 --- [tienda-ms-pedidos] [           main] org.hibernate.orm.results.graph.AST      : DomainResult Graph:
 \-EntityResultImpl [com.example.tienda_ms_pedidos.model.Categoria]
 |  +-BasicFetch [com.example.tienda_ms_pedidos.model.Categoria.descripcion]
 |  +-BasicFetch [com.example.tienda_ms_pedidos.model.Categoria.nombre]
 |  \-EagerCollectionFetch [com.example.tienda_ms_pedidos.model.Categoria.productos]
 |  |  \-EntityFetchJoinedImpl [com.example.tienda_ms_pedidos.model.Categoria.productos.{element}]
 |  |  |  +-SelectEagerCollectionFetch [com.example.tienda_ms_pedidos.model.Categoria.productos.{element}.categorias]
 |  |  |  +-BasicFetch [com.example.tienda_ms_pedidos.model.Categoria.productos.{element}.descripcion]
 |  |  |  +-BasicFetch [com.example.tienda_ms_pedidos.model.Categoria.productos.{element}.imagen]
 |  |  |  +-BasicFetch [com.example.tienda_ms_pedidos.model.Categoria.productos.{element}.nombre]
 |  |  |  +-BasicFetch [com.example.tienda_ms_pedidos.model.Categoria.productos.{element}.precio]
 |  |  |  \-BasicFetch [com.example.tienda_ms_pedidos.model.Categoria.productos.{element}.stock]

2024-12-15T14:03:54.801-03:00 DEBUG 25938 --- [tienda-ms-pedidos] [           main] org.hibernate.orm.sql.ast.tree           : SQL AST Tree:
    SelectStatement {
      FromClause {
        StandardTableGroup (c1 : com.example.tienda_ms_pedidos.model.Categoria) {
          primaryTableReference : categoria as c1_0
          TableGroupJoins {
            left  join CollectionTableGroup (p1 : com.example.tienda_ms_pedidos.model.Categoria.productos) {
              primaryTableReference : producto_categoria as p1_0
              TableGroupJoins {
                left  join LazyTableGroup (p1 : com.example.tienda_ms_pedidos.model.Categoria.productos.{element}) {
                  primaryTableReference : producto as p1_1
                }
              }
            }
          }
        }
      }
    }

2024-12-15T14:03:54.801-03:00 DEBUG 25938 --- [tienda-ms-pedidos] [           main] o.h.p.entity.AbstractEntityPersister     : Static SQL for entity: com.example.tienda_ms_pedidos.model.Categoria
2024-12-15T14:03:54.801-03:00 DEBUG 25938 --- [tienda-ms-pedidos] [           main] o.h.p.entity.AbstractEntityPersister     :  Version select: /* get version com.example.tienda_ms_pedidos.model.Categoria */ select id_categoria from categoria where id_categoria=?
2024-12-15T14:03:54.801-03:00 DEBUG 25938 --- [tienda-ms-pedidos] [           main] o.h.p.entity.AbstractEntityPersister     :  Insert (0): /* insert for com.example.tienda_ms_pedidos.model.Categoria */insert into categoria (descripcion,nombre,id_categoria) values (?,?,default)
2024-12-15T14:03:54.801-03:00 DEBUG 25938 --- [tienda-ms-pedidos] [           main] o.h.p.entity.AbstractEntityPersister     :  Update (0): /* update for com.example.tienda_ms_pedidos.model.Categoria */update categoria set descripcion=?,nombre=? where id_categoria=?
2024-12-15T14:03:54.801-03:00 DEBUG 25938 --- [tienda-ms-pedidos] [           main] o.h.p.entity.AbstractEntityPersister     :  Delete (0): /* delete for com.example.tienda_ms_pedidos.model.Categoria */delete from categoria where id_categoria=?
2024-12-15T14:03:54.801-03:00 DEBUG 25938 --- [tienda-ms-pedidos] [           main] org.hibernate.orm.sql.ast.create         : Created new SQL alias : p1_0
2024-12-15T14:03:54.801-03:00 DEBUG 25938 --- [tienda-ms-pedidos] [           main] org.hibernate.orm.sql.ast.create         : Registration of TableGroup [StandardTableGroup(com.example.tienda_ms_pedidos.model.Producto)] with identifierForTableGroup [com.example.tienda_ms_pedidos.model.Producto] for NavigablePath [com.example.tienda_ms_pedidos.model.Producto] 
2024-12-15T14:03:54.801-03:00 DEBUG 25938 --- [tienda-ms-pedidos] [           main] org.hibernate.orm.sql.ast.create         : Created new SQL alias : c1_0
2024-12-15T14:03:54.801-03:00 DEBUG 25938 --- [tienda-ms-pedidos] [           main] org.hibernate.orm.sql.ast.create         : Registration of TableGroup [CollectionTableGroup(com.example.tienda_ms_pedidos.model.Producto.categorias)] with identifierForTableGroup [com.example.tienda_ms_pedidos.model.Producto.categorias] for NavigablePath [com.example.tienda_ms_pedidos.model.Producto.categorias] 
2024-12-15T14:03:54.801-03:00 DEBUG 25938 --- [tienda-ms-pedidos] [           main] org.hibernate.orm.sql.ast.create         : Registration of TableGroup [org.hibernate.sql.ast.tree.from.LazyTableGroup@1fae6618] with identifierForTableGroup [com.example.tienda_ms_pedidos.model.Producto.categorias.{element}] for NavigablePath [com.example.tienda_ms_pedidos.model.Producto.categorias.{element}] 
2024-12-15T14:03:54.801-03:00 DEBUG 25938 --- [tienda-ms-pedidos] [           main] org.hibernate.orm.sql.ast.create         : Created new SQL alias : c1_1
2024-12-15T14:03:54.802-03:00 DEBUG 25938 --- [tienda-ms-pedidos] [           main] org.hibernate.orm.results.graph.AST      : DomainResult Graph:
 \-EntityResultImpl [com.example.tienda_ms_pedidos.model.Producto]
 |  +-EagerCollectionFetch [com.example.tienda_ms_pedidos.model.Producto.categorias]
 |  |  \-EntityFetchJoinedImpl [com.example.tienda_ms_pedidos.model.Producto.categorias.{element}]
 |  |  |  +-BasicFetch [com.example.tienda_ms_pedidos.model.Producto.categorias.{element}.descripcion]
 |  |  |  +-BasicFetch [com.example.tienda_ms_pedidos.model.Producto.categorias.{element}.nombre]
 |  |  |  \-SelectEagerCollectionFetch [com.example.tienda_ms_pedidos.model.Producto.categorias.{element}.productos]
 |  +-BasicFetch [com.example.tienda_ms_pedidos.model.Producto.descripcion]
 |  +-BasicFetch [com.example.tienda_ms_pedidos.model.Producto.imagen]
 |  +-BasicFetch [com.example.tienda_ms_pedidos.model.Producto.nombre]
 |  +-BasicFetch [com.example.tienda_ms_pedidos.model.Producto.precio]
 |  \-BasicFetch [com.example.tienda_ms_pedidos.model.Producto.stock]

2024-12-15T14:03:54.802-03:00 DEBUG 25938 --- [tienda-ms-pedidos] [           main] org.hibernate.orm.sql.ast.tree           : SQL AST Tree:
    SelectStatement {
      FromClause {
        StandardTableGroup (p1 : com.example.tienda_ms_pedidos.model.Producto) {
          primaryTableReference : producto as p1_0
          TableGroupJoins {
            left  join CollectionTableGroup (c1 : com.example.tienda_ms_pedidos.model.Producto.categorias) {
              primaryTableReference : producto_categoria as c1_0
              TableGroupJoins {
                left  join LazyTableGroup (c1 : com.example.tienda_ms_pedidos.model.Producto.categorias.{element}) {
                  primaryTableReference : categoria as c1_1
                }
              }
            }
          }
        }
      }
    }

2024-12-15T14:03:54.802-03:00 DEBUG 25938 --- [tienda-ms-pedidos] [           main] o.h.p.entity.AbstractEntityPersister     : Static SQL for entity: com.example.tienda_ms_pedidos.model.Producto
2024-12-15T14:03:54.802-03:00 DEBUG 25938 --- [tienda-ms-pedidos] [           main] o.h.p.entity.AbstractEntityPersister     :  Version select: /* get version com.example.tienda_ms_pedidos.model.Producto */ select id_producto from producto where id_producto=?
2024-12-15T14:03:54.802-03:00 DEBUG 25938 --- [tienda-ms-pedidos] [           main] o.h.p.entity.AbstractEntityPersister     :  Insert (0): /* insert for com.example.tienda_ms_pedidos.model.Producto */insert into producto (descripcion,imagen,nombre,precio,stock,id_producto) values (?,?,?,?,?,default)
2024-12-15T14:03:54.802-03:00 DEBUG 25938 --- [tienda-ms-pedidos] [           main] o.h.p.entity.AbstractEntityPersister     :  Update (0): /* update for com.example.tienda_ms_pedidos.model.Producto */update producto set descripcion=?,imagen=?,nombre=?,precio=?,stock=? where id_producto=?
2024-12-15T14:03:54.802-03:00 DEBUG 25938 --- [tienda-ms-pedidos] [           main] o.h.p.entity.AbstractEntityPersister     :  Delete (0): /* delete for com.example.tienda_ms_pedidos.model.Producto */delete from producto where id_producto=?
2024-12-15T14:03:54.803-03:00 DEBUG 25938 --- [tienda-ms-pedidos] [           main] org.hibernate.orm.sql.ast.create         : Created new SQL alias : d1_0
2024-12-15T14:03:54.803-03:00 DEBUG 25938 --- [tienda-ms-pedidos] [           main] org.hibernate.orm.sql.ast.create         : Registration of TableGroup [org.hibernate.sql.ast.tree.from.OneToManyTableGroup@4e59830b] with identifierForTableGroup [com.example.tienda_ms_pedidos.model.Orden.detalles] for NavigablePath [com.example.tienda_ms_pedidos.model.Orden.detalles] 
2024-12-15T14:03:54.803-03:00 DEBUG 25938 --- [tienda-ms-pedidos] [           main] org.hibernate.orm.sql.ast.create         : Registration of TableGroup [StandardTableGroup(com.example.tienda_ms_pedidos.model.Orden.detalles.{element})] with identifierForTableGroup [com.example.tienda_ms_pedidos.model.Orden.detalles.{element}] for NavigablePath [com.example.tienda_ms_pedidos.model.Orden.detalles.{element}] 
2024-12-15T14:03:54.805-03:00 DEBUG 25938 --- [tienda-ms-pedidos] [           main] org.hibernate.orm.sql.ast.create         : Registration of TableGroup [org.hibernate.sql.ast.tree.from.LazyTableGroup@3c92e802] with identifierForTableGroup [com.example.tienda_ms_pedidos.model.Orden.detalles.{element}.orden] for NavigablePath [com.example.tienda_ms_pedidos.model.Orden.detalles.{element}.orden] 
2024-12-15T14:03:54.806-03:00 DEBUG 25938 --- [tienda-ms-pedidos] [           main] org.hibernate.orm.results.graph.AST      : DomainResult Graph:
 \-CollectionDomainResult [com.example.tienda_ms_pedidos.model.Orden.detalles]

2024-12-15T14:03:54.806-03:00 DEBUG 25938 --- [tienda-ms-pedidos] [           main] org.hibernate.orm.sql.ast.tree           : SQL AST Tree:
    SelectStatement {
      FromClause {
        OneToManyTableGroup (d1 : com.example.tienda_ms_pedidos.model.Orden.detalles) {
          primaryTableReference : detalle_ordenes as d1_0
          TableGroupJoins {
            left  join LazyTableGroup (o1 : com.example.tienda_ms_pedidos.model.Orden.detalles.{element}.orden) {
            }
          }
        }
      }
    }

2024-12-15T14:03:54.806-03:00 DEBUG 25938 --- [tienda-ms-pedidos] [           main] org.hibernate.orm.jdbc.mutation          : Static SQL for collection: com.example.tienda_ms_pedidos.model.Orden.detalles
2024-12-15T14:03:54.806-03:00 DEBUG 25938 --- [tienda-ms-pedidos] [           main] org.hibernate.orm.sql.ast.create         : Created new SQL alias : p1_0
2024-12-15T14:03:54.806-03:00 DEBUG 25938 --- [tienda-ms-pedidos] [           main] org.hibernate.orm.sql.ast.create         : Registration of TableGroup [CollectionTableGroup(com.example.tienda_ms_pedidos.model.Categoria.productos)] with identifierForTableGroup [com.example.tienda_ms_pedidos.model.Categoria.productos] for NavigablePath [com.example.tienda_ms_pedidos.model.Categoria.productos] 
2024-12-15T14:03:54.806-03:00 DEBUG 25938 --- [tienda-ms-pedidos] [           main] org.hibernate.orm.sql.ast.create         : Registration of TableGroup [org.hibernate.sql.ast.tree.from.LazyTableGroup@3dbb168b] with identifierForTableGroup [com.example.tienda_ms_pedidos.model.Categoria.productos.{element}] for NavigablePath [com.example.tienda_ms_pedidos.model.Categoria.productos.{element}] 
2024-12-15T14:03:54.806-03:00 DEBUG 25938 --- [tienda-ms-pedidos] [           main] org.hibernate.orm.sql.ast.create         : Created new SQL alias : p1_1
2024-12-15T14:03:54.806-03:00 DEBUG 25938 --- [tienda-ms-pedidos] [           main] org.hibernate.orm.results.graph.AST      : DomainResult Graph:
 \-CollectionDomainResult [com.example.tienda_ms_pedidos.model.Categoria.productos]

2024-12-15T14:03:54.806-03:00 DEBUG 25938 --- [tienda-ms-pedidos] [           main] org.hibernate.orm.sql.ast.tree           : SQL AST Tree:
    SelectStatement {
      FromClause {
        CollectionTableGroup (p1 : com.example.tienda_ms_pedidos.model.Categoria.productos) {
          primaryTableReference : producto_categoria as p1_0
          TableGroupJoins {
             join LazyTableGroup (p1 : com.example.tienda_ms_pedidos.model.Categoria.productos.{element}) {
              primaryTableReference : producto as p1_1
            }
          }
        }
      }
    }

2024-12-15T14:03:54.807-03:00 DEBUG 25938 --- [tienda-ms-pedidos] [           main] org.hibernate.orm.jdbc.mutation          : Static SQL for collection: com.example.tienda_ms_pedidos.model.Categoria.productos
2024-12-15T14:03:54.807-03:00 DEBUG 25938 --- [tienda-ms-pedidos] [           main] org.hibernate.orm.sql.ast.create         : Created new SQL alias : c1_0
2024-12-15T14:03:54.807-03:00 DEBUG 25938 --- [tienda-ms-pedidos] [           main] org.hibernate.orm.sql.ast.create         : Registration of TableGroup [CollectionTableGroup(com.example.tienda_ms_pedidos.model.Producto.categorias)] with identifierForTableGroup [com.example.tienda_ms_pedidos.model.Producto.categorias] for NavigablePath [com.example.tienda_ms_pedidos.model.Producto.categorias] 
2024-12-15T14:03:54.807-03:00 DEBUG 25938 --- [tienda-ms-pedidos] [           main] org.hibernate.orm.sql.ast.create         : Registration of TableGroup [org.hibernate.sql.ast.tree.from.LazyTableGroup@2de3095c] with identifierForTableGroup [com.example.tienda_ms_pedidos.model.Producto.categorias.{element}] for NavigablePath [com.example.tienda_ms_pedidos.model.Producto.categorias.{element}] 
2024-12-15T14:03:54.807-03:00 DEBUG 25938 --- [tienda-ms-pedidos] [           main] org.hibernate.orm.sql.ast.create         : Created new SQL alias : c1_1
2024-12-15T14:03:54.807-03:00 DEBUG 25938 --- [tienda-ms-pedidos] [           main] org.hibernate.orm.results.graph.AST      : DomainResult Graph:
 \-CollectionDomainResult [com.example.tienda_ms_pedidos.model.Producto.categorias]

2024-12-15T14:03:54.807-03:00 DEBUG 25938 --- [tienda-ms-pedidos] [           main] org.hibernate.orm.sql.ast.tree           : SQL AST Tree:
    SelectStatement {
      FromClause {
        CollectionTableGroup (c1 : com.example.tienda_ms_pedidos.model.Producto.categorias) {
          primaryTableReference : producto_categoria as c1_0
          TableGroupJoins {
             join LazyTableGroup (c1 : com.example.tienda_ms_pedidos.model.Producto.categorias.{element}) {
              primaryTableReference : categoria as c1_1
            }
          }
        }
      }
    }

2024-12-15T14:03:54.807-03:00 DEBUG 25938 --- [tienda-ms-pedidos] [           main] org.hibernate.orm.jdbc.mutation          : Static SQL for collection: com.example.tienda_ms_pedidos.model.Producto.categorias
2024-12-15T14:03:54.807-03:00 DEBUG 25938 --- [tienda-ms-pedidos] [           main] org.hibernate.orm.jdbc.mutation          :  Row insert: /* insert for com.example.tienda_ms_pedidos.model.Producto.categorias */insert into producto_categoria (id_producto,id_categoria) values (?,?)
2024-12-15T14:03:54.808-03:00 DEBUG 25938 --- [tienda-ms-pedidos] [           main] org.hibernate.orm.jdbc.mutation          :  Row delete: /* delete for com.example.tienda_ms_pedidos.model.Producto.categorias */delete from producto_categoria where id_producto=? and id_categoria=?
2024-12-15T14:03:54.808-03:00 DEBUG 25938 --- [tienda-ms-pedidos] [           main] org.hibernate.orm.jdbc.mutation          :  One-shot delete: /* one-shot delete for com.example.tienda_ms_pedidos.model.Producto.categorias */delete from producto_categoria where id_producto=?
2024-12-15T14:03:54.829-03:00  INFO 25938 --- [tienda-ms-pedidos] [           main] o.h.e.t.j.p.i.JtaPlatformInitiator       : HHH000489: No JTA platform available (set 'hibernate.transaction.jta.platform' to enable JTA platform integration)
2024-12-15T14:03:54.830-03:00 DEBUG 25938 --- [tienda-ms-pedidos] [           main] o.h.type.spi.TypeConfiguration$Scope     : Scoping TypeConfiguration [org.hibernate.type.spi.TypeConfiguration@58d8059b] to SessionFactoryImplementor [org.hibernate.internal.SessionFactoryImpl@13425479]
2024-12-15T14:03:54.830-03:00 DEBUG 25938 --- [tienda-ms-pedidos] [           main] o.h.query.named.NamedObjectRepository    : Checking 0 named HQL queries
2024-12-15T14:03:54.830-03:00 DEBUG 25938 --- [tienda-ms-pedidos] [           main] o.h.query.named.NamedObjectRepository    : Checking 0 named SQL queries
2024-12-15T14:03:54.830-03:00 DEBUG 25938 --- [tienda-ms-pedidos] [           main] .h.t.s.s.SchemaManagementToolCoordinator : No schema actions specified for contributor `orm`; doing nothing
2024-12-15T14:03:54.830-03:00 DEBUG 25938 --- [tienda-ms-pedidos] [           main] .h.t.s.s.SchemaManagementToolCoordinator : No actions found; doing nothing
2024-12-15T14:03:54.831-03:00 DEBUG 25938 --- [tienda-ms-pedidos] [           main] o.h.internal.SessionFactoryRegistry      : Initializing SessionFactoryRegistry : org.hibernate.internal.SessionFactoryRegistry@333b5a6e
2024-12-15T14:03:54.831-03:00 DEBUG 25938 --- [tienda-ms-pedidos] [           main] o.h.internal.SessionFactoryRegistry      : Registering SessionFactory: 078ceeb0-8e4b-4911-8e2e-2a83f246c4c0 (<unnamed>)
2024-12-15T14:03:54.831-03:00 DEBUG 25938 --- [tienda-ms-pedidos] [           main] o.h.internal.SessionFactoryRegistry      : Not binding SessionFactory to JNDI, no JNDI name configured
2024-12-15T14:03:54.831-03:00 DEBUG 25938 --- [tienda-ms-pedidos] [           main] o.hibernate.internal.SessionFactoryImpl  : Instantiated SessionFactory
2024-12-15T14:03:54.831-03:00  INFO 25938 --- [tienda-ms-pedidos] [           main] j.LocalContainerEntityManagerFactoryBean : Initialized JPA EntityManagerFactory for persistence unit 'default'
2024-12-15T14:03:54.834-03:00 DEBUG 25938 --- [tienda-ms-pedidos] [           main] o.s.b.f.s.DefaultListableBeanFactory     : Creating shared instance of singleton bean 'app'
2024-12-15T14:03:54.835-03:00 DEBUG 25938 --- [tienda-ms-pedidos] [           main] o.s.b.f.s.DefaultListableBeanFactory     : Creating shared instance of singleton bean 'org.springframework.boot.test.autoconfigure.jdbc.TestDatabaseAutoConfiguration'
2024-12-15T14:03:54.836-03:00 DEBUG 25938 --- [tienda-ms-pedidos] [           main] o.s.b.f.s.DefaultListableBeanFactory     : Creating shared instance of singleton bean 'org.springframework.boot.autoconfigure.jdbc.metadata.DataSourcePoolMetadataProvidersConfiguration'
2024-12-15T14:03:54.836-03:00 DEBUG 25938 --- [tienda-ms-pedidos] [           main] o.s.b.f.s.DefaultListableBeanFactory     : Creating shared instance of singleton bean 'org.springframework.boot.autoconfigure.jdbc.DataSourceAutoConfiguration'
2024-12-15T14:03:54.837-03:00 DEBUG 25938 --- [tienda-ms-pedidos] [           main] o.s.b.f.s.DefaultListableBeanFactory     : Creating shared instance of singleton bean 'org.springframework.boot.context.properties.EnableConfigurationPropertiesRegistrar.methodValidationExcludeFilter'
2024-12-15T14:03:54.838-03:00 DEBUG 25938 --- [tienda-ms-pedidos] [           main] o.s.b.f.s.DefaultListableBeanFactory     : Creating shared instance of singleton bean 'org.springframework.boot.autoconfigure.orm.jpa.JpaBaseConfiguration$PersistenceManagedTypesConfiguration'
2024-12-15T14:03:54.838-03:00 DEBUG 25938 --- [tienda-ms-pedidos] [           main] o.s.b.f.s.DefaultListableBeanFactory     : Creating shared instance of singleton bean 'transactionManager'
2024-12-15T14:03:54.844-03:00 DEBUG 25938 --- [tienda-ms-pedidos] [           main] o.s.b.f.s.DefaultListableBeanFactory     : Creating shared instance of singleton bean 'org.springframework.boot.autoconfigure.orm.jpa.HibernateJpaAutoConfiguration'
2024-12-15T14:03:54.844-03:00 DEBUG 25938 --- [tienda-ms-pedidos] [           main] o.s.b.f.s.DefaultListableBeanFactory     : Creating shared instance of singleton bean 'org.springframework.boot.autoconfigure.data.jpa.JpaRepositoriesAutoConfiguration'
2024-12-15T14:03:54.845-03:00 DEBUG 25938 --- [tienda-ms-pedidos] [           main] o.s.b.f.s.DefaultListableBeanFactory     : Creating shared instance of singleton bean 'jpaSharedEM_entityManagerFactory'
2024-12-15T14:03:54.862-03:00 DEBUG 25938 --- [tienda-ms-pedidos] [           main] o.s.b.f.s.DefaultListableBeanFactory     : Creating shared instance of singleton bean 'org.springframework.data.jpa.util.JpaMetamodelCacheCleanup'
2024-12-15T14:03:54.863-03:00 DEBUG 25938 --- [tienda-ms-pedidos] [           main] o.s.b.f.s.DefaultListableBeanFactory     : Creating shared instance of singleton bean 'org.springframework.data.jpa.repository.support.JpaEvaluationContextExtension'
2024-12-15T14:03:54.864-03:00 DEBUG 25938 --- [tienda-ms-pedidos] [           main] o.s.b.f.s.DefaultListableBeanFactory     : Creating shared instance of singleton bean 'jpa.named-queries#0'
2024-12-15T14:03:54.865-03:00 DEBUG 25938 --- [tienda-ms-pedidos] [           main] o.s.b.f.s.DefaultListableBeanFactory     : Creating shared instance of singleton bean 'jpa.OrdenRepository.fragments#0'
2024-12-15T14:03:54.865-03:00 DEBUG 25938 --- [tienda-ms-pedidos] [           main] o.s.b.f.s.DefaultListableBeanFactory     : Creating shared instance of singleton bean 'ordenRepository'
2024-12-15T14:03:54.871-03:00 DEBUG 25938 --- [tienda-ms-pedidos] [           main] o.s.b.f.s.DefaultListableBeanFactory     : Creating shared instance of singleton bean 'jpaMappingContext'
2024-12-15T14:03:54.871-03:00 DEBUG 25938 --- [tienda-ms-pedidos] [           main] .c.JpaMetamodelMappingContextFactoryBean : Initializing JpaMetamodelMappingContext…
2024-12-15T14:03:54.879-03:00 DEBUG 25938 --- [tienda-ms-pedidos] [           main] .c.JpaMetamodelMappingContextFactoryBean : Finished initializing JpaMetamodelMappingContext
2024-12-15T14:03:54.896-03:00 DEBUG 25938 --- [tienda-ms-pedidos] [           main] tor$SharedEntityManagerInvocationHandler : Creating new EntityManager for shared EntityManager invocation
2024-12-15T14:03:54.920-03:00 DEBUG 25938 --- [tienda-ms-pedidos] [           main] o.h.stat.internal.StatisticsInitiator    : Statistics initialized [enabled=false]
2024-12-15T14:03:54.924-03:00 DEBUG 25938 --- [tienda-ms-pedidos] [           main] tor$SharedEntityManagerInvocationHandler : Creating new EntityManager for shared EntityManager invocation
2024-12-15T14:03:54.953-03:00 DEBUG 25938 --- [tienda-ms-pedidos] [           main] o.s.d.r.c.s.RepositoryFactorySupport     : Initializing repository instance for com.example.tienda_ms_pedidos.repository.OrdenRepository…
2024-12-15T14:03:54.966-03:00 DEBUG 25938 --- [tienda-ms-pedidos] [           main] tor$SharedEntityManagerInvocationHandler : Creating new EntityManager for shared EntityManager invocation
2024-12-15T14:03:54.996-03:00 DEBUG 25938 --- [tienda-ms-pedidos] [           main] o.s.d.jpa.repository.query.NamedQuery    : Looking up named query Orden.findByEmail
2024-12-15T14:03:54.997-03:00 DEBUG 25938 --- [tienda-ms-pedidos] [           main] cResourceLocalTransactionCoordinatorImpl : JDBC transaction marked for rollback-only (exception provided for stack trace)

java.lang.Exception: exception just for purpose of providing stack trace
	at org.hibernate.resource.transaction.backend.jdbc.internal.JdbcResourceLocalTransactionCoordinatorImpl$TransactionDriverControlImpl.markRollbackOnly(JdbcResourceLocalTransactionCoordinatorImpl.java:309) ~[hibernate-core-6.6.2.Final.jar:6.6.2.Final]
	at org.hibernate.internal.AbstractSharedSessionContract.buildNamedQuery(AbstractSharedSessionContract.java:1138) ~[hibernate-core-6.6.2.Final.jar:6.6.2.Final]
	at org.hibernate.internal.AbstractSharedSessionContract.createNamedQuery(AbstractSharedSessionContract.java:1016) ~[hibernate-core-6.6.2.Final.jar:6.6.2.Final]
	at org.hibernate.internal.AbstractSharedSessionContract.createNamedQuery(AbstractSharedSessionContract.java:142) ~[hibernate-core-6.6.2.Final.jar:6.6.2.Final]
	at java.base/jdk.internal.reflect.DirectMethodHandleAccessor.invoke(DirectMethodHandleAccessor.java:103) ~[na:na]
	at java.base/java.lang.reflect.Method.invoke(Method.java:580) ~[na:na]
	at org.springframework.orm.jpa.ExtendedEntityManagerCreator$ExtendedEntityManagerInvocationHandler.invoke(ExtendedEntityManagerCreator.java:364) ~[spring-orm-6.2.0.jar:6.2.0]
	at jdk.proxy2/jdk.proxy2.$Proxy135.createNamedQuery(Unknown Source) ~[na:na]
	at org.springframework.data.jpa.repository.query.NamedQuery.hasNamedQuery(NamedQuery.java:113) ~[spring-data-jpa-3.4.0.jar:3.4.0]
	at org.springframework.data.jpa.repository.query.NamedQuery.lookupFrom(NamedQuery.java:139) ~[spring-data-jpa-3.4.0.jar:3.4.0]
	at org.springframework.data.jpa.repository.query.JpaQueryLookupStrategy$DeclaredQueryLookupStrategy.resolveQuery(JpaQueryLookupStrategy.java:184) ~[spring-data-jpa-3.4.0.jar:3.4.0]
	at org.springframework.data.jpa.repository.query.JpaQueryLookupStrategy$CreateIfNotFoundQueryLookupStrategy.resolveQuery(JpaQueryLookupStrategy.java:256) ~[spring-data-jpa-3.4.0.jar:3.4.0]
	at org.springframework.data.jpa.repository.query.JpaQueryLookupStrategy$AbstractQueryLookupStrategy.resolveQuery(JpaQueryLookupStrategy.java:99) ~[spring-data-jpa-3.4.0.jar:3.4.0]
	at org.springframework.data.repository.core.support.QueryExecutorMethodInterceptor.lookupQuery(QueryExecutorMethodInterceptor.java:116) ~[spring-data-commons-3.4.0.jar:3.4.0]
	at org.springframework.data.repository.core.support.QueryExecutorMethodInterceptor.mapMethodsToQuery(QueryExecutorMethodInterceptor.java:104) ~[spring-data-commons-3.4.0.jar:3.4.0]
	at org.springframework.data.repository.core.support.QueryExecutorMethodInterceptor.lambda$new$0(QueryExecutorMethodInterceptor.java:92) ~[spring-data-commons-3.4.0.jar:3.4.0]
	at java.base/java.util.Optional.map(Optional.java:260) ~[na:na]
	at org.springframework.data.repository.core.support.QueryExecutorMethodInterceptor.<init>(QueryExecutorMethodInterceptor.java:92) ~[spring-data-commons-3.4.0.jar:3.4.0]
	at org.springframework.data.repository.core.support.RepositoryFactorySupport.getRepository(RepositoryFactorySupport.java:440) ~[spring-data-commons-3.4.0.jar:3.4.0]
	at org.springframework.data.repository.core.support.RepositoryFactoryBeanSupport.lambda$afterPropertiesSet$4(RepositoryFactoryBeanSupport.java:350) ~[spring-data-commons-3.4.0.jar:3.4.0]
	at org.springframework.data.util.Lazy.getNullable(Lazy.java:135) ~[spring-data-commons-3.4.0.jar:3.4.0]
	at org.springframework.data.util.Lazy.get(Lazy.java:113) ~[spring-data-commons-3.4.0.jar:3.4.0]
	at org.springframework.data.repository.core.support.RepositoryFactoryBeanSupport.afterPropertiesSet(RepositoryFactoryBeanSupport.java:356) ~[spring-data-commons-3.4.0.jar:3.4.0]
	at org.springframework.data.jpa.repository.support.JpaRepositoryFactoryBean.afterPropertiesSet(JpaRepositoryFactoryBean.java:132) ~[spring-data-jpa-3.4.0.jar:3.4.0]
	at org.springframework.beans.factory.support.AbstractAutowireCapableBeanFactory.invokeInitMethods(AbstractAutowireCapableBeanFactory.java:1849) ~[spring-beans-6.2.0.jar:6.2.0]
	at org.springframework.beans.factory.support.AbstractAutowireCapableBeanFactory.initializeBean(AbstractAutowireCapableBeanFactory.java:1798) ~[spring-beans-6.2.0.jar:6.2.0]
	at org.springframework.beans.factory.support.AbstractAutowireCapableBeanFactory.doCreateBean(AbstractAutowireCapableBeanFactory.java:601) ~[spring-beans-6.2.0.jar:6.2.0]
	at org.springframework.beans.factory.support.AbstractAutowireCapableBeanFactory.createBean(AbstractAutowireCapableBeanFactory.java:523) ~[spring-beans-6.2.0.jar:6.2.0]
	at org.springframework.beans.factory.support.AbstractBeanFactory.lambda$doGetBean$0(AbstractBeanFactory.java:336) ~[spring-beans-6.2.0.jar:6.2.0]
	at org.springframework.beans.factory.support.DefaultSingletonBeanRegistry.getSingleton(DefaultSingletonBeanRegistry.java:288) ~[spring-beans-6.2.0.jar:6.2.0]
	at org.springframework.beans.factory.support.AbstractBeanFactory.doGetBean(AbstractBeanFactory.java:334) ~[spring-beans-6.2.0.jar:6.2.0]
	at org.springframework.beans.factory.support.AbstractBeanFactory.getBean(AbstractBeanFactory.java:199) ~[spring-beans-6.2.0.jar:6.2.0]
	at org.springframework.beans.factory.support.DefaultListableBeanFactory.instantiateSingleton(DefaultListableBeanFactory.java:1116) ~[spring-beans-6.2.0.jar:6.2.0]
	at org.springframework.beans.factory.support.DefaultListableBeanFactory.preInstantiateSingleton(DefaultListableBeanFactory.java:1093) ~[spring-beans-6.2.0.jar:6.2.0]
	at org.springframework.beans.factory.support.DefaultListableBeanFactory.preInstantiateSingletons(DefaultListableBeanFactory.java:1030) ~[spring-beans-6.2.0.jar:6.2.0]
	at org.springframework.context.support.AbstractApplicationContext.finishBeanFactoryInitialization(AbstractApplicationContext.java:987) ~[spring-context-6.2.0.jar:6.2.0]
	at org.springframework.context.support.AbstractApplicationContext.refresh(AbstractApplicationContext.java:627) ~[spring-context-6.2.0.jar:6.2.0]
	at org.springframework.boot.SpringApplication.refresh(SpringApplication.java:752) ~[spring-boot-3.4.0.jar:3.4.0]
	at org.springframework.boot.SpringApplication.refreshContext(SpringApplication.java:439) ~[spring-boot-3.4.0.jar:3.4.0]
	at org.springframework.boot.SpringApplication.run(SpringApplication.java:318) ~[spring-boot-3.4.0.jar:3.4.0]
	at org.springframework.boot.test.context.SpringBootContextLoader.lambda$loadContext$3(SpringBootContextLoader.java:137) ~[spring-boot-test-3.4.0.jar:3.4.0]
	at org.springframework.util.function.ThrowingSupplier.get(ThrowingSupplier.java:58) ~[spring-core-6.2.0.jar:6.2.0]
	at org.springframework.util.function.ThrowingSupplier.get(ThrowingSupplier.java:46) ~[spring-core-6.2.0.jar:6.2.0]
	at org.springframework.boot.SpringApplication.withHook(SpringApplication.java:1461) ~[spring-boot-3.4.0.jar:3.4.0]
	at org.springframework.boot.test.context.SpringBootContextLoader$ContextLoaderHook.run(SpringBootContextLoader.java:553) ~[spring-boot-test-3.4.0.jar:3.4.0]
	at org.springframework.boot.test.context.SpringBootContextLoader.loadContext(SpringBootContextLoader.java:137) ~[spring-boot-test-3.4.0.jar:3.4.0]
	at org.springframework.boot.test.context.SpringBootContextLoader.loadContext(SpringBootContextLoader.java:108) ~[spring-boot-test-3.4.0.jar:3.4.0]
	at org.springframework.test.context.cache.DefaultCacheAwareContextLoaderDelegate.loadContextInternal(DefaultCacheAwareContextLoaderDelegate.java:225) ~[spring-test-6.2.0.jar:6.2.0]
	at org.springframework.test.context.cache.DefaultCacheAwareContextLoaderDelegate.loadContext(DefaultCacheAwareContextLoaderDelegate.java:152) ~[spring-test-6.2.0.jar:6.2.0]
	at org.springframework.test.context.support.DefaultTestContext.getApplicationContext(DefaultTestContext.java:130) ~[spring-test-6.2.0.jar:6.2.0]
	at org.springframework.test.context.support.DependencyInjectionTestExecutionListener.injectDependencies(DependencyInjectionTestExecutionListener.java:142) ~[spring-test-6.2.0.jar:6.2.0]
	at org.springframework.test.context.support.DependencyInjectionTestExecutionListener.prepareTestInstance(DependencyInjectionTestExecutionListener.java:98) ~[spring-test-6.2.0.jar:6.2.0]
	at org.springframework.test.context.TestContextManager.prepareTestInstance(TestContextManager.java:260) ~[spring-test-6.2.0.jar:6.2.0]
	at org.springframework.test.context.junit.jupiter.SpringExtension.postProcessTestInstance(SpringExtension.java:160) ~[spring-test-6.2.0.jar:6.2.0]
	at org.junit.jupiter.engine.descriptor.ClassBasedTestDescriptor.lambda$invokeTestInstancePostProcessors$11(ClassBasedTestDescriptor.java:378) ~[junit-jupiter-engine-5.11.3.jar:5.11.3]
	at org.junit.jupiter.engine.descriptor.ClassBasedTestDescriptor.executeAndMaskThrowable(ClassBasedTestDescriptor.java:383) ~[junit-jupiter-engine-5.11.3.jar:5.11.3]
	at org.junit.jupiter.engine.descriptor.ClassBasedTestDescriptor.lambda$invokeTestInstancePostProcessors$12(ClassBasedTestDescriptor.java:378) ~[junit-jupiter-engine-5.11.3.jar:5.11.3]
	at java.base/java.util.stream.ForEachOps$ForEachOp$OfRef.accept(ForEachOps.java:184) ~[na:na]
	at java.base/java.util.stream.ReferencePipeline$3$1.accept(ReferencePipeline.java:215) ~[na:na]
	at java.base/java.util.stream.ReferencePipeline$2$1.accept(ReferencePipeline.java:197) ~[na:na]
	at java.base/java.util.stream.ReferencePipeline$3$1.accept(ReferencePipeline.java:215) ~[na:na]
	at java.base/java.util.ArrayList$ArrayListSpliterator.forEachRemaining(ArrayList.java:1709) ~[na:na]
	at java.base/java.util.stream.AbstractPipeline.copyInto(AbstractPipeline.java:570) ~[na:na]
	at java.base/java.util.stream.AbstractPipeline.wrapAndCopyInto(AbstractPipeline.java:560) ~[na:na]
	at java.base/java.util.stream.ForEachOps$ForEachOp.evaluateSequential(ForEachOps.java:151) ~[na:na]
	at java.base/java.util.stream.ForEachOps$ForEachOp$OfRef.evaluateSequential(ForEachOps.java:174) ~[na:na]
	at java.base/java.util.stream.AbstractPipeline.evaluate(AbstractPipeline.java:265) ~[na:na]
	at java.base/java.util.stream.ReferencePipeline.forEach(ReferencePipeline.java:636) ~[na:na]
	at org.junit.jupiter.engine.descriptor.ClassBasedTestDescriptor.invokeTestInstancePostProcessors(ClassBasedTestDescriptor.java:377) ~[junit-jupiter-engine-5.11.3.jar:5.11.3]
	at org.junit.jupiter.engine.descriptor.ClassBasedTestDescriptor.lambda$instantiateAndPostProcessTestInstance$7(ClassBasedTestDescriptor.java:290) ~[junit-jupiter-engine-5.11.3.jar:5.11.3]
	at org.junit.platform.engine.support.hierarchical.ThrowableCollector.execute(ThrowableCollector.java:73) ~[junit-platform-engine-1.11.3.jar:1.11.3]
	at org.junit.jupiter.engine.descriptor.ClassBasedTestDescriptor.instantiateAndPostProcessTestInstance(ClassBasedTestDescriptor.java:289) ~[junit-jupiter-engine-5.11.3.jar:5.11.3]
	at org.junit.jupiter.engine.descriptor.ClassBasedTestDescriptor.lambda$testInstancesProvider$5(ClassBasedTestDescriptor.java:279) ~[junit-jupiter-engine-5.11.3.jar:5.11.3]
	at java.base/java.util.Optional.orElseGet(Optional.java:364) ~[na:na]
	at org.junit.jupiter.engine.descriptor.ClassBasedTestDescriptor.lambda$testInstancesProvider$6(ClassBasedTestDescriptor.java:278) ~[junit-jupiter-engine-5.11.3.jar:5.11.3]
	at org.junit.jupiter.engine.execution.TestInstancesProvider.getTestInstances(TestInstancesProvider.java:31) ~[junit-jupiter-engine-5.11.3.jar:5.11.3]
	at org.junit.jupiter.engine.descriptor.TestMethodTestDescriptor.lambda$prepare$1(TestMethodTestDescriptor.java:105) ~[junit-jupiter-engine-5.11.3.jar:5.11.3]
	at org.junit.platform.engine.support.hierarchical.ThrowableCollector.execute(ThrowableCollector.java:73) ~[junit-platform-engine-1.11.3.jar:1.11.3]
	at org.junit.jupiter.engine.descriptor.TestMethodTestDescriptor.prepare(TestMethodTestDescriptor.java:104) ~[junit-jupiter-engine-5.11.3.jar:5.11.3]
	at org.junit.jupiter.engine.descriptor.TestMethodTestDescriptor.prepare(TestMethodTestDescriptor.java:68) ~[junit-jupiter-engine-5.11.3.jar:5.11.3]
	at org.junit.platform.engine.support.hierarchical.NodeTestTask.lambda$prepare$2(NodeTestTask.java:128) ~[junit-platform-engine-1.11.3.jar:1.11.3]
	at org.junit.platform.engine.support.hierarchical.ThrowableCollector.execute(ThrowableCollector.java:73) ~[junit-platform-engine-1.11.3.jar:1.11.3]
	at org.junit.platform.engine.support.hierarchical.NodeTestTask.prepare(NodeTestTask.java:128) ~[junit-platform-engine-1.11.3.jar:1.11.3]
	at org.junit.platform.engine.support.hierarchical.NodeTestTask.execute(NodeTestTask.java:95) ~[junit-platform-engine-1.11.3.jar:1.11.3]
	at java.base/java.util.ArrayList.forEach(ArrayList.java:1597) ~[na:na]
	at org.junit.platform.engine.support.hierarchical.SameThreadHierarchicalTestExecutorService.invokeAll(SameThreadHierarchicalTestExecutorService.java:41) ~[junit-platform-engine-1.11.3.jar:1.11.3]
	at org.junit.platform.engine.support.hierarchical.NodeTestTask.lambda$executeRecursively$6(NodeTestTask.java:160) ~[junit-platform-engine-1.11.3.jar:1.11.3]
	at org.junit.platform.engine.support.hierarchical.ThrowableCollector.execute(ThrowableCollector.java:73) ~[junit-platform-engine-1.11.3.jar:1.11.3]
	at org.junit.platform.engine.support.hierarchical.NodeTestTask.lambda$executeRecursively$8(NodeTestTask.java:146) ~[junit-platform-engine-1.11.3.jar:1.11.3]
	at org.junit.platform.engine.support.hierarchical.Node.around(Node.java:137) ~[junit-platform-engine-1.11.3.jar:1.11.3]
	at org.junit.platform.engine.support.hierarchical.NodeTestTask.lambda$executeRecursively$9(NodeTestTask.java:144) ~[junit-platform-engine-1.11.3.jar:1.11.3]
	at org.junit.platform.engine.support.hierarchical.ThrowableCollector.execute(ThrowableCollector.java:73) ~[junit-platform-engine-1.11.3.jar:1.11.3]
	at org.junit.platform.engine.support.hierarchical.NodeTestTask.executeRecursively(NodeTestTask.java:143) ~[junit-platform-engine-1.11.3.jar:1.11.3]
	at org.junit.platform.engine.support.hierarchical.NodeTestTask.execute(NodeTestTask.java:100) ~[junit-platform-engine-1.11.3.jar:1.11.3]
	at java.base/java.util.ArrayList.forEach(ArrayList.java:1597) ~[na:na]
	at org.junit.platform.engine.support.hierarchical.SameThreadHierarchicalTestExecutorService.invokeAll(SameThreadHierarchicalTestExecutorService.java:41) ~[junit-platform-engine-1.11.3.jar:1.11.3]
	at org.junit.platform.engine.support.hierarchical.NodeTestTask.lambda$executeRecursively$6(NodeTestTask.java:160) ~[junit-platform-engine-1.11.3.jar:1.11.3]
	at org.junit.platform.engine.support.hierarchical.ThrowableCollector.execute(ThrowableCollector.java:73) ~[junit-platform-engine-1.11.3.jar:1.11.3]
	at org.junit.platform.engine.support.hierarchical.NodeTestTask.lambda$executeRecursively$8(NodeTestTask.java:146) ~[junit-platform-engine-1.11.3.jar:1.11.3]
	at org.junit.platform.engine.support.hierarchical.Node.around(Node.java:137) ~[junit-platform-engine-1.11.3.jar:1.11.3]
	at org.junit.platform.engine.support.hierarchical.NodeTestTask.lambda$executeRecursively$9(NodeTestTask.java:144) ~[junit-platform-engine-1.11.3.jar:1.11.3]
	at org.junit.platform.engine.support.hierarchical.ThrowableCollector.execute(ThrowableCollector.java:73) ~[junit-platform-engine-1.11.3.jar:1.11.3]
	at org.junit.platform.engine.support.hierarchical.NodeTestTask.executeRecursively(NodeTestTask.java:143) ~[junit-platform-engine-1.11.3.jar:1.11.3]
	at org.junit.platform.engine.support.hierarchical.NodeTestTask.execute(NodeTestTask.java:100) ~[junit-platform-engine-1.11.3.jar:1.11.3]
	at org.junit.platform.engine.support.hierarchical.SameThreadHierarchicalTestExecutorService.submit(SameThreadHierarchicalTestExecutorService.java:35) ~[junit-platform-engine-1.11.3.jar:1.11.3]
	at org.junit.platform.engine.support.hierarchical.HierarchicalTestExecutor.execute(HierarchicalTestExecutor.java:57) ~[junit-platform-engine-1.11.3.jar:1.11.3]
	at org.junit.platform.engine.support.hierarchical.HierarchicalTestEngine.execute(HierarchicalTestEngine.java:54) ~[junit-platform-engine-1.11.3.jar:1.11.3]
	at org.junit.platform.launcher.core.EngineExecutionOrchestrator.execute(EngineExecutionOrchestrator.java:198) ~[junit-platform-launcher-1.11.3.jar:1.11.3]
	at org.junit.platform.launcher.core.EngineExecutionOrchestrator.execute(EngineExecutionOrchestrator.java:169) ~[junit-platform-launcher-1.11.3.jar:1.11.3]
	at org.junit.platform.launcher.core.EngineExecutionOrchestrator.execute(EngineExecutionOrchestrator.java:93) ~[junit-platform-launcher-1.11.3.jar:1.11.3]
	at org.junit.platform.launcher.core.EngineExecutionOrchestrator.lambda$execute$0(EngineExecutionOrchestrator.java:58) ~[junit-platform-launcher-1.11.3.jar:1.11.3]
	at org.junit.platform.launcher.core.EngineExecutionOrchestrator.withInterceptedStreams(EngineExecutionOrchestrator.java:141) ~[junit-platform-launcher-1.11.3.jar:1.11.3]
	at org.junit.platform.launcher.core.EngineExecutionOrchestrator.execute(EngineExecutionOrchestrator.java:57) ~[junit-platform-launcher-1.11.3.jar:1.11.3]
	at org.junit.platform.launcher.core.DefaultLauncher.execute(DefaultLauncher.java:103) ~[junit-platform-launcher-1.11.3.jar:1.11.3]
	at org.junit.platform.launcher.core.DefaultLauncher.execute(DefaultLauncher.java:85) ~[junit-platform-launcher-1.11.3.jar:1.11.3]
	at org.junit.platform.launcher.core.DelegatingLauncher.execute(DelegatingLauncher.java:47) ~[junit-platform-launcher-1.11.3.jar:1.11.3]
	at org.apache.maven.surefire.junitplatform.LazyLauncher.execute(LazyLauncher.java:56) ~[surefire-junit-platform-3.5.2.jar:3.5.2]
	at org.apache.maven.surefire.junitplatform.JUnitPlatformProvider.execute(JUnitPlatformProvider.java:184) ~[surefire-junit-platform-3.5.2.jar:3.5.2]
	at org.apache.maven.surefire.junitplatform.JUnitPlatformProvider.invokeAllTests(JUnitPlatformProvider.java:148) ~[surefire-junit-platform-3.5.2.jar:3.5.2]
	at org.apache.maven.surefire.junitplatform.JUnitPlatformProvider.invoke(JUnitPlatformProvider.java:122) ~[surefire-junit-platform-3.5.2.jar:3.5.2]
	at org.apache.maven.surefire.booter.ForkedBooter.runSuitesInProcess(ForkedBooter.java:385) ~[surefire-booter-3.5.2.jar:3.5.2]
	at org.apache.maven.surefire.booter.ForkedBooter.execute(ForkedBooter.java:162) ~[surefire-booter-3.5.2.jar:3.5.2]
	at org.apache.maven.surefire.booter.ForkedBooter.run(ForkedBooter.java:507) ~[surefire-booter-3.5.2.jar:3.5.2]
	at org.apache.maven.surefire.booter.ForkedBooter.main(ForkedBooter.java:495) ~[surefire-booter-3.5.2.jar:3.5.2]

2024-12-15T14:03:54.999-03:00 DEBUG 25938 --- [tienda-ms-pedidos] [           main] o.s.d.jpa.repository.query.NamedQuery    : Did not find named query Orden.findByEmail
2024-12-15T14:03:55.001-03:00 DEBUG 25938 --- [tienda-ms-pedidos] [           main] tor$SharedEntityManagerInvocationHandler : Creating new EntityManager for shared EntityManager invocation
2024-12-15T14:03:55.031-03:00 DEBUG 25938 --- [tienda-ms-pedidos] [           main] o.s.d.jpa.repository.query.NamedQuery    : Looking up named query Orden.findByEstado
2024-12-15T14:03:55.031-03:00 DEBUG 25938 --- [tienda-ms-pedidos] [           main] cResourceLocalTransactionCoordinatorImpl : JDBC transaction marked for rollback-only (exception provided for stack trace)

java.lang.Exception: exception just for purpose of providing stack trace
	at org.hibernate.resource.transaction.backend.jdbc.internal.JdbcResourceLocalTransactionCoordinatorImpl$TransactionDriverControlImpl.markRollbackOnly(JdbcResourceLocalTransactionCoordinatorImpl.java:309) ~[hibernate-core-6.6.2.Final.jar:6.6.2.Final]
	at org.hibernate.internal.AbstractSharedSessionContract.buildNamedQuery(AbstractSharedSessionContract.java:1138) ~[hibernate-core-6.6.2.Final.jar:6.6.2.Final]
	at org.hibernate.internal.AbstractSharedSessionContract.createNamedQuery(AbstractSharedSessionContract.java:1016) ~[hibernate-core-6.6.2.Final.jar:6.6.2.Final]
	at org.hibernate.internal.AbstractSharedSessionContract.createNamedQuery(AbstractSharedSessionContract.java:142) ~[hibernate-core-6.6.2.Final.jar:6.6.2.Final]
	at java.base/jdk.internal.reflect.DirectMethodHandleAccessor.invoke(DirectMethodHandleAccessor.java:103) ~[na:na]
	at java.base/java.lang.reflect.Method.invoke(Method.java:580) ~[na:na]
	at org.springframework.orm.jpa.ExtendedEntityManagerCreator$ExtendedEntityManagerInvocationHandler.invoke(ExtendedEntityManagerCreator.java:364) ~[spring-orm-6.2.0.jar:6.2.0]
	at jdk.proxy2/jdk.proxy2.$Proxy135.createNamedQuery(Unknown Source) ~[na:na]
	at org.springframework.data.jpa.repository.query.NamedQuery.hasNamedQuery(NamedQuery.java:113) ~[spring-data-jpa-3.4.0.jar:3.4.0]
	at org.springframework.data.jpa.repository.query.NamedQuery.lookupFrom(NamedQuery.java:139) ~[spring-data-jpa-3.4.0.jar:3.4.0]
	at org.springframework.data.jpa.repository.query.JpaQueryLookupStrategy$DeclaredQueryLookupStrategy.resolveQuery(JpaQueryLookupStrategy.java:184) ~[spring-data-jpa-3.4.0.jar:3.4.0]
	at org.springframework.data.jpa.repository.query.JpaQueryLookupStrategy$CreateIfNotFoundQueryLookupStrategy.resolveQuery(JpaQueryLookupStrategy.java:256) ~[spring-data-jpa-3.4.0.jar:3.4.0]
	at org.springframework.data.jpa.repository.query.JpaQueryLookupStrategy$AbstractQueryLookupStrategy.resolveQuery(JpaQueryLookupStrategy.java:99) ~[spring-data-jpa-3.4.0.jar:3.4.0]
	at org.springframework.data.repository.core.support.QueryExecutorMethodInterceptor.lookupQuery(QueryExecutorMethodInterceptor.java:116) ~[spring-data-commons-3.4.0.jar:3.4.0]
	at org.springframework.data.repository.core.support.QueryExecutorMethodInterceptor.mapMethodsToQuery(QueryExecutorMethodInterceptor.java:104) ~[spring-data-commons-3.4.0.jar:3.4.0]
	at org.springframework.data.repository.core.support.QueryExecutorMethodInterceptor.lambda$new$0(QueryExecutorMethodInterceptor.java:92) ~[spring-data-commons-3.4.0.jar:3.4.0]
	at java.base/java.util.Optional.map(Optional.java:260) ~[na:na]
	at org.springframework.data.repository.core.support.QueryExecutorMethodInterceptor.<init>(QueryExecutorMethodInterceptor.java:92) ~[spring-data-commons-3.4.0.jar:3.4.0]
	at org.springframework.data.repository.core.support.RepositoryFactorySupport.getRepository(RepositoryFactorySupport.java:440) ~[spring-data-commons-3.4.0.jar:3.4.0]
	at org.springframework.data.repository.core.support.RepositoryFactoryBeanSupport.lambda$afterPropertiesSet$4(RepositoryFactoryBeanSupport.java:350) ~[spring-data-commons-3.4.0.jar:3.4.0]
	at org.springframework.data.util.Lazy.getNullable(Lazy.java:135) ~[spring-data-commons-3.4.0.jar:3.4.0]
	at org.springframework.data.util.Lazy.get(Lazy.java:113) ~[spring-data-commons-3.4.0.jar:3.4.0]
	at org.springframework.data.repository.core.support.RepositoryFactoryBeanSupport.afterPropertiesSet(RepositoryFactoryBeanSupport.java:356) ~[spring-data-commons-3.4.0.jar:3.4.0]
	at org.springframework.data.jpa.repository.support.JpaRepositoryFactoryBean.afterPropertiesSet(JpaRepositoryFactoryBean.java:132) ~[spring-data-jpa-3.4.0.jar:3.4.0]
	at org.springframework.beans.factory.support.AbstractAutowireCapableBeanFactory.invokeInitMethods(AbstractAutowireCapableBeanFactory.java:1849) ~[spring-beans-6.2.0.jar:6.2.0]
	at org.springframework.beans.factory.support.AbstractAutowireCapableBeanFactory.initializeBean(AbstractAutowireCapableBeanFactory.java:1798) ~[spring-beans-6.2.0.jar:6.2.0]
	at org.springframework.beans.factory.support.AbstractAutowireCapableBeanFactory.doCreateBean(AbstractAutowireCapableBeanFactory.java:601) ~[spring-beans-6.2.0.jar:6.2.0]
	at org.springframework.beans.factory.support.AbstractAutowireCapableBeanFactory.createBean(AbstractAutowireCapableBeanFactory.java:523) ~[spring-beans-6.2.0.jar:6.2.0]
	at org.springframework.beans.factory.support.AbstractBeanFactory.lambda$doGetBean$0(AbstractBeanFactory.java:336) ~[spring-beans-6.2.0.jar:6.2.0]
	at org.springframework.beans.factory.support.DefaultSingletonBeanRegistry.getSingleton(DefaultSingletonBeanRegistry.java:288) ~[spring-beans-6.2.0.jar:6.2.0]
	at org.springframework.beans.factory.support.AbstractBeanFactory.doGetBean(AbstractBeanFactory.java:334) ~[spring-beans-6.2.0.jar:6.2.0]
	at org.springframework.beans.factory.support.AbstractBeanFactory.getBean(AbstractBeanFactory.java:199) ~[spring-beans-6.2.0.jar:6.2.0]
	at org.springframework.beans.factory.support.DefaultListableBeanFactory.instantiateSingleton(DefaultListableBeanFactory.java:1116) ~[spring-beans-6.2.0.jar:6.2.0]
	at org.springframework.beans.factory.support.DefaultListableBeanFactory.preInstantiateSingleton(DefaultListableBeanFactory.java:1093) ~[spring-beans-6.2.0.jar:6.2.0]
	at org.springframework.beans.factory.support.DefaultListableBeanFactory.preInstantiateSingletons(DefaultListableBeanFactory.java:1030) ~[spring-beans-6.2.0.jar:6.2.0]
	at org.springframework.context.support.AbstractApplicationContext.finishBeanFactoryInitialization(AbstractApplicationContext.java:987) ~[spring-context-6.2.0.jar:6.2.0]
	at org.springframework.context.support.AbstractApplicationContext.refresh(AbstractApplicationContext.java:627) ~[spring-context-6.2.0.jar:6.2.0]
	at org.springframework.boot.SpringApplication.refresh(SpringApplication.java:752) ~[spring-boot-3.4.0.jar:3.4.0]
	at org.springframework.boot.SpringApplication.refreshContext(SpringApplication.java:439) ~[spring-boot-3.4.0.jar:3.4.0]
	at org.springframework.boot.SpringApplication.run(SpringApplication.java:318) ~[spring-boot-3.4.0.jar:3.4.0]
	at org.springframework.boot.test.context.SpringBootContextLoader.lambda$loadContext$3(SpringBootContextLoader.java:137) ~[spring-boot-test-3.4.0.jar:3.4.0]
	at org.springframework.util.function.ThrowingSupplier.get(ThrowingSupplier.java:58) ~[spring-core-6.2.0.jar:6.2.0]
	at org.springframework.util.function.ThrowingSupplier.get(ThrowingSupplier.java:46) ~[spring-core-6.2.0.jar:6.2.0]
	at org.springframework.boot.SpringApplication.withHook(SpringApplication.java:1461) ~[spring-boot-3.4.0.jar:3.4.0]
	at org.springframework.boot.test.context.SpringBootContextLoader$ContextLoaderHook.run(SpringBootContextLoader.java:553) ~[spring-boot-test-3.4.0.jar:3.4.0]
	at org.springframework.boot.test.context.SpringBootContextLoader.loadContext(SpringBootContextLoader.java:137) ~[spring-boot-test-3.4.0.jar:3.4.0]
	at org.springframework.boot.test.context.SpringBootContextLoader.loadContext(SpringBootContextLoader.java:108) ~[spring-boot-test-3.4.0.jar:3.4.0]
	at org.springframework.test.context.cache.DefaultCacheAwareContextLoaderDelegate.loadContextInternal(DefaultCacheAwareContextLoaderDelegate.java:225) ~[spring-test-6.2.0.jar:6.2.0]
	at org.springframework.test.context.cache.DefaultCacheAwareContextLoaderDelegate.loadContext(DefaultCacheAwareContextLoaderDelegate.java:152) ~[spring-test-6.2.0.jar:6.2.0]
	at org.springframework.test.context.support.DefaultTestContext.getApplicationContext(DefaultTestContext.java:130) ~[spring-test-6.2.0.jar:6.2.0]
	at org.springframework.test.context.support.DependencyInjectionTestExecutionListener.injectDependencies(DependencyInjectionTestExecutionListener.java:142) ~[spring-test-6.2.0.jar:6.2.0]
	at org.springframework.test.context.support.DependencyInjectionTestExecutionListener.prepareTestInstance(DependencyInjectionTestExecutionListener.java:98) ~[spring-test-6.2.0.jar:6.2.0]
	at org.springframework.test.context.TestContextManager.prepareTestInstance(TestContextManager.java:260) ~[spring-test-6.2.0.jar:6.2.0]
	at org.springframework.test.context.junit.jupiter.SpringExtension.postProcessTestInstance(SpringExtension.java:160) ~[spring-test-6.2.0.jar:6.2.0]
	at org.junit.jupiter.engine.descriptor.ClassBasedTestDescriptor.lambda$invokeTestInstancePostProcessors$11(ClassBasedTestDescriptor.java:378) ~[junit-jupiter-engine-5.11.3.jar:5.11.3]
	at org.junit.jupiter.engine.descriptor.ClassBasedTestDescriptor.executeAndMaskThrowable(ClassBasedTestDescriptor.java:383) ~[junit-jupiter-engine-5.11.3.jar:5.11.3]
	at org.junit.jupiter.engine.descriptor.ClassBasedTestDescriptor.lambda$invokeTestInstancePostProcessors$12(ClassBasedTestDescriptor.java:378) ~[junit-jupiter-engine-5.11.3.jar:5.11.3]
	at java.base/java.util.stream.ForEachOps$ForEachOp$OfRef.accept(ForEachOps.java:184) ~[na:na]
	at java.base/java.util.stream.ReferencePipeline$3$1.accept(ReferencePipeline.java:215) ~[na:na]
	at java.base/java.util.stream.ReferencePipeline$2$1.accept(ReferencePipeline.java:197) ~[na:na]
	at java.base/java.util.stream.ReferencePipeline$3$1.accept(ReferencePipeline.java:215) ~[na:na]
	at java.base/java.util.ArrayList$ArrayListSpliterator.forEachRemaining(ArrayList.java:1709) ~[na:na]
	at java.base/java.util.stream.AbstractPipeline.copyInto(AbstractPipeline.java:570) ~[na:na]
	at java.base/java.util.stream.AbstractPipeline.wrapAndCopyInto(AbstractPipeline.java:560) ~[na:na]
	at java.base/java.util.stream.ForEachOps$ForEachOp.evaluateSequential(ForEachOps.java:151) ~[na:na]
	at java.base/java.util.stream.ForEachOps$ForEachOp$OfRef.evaluateSequential(ForEachOps.java:174) ~[na:na]
	at java.base/java.util.stream.AbstractPipeline.evaluate(AbstractPipeline.java:265) ~[na:na]
	at java.base/java.util.stream.ReferencePipeline.forEach(ReferencePipeline.java:636) ~[na:na]
	at org.junit.jupiter.engine.descriptor.ClassBasedTestDescriptor.invokeTestInstancePostProcessors(ClassBasedTestDescriptor.java:377) ~[junit-jupiter-engine-5.11.3.jar:5.11.3]
	at org.junit.jupiter.engine.descriptor.ClassBasedTestDescriptor.lambda$instantiateAndPostProcessTestInstance$7(ClassBasedTestDescriptor.java:290) ~[junit-jupiter-engine-5.11.3.jar:5.11.3]
	at org.junit.platform.engine.support.hierarchical.ThrowableCollector.execute(ThrowableCollector.java:73) ~[junit-platform-engine-1.11.3.jar:1.11.3]
	at org.junit.jupiter.engine.descriptor.ClassBasedTestDescriptor.instantiateAndPostProcessTestInstance(ClassBasedTestDescriptor.java:289) ~[junit-jupiter-engine-5.11.3.jar:5.11.3]
	at org.junit.jupiter.engine.descriptor.ClassBasedTestDescriptor.lambda$testInstancesProvider$5(ClassBasedTestDescriptor.java:279) ~[junit-jupiter-engine-5.11.3.jar:5.11.3]
	at java.base/java.util.Optional.orElseGet(Optional.java:364) ~[na:na]
	at org.junit.jupiter.engine.descriptor.ClassBasedTestDescriptor.lambda$testInstancesProvider$6(ClassBasedTestDescriptor.java:278) ~[junit-jupiter-engine-5.11.3.jar:5.11.3]
	at org.junit.jupiter.engine.execution.TestInstancesProvider.getTestInstances(TestInstancesProvider.java:31) ~[junit-jupiter-engine-5.11.3.jar:5.11.3]
	at org.junit.jupiter.engine.descriptor.TestMethodTestDescriptor.lambda$prepare$1(TestMethodTestDescriptor.java:105) ~[junit-jupiter-engine-5.11.3.jar:5.11.3]
	at org.junit.platform.engine.support.hierarchical.ThrowableCollector.execute(ThrowableCollector.java:73) ~[junit-platform-engine-1.11.3.jar:1.11.3]
	at org.junit.jupiter.engine.descriptor.TestMethodTestDescriptor.prepare(TestMethodTestDescriptor.java:104) ~[junit-jupiter-engine-5.11.3.jar:5.11.3]
	at org.junit.jupiter.engine.descriptor.TestMethodTestDescriptor.prepare(TestMethodTestDescriptor.java:68) ~[junit-jupiter-engine-5.11.3.jar:5.11.3]
	at org.junit.platform.engine.support.hierarchical.NodeTestTask.lambda$prepare$2(NodeTestTask.java:128) ~[junit-platform-engine-1.11.3.jar:1.11.3]
	at org.junit.platform.engine.support.hierarchical.ThrowableCollector.execute(ThrowableCollector.java:73) ~[junit-platform-engine-1.11.3.jar:1.11.3]
	at org.junit.platform.engine.support.hierarchical.NodeTestTask.prepare(NodeTestTask.java:128) ~[junit-platform-engine-1.11.3.jar:1.11.3]
	at org.junit.platform.engine.support.hierarchical.NodeTestTask.execute(NodeTestTask.java:95) ~[junit-platform-engine-1.11.3.jar:1.11.3]
	at java.base/java.util.ArrayList.forEach(ArrayList.java:1597) ~[na:na]
	at org.junit.platform.engine.support.hierarchical.SameThreadHierarchicalTestExecutorService.invokeAll(SameThreadHierarchicalTestExecutorService.java:41) ~[junit-platform-engine-1.11.3.jar:1.11.3]
	at org.junit.platform.engine.support.hierarchical.NodeTestTask.lambda$executeRecursively$6(NodeTestTask.java:160) ~[junit-platform-engine-1.11.3.jar:1.11.3]
	at org.junit.platform.engine.support.hierarchical.ThrowableCollector.execute(ThrowableCollector.java:73) ~[junit-platform-engine-1.11.3.jar:1.11.3]
	at org.junit.platform.engine.support.hierarchical.NodeTestTask.lambda$executeRecursively$8(NodeTestTask.java:146) ~[junit-platform-engine-1.11.3.jar:1.11.3]
	at org.junit.platform.engine.support.hierarchical.Node.around(Node.java:137) ~[junit-platform-engine-1.11.3.jar:1.11.3]
	at org.junit.platform.engine.support.hierarchical.NodeTestTask.lambda$executeRecursively$9(NodeTestTask.java:144) ~[junit-platform-engine-1.11.3.jar:1.11.3]
	at org.junit.platform.engine.support.hierarchical.ThrowableCollector.execute(ThrowableCollector.java:73) ~[junit-platform-engine-1.11.3.jar:1.11.3]
	at org.junit.platform.engine.support.hierarchical.NodeTestTask.executeRecursively(NodeTestTask.java:143) ~[junit-platform-engine-1.11.3.jar:1.11.3]
	at org.junit.platform.engine.support.hierarchical.NodeTestTask.execute(NodeTestTask.java:100) ~[junit-platform-engine-1.11.3.jar:1.11.3]
	at java.base/java.util.ArrayList.forEach(ArrayList.java:1597) ~[na:na]
	at org.junit.platform.engine.support.hierarchical.SameThreadHierarchicalTestExecutorService.invokeAll(SameThreadHierarchicalTestExecutorService.java:41) ~[junit-platform-engine-1.11.3.jar:1.11.3]
	at org.junit.platform.engine.support.hierarchical.NodeTestTask.lambda$executeRecursively$6(NodeTestTask.java:160) ~[junit-platform-engine-1.11.3.jar:1.11.3]
	at org.junit.platform.engine.support.hierarchical.ThrowableCollector.execute(ThrowableCollector.java:73) ~[junit-platform-engine-1.11.3.jar:1.11.3]
	at org.junit.platform.engine.support.hierarchical.NodeTestTask.lambda$executeRecursively$8(NodeTestTask.java:146) ~[junit-platform-engine-1.11.3.jar:1.11.3]
	at org.junit.platform.engine.support.hierarchical.Node.around(Node.java:137) ~[junit-platform-engine-1.11.3.jar:1.11.3]
	at org.junit.platform.engine.support.hierarchical.NodeTestTask.lambda$executeRecursively$9(NodeTestTask.java:144) ~[junit-platform-engine-1.11.3.jar:1.11.3]
	at org.junit.platform.engine.support.hierarchical.ThrowableCollector.execute(ThrowableCollector.java:73) ~[junit-platform-engine-1.11.3.jar:1.11.3]
	at org.junit.platform.engine.support.hierarchical.NodeTestTask.executeRecursively(NodeTestTask.java:143) ~[junit-platform-engine-1.11.3.jar:1.11.3]
	at org.junit.platform.engine.support.hierarchical.NodeTestTask.execute(NodeTestTask.java:100) ~[junit-platform-engine-1.11.3.jar:1.11.3]
	at org.junit.platform.engine.support.hierarchical.SameThreadHierarchicalTestExecutorService.submit(SameThreadHierarchicalTestExecutorService.java:35) ~[junit-platform-engine-1.11.3.jar:1.11.3]
	at org.junit.platform.engine.support.hierarchical.HierarchicalTestExecutor.execute(HierarchicalTestExecutor.java:57) ~[junit-platform-engine-1.11.3.jar:1.11.3]
	at org.junit.platform.engine.support.hierarchical.HierarchicalTestEngine.execute(HierarchicalTestEngine.java:54) ~[junit-platform-engine-1.11.3.jar:1.11.3]
	at org.junit.platform.launcher.core.EngineExecutionOrchestrator.execute(EngineExecutionOrchestrator.java:198) ~[junit-platform-launcher-1.11.3.jar:1.11.3]
	at org.junit.platform.launcher.core.EngineExecutionOrchestrator.execute(EngineExecutionOrchestrator.java:169) ~[junit-platform-launcher-1.11.3.jar:1.11.3]
	at org.junit.platform.launcher.core.EngineExecutionOrchestrator.execute(EngineExecutionOrchestrator.java:93) ~[junit-platform-launcher-1.11.3.jar:1.11.3]
	at org.junit.platform.launcher.core.EngineExecutionOrchestrator.lambda$execute$0(EngineExecutionOrchestrator.java:58) ~[junit-platform-launcher-1.11.3.jar:1.11.3]
	at org.junit.platform.launcher.core.EngineExecutionOrchestrator.withInterceptedStreams(EngineExecutionOrchestrator.java:141) ~[junit-platform-launcher-1.11.3.jar:1.11.3]
	at org.junit.platform.launcher.core.EngineExecutionOrchestrator.execute(EngineExecutionOrchestrator.java:57) ~[junit-platform-launcher-1.11.3.jar:1.11.3]
	at org.junit.platform.launcher.core.DefaultLauncher.execute(DefaultLauncher.java:103) ~[junit-platform-launcher-1.11.3.jar:1.11.3]
	at org.junit.platform.launcher.core.DefaultLauncher.execute(DefaultLauncher.java:85) ~[junit-platform-launcher-1.11.3.jar:1.11.3]
	at org.junit.platform.launcher.core.DelegatingLauncher.execute(DelegatingLauncher.java:47) ~[junit-platform-launcher-1.11.3.jar:1.11.3]
	at org.apache.maven.surefire.junitplatform.LazyLauncher.execute(LazyLauncher.java:56) ~[surefire-junit-platform-3.5.2.jar:3.5.2]
	at org.apache.maven.surefire.junitplatform.JUnitPlatformProvider.execute(JUnitPlatformProvider.java:184) ~[surefire-junit-platform-3.5.2.jar:3.5.2]
	at org.apache.maven.surefire.junitplatform.JUnitPlatformProvider.invokeAllTests(JUnitPlatformProvider.java:148) ~[surefire-junit-platform-3.5.2.jar:3.5.2]
	at org.apache.maven.surefire.junitplatform.JUnitPlatformProvider.invoke(JUnitPlatformProvider.java:122) ~[surefire-junit-platform-3.5.2.jar:3.5.2]
	at org.apache.maven.surefire.booter.ForkedBooter.runSuitesInProcess(ForkedBooter.java:385) ~[surefire-booter-3.5.2.jar:3.5.2]
	at org.apache.maven.surefire.booter.ForkedBooter.execute(ForkedBooter.java:162) ~[surefire-booter-3.5.2.jar:3.5.2]
	at org.apache.maven.surefire.booter.ForkedBooter.run(ForkedBooter.java:507) ~[surefire-booter-3.5.2.jar:3.5.2]
	at org.apache.maven.surefire.booter.ForkedBooter.main(ForkedBooter.java:495) ~[surefire-booter-3.5.2.jar:3.5.2]

2024-12-15T14:03:55.032-03:00 DEBUG 25938 --- [tienda-ms-pedidos] [           main] o.s.d.jpa.repository.query.NamedQuery    : Did not find named query Orden.findByEstado
2024-12-15T14:03:55.032-03:00 DEBUG 25938 --- [tienda-ms-pedidos] [           main] tor$SharedEntityManagerInvocationHandler : Creating new EntityManager for shared EntityManager invocation
2024-12-15T14:03:55.034-03:00 DEBUG 25938 --- [tienda-ms-pedidos] [           main] cResourceLocalTransactionCoordinatorImpl : JDBC transaction marked for rollback-only (exception provided for stack trace)

java.lang.Exception: exception just for purpose of providing stack trace
	at org.hibernate.resource.transaction.backend.jdbc.internal.JdbcResourceLocalTransactionCoordinatorImpl$TransactionDriverControlImpl.markRollbackOnly(JdbcResourceLocalTransactionCoordinatorImpl.java:309) ~[hibernate-core-6.6.2.Final.jar:6.6.2.Final]
	at org.hibernate.internal.AbstractSharedSessionContract.buildNamedQuery(AbstractSharedSessionContract.java:1138) ~[hibernate-core-6.6.2.Final.jar:6.6.2.Final]
	at org.hibernate.internal.AbstractSharedSessionContract.createNamedQuery(AbstractSharedSessionContract.java:1016) ~[hibernate-core-6.6.2.Final.jar:6.6.2.Final]
	at org.hibernate.internal.AbstractSharedSessionContract.createNamedQuery(AbstractSharedSessionContract.java:142) ~[hibernate-core-6.6.2.Final.jar:6.6.2.Final]
	at java.base/jdk.internal.reflect.DirectMethodHandleAccessor.invoke(DirectMethodHandleAccessor.java:103) ~[na:na]
	at java.base/java.lang.reflect.Method.invoke(Method.java:580) ~[na:na]
	at org.springframework.orm.jpa.ExtendedEntityManagerCreator$ExtendedEntityManagerInvocationHandler.invoke(ExtendedEntityManagerCreator.java:364) ~[spring-orm-6.2.0.jar:6.2.0]
	at jdk.proxy2/jdk.proxy2.$Proxy135.createNamedQuery(Unknown Source) ~[na:na]
	at org.springframework.data.jpa.repository.query.NamedQuery.hasNamedQuery(NamedQuery.java:113) ~[spring-data-jpa-3.4.0.jar:3.4.0]
	at org.springframework.data.jpa.repository.query.JpaQueryLookupStrategy$DeclaredQueryLookupStrategy.getCountQuery(JpaQueryLookupStrategy.java:208) ~[spring-data-jpa-3.4.0.jar:3.4.0]
	at org.springframework.data.jpa.repository.query.JpaQueryLookupStrategy$DeclaredQueryLookupStrategy.resolveQuery(JpaQueryLookupStrategy.java:175) ~[spring-data-jpa-3.4.0.jar:3.4.0]
	at org.springframework.data.jpa.repository.query.JpaQueryLookupStrategy$CreateIfNotFoundQueryLookupStrategy.resolveQuery(JpaQueryLookupStrategy.java:256) ~[spring-data-jpa-3.4.0.jar:3.4.0]
	at org.springframework.data.jpa.repository.query.JpaQueryLookupStrategy$AbstractQueryLookupStrategy.resolveQuery(JpaQueryLookupStrategy.java:99) ~[spring-data-jpa-3.4.0.jar:3.4.0]
	at org.springframework.data.repository.core.support.QueryExecutorMethodInterceptor.lookupQuery(QueryExecutorMethodInterceptor.java:116) ~[spring-data-commons-3.4.0.jar:3.4.0]
	at org.springframework.data.repository.core.support.QueryExecutorMethodInterceptor.mapMethodsToQuery(QueryExecutorMethodInterceptor.java:104) ~[spring-data-commons-3.4.0.jar:3.4.0]
	at org.springframework.data.repository.core.support.QueryExecutorMethodInterceptor.lambda$new$0(QueryExecutorMethodInterceptor.java:92) ~[spring-data-commons-3.4.0.jar:3.4.0]
	at java.base/java.util.Optional.map(Optional.java:260) ~[na:na]
	at org.springframework.data.repository.core.support.QueryExecutorMethodInterceptor.<init>(QueryExecutorMethodInterceptor.java:92) ~[spring-data-commons-3.4.0.jar:3.4.0]
	at org.springframework.data.repository.core.support.RepositoryFactorySupport.getRepository(RepositoryFactorySupport.java:440) ~[spring-data-commons-3.4.0.jar:3.4.0]
	at org.springframework.data.repository.core.support.RepositoryFactoryBeanSupport.lambda$afterPropertiesSet$4(RepositoryFactoryBeanSupport.java:350) ~[spring-data-commons-3.4.0.jar:3.4.0]
	at org.springframework.data.util.Lazy.getNullable(Lazy.java:135) ~[spring-data-commons-3.4.0.jar:3.4.0]
	at org.springframework.data.util.Lazy.get(Lazy.java:113) ~[spring-data-commons-3.4.0.jar:3.4.0]
	at org.springframework.data.repository.core.support.RepositoryFactoryBeanSupport.afterPropertiesSet(RepositoryFactoryBeanSupport.java:356) ~[spring-data-commons-3.4.0.jar:3.4.0]
	at org.springframework.data.jpa.repository.support.JpaRepositoryFactoryBean.afterPropertiesSet(JpaRepositoryFactoryBean.java:132) ~[spring-data-jpa-3.4.0.jar:3.4.0]
	at org.springframework.beans.factory.support.AbstractAutowireCapableBeanFactory.invokeInitMethods(AbstractAutowireCapableBeanFactory.java:1849) ~[spring-beans-6.2.0.jar:6.2.0]
	at org.springframework.beans.factory.support.AbstractAutowireCapableBeanFactory.initializeBean(AbstractAutowireCapableBeanFactory.java:1798) ~[spring-beans-6.2.0.jar:6.2.0]
	at org.springframework.beans.factory.support.AbstractAutowireCapableBeanFactory.doCreateBean(AbstractAutowireCapableBeanFactory.java:601) ~[spring-beans-6.2.0.jar:6.2.0]
	at org.springframework.beans.factory.support.AbstractAutowireCapableBeanFactory.createBean(AbstractAutowireCapableBeanFactory.java:523) ~[spring-beans-6.2.0.jar:6.2.0]
	at org.springframework.beans.factory.support.AbstractBeanFactory.lambda$doGetBean$0(AbstractBeanFactory.java:336) ~[spring-beans-6.2.0.jar:6.2.0]
	at org.springframework.beans.factory.support.DefaultSingletonBeanRegistry.getSingleton(DefaultSingletonBeanRegistry.java:288) ~[spring-beans-6.2.0.jar:6.2.0]
	at org.springframework.beans.factory.support.AbstractBeanFactory.doGetBean(AbstractBeanFactory.java:334) ~[spring-beans-6.2.0.jar:6.2.0]
	at org.springframework.beans.factory.support.AbstractBeanFactory.getBean(AbstractBeanFactory.java:199) ~[spring-beans-6.2.0.jar:6.2.0]
	at org.springframework.beans.factory.support.DefaultListableBeanFactory.instantiateSingleton(DefaultListableBeanFactory.java:1116) ~[spring-beans-6.2.0.jar:6.2.0]
	at org.springframework.beans.factory.support.DefaultListableBeanFactory.preInstantiateSingleton(DefaultListableBeanFactory.java:1093) ~[spring-beans-6.2.0.jar:6.2.0]
	at org.springframework.beans.factory.support.DefaultListableBeanFactory.preInstantiateSingletons(DefaultListableBeanFactory.java:1030) ~[spring-beans-6.2.0.jar:6.2.0]
	at org.springframework.context.support.AbstractApplicationContext.finishBeanFactoryInitialization(AbstractApplicationContext.java:987) ~[spring-context-6.2.0.jar:6.2.0]
	at org.springframework.context.support.AbstractApplicationContext.refresh(AbstractApplicationContext.java:627) ~[spring-context-6.2.0.jar:6.2.0]
	at org.springframework.boot.SpringApplication.refresh(SpringApplication.java:752) ~[spring-boot-3.4.0.jar:3.4.0]
	at org.springframework.boot.SpringApplication.refreshContext(SpringApplication.java:439) ~[spring-boot-3.4.0.jar:3.4.0]
	at org.springframework.boot.SpringApplication.run(SpringApplication.java:318) ~[spring-boot-3.4.0.jar:3.4.0]
	at org.springframework.boot.test.context.SpringBootContextLoader.lambda$loadContext$3(SpringBootContextLoader.java:137) ~[spring-boot-test-3.4.0.jar:3.4.0]
	at org.springframework.util.function.ThrowingSupplier.get(ThrowingSupplier.java:58) ~[spring-core-6.2.0.jar:6.2.0]
	at org.springframework.util.function.ThrowingSupplier.get(ThrowingSupplier.java:46) ~[spring-core-6.2.0.jar:6.2.0]
	at org.springframework.boot.SpringApplication.withHook(SpringApplication.java:1461) ~[spring-boot-3.4.0.jar:3.4.0]
	at org.springframework.boot.test.context.SpringBootContextLoader$ContextLoaderHook.run(SpringBootContextLoader.java:553) ~[spring-boot-test-3.4.0.jar:3.4.0]
	at org.springframework.boot.test.context.SpringBootContextLoader.loadContext(SpringBootContextLoader.java:137) ~[spring-boot-test-3.4.0.jar:3.4.0]
	at org.springframework.boot.test.context.SpringBootContextLoader.loadContext(SpringBootContextLoader.java:108) ~[spring-boot-test-3.4.0.jar:3.4.0]
	at org.springframework.test.context.cache.DefaultCacheAwareContextLoaderDelegate.loadContextInternal(DefaultCacheAwareContextLoaderDelegate.java:225) ~[spring-test-6.2.0.jar:6.2.0]
	at org.springframework.test.context.cache.DefaultCacheAwareContextLoaderDelegate.loadContext(DefaultCacheAwareContextLoaderDelegate.java:152) ~[spring-test-6.2.0.jar:6.2.0]
	at org.springframework.test.context.support.DefaultTestContext.getApplicationContext(DefaultTestContext.java:130) ~[spring-test-6.2.0.jar:6.2.0]
	at org.springframework.test.context.support.DependencyInjectionTestExecutionListener.injectDependencies(DependencyInjectionTestExecutionListener.java:142) ~[spring-test-6.2.0.jar:6.2.0]
	at org.springframework.test.context.support.DependencyInjectionTestExecutionListener.prepareTestInstance(DependencyInjectionTestExecutionListener.java:98) ~[spring-test-6.2.0.jar:6.2.0]
	at org.springframework.test.context.TestContextManager.prepareTestInstance(TestContextManager.java:260) ~[spring-test-6.2.0.jar:6.2.0]
	at org.springframework.test.context.junit.jupiter.SpringExtension.postProcessTestInstance(SpringExtension.java:160) ~[spring-test-6.2.0.jar:6.2.0]
	at org.junit.jupiter.engine.descriptor.ClassBasedTestDescriptor.lambda$invokeTestInstancePostProcessors$11(ClassBasedTestDescriptor.java:378) ~[junit-jupiter-engine-5.11.3.jar:5.11.3]
	at org.junit.jupiter.engine.descriptor.ClassBasedTestDescriptor.executeAndMaskThrowable(ClassBasedTestDescriptor.java:383) ~[junit-jupiter-engine-5.11.3.jar:5.11.3]
	at org.junit.jupiter.engine.descriptor.ClassBasedTestDescriptor.lambda$invokeTestInstancePostProcessors$12(ClassBasedTestDescriptor.java:378) ~[junit-jupiter-engine-5.11.3.jar:5.11.3]
	at java.base/java.util.stream.ForEachOps$ForEachOp$OfRef.accept(ForEachOps.java:184) ~[na:na]
	at java.base/java.util.stream.ReferencePipeline$3$1.accept(ReferencePipeline.java:215) ~[na:na]
	at java.base/java.util.stream.ReferencePipeline$2$1.accept(ReferencePipeline.java:197) ~[na:na]
	at java.base/java.util.stream.ReferencePipeline$3$1.accept(ReferencePipeline.java:215) ~[na:na]
	at java.base/java.util.ArrayList$ArrayListSpliterator.forEachRemaining(ArrayList.java:1709) ~[na:na]
	at java.base/java.util.stream.AbstractPipeline.copyInto(AbstractPipeline.java:570) ~[na:na]
	at java.base/java.util.stream.AbstractPipeline.wrapAndCopyInto(AbstractPipeline.java:560) ~[na:na]
	at java.base/java.util.stream.ForEachOps$ForEachOp.evaluateSequential(ForEachOps.java:151) ~[na:na]
	at java.base/java.util.stream.ForEachOps$ForEachOp$OfRef.evaluateSequential(ForEachOps.java:174) ~[na:na]
	at java.base/java.util.stream.AbstractPipeline.evaluate(AbstractPipeline.java:265) ~[na:na]
	at java.base/java.util.stream.ReferencePipeline.forEach(ReferencePipeline.java:636) ~[na:na]
	at org.junit.jupiter.engine.descriptor.ClassBasedTestDescriptor.invokeTestInstancePostProcessors(ClassBasedTestDescriptor.java:377) ~[junit-jupiter-engine-5.11.3.jar:5.11.3]
	at org.junit.jupiter.engine.descriptor.ClassBasedTestDescriptor.lambda$instantiateAndPostProcessTestInstance$7(ClassBasedTestDescriptor.java:290) ~[junit-jupiter-engine-5.11.3.jar:5.11.3]
	at org.junit.platform.engine.support.hierarchical.ThrowableCollector.execute(ThrowableCollector.java:73) ~[junit-platform-engine-1.11.3.jar:1.11.3]
	at org.junit.jupiter.engine.descriptor.ClassBasedTestDescriptor.instantiateAndPostProcessTestInstance(ClassBasedTestDescriptor.java:289) ~[junit-jupiter-engine-5.11.3.jar:5.11.3]
	at org.junit.jupiter.engine.descriptor.ClassBasedTestDescriptor.lambda$testInstancesProvider$5(ClassBasedTestDescriptor.java:279) ~[junit-jupiter-engine-5.11.3.jar:5.11.3]
	at java.base/java.util.Optional.orElseGet(Optional.java:364) ~[na:na]
	at org.junit.jupiter.engine.descriptor.ClassBasedTestDescriptor.lambda$testInstancesProvider$6(ClassBasedTestDescriptor.java:278) ~[junit-jupiter-engine-5.11.3.jar:5.11.3]
	at org.junit.jupiter.engine.execution.TestInstancesProvider.getTestInstances(TestInstancesProvider.java:31) ~[junit-jupiter-engine-5.11.3.jar:5.11.3]
	at org.junit.jupiter.engine.descriptor.TestMethodTestDescriptor.lambda$prepare$1(TestMethodTestDescriptor.java:105) ~[junit-jupiter-engine-5.11.3.jar:5.11.3]
	at org.junit.platform.engine.support.hierarchical.ThrowableCollector.execute(ThrowableCollector.java:73) ~[junit-platform-engine-1.11.3.jar:1.11.3]
	at org.junit.jupiter.engine.descriptor.TestMethodTestDescriptor.prepare(TestMethodTestDescriptor.java:104) ~[junit-jupiter-engine-5.11.3.jar:5.11.3]
	at org.junit.jupiter.engine.descriptor.TestMethodTestDescriptor.prepare(TestMethodTestDescriptor.java:68) ~[junit-jupiter-engine-5.11.3.jar:5.11.3]
	at org.junit.platform.engine.support.hierarchical.NodeTestTask.lambda$prepare$2(NodeTestTask.java:128) ~[junit-platform-engine-1.11.3.jar:1.11.3]
	at org.junit.platform.engine.support.hierarchical.ThrowableCollector.execute(ThrowableCollector.java:73) ~[junit-platform-engine-1.11.3.jar:1.11.3]
	at org.junit.platform.engine.support.hierarchical.NodeTestTask.prepare(NodeTestTask.java:128) ~[junit-platform-engine-1.11.3.jar:1.11.3]
	at org.junit.platform.engine.support.hierarchical.NodeTestTask.execute(NodeTestTask.java:95) ~[junit-platform-engine-1.11.3.jar:1.11.3]
	at java.base/java.util.ArrayList.forEach(ArrayList.java:1597) ~[na:na]
	at org.junit.platform.engine.support.hierarchical.SameThreadHierarchicalTestExecutorService.invokeAll(SameThreadHierarchicalTestExecutorService.java:41) ~[junit-platform-engine-1.11.3.jar:1.11.3]
	at org.junit.platform.engine.support.hierarchical.NodeTestTask.lambda$executeRecursively$6(NodeTestTask.java:160) ~[junit-platform-engine-1.11.3.jar:1.11.3]
	at org.junit.platform.engine.support.hierarchical.ThrowableCollector.execute(ThrowableCollector.java:73) ~[junit-platform-engine-1.11.3.jar:1.11.3]
	at org.junit.platform.engine.support.hierarchical.NodeTestTask.lambda$executeRecursively$8(NodeTestTask.java:146) ~[junit-platform-engine-1.11.3.jar:1.11.3]
	at org.junit.platform.engine.support.hierarchical.Node.around(Node.java:137) ~[junit-platform-engine-1.11.3.jar:1.11.3]
	at org.junit.platform.engine.support.hierarchical.NodeTestTask.lambda$executeRecursively$9(NodeTestTask.java:144) ~[junit-platform-engine-1.11.3.jar:1.11.3]
	at org.junit.platform.engine.support.hierarchical.ThrowableCollector.execute(ThrowableCollector.java:73) ~[junit-platform-engine-1.11.3.jar:1.11.3]
	at org.junit.platform.engine.support.hierarchical.NodeTestTask.executeRecursively(NodeTestTask.java:143) ~[junit-platform-engine-1.11.3.jar:1.11.3]
	at org.junit.platform.engine.support.hierarchical.NodeTestTask.execute(NodeTestTask.java:100) ~[junit-platform-engine-1.11.3.jar:1.11.3]
	at java.base/java.util.ArrayList.forEach(ArrayList.java:1597) ~[na:na]
	at org.junit.platform.engine.support.hierarchical.SameThreadHierarchicalTestExecutorService.invokeAll(SameThreadHierarchicalTestExecutorService.java:41) ~[junit-platform-engine-1.11.3.jar:1.11.3]
	at org.junit.platform.engine.support.hierarchical.NodeTestTask.lambda$executeRecursively$6(NodeTestTask.java:160) ~[junit-platform-engine-1.11.3.jar:1.11.3]
	at org.junit.platform.engine.support.hierarchical.ThrowableCollector.execute(ThrowableCollector.java:73) ~[junit-platform-engine-1.11.3.jar:1.11.3]
	at org.junit.platform.engine.support.hierarchical.NodeTestTask.lambda$executeRecursively$8(NodeTestTask.java:146) ~[junit-platform-engine-1.11.3.jar:1.11.3]
	at org.junit.platform.engine.support.hierarchical.Node.around(Node.java:137) ~[junit-platform-engine-1.11.3.jar:1.11.3]
	at org.junit.platform.engine.support.hierarchical.NodeTestTask.lambda$executeRecursively$9(NodeTestTask.java:144) ~[junit-platform-engine-1.11.3.jar:1.11.3]
	at org.junit.platform.engine.support.hierarchical.ThrowableCollector.execute(ThrowableCollector.java:73) ~[junit-platform-engine-1.11.3.jar:1.11.3]
	at org.junit.platform.engine.support.hierarchical.NodeTestTask.executeRecursively(NodeTestTask.java:143) ~[junit-platform-engine-1.11.3.jar:1.11.3]
	at org.junit.platform.engine.support.hierarchical.NodeTestTask.execute(NodeTestTask.java:100) ~[junit-platform-engine-1.11.3.jar:1.11.3]
	at org.junit.platform.engine.support.hierarchical.SameThreadHierarchicalTestExecutorService.submit(SameThreadHierarchicalTestExecutorService.java:35) ~[junit-platform-engine-1.11.3.jar:1.11.3]
	at org.junit.platform.engine.support.hierarchical.HierarchicalTestExecutor.execute(HierarchicalTestExecutor.java:57) ~[junit-platform-engine-1.11.3.jar:1.11.3]
	at org.junit.platform.engine.support.hierarchical.HierarchicalTestEngine.execute(HierarchicalTestEngine.java:54) ~[junit-platform-engine-1.11.3.jar:1.11.3]
	at org.junit.platform.launcher.core.EngineExecutionOrchestrator.execute(EngineExecutionOrchestrator.java:198) ~[junit-platform-launcher-1.11.3.jar:1.11.3]
	at org.junit.platform.launcher.core.EngineExecutionOrchestrator.execute(EngineExecutionOrchestrator.java:169) ~[junit-platform-launcher-1.11.3.jar:1.11.3]
	at org.junit.platform.launcher.core.EngineExecutionOrchestrator.execute(EngineExecutionOrchestrator.java:93) ~[junit-platform-launcher-1.11.3.jar:1.11.3]
	at org.junit.platform.launcher.core.EngineExecutionOrchestrator.lambda$execute$0(EngineExecutionOrchestrator.java:58) ~[junit-platform-launcher-1.11.3.jar:1.11.3]
	at org.junit.platform.launcher.core.EngineExecutionOrchestrator.withInterceptedStreams(EngineExecutionOrchestrator.java:141) ~[junit-platform-launcher-1.11.3.jar:1.11.3]
	at org.junit.platform.launcher.core.EngineExecutionOrchestrator.execute(EngineExecutionOrchestrator.java:57) ~[junit-platform-launcher-1.11.3.jar:1.11.3]
	at org.junit.platform.launcher.core.DefaultLauncher.execute(DefaultLauncher.java:103) ~[junit-platform-launcher-1.11.3.jar:1.11.3]
	at org.junit.platform.launcher.core.DefaultLauncher.execute(DefaultLauncher.java:85) ~[junit-platform-launcher-1.11.3.jar:1.11.3]
	at org.junit.platform.launcher.core.DelegatingLauncher.execute(DelegatingLauncher.java:47) ~[junit-platform-launcher-1.11.3.jar:1.11.3]
	at org.apache.maven.surefire.junitplatform.LazyLauncher.execute(LazyLauncher.java:56) ~[surefire-junit-platform-3.5.2.jar:3.5.2]
	at org.apache.maven.surefire.junitplatform.JUnitPlatformProvider.execute(JUnitPlatformProvider.java:184) ~[surefire-junit-platform-3.5.2.jar:3.5.2]
	at org.apache.maven.surefire.junitplatform.JUnitPlatformProvider.invokeAllTests(JUnitPlatformProvider.java:148) ~[surefire-junit-platform-3.5.2.jar:3.5.2]
	at org.apache.maven.surefire.junitplatform.JUnitPlatformProvider.invoke(JUnitPlatformProvider.java:122) ~[surefire-junit-platform-3.5.2.jar:3.5.2]
	at org.apache.maven.surefire.booter.ForkedBooter.runSuitesInProcess(ForkedBooter.java:385) ~[surefire-booter-3.5.2.jar:3.5.2]
	at org.apache.maven.surefire.booter.ForkedBooter.execute(ForkedBooter.java:162) ~[surefire-booter-3.5.2.jar:3.5.2]
	at org.apache.maven.surefire.booter.ForkedBooter.run(ForkedBooter.java:507) ~[surefire-booter-3.5.2.jar:3.5.2]
	at org.apache.maven.surefire.booter.ForkedBooter.main(ForkedBooter.java:495) ~[surefire-booter-3.5.2.jar:3.5.2]

2024-12-15T14:03:55.035-03:00 DEBUG 25938 --- [tienda-ms-pedidos] [           main] o.s.d.jpa.repository.query.NamedQuery    : Did not find named query Orden.updateEstado.count
2024-12-15T14:03:55.035-03:00 DEBUG 25938 --- [tienda-ms-pedidos] [           main] tor$SharedEntityManagerInvocationHandler : Creating new EntityManager for shared EntityManager invocation
2024-12-15T14:03:55.041-03:00  INFO 25938 --- [tienda-ms-pedidos] [           main] o.s.d.j.r.query.QueryEnhancerFactory     : Hibernate is in classpath; If applicable, HQL parser will be used.
2024-12-15T14:03:55.168-03:00 DEBUG 25938 --- [tienda-ms-pedidos] [           main] org.hibernate.orm.query.hql              : HQL : UPDATE Orden o SET o.estado = :estado WHERE o.id = :id
2024-12-15T14:03:55.280-03:00 DEBUG 25938 --- [tienda-ms-pedidos] [           main] o.h.o.q.hql.reservedWordAsIdentifier     : Encountered use of reserved word as identifier : =
2024-12-15T14:03:55.281-03:00 DEBUG 25938 --- [tienda-ms-pedidos] [           main] o.h.o.q.hql.reservedWordAsIdentifier     : Encountered use of reserved word as identifier : <EOF>
2024-12-15T14:03:55.306-03:00 DEBUG 25938 --- [tienda-ms-pedidos] [           main] org.hibernate.orm.query.sqm.creation     : Applying inferable type to SqmExpression [SqmNamedParameter(estado)] : null -> BasicSqmPathSource(estado : Integer)
2024-12-15T14:03:55.308-03:00 DEBUG 25938 --- [tienda-ms-pedidos] [           main] org.hibernate.orm.query.sqm.creation     : Applying inferable type to SqmExpression [SqmNamedParameter(id)] : null -> SqmBasicValuedSimplePath(com.example.tienda_ms_pedidos.model.Orden(o).id)
2024-12-15T14:03:55.313-03:00 DEBUG 25938 --- [tienda-ms-pedidos] [           main] org.hibernate.orm.query.sqm.ast          : SqmStatement Tree :
    -> [update]
      [target = com.example.tienda_ms_pedidos.model.Orden(o)]
      -> [set]
        -> [assignment]
          =
            [com.example.tienda_ms_pedidos.model.Orden(o).estado]
            :estado
        <- [assignment]
      <- [set]
      -> [where]
        -> [EQUAL]
            -> [basic-path] - `com.example.tienda_ms_pedidos.model.Orden(o).id`
            :id
        <- [EQUAL]
      <- [where]
    <- [update]

2024-12-15T14:03:55.333-03:00 DEBUG 25938 --- [tienda-ms-pedidos] [           main] o.s.d.r.c.s.RepositoryFactorySupport     : Finished creation of repository instance for com.example.tienda_ms_pedidos.repository.OrdenRepository.
2024-12-15T14:03:55.334-03:00 DEBUG 25938 --- [tienda-ms-pedidos] [           main] o.s.b.f.s.DefaultListableBeanFactory     : Creating shared instance of singleton bean 'jpa.named-queries#1'
2024-12-15T14:03:55.335-03:00 DEBUG 25938 --- [tienda-ms-pedidos] [           main] o.s.b.f.s.DefaultListableBeanFactory     : Creating shared instance of singleton bean 'jpa.DetalleOrdenRepository.fragments#0'
2024-12-15T14:03:55.335-03:00 DEBUG 25938 --- [tienda-ms-pedidos] [           main] o.s.b.f.s.DefaultListableBeanFactory     : Creating shared instance of singleton bean 'detalleOrdenRepository'
2024-12-15T14:03:55.336-03:00 DEBUG 25938 --- [tienda-ms-pedidos] [           main] tor$SharedEntityManagerInvocationHandler : Creating new EntityManager for shared EntityManager invocation
2024-12-15T14:03:55.336-03:00 DEBUG 25938 --- [tienda-ms-pedidos] [           main] o.s.d.r.c.s.RepositoryFactorySupport     : Initializing repository instance for com.example.tienda_ms_pedidos.repository.DetalleOrdenRepository…
2024-12-15T14:03:55.337-03:00 DEBUG 25938 --- [tienda-ms-pedidos] [           main] tor$SharedEntityManagerInvocationHandler : Creating new EntityManager for shared EntityManager invocation
2024-12-15T14:03:55.338-03:00 DEBUG 25938 --- [tienda-ms-pedidos] [           main] o.s.d.jpa.repository.query.NamedQuery    : Looking up named query DetalleOrden.findByIdProducto
2024-12-15T14:03:55.338-03:00 DEBUG 25938 --- [tienda-ms-pedidos] [           main] cResourceLocalTransactionCoordinatorImpl : JDBC transaction marked for rollback-only (exception provided for stack trace)

java.lang.Exception: exception just for purpose of providing stack trace
	at org.hibernate.resource.transaction.backend.jdbc.internal.JdbcResourceLocalTransactionCoordinatorImpl$TransactionDriverControlImpl.markRollbackOnly(JdbcResourceLocalTransactionCoordinatorImpl.java:309) ~[hibernate-core-6.6.2.Final.jar:6.6.2.Final]
	at org.hibernate.internal.AbstractSharedSessionContract.buildNamedQuery(AbstractSharedSessionContract.java:1138) ~[hibernate-core-6.6.2.Final.jar:6.6.2.Final]
	at org.hibernate.internal.AbstractSharedSessionContract.createNamedQuery(AbstractSharedSessionContract.java:1016) ~[hibernate-core-6.6.2.Final.jar:6.6.2.Final]
	at org.hibernate.internal.AbstractSharedSessionContract.createNamedQuery(AbstractSharedSessionContract.java:142) ~[hibernate-core-6.6.2.Final.jar:6.6.2.Final]
	at java.base/jdk.internal.reflect.DirectMethodHandleAccessor.invoke(DirectMethodHandleAccessor.java:103) ~[na:na]
	at java.base/java.lang.reflect.Method.invoke(Method.java:580) ~[na:na]
	at org.springframework.orm.jpa.ExtendedEntityManagerCreator$ExtendedEntityManagerInvocationHandler.invoke(ExtendedEntityManagerCreator.java:364) ~[spring-orm-6.2.0.jar:6.2.0]
	at jdk.proxy2/jdk.proxy2.$Proxy135.createNamedQuery(Unknown Source) ~[na:na]
	at org.springframework.data.jpa.repository.query.NamedQuery.hasNamedQuery(NamedQuery.java:113) ~[spring-data-jpa-3.4.0.jar:3.4.0]
	at org.springframework.data.jpa.repository.query.NamedQuery.lookupFrom(NamedQuery.java:139) ~[spring-data-jpa-3.4.0.jar:3.4.0]
	at org.springframework.data.jpa.repository.query.JpaQueryLookupStrategy$DeclaredQueryLookupStrategy.resolveQuery(JpaQueryLookupStrategy.java:184) ~[spring-data-jpa-3.4.0.jar:3.4.0]
	at org.springframework.data.jpa.repository.query.JpaQueryLookupStrategy$CreateIfNotFoundQueryLookupStrategy.resolveQuery(JpaQueryLookupStrategy.java:256) ~[spring-data-jpa-3.4.0.jar:3.4.0]
	at org.springframework.data.jpa.repository.query.JpaQueryLookupStrategy$AbstractQueryLookupStrategy.resolveQuery(JpaQueryLookupStrategy.java:99) ~[spring-data-jpa-3.4.0.jar:3.4.0]
	at org.springframework.data.repository.core.support.QueryExecutorMethodInterceptor.lookupQuery(QueryExecutorMethodInterceptor.java:116) ~[spring-data-commons-3.4.0.jar:3.4.0]
	at org.springframework.data.repository.core.support.QueryExecutorMethodInterceptor.mapMethodsToQuery(QueryExecutorMethodInterceptor.java:104) ~[spring-data-commons-3.4.0.jar:3.4.0]
	at org.springframework.data.repository.core.support.QueryExecutorMethodInterceptor.lambda$new$0(QueryExecutorMethodInterceptor.java:92) ~[spring-data-commons-3.4.0.jar:3.4.0]
	at java.base/java.util.Optional.map(Optional.java:260) ~[na:na]
	at org.springframework.data.repository.core.support.QueryExecutorMethodInterceptor.<init>(QueryExecutorMethodInterceptor.java:92) ~[spring-data-commons-3.4.0.jar:3.4.0]
	at org.springframework.data.repository.core.support.RepositoryFactorySupport.getRepository(RepositoryFactorySupport.java:440) ~[spring-data-commons-3.4.0.jar:3.4.0]
	at org.springframework.data.repository.core.support.RepositoryFactoryBeanSupport.lambda$afterPropertiesSet$4(RepositoryFactoryBeanSupport.java:350) ~[spring-data-commons-3.4.0.jar:3.4.0]
	at org.springframework.data.util.Lazy.getNullable(Lazy.java:135) ~[spring-data-commons-3.4.0.jar:3.4.0]
	at org.springframework.data.util.Lazy.get(Lazy.java:113) ~[spring-data-commons-3.4.0.jar:3.4.0]
	at org.springframework.data.repository.core.support.RepositoryFactoryBeanSupport.afterPropertiesSet(RepositoryFactoryBeanSupport.java:356) ~[spring-data-commons-3.4.0.jar:3.4.0]
	at org.springframework.data.jpa.repository.support.JpaRepositoryFactoryBean.afterPropertiesSet(JpaRepositoryFactoryBean.java:132) ~[spring-data-jpa-3.4.0.jar:3.4.0]
	at org.springframework.beans.factory.support.AbstractAutowireCapableBeanFactory.invokeInitMethods(AbstractAutowireCapableBeanFactory.java:1849) ~[spring-beans-6.2.0.jar:6.2.0]
	at org.springframework.beans.factory.support.AbstractAutowireCapableBeanFactory.initializeBean(AbstractAutowireCapableBeanFactory.java:1798) ~[spring-beans-6.2.0.jar:6.2.0]
	at org.springframework.beans.factory.support.AbstractAutowireCapableBeanFactory.doCreateBean(AbstractAutowireCapableBeanFactory.java:601) ~[spring-beans-6.2.0.jar:6.2.0]
	at org.springframework.beans.factory.support.AbstractAutowireCapableBeanFactory.createBean(AbstractAutowireCapableBeanFactory.java:523) ~[spring-beans-6.2.0.jar:6.2.0]
	at org.springframework.beans.factory.support.AbstractBeanFactory.lambda$doGetBean$0(AbstractBeanFactory.java:336) ~[spring-beans-6.2.0.jar:6.2.0]
	at org.springframework.beans.factory.support.DefaultSingletonBeanRegistry.getSingleton(DefaultSingletonBeanRegistry.java:288) ~[spring-beans-6.2.0.jar:6.2.0]
	at org.springframework.beans.factory.support.AbstractBeanFactory.doGetBean(AbstractBeanFactory.java:334) ~[spring-beans-6.2.0.jar:6.2.0]
	at org.springframework.beans.factory.support.AbstractBeanFactory.getBean(AbstractBeanFactory.java:199) ~[spring-beans-6.2.0.jar:6.2.0]
	at org.springframework.beans.factory.support.DefaultListableBeanFactory.instantiateSingleton(DefaultListableBeanFactory.java:1116) ~[spring-beans-6.2.0.jar:6.2.0]
	at org.springframework.beans.factory.support.DefaultListableBeanFactory.preInstantiateSingleton(DefaultListableBeanFactory.java:1093) ~[spring-beans-6.2.0.jar:6.2.0]
	at org.springframework.beans.factory.support.DefaultListableBeanFactory.preInstantiateSingletons(DefaultListableBeanFactory.java:1030) ~[spring-beans-6.2.0.jar:6.2.0]
	at org.springframework.context.support.AbstractApplicationContext.finishBeanFactoryInitialization(AbstractApplicationContext.java:987) ~[spring-context-6.2.0.jar:6.2.0]
	at org.springframework.context.support.AbstractApplicationContext.refresh(AbstractApplicationContext.java:627) ~[spring-context-6.2.0.jar:6.2.0]
	at org.springframework.boot.SpringApplication.refresh(SpringApplication.java:752) ~[spring-boot-3.4.0.jar:3.4.0]
	at org.springframework.boot.SpringApplication.refreshContext(SpringApplication.java:439) ~[spring-boot-3.4.0.jar:3.4.0]
	at org.springframework.boot.SpringApplication.run(SpringApplication.java:318) ~[spring-boot-3.4.0.jar:3.4.0]
	at org.springframework.boot.test.context.SpringBootContextLoader.lambda$loadContext$3(SpringBootContextLoader.java:137) ~[spring-boot-test-3.4.0.jar:3.4.0]
	at org.springframework.util.function.ThrowingSupplier.get(ThrowingSupplier.java:58) ~[spring-core-6.2.0.jar:6.2.0]
	at org.springframework.util.function.ThrowingSupplier.get(ThrowingSupplier.java:46) ~[spring-core-6.2.0.jar:6.2.0]
	at org.springframework.boot.SpringApplication.withHook(SpringApplication.java:1461) ~[spring-boot-3.4.0.jar:3.4.0]
	at org.springframework.boot.test.context.SpringBootContextLoader$ContextLoaderHook.run(SpringBootContextLoader.java:553) ~[spring-boot-test-3.4.0.jar:3.4.0]
	at org.springframework.boot.test.context.SpringBootContextLoader.loadContext(SpringBootContextLoader.java:137) ~[spring-boot-test-3.4.0.jar:3.4.0]
	at org.springframework.boot.test.context.SpringBootContextLoader.loadContext(SpringBootContextLoader.java:108) ~[spring-boot-test-3.4.0.jar:3.4.0]
	at org.springframework.test.context.cache.DefaultCacheAwareContextLoaderDelegate.loadContextInternal(DefaultCacheAwareContextLoaderDelegate.java:225) ~[spring-test-6.2.0.jar:6.2.0]
	at org.springframework.test.context.cache.DefaultCacheAwareContextLoaderDelegate.loadContext(DefaultCacheAwareContextLoaderDelegate.java:152) ~[spring-test-6.2.0.jar:6.2.0]
	at org.springframework.test.context.support.DefaultTestContext.getApplicationContext(DefaultTestContext.java:130) ~[spring-test-6.2.0.jar:6.2.0]
	at org.springframework.test.context.support.DependencyInjectionTestExecutionListener.injectDependencies(DependencyInjectionTestExecutionListener.java:142) ~[spring-test-6.2.0.jar:6.2.0]
	at org.springframework.test.context.support.DependencyInjectionTestExecutionListener.prepareTestInstance(DependencyInjectionTestExecutionListener.java:98) ~[spring-test-6.2.0.jar:6.2.0]
	at org.springframework.test.context.TestContextManager.prepareTestInstance(TestContextManager.java:260) ~[spring-test-6.2.0.jar:6.2.0]
	at org.springframework.test.context.junit.jupiter.SpringExtension.postProcessTestInstance(SpringExtension.java:160) ~[spring-test-6.2.0.jar:6.2.0]
	at org.junit.jupiter.engine.descriptor.ClassBasedTestDescriptor.lambda$invokeTestInstancePostProcessors$11(ClassBasedTestDescriptor.java:378) ~[junit-jupiter-engine-5.11.3.jar:5.11.3]
	at org.junit.jupiter.engine.descriptor.ClassBasedTestDescriptor.executeAndMaskThrowable(ClassBasedTestDescriptor.java:383) ~[junit-jupiter-engine-5.11.3.jar:5.11.3]
	at org.junit.jupiter.engine.descriptor.ClassBasedTestDescriptor.lambda$invokeTestInstancePostProcessors$12(ClassBasedTestDescriptor.java:378) ~[junit-jupiter-engine-5.11.3.jar:5.11.3]
	at java.base/java.util.stream.ForEachOps$ForEachOp$OfRef.accept(ForEachOps.java:184) ~[na:na]
	at java.base/java.util.stream.ReferencePipeline$3$1.accept(ReferencePipeline.java:215) ~[na:na]
	at java.base/java.util.stream.ReferencePipeline$2$1.accept(ReferencePipeline.java:197) ~[na:na]
	at java.base/java.util.stream.ReferencePipeline$3$1.accept(ReferencePipeline.java:215) ~[na:na]
	at java.base/java.util.ArrayList$ArrayListSpliterator.forEachRemaining(ArrayList.java:1709) ~[na:na]
	at java.base/java.util.stream.AbstractPipeline.copyInto(AbstractPipeline.java:570) ~[na:na]
	at java.base/java.util.stream.AbstractPipeline.wrapAndCopyInto(AbstractPipeline.java:560) ~[na:na]
	at java.base/java.util.stream.ForEachOps$ForEachOp.evaluateSequential(ForEachOps.java:151) ~[na:na]
	at java.base/java.util.stream.ForEachOps$ForEachOp$OfRef.evaluateSequential(ForEachOps.java:174) ~[na:na]
	at java.base/java.util.stream.AbstractPipeline.evaluate(AbstractPipeline.java:265) ~[na:na]
	at java.base/java.util.stream.ReferencePipeline.forEach(ReferencePipeline.java:636) ~[na:na]
	at org.junit.jupiter.engine.descriptor.ClassBasedTestDescriptor.invokeTestInstancePostProcessors(ClassBasedTestDescriptor.java:377) ~[junit-jupiter-engine-5.11.3.jar:5.11.3]
	at org.junit.jupiter.engine.descriptor.ClassBasedTestDescriptor.lambda$instantiateAndPostProcessTestInstance$7(ClassBasedTestDescriptor.java:290) ~[junit-jupiter-engine-5.11.3.jar:5.11.3]
	at org.junit.platform.engine.support.hierarchical.ThrowableCollector.execute(ThrowableCollector.java:73) ~[junit-platform-engine-1.11.3.jar:1.11.3]
	at org.junit.jupiter.engine.descriptor.ClassBasedTestDescriptor.instantiateAndPostProcessTestInstance(ClassBasedTestDescriptor.java:289) ~[junit-jupiter-engine-5.11.3.jar:5.11.3]
	at org.junit.jupiter.engine.descriptor.ClassBasedTestDescriptor.lambda$testInstancesProvider$5(ClassBasedTestDescriptor.java:279) ~[junit-jupiter-engine-5.11.3.jar:5.11.3]
	at java.base/java.util.Optional.orElseGet(Optional.java:364) ~[na:na]
	at org.junit.jupiter.engine.descriptor.ClassBasedTestDescriptor.lambda$testInstancesProvider$6(ClassBasedTestDescriptor.java:278) ~[junit-jupiter-engine-5.11.3.jar:5.11.3]
	at org.junit.jupiter.engine.execution.TestInstancesProvider.getTestInstances(TestInstancesProvider.java:31) ~[junit-jupiter-engine-5.11.3.jar:5.11.3]
	at org.junit.jupiter.engine.descriptor.TestMethodTestDescriptor.lambda$prepare$1(TestMethodTestDescriptor.java:105) ~[junit-jupiter-engine-5.11.3.jar:5.11.3]
	at org.junit.platform.engine.support.hierarchical.ThrowableCollector.execute(ThrowableCollector.java:73) ~[junit-platform-engine-1.11.3.jar:1.11.3]
	at org.junit.jupiter.engine.descriptor.TestMethodTestDescriptor.prepare(TestMethodTestDescriptor.java:104) ~[junit-jupiter-engine-5.11.3.jar:5.11.3]
	at org.junit.jupiter.engine.descriptor.TestMethodTestDescriptor.prepare(TestMethodTestDescriptor.java:68) ~[junit-jupiter-engine-5.11.3.jar:5.11.3]
	at org.junit.platform.engine.support.hierarchical.NodeTestTask.lambda$prepare$2(NodeTestTask.java:128) ~[junit-platform-engine-1.11.3.jar:1.11.3]
	at org.junit.platform.engine.support.hierarchical.ThrowableCollector.execute(ThrowableCollector.java:73) ~[junit-platform-engine-1.11.3.jar:1.11.3]
	at org.junit.platform.engine.support.hierarchical.NodeTestTask.prepare(NodeTestTask.java:128) ~[junit-platform-engine-1.11.3.jar:1.11.3]
	at org.junit.platform.engine.support.hierarchical.NodeTestTask.execute(NodeTestTask.java:95) ~[junit-platform-engine-1.11.3.jar:1.11.3]
	at java.base/java.util.ArrayList.forEach(ArrayList.java:1597) ~[na:na]
	at org.junit.platform.engine.support.hierarchical.SameThreadHierarchicalTestExecutorService.invokeAll(SameThreadHierarchicalTestExecutorService.java:41) ~[junit-platform-engine-1.11.3.jar:1.11.3]
	at org.junit.platform.engine.support.hierarchical.NodeTestTask.lambda$executeRecursively$6(NodeTestTask.java:160) ~[junit-platform-engine-1.11.3.jar:1.11.3]
	at org.junit.platform.engine.support.hierarchical.ThrowableCollector.execute(ThrowableCollector.java:73) ~[junit-platform-engine-1.11.3.jar:1.11.3]
	at org.junit.platform.engine.support.hierarchical.NodeTestTask.lambda$executeRecursively$8(NodeTestTask.java:146) ~[junit-platform-engine-1.11.3.jar:1.11.3]
	at org.junit.platform.engine.support.hierarchical.Node.around(Node.java:137) ~[junit-platform-engine-1.11.3.jar:1.11.3]
	at org.junit.platform.engine.support.hierarchical.NodeTestTask.lambda$executeRecursively$9(NodeTestTask.java:144) ~[junit-platform-engine-1.11.3.jar:1.11.3]
	at org.junit.platform.engine.support.hierarchical.ThrowableCollector.execute(ThrowableCollector.java:73) ~[junit-platform-engine-1.11.3.jar:1.11.3]
	at org.junit.platform.engine.support.hierarchical.NodeTestTask.executeRecursively(NodeTestTask.java:143) ~[junit-platform-engine-1.11.3.jar:1.11.3]
	at org.junit.platform.engine.support.hierarchical.NodeTestTask.execute(NodeTestTask.java:100) ~[junit-platform-engine-1.11.3.jar:1.11.3]
	at java.base/java.util.ArrayList.forEach(ArrayList.java:1597) ~[na:na]
	at org.junit.platform.engine.support.hierarchical.SameThreadHierarchicalTestExecutorService.invokeAll(SameThreadHierarchicalTestExecutorService.java:41) ~[junit-platform-engine-1.11.3.jar:1.11.3]
	at org.junit.platform.engine.support.hierarchical.NodeTestTask.lambda$executeRecursively$6(NodeTestTask.java:160) ~[junit-platform-engine-1.11.3.jar:1.11.3]
	at org.junit.platform.engine.support.hierarchical.ThrowableCollector.execute(ThrowableCollector.java:73) ~[junit-platform-engine-1.11.3.jar:1.11.3]
	at org.junit.platform.engine.support.hierarchical.NodeTestTask.lambda$executeRecursively$8(NodeTestTask.java:146) ~[junit-platform-engine-1.11.3.jar:1.11.3]
	at org.junit.platform.engine.support.hierarchical.Node.around(Node.java:137) ~[junit-platform-engine-1.11.3.jar:1.11.3]
	at org.junit.platform.engine.support.hierarchical.NodeTestTask.lambda$executeRecursively$9(NodeTestTask.java:144) ~[junit-platform-engine-1.11.3.jar:1.11.3]
	at org.junit.platform.engine.support.hierarchical.ThrowableCollector.execute(ThrowableCollector.java:73) ~[junit-platform-engine-1.11.3.jar:1.11.3]
	at org.junit.platform.engine.support.hierarchical.NodeTestTask.executeRecursively(NodeTestTask.java:143) ~[junit-platform-engine-1.11.3.jar:1.11.3]
	at org.junit.platform.engine.support.hierarchical.NodeTestTask.execute(NodeTestTask.java:100) ~[junit-platform-engine-1.11.3.jar:1.11.3]
	at org.junit.platform.engine.support.hierarchical.SameThreadHierarchicalTestExecutorService.submit(SameThreadHierarchicalTestExecutorService.java:35) ~[junit-platform-engine-1.11.3.jar:1.11.3]
	at org.junit.platform.engine.support.hierarchical.HierarchicalTestExecutor.execute(HierarchicalTestExecutor.java:57) ~[junit-platform-engine-1.11.3.jar:1.11.3]
	at org.junit.platform.engine.support.hierarchical.HierarchicalTestEngine.execute(HierarchicalTestEngine.java:54) ~[junit-platform-engine-1.11.3.jar:1.11.3]
	at org.junit.platform.launcher.core.EngineExecutionOrchestrator.execute(EngineExecutionOrchestrator.java:198) ~[junit-platform-launcher-1.11.3.jar:1.11.3]
	at org.junit.platform.launcher.core.EngineExecutionOrchestrator.execute(EngineExecutionOrchestrator.java:169) ~[junit-platform-launcher-1.11.3.jar:1.11.3]
	at org.junit.platform.launcher.core.EngineExecutionOrchestrator.execute(EngineExecutionOrchestrator.java:93) ~[junit-platform-launcher-1.11.3.jar:1.11.3]
	at org.junit.platform.launcher.core.EngineExecutionOrchestrator.lambda$execute$0(EngineExecutionOrchestrator.java:58) ~[junit-platform-launcher-1.11.3.jar:1.11.3]
	at org.junit.platform.launcher.core.EngineExecutionOrchestrator.withInterceptedStreams(EngineExecutionOrchestrator.java:141) ~[junit-platform-launcher-1.11.3.jar:1.11.3]
	at org.junit.platform.launcher.core.EngineExecutionOrchestrator.execute(EngineExecutionOrchestrator.java:57) ~[junit-platform-launcher-1.11.3.jar:1.11.3]
	at org.junit.platform.launcher.core.DefaultLauncher.execute(DefaultLauncher.java:103) ~[junit-platform-launcher-1.11.3.jar:1.11.3]
	at org.junit.platform.launcher.core.DefaultLauncher.execute(DefaultLauncher.java:85) ~[junit-platform-launcher-1.11.3.jar:1.11.3]
	at org.junit.platform.launcher.core.DelegatingLauncher.execute(DelegatingLauncher.java:47) ~[junit-platform-launcher-1.11.3.jar:1.11.3]
	at org.apache.maven.surefire.junitplatform.LazyLauncher.execute(LazyLauncher.java:56) ~[surefire-junit-platform-3.5.2.jar:3.5.2]
	at org.apache.maven.surefire.junitplatform.JUnitPlatformProvider.execute(JUnitPlatformProvider.java:184) ~[surefire-junit-platform-3.5.2.jar:3.5.2]
	at org.apache.maven.surefire.junitplatform.JUnitPlatformProvider.invokeAllTests(JUnitPlatformProvider.java:148) ~[surefire-junit-platform-3.5.2.jar:3.5.2]
	at org.apache.maven.surefire.junitplatform.JUnitPlatformProvider.invoke(JUnitPlatformProvider.java:122) ~[surefire-junit-platform-3.5.2.jar:3.5.2]
	at org.apache.maven.surefire.booter.ForkedBooter.runSuitesInProcess(ForkedBooter.java:385) ~[surefire-booter-3.5.2.jar:3.5.2]
	at org.apache.maven.surefire.booter.ForkedBooter.execute(ForkedBooter.java:162) ~[surefire-booter-3.5.2.jar:3.5.2]
	at org.apache.maven.surefire.booter.ForkedBooter.run(ForkedBooter.java:507) ~[surefire-booter-3.5.2.jar:3.5.2]
	at org.apache.maven.surefire.booter.ForkedBooter.main(ForkedBooter.java:495) ~[surefire-booter-3.5.2.jar:3.5.2]

2024-12-15T14:03:55.339-03:00 DEBUG 25938 --- [tienda-ms-pedidos] [           main] o.s.d.jpa.repository.query.NamedQuery    : Did not find named query DetalleOrden.findByIdProducto
2024-12-15T14:03:55.339-03:00 DEBUG 25938 --- [tienda-ms-pedidos] [           main] tor$SharedEntityManagerInvocationHandler : Creating new EntityManager for shared EntityManager invocation
2024-12-15T14:03:55.341-03:00 DEBUG 25938 --- [tienda-ms-pedidos] [           main] o.s.d.r.c.s.RepositoryFactorySupport     : Finished creation of repository instance for com.example.tienda_ms_pedidos.repository.DetalleOrdenRepository.
2024-12-15T14:03:55.341-03:00 DEBUG 25938 --- [tienda-ms-pedidos] [           main] o.s.b.f.s.DefaultListableBeanFactory     : Creating shared instance of singleton bean 'jpa.named-queries#2'
2024-12-15T14:03:55.342-03:00 DEBUG 25938 --- [tienda-ms-pedidos] [           main] o.s.b.f.s.DefaultListableBeanFactory     : Creating shared instance of singleton bean 'jpa.ProductoRepository.fragments#0'
2024-12-15T14:03:55.342-03:00 DEBUG 25938 --- [tienda-ms-pedidos] [           main] o.s.b.f.s.DefaultListableBeanFactory     : Creating shared instance of singleton bean 'productoRepository'
2024-12-15T14:03:55.343-03:00 DEBUG 25938 --- [tienda-ms-pedidos] [           main] tor$SharedEntityManagerInvocationHandler : Creating new EntityManager for shared EntityManager invocation
2024-12-15T14:03:55.348-03:00 DEBUG 25938 --- [tienda-ms-pedidos] [           main] o.s.d.r.c.s.RepositoryFactorySupport     : Initializing repository instance for com.example.tienda_ms_pedidos.repository.ProductoRepository…
2024-12-15T14:03:55.348-03:00 DEBUG 25938 --- [tienda-ms-pedidos] [           main] tor$SharedEntityManagerInvocationHandler : Creating new EntityManager for shared EntityManager invocation
2024-12-15T14:03:55.350-03:00 DEBUG 25938 --- [tienda-ms-pedidos] [           main] cResourceLocalTransactionCoordinatorImpl : JDBC transaction marked for rollback-only (exception provided for stack trace)

java.lang.Exception: exception just for purpose of providing stack trace
	at org.hibernate.resource.transaction.backend.jdbc.internal.JdbcResourceLocalTransactionCoordinatorImpl$TransactionDriverControlImpl.markRollbackOnly(JdbcResourceLocalTransactionCoordinatorImpl.java:309) ~[hibernate-core-6.6.2.Final.jar:6.6.2.Final]
	at org.hibernate.internal.AbstractSharedSessionContract.buildNamedQuery(AbstractSharedSessionContract.java:1138) ~[hibernate-core-6.6.2.Final.jar:6.6.2.Final]
	at org.hibernate.internal.AbstractSharedSessionContract.createNamedQuery(AbstractSharedSessionContract.java:1016) ~[hibernate-core-6.6.2.Final.jar:6.6.2.Final]
	at org.hibernate.internal.AbstractSharedSessionContract.createNamedQuery(AbstractSharedSessionContract.java:142) ~[hibernate-core-6.6.2.Final.jar:6.6.2.Final]
	at java.base/jdk.internal.reflect.DirectMethodHandleAccessor.invoke(DirectMethodHandleAccessor.java:103) ~[na:na]
	at java.base/java.lang.reflect.Method.invoke(Method.java:580) ~[na:na]
	at org.springframework.orm.jpa.ExtendedEntityManagerCreator$ExtendedEntityManagerInvocationHandler.invoke(ExtendedEntityManagerCreator.java:364) ~[spring-orm-6.2.0.jar:6.2.0]
	at jdk.proxy2/jdk.proxy2.$Proxy135.createNamedQuery(Unknown Source) ~[na:na]
	at org.springframework.data.jpa.repository.query.NamedQuery.hasNamedQuery(NamedQuery.java:113) ~[spring-data-jpa-3.4.0.jar:3.4.0]
	at org.springframework.data.jpa.repository.query.JpaQueryLookupStrategy$DeclaredQueryLookupStrategy.getCountQuery(JpaQueryLookupStrategy.java:208) ~[spring-data-jpa-3.4.0.jar:3.4.0]
	at org.springframework.data.jpa.repository.query.JpaQueryLookupStrategy$DeclaredQueryLookupStrategy.resolveQuery(JpaQueryLookupStrategy.java:175) ~[spring-data-jpa-3.4.0.jar:3.4.0]
	at org.springframework.data.jpa.repository.query.JpaQueryLookupStrategy$CreateIfNotFoundQueryLookupStrategy.resolveQuery(JpaQueryLookupStrategy.java:256) ~[spring-data-jpa-3.4.0.jar:3.4.0]
	at org.springframework.data.jpa.repository.query.JpaQueryLookupStrategy$AbstractQueryLookupStrategy.resolveQuery(JpaQueryLookupStrategy.java:99) ~[spring-data-jpa-3.4.0.jar:3.4.0]
	at org.springframework.data.repository.core.support.QueryExecutorMethodInterceptor.lookupQuery(QueryExecutorMethodInterceptor.java:116) ~[spring-data-commons-3.4.0.jar:3.4.0]
	at org.springframework.data.repository.core.support.QueryExecutorMethodInterceptor.mapMethodsToQuery(QueryExecutorMethodInterceptor.java:104) ~[spring-data-commons-3.4.0.jar:3.4.0]
	at org.springframework.data.repository.core.support.QueryExecutorMethodInterceptor.lambda$new$0(QueryExecutorMethodInterceptor.java:92) ~[spring-data-commons-3.4.0.jar:3.4.0]
	at java.base/java.util.Optional.map(Optional.java:260) ~[na:na]
	at org.springframework.data.repository.core.support.QueryExecutorMethodInterceptor.<init>(QueryExecutorMethodInterceptor.java:92) ~[spring-data-commons-3.4.0.jar:3.4.0]
	at org.springframework.data.repository.core.support.RepositoryFactorySupport.getRepository(RepositoryFactorySupport.java:440) ~[spring-data-commons-3.4.0.jar:3.4.0]
	at org.springframework.data.repository.core.support.RepositoryFactoryBeanSupport.lambda$afterPropertiesSet$4(RepositoryFactoryBeanSupport.java:350) ~[spring-data-commons-3.4.0.jar:3.4.0]
	at org.springframework.data.util.Lazy.getNullable(Lazy.java:135) ~[spring-data-commons-3.4.0.jar:3.4.0]
	at org.springframework.data.util.Lazy.get(Lazy.java:113) ~[spring-data-commons-3.4.0.jar:3.4.0]
	at org.springframework.data.repository.core.support.RepositoryFactoryBeanSupport.afterPropertiesSet(RepositoryFactoryBeanSupport.java:356) ~[spring-data-commons-3.4.0.jar:3.4.0]
	at org.springframework.data.jpa.repository.support.JpaRepositoryFactoryBean.afterPropertiesSet(JpaRepositoryFactoryBean.java:132) ~[spring-data-jpa-3.4.0.jar:3.4.0]
	at org.springframework.beans.factory.support.AbstractAutowireCapableBeanFactory.invokeInitMethods(AbstractAutowireCapableBeanFactory.java:1849) ~[spring-beans-6.2.0.jar:6.2.0]
	at org.springframework.beans.factory.support.AbstractAutowireCapableBeanFactory.initializeBean(AbstractAutowireCapableBeanFactory.java:1798) ~[spring-beans-6.2.0.jar:6.2.0]
	at org.springframework.beans.factory.support.AbstractAutowireCapableBeanFactory.doCreateBean(AbstractAutowireCapableBeanFactory.java:601) ~[spring-beans-6.2.0.jar:6.2.0]
	at org.springframework.beans.factory.support.AbstractAutowireCapableBeanFactory.createBean(AbstractAutowireCapableBeanFactory.java:523) ~[spring-beans-6.2.0.jar:6.2.0]
	at org.springframework.beans.factory.support.AbstractBeanFactory.lambda$doGetBean$0(AbstractBeanFactory.java:336) ~[spring-beans-6.2.0.jar:6.2.0]
	at org.springframework.beans.factory.support.DefaultSingletonBeanRegistry.getSingleton(DefaultSingletonBeanRegistry.java:288) ~[spring-beans-6.2.0.jar:6.2.0]
	at org.springframework.beans.factory.support.AbstractBeanFactory.doGetBean(AbstractBeanFactory.java:334) ~[spring-beans-6.2.0.jar:6.2.0]
	at org.springframework.beans.factory.support.AbstractBeanFactory.getBean(AbstractBeanFactory.java:199) ~[spring-beans-6.2.0.jar:6.2.0]
	at org.springframework.beans.factory.support.DefaultListableBeanFactory.instantiateSingleton(DefaultListableBeanFactory.java:1116) ~[spring-beans-6.2.0.jar:6.2.0]
	at org.springframework.beans.factory.support.DefaultListableBeanFactory.preInstantiateSingleton(DefaultListableBeanFactory.java:1093) ~[spring-beans-6.2.0.jar:6.2.0]
	at org.springframework.beans.factory.support.DefaultListableBeanFactory.preInstantiateSingletons(DefaultListableBeanFactory.java:1030) ~[spring-beans-6.2.0.jar:6.2.0]
	at org.springframework.context.support.AbstractApplicationContext.finishBeanFactoryInitialization(AbstractApplicationContext.java:987) ~[spring-context-6.2.0.jar:6.2.0]
	at org.springframework.context.support.AbstractApplicationContext.refresh(AbstractApplicationContext.java:627) ~[spring-context-6.2.0.jar:6.2.0]
	at org.springframework.boot.SpringApplication.refresh(SpringApplication.java:752) ~[spring-boot-3.4.0.jar:3.4.0]
	at org.springframework.boot.SpringApplication.refreshContext(SpringApplication.java:439) ~[spring-boot-3.4.0.jar:3.4.0]
	at org.springframework.boot.SpringApplication.run(SpringApplication.java:318) ~[spring-boot-3.4.0.jar:3.4.0]
	at org.springframework.boot.test.context.SpringBootContextLoader.lambda$loadContext$3(SpringBootContextLoader.java:137) ~[spring-boot-test-3.4.0.jar:3.4.0]
	at org.springframework.util.function.ThrowingSupplier.get(ThrowingSupplier.java:58) ~[spring-core-6.2.0.jar:6.2.0]
	at org.springframework.util.function.ThrowingSupplier.get(ThrowingSupplier.java:46) ~[spring-core-6.2.0.jar:6.2.0]
	at org.springframework.boot.SpringApplication.withHook(SpringApplication.java:1461) ~[spring-boot-3.4.0.jar:3.4.0]
	at org.springframework.boot.test.context.SpringBootContextLoader$ContextLoaderHook.run(SpringBootContextLoader.java:553) ~[spring-boot-test-3.4.0.jar:3.4.0]
	at org.springframework.boot.test.context.SpringBootContextLoader.loadContext(SpringBootContextLoader.java:137) ~[spring-boot-test-3.4.0.jar:3.4.0]
	at org.springframework.boot.test.context.SpringBootContextLoader.loadContext(SpringBootContextLoader.java:108) ~[spring-boot-test-3.4.0.jar:3.4.0]
	at org.springframework.test.context.cache.DefaultCacheAwareContextLoaderDelegate.loadContextInternal(DefaultCacheAwareContextLoaderDelegate.java:225) ~[spring-test-6.2.0.jar:6.2.0]
	at org.springframework.test.context.cache.DefaultCacheAwareContextLoaderDelegate.loadContext(DefaultCacheAwareContextLoaderDelegate.java:152) ~[spring-test-6.2.0.jar:6.2.0]
	at org.springframework.test.context.support.DefaultTestContext.getApplicationContext(DefaultTestContext.java:130) ~[spring-test-6.2.0.jar:6.2.0]
	at org.springframework.test.context.support.DependencyInjectionTestExecutionListener.injectDependencies(DependencyInjectionTestExecutionListener.java:142) ~[spring-test-6.2.0.jar:6.2.0]
	at org.springframework.test.context.support.DependencyInjectionTestExecutionListener.prepareTestInstance(DependencyInjectionTestExecutionListener.java:98) ~[spring-test-6.2.0.jar:6.2.0]
	at org.springframework.test.context.TestContextManager.prepareTestInstance(TestContextManager.java:260) ~[spring-test-6.2.0.jar:6.2.0]
	at org.springframework.test.context.junit.jupiter.SpringExtension.postProcessTestInstance(SpringExtension.java:160) ~[spring-test-6.2.0.jar:6.2.0]
	at org.junit.jupiter.engine.descriptor.ClassBasedTestDescriptor.lambda$invokeTestInstancePostProcessors$11(ClassBasedTestDescriptor.java:378) ~[junit-jupiter-engine-5.11.3.jar:5.11.3]
	at org.junit.jupiter.engine.descriptor.ClassBasedTestDescriptor.executeAndMaskThrowable(ClassBasedTestDescriptor.java:383) ~[junit-jupiter-engine-5.11.3.jar:5.11.3]
	at org.junit.jupiter.engine.descriptor.ClassBasedTestDescriptor.lambda$invokeTestInstancePostProcessors$12(ClassBasedTestDescriptor.java:378) ~[junit-jupiter-engine-5.11.3.jar:5.11.3]
	at java.base/java.util.stream.ForEachOps$ForEachOp$OfRef.accept(ForEachOps.java:184) ~[na:na]
	at java.base/java.util.stream.ReferencePipeline$3$1.accept(ReferencePipeline.java:215) ~[na:na]
	at java.base/java.util.stream.ReferencePipeline$2$1.accept(ReferencePipeline.java:197) ~[na:na]
	at java.base/java.util.stream.ReferencePipeline$3$1.accept(ReferencePipeline.java:215) ~[na:na]
	at java.base/java.util.ArrayList$ArrayListSpliterator.forEachRemaining(ArrayList.java:1709) ~[na:na]
	at java.base/java.util.stream.AbstractPipeline.copyInto(AbstractPipeline.java:570) ~[na:na]
	at java.base/java.util.stream.AbstractPipeline.wrapAndCopyInto(AbstractPipeline.java:560) ~[na:na]
	at java.base/java.util.stream.ForEachOps$ForEachOp.evaluateSequential(ForEachOps.java:151) ~[na:na]
	at java.base/java.util.stream.ForEachOps$ForEachOp$OfRef.evaluateSequential(ForEachOps.java:174) ~[na:na]
	at java.base/java.util.stream.AbstractPipeline.evaluate(AbstractPipeline.java:265) ~[na:na]
	at java.base/java.util.stream.ReferencePipeline.forEach(ReferencePipeline.java:636) ~[na:na]
	at org.junit.jupiter.engine.descriptor.ClassBasedTestDescriptor.invokeTestInstancePostProcessors(ClassBasedTestDescriptor.java:377) ~[junit-jupiter-engine-5.11.3.jar:5.11.3]
	at org.junit.jupiter.engine.descriptor.ClassBasedTestDescriptor.lambda$instantiateAndPostProcessTestInstance$7(ClassBasedTestDescriptor.java:290) ~[junit-jupiter-engine-5.11.3.jar:5.11.3]
	at org.junit.platform.engine.support.hierarchical.ThrowableCollector.execute(ThrowableCollector.java:73) ~[junit-platform-engine-1.11.3.jar:1.11.3]
	at org.junit.jupiter.engine.descriptor.ClassBasedTestDescriptor.instantiateAndPostProcessTestInstance(ClassBasedTestDescriptor.java:289) ~[junit-jupiter-engine-5.11.3.jar:5.11.3]
	at org.junit.jupiter.engine.descriptor.ClassBasedTestDescriptor.lambda$testInstancesProvider$5(ClassBasedTestDescriptor.java:279) ~[junit-jupiter-engine-5.11.3.jar:5.11.3]
	at java.base/java.util.Optional.orElseGet(Optional.java:364) ~[na:na]
	at org.junit.jupiter.engine.descriptor.ClassBasedTestDescriptor.lambda$testInstancesProvider$6(ClassBasedTestDescriptor.java:278) ~[junit-jupiter-engine-5.11.3.jar:5.11.3]
	at org.junit.jupiter.engine.execution.TestInstancesProvider.getTestInstances(TestInstancesProvider.java:31) ~[junit-jupiter-engine-5.11.3.jar:5.11.3]
	at org.junit.jupiter.engine.descriptor.TestMethodTestDescriptor.lambda$prepare$1(TestMethodTestDescriptor.java:105) ~[junit-jupiter-engine-5.11.3.jar:5.11.3]
	at org.junit.platform.engine.support.hierarchical.ThrowableCollector.execute(ThrowableCollector.java:73) ~[junit-platform-engine-1.11.3.jar:1.11.3]
	at org.junit.jupiter.engine.descriptor.TestMethodTestDescriptor.prepare(TestMethodTestDescriptor.java:104) ~[junit-jupiter-engine-5.11.3.jar:5.11.3]
	at org.junit.jupiter.engine.descriptor.TestMethodTestDescriptor.prepare(TestMethodTestDescriptor.java:68) ~[junit-jupiter-engine-5.11.3.jar:5.11.3]
	at org.junit.platform.engine.support.hierarchical.NodeTestTask.lambda$prepare$2(NodeTestTask.java:128) ~[junit-platform-engine-1.11.3.jar:1.11.3]
	at org.junit.platform.engine.support.hierarchical.ThrowableCollector.execute(ThrowableCollector.java:73) ~[junit-platform-engine-1.11.3.jar:1.11.3]
	at org.junit.platform.engine.support.hierarchical.NodeTestTask.prepare(NodeTestTask.java:128) ~[junit-platform-engine-1.11.3.jar:1.11.3]
	at org.junit.platform.engine.support.hierarchical.NodeTestTask.execute(NodeTestTask.java:95) ~[junit-platform-engine-1.11.3.jar:1.11.3]
	at java.base/java.util.ArrayList.forEach(ArrayList.java:1597) ~[na:na]
	at org.junit.platform.engine.support.hierarchical.SameThreadHierarchicalTestExecutorService.invokeAll(SameThreadHierarchicalTestExecutorService.java:41) ~[junit-platform-engine-1.11.3.jar:1.11.3]
	at org.junit.platform.engine.support.hierarchical.NodeTestTask.lambda$executeRecursively$6(NodeTestTask.java:160) ~[junit-platform-engine-1.11.3.jar:1.11.3]
	at org.junit.platform.engine.support.hierarchical.ThrowableCollector.execute(ThrowableCollector.java:73) ~[junit-platform-engine-1.11.3.jar:1.11.3]
	at org.junit.platform.engine.support.hierarchical.NodeTestTask.lambda$executeRecursively$8(NodeTestTask.java:146) ~[junit-platform-engine-1.11.3.jar:1.11.3]
	at org.junit.platform.engine.support.hierarchical.Node.around(Node.java:137) ~[junit-platform-engine-1.11.3.jar:1.11.3]
	at org.junit.platform.engine.support.hierarchical.NodeTestTask.lambda$executeRecursively$9(NodeTestTask.java:144) ~[junit-platform-engine-1.11.3.jar:1.11.3]
	at org.junit.platform.engine.support.hierarchical.ThrowableCollector.execute(ThrowableCollector.java:73) ~[junit-platform-engine-1.11.3.jar:1.11.3]
	at org.junit.platform.engine.support.hierarchical.NodeTestTask.executeRecursively(NodeTestTask.java:143) ~[junit-platform-engine-1.11.3.jar:1.11.3]
	at org.junit.platform.engine.support.hierarchical.NodeTestTask.execute(NodeTestTask.java:100) ~[junit-platform-engine-1.11.3.jar:1.11.3]
	at java.base/java.util.ArrayList.forEach(ArrayList.java:1597) ~[na:na]
	at org.junit.platform.engine.support.hierarchical.SameThreadHierarchicalTestExecutorService.invokeAll(SameThreadHierarchicalTestExecutorService.java:41) ~[junit-platform-engine-1.11.3.jar:1.11.3]
	at org.junit.platform.engine.support.hierarchical.NodeTestTask.lambda$executeRecursively$6(NodeTestTask.java:160) ~[junit-platform-engine-1.11.3.jar:1.11.3]
	at org.junit.platform.engine.support.hierarchical.ThrowableCollector.execute(ThrowableCollector.java:73) ~[junit-platform-engine-1.11.3.jar:1.11.3]
	at org.junit.platform.engine.support.hierarchical.NodeTestTask.lambda$executeRecursively$8(NodeTestTask.java:146) ~[junit-platform-engine-1.11.3.jar:1.11.3]
	at org.junit.platform.engine.support.hierarchical.Node.around(Node.java:137) ~[junit-platform-engine-1.11.3.jar:1.11.3]
	at org.junit.platform.engine.support.hierarchical.NodeTestTask.lambda$executeRecursively$9(NodeTestTask.java:144) ~[junit-platform-engine-1.11.3.jar:1.11.3]
	at org.junit.platform.engine.support.hierarchical.ThrowableCollector.execute(ThrowableCollector.java:73) ~[junit-platform-engine-1.11.3.jar:1.11.3]
	at org.junit.platform.engine.support.hierarchical.NodeTestTask.executeRecursively(NodeTestTask.java:143) ~[junit-platform-engine-1.11.3.jar:1.11.3]
	at org.junit.platform.engine.support.hierarchical.NodeTestTask.execute(NodeTestTask.java:100) ~[junit-platform-engine-1.11.3.jar:1.11.3]
	at org.junit.platform.engine.support.hierarchical.SameThreadHierarchicalTestExecutorService.submit(SameThreadHierarchicalTestExecutorService.java:35) ~[junit-platform-engine-1.11.3.jar:1.11.3]
	at org.junit.platform.engine.support.hierarchical.HierarchicalTestExecutor.execute(HierarchicalTestExecutor.java:57) ~[junit-platform-engine-1.11.3.jar:1.11.3]
	at org.junit.platform.engine.support.hierarchical.HierarchicalTestEngine.execute(HierarchicalTestEngine.java:54) ~[junit-platform-engine-1.11.3.jar:1.11.3]
	at org.junit.platform.launcher.core.EngineExecutionOrchestrator.execute(EngineExecutionOrchestrator.java:198) ~[junit-platform-launcher-1.11.3.jar:1.11.3]
	at org.junit.platform.launcher.core.EngineExecutionOrchestrator.execute(EngineExecutionOrchestrator.java:169) ~[junit-platform-launcher-1.11.3.jar:1.11.3]
	at org.junit.platform.launcher.core.EngineExecutionOrchestrator.execute(EngineExecutionOrchestrator.java:93) ~[junit-platform-launcher-1.11.3.jar:1.11.3]
	at org.junit.platform.launcher.core.EngineExecutionOrchestrator.lambda$execute$0(EngineExecutionOrchestrator.java:58) ~[junit-platform-launcher-1.11.3.jar:1.11.3]
	at org.junit.platform.launcher.core.EngineExecutionOrchestrator.withInterceptedStreams(EngineExecutionOrchestrator.java:141) ~[junit-platform-launcher-1.11.3.jar:1.11.3]
	at org.junit.platform.launcher.core.EngineExecutionOrchestrator.execute(EngineExecutionOrchestrator.java:57) ~[junit-platform-launcher-1.11.3.jar:1.11.3]
	at org.junit.platform.launcher.core.DefaultLauncher.execute(DefaultLauncher.java:103) ~[junit-platform-launcher-1.11.3.jar:1.11.3]
	at org.junit.platform.launcher.core.DefaultLauncher.execute(DefaultLauncher.java:85) ~[junit-platform-launcher-1.11.3.jar:1.11.3]
	at org.junit.platform.launcher.core.DelegatingLauncher.execute(DelegatingLauncher.java:47) ~[junit-platform-launcher-1.11.3.jar:1.11.3]
	at org.apache.maven.surefire.junitplatform.LazyLauncher.execute(LazyLauncher.java:56) ~[surefire-junit-platform-3.5.2.jar:3.5.2]
	at org.apache.maven.surefire.junitplatform.JUnitPlatformProvider.execute(JUnitPlatformProvider.java:184) ~[surefire-junit-platform-3.5.2.jar:3.5.2]
	at org.apache.maven.surefire.junitplatform.JUnitPlatformProvider.invokeAllTests(JUnitPlatformProvider.java:148) ~[surefire-junit-platform-3.5.2.jar:3.5.2]
	at org.apache.maven.surefire.junitplatform.JUnitPlatformProvider.invoke(JUnitPlatformProvider.java:122) ~[surefire-junit-platform-3.5.2.jar:3.5.2]
	at org.apache.maven.surefire.booter.ForkedBooter.runSuitesInProcess(ForkedBooter.java:385) ~[surefire-booter-3.5.2.jar:3.5.2]
	at org.apache.maven.surefire.booter.ForkedBooter.execute(ForkedBooter.java:162) ~[surefire-booter-3.5.2.jar:3.5.2]
	at org.apache.maven.surefire.booter.ForkedBooter.run(ForkedBooter.java:507) ~[surefire-booter-3.5.2.jar:3.5.2]
	at org.apache.maven.surefire.booter.ForkedBooter.main(ForkedBooter.java:495) ~[surefire-booter-3.5.2.jar:3.5.2]

2024-12-15T14:03:55.350-03:00 DEBUG 25938 --- [tienda-ms-pedidos] [           main] o.s.d.jpa.repository.query.NamedQuery    : Did not find named query Producto.buscarPorNombreOCategoria.count
2024-12-15T14:03:55.350-03:00 DEBUG 25938 --- [tienda-ms-pedidos] [           main] tor$SharedEntityManagerInvocationHandler : Creating new EntityManager for shared EntityManager invocation
2024-12-15T14:03:55.394-03:00 DEBUG 25938 --- [tienda-ms-pedidos] [           main] org.hibernate.orm.query.hql              : HQL : SELECT DISTINCT p FROM Producto p JOIN p.categorias c WHERE LOWER(p.nombre) LIKE LOWER(CONCAT('%', :filtro, '%'))    OR LOWER(c.nombre) LIKE LOWER(CONCAT('%', :filtro, '%'))
2024-12-15T14:03:55.670-03:00 DEBUG 25938 --- [tienda-ms-pedidos] [           main] org.hibernate.orm.query.sqm.ast          : SqmStatement Tree :
    -> [select]
      -> [query-spec]
        -> [select(distinct)]
          -> [selection]
            -> [root] - `com.example.tienda_ms_pedidos.model.Producto(p)`
              -> [joins]
                -> [attribute] - `com.example.tienda_ms_pedidos.model.Producto(p).categorias(c)`
                    [fetched = false]
                <- [attribute] - `com.example.tienda_ms_pedidos.model.Producto(p).categorias(c)`
              <- [joins]
            <- [root] - `com.example.tienda_ms_pedidos.model.Producto(p)`
          <- [selection]
        <- [select(distinct)]
        -> [from]
          -> [root] - `com.example.tienda_ms_pedidos.model.Producto(p)`
            -> [joins]
              -> [attribute] - `com.example.tienda_ms_pedidos.model.Producto(p).categorias(c)`
                  [fetched = false]
              <- [attribute] - `com.example.tienda_ms_pedidos.model.Producto(p).categorias(c)`
            <- [joins]
          <- [root] - `com.example.tienda_ms_pedidos.model.Producto(p)`
        <- [from]
        -> [where]
          -> [or]
            -> [is-like]
            <- [is-like]
            -> [is-like]
            <- [is-like]
          <- [or]
        <- [where]
      <- [query-spec]
    <- [select]

2024-12-15T14:03:55.672-03:00 DEBUG 25938 --- [tienda-ms-pedidos] [           main] o.s.d.r.c.s.RepositoryFactorySupport     : Finished creation of repository instance for com.example.tienda_ms_pedidos.repository.ProductoRepository.
2024-12-15T14:03:55.673-03:00 DEBUG 25938 --- [tienda-ms-pedidos] [           main] o.s.b.f.s.DefaultListableBeanFactory     : Creating shared instance of singleton bean 'data-jpa.repository-aot-processor#0'
2024-12-15T14:03:55.676-03:00 DEBUG 25938 --- [tienda-ms-pedidos] [           main] o.s.b.f.s.DefaultListableBeanFactory     : Creating shared instance of singleton bean 'org.springframework.boot.autoconfigure.jdbc.JdbcTemplateConfiguration'
2024-12-15T14:03:55.676-03:00 DEBUG 25938 --- [tienda-ms-pedidos] [           main] o.s.b.f.s.DefaultListableBeanFactory     : Creating shared instance of singleton bean 'dataSourceScriptDatabaseInitializer'
2024-12-15T14:03:55.676-03:00 DEBUG 25938 --- [tienda-ms-pedidos] [           main] o.s.b.f.s.DefaultListableBeanFactory     : Creating shared instance of singleton bean 'org.springframework.boot.autoconfigure.sql.init.DataSourceInitializationConfiguration'
2024-12-15T14:03:55.677-03:00 DEBUG 25938 --- [tienda-ms-pedidos] [           main] o.s.b.f.s.DefaultListableBeanFactory     : Creating shared instance of singleton bean 'spring.sql.init-org.springframework.boot.autoconfigure.sql.init.SqlInitializationProperties'
2024-12-15T14:03:55.679-03:00 DEBUG 25938 --- [tienda-ms-pedidos] [           main] o.s.b.f.s.DefaultListableBeanFactory     : Autowiring by type from bean name 'dataSourceScriptDatabaseInitializer' via factory method to bean named 'dataSource'
2024-12-15T14:03:55.679-03:00 DEBUG 25938 --- [tienda-ms-pedidos] [           main] o.s.b.f.s.DefaultListableBeanFactory     : Autowiring by type from bean name 'dataSourceScriptDatabaseInitializer' via factory method to bean named 'spring.sql.init-org.springframework.boot.autoconfigure.sql.init.SqlInitializationProperties'
2024-12-15T14:03:55.683-03:00 DEBUG 25938 --- [tienda-ms-pedidos] [           main] o.s.jdbc.datasource.DataSourceUtils      : Fetching JDBC Connection from DataSource
2024-12-15T14:03:55.683-03:00 DEBUG 25938 --- [tienda-ms-pedidos] [           main] o.s.jdbc.datasource.init.ScriptUtils     : Executing SQL script from file [/Users/gonzaloduranadasme/Documents/GitHub/FS3_Sumativa/backend-arquetipo/tienda-ms-pedidos/target/test-classes/schema.sql]
2024-12-15T14:03:55.691-03:00 DEBUG 25938 --- [tienda-ms-pedidos] [           main] o.s.jdbc.datasource.init.ScriptUtils     : 0 returned as update count for SQL: CREATE TABLE ordenes ( id_orden BIGINT AUTO_INCREMENT PRIMARY KEY, email VARCHAR(100) NOT NULL, estado INTEGER NOT NULL, fecha TIMESTAMP, monto_total DOUBLE )
2024-12-15T14:03:55.699-03:00 DEBUG 25938 --- [tienda-ms-pedidos] [           main] o.s.jdbc.datasource.init.ScriptUtils     : 0 returned as update count for SQL: CREATE TABLE detalle_ordenes ( id_detalle_orden BIGINT AUTO_INCREMENT PRIMARY KEY, id_orden BIGINT, id_producto BIGINT NOT NULL, precio DOUBLE NOT NULL, cantidad INTEGER NOT NULL, monto_total DOUBLE NOT NULL, FOREIGN KEY (id_orden) REFERENCES ordenes(id_orden) )
2024-12-15T14:03:55.700-03:00 DEBUG 25938 --- [tienda-ms-pedidos] [           main] o.s.jdbc.datasource.init.ScriptUtils     : 0 returned as update count for SQL: CREATE TABLE IF NOT EXISTS Categoria ( id_categoria BIGINT AUTO_INCREMENT PRIMARY KEY, nombre VARCHAR(255) NOT NULL UNIQUE, descripcion VARCHAR(255) NOT NULL )
2024-12-15T14:03:55.701-03:00 DEBUG 25938 --- [tienda-ms-pedidos] [           main] o.s.jdbc.datasource.init.ScriptUtils     : 0 returned as update count for SQL: CREATE TABLE IF NOT EXISTS Producto ( id_producto BIGINT AUTO_INCREMENT PRIMARY KEY, nombre VARCHAR(255) NOT NULL, descripcion VARCHAR(255) NOT NULL, precio DOUBLE NOT NULL, stock DOUBLE NOT NULL, imagen VARCHAR(255) NOT NULL )
2024-12-15T14:03:55.703-03:00 DEBUG 25938 --- [tienda-ms-pedidos] [           main] o.s.jdbc.datasource.init.ScriptUtils     : 0 returned as update count for SQL: CREATE TABLE IF NOT EXISTS Producto_Categoria ( id_producto BIGINT NOT NULL, id_categoria BIGINT NOT NULL, PRIMARY KEY (id_producto, id_categoria), FOREIGN KEY (id_producto) REFERENCES Producto(id_producto), FOREIGN KEY (id_categoria) REFERENCES Categoria(id_categoria) )
2024-12-15T14:03:55.703-03:00 DEBUG 25938 --- [tienda-ms-pedidos] [           main] o.s.jdbc.datasource.init.ScriptUtils     : Executed SQL script from file [/Users/gonzaloduranadasme/Documents/GitHub/FS3_Sumativa/backend-arquetipo/tienda-ms-pedidos/target/test-classes/schema.sql] in 20 ms.
2024-12-15T14:03:55.704-03:00 DEBUG 25938 --- [tienda-ms-pedidos] [           main] o.s.b.f.s.DefaultListableBeanFactory     : Creating shared instance of singleton bean 'jdbcTemplate'
2024-12-15T14:03:55.705-03:00 DEBUG 25938 --- [tienda-ms-pedidos] [           main] o.s.b.f.s.DefaultListableBeanFactory     : Creating shared instance of singleton bean 'spring.jdbc-org.springframework.boot.autoconfigure.jdbc.JdbcProperties'
2024-12-15T14:03:55.705-03:00 DEBUG 25938 --- [tienda-ms-pedidos] [           main] o.s.b.f.s.DefaultListableBeanFactory     : Autowiring by type from bean name 'jdbcTemplate' via factory method to bean named 'dataSource'
2024-12-15T14:03:55.705-03:00 DEBUG 25938 --- [tienda-ms-pedidos] [           main] o.s.b.f.s.DefaultListableBeanFactory     : Autowiring by type from bean name 'jdbcTemplate' via factory method to bean named 'spring.jdbc-org.springframework.boot.autoconfigure.jdbc.JdbcProperties'
2024-12-15T14:03:55.710-03:00 DEBUG 25938 --- [tienda-ms-pedidos] [           main] o.s.b.f.s.DefaultListableBeanFactory     : Creating shared instance of singleton bean 'org.springframework.boot.autoconfigure.jdbc.NamedParameterJdbcTemplateConfiguration'
2024-12-15T14:03:55.711-03:00 DEBUG 25938 --- [tienda-ms-pedidos] [           main] o.s.b.f.s.DefaultListableBeanFactory     : Creating shared instance of singleton bean 'namedParameterJdbcTemplate'
2024-12-15T14:03:55.711-03:00 DEBUG 25938 --- [tienda-ms-pedidos] [           main] o.s.b.f.s.DefaultListableBeanFactory     : Autowiring by type from bean name 'namedParameterJdbcTemplate' via factory method to bean named 'jdbcTemplate'
2024-12-15T14:03:55.714-03:00 DEBUG 25938 --- [tienda-ms-pedidos] [           main] o.s.b.f.s.DefaultListableBeanFactory     : Creating shared instance of singleton bean 'org.springframework.boot.autoconfigure.jdbc.JdbcTemplateAutoConfiguration'
2024-12-15T14:03:55.715-03:00 DEBUG 25938 --- [tienda-ms-pedidos] [           main] o.s.b.f.s.DefaultListableBeanFactory     : Creating shared instance of singleton bean 'org.springframework.boot.autoconfigure.jdbc.JdbcClientAutoConfiguration'
2024-12-15T14:03:55.715-03:00 DEBUG 25938 --- [tienda-ms-pedidos] [           main] o.s.b.f.s.DefaultListableBeanFactory     : Creating shared instance of singleton bean 'jdbcClient'
2024-12-15T14:03:55.715-03:00 DEBUG 25938 --- [tienda-ms-pedidos] [           main] o.s.b.f.s.DefaultListableBeanFactory     : Autowiring by type from bean name 'jdbcClient' via factory method to bean named 'namedParameterJdbcTemplate'
2024-12-15T14:03:55.716-03:00 DEBUG 25938 --- [tienda-ms-pedidos] [           main] o.s.b.f.s.DefaultListableBeanFactory     : Creating shared instance of singleton bean 'org.springframework.boot.autoconfigure.sql.init.SqlInitializationAutoConfiguration'
2024-12-15T14:03:55.716-03:00 DEBUG 25938 --- [tienda-ms-pedidos] [           main] o.s.b.f.s.DefaultListableBeanFactory     : Creating shared instance of singleton bean 'org.springframework.boot.autoconfigure.jdbc.DataSourceTransactionManagerAutoConfiguration$JdbcTransactionManagerConfiguration'
2024-12-15T14:03:55.716-03:00 DEBUG 25938 --- [tienda-ms-pedidos] [           main] o.s.b.f.s.DefaultListableBeanFactory     : Creating shared instance of singleton bean 'org.springframework.boot.autoconfigure.jdbc.DataSourceTransactionManagerAutoConfiguration'
2024-12-15T14:03:55.717-03:00 DEBUG 25938 --- [tienda-ms-pedidos] [           main] o.s.b.f.s.DefaultListableBeanFactory     : Creating shared instance of singleton bean 'org.springframework.boot.autoconfigure.transaction.TransactionAutoConfiguration$EnableTransactionManagementConfiguration$CglibAutoProxyConfiguration'
2024-12-15T14:03:55.717-03:00 DEBUG 25938 --- [tienda-ms-pedidos] [           main] o.s.b.f.s.DefaultListableBeanFactory     : Creating shared instance of singleton bean 'org.springframework.boot.autoconfigure.transaction.TransactionAutoConfiguration$EnableTransactionManagementConfiguration'
2024-12-15T14:03:55.717-03:00 DEBUG 25938 --- [tienda-ms-pedidos] [           main] o.s.b.f.s.DefaultListableBeanFactory     : Creating shared instance of singleton bean 'org.springframework.boot.autoconfigure.transaction.TransactionAutoConfiguration$TransactionTemplateConfiguration'
2024-12-15T14:03:55.717-03:00 DEBUG 25938 --- [tienda-ms-pedidos] [           main] o.s.b.f.s.DefaultListableBeanFactory     : Creating shared instance of singleton bean 'transactionTemplate'
2024-12-15T14:03:55.717-03:00 DEBUG 25938 --- [tienda-ms-pedidos] [           main] o.s.b.f.s.DefaultListableBeanFactory     : Autowiring by type from bean name 'transactionTemplate' via factory method to bean named 'transactionManager'
2024-12-15T14:03:55.718-03:00 DEBUG 25938 --- [tienda-ms-pedidos] [           main] o.s.b.f.s.DefaultListableBeanFactory     : Creating shared instance of singleton bean 'org.springframework.boot.autoconfigure.transaction.TransactionAutoConfiguration'
2024-12-15T14:03:55.718-03:00 DEBUG 25938 --- [tienda-ms-pedidos] [           main] o.s.b.f.s.DefaultListableBeanFactory     : Creating shared instance of singleton bean 'org.springframework.boot.test.autoconfigure.orm.jpa.TestEntityManagerAutoConfiguration'
2024-12-15T14:03:55.718-03:00 DEBUG 25938 --- [tienda-ms-pedidos] [           main] o.s.b.f.s.DefaultListableBeanFactory     : Creating shared instance of singleton bean 'testEntityManager'
2024-12-15T14:03:55.718-03:00 DEBUG 25938 --- [tienda-ms-pedidos] [           main] o.s.b.f.s.DefaultListableBeanFactory     : Autowiring by type from bean name 'testEntityManager' via factory method to bean named 'entityManagerFactory'
2024-12-15T14:03:55.724-03:00 DEBUG 25938 --- [tienda-ms-pedidos] [           main] o.s.c.support.DefaultLifecycleProcessor  : Starting beans in phase -2147483647
2024-12-15T14:03:55.724-03:00 DEBUG 25938 --- [tienda-ms-pedidos] [           main] o.s.c.support.DefaultLifecycleProcessor  : Successfully started bean 'springBootLoggingLifecycle'
2024-12-15T14:03:55.726-03:00 DEBUG 25938 --- [tienda-ms-pedidos] [           main] .s.b.a.l.ConditionEvaluationReportLogger : 


============================
CONDITIONS EVALUATION REPORT
============================


Positive matches:
-----------------

   DataSourceAutoConfiguration matched:
      - @ConditionalOnClass found required classes 'javax.sql.DataSource', 'org.springframework.jdbc.datasource.embedded.EmbeddedDatabaseType' (OnClassCondition)
      - @ConditionalOnMissingBean (types: io.r2dbc.spi.ConnectionFactory; SearchStrategy: all) did not find any beans (OnBeanCondition)

   DataSourceAutoConfiguration.PooledDataSourceConfiguration matched:
      - AnyNestedCondition 1 matched 1 did not; NestedCondition on DataSourceAutoConfiguration.PooledDataSourceCondition.PooledDataSourceAvailable PooledDataSource found supported DataSource; NestedCondition on DataSourceAutoConfiguration.PooledDataSourceCondition.ExplicitType @ConditionalOnProperty (spring.datasource.type) did not find property 'type' (DataSourceAutoConfiguration.PooledDataSourceCondition)
      - @ConditionalOnMissingBean (types: javax.sql.DataSource,javax.sql.XADataSource; SearchStrategy: all) did not find any beans (OnBeanCondition)

   DataSourceAutoConfiguration.PooledDataSourceConfiguration#jdbcConnectionDetails matched:
      - @ConditionalOnMissingBean (types: org.springframework.boot.autoconfigure.jdbc.JdbcConnectionDetails; SearchStrategy: all) did not find any beans (OnBeanCondition)

   DataSourceConfiguration.Hikari matched:
      - @ConditionalOnClass found required class 'com.zaxxer.hikari.HikariDataSource' (OnClassCondition)
      - @ConditionalOnProperty (spring.datasource.type=com.zaxxer.hikari.HikariDataSource) matched (OnPropertyCondition)
      - @ConditionalOnMissingBean (types: javax.sql.DataSource; SearchStrategy: all) did not find any beans (OnBeanCondition)

   DataSourceInitializationConfiguration matched:
      - @ConditionalOnClass found required class 'org.springframework.jdbc.datasource.init.DatabasePopulator' (OnClassCondition)
      - @ConditionalOnSingleCandidate (types: javax.sql.DataSource; SearchStrategy: all) found a single bean 'dataSource'; @ConditionalOnMissingBean (types: org.springframework.boot.autoconfigure.sql.init.SqlDataSourceScriptDatabaseInitializer,org.springframework.boot.autoconfigure.sql.init.SqlR2dbcScriptDatabaseInitializer; SearchStrategy: all) did not find any beans (OnBeanCondition)

   DataSourcePoolMetadataProvidersConfiguration.HikariPoolDataSourceMetadataProviderConfiguration matched:
      - @ConditionalOnClass found required class 'com.zaxxer.hikari.HikariDataSource' (OnClassCondition)

   DataSourceTransactionManagerAutoConfiguration matched:
      - @ConditionalOnClass found required classes 'javax.sql.DataSource', 'org.springframework.jdbc.core.JdbcTemplate', 'org.springframework.transaction.TransactionManager' (OnClassCondition)

   DataSourceTransactionManagerAutoConfiguration.JdbcTransactionManagerConfiguration matched:
      - @ConditionalOnSingleCandidate (types: javax.sql.DataSource; SearchStrategy: all) found a single bean 'dataSource' (OnBeanCondition)

   HibernateJpaAutoConfiguration matched:
      - @ConditionalOnClass found required classes 'org.springframework.orm.jpa.LocalContainerEntityManagerFactoryBean', 'jakarta.persistence.EntityManager', 'org.hibernate.engine.spi.SessionImplementor' (OnClassCondition)

   HibernateJpaConfiguration matched:
      - @ConditionalOnSingleCandidate (types: javax.sql.DataSource; SearchStrategy: all) found a single bean 'dataSource' (OnBeanCondition)

   JdbcClientAutoConfiguration matched:
      - @ConditionalOnSingleCandidate (types: org.springframework.jdbc.core.namedparam.NamedParameterJdbcTemplate; SearchStrategy: all) found a single bean 'namedParameterJdbcTemplate'; @ConditionalOnMissingBean (types: org.springframework.jdbc.core.simple.JdbcClient; SearchStrategy: all) did not find any beans (OnBeanCondition)

   JdbcTemplateAutoConfiguration matched:
      - @ConditionalOnClass found required classes 'javax.sql.DataSource', 'org.springframework.jdbc.core.JdbcTemplate' (OnClassCondition)
      - @ConditionalOnSingleCandidate (types: javax.sql.DataSource; SearchStrategy: all) found a single bean 'dataSource' (OnBeanCondition)

   JdbcTemplateConfiguration matched:
      - @ConditionalOnMissingBean (types: org.springframework.jdbc.core.JdbcOperations; SearchStrategy: all) did not find any beans (OnBeanCondition)

   JpaBaseConfiguration#entityManagerFactory matched:
      - @ConditionalOnMissingBean (types: org.springframework.orm.jpa.LocalContainerEntityManagerFactoryBean,jakarta.persistence.EntityManagerFactory; SearchStrategy: all) did not find any beans (OnBeanCondition)

   JpaBaseConfiguration#entityManagerFactoryBuilder matched:
      - @ConditionalOnMissingBean (types: org.springframework.boot.orm.jpa.EntityManagerFactoryBuilder; SearchStrategy: all) did not find any beans (OnBeanCondition)

   JpaBaseConfiguration#jpaVendorAdapter matched:
      - @ConditionalOnMissingBean (types: org.springframework.orm.jpa.JpaVendorAdapter; SearchStrategy: all) did not find any beans (OnBeanCondition)

   JpaBaseConfiguration#transactionManager matched:
      - @ConditionalOnMissingBean (types: org.springframework.transaction.TransactionManager; SearchStrategy: all) did not find any beans (OnBeanCondition)

   JpaBaseConfiguration.PersistenceManagedTypesConfiguration matched:
      - @ConditionalOnMissingBean (types: org.springframework.orm.jpa.LocalContainerEntityManagerFactoryBean,jakarta.persistence.EntityManagerFactory; SearchStrategy: all) did not find any beans (OnBeanCondition)

   JpaBaseConfiguration.PersistenceManagedTypesConfiguration#persistenceManagedTypes matched:
      - @ConditionalOnMissingBean (types: org.springframework.orm.jpa.persistenceunit.PersistenceManagedTypes; SearchStrategy: all) did not find any beans (OnBeanCondition)

   JpaRepositoriesAutoConfiguration matched:
      - @ConditionalOnClass found required class 'org.springframework.data.jpa.repository.JpaRepository' (OnClassCondition)
      - @ConditionalOnProperty (spring.data.jpa.repositories.enabled=true) matched (OnPropertyCondition)
      - @ConditionalOnBean (types: javax.sql.DataSource; SearchStrategy: all) found bean 'dataSource'; @ConditionalOnMissingBean (types: org.springframework.data.jpa.repository.support.JpaRepositoryFactoryBean,org.springframework.data.jpa.repository.config.JpaRepositoryConfigExtension; SearchStrategy: all) did not find any beans (OnBeanCondition)

   NamedParameterJdbcTemplateConfiguration matched:
      - @ConditionalOnSingleCandidate (types: org.springframework.jdbc.core.JdbcTemplate; SearchStrategy: all) found a single bean 'jdbcTemplate'; @ConditionalOnMissingBean (types: org.springframework.jdbc.core.namedparam.NamedParameterJdbcOperations; SearchStrategy: all) did not find any beans (OnBeanCondition)

   NoOpCacheConfiguration matched:
      - Cache org.springframework.boot.autoconfigure.cache.NoOpCacheConfiguration NONE cache type (CacheCondition)

   SqlInitializationAutoConfiguration matched:
      - @ConditionalOnProperty (spring.sql.init.enabled) matched (OnPropertyCondition)
      - NoneNestedConditions 0 matched 1 did not; NestedCondition on SqlInitializationAutoConfiguration.SqlInitializationModeCondition.ModeIsNever @ConditionalOnProperty (spring.sql.init.mode=never) found different value in property 'mode' (SqlInitializationAutoConfiguration.SqlInitializationModeCondition)

   TestEntityManagerAutoConfiguration matched:
      - @ConditionalOnClass found required class 'jakarta.persistence.EntityManagerFactory' (OnClassCondition)

   TestEntityManagerAutoConfiguration#testEntityManager matched:
      - @ConditionalOnMissingBean (types: org.springframework.boot.test.autoconfigure.orm.jpa.TestEntityManager; SearchStrategy: all) did not find any beans (OnBeanCondition)

   TransactionAutoConfiguration matched:
      - @ConditionalOnClass found required class 'org.springframework.transaction.PlatformTransactionManager' (OnClassCondition)

   TransactionAutoConfiguration.EnableTransactionManagementConfiguration matched:
      - @ConditionalOnBean (types: org.springframework.transaction.TransactionManager; SearchStrategy: all) found bean 'transactionManager'; @ConditionalOnMissingBean (types: org.springframework.transaction.annotation.AbstractTransactionManagementConfiguration; SearchStrategy: all) did not find any beans (OnBeanCondition)

   TransactionAutoConfiguration.EnableTransactionManagementConfiguration.CglibAutoProxyConfiguration matched:
      - @ConditionalOnProperty (spring.aop.proxy-target-class=true) matched (OnPropertyCondition)

   TransactionAutoConfiguration.TransactionTemplateConfiguration matched:
      - @ConditionalOnSingleCandidate (types: org.springframework.transaction.PlatformTransactionManager; SearchStrategy: all) found a single bean 'transactionManager' (OnBeanCondition)

   TransactionAutoConfiguration.TransactionTemplateConfiguration#transactionTemplate matched:
      - @ConditionalOnMissingBean (types: org.springframework.transaction.support.TransactionOperations; SearchStrategy: all) did not find any beans (OnBeanCondition)


Negative matches:
-----------------

   Cache2kCacheConfiguration:
      Did not match:
         - @ConditionalOnClass did not find required class 'org.cache2k.Cache2kBuilder' (OnClassCondition)

   CacheAutoConfiguration:
      Did not match:
         - @ConditionalOnBean (types: org.springframework.cache.interceptor.CacheAspectSupport; SearchStrategy: all) did not find any beans of type org.springframework.cache.interceptor.CacheAspectSupport (OnBeanCondition)
      Matched:
         - @ConditionalOnClass found required class 'org.springframework.cache.CacheManager' (OnClassCondition)

   CacheAutoConfiguration.CacheManagerEntityManagerFactoryDependsOnPostProcessor:
      Did not match:
         - Ancestor org.springframework.boot.autoconfigure.cache.CacheAutoConfiguration did not match (ConditionEvaluationReport.AncestorsMatchedCondition)
      Matched:
         - @ConditionalOnClass found required class 'org.springframework.orm.jpa.LocalContainerEntityManagerFactoryBean' (OnClassCondition)

   CaffeineCacheConfiguration:
      Did not match:
         - @ConditionalOnClass did not find required class 'com.github.benmanes.caffeine.cache.Caffeine' (OnClassCondition)

   CouchbaseCacheConfiguration:
      Did not match:
         - @ConditionalOnClass did not find required class 'com.couchbase.client.java.Cluster' (OnClassCondition)

   DataSourceAutoConfiguration.EmbeddedDatabaseConfiguration:
      Did not match:
         - EmbeddedDataSource spring.datasource.url is set (DataSourceAutoConfiguration.EmbeddedDatabaseCondition)

   DataSourceCheckpointRestoreConfiguration:
      Did not match:
         - @ConditionalOnClass did not find required class 'org.crac.Resource' (OnClassCondition)

   DataSourceConfiguration.Dbcp2:
      Did not match:
         - @ConditionalOnClass did not find required class 'org.apache.commons.dbcp2.BasicDataSource' (OnClassCondition)

   DataSourceConfiguration.Generic:
      Did not match:
         - @ConditionalOnProperty (spring.datasource.type) did not find property 'spring.datasource.type' (OnPropertyCondition)

   DataSourceConfiguration.OracleUcp:
      Did not match:
         - @ConditionalOnClass did not find required class 'oracle.ucp.jdbc.PoolDataSourceImpl' (OnClassCondition)

   DataSourceConfiguration.Tomcat:
      Did not match:
         - @ConditionalOnClass did not find required class 'org.apache.tomcat.jdbc.pool.DataSource' (OnClassCondition)

   DataSourceJmxConfiguration:
      Did not match:
         - @ConditionalOnProperty (spring.jmx.enabled=true) found different value in property 'enabled' (OnPropertyCondition)

   DataSourcePoolMetadataProvidersConfiguration.CommonsDbcp2PoolDataSourceMetadataProviderConfiguration:
      Did not match:
         - @ConditionalOnClass did not find required class 'org.apache.commons.dbcp2.BasicDataSource' (OnClassCondition)

   DataSourcePoolMetadataProvidersConfiguration.OracleUcpPoolDataSourceMetadataProviderConfiguration:
      Did not match:
         - @ConditionalOnClass did not find required class 'oracle.ucp.jdbc.PoolDataSource' (OnClassCondition)

   DataSourcePoolMetadataProvidersConfiguration.TomcatDataSourcePoolMetadataProviderConfiguration:
      Did not match:
         - @ConditionalOnClass did not find required class 'org.apache.tomcat.jdbc.pool.DataSource' (OnClassCondition)

   DataSourceTransactionManagerAutoConfiguration.JdbcTransactionManagerConfiguration#transactionManager:
      Did not match:
         - @ConditionalOnMissingBean (types: org.springframework.transaction.TransactionManager; SearchStrategy: all) found beans of type 'org.springframework.transaction.TransactionManager' transactionManager (OnBeanCondition)

   FlywayAutoConfiguration:
      Did not match:
         - @ConditionalOnClass did not find required class 'org.flywaydb.core.Flyway' (OnClassCondition)

   GenericCacheConfiguration:
      Did not match:
         - Cache org.springframework.boot.autoconfigure.cache.GenericCacheConfiguration unknown cache type (CacheCondition)

   HazelcastCacheConfiguration:
      Did not match:
         - @ConditionalOnClass did not find required class 'com.hazelcast.core.HazelcastInstance' (OnClassCondition)

   InfinispanCacheConfiguration:
      Did not match:
         - @ConditionalOnClass did not find required class 'org.infinispan.spring.embedded.provider.SpringEmbeddedCacheManager' (OnClassCondition)

   JCacheCacheConfiguration:
      Did not match:
         - @ConditionalOnClass did not find required class 'javax.cache.Caching' (OnClassCondition)

   JpaBaseConfiguration.JpaWebConfiguration:
      Did not match:
         - not a servlet web application (OnWebApplicationCondition)
      Matched:
         - @ConditionalOnClass found required class 'org.springframework.web.servlet.config.annotation.WebMvcConfigurer' (OnClassCondition)

   JpaRepositoriesAutoConfiguration#entityManagerFactoryBootstrapExecutorCustomizer:
      Did not match:
         - AnyNestedCondition 0 matched 2 did not; NestedCondition on JpaRepositoriesAutoConfiguration.BootstrapExecutorCondition.LazyBootstrapMode @ConditionalOnProperty (spring.data.jpa.repositories.bootstrap-mode=lazy) found different value in property 'bootstrap-mode'; NestedCondition on JpaRepositoriesAutoConfiguration.BootstrapExecutorCondition.DeferredBootstrapMode @ConditionalOnProperty (spring.data.jpa.repositories.bootstrap-mode=deferred) found different value in property 'bootstrap-mode' (JpaRepositoriesAutoConfiguration.BootstrapExecutorCondition)

   LiquibaseAutoConfiguration:
      Did not match:
         - @ConditionalOnClass did not find required class 'liquibase.change.DatabaseChange' (OnClassCondition)

   R2dbcInitializationConfiguration:
      Did not match:
         - @ConditionalOnClass did not find required classes 'io.r2dbc.spi.ConnectionFactory', 'org.springframework.r2dbc.connection.init.DatabasePopulator' (OnClassCondition)

   RedisCacheConfiguration:
      Did not match:
         - @ConditionalOnClass did not find required class 'org.springframework.data.redis.connection.RedisConnectionFactory' (OnClassCondition)

   SimpleCacheConfiguration:
      Did not match:
         - Cache org.springframework.boot.autoconfigure.cache.SimpleCacheConfiguration unknown cache type (CacheCondition)

   TestDatabaseAutoConfiguration#dataSource:
      Did not match:
         - @ConditionalOnProperty (spring.test.database.replace=AUTO_CONFIGURED) found different value in property 'replace' (OnPropertyCondition)

   TestDatabaseAutoConfiguration#embeddedDataSourceBeanFactoryPostProcessor:
      Did not match:
         - @ConditionalOnProperty (spring.test.database.replace=ANY) found different value in property 'replace' (OnPropertyCondition)

   TestDatabaseAutoConfiguration#nonTestEmbeddedDataSourceBeanFactoryPostProcessor:
      Did not match:
         - @ConditionalOnProperty (spring.test.database.replace=NON_TEST) found different value in property 'replace' (OnPropertyCondition)

   TransactionAutoConfiguration#transactionalOperator:
      Did not match:
         - @ConditionalOnSingleCandidate (types: org.springframework.transaction.ReactiveTransactionManager; SearchStrategy: all) did not find any beans (OnBeanCondition)

   TransactionAutoConfiguration.AspectJTransactionManagementConfiguration:
      Did not match:
         - @ConditionalOnBean (types: org.springframework.transaction.aspectj.AbstractTransactionAspect; SearchStrategy: all) did not find any beans of type org.springframework.transaction.aspectj.AbstractTransactionAspect (OnBeanCondition)

   TransactionAutoConfiguration.EnableTransactionManagementConfiguration.JdkDynamicAutoProxyConfiguration:
      Did not match:
         - @ConditionalOnProperty (spring.aop.proxy-target-class=false) did not find property 'proxy-target-class' (OnPropertyCondition)


Exclusions:
-----------

    None


Unconditional classes:
----------------------

    org.springframework.boot.test.autoconfigure.jdbc.TestDatabaseAutoConfiguration



2024-12-15T14:03:55.728-03:00 DEBUG 25938 --- [tienda-ms-pedidos] [           main] o.s.boot.devtools.restart.Restarter      : Creating new Restarter for thread Thread[#1,main,5,main]
2024-12-15T14:03:55.730-03:00 DEBUG 25938 --- [tienda-ms-pedidos] [           main] org.springframework.test.context.cache   : Spring test ApplicationContext cache statistics: [DefaultContextCache@42c4318b size = 1, maxSize = 32, parentContextCount = 0, hitCount = 0, missCount = 1, failureCount = 0]
2024-12-15T14:03:55.732-03:00 DEBUG 25938 --- [tienda-ms-pedidos] [           main] org.springframework.test.context.cache   : Spring test ApplicationContext cache statistics: [DefaultContextCache@42c4318b size = 1, maxSize = 32, parentContextCount = 0, hitCount = 1, missCount = 1, failureCount = 0]
2024-12-15T14:03:55.734-03:00 DEBUG 25938 --- [tienda-ms-pedidos] [           main] sContextBeforeModesTestExecutionListener : Before test method: class [OrdenRepositoryTest], method [updateEstado_UpdatesOrdenEstado], class annotated with @DirtiesContext [false] with mode [null], method annotated with @DirtiesContext [false] with mode [null]
2024-12-15T14:03:55.736-03:00 DEBUG 25938 --- [tienda-ms-pedidos] [           main] t.c.t.TransactionalTestExecutionListener : Explicit transaction definition [PROPAGATION_REQUIRED,ISOLATION_DEFAULT] found for test class [com.example.tienda_ms_pedidos.repository.OrdenRepositoryTest] and test method [updateEstado_UpdatesOrdenEstado]
2024-12-15T14:03:55.736-03:00 DEBUG 25938 --- [tienda-ms-pedidos] [           main] org.springframework.test.context.cache   : Spring test ApplicationContext cache statistics: [DefaultContextCache@42c4318b size = 1, maxSize = 32, parentContextCount = 0, hitCount = 2, missCount = 1, failureCount = 0]
2024-12-15T14:03:55.736-03:00 DEBUG 25938 --- [tienda-ms-pedidos] [           main] t.c.t.TransactionalTestExecutionListener : No method-level @Rollback override: using default rollback [true] for test method [void com.example.tienda_ms_pedidos.repository.OrdenRepositoryTest.updateEstado_UpdatesOrdenEstado()]
2024-12-15T14:03:55.737-03:00 DEBUG 25938 --- [tienda-ms-pedidos] [           main] o.s.orm.jpa.JpaTransactionManager        : Creating new transaction with name [com.example.tienda_ms_pedidos.repository.OrdenRepositoryTest.updateEstado_UpdatesOrdenEstado]: PROPAGATION_REQUIRED,ISOLATION_DEFAULT
2024-12-15T14:03:55.737-03:00 DEBUG 25938 --- [tienda-ms-pedidos] [           main] o.s.orm.jpa.JpaTransactionManager        : Opened new EntityManager [SessionImpl(916934868<open>)] for JPA transaction
2024-12-15T14:03:55.739-03:00 DEBUG 25938 --- [tienda-ms-pedidos] [           main] o.h.e.t.internal.TransactionImpl         : On TransactionImpl creation, JpaCompliance#isJpaTransactionComplianceEnabled == false
2024-12-15T14:03:55.739-03:00 DEBUG 25938 --- [tienda-ms-pedidos] [           main] o.h.e.t.internal.TransactionImpl         : begin
2024-12-15T14:03:55.739-03:00 DEBUG 25938 --- [tienda-ms-pedidos] [           main] o.s.orm.jpa.JpaTransactionManager        : Exposing JPA transaction as JDBC [org.springframework.orm.jpa.vendor.HibernateJpaDialect$HibernateConnectionHandle@406a46b7]
2024-12-15T14:03:55.743-03:00 DEBUG 25938 --- [tienda-ms-pedidos] [           main] o.s.t.c.transaction.TransactionContext   : Began transaction (1) for test class [com.example.tienda_ms_pedidos.repository.OrdenRepositoryTest]; test method [updateEstado_UpdatesOrdenEstado]; transaction manager [org.springframework.orm.jpa.JpaTransactionManager@1eb58871]; rollback [true]
2024-12-15T14:03:55.744-03:00 DEBUG 25938 --- [tienda-ms-pedidos] [           main] org.springframework.test.context.cache   : Spring test ApplicationContext cache statistics: [DefaultContextCache@42c4318b size = 1, maxSize = 32, parentContextCount = 0, hitCount = 3, missCount = 1, failureCount = 0]
2024-12-15T14:03:55.744-03:00 DEBUG 25938 --- [tienda-ms-pedidos] [           main] org.springframework.test.context.cache   : Spring test ApplicationContext cache statistics: [DefaultContextCache@42c4318b size = 1, maxSize = 32, parentContextCount = 0, hitCount = 4, missCount = 1, failureCount = 0]
2024-12-15T14:03:56.065-03:00 DEBUG 25938 --- [tienda-ms-pedidos] [           main] org.springframework.test.context.cache   : Spring test ApplicationContext cache statistics: [DefaultContextCache@42c4318b size = 1, maxSize = 32, parentContextCount = 0, hitCount = 5, missCount = 1, failureCount = 0]
2024-12-15T14:03:56.066-03:00 DEBUG 25938 --- [tienda-ms-pedidos] [           main] org.springframework.test.context.cache   : Spring test ApplicationContext cache statistics: [DefaultContextCache@42c4318b size = 1, maxSize = 32, parentContextCount = 0, hitCount = 6, missCount = 1, failureCount = 0]
2024-12-15T14:03:56.079-03:00 DEBUG 25938 --- [tienda-ms-pedidos] [           main] org.hibernate.engine.spi.ActionQueue     : Executing identity-insert immediately
2024-12-15T14:03:56.086-03:00 DEBUG 25938 --- [tienda-ms-pedidos] [           main] org.hibernate.SQL                        : 
    /* insert for
        com.example.tienda_ms_pedidos.model.Orden */insert 
    into
        ordenes (email, estado, fecha, monto_total, id_orden) 
    values
        (?, ?, ?, ?, default)
Hibernate: 
    /* insert for
        com.example.tienda_ms_pedidos.model.Orden */insert 
    into
        ordenes (email, estado, fecha, monto_total, id_orden) 
    values
        (?, ?, ?, ?, default)
2024-12-15T14:03:56.104-03:00 DEBUG 25938 --- [tienda-ms-pedidos] [           main] org.hibernate.orm.results                : Initializer list is empty
2024-12-15T14:03:56.109-03:00 DEBUG 25938 --- [tienda-ms-pedidos] [           main] o.h.id.IdentifierGeneratorHelper         : Extracted generated values [com.example.tienda_ms_pedidos.model.Orden]: [Ljava.lang.Object;@53244711
2024-12-15T14:03:56.117-03:00 DEBUG 25938 --- [tienda-ms-pedidos] [           main] o.h.e.i.AbstractFlushingEventListener    : Processing flush-time cascades
2024-12-15T14:03:56.118-03:00 DEBUG 25938 --- [tienda-ms-pedidos] [           main] o.h.e.i.AbstractFlushingEventListener    : Dirty checking collections
2024-12-15T14:03:56.121-03:00 DEBUG 25938 --- [tienda-ms-pedidos] [           main] o.h.e.i.AbstractFlushingEventListener    : Flushed: 0 insertions, 0 updates, 0 deletions to 1 objects
2024-12-15T14:03:56.121-03:00 DEBUG 25938 --- [tienda-ms-pedidos] [           main] o.h.e.i.AbstractFlushingEventListener    : Flushed: 0 (re)creations, 0 updates, 0 removals to 0 collections
2024-12-15T14:03:56.121-03:00 DEBUG 25938 --- [tienda-ms-pedidos] [           main] o.hibernate.internal.util.EntityPrinter  : Listing entities:
2024-12-15T14:03:56.123-03:00 DEBUG 25938 --- [tienda-ms-pedidos] [           main] o.hibernate.internal.util.EntityPrinter  : com.example.tienda_ms_pedidos.model.Orden{fecha=Sun Dec 15 14:03:56 GMT-03:00 2024, estado=1, detalles=null, id=1, email=test@test.com, montoTotal=null}
2024-12-15T14:03:56.126-03:00 DEBUG 25938 --- [tienda-ms-pedidos] [           main] o.s.orm.jpa.JpaTransactionManager        : Found thread-bound EntityManager [SessionImpl(916934868<open>)] for JPA transaction
2024-12-15T14:03:56.126-03:00 DEBUG 25938 --- [tienda-ms-pedidos] [           main] o.s.orm.jpa.JpaTransactionManager        : Participating in existing transaction
2024-12-15T14:03:56.148-03:00 DEBUG 25938 --- [tienda-ms-pedidos] [           main] org.hibernate.orm.sql.ast.create         : Created new SQL alias : o1_0
2024-12-15T14:03:56.148-03:00 DEBUG 25938 --- [tienda-ms-pedidos] [           main] org.hibernate.orm.sql.ast.create         : Registration of TableGroup [StandardTableGroup(com.example.tienda_ms_pedidos.model.Orden(o))] with identifierForTableGroup [com.example.tienda_ms_pedidos.model.Orden] for NavigablePath [com.example.tienda_ms_pedidos.model.Orden] 
2024-12-15T14:03:56.152-03:00 DEBUG 25938 --- [tienda-ms-pedidos] [           main] o.h.q.sqm.sql.BaseSqmToSqlAstConverter   : Determining mapping-model type for SqmParameter : SqmNamedParameter(id)
2024-12-15T14:03:56.152-03:00 DEBUG 25938 --- [tienda-ms-pedidos] [           main] o.h.q.sqm.sql.BaseSqmToSqlAstConverter   : Determining mapping-model type for SqmPath : SqmBasicValuedSimplePath(com.example.tienda_ms_pedidos.model.Orden(o).id) 
2024-12-15T14:03:56.155-03:00 DEBUG 25938 --- [tienda-ms-pedidos] [           main] o.h.e.i.AbstractFlushingEventListener    : Processing flush-time cascades
2024-12-15T14:03:56.155-03:00 DEBUG 25938 --- [tienda-ms-pedidos] [           main] o.h.e.i.AbstractFlushingEventListener    : Dirty checking collections
2024-12-15T14:03:56.155-03:00 DEBUG 25938 --- [tienda-ms-pedidos] [           main] o.h.e.i.AbstractFlushingEventListener    : Flushed: 0 insertions, 0 updates, 0 deletions to 1 objects
2024-12-15T14:03:56.155-03:00 DEBUG 25938 --- [tienda-ms-pedidos] [           main] o.h.e.i.AbstractFlushingEventListener    : Flushed: 0 (re)creations, 0 updates, 0 removals to 0 collections
2024-12-15T14:03:56.155-03:00 DEBUG 25938 --- [tienda-ms-pedidos] [           main] o.hibernate.internal.util.EntityPrinter  : Listing entities:
2024-12-15T14:03:56.155-03:00 DEBUG 25938 --- [tienda-ms-pedidos] [           main] o.hibernate.internal.util.EntityPrinter  : com.example.tienda_ms_pedidos.model.Orden{fecha=Sun Dec 15 14:03:56 GMT-03:00 2024, estado=1, detalles=null, id=1, email=test@test.com, montoTotal=null}
2024-12-15T14:03:56.156-03:00 DEBUG 25938 --- [tienda-ms-pedidos] [           main] org.hibernate.SQL                        : 
    /* UPDATE
        Orden o 
    SET
        o.estado = :estado 
    WHERE
        o.id = :id */ update ordenes o1_0 
    set
        o1_0.estado=? 
    where
        o1_0.id_orden=?
Hibernate: 
    /* UPDATE
        Orden o 
    SET
        o.estado = :estado 
    WHERE
        o.id = :id */ update ordenes o1_0 
    set
        o1_0.estado=? 
    where
        o1_0.id_orden=?
2024-12-15T14:03:56.165-03:00 DEBUG 25938 --- [tienda-ms-pedidos] [           main] org.hibernate.orm.sql.exec               : Skipping reading Query result cache data: cache-enabled = false, cache-mode = IGNORE
2024-12-15T14:03:56.165-03:00 DEBUG 25938 --- [tienda-ms-pedidos] [           main] org.hibernate.SQL                        : 
    select
        o1_0.id_orden,
        o1_0.email,
        o1_0.estado,
        o1_0.fecha,
        o1_0.monto_total 
    from
        ordenes o1_0 
    where
        o1_0.id_orden=?
Hibernate: 
    select
        o1_0.id_orden,
        o1_0.email,
        o1_0.estado,
        o1_0.fecha,
        o1_0.monto_total 
    from
        ordenes o1_0 
    where
        o1_0.id_orden=?
2024-12-15T14:03:56.172-03:00 DEBUG 25938 --- [tienda-ms-pedidos] [           main] org.hibernate.orm.results                : Initializer list:
	  com.example.tienda_ms_pedidos.model.Orden -> EntityJoinedFetchInitializer(com.example.tienda_ms_pedidos.model.Orden)@936697828 (SingleTableEntityPersister(com.example.tienda_ms_pedidos.model.Orden))
	  com.example.tienda_ms_pedidos.model.Orden.detalles -> DelayedCollectionInitializer(com.example.tienda_ms_pedidos.model.Orden.detalles)@480737378 (PluralAttribute(com.example.tienda_ms_pedidos.model.Orden.detalles))

2024-12-15T14:03:56.179-03:00 DEBUG 25938 --- [tienda-ms-pedidos] [           main] org.springframework.test.context.cache   : Spring test ApplicationContext cache statistics: [DefaultContextCache@42c4318b size = 1, maxSize = 32, parentContextCount = 0, hitCount = 7, missCount = 1, failureCount = 0]
2024-12-15T14:03:56.180-03:00 DEBUG 25938 --- [tienda-ms-pedidos] [           main] org.springframework.test.context.cache   : Spring test ApplicationContext cache statistics: [DefaultContextCache@42c4318b size = 1, maxSize = 32, parentContextCount = 0, hitCount = 8, missCount = 1, failureCount = 0]
2024-12-15T14:03:56.180-03:00 DEBUG 25938 --- [tienda-ms-pedidos] [           main] org.springframework.test.context.cache   : Spring test ApplicationContext cache statistics: [DefaultContextCache@42c4318b size = 1, maxSize = 32, parentContextCount = 0, hitCount = 9, missCount = 1, failureCount = 0]
2024-12-15T14:03:56.180-03:00 DEBUG 25938 --- [tienda-ms-pedidos] [           main] org.springframework.test.context.cache   : Spring test ApplicationContext cache statistics: [DefaultContextCache@42c4318b size = 1, maxSize = 32, parentContextCount = 0, hitCount = 10, missCount = 1, failureCount = 0]
2024-12-15T14:03:56.180-03:00 DEBUG 25938 --- [tienda-ms-pedidos] [           main] org.springframework.test.context.cache   : Spring test ApplicationContext cache statistics: [DefaultContextCache@42c4318b size = 1, maxSize = 32, parentContextCount = 0, hitCount = 11, missCount = 1, failureCount = 0]
2024-12-15T14:03:56.181-03:00 DEBUG 25938 --- [tienda-ms-pedidos] [           main] org.springframework.test.context.cache   : Spring test ApplicationContext cache statistics: [DefaultContextCache@42c4318b size = 1, maxSize = 32, parentContextCount = 0, hitCount = 12, missCount = 1, failureCount = 0]
2024-12-15T14:03:56.181-03:00 DEBUG 25938 --- [tienda-ms-pedidos] [           main] org.springframework.test.context.cache   : Spring test ApplicationContext cache statistics: [DefaultContextCache@42c4318b size = 1, maxSize = 32, parentContextCount = 0, hitCount = 13, missCount = 1, failureCount = 0]
2024-12-15T14:03:56.182-03:00 DEBUG 25938 --- [tienda-ms-pedidos] [           main] o.s.orm.jpa.JpaTransactionManager        : Initiating transaction rollback
2024-12-15T14:03:56.182-03:00 DEBUG 25938 --- [tienda-ms-pedidos] [           main] o.s.orm.jpa.JpaTransactionManager        : Rolling back JPA transaction on EntityManager [SessionImpl(916934868<open>)]
2024-12-15T14:03:56.182-03:00 DEBUG 25938 --- [tienda-ms-pedidos] [           main] o.h.e.t.internal.TransactionImpl         : rolling back
2024-12-15T14:03:56.182-03:00 DEBUG 25938 --- [tienda-ms-pedidos] [           main] o.s.orm.jpa.JpaTransactionManager        : Closing JPA EntityManager [SessionImpl(916934868<open>)] after transaction
2024-12-15T14:03:56.182-03:00 DEBUG 25938 --- [tienda-ms-pedidos] [           main] o.s.t.c.transaction.TransactionContext   : Rolled back transaction (1) for test class [com.example.tienda_ms_pedidos.repository.OrdenRepositoryTest]; test method [updateEstado_UpdatesOrdenEstado]
2024-12-15T14:03:56.183-03:00 DEBUG 25938 --- [tienda-ms-pedidos] [           main] .c.s.DirtiesContextTestExecutionListener : After test method: class [OrdenRepositoryTest], method [updateEstado_UpdatesOrdenEstado], class annotated with @DirtiesContext [false] with mode [null], method annotated with @DirtiesContext [false] with mode [null]
]]></system-out>
    <system-err><![CDATA[Mockito is currently self-attaching to enable the inline-mock-maker. This will no longer work in future releases of the JDK. Please add Mockito as an agent to your build what is described in Mockito's documentation: https://javadoc.io/doc/org.mockito/mockito-core/latest/org/mockito/Mockito.html#0.3
WARNING: A Java agent has been loaded dynamically (/Users/gonzaloduranadasme/.m2/repository/net/bytebuddy/byte-buddy-agent/1.15.10/byte-buddy-agent-1.15.10.jar)
WARNING: If a serviceability tool is in use, please run with -XX:+EnableDynamicAgentLoading to hide this warning
WARNING: If a serviceability tool is not in use, please run with -Djdk.instrument.traceUsage for more information
WARNING: Dynamic loading of agents will be disallowed by default in a future release
]]></system-err>
  </testcase>
  <testcase name="findByEstado_ReturnsOrdenes" classname="com.example.tienda_ms_pedidos.repository.OrdenRepositoryTest" time="0.021">
    <system-out><![CDATA[2024-12-15T14:03:56.185-03:00 DEBUG 25938 --- [tienda-ms-pedidos] [           main] DependencyInjectionTestExecutionListener : Performing dependency injection for test class com.example.tienda_ms_pedidos.repository.OrdenRepositoryTest
2024-12-15T14:03:56.186-03:00 DEBUG 25938 --- [tienda-ms-pedidos] [           main] org.springframework.test.context.cache   : Spring test ApplicationContext cache statistics: [DefaultContextCache@42c4318b size = 1, maxSize = 32, parentContextCount = 0, hitCount = 14, missCount = 1, failureCount = 0]
2024-12-15T14:03:56.186-03:00 DEBUG 25938 --- [tienda-ms-pedidos] [           main] org.springframework.test.context.cache   : Spring test ApplicationContext cache statistics: [DefaultContextCache@42c4318b size = 1, maxSize = 32, parentContextCount = 0, hitCount = 15, missCount = 1, failureCount = 0]
2024-12-15T14:03:56.186-03:00 DEBUG 25938 --- [tienda-ms-pedidos] [           main] sContextBeforeModesTestExecutionListener : Before test method: class [OrdenRepositoryTest], method [findByEstado_ReturnsOrdenes], class annotated with @DirtiesContext [false] with mode [null], method annotated with @DirtiesContext [false] with mode [null]
2024-12-15T14:03:56.186-03:00 DEBUG 25938 --- [tienda-ms-pedidos] [           main] t.c.t.TransactionalTestExecutionListener : Explicit transaction definition [PROPAGATION_REQUIRED,ISOLATION_DEFAULT] found for test class [com.example.tienda_ms_pedidos.repository.OrdenRepositoryTest] and test method [findByEstado_ReturnsOrdenes]
2024-12-15T14:03:56.186-03:00 DEBUG 25938 --- [tienda-ms-pedidos] [           main] org.springframework.test.context.cache   : Spring test ApplicationContext cache statistics: [DefaultContextCache@42c4318b size = 1, maxSize = 32, parentContextCount = 0, hitCount = 16, missCount = 1, failureCount = 0]
2024-12-15T14:03:56.186-03:00 DEBUG 25938 --- [tienda-ms-pedidos] [           main] t.c.t.TransactionalTestExecutionListener : No method-level @Rollback override: using default rollback [true] for test method [void com.example.tienda_ms_pedidos.repository.OrdenRepositoryTest.findByEstado_ReturnsOrdenes()]
2024-12-15T14:03:56.186-03:00 DEBUG 25938 --- [tienda-ms-pedidos] [           main] o.s.orm.jpa.JpaTransactionManager        : Creating new transaction with name [com.example.tienda_ms_pedidos.repository.OrdenRepositoryTest.findByEstado_ReturnsOrdenes]: PROPAGATION_REQUIRED,ISOLATION_DEFAULT
2024-12-15T14:03:56.186-03:00 DEBUG 25938 --- [tienda-ms-pedidos] [           main] o.s.orm.jpa.JpaTransactionManager        : Opened new EntityManager [SessionImpl(927338850<open>)] for JPA transaction
2024-12-15T14:03:56.186-03:00 DEBUG 25938 --- [tienda-ms-pedidos] [           main] o.h.e.t.internal.TransactionImpl         : On TransactionImpl creation, JpaCompliance#isJpaTransactionComplianceEnabled == false
2024-12-15T14:03:56.186-03:00 DEBUG 25938 --- [tienda-ms-pedidos] [           main] o.h.e.t.internal.TransactionImpl         : begin
2024-12-15T14:03:56.186-03:00 DEBUG 25938 --- [tienda-ms-pedidos] [           main] o.s.orm.jpa.JpaTransactionManager        : Exposing JPA transaction as JDBC [org.springframework.orm.jpa.vendor.HibernateJpaDialect$HibernateConnectionHandle@d16bffd]
2024-12-15T14:03:56.186-03:00 DEBUG 25938 --- [tienda-ms-pedidos] [           main] o.s.t.c.transaction.TransactionContext   : Began transaction (1) for test class [com.example.tienda_ms_pedidos.repository.OrdenRepositoryTest]; test method [findByEstado_ReturnsOrdenes]; transaction manager [org.springframework.orm.jpa.JpaTransactionManager@1eb58871]; rollback [true]
2024-12-15T14:03:56.187-03:00 DEBUG 25938 --- [tienda-ms-pedidos] [           main] org.springframework.test.context.cache   : Spring test ApplicationContext cache statistics: [DefaultContextCache@42c4318b size = 1, maxSize = 32, parentContextCount = 0, hitCount = 17, missCount = 1, failureCount = 0]
2024-12-15T14:03:56.187-03:00 DEBUG 25938 --- [tienda-ms-pedidos] [           main] org.springframework.test.context.cache   : Spring test ApplicationContext cache statistics: [DefaultContextCache@42c4318b size = 1, maxSize = 32, parentContextCount = 0, hitCount = 18, missCount = 1, failureCount = 0]
2024-12-15T14:03:56.187-03:00 DEBUG 25938 --- [tienda-ms-pedidos] [           main] org.springframework.test.context.cache   : Spring test ApplicationContext cache statistics: [DefaultContextCache@42c4318b size = 1, maxSize = 32, parentContextCount = 0, hitCount = 19, missCount = 1, failureCount = 0]
2024-12-15T14:03:56.187-03:00 DEBUG 25938 --- [tienda-ms-pedidos] [           main] org.springframework.test.context.cache   : Spring test ApplicationContext cache statistics: [DefaultContextCache@42c4318b size = 1, maxSize = 32, parentContextCount = 0, hitCount = 20, missCount = 1, failureCount = 0]
2024-12-15T14:03:56.187-03:00 DEBUG 25938 --- [tienda-ms-pedidos] [           main] org.hibernate.engine.spi.ActionQueue     : Executing identity-insert immediately
2024-12-15T14:03:56.187-03:00 DEBUG 25938 --- [tienda-ms-pedidos] [           main] org.hibernate.SQL                        : 
    /* insert for
        com.example.tienda_ms_pedidos.model.Orden */insert 
    into
        ordenes (email, estado, fecha, monto_total, id_orden) 
    values
        (?, ?, ?, ?, default)
Hibernate: 
    /* insert for
        com.example.tienda_ms_pedidos.model.Orden */insert 
    into
        ordenes (email, estado, fecha, monto_total, id_orden) 
    values
        (?, ?, ?, ?, default)
2024-12-15T14:03:56.188-03:00 DEBUG 25938 --- [tienda-ms-pedidos] [           main] org.hibernate.orm.results                : Initializer list is empty
2024-12-15T14:03:56.188-03:00 DEBUG 25938 --- [tienda-ms-pedidos] [           main] o.h.id.IdentifierGeneratorHelper         : Extracted generated values [com.example.tienda_ms_pedidos.model.Orden]: [Ljava.lang.Object;@ebad17c
2024-12-15T14:03:56.188-03:00 DEBUG 25938 --- [tienda-ms-pedidos] [           main] org.hibernate.engine.spi.ActionQueue     : Executing identity-insert immediately
2024-12-15T14:03:56.188-03:00 DEBUG 25938 --- [tienda-ms-pedidos] [           main] org.hibernate.SQL                        : 
    /* insert for
        com.example.tienda_ms_pedidos.model.Orden */insert 
    into
        ordenes (email, estado, fecha, monto_total, id_orden) 
    values
        (?, ?, ?, ?, default)
Hibernate: 
    /* insert for
        com.example.tienda_ms_pedidos.model.Orden */insert 
    into
        ordenes (email, estado, fecha, monto_total, id_orden) 
    values
        (?, ?, ?, ?, default)
2024-12-15T14:03:56.188-03:00 DEBUG 25938 --- [tienda-ms-pedidos] [           main] org.hibernate.orm.results                : Initializer list is empty
2024-12-15T14:03:56.188-03:00 DEBUG 25938 --- [tienda-ms-pedidos] [           main] o.h.id.IdentifierGeneratorHelper         : Extracted generated values [com.example.tienda_ms_pedidos.model.Orden]: [Ljava.lang.Object;@3927903e
2024-12-15T14:03:56.188-03:00 DEBUG 25938 --- [tienda-ms-pedidos] [           main] org.hibernate.engine.spi.ActionQueue     : Executing identity-insert immediately
2024-12-15T14:03:56.188-03:00 DEBUG 25938 --- [tienda-ms-pedidos] [           main] org.hibernate.SQL                        : 
    /* insert for
        com.example.tienda_ms_pedidos.model.Orden */insert 
    into
        ordenes (email, estado, fecha, monto_total, id_orden) 
    values
        (?, ?, ?, ?, default)
Hibernate: 
    /* insert for
        com.example.tienda_ms_pedidos.model.Orden */insert 
    into
        ordenes (email, estado, fecha, monto_total, id_orden) 
    values
        (?, ?, ?, ?, default)
2024-12-15T14:03:56.189-03:00 DEBUG 25938 --- [tienda-ms-pedidos] [           main] org.hibernate.orm.results                : Initializer list is empty
2024-12-15T14:03:56.189-03:00 DEBUG 25938 --- [tienda-ms-pedidos] [           main] o.h.id.IdentifierGeneratorHelper         : Extracted generated values [com.example.tienda_ms_pedidos.model.Orden]: [Ljava.lang.Object;@24fa96f5
2024-12-15T14:03:56.189-03:00 DEBUG 25938 --- [tienda-ms-pedidos] [           main] o.h.e.i.AbstractFlushingEventListener    : Processing flush-time cascades
2024-12-15T14:03:56.189-03:00 DEBUG 25938 --- [tienda-ms-pedidos] [           main] o.h.e.i.AbstractFlushingEventListener    : Dirty checking collections
2024-12-15T14:03:56.189-03:00 DEBUG 25938 --- [tienda-ms-pedidos] [           main] o.h.e.i.AbstractFlushingEventListener    : Flushed: 0 insertions, 0 updates, 0 deletions to 3 objects
2024-12-15T14:03:56.189-03:00 DEBUG 25938 --- [tienda-ms-pedidos] [           main] o.h.e.i.AbstractFlushingEventListener    : Flushed: 0 (re)creations, 0 updates, 0 removals to 0 collections
2024-12-15T14:03:56.189-03:00 DEBUG 25938 --- [tienda-ms-pedidos] [           main] o.hibernate.internal.util.EntityPrinter  : Listing entities:
2024-12-15T14:03:56.189-03:00 DEBUG 25938 --- [tienda-ms-pedidos] [           main] o.hibernate.internal.util.EntityPrinter  : com.example.tienda_ms_pedidos.model.Orden{fecha=Sun Dec 15 14:03:56 GMT-03:00 2024, estado=2, detalles=null, id=4, email=test3@test.com, montoTotal=null}
2024-12-15T14:03:56.189-03:00 DEBUG 25938 --- [tienda-ms-pedidos] [           main] o.hibernate.internal.util.EntityPrinter  : com.example.tienda_ms_pedidos.model.Orden{fecha=Sun Dec 15 14:03:56 GMT-03:00 2024, estado=1, detalles=null, id=2, email=test1@test.com, montoTotal=null}
2024-12-15T14:03:56.189-03:00 DEBUG 25938 --- [tienda-ms-pedidos] [           main] o.hibernate.internal.util.EntityPrinter  : com.example.tienda_ms_pedidos.model.Orden{fecha=Sun Dec 15 14:03:56 GMT-03:00 2024, estado=1, detalles=null, id=3, email=test2@test.com, montoTotal=null}
2024-12-15T14:03:56.199-03:00 DEBUG 25938 --- [tienda-ms-pedidos] [           main] o.h.e.i.AbstractFlushingEventListener    : Processing flush-time cascades
2024-12-15T14:03:56.199-03:00 DEBUG 25938 --- [tienda-ms-pedidos] [           main] o.h.e.i.AbstractFlushingEventListener    : Dirty checking collections
2024-12-15T14:03:56.199-03:00 DEBUG 25938 --- [tienda-ms-pedidos] [           main] org.hibernate.orm.sql.ast.create         : Created new SQL alias : o1_0
2024-12-15T14:03:56.199-03:00 DEBUG 25938 --- [tienda-ms-pedidos] [           main] org.hibernate.orm.sql.ast.create         : Registration of TableGroup [StandardTableGroup(com.example.tienda_ms_pedidos.model.Orden(4))] with identifierForTableGroup [com.example.tienda_ms_pedidos.model.Orden] for NavigablePath [com.example.tienda_ms_pedidos.model.Orden] 
2024-12-15T14:03:56.202-03:00 DEBUG 25938 --- [tienda-ms-pedidos] [           main] o.h.q.sqm.sql.BaseSqmToSqlAstConverter   : Determining mapping-model type for SqmParameter : org.hibernate.query.sqm.tree.expression.SqmJpaCriteriaParameterWrapper@3a2877de
2024-12-15T14:03:56.202-03:00 DEBUG 25938 --- [tienda-ms-pedidos] [           main] o.h.q.sqm.sql.BaseSqmToSqlAstConverter   : Determining mapping-model type for SqmPath : SqmBasicValuedSimplePath(com.example.tienda_ms_pedidos.model.Orden(4).estado) 
2024-12-15T14:03:56.203-03:00 DEBUG 25938 --- [tienda-ms-pedidos] [           main] org.hibernate.orm.results.graph.AST      : DomainResult Graph:
 \-EntityResultImpl [com.example.tienda_ms_pedidos.model.Orden(4)]
 |  +-DelayedCollectionFetch [com.example.tienda_ms_pedidos.model.Orden(4).detalles]
 |  +-BasicFetch [com.example.tienda_ms_pedidos.model.Orden(4).email]
 |  +-BasicFetch [com.example.tienda_ms_pedidos.model.Orden(4).estado]
 |  +-BasicFetch [com.example.tienda_ms_pedidos.model.Orden(4).fecha]
 |  \-BasicFetch [com.example.tienda_ms_pedidos.model.Orden(4).montoTotal]

2024-12-15T14:03:56.203-03:00 DEBUG 25938 --- [tienda-ms-pedidos] [           main] org.hibernate.orm.sql.ast.tree           : SQL AST Tree:
    SelectStatement {
      FromClause {
        StandardTableGroup (o1 : com.example.tienda_ms_pedidos.model.Orden(4)) {
          primaryTableReference : ordenes as o1_0
        }
      }
    }

2024-12-15T14:03:56.204-03:00 DEBUG 25938 --- [tienda-ms-pedidos] [           main] o.h.e.i.AbstractFlushingEventListener    : Flushed: 0 insertions, 0 updates, 0 deletions to 3 objects
2024-12-15T14:03:56.204-03:00 DEBUG 25938 --- [tienda-ms-pedidos] [           main] o.h.e.i.AbstractFlushingEventListener    : Flushed: 0 (re)creations, 0 updates, 0 removals to 0 collections
2024-12-15T14:03:56.204-03:00 DEBUG 25938 --- [tienda-ms-pedidos] [           main] o.hibernate.internal.util.EntityPrinter  : Listing entities:
2024-12-15T14:03:56.204-03:00 DEBUG 25938 --- [tienda-ms-pedidos] [           main] o.hibernate.internal.util.EntityPrinter  : com.example.tienda_ms_pedidos.model.Orden{fecha=Sun Dec 15 14:03:56 GMT-03:00 2024, estado=2, detalles=null, id=4, email=test3@test.com, montoTotal=null}
2024-12-15T14:03:56.204-03:00 DEBUG 25938 --- [tienda-ms-pedidos] [           main] o.hibernate.internal.util.EntityPrinter  : com.example.tienda_ms_pedidos.model.Orden{fecha=Sun Dec 15 14:03:56 GMT-03:00 2024, estado=1, detalles=null, id=2, email=test1@test.com, montoTotal=null}
2024-12-15T14:03:56.204-03:00 DEBUG 25938 --- [tienda-ms-pedidos] [           main] o.hibernate.internal.util.EntityPrinter  : com.example.tienda_ms_pedidos.model.Orden{fecha=Sun Dec 15 14:03:56 GMT-03:00 2024, estado=1, detalles=null, id=3, email=test2@test.com, montoTotal=null}
2024-12-15T14:03:56.204-03:00 DEBUG 25938 --- [tienda-ms-pedidos] [           main] org.hibernate.orm.sql.exec               : Skipping reading Query result cache data: cache-enabled = false, cache-mode = NORMAL
2024-12-15T14:03:56.204-03:00 DEBUG 25938 --- [tienda-ms-pedidos] [           main] org.hibernate.SQL                        : 
    /* <criteria> */ select
        o1_0.id_orden,
        o1_0.email,
        o1_0.estado,
        o1_0.fecha,
        o1_0.monto_total 
    from
        ordenes o1_0 
    where
        o1_0.estado=?
Hibernate: 
    /* <criteria> */ select
        o1_0.id_orden,
        o1_0.email,
        o1_0.estado,
        o1_0.fecha,
        o1_0.monto_total 
    from
        ordenes o1_0 
    where
        o1_0.estado=?
2024-12-15T14:03:56.204-03:00 DEBUG 25938 --- [tienda-ms-pedidos] [           main] org.hibernate.orm.results                : Initializer list:
	  com.example.tienda_ms_pedidos.model.Orden(4).detalles -> DelayedCollectionInitializer(com.example.tienda_ms_pedidos.model.Orden(4).detalles)@154101442 (PluralAttribute(com.example.tienda_ms_pedidos.model.Orden.detalles))
	  com.example.tienda_ms_pedidos.model.Orden(4) -> EntityJoinedFetchInitializer(com.example.tienda_ms_pedidos.model.Orden(4))@1659222013 (SingleTableEntityPersister(com.example.tienda_ms_pedidos.model.Orden))

2024-12-15T14:03:56.205-03:00 DEBUG 25938 --- [tienda-ms-pedidos] [           main] org.springframework.test.context.cache   : Spring test ApplicationContext cache statistics: [DefaultContextCache@42c4318b size = 1, maxSize = 32, parentContextCount = 0, hitCount = 21, missCount = 1, failureCount = 0]
2024-12-15T14:03:56.205-03:00 DEBUG 25938 --- [tienda-ms-pedidos] [           main] org.springframework.test.context.cache   : Spring test ApplicationContext cache statistics: [DefaultContextCache@42c4318b size = 1, maxSize = 32, parentContextCount = 0, hitCount = 22, missCount = 1, failureCount = 0]
2024-12-15T14:03:56.206-03:00 DEBUG 25938 --- [tienda-ms-pedidos] [           main] org.springframework.test.context.cache   : Spring test ApplicationContext cache statistics: [DefaultContextCache@42c4318b size = 1, maxSize = 32, parentContextCount = 0, hitCount = 23, missCount = 1, failureCount = 0]
2024-12-15T14:03:56.206-03:00 DEBUG 25938 --- [tienda-ms-pedidos] [           main] org.springframework.test.context.cache   : Spring test ApplicationContext cache statistics: [DefaultContextCache@42c4318b size = 1, maxSize = 32, parentContextCount = 0, hitCount = 24, missCount = 1, failureCount = 0]
2024-12-15T14:03:56.206-03:00 DEBUG 25938 --- [tienda-ms-pedidos] [           main] org.springframework.test.context.cache   : Spring test ApplicationContext cache statistics: [DefaultContextCache@42c4318b size = 1, maxSize = 32, parentContextCount = 0, hitCount = 25, missCount = 1, failureCount = 0]
2024-12-15T14:03:56.206-03:00 DEBUG 25938 --- [tienda-ms-pedidos] [           main] org.springframework.test.context.cache   : Spring test ApplicationContext cache statistics: [DefaultContextCache@42c4318b size = 1, maxSize = 32, parentContextCount = 0, hitCount = 26, missCount = 1, failureCount = 0]
2024-12-15T14:03:56.206-03:00 DEBUG 25938 --- [tienda-ms-pedidos] [           main] org.springframework.test.context.cache   : Spring test ApplicationContext cache statistics: [DefaultContextCache@42c4318b size = 1, maxSize = 32, parentContextCount = 0, hitCount = 27, missCount = 1, failureCount = 0]
2024-12-15T14:03:56.206-03:00 DEBUG 25938 --- [tienda-ms-pedidos] [           main] o.s.orm.jpa.JpaTransactionManager        : Initiating transaction rollback
2024-12-15T14:03:56.206-03:00 DEBUG 25938 --- [tienda-ms-pedidos] [           main] o.s.orm.jpa.JpaTransactionManager        : Rolling back JPA transaction on EntityManager [SessionImpl(927338850<open>)]
2024-12-15T14:03:56.206-03:00 DEBUG 25938 --- [tienda-ms-pedidos] [           main] o.h.e.t.internal.TransactionImpl         : rolling back
2024-12-15T14:03:56.207-03:00 DEBUG 25938 --- [tienda-ms-pedidos] [           main] o.s.orm.jpa.JpaTransactionManager        : Closing JPA EntityManager [SessionImpl(927338850<open>)] after transaction
2024-12-15T14:03:56.207-03:00 DEBUG 25938 --- [tienda-ms-pedidos] [           main] o.s.t.c.transaction.TransactionContext   : Rolled back transaction (1) for test class [com.example.tienda_ms_pedidos.repository.OrdenRepositoryTest]; test method [findByEstado_ReturnsOrdenes]
2024-12-15T14:03:56.207-03:00 DEBUG 25938 --- [tienda-ms-pedidos] [           main] .c.s.DirtiesContextTestExecutionListener : After test method: class [OrdenRepositoryTest], method [findByEstado_ReturnsOrdenes], class annotated with @DirtiesContext [false] with mode [null], method annotated with @DirtiesContext [false] with mode [null]
]]></system-out>
  </testcase>
  <testcase name="crudOperations" classname="com.example.tienda_ms_pedidos.repository.OrdenRepositoryTest" time="0.011">
    <system-out><![CDATA[2024-12-15T14:03:56.207-03:00 DEBUG 25938 --- [tienda-ms-pedidos] [           main] DependencyInjectionTestExecutionListener : Performing dependency injection for test class com.example.tienda_ms_pedidos.repository.OrdenRepositoryTest
2024-12-15T14:03:56.207-03:00 DEBUG 25938 --- [tienda-ms-pedidos] [           main] org.springframework.test.context.cache   : Spring test ApplicationContext cache statistics: [DefaultContextCache@42c4318b size = 1, maxSize = 32, parentContextCount = 0, hitCount = 28, missCount = 1, failureCount = 0]
2024-12-15T14:03:56.208-03:00 DEBUG 25938 --- [tienda-ms-pedidos] [           main] org.springframework.test.context.cache   : Spring test ApplicationContext cache statistics: [DefaultContextCache@42c4318b size = 1, maxSize = 32, parentContextCount = 0, hitCount = 29, missCount = 1, failureCount = 0]
2024-12-15T14:03:56.208-03:00 DEBUG 25938 --- [tienda-ms-pedidos] [           main] sContextBeforeModesTestExecutionListener : Before test method: class [OrdenRepositoryTest], method [crudOperations], class annotated with @DirtiesContext [false] with mode [null], method annotated with @DirtiesContext [false] with mode [null]
2024-12-15T14:03:56.208-03:00 DEBUG 25938 --- [tienda-ms-pedidos] [           main] t.c.t.TransactionalTestExecutionListener : Explicit transaction definition [PROPAGATION_REQUIRED,ISOLATION_DEFAULT] found for test class [com.example.tienda_ms_pedidos.repository.OrdenRepositoryTest] and test method [crudOperations]
2024-12-15T14:03:56.208-03:00 DEBUG 25938 --- [tienda-ms-pedidos] [           main] org.springframework.test.context.cache   : Spring test ApplicationContext cache statistics: [DefaultContextCache@42c4318b size = 1, maxSize = 32, parentContextCount = 0, hitCount = 30, missCount = 1, failureCount = 0]
2024-12-15T14:03:56.208-03:00 DEBUG 25938 --- [tienda-ms-pedidos] [           main] t.c.t.TransactionalTestExecutionListener : No method-level @Rollback override: using default rollback [true] for test method [void com.example.tienda_ms_pedidos.repository.OrdenRepositoryTest.crudOperations()]
2024-12-15T14:03:56.208-03:00 DEBUG 25938 --- [tienda-ms-pedidos] [           main] o.s.orm.jpa.JpaTransactionManager        : Creating new transaction with name [com.example.tienda_ms_pedidos.repository.OrdenRepositoryTest.crudOperations]: PROPAGATION_REQUIRED,ISOLATION_DEFAULT
2024-12-15T14:03:56.208-03:00 DEBUG 25938 --- [tienda-ms-pedidos] [           main] o.s.orm.jpa.JpaTransactionManager        : Opened new EntityManager [SessionImpl(194699387<open>)] for JPA transaction
2024-12-15T14:03:56.208-03:00 DEBUG 25938 --- [tienda-ms-pedidos] [           main] o.h.e.t.internal.TransactionImpl         : On TransactionImpl creation, JpaCompliance#isJpaTransactionComplianceEnabled == false
2024-12-15T14:03:56.208-03:00 DEBUG 25938 --- [tienda-ms-pedidos] [           main] o.h.e.t.internal.TransactionImpl         : begin
2024-12-15T14:03:56.208-03:00 DEBUG 25938 --- [tienda-ms-pedidos] [           main] o.s.orm.jpa.JpaTransactionManager        : Exposing JPA transaction as JDBC [org.springframework.orm.jpa.vendor.HibernateJpaDialect$HibernateConnectionHandle@153000a]
2024-12-15T14:03:56.208-03:00 DEBUG 25938 --- [tienda-ms-pedidos] [           main] o.s.t.c.transaction.TransactionContext   : Began transaction (1) for test class [com.example.tienda_ms_pedidos.repository.OrdenRepositoryTest]; test method [crudOperations]; transaction manager [org.springframework.orm.jpa.JpaTransactionManager@1eb58871]; rollback [true]
2024-12-15T14:03:56.208-03:00 DEBUG 25938 --- [tienda-ms-pedidos] [           main] org.springframework.test.context.cache   : Spring test ApplicationContext cache statistics: [DefaultContextCache@42c4318b size = 1, maxSize = 32, parentContextCount = 0, hitCount = 31, missCount = 1, failureCount = 0]
2024-12-15T14:03:56.209-03:00 DEBUG 25938 --- [tienda-ms-pedidos] [           main] org.springframework.test.context.cache   : Spring test ApplicationContext cache statistics: [DefaultContextCache@42c4318b size = 1, maxSize = 32, parentContextCount = 0, hitCount = 32, missCount = 1, failureCount = 0]
2024-12-15T14:03:56.209-03:00 DEBUG 25938 --- [tienda-ms-pedidos] [           main] org.springframework.test.context.cache   : Spring test ApplicationContext cache statistics: [DefaultContextCache@42c4318b size = 1, maxSize = 32, parentContextCount = 0, hitCount = 33, missCount = 1, failureCount = 0]
2024-12-15T14:03:56.209-03:00 DEBUG 25938 --- [tienda-ms-pedidos] [           main] org.springframework.test.context.cache   : Spring test ApplicationContext cache statistics: [DefaultContextCache@42c4318b size = 1, maxSize = 32, parentContextCount = 0, hitCount = 34, missCount = 1, failureCount = 0]
2024-12-15T14:03:56.210-03:00 DEBUG 25938 --- [tienda-ms-pedidos] [           main] o.s.orm.jpa.JpaTransactionManager        : Found thread-bound EntityManager [SessionImpl(194699387<open>)] for JPA transaction
2024-12-15T14:03:56.210-03:00 DEBUG 25938 --- [tienda-ms-pedidos] [           main] o.s.orm.jpa.JpaTransactionManager        : Participating in existing transaction
2024-12-15T14:03:56.211-03:00 DEBUG 25938 --- [tienda-ms-pedidos] [           main] o.h.j.internal.PersistenceUnitUtilImpl   : jakarta.persistence.PersistenceUnitUtil.getIdentifier is only intended to work with enhanced entities (although Hibernate also adapts this support to its proxies); however the passed entity was not enhanced (nor a proxy).. may not be able to read identifier
2024-12-15T14:03:56.211-03:00 DEBUG 25938 --- [tienda-ms-pedidos] [           main] org.hibernate.engine.spi.ActionQueue     : Executing identity-insert immediately
2024-12-15T14:03:56.211-03:00 DEBUG 25938 --- [tienda-ms-pedidos] [           main] org.hibernate.SQL                        : 
    /* insert for
        com.example.tienda_ms_pedidos.model.Orden */insert 
    into
        ordenes (email, estado, fecha, monto_total, id_orden) 
    values
        (?, ?, ?, ?, default)
Hibernate: 
    /* insert for
        com.example.tienda_ms_pedidos.model.Orden */insert 
    into
        ordenes (email, estado, fecha, monto_total, id_orden) 
    values
        (?, ?, ?, ?, default)
2024-12-15T14:03:56.212-03:00 DEBUG 25938 --- [tienda-ms-pedidos] [           main] org.hibernate.orm.results                : Initializer list is empty
2024-12-15T14:03:56.212-03:00 DEBUG 25938 --- [tienda-ms-pedidos] [           main] o.h.id.IdentifierGeneratorHelper         : Extracted generated values [com.example.tienda_ms_pedidos.model.Orden]: [Ljava.lang.Object;@4ccb9133
2024-12-15T14:03:56.212-03:00 DEBUG 25938 --- [tienda-ms-pedidos] [           main] o.s.orm.jpa.JpaTransactionManager        : Found thread-bound EntityManager [SessionImpl(194699387<open>)] for JPA transaction
2024-12-15T14:03:56.212-03:00 DEBUG 25938 --- [tienda-ms-pedidos] [           main] o.s.orm.jpa.JpaTransactionManager        : Participating in existing transaction
2024-12-15T14:03:56.214-03:00 DEBUG 25938 --- [tienda-ms-pedidos] [           main] o.s.orm.jpa.JpaTransactionManager        : Found thread-bound EntityManager [SessionImpl(194699387<open>)] for JPA transaction
2024-12-15T14:03:56.214-03:00 DEBUG 25938 --- [tienda-ms-pedidos] [           main] o.s.orm.jpa.JpaTransactionManager        : Participating in existing transaction
2024-12-15T14:03:56.214-03:00 DEBUG 25938 --- [tienda-ms-pedidos] [           main] o.h.j.internal.PersistenceUnitUtilImpl   : jakarta.persistence.PersistenceUnitUtil.getIdentifier is only intended to work with enhanced entities (although Hibernate also adapts this support to its proxies); however the passed entity was not enhanced (nor a proxy).. may not be able to read identifier
2024-12-15T14:03:56.215-03:00 DEBUG 25938 --- [tienda-ms-pedidos] [           main] o.s.orm.jpa.JpaTransactionManager        : Found thread-bound EntityManager [SessionImpl(194699387<open>)] for JPA transaction
2024-12-15T14:03:56.215-03:00 DEBUG 25938 --- [tienda-ms-pedidos] [           main] o.s.orm.jpa.JpaTransactionManager        : Participating in existing transaction
2024-12-15T14:03:56.215-03:00 DEBUG 25938 --- [tienda-ms-pedidos] [           main] o.s.orm.jpa.JpaTransactionManager        : Found thread-bound EntityManager [SessionImpl(194699387<open>)] for JPA transaction
2024-12-15T14:03:56.215-03:00 DEBUG 25938 --- [tienda-ms-pedidos] [           main] o.s.orm.jpa.JpaTransactionManager        : Participating in existing transaction
2024-12-15T14:03:56.215-03:00 DEBUG 25938 --- [tienda-ms-pedidos] [           main] o.h.j.internal.PersistenceUnitUtilImpl   : jakarta.persistence.PersistenceUnitUtil.getIdentifier is only intended to work with enhanced entities (although Hibernate also adapts this support to its proxies); however the passed entity was not enhanced (nor a proxy).. may not be able to read identifier
2024-12-15T14:03:56.217-03:00 DEBUG 25938 --- [tienda-ms-pedidos] [           main] o.s.orm.jpa.JpaTransactionManager        : Found thread-bound EntityManager [SessionImpl(194699387<open>)] for JPA transaction
2024-12-15T14:03:56.217-03:00 DEBUG 25938 --- [tienda-ms-pedidos] [           main] o.s.orm.jpa.JpaTransactionManager        : Participating in existing transaction
2024-12-15T14:03:56.217-03:00 DEBUG 25938 --- [tienda-ms-pedidos] [           main] org.hibernate.orm.results.loading        : Load request found matching entity in context, but it is scheduled for removal; returning null
2024-12-15T14:03:56.218-03:00 DEBUG 25938 --- [tienda-ms-pedidos] [           main] org.springframework.test.context.cache   : Spring test ApplicationContext cache statistics: [DefaultContextCache@42c4318b size = 1, maxSize = 32, parentContextCount = 0, hitCount = 35, missCount = 1, failureCount = 0]
2024-12-15T14:03:56.218-03:00 DEBUG 25938 --- [tienda-ms-pedidos] [           main] org.springframework.test.context.cache   : Spring test ApplicationContext cache statistics: [DefaultContextCache@42c4318b size = 1, maxSize = 32, parentContextCount = 0, hitCount = 36, missCount = 1, failureCount = 0]
2024-12-15T14:03:56.218-03:00 DEBUG 25938 --- [tienda-ms-pedidos] [           main] org.springframework.test.context.cache   : Spring test ApplicationContext cache statistics: [DefaultContextCache@42c4318b size = 1, maxSize = 32, parentContextCount = 0, hitCount = 37, missCount = 1, failureCount = 0]
2024-12-15T14:03:56.218-03:00 DEBUG 25938 --- [tienda-ms-pedidos] [           main] org.springframework.test.context.cache   : Spring test ApplicationContext cache statistics: [DefaultContextCache@42c4318b size = 1, maxSize = 32, parentContextCount = 0, hitCount = 38, missCount = 1, failureCount = 0]
2024-12-15T14:03:56.218-03:00 DEBUG 25938 --- [tienda-ms-pedidos] [           main] org.springframework.test.context.cache   : Spring test ApplicationContext cache statistics: [DefaultContextCache@42c4318b size = 1, maxSize = 32, parentContextCount = 0, hitCount = 39, missCount = 1, failureCount = 0]
2024-12-15T14:03:56.218-03:00 DEBUG 25938 --- [tienda-ms-pedidos] [           main] org.springframework.test.context.cache   : Spring test ApplicationContext cache statistics: [DefaultContextCache@42c4318b size = 1, maxSize = 32, parentContextCount = 0, hitCount = 40, missCount = 1, failureCount = 0]
2024-12-15T14:03:56.218-03:00 DEBUG 25938 --- [tienda-ms-pedidos] [           main] org.springframework.test.context.cache   : Spring test ApplicationContext cache statistics: [DefaultContextCache@42c4318b size = 1, maxSize = 32, parentContextCount = 0, hitCount = 41, missCount = 1, failureCount = 0]
2024-12-15T14:03:56.218-03:00 DEBUG 25938 --- [tienda-ms-pedidos] [           main] o.s.orm.jpa.JpaTransactionManager        : Initiating transaction rollback
2024-12-15T14:03:56.218-03:00 DEBUG 25938 --- [tienda-ms-pedidos] [           main] o.s.orm.jpa.JpaTransactionManager        : Rolling back JPA transaction on EntityManager [SessionImpl(194699387<open>)]
2024-12-15T14:03:56.218-03:00 DEBUG 25938 --- [tienda-ms-pedidos] [           main] o.h.e.t.internal.TransactionImpl         : rolling back
2024-12-15T14:03:56.219-03:00 DEBUG 25938 --- [tienda-ms-pedidos] [           main] o.s.orm.jpa.JpaTransactionManager        : Closing JPA EntityManager [SessionImpl(194699387<open>)] after transaction
2024-12-15T14:03:56.219-03:00 DEBUG 25938 --- [tienda-ms-pedidos] [           main] o.s.t.c.transaction.TransactionContext   : Rolled back transaction (1) for test class [com.example.tienda_ms_pedidos.repository.OrdenRepositoryTest]; test method [crudOperations]
2024-12-15T14:03:56.219-03:00 DEBUG 25938 --- [tienda-ms-pedidos] [           main] .c.s.DirtiesContextTestExecutionListener : After test method: class [OrdenRepositoryTest], method [crudOperations], class annotated with @DirtiesContext [false] with mode [null], method annotated with @DirtiesContext [false] with mode [null]
]]></system-out>
  </testcase>
  <testcase name="findByEmail_ReturnsOrdenes" classname="com.example.tienda_ms_pedidos.repository.OrdenRepositoryTest" time="0.006">
    <system-out><![CDATA[2024-12-15T14:03:56.219-03:00 DEBUG 25938 --- [tienda-ms-pedidos] [           main] DependencyInjectionTestExecutionListener : Performing dependency injection for test class com.example.tienda_ms_pedidos.repository.OrdenRepositoryTest
2024-12-15T14:03:56.219-03:00 DEBUG 25938 --- [tienda-ms-pedidos] [           main] org.springframework.test.context.cache   : Spring test ApplicationContext cache statistics: [DefaultContextCache@42c4318b size = 1, maxSize = 32, parentContextCount = 0, hitCount = 42, missCount = 1, failureCount = 0]
2024-12-15T14:03:56.220-03:00 DEBUG 25938 --- [tienda-ms-pedidos] [           main] org.springframework.test.context.cache   : Spring test ApplicationContext cache statistics: [DefaultContextCache@42c4318b size = 1, maxSize = 32, parentContextCount = 0, hitCount = 43, missCount = 1, failureCount = 0]
2024-12-15T14:03:56.220-03:00 DEBUG 25938 --- [tienda-ms-pedidos] [           main] sContextBeforeModesTestExecutionListener : Before test method: class [OrdenRepositoryTest], method [findByEmail_ReturnsOrdenes], class annotated with @DirtiesContext [false] with mode [null], method annotated with @DirtiesContext [false] with mode [null]
2024-12-15T14:03:56.220-03:00 DEBUG 25938 --- [tienda-ms-pedidos] [           main] t.c.t.TransactionalTestExecutionListener : Explicit transaction definition [PROPAGATION_REQUIRED,ISOLATION_DEFAULT] found for test class [com.example.tienda_ms_pedidos.repository.OrdenRepositoryTest] and test method [findByEmail_ReturnsOrdenes]
2024-12-15T14:03:56.220-03:00 DEBUG 25938 --- [tienda-ms-pedidos] [           main] org.springframework.test.context.cache   : Spring test ApplicationContext cache statistics: [DefaultContextCache@42c4318b size = 1, maxSize = 32, parentContextCount = 0, hitCount = 44, missCount = 1, failureCount = 0]
2024-12-15T14:03:56.220-03:00 DEBUG 25938 --- [tienda-ms-pedidos] [           main] t.c.t.TransactionalTestExecutionListener : No method-level @Rollback override: using default rollback [true] for test method [void com.example.tienda_ms_pedidos.repository.OrdenRepositoryTest.findByEmail_ReturnsOrdenes()]
2024-12-15T14:03:56.220-03:00 DEBUG 25938 --- [tienda-ms-pedidos] [           main] o.s.orm.jpa.JpaTransactionManager        : Creating new transaction with name [com.example.tienda_ms_pedidos.repository.OrdenRepositoryTest.findByEmail_ReturnsOrdenes]: PROPAGATION_REQUIRED,ISOLATION_DEFAULT
2024-12-15T14:03:56.220-03:00 DEBUG 25938 --- [tienda-ms-pedidos] [           main] o.s.orm.jpa.JpaTransactionManager        : Opened new EntityManager [SessionImpl(688535606<open>)] for JPA transaction
2024-12-15T14:03:56.220-03:00 DEBUG 25938 --- [tienda-ms-pedidos] [           main] o.h.e.t.internal.TransactionImpl         : On TransactionImpl creation, JpaCompliance#isJpaTransactionComplianceEnabled == false
2024-12-15T14:03:56.220-03:00 DEBUG 25938 --- [tienda-ms-pedidos] [           main] o.h.e.t.internal.TransactionImpl         : begin
2024-12-15T14:03:56.220-03:00 DEBUG 25938 --- [tienda-ms-pedidos] [           main] o.s.orm.jpa.JpaTransactionManager        : Exposing JPA transaction as JDBC [org.springframework.orm.jpa.vendor.HibernateJpaDialect$HibernateConnectionHandle@5cfb0061]
2024-12-15T14:03:56.220-03:00 DEBUG 25938 --- [tienda-ms-pedidos] [           main] o.s.t.c.transaction.TransactionContext   : Began transaction (1) for test class [com.example.tienda_ms_pedidos.repository.OrdenRepositoryTest]; test method [findByEmail_ReturnsOrdenes]; transaction manager [org.springframework.orm.jpa.JpaTransactionManager@1eb58871]; rollback [true]
2024-12-15T14:03:56.220-03:00 DEBUG 25938 --- [tienda-ms-pedidos] [           main] org.springframework.test.context.cache   : Spring test ApplicationContext cache statistics: [DefaultContextCache@42c4318b size = 1, maxSize = 32, parentContextCount = 0, hitCount = 45, missCount = 1, failureCount = 0]
2024-12-15T14:03:56.220-03:00 DEBUG 25938 --- [tienda-ms-pedidos] [           main] org.springframework.test.context.cache   : Spring test ApplicationContext cache statistics: [DefaultContextCache@42c4318b size = 1, maxSize = 32, parentContextCount = 0, hitCount = 46, missCount = 1, failureCount = 0]
2024-12-15T14:03:56.220-03:00 DEBUG 25938 --- [tienda-ms-pedidos] [           main] org.springframework.test.context.cache   : Spring test ApplicationContext cache statistics: [DefaultContextCache@42c4318b size = 1, maxSize = 32, parentContextCount = 0, hitCount = 47, missCount = 1, failureCount = 0]
2024-12-15T14:03:56.221-03:00 DEBUG 25938 --- [tienda-ms-pedidos] [           main] org.springframework.test.context.cache   : Spring test ApplicationContext cache statistics: [DefaultContextCache@42c4318b size = 1, maxSize = 32, parentContextCount = 0, hitCount = 48, missCount = 1, failureCount = 0]
2024-12-15T14:03:56.221-03:00 DEBUG 25938 --- [tienda-ms-pedidos] [           main] org.hibernate.engine.spi.ActionQueue     : Executing identity-insert immediately
2024-12-15T14:03:56.221-03:00 DEBUG 25938 --- [tienda-ms-pedidos] [           main] org.hibernate.SQL                        : 
    /* insert for
        com.example.tienda_ms_pedidos.model.Orden */insert 
    into
        ordenes (email, estado, fecha, monto_total, id_orden) 
    values
        (?, ?, ?, ?, default)
Hibernate: 
    /* insert for
        com.example.tienda_ms_pedidos.model.Orden */insert 
    into
        ordenes (email, estado, fecha, monto_total, id_orden) 
    values
        (?, ?, ?, ?, default)
2024-12-15T14:03:56.221-03:00 DEBUG 25938 --- [tienda-ms-pedidos] [           main] org.hibernate.orm.results                : Initializer list is empty
2024-12-15T14:03:56.221-03:00 DEBUG 25938 --- [tienda-ms-pedidos] [           main] o.h.id.IdentifierGeneratorHelper         : Extracted generated values [com.example.tienda_ms_pedidos.model.Orden]: [Ljava.lang.Object;@2c69af89
2024-12-15T14:03:56.221-03:00 DEBUG 25938 --- [tienda-ms-pedidos] [           main] org.hibernate.engine.spi.ActionQueue     : Executing identity-insert immediately
2024-12-15T14:03:56.221-03:00 DEBUG 25938 --- [tienda-ms-pedidos] [           main] org.hibernate.SQL                        : 
    /* insert for
        com.example.tienda_ms_pedidos.model.Orden */insert 
    into
        ordenes (email, estado, fecha, monto_total, id_orden) 
    values
        (?, ?, ?, ?, default)
Hibernate: 
    /* insert for
        com.example.tienda_ms_pedidos.model.Orden */insert 
    into
        ordenes (email, estado, fecha, monto_total, id_orden) 
    values
        (?, ?, ?, ?, default)
2024-12-15T14:03:56.222-03:00 DEBUG 25938 --- [tienda-ms-pedidos] [           main] org.hibernate.orm.results                : Initializer list is empty
2024-12-15T14:03:56.222-03:00 DEBUG 25938 --- [tienda-ms-pedidos] [           main] o.h.id.IdentifierGeneratorHelper         : Extracted generated values [com.example.tienda_ms_pedidos.model.Orden]: [Ljava.lang.Object;@21749559
2024-12-15T14:03:56.222-03:00 DEBUG 25938 --- [tienda-ms-pedidos] [           main] org.hibernate.engine.spi.ActionQueue     : Executing identity-insert immediately
2024-12-15T14:03:56.222-03:00 DEBUG 25938 --- [tienda-ms-pedidos] [           main] org.hibernate.SQL                        : 
    /* insert for
        com.example.tienda_ms_pedidos.model.Orden */insert 
    into
        ordenes (email, estado, fecha, monto_total, id_orden) 
    values
        (?, ?, ?, ?, default)
Hibernate: 
    /* insert for
        com.example.tienda_ms_pedidos.model.Orden */insert 
    into
        ordenes (email, estado, fecha, monto_total, id_orden) 
    values
        (?, ?, ?, ?, default)
2024-12-15T14:03:56.222-03:00 DEBUG 25938 --- [tienda-ms-pedidos] [           main] org.hibernate.orm.results                : Initializer list is empty
2024-12-15T14:03:56.222-03:00 DEBUG 25938 --- [tienda-ms-pedidos] [           main] o.h.id.IdentifierGeneratorHelper         : Extracted generated values [com.example.tienda_ms_pedidos.model.Orden]: [Ljava.lang.Object;@2860fccf
2024-12-15T14:03:56.222-03:00 DEBUG 25938 --- [tienda-ms-pedidos] [           main] o.h.e.i.AbstractFlushingEventListener    : Processing flush-time cascades
2024-12-15T14:03:56.222-03:00 DEBUG 25938 --- [tienda-ms-pedidos] [           main] o.h.e.i.AbstractFlushingEventListener    : Dirty checking collections
2024-12-15T14:03:56.222-03:00 DEBUG 25938 --- [tienda-ms-pedidos] [           main] o.h.e.i.AbstractFlushingEventListener    : Flushed: 0 insertions, 0 updates, 0 deletions to 3 objects
2024-12-15T14:03:56.222-03:00 DEBUG 25938 --- [tienda-ms-pedidos] [           main] o.h.e.i.AbstractFlushingEventListener    : Flushed: 0 (re)creations, 0 updates, 0 removals to 0 collections
2024-12-15T14:03:56.222-03:00 DEBUG 25938 --- [tienda-ms-pedidos] [           main] o.hibernate.internal.util.EntityPrinter  : Listing entities:
2024-12-15T14:03:56.222-03:00 DEBUG 25938 --- [tienda-ms-pedidos] [           main] o.hibernate.internal.util.EntityPrinter  : com.example.tienda_ms_pedidos.model.Orden{fecha=Sun Dec 15 14:03:56 GMT-03:00 2024, estado=1, detalles=null, id=6, email=test@test.com, montoTotal=null}
2024-12-15T14:03:56.222-03:00 DEBUG 25938 --- [tienda-ms-pedidos] [           main] o.hibernate.internal.util.EntityPrinter  : com.example.tienda_ms_pedidos.model.Orden{fecha=Sun Dec 15 14:03:56 GMT-03:00 2024, estado=2, detalles=null, id=7, email=test@test.com, montoTotal=null}
2024-12-15T14:03:56.222-03:00 DEBUG 25938 --- [tienda-ms-pedidos] [           main] o.hibernate.internal.util.EntityPrinter  : com.example.tienda_ms_pedidos.model.Orden{fecha=Sun Dec 15 14:03:56 GMT-03:00 2024, estado=1, detalles=null, id=8, email=other@test.com, montoTotal=null}
2024-12-15T14:03:56.223-03:00 DEBUG 25938 --- [tienda-ms-pedidos] [           main] o.h.e.i.AbstractFlushingEventListener    : Processing flush-time cascades
2024-12-15T14:03:56.223-03:00 DEBUG 25938 --- [tienda-ms-pedidos] [           main] o.h.e.i.AbstractFlushingEventListener    : Dirty checking collections
2024-12-15T14:03:56.223-03:00 DEBUG 25938 --- [tienda-ms-pedidos] [           main] org.hibernate.orm.sql.ast.create         : Created new SQL alias : o1_0
2024-12-15T14:03:56.223-03:00 DEBUG 25938 --- [tienda-ms-pedidos] [           main] org.hibernate.orm.sql.ast.create         : Registration of TableGroup [StandardTableGroup(com.example.tienda_ms_pedidos.model.Orden(2))] with identifierForTableGroup [com.example.tienda_ms_pedidos.model.Orden] for NavigablePath [com.example.tienda_ms_pedidos.model.Orden] 
2024-12-15T14:03:56.223-03:00 DEBUG 25938 --- [tienda-ms-pedidos] [           main] o.h.q.sqm.sql.BaseSqmToSqlAstConverter   : Determining mapping-model type for SqmParameter : org.hibernate.query.sqm.tree.expression.SqmJpaCriteriaParameterWrapper@16593c1d
2024-12-15T14:03:56.223-03:00 DEBUG 25938 --- [tienda-ms-pedidos] [           main] o.h.q.sqm.sql.BaseSqmToSqlAstConverter   : Determining mapping-model type for SqmPath : SqmBasicValuedSimplePath(com.example.tienda_ms_pedidos.model.Orden(2).email) 
2024-12-15T14:03:56.223-03:00 DEBUG 25938 --- [tienda-ms-pedidos] [           main] org.hibernate.orm.results.graph.AST      : DomainResult Graph:
 \-EntityResultImpl [com.example.tienda_ms_pedidos.model.Orden(2)]
 |  +-DelayedCollectionFetch [com.example.tienda_ms_pedidos.model.Orden(2).detalles]
 |  +-BasicFetch [com.example.tienda_ms_pedidos.model.Orden(2).email]
 |  +-BasicFetch [com.example.tienda_ms_pedidos.model.Orden(2).estado]
 |  +-BasicFetch [com.example.tienda_ms_pedidos.model.Orden(2).fecha]
 |  \-BasicFetch [com.example.tienda_ms_pedidos.model.Orden(2).montoTotal]

2024-12-15T14:03:56.223-03:00 DEBUG 25938 --- [tienda-ms-pedidos] [           main] org.hibernate.orm.sql.ast.tree           : SQL AST Tree:
    SelectStatement {
      FromClause {
        StandardTableGroup (o1 : com.example.tienda_ms_pedidos.model.Orden(2)) {
          primaryTableReference : ordenes as o1_0
        }
      }
    }

2024-12-15T14:03:56.224-03:00 DEBUG 25938 --- [tienda-ms-pedidos] [           main] o.h.e.i.AbstractFlushingEventListener    : Flushed: 0 insertions, 0 updates, 0 deletions to 3 objects
2024-12-15T14:03:56.224-03:00 DEBUG 25938 --- [tienda-ms-pedidos] [           main] o.h.e.i.AbstractFlushingEventListener    : Flushed: 0 (re)creations, 0 updates, 0 removals to 0 collections
2024-12-15T14:03:56.224-03:00 DEBUG 25938 --- [tienda-ms-pedidos] [           main] o.hibernate.internal.util.EntityPrinter  : Listing entities:
2024-12-15T14:03:56.224-03:00 DEBUG 25938 --- [tienda-ms-pedidos] [           main] o.hibernate.internal.util.EntityPrinter  : com.example.tienda_ms_pedidos.model.Orden{fecha=Sun Dec 15 14:03:56 GMT-03:00 2024, estado=1, detalles=null, id=6, email=test@test.com, montoTotal=null}
2024-12-15T14:03:56.224-03:00 DEBUG 25938 --- [tienda-ms-pedidos] [           main] o.hibernate.internal.util.EntityPrinter  : com.example.tienda_ms_pedidos.model.Orden{fecha=Sun Dec 15 14:03:56 GMT-03:00 2024, estado=2, detalles=null, id=7, email=test@test.com, montoTotal=null}
2024-12-15T14:03:56.224-03:00 DEBUG 25938 --- [tienda-ms-pedidos] [           main] o.hibernate.internal.util.EntityPrinter  : com.example.tienda_ms_pedidos.model.Orden{fecha=Sun Dec 15 14:03:56 GMT-03:00 2024, estado=1, detalles=null, id=8, email=other@test.com, montoTotal=null}
2024-12-15T14:03:56.224-03:00 DEBUG 25938 --- [tienda-ms-pedidos] [           main] org.hibernate.orm.sql.exec               : Skipping reading Query result cache data: cache-enabled = false, cache-mode = NORMAL
2024-12-15T14:03:56.224-03:00 DEBUG 25938 --- [tienda-ms-pedidos] [           main] org.hibernate.SQL                        : 
    /* <criteria> */ select
        o1_0.id_orden,
        o1_0.email,
        o1_0.estado,
        o1_0.fecha,
        o1_0.monto_total 
    from
        ordenes o1_0 
    where
        o1_0.email=?
Hibernate: 
    /* <criteria> */ select
        o1_0.id_orden,
        o1_0.email,
        o1_0.estado,
        o1_0.fecha,
        o1_0.monto_total 
    from
        ordenes o1_0 
    where
        o1_0.email=?
2024-12-15T14:03:56.224-03:00 DEBUG 25938 --- [tienda-ms-pedidos] [           main] org.hibernate.orm.results                : Initializer list:
	  com.example.tienda_ms_pedidos.model.Orden(2).detalles -> DelayedCollectionInitializer(com.example.tienda_ms_pedidos.model.Orden(2).detalles)@1303961244 (PluralAttribute(com.example.tienda_ms_pedidos.model.Orden.detalles))
	  com.example.tienda_ms_pedidos.model.Orden(2) -> EntityJoinedFetchInitializer(com.example.tienda_ms_pedidos.model.Orden(2))@296230320 (SingleTableEntityPersister(com.example.tienda_ms_pedidos.model.Orden))

2024-12-15T14:03:56.225-03:00 DEBUG 25938 --- [tienda-ms-pedidos] [           main] org.springframework.test.context.cache   : Spring test ApplicationContext cache statistics: [DefaultContextCache@42c4318b size = 1, maxSize = 32, parentContextCount = 0, hitCount = 49, missCount = 1, failureCount = 0]
2024-12-15T14:03:56.225-03:00 DEBUG 25938 --- [tienda-ms-pedidos] [           main] org.springframework.test.context.cache   : Spring test ApplicationContext cache statistics: [DefaultContextCache@42c4318b size = 1, maxSize = 32, parentContextCount = 0, hitCount = 50, missCount = 1, failureCount = 0]
2024-12-15T14:03:56.225-03:00 DEBUG 25938 --- [tienda-ms-pedidos] [           main] org.springframework.test.context.cache   : Spring test ApplicationContext cache statistics: [DefaultContextCache@42c4318b size = 1, maxSize = 32, parentContextCount = 0, hitCount = 51, missCount = 1, failureCount = 0]
2024-12-15T14:03:56.225-03:00 DEBUG 25938 --- [tienda-ms-pedidos] [           main] org.springframework.test.context.cache   : Spring test ApplicationContext cache statistics: [DefaultContextCache@42c4318b size = 1, maxSize = 32, parentContextCount = 0, hitCount = 52, missCount = 1, failureCount = 0]
2024-12-15T14:03:56.225-03:00 DEBUG 25938 --- [tienda-ms-pedidos] [           main] org.springframework.test.context.cache   : Spring test ApplicationContext cache statistics: [DefaultContextCache@42c4318b size = 1, maxSize = 32, parentContextCount = 0, hitCount = 53, missCount = 1, failureCount = 0]
2024-12-15T14:03:56.225-03:00 DEBUG 25938 --- [tienda-ms-pedidos] [           main] org.springframework.test.context.cache   : Spring test ApplicationContext cache statistics: [DefaultContextCache@42c4318b size = 1, maxSize = 32, parentContextCount = 0, hitCount = 54, missCount = 1, failureCount = 0]
2024-12-15T14:03:56.225-03:00 DEBUG 25938 --- [tienda-ms-pedidos] [           main] org.springframework.test.context.cache   : Spring test ApplicationContext cache statistics: [DefaultContextCache@42c4318b size = 1, maxSize = 32, parentContextCount = 0, hitCount = 55, missCount = 1, failureCount = 0]
2024-12-15T14:03:56.225-03:00 DEBUG 25938 --- [tienda-ms-pedidos] [           main] o.s.orm.jpa.JpaTransactionManager        : Initiating transaction rollback
2024-12-15T14:03:56.225-03:00 DEBUG 25938 --- [tienda-ms-pedidos] [           main] o.s.orm.jpa.JpaTransactionManager        : Rolling back JPA transaction on EntityManager [SessionImpl(688535606<open>)]
2024-12-15T14:03:56.225-03:00 DEBUG 25938 --- [tienda-ms-pedidos] [           main] o.h.e.t.internal.TransactionImpl         : rolling back
2024-12-15T14:03:56.226-03:00 DEBUG 25938 --- [tienda-ms-pedidos] [           main] o.s.orm.jpa.JpaTransactionManager        : Closing JPA EntityManager [SessionImpl(688535606<open>)] after transaction
2024-12-15T14:03:56.226-03:00 DEBUG 25938 --- [tienda-ms-pedidos] [           main] o.s.t.c.transaction.TransactionContext   : Rolled back transaction (1) for test class [com.example.tienda_ms_pedidos.repository.OrdenRepositoryTest]; test method [findByEmail_ReturnsOrdenes]
2024-12-15T14:03:56.226-03:00 DEBUG 25938 --- [tienda-ms-pedidos] [           main] .c.s.DirtiesContextTestExecutionListener : After test method: class [OrdenRepositoryTest], method [findByEmail_ReturnsOrdenes], class annotated with @DirtiesContext [false] with mode [null], method annotated with @DirtiesContext [false] with mode [null]
]]></system-out>
  </testcase>
</testsuite>