<?xml version="1.0" encoding="UTF-8"?>
<testsuite xmlns:xsi="http://www.w3.org/2001/XMLSchema-instance" xsi:noNamespaceSchemaLocation="https://maven.apache.org/surefire/maven-surefire-plugin/xsd/surefire-test-report.xsd" version="3.0.2" name="com.example.tienda_ms_pedidos.repository.ProductoRepositoryTest" time="0.112" tests="5" errors="0" skipped="0" failures="0">
  <properties>
    <property name="java.specification.version" value="23"/>
    <property name="sonar.login" value="squ_5e4c5603d90e1d770861611138b26d0f447d89d9"/>
    <property name="sonar.host.url" value="http://localhost:9000"/>
    <property name="sun.jnu.encoding" value="UTF-8"/>
    <property name="java.class.path" value="/Users/gonzaloduranadasme/Documents/GitHub/FS3_Sumativa/backend-arquetipo/tienda-ms-pedidos/target/test-classes:/Users/gonzaloduranadasme/Documents/GitHub/FS3_Sumativa/backend-arquetipo/tienda-ms-pedidos/target/classes:/Users/gonzaloduranadasme/.m2/repository/org/junit/jupiter/junit-jupiter/5.9.3/junit-jupiter-5.9.3.jar:/Users/gonzaloduranadasme/.m2/repository/org/junit/jupiter/junit-jupiter-params/5.11.3/junit-jupiter-params-5.11.3.jar:/Users/gonzaloduranadasme/.m2/repository/org/springframework/boot/spring-boot-starter-data-jpa/3.4.0/spring-boot-starter-data-jpa-3.4.0.jar:/Users/gonzaloduranadasme/.m2/repository/org/springframework/boot/spring-boot-starter/3.4.0/spring-boot-starter-3.4.0.jar:/Users/gonzaloduranadasme/.m2/repository/org/springframework/boot/spring-boot-starter-logging/3.4.0/spring-boot-starter-logging-3.4.0.jar:/Users/gonzaloduranadasme/.m2/repository/ch/qos/logback/logback-classic/1.5.12/logback-classic-1.5.12.jar:/Users/gonzaloduranadasme/.m2/repository/ch/qos/logback/logback-core/1.5.12/logback-core-1.5.12.jar:/Users/gonzaloduranadasme/.m2/repository/org/apache/logging/log4j/log4j-to-slf4j/2.24.1/log4j-to-slf4j-2.24.1.jar:/Users/gonzaloduranadasme/.m2/repository/org/apache/logging/log4j/log4j-api/2.24.1/log4j-api-2.24.1.jar:/Users/gonzaloduranadasme/.m2/repository/org/slf4j/jul-to-slf4j/2.0.16/jul-to-slf4j-2.0.16.jar:/Users/gonzaloduranadasme/.m2/repository/jakarta/annotation/jakarta.annotation-api/2.1.1/jakarta.annotation-api-2.1.1.jar:/Users/gonzaloduranadasme/.m2/repository/org/yaml/snakeyaml/2.3/snakeyaml-2.3.jar:/Users/gonzaloduranadasme/.m2/repository/org/springframework/boot/spring-boot-starter-jdbc/3.4.0/spring-boot-starter-jdbc-3.4.0.jar:/Users/gonzaloduranadasme/.m2/repository/com/zaxxer/HikariCP/5.1.0/HikariCP-5.1.0.jar:/Users/gonzaloduranadasme/.m2/repository/org/springframework/spring-jdbc/6.2.0/spring-jdbc-6.2.0.jar:/Users/gonzaloduranadasme/.m2/repository/org/hibernate/orm/hibernate-core/6.6.2.Final/hibernate-core-6.6.2.Final.jar:/Users/gonzaloduranadasme/.m2/repository/jakarta/persistence/jakarta.persistence-api/3.1.0/jakarta.persistence-api-3.1.0.jar:/Users/gonzaloduranadasme/.m2/repository/jakarta/transaction/jakarta.transaction-api/2.0.1/jakarta.transaction-api-2.0.1.jar:/Users/gonzaloduranadasme/.m2/repository/org/jboss/logging/jboss-logging/3.6.1.Final/jboss-logging-3.6.1.Final.jar:/Users/gonzaloduranadasme/.m2/repository/org/hibernate/common/hibernate-commons-annotations/7.0.3.Final/hibernate-commons-annotations-7.0.3.Final.jar:/Users/gonzaloduranadasme/.m2/repository/io/smallrye/jandex/3.2.0/jandex-3.2.0.jar:/Users/gonzaloduranadasme/.m2/repository/com/fasterxml/classmate/1.7.0/classmate-1.7.0.jar:/Users/gonzaloduranadasme/.m2/repository/org/glassfish/jaxb/jaxb-runtime/4.0.5/jaxb-runtime-4.0.5.jar:/Users/gonzaloduranadasme/.m2/repository/org/glassfish/jaxb/jaxb-core/4.0.5/jaxb-core-4.0.5.jar:/Users/gonzaloduranadasme/.m2/repository/org/eclipse/angus/angus-activation/2.0.2/angus-activation-2.0.2.jar:/Users/gonzaloduranadasme/.m2/repository/org/glassfish/jaxb/txw2/4.0.5/txw2-4.0.5.jar:/Users/gonzaloduranadasme/.m2/repository/com/sun/istack/istack-commons-runtime/4.1.2/istack-commons-runtime-4.1.2.jar:/Users/gonzaloduranadasme/.m2/repository/jakarta/inject/jakarta.inject-api/2.0.1/jakarta.inject-api-2.0.1.jar:/Users/gonzaloduranadasme/.m2/repository/org/antlr/antlr4-runtime/4.13.0/antlr4-runtime-4.13.0.jar:/Users/gonzaloduranadasme/.m2/repository/org/springframework/data/spring-data-jpa/3.4.0/spring-data-jpa-3.4.0.jar:/Users/gonzaloduranadasme/.m2/repository/org/springframework/data/spring-data-commons/3.4.0/spring-data-commons-3.4.0.jar:/Users/gonzaloduranadasme/.m2/repository/org/springframework/spring-orm/6.2.0/spring-orm-6.2.0.jar:/Users/gonzaloduranadasme/.m2/repository/org/springframework/spring-context/6.2.0/spring-context-6.2.0.jar:/Users/gonzaloduranadasme/.m2/repository/org/springframework/spring-aop/6.2.0/spring-aop-6.2.0.jar:/Users/gonzaloduranadasme/.m2/repository/org/springframework/spring-tx/6.2.0/spring-tx-6.2.0.jar:/Users/gonzaloduranadasme/.m2/repository/org/springframework/spring-beans/6.2.0/spring-beans-6.2.0.jar:/Users/gonzaloduranadasme/.m2/repository/org/slf4j/slf4j-api/2.0.16/slf4j-api-2.0.16.jar:/Users/gonzaloduranadasme/.m2/repository/org/springframework/spring-aspects/6.2.0/spring-aspects-6.2.0.jar:/Users/gonzaloduranadasme/.m2/repository/org/aspectj/aspectjweaver/1.9.22.1/aspectjweaver-1.9.22.1.jar:/Users/gonzaloduranadasme/.m2/repository/org/springframework/boot/spring-boot-starter-web/3.4.0/spring-boot-starter-web-3.4.0.jar:/Users/gonzaloduranadasme/.m2/repository/org/springframework/boot/spring-boot-starter-json/3.4.0/spring-boot-starter-json-3.4.0.jar:/Users/gonzaloduranadasme/.m2/repository/com/fasterxml/jackson/core/jackson-databind/2.18.1/jackson-databind-2.18.1.jar:/Users/gonzaloduranadasme/.m2/repository/com/fasterxml/jackson/core/jackson-annotations/2.18.1/jackson-annotations-2.18.1.jar:/Users/gonzaloduranadasme/.m2/repository/com/fasterxml/jackson/core/jackson-core/2.18.1/jackson-core-2.18.1.jar:/Users/gonzaloduranadasme/.m2/repository/com/fasterxml/jackson/datatype/jackson-datatype-jdk8/2.18.1/jackson-datatype-jdk8-2.18.1.jar:/Users/gonzaloduranadasme/.m2/repository/com/fasterxml/jackson/datatype/jackson-datatype-jsr310/2.18.1/jackson-datatype-jsr310-2.18.1.jar:/Users/gonzaloduranadasme/.m2/repository/com/fasterxml/jackson/module/jackson-module-parameter-names/2.18.1/jackson-module-parameter-names-2.18.1.jar:/Users/gonzaloduranadasme/.m2/repository/org/springframework/boot/spring-boot-starter-tomcat/3.4.0/spring-boot-starter-tomcat-3.4.0.jar:/Users/gonzaloduranadasme/.m2/repository/org/apache/tomcat/embed/tomcat-embed-core/10.1.33/tomcat-embed-core-10.1.33.jar:/Users/gonzaloduranadasme/.m2/repository/org/apache/tomcat/embed/tomcat-embed-websocket/10.1.33/tomcat-embed-websocket-10.1.33.jar:/Users/gonzaloduranadasme/.m2/repository/org/springframework/spring-web/6.2.0/spring-web-6.2.0.jar:/Users/gonzaloduranadasme/.m2/repository/io/micrometer/micrometer-observation/1.14.1/micrometer-observation-1.14.1.jar:/Users/gonzaloduranadasme/.m2/repository/io/micrometer/micrometer-commons/1.14.1/micrometer-commons-1.14.1.jar:/Users/gonzaloduranadasme/.m2/repository/org/springframework/spring-webmvc/6.2.0/spring-webmvc-6.2.0.jar:/Users/gonzaloduranadasme/.m2/repository/org/springframework/spring-expression/6.2.0/spring-expression-6.2.0.jar:/Users/gonzaloduranadasme/.m2/repository/org/springframework/boot/spring-boot-devtools/3.4.0/spring-boot-devtools-3.4.0.jar:/Users/gonzaloduranadasme/.m2/repository/org/springframework/boot/spring-boot/3.4.0/spring-boot-3.4.0.jar:/Users/gonzaloduranadasme/.m2/repository/org/springframework/boot/spring-boot-autoconfigure/3.4.0/spring-boot-autoconfigure-3.4.0.jar:/Users/gonzaloduranadasme/.m2/repository/com/oracle/database/jdbc/ojdbc11/23.5.0.24.07/ojdbc11-23.5.0.24.07.jar:/Users/gonzaloduranadasme/.m2/repository/com/oracle/database/security/oraclepki/23.5.0.24.07/oraclepki-23.5.0.24.07.jar:/Users/gonzaloduranadasme/.m2/repository/com/oracle/database/security/osdt_cert/21.9.0.0/osdt_cert-21.9.0.0.jar:/Users/gonzaloduranadasme/.m2/repository/com/oracle/database/security/osdt_core/21.9.0.0/osdt_core-21.9.0.0.jar:/Users/gonzaloduranadasme/.m2/repository/org/projectlombok/lombok/1.18.36/lombok-1.18.36.jar:/Users/gonzaloduranadasme/.m2/repository/org/springframework/boot/spring-boot-starter-test/3.4.0/spring-boot-starter-test-3.4.0.jar:/Users/gonzaloduranadasme/.m2/repository/org/springframework/boot/spring-boot-test/3.4.0/spring-boot-test-3.4.0.jar:/Users/gonzaloduranadasme/.m2/repository/org/springframework/boot/spring-boot-test-autoconfigure/3.4.0/spring-boot-test-autoconfigure-3.4.0.jar:/Users/gonzaloduranadasme/.m2/repository/com/jayway/jsonpath/json-path/2.9.0/json-path-2.9.0.jar:/Users/gonzaloduranadasme/.m2/repository/jakarta/xml/bind/jakarta.xml.bind-api/4.0.2/jakarta.xml.bind-api-4.0.2.jar:/Users/gonzaloduranadasme/.m2/repository/jakarta/activation/jakarta.activation-api/2.1.3/jakarta.activation-api-2.1.3.jar:/Users/gonzaloduranadasme/.m2/repository/net/minidev/json-smart/2.5.1/json-smart-2.5.1.jar:/Users/gonzaloduranadasme/.m2/repository/net/minidev/accessors-smart/2.5.1/accessors-smart-2.5.1.jar:/Users/gonzaloduranadasme/.m2/repository/org/assertj/assertj-core/3.26.3/assertj-core-3.26.3.jar:/Users/gonzaloduranadasme/.m2/repository/org/awaitility/awaitility/4.2.2/awaitility-4.2.2.jar:/Users/gonzaloduranadasme/.m2/repository/org/hamcrest/hamcrest/2.2/hamcrest-2.2.jar:/Users/gonzaloduranadasme/.m2/repository/org/skyscreamer/jsonassert/1.5.3/jsonassert-1.5.3.jar:/Users/gonzaloduranadasme/.m2/repository/com/vaadin/external/google/android-json/0.0.20131108.vaadin1/android-json-0.0.20131108.vaadin1.jar:/Users/gonzaloduranadasme/.m2/repository/org/springframework/spring-core/6.2.0/spring-core-6.2.0.jar:/Users/gonzaloduranadasme/.m2/repository/org/springframework/spring-jcl/6.2.0/spring-jcl-6.2.0.jar:/Users/gonzaloduranadasme/.m2/repository/org/springframework/spring-test/6.2.0/spring-test-6.2.0.jar:/Users/gonzaloduranadasme/.m2/repository/org/xmlunit/xmlunit-core/2.10.0/xmlunit-core-2.10.0.jar:/Users/gonzaloduranadasme/.m2/repository/org/springframework/boot/spring-boot-starter-validation/3.4.0/spring-boot-starter-validation-3.4.0.jar:/Users/gonzaloduranadasme/.m2/repository/org/apache/tomcat/embed/tomcat-embed-el/10.1.33/tomcat-embed-el-10.1.33.jar:/Users/gonzaloduranadasme/.m2/repository/org/hibernate/validator/hibernate-validator/8.0.1.Final/hibernate-validator-8.0.1.Final.jar:/Users/gonzaloduranadasme/.m2/repository/jakarta/validation/jakarta.validation-api/3.0.2/jakarta.validation-api-3.0.2.jar:/Users/gonzaloduranadasme/.m2/repository/org/springframework/boot/spring-boot-starter-hateoas/3.4.0/spring-boot-starter-hateoas-3.4.0.jar:/Users/gonzaloduranadasme/.m2/repository/org/springframework/hateoas/spring-hateoas/2.4.0/spring-hateoas-2.4.0.jar:/Users/gonzaloduranadasme/.m2/repository/org/springframework/plugin/spring-plugin-core/3.0.0/spring-plugin-core-3.0.0.jar:/Users/gonzaloduranadasme/.m2/repository/org/jacoco/jacoco-maven-plugin/0.8.12/jacoco-maven-plugin-0.8.12.jar:/Users/gonzaloduranadasme/.m2/repository/org/codehaus/plexus/plexus-utils/3.0.24/plexus-utils-3.0.24.jar:/Users/gonzaloduranadasme/.m2/repository/org/apache/maven/shared/file-management/3.1.0/file-management-3.1.0.jar:/Users/gonzaloduranadasme/.m2/repository/commons-io/commons-io/2.11.0/commons-io-2.11.0.jar:/Users/gonzaloduranadasme/.m2/repository/org/apache/maven/reporting/maven-reporting-api/3.0/maven-reporting-api-3.0.jar:/Users/gonzaloduranadasme/.m2/repository/org/apache/maven/doxia/doxia-sink-api/1.0/doxia-sink-api-1.0.jar:/Users/gonzaloduranadasme/.m2/repository/org/jacoco/org.jacoco.agent/0.8.12/org.jacoco.agent-0.8.12-runtime.jar:/Users/gonzaloduranadasme/.m2/repository/org/jacoco/org.jacoco.core/0.8.12/org.jacoco.core-0.8.12.jar:/Users/gonzaloduranadasme/.m2/repository/org/ow2/asm/asm/9.7/asm-9.7.jar:/Users/gonzaloduranadasme/.m2/repository/org/ow2/asm/asm-commons/9.7/asm-commons-9.7.jar:/Users/gonzaloduranadasme/.m2/repository/org/ow2/asm/asm-tree/9.7/asm-tree-9.7.jar:/Users/gonzaloduranadasme/.m2/repository/org/jacoco/org.jacoco.report/0.8.12/org.jacoco.report-0.8.12.jar:/Users/gonzaloduranadasme/.m2/repository/com/h2database/h2/2.3.232/h2-2.3.232.jar:/Users/gonzaloduranadasme/.m2/repository/org/junit/jupiter/junit-jupiter-api/5.11.3/junit-jupiter-api-5.11.3.jar:/Users/gonzaloduranadasme/.m2/repository/org/opentest4j/opentest4j/1.3.0/opentest4j-1.3.0.jar:/Users/gonzaloduranadasme/.m2/repository/org/junit/platform/junit-platform-commons/1.11.3/junit-platform-commons-1.11.3.jar:/Users/gonzaloduranadasme/.m2/repository/org/apiguardian/apiguardian-api/1.1.2/apiguardian-api-1.1.2.jar:/Users/gonzaloduranadasme/.m2/repository/org/mockito/mockito-core/5.14.2/mockito-core-5.14.2.jar:/Users/gonzaloduranadasme/.m2/repository/net/bytebuddy/byte-buddy/1.15.10/byte-buddy-1.15.10.jar:/Users/gonzaloduranadasme/.m2/repository/net/bytebuddy/byte-buddy-agent/1.15.10/byte-buddy-agent-1.15.10.jar:/Users/gonzaloduranadasme/.m2/repository/org/objenesis/objenesis/3.3/objenesis-3.3.jar:/Users/gonzaloduranadasme/.m2/repository/org/mockito/mockito-junit-jupiter/5.14.2/mockito-junit-jupiter-5.14.2.jar:/Users/gonzaloduranadasme/.m2/repository/org/junit/jupiter/junit-jupiter-engine/5.11.3/junit-jupiter-engine-5.11.3.jar:/Users/gonzaloduranadasme/.m2/repository/org/junit/platform/junit-platform-engine/1.11.3/junit-platform-engine-1.11.3.jar:"/>
    <property name="java.vm.vendor" value="Oracle Corporation"/>
    <property name="sun.arch.data.model" value="64"/>
    <property name="java.vendor.url" value="https://java.oracle.com/"/>
    <property name="user.timezone" value="America/Santiago"/>
    <property name="org.jboss.logging.provider" value="slf4j"/>
    <property name="os.name" value="Mac OS X"/>
    <property name="java.vm.specification.version" value="23"/>
    <property name="APPLICATION_NAME" value="tienda-ms-pedidos"/>
    <property name="sun.java.launcher" value="SUN_STANDARD"/>
    <property name="user.country" value="419"/>
    <property name="sun.boot.library.path" value="/Library/Java/JavaVirtualMachines/jdk-23.jdk/Contents/Home/lib"/>
    <property name="sun.java.command" value="/Users/gonzaloduranadasme/Documents/GitHub/FS3_Sumativa/backend-arquetipo/tienda-ms-pedidos/target/surefire/surefirebooter-20241215142755033_3.jar /Users/gonzaloduranadasme/Documents/GitHub/FS3_Sumativa/backend-arquetipo/tienda-ms-pedidos/target/surefire 2024-12-15T14-27-54_984-jvmRun1 surefire-20241215142755033_1tmp surefire_0-20241215142755033_2tmp"/>
    <property name="http.nonProxyHosts" value="local|*.local|169.254/16|*.169.254/16"/>
    <property name="jdk.debug" value="release"/>
    <property name="surefire.test.class.path" value="/Users/gonzaloduranadasme/Documents/GitHub/FS3_Sumativa/backend-arquetipo/tienda-ms-pedidos/target/test-classes:/Users/gonzaloduranadasme/Documents/GitHub/FS3_Sumativa/backend-arquetipo/tienda-ms-pedidos/target/classes:/Users/gonzaloduranadasme/.m2/repository/org/junit/jupiter/junit-jupiter/5.9.3/junit-jupiter-5.9.3.jar:/Users/gonzaloduranadasme/.m2/repository/org/junit/jupiter/junit-jupiter-params/5.11.3/junit-jupiter-params-5.11.3.jar:/Users/gonzaloduranadasme/.m2/repository/org/springframework/boot/spring-boot-starter-data-jpa/3.4.0/spring-boot-starter-data-jpa-3.4.0.jar:/Users/gonzaloduranadasme/.m2/repository/org/springframework/boot/spring-boot-starter/3.4.0/spring-boot-starter-3.4.0.jar:/Users/gonzaloduranadasme/.m2/repository/org/springframework/boot/spring-boot-starter-logging/3.4.0/spring-boot-starter-logging-3.4.0.jar:/Users/gonzaloduranadasme/.m2/repository/ch/qos/logback/logback-classic/1.5.12/logback-classic-1.5.12.jar:/Users/gonzaloduranadasme/.m2/repository/ch/qos/logback/logback-core/1.5.12/logback-core-1.5.12.jar:/Users/gonzaloduranadasme/.m2/repository/org/apache/logging/log4j/log4j-to-slf4j/2.24.1/log4j-to-slf4j-2.24.1.jar:/Users/gonzaloduranadasme/.m2/repository/org/apache/logging/log4j/log4j-api/2.24.1/log4j-api-2.24.1.jar:/Users/gonzaloduranadasme/.m2/repository/org/slf4j/jul-to-slf4j/2.0.16/jul-to-slf4j-2.0.16.jar:/Users/gonzaloduranadasme/.m2/repository/jakarta/annotation/jakarta.annotation-api/2.1.1/jakarta.annotation-api-2.1.1.jar:/Users/gonzaloduranadasme/.m2/repository/org/yaml/snakeyaml/2.3/snakeyaml-2.3.jar:/Users/gonzaloduranadasme/.m2/repository/org/springframework/boot/spring-boot-starter-jdbc/3.4.0/spring-boot-starter-jdbc-3.4.0.jar:/Users/gonzaloduranadasme/.m2/repository/com/zaxxer/HikariCP/5.1.0/HikariCP-5.1.0.jar:/Users/gonzaloduranadasme/.m2/repository/org/springframework/spring-jdbc/6.2.0/spring-jdbc-6.2.0.jar:/Users/gonzaloduranadasme/.m2/repository/org/hibernate/orm/hibernate-core/6.6.2.Final/hibernate-core-6.6.2.Final.jar:/Users/gonzaloduranadasme/.m2/repository/jakarta/persistence/jakarta.persistence-api/3.1.0/jakarta.persistence-api-3.1.0.jar:/Users/gonzaloduranadasme/.m2/repository/jakarta/transaction/jakarta.transaction-api/2.0.1/jakarta.transaction-api-2.0.1.jar:/Users/gonzaloduranadasme/.m2/repository/org/jboss/logging/jboss-logging/3.6.1.Final/jboss-logging-3.6.1.Final.jar:/Users/gonzaloduranadasme/.m2/repository/org/hibernate/common/hibernate-commons-annotations/7.0.3.Final/hibernate-commons-annotations-7.0.3.Final.jar:/Users/gonzaloduranadasme/.m2/repository/io/smallrye/jandex/3.2.0/jandex-3.2.0.jar:/Users/gonzaloduranadasme/.m2/repository/com/fasterxml/classmate/1.7.0/classmate-1.7.0.jar:/Users/gonzaloduranadasme/.m2/repository/org/glassfish/jaxb/jaxb-runtime/4.0.5/jaxb-runtime-4.0.5.jar:/Users/gonzaloduranadasme/.m2/repository/org/glassfish/jaxb/jaxb-core/4.0.5/jaxb-core-4.0.5.jar:/Users/gonzaloduranadasme/.m2/repository/org/eclipse/angus/angus-activation/2.0.2/angus-activation-2.0.2.jar:/Users/gonzaloduranadasme/.m2/repository/org/glassfish/jaxb/txw2/4.0.5/txw2-4.0.5.jar:/Users/gonzaloduranadasme/.m2/repository/com/sun/istack/istack-commons-runtime/4.1.2/istack-commons-runtime-4.1.2.jar:/Users/gonzaloduranadasme/.m2/repository/jakarta/inject/jakarta.inject-api/2.0.1/jakarta.inject-api-2.0.1.jar:/Users/gonzaloduranadasme/.m2/repository/org/antlr/antlr4-runtime/4.13.0/antlr4-runtime-4.13.0.jar:/Users/gonzaloduranadasme/.m2/repository/org/springframework/data/spring-data-jpa/3.4.0/spring-data-jpa-3.4.0.jar:/Users/gonzaloduranadasme/.m2/repository/org/springframework/data/spring-data-commons/3.4.0/spring-data-commons-3.4.0.jar:/Users/gonzaloduranadasme/.m2/repository/org/springframework/spring-orm/6.2.0/spring-orm-6.2.0.jar:/Users/gonzaloduranadasme/.m2/repository/org/springframework/spring-context/6.2.0/spring-context-6.2.0.jar:/Users/gonzaloduranadasme/.m2/repository/org/springframework/spring-aop/6.2.0/spring-aop-6.2.0.jar:/Users/gonzaloduranadasme/.m2/repository/org/springframework/spring-tx/6.2.0/spring-tx-6.2.0.jar:/Users/gonzaloduranadasme/.m2/repository/org/springframework/spring-beans/6.2.0/spring-beans-6.2.0.jar:/Users/gonzaloduranadasme/.m2/repository/org/slf4j/slf4j-api/2.0.16/slf4j-api-2.0.16.jar:/Users/gonzaloduranadasme/.m2/repository/org/springframework/spring-aspects/6.2.0/spring-aspects-6.2.0.jar:/Users/gonzaloduranadasme/.m2/repository/org/aspectj/aspectjweaver/1.9.22.1/aspectjweaver-1.9.22.1.jar:/Users/gonzaloduranadasme/.m2/repository/org/springframework/boot/spring-boot-starter-web/3.4.0/spring-boot-starter-web-3.4.0.jar:/Users/gonzaloduranadasme/.m2/repository/org/springframework/boot/spring-boot-starter-json/3.4.0/spring-boot-starter-json-3.4.0.jar:/Users/gonzaloduranadasme/.m2/repository/com/fasterxml/jackson/core/jackson-databind/2.18.1/jackson-databind-2.18.1.jar:/Users/gonzaloduranadasme/.m2/repository/com/fasterxml/jackson/core/jackson-annotations/2.18.1/jackson-annotations-2.18.1.jar:/Users/gonzaloduranadasme/.m2/repository/com/fasterxml/jackson/core/jackson-core/2.18.1/jackson-core-2.18.1.jar:/Users/gonzaloduranadasme/.m2/repository/com/fasterxml/jackson/datatype/jackson-datatype-jdk8/2.18.1/jackson-datatype-jdk8-2.18.1.jar:/Users/gonzaloduranadasme/.m2/repository/com/fasterxml/jackson/datatype/jackson-datatype-jsr310/2.18.1/jackson-datatype-jsr310-2.18.1.jar:/Users/gonzaloduranadasme/.m2/repository/com/fasterxml/jackson/module/jackson-module-parameter-names/2.18.1/jackson-module-parameter-names-2.18.1.jar:/Users/gonzaloduranadasme/.m2/repository/org/springframework/boot/spring-boot-starter-tomcat/3.4.0/spring-boot-starter-tomcat-3.4.0.jar:/Users/gonzaloduranadasme/.m2/repository/org/apache/tomcat/embed/tomcat-embed-core/10.1.33/tomcat-embed-core-10.1.33.jar:/Users/gonzaloduranadasme/.m2/repository/org/apache/tomcat/embed/tomcat-embed-websocket/10.1.33/tomcat-embed-websocket-10.1.33.jar:/Users/gonzaloduranadasme/.m2/repository/org/springframework/spring-web/6.2.0/spring-web-6.2.0.jar:/Users/gonzaloduranadasme/.m2/repository/io/micrometer/micrometer-observation/1.14.1/micrometer-observation-1.14.1.jar:/Users/gonzaloduranadasme/.m2/repository/io/micrometer/micrometer-commons/1.14.1/micrometer-commons-1.14.1.jar:/Users/gonzaloduranadasme/.m2/repository/org/springframework/spring-webmvc/6.2.0/spring-webmvc-6.2.0.jar:/Users/gonzaloduranadasme/.m2/repository/org/springframework/spring-expression/6.2.0/spring-expression-6.2.0.jar:/Users/gonzaloduranadasme/.m2/repository/org/springframework/boot/spring-boot-devtools/3.4.0/spring-boot-devtools-3.4.0.jar:/Users/gonzaloduranadasme/.m2/repository/org/springframework/boot/spring-boot/3.4.0/spring-boot-3.4.0.jar:/Users/gonzaloduranadasme/.m2/repository/org/springframework/boot/spring-boot-autoconfigure/3.4.0/spring-boot-autoconfigure-3.4.0.jar:/Users/gonzaloduranadasme/.m2/repository/com/oracle/database/jdbc/ojdbc11/23.5.0.24.07/ojdbc11-23.5.0.24.07.jar:/Users/gonzaloduranadasme/.m2/repository/com/oracle/database/security/oraclepki/23.5.0.24.07/oraclepki-23.5.0.24.07.jar:/Users/gonzaloduranadasme/.m2/repository/com/oracle/database/security/osdt_cert/21.9.0.0/osdt_cert-21.9.0.0.jar:/Users/gonzaloduranadasme/.m2/repository/com/oracle/database/security/osdt_core/21.9.0.0/osdt_core-21.9.0.0.jar:/Users/gonzaloduranadasme/.m2/repository/org/projectlombok/lombok/1.18.36/lombok-1.18.36.jar:/Users/gonzaloduranadasme/.m2/repository/org/springframework/boot/spring-boot-starter-test/3.4.0/spring-boot-starter-test-3.4.0.jar:/Users/gonzaloduranadasme/.m2/repository/org/springframework/boot/spring-boot-test/3.4.0/spring-boot-test-3.4.0.jar:/Users/gonzaloduranadasme/.m2/repository/org/springframework/boot/spring-boot-test-autoconfigure/3.4.0/spring-boot-test-autoconfigure-3.4.0.jar:/Users/gonzaloduranadasme/.m2/repository/com/jayway/jsonpath/json-path/2.9.0/json-path-2.9.0.jar:/Users/gonzaloduranadasme/.m2/repository/jakarta/xml/bind/jakarta.xml.bind-api/4.0.2/jakarta.xml.bind-api-4.0.2.jar:/Users/gonzaloduranadasme/.m2/repository/jakarta/activation/jakarta.activation-api/2.1.3/jakarta.activation-api-2.1.3.jar:/Users/gonzaloduranadasme/.m2/repository/net/minidev/json-smart/2.5.1/json-smart-2.5.1.jar:/Users/gonzaloduranadasme/.m2/repository/net/minidev/accessors-smart/2.5.1/accessors-smart-2.5.1.jar:/Users/gonzaloduranadasme/.m2/repository/org/assertj/assertj-core/3.26.3/assertj-core-3.26.3.jar:/Users/gonzaloduranadasme/.m2/repository/org/awaitility/awaitility/4.2.2/awaitility-4.2.2.jar:/Users/gonzaloduranadasme/.m2/repository/org/hamcrest/hamcrest/2.2/hamcrest-2.2.jar:/Users/gonzaloduranadasme/.m2/repository/org/skyscreamer/jsonassert/1.5.3/jsonassert-1.5.3.jar:/Users/gonzaloduranadasme/.m2/repository/com/vaadin/external/google/android-json/0.0.20131108.vaadin1/android-json-0.0.20131108.vaadin1.jar:/Users/gonzaloduranadasme/.m2/repository/org/springframework/spring-core/6.2.0/spring-core-6.2.0.jar:/Users/gonzaloduranadasme/.m2/repository/org/springframework/spring-jcl/6.2.0/spring-jcl-6.2.0.jar:/Users/gonzaloduranadasme/.m2/repository/org/springframework/spring-test/6.2.0/spring-test-6.2.0.jar:/Users/gonzaloduranadasme/.m2/repository/org/xmlunit/xmlunit-core/2.10.0/xmlunit-core-2.10.0.jar:/Users/gonzaloduranadasme/.m2/repository/org/springframework/boot/spring-boot-starter-validation/3.4.0/spring-boot-starter-validation-3.4.0.jar:/Users/gonzaloduranadasme/.m2/repository/org/apache/tomcat/embed/tomcat-embed-el/10.1.33/tomcat-embed-el-10.1.33.jar:/Users/gonzaloduranadasme/.m2/repository/org/hibernate/validator/hibernate-validator/8.0.1.Final/hibernate-validator-8.0.1.Final.jar:/Users/gonzaloduranadasme/.m2/repository/jakarta/validation/jakarta.validation-api/3.0.2/jakarta.validation-api-3.0.2.jar:/Users/gonzaloduranadasme/.m2/repository/org/springframework/boot/spring-boot-starter-hateoas/3.4.0/spring-boot-starter-hateoas-3.4.0.jar:/Users/gonzaloduranadasme/.m2/repository/org/springframework/hateoas/spring-hateoas/2.4.0/spring-hateoas-2.4.0.jar:/Users/gonzaloduranadasme/.m2/repository/org/springframework/plugin/spring-plugin-core/3.0.0/spring-plugin-core-3.0.0.jar:/Users/gonzaloduranadasme/.m2/repository/org/jacoco/jacoco-maven-plugin/0.8.12/jacoco-maven-plugin-0.8.12.jar:/Users/gonzaloduranadasme/.m2/repository/org/codehaus/plexus/plexus-utils/3.0.24/plexus-utils-3.0.24.jar:/Users/gonzaloduranadasme/.m2/repository/org/apache/maven/shared/file-management/3.1.0/file-management-3.1.0.jar:/Users/gonzaloduranadasme/.m2/repository/commons-io/commons-io/2.11.0/commons-io-2.11.0.jar:/Users/gonzaloduranadasme/.m2/repository/org/apache/maven/reporting/maven-reporting-api/3.0/maven-reporting-api-3.0.jar:/Users/gonzaloduranadasme/.m2/repository/org/apache/maven/doxia/doxia-sink-api/1.0/doxia-sink-api-1.0.jar:/Users/gonzaloduranadasme/.m2/repository/org/jacoco/org.jacoco.agent/0.8.12/org.jacoco.agent-0.8.12-runtime.jar:/Users/gonzaloduranadasme/.m2/repository/org/jacoco/org.jacoco.core/0.8.12/org.jacoco.core-0.8.12.jar:/Users/gonzaloduranadasme/.m2/repository/org/ow2/asm/asm/9.7/asm-9.7.jar:/Users/gonzaloduranadasme/.m2/repository/org/ow2/asm/asm-commons/9.7/asm-commons-9.7.jar:/Users/gonzaloduranadasme/.m2/repository/org/ow2/asm/asm-tree/9.7/asm-tree-9.7.jar:/Users/gonzaloduranadasme/.m2/repository/org/jacoco/org.jacoco.report/0.8.12/org.jacoco.report-0.8.12.jar:/Users/gonzaloduranadasme/.m2/repository/com/h2database/h2/2.3.232/h2-2.3.232.jar:/Users/gonzaloduranadasme/.m2/repository/org/junit/jupiter/junit-jupiter-api/5.11.3/junit-jupiter-api-5.11.3.jar:/Users/gonzaloduranadasme/.m2/repository/org/opentest4j/opentest4j/1.3.0/opentest4j-1.3.0.jar:/Users/gonzaloduranadasme/.m2/repository/org/junit/platform/junit-platform-commons/1.11.3/junit-platform-commons-1.11.3.jar:/Users/gonzaloduranadasme/.m2/repository/org/apiguardian/apiguardian-api/1.1.2/apiguardian-api-1.1.2.jar:/Users/gonzaloduranadasme/.m2/repository/org/mockito/mockito-core/5.14.2/mockito-core-5.14.2.jar:/Users/gonzaloduranadasme/.m2/repository/net/bytebuddy/byte-buddy/1.15.10/byte-buddy-1.15.10.jar:/Users/gonzaloduranadasme/.m2/repository/net/bytebuddy/byte-buddy-agent/1.15.10/byte-buddy-agent-1.15.10.jar:/Users/gonzaloduranadasme/.m2/repository/org/objenesis/objenesis/3.3/objenesis-3.3.jar:/Users/gonzaloduranadasme/.m2/repository/org/mockito/mockito-junit-jupiter/5.14.2/mockito-junit-jupiter-5.14.2.jar:/Users/gonzaloduranadasme/.m2/repository/org/junit/jupiter/junit-jupiter-engine/5.11.3/junit-jupiter-engine-5.11.3.jar:/Users/gonzaloduranadasme/.m2/repository/org/junit/platform/junit-platform-engine/1.11.3/junit-platform-engine-1.11.3.jar:"/>
    <property name="sun.cpu.endian" value="little"/>
    <property name="user.home" value="/Users/gonzaloduranadasme"/>
    <property name="user.language" value="es"/>
    <property name="java.specification.vendor" value="Oracle Corporation"/>
    <property name="java.version.date" value="2024-10-15"/>
    <property name="java.home" value="/Library/Java/JavaVirtualMachines/jdk-23.jdk/Contents/Home"/>
    <property name="file.separator" value="/"/>
    <property name="basedir" value="/Users/gonzaloduranadasme/Documents/GitHub/FS3_Sumativa/backend-arquetipo/tienda-ms-pedidos"/>
    <property name="java.vm.compressedOopsMode" value="Zero based"/>
    <property name="line.separator" value="&#10;"/>
    <property name="java.vm.specification.vendor" value="Oracle Corporation"/>
    <property name="java.specification.name" value="Java Platform API Specification"/>
    <property name="FILE_LOG_CHARSET" value="UTF-8"/>
    <property name="java.awt.headless" value="true"/>
    <property name="apple.awt.application.name" value="ForkedBooter"/>
    <property name="surefire.real.class.path" value="/Users/gonzaloduranadasme/Documents/GitHub/FS3_Sumativa/backend-arquetipo/tienda-ms-pedidos/target/surefire/surefirebooter-20241215142755033_3.jar"/>
    <property name="sun.management.compiler" value="HotSpot 64-Bit Tiered Compilers"/>
    <property name="ftp.nonProxyHosts" value="local|*.local|169.254/16|*.169.254/16"/>
    <property name="java.runtime.version" value="23.0.1+11-39"/>
    <property name="user.name" value="gonzaloduranadasme"/>
    <property name="stdout.encoding" value="UTF-8"/>
    <property name="path.separator" value=":"/>
    <property name="os.version" value="15.2"/>
    <property name="java.runtime.name" value="Java(TM) SE Runtime Environment"/>
    <property name="file.encoding" value="UTF-8"/>
    <property name="java.vm.name" value="Java HotSpot(TM) 64-Bit Server VM"/>
    <property name="localRepository" value="/Users/gonzaloduranadasme/.m2/repository"/>
    <property name="java.vendor.url.bug" value="https://bugreport.java.com/bugreport/"/>
    <property name="java.io.tmpdir" value="/var/folders/vl/66y56nn50qq4z_cg0vjl6t440000gn/T/"/>
    <property name="com.zaxxer.hikari.pool_number" value="1"/>
    <property name="java.version" value="23.0.1"/>
    <property name="user.dir" value="/Users/gonzaloduranadasme/Documents/GitHub/FS3_Sumativa/backend-arquetipo/tienda-ms-pedidos"/>
    <property name="os.arch" value="aarch64"/>
    <property name="java.vm.specification.name" value="Java Virtual Machine Specification"/>
    <property name="PID" value="43375"/>
    <property name="CONSOLE_LOG_CHARSET" value="UTF-8"/>
    <property name="native.encoding" value="UTF-8"/>
    <property name="java.library.path" value="/Users/gonzaloduranadasme/Library/Java/Extensions:/Library/Java/Extensions:/Network/Library/Java/Extensions:/System/Library/Java/Extensions:/usr/lib/java:."/>
    <property name="java.vm.info" value="mixed mode, sharing"/>
    <property name="stderr.encoding" value="UTF-8"/>
    <property name="java.vendor" value="Oracle Corporation"/>
    <property name="java.vm.version" value="23.0.1+11-39"/>
    <property name="sun.io.unicode.encoding" value="UnicodeBig"/>
    <property name="socksNonProxyHosts" value="local|*.local|169.254/16|*.169.254/16"/>
    <property name="java.class.version" value="67.0"/>
    <property name="LOGGED_APPLICATION_NAME" value="[tienda-ms-pedidos] "/>
  </properties>
  <testcase name="crudOperations" classname="com.example.tienda_ms_pedidos.repository.ProductoRepositoryTest" time="0.031">
    <system-out><![CDATA[2024-12-15T14:28:00.953-03:00 DEBUG 43375 --- [tienda-ms-pedidos] [           main] b.t.a.o.j.DataJpaTestContextBootstrapper : Neither @ContextConfiguration nor @ContextHierarchy found for test class [ProductoRepositoryTest]: using SpringBootContextLoader
2024-12-15T14:28:00.953-03:00 DEBUG 43375 --- [tienda-ms-pedidos] [           main] o.s.t.c.support.AbstractContextLoader    : Could not detect default resource locations for test class [com.example.tienda_ms_pedidos.repository.ProductoRepositoryTest]: no resource found for suffixes {-context.xml, Context.groovy}.
2024-12-15T14:28:00.953-03:00  INFO 43375 --- [tienda-ms-pedidos] [           main] t.c.s.AnnotationConfigContextLoaderUtils : Could not detect default configuration classes for test class [com.example.tienda_ms_pedidos.repository.ProductoRepositoryTest]: ProductoRepositoryTest does not declare any static, non-private, non-final, nested classes annotated with @Configuration.
2024-12-15T14:28:00.954-03:00 DEBUG 43375 --- [tienda-ms-pedidos] [           main] b.t.a.o.j.DataJpaTestContextBootstrapper : Using ContextCustomizerFactory implementations for test class [ProductoRepositoryTest]: [ImportsContextCustomizerFactory, ExcludeFilterContextCustomizerFactory, HttpGraphQlTesterContextCustomizerFactory, DuplicateJsonObjectContextCustomizerFactory, MockitoContextCustomizerFactory, TestRestTemplateContextCustomizerFactory, WebTestClientContextCustomizerFactory, DisableReactorResourceFactoryGlobalResourcesContextCustomizerFactory, OnFailureConditionReportContextCustomizerFactory, OverrideAutoConfigurationContextCustomizerFactory, ObservabilityContextCustomizerFactory, TypeExcludeFiltersContextCustomizerFactory, PropertyMappingContextCustomizerFactory, WebDriverContextCustomizerFactory, BeanOverrideContextCustomizerFactory, MockServerContainerContextCustomizerFactory, DynamicPropertiesContextCustomizerFactory]
2024-12-15T14:28:00.960-03:00 DEBUG 43375 --- [tienda-ms-pedidos] [           main] b.t.a.o.j.DataJpaTestContextBootstrapper : Using ContextCustomizers for test class [ProductoRepositoryTest]: [ImportsContextCustomizer, ExcludeFilterContextCustomizer, DuplicateJsonObjectContextCustomizer, MockitoContextCustomizer, DisableReactorResourceFactoryGlobalResourcesContextCustomizerCustomizer, OnFailureConditionReportContextCustomizer, DisableAutoConfigurationContextCustomizer, DisableObservabilityContextCustomizer, TypeExcludeFiltersContextCustomizer, PropertyMappingContextCustomizer, WebDriverContextCustomizer, DynamicPropertiesContextCustomizer]
2024-12-15T14:28:00.960-03:00  INFO 43375 --- [tienda-ms-pedidos] [           main] .b.t.c.SpringBootTestContextBootstrapper : Found @SpringBootConfiguration com.example.tienda_ms_pedidos.App for test class com.example.tienda_ms_pedidos.repository.ProductoRepositoryTest
2024-12-15T14:28:00.961-03:00 DEBUG 43375 --- [tienda-ms-pedidos] [           main] .s.t.c.u.TestContextSpringFactoriesUtils : Skipping candidate TestExecutionListener [org.springframework.test.context.observation.MicrometerObservationRegistryTestExecutionListener] due to a missing dependency. Specify custom TestExecutionListener classes or make the default TestExecutionListener classes and their required dependencies available. Offending class: io.micrometer.context.ThreadLocalAccessor. MicrometerObservationRegistryTestExecutionListener requires io.micrometer:micrometer-observation:1.10.8 or higher and io.micrometer:context-propagation:1.0.3 or higher.
2024-12-15T14:28:00.961-03:00 DEBUG 43375 --- [tienda-ms-pedidos] [           main] b.t.a.o.j.DataJpaTestContextBootstrapper : Using TestExecutionListeners for test class [ProductoRepositoryTest]: [ServletTestExecutionListener, DirtiesContextBeforeModesTestExecutionListener, ApplicationEventsTestExecutionListener, MockitoTestExecutionListener, BeanOverrideTestExecutionListener, DependencyInjectionTestExecutionListener, DirtiesContextTestExecutionListener, CommonCachesTestExecutionListener, TransactionalTestExecutionListener, SqlScriptsTestExecutionListener, EventPublishingTestExecutionListener, ResetMocksTestExecutionListener, RestDocsTestExecutionListener, MockRestServiceServerResetTestExecutionListener, MockMvcPrintOnlyOnFailureTestExecutionListener, WebDriverTestExecutionListener, MockWebServiceServerTestExecutionListener, MockitoResetTestExecutionListener]
2024-12-15T14:28:00.961-03:00 DEBUG 43375 --- [tienda-ms-pedidos] [           main] sContextBeforeModesTestExecutionListener : Before test class: class [ProductoRepositoryTest], class annotated with @DirtiesContext [false] with mode [null]
2024-12-15T14:28:00.961-03:00 DEBUG 43375 --- [tienda-ms-pedidos] [           main] org.springframework.test.context.cache   : Spring test ApplicationContext cache statistics: [DefaultContextCache@30d9004d size = 1, maxSize = 32, parentContextCount = 0, hitCount = 103, missCount = 1, failureCount = 0]
2024-12-15T14:28:00.962-03:00 DEBUG 43375 --- [tienda-ms-pedidos] [           main] DependencyInjectionTestExecutionListener : Performing dependency injection for test class com.example.tienda_ms_pedidos.repository.ProductoRepositoryTest
2024-12-15T14:28:00.962-03:00 DEBUG 43375 --- [tienda-ms-pedidos] [           main] org.springframework.test.context.cache   : Spring test ApplicationContext cache statistics: [DefaultContextCache@30d9004d size = 1, maxSize = 32, parentContextCount = 0, hitCount = 104, missCount = 1, failureCount = 0]
2024-12-15T14:28:00.964-03:00 DEBUG 43375 --- [tienda-ms-pedidos] [           main] org.springframework.test.context.cache   : Spring test ApplicationContext cache statistics: [DefaultContextCache@30d9004d size = 1, maxSize = 32, parentContextCount = 0, hitCount = 105, missCount = 1, failureCount = 0]
2024-12-15T14:28:00.965-03:00 DEBUG 43375 --- [tienda-ms-pedidos] [           main] sContextBeforeModesTestExecutionListener : Before test method: class [ProductoRepositoryTest], method [crudOperations], class annotated with @DirtiesContext [false] with mode [null], method annotated with @DirtiesContext [false] with mode [null]
2024-12-15T14:28:00.965-03:00 DEBUG 43375 --- [tienda-ms-pedidos] [           main] t.c.t.TransactionalTestExecutionListener : Explicit transaction definition [PROPAGATION_REQUIRED,ISOLATION_DEFAULT] found for test class [com.example.tienda_ms_pedidos.repository.ProductoRepositoryTest] and test method [crudOperations]
2024-12-15T14:28:00.965-03:00 DEBUG 43375 --- [tienda-ms-pedidos] [           main] org.springframework.test.context.cache   : Spring test ApplicationContext cache statistics: [DefaultContextCache@30d9004d size = 1, maxSize = 32, parentContextCount = 0, hitCount = 106, missCount = 1, failureCount = 0]
2024-12-15T14:28:00.965-03:00 DEBUG 43375 --- [tienda-ms-pedidos] [           main] t.c.t.TransactionalTestExecutionListener : No method-level @Rollback override: using default rollback [true] for test method [void com.example.tienda_ms_pedidos.repository.ProductoRepositoryTest.crudOperations()]
2024-12-15T14:28:00.965-03:00 DEBUG 43375 --- [tienda-ms-pedidos] [           main] o.s.orm.jpa.JpaTransactionManager        : Creating new transaction with name [com.example.tienda_ms_pedidos.repository.ProductoRepositoryTest.crudOperations]: PROPAGATION_REQUIRED,ISOLATION_DEFAULT
2024-12-15T14:28:00.965-03:00 DEBUG 43375 --- [tienda-ms-pedidos] [           main] o.s.orm.jpa.JpaTransactionManager        : Opened new EntityManager [SessionImpl(2079724675<open>)] for JPA transaction
2024-12-15T14:28:00.965-03:00 DEBUG 43375 --- [tienda-ms-pedidos] [           main] o.h.e.t.internal.TransactionImpl         : On TransactionImpl creation, JpaCompliance#isJpaTransactionComplianceEnabled == false
2024-12-15T14:28:00.965-03:00 DEBUG 43375 --- [tienda-ms-pedidos] [           main] o.h.e.t.internal.TransactionImpl         : begin
2024-12-15T14:28:00.966-03:00 DEBUG 43375 --- [tienda-ms-pedidos] [           main] o.s.orm.jpa.JpaTransactionManager        : Exposing JPA transaction as JDBC [org.springframework.orm.jpa.vendor.HibernateJpaDialect$HibernateConnectionHandle@55d8bf33]
2024-12-15T14:28:00.966-03:00 DEBUG 43375 --- [tienda-ms-pedidos] [           main] o.s.t.c.transaction.TransactionContext   : Began transaction (1) for test class [com.example.tienda_ms_pedidos.repository.ProductoRepositoryTest]; test method [crudOperations]; transaction manager [org.springframework.orm.jpa.JpaTransactionManager@5be0e16f]; rollback [true]
2024-12-15T14:28:00.966-03:00 DEBUG 43375 --- [tienda-ms-pedidos] [           main] org.springframework.test.context.cache   : Spring test ApplicationContext cache statistics: [DefaultContextCache@30d9004d size = 1, maxSize = 32, parentContextCount = 0, hitCount = 107, missCount = 1, failureCount = 0]
2024-12-15T14:28:00.966-03:00 DEBUG 43375 --- [tienda-ms-pedidos] [           main] org.springframework.test.context.cache   : Spring test ApplicationContext cache statistics: [DefaultContextCache@30d9004d size = 1, maxSize = 32, parentContextCount = 0, hitCount = 108, missCount = 1, failureCount = 0]
2024-12-15T14:28:00.966-03:00 DEBUG 43375 --- [tienda-ms-pedidos] [           main] org.springframework.test.context.cache   : Spring test ApplicationContext cache statistics: [DefaultContextCache@30d9004d size = 1, maxSize = 32, parentContextCount = 0, hitCount = 109, missCount = 1, failureCount = 0]
2024-12-15T14:28:00.966-03:00 DEBUG 43375 --- [tienda-ms-pedidos] [           main] org.springframework.test.context.cache   : Spring test ApplicationContext cache statistics: [DefaultContextCache@30d9004d size = 1, maxSize = 32, parentContextCount = 0, hitCount = 110, missCount = 1, failureCount = 0]
2024-12-15T14:28:00.968-03:00 DEBUG 43375 --- [tienda-ms-pedidos] [           main] org.hibernate.engine.spi.ActionQueue     : Executing identity-insert immediately
2024-12-15T14:28:00.985-03:00 DEBUG 43375 --- [tienda-ms-pedidos] [           main] org.hibernate.SQL                        : 
    /* insert for
        com.example.tienda_ms_pedidos.model.Categoria */insert 
    into
        categoria (descripcion, nombre, id_categoria) 
    values
        (?, ?, default)
Hibernate: 
    /* insert for
        com.example.tienda_ms_pedidos.model.Categoria */insert 
    into
        categoria (descripcion, nombre, id_categoria) 
    values
        (?, ?, default)
2024-12-15T14:28:00.985-03:00 DEBUG 43375 --- [tienda-ms-pedidos] [           main] org.hibernate.orm.results                : Initializer list is empty
2024-12-15T14:28:00.986-03:00 DEBUG 43375 --- [tienda-ms-pedidos] [           main] o.h.id.IdentifierGeneratorHelper         : Extracted generated values [com.example.tienda_ms_pedidos.model.Categoria]: [Ljava.lang.Object;@14e8e0c9
2024-12-15T14:28:00.986-03:00 DEBUG 43375 --- [tienda-ms-pedidos] [           main] o.s.orm.jpa.JpaTransactionManager        : Found thread-bound EntityManager [SessionImpl(2079724675<open>)] for JPA transaction
2024-12-15T14:28:00.986-03:00 DEBUG 43375 --- [tienda-ms-pedidos] [           main] o.s.orm.jpa.JpaTransactionManager        : Participating in existing transaction
2024-12-15T14:28:00.987-03:00 DEBUG 43375 --- [tienda-ms-pedidos] [           main] o.h.j.internal.PersistenceUnitUtilImpl   : jakarta.persistence.PersistenceUnitUtil.getIdentifier is only intended to work with enhanced entities (although Hibernate also adapts this support to its proxies); however the passed entity was not enhanced (nor a proxy).. may not be able to read identifier
2024-12-15T14:28:00.987-03:00 DEBUG 43375 --- [tienda-ms-pedidos] [           main] org.hibernate.engine.spi.ActionQueue     : Executing identity-insert immediately
2024-12-15T14:28:00.988-03:00 DEBUG 43375 --- [tienda-ms-pedidos] [           main] org.hibernate.SQL                        : 
    /* insert for
        com.example.tienda_ms_pedidos.model.Producto */insert 
    into
        producto (descripcion, imagen, nombre, precio, stock, id_producto) 
    values
        (?, ?, ?, ?, ?, default)
Hibernate: 
    /* insert for
        com.example.tienda_ms_pedidos.model.Producto */insert 
    into
        producto (descripcion, imagen, nombre, precio, stock, id_producto) 
    values
        (?, ?, ?, ?, ?, default)
2024-12-15T14:28:00.989-03:00 DEBUG 43375 --- [tienda-ms-pedidos] [           main] org.hibernate.orm.results                : Initializer list is empty
2024-12-15T14:28:00.989-03:00 DEBUG 43375 --- [tienda-ms-pedidos] [           main] o.h.id.IdentifierGeneratorHelper         : Extracted generated values [com.example.tienda_ms_pedidos.model.Producto]: [Ljava.lang.Object;@26cfdc15
2024-12-15T14:28:00.989-03:00 DEBUG 43375 --- [tienda-ms-pedidos] [           main] o.s.orm.jpa.JpaTransactionManager        : Found thread-bound EntityManager [SessionImpl(2079724675<open>)] for JPA transaction
2024-12-15T14:28:00.989-03:00 DEBUG 43375 --- [tienda-ms-pedidos] [           main] o.s.orm.jpa.JpaTransactionManager        : Participating in existing transaction
2024-12-15T14:28:00.989-03:00 DEBUG 43375 --- [tienda-ms-pedidos] [           main] o.s.orm.jpa.JpaTransactionManager        : Found thread-bound EntityManager [SessionImpl(2079724675<open>)] for JPA transaction
2024-12-15T14:28:00.989-03:00 DEBUG 43375 --- [tienda-ms-pedidos] [           main] o.s.orm.jpa.JpaTransactionManager        : Participating in existing transaction
2024-12-15T14:28:00.989-03:00 DEBUG 43375 --- [tienda-ms-pedidos] [           main] o.h.j.internal.PersistenceUnitUtilImpl   : jakarta.persistence.PersistenceUnitUtil.getIdentifier is only intended to work with enhanced entities (although Hibernate also adapts this support to its proxies); however the passed entity was not enhanced (nor a proxy).. may not be able to read identifier
2024-12-15T14:28:00.990-03:00 DEBUG 43375 --- [tienda-ms-pedidos] [           main] o.s.orm.jpa.JpaTransactionManager        : Found thread-bound EntityManager [SessionImpl(2079724675<open>)] for JPA transaction
2024-12-15T14:28:00.990-03:00 DEBUG 43375 --- [tienda-ms-pedidos] [           main] o.s.orm.jpa.JpaTransactionManager        : Participating in existing transaction
2024-12-15T14:28:00.990-03:00 DEBUG 43375 --- [tienda-ms-pedidos] [           main] o.s.orm.jpa.JpaTransactionManager        : Found thread-bound EntityManager [SessionImpl(2079724675<open>)] for JPA transaction
2024-12-15T14:28:00.990-03:00 DEBUG 43375 --- [tienda-ms-pedidos] [           main] o.s.orm.jpa.JpaTransactionManager        : Participating in existing transaction
2024-12-15T14:28:00.990-03:00 DEBUG 43375 --- [tienda-ms-pedidos] [           main] o.h.j.internal.PersistenceUnitUtilImpl   : jakarta.persistence.PersistenceUnitUtil.getIdentifier is only intended to work with enhanced entities (although Hibernate also adapts this support to its proxies); however the passed entity was not enhanced (nor a proxy).. may not be able to read identifier
2024-12-15T14:28:00.990-03:00 DEBUG 43375 --- [tienda-ms-pedidos] [           main] o.s.orm.jpa.JpaTransactionManager        : Found thread-bound EntityManager [SessionImpl(2079724675<open>)] for JPA transaction
2024-12-15T14:28:00.990-03:00 DEBUG 43375 --- [tienda-ms-pedidos] [           main] o.s.orm.jpa.JpaTransactionManager        : Participating in existing transaction
2024-12-15T14:28:00.990-03:00 DEBUG 43375 --- [tienda-ms-pedidos] [           main] org.hibernate.orm.results.loading        : Load request found matching entity in context, but it is scheduled for removal; returning null
2024-12-15T14:28:00.991-03:00 DEBUG 43375 --- [tienda-ms-pedidos] [           main] org.springframework.test.context.cache   : Spring test ApplicationContext cache statistics: [DefaultContextCache@30d9004d size = 1, maxSize = 32, parentContextCount = 0, hitCount = 111, missCount = 1, failureCount = 0]
2024-12-15T14:28:00.992-03:00 DEBUG 43375 --- [tienda-ms-pedidos] [           main] org.springframework.test.context.cache   : Spring test ApplicationContext cache statistics: [DefaultContextCache@30d9004d size = 1, maxSize = 32, parentContextCount = 0, hitCount = 112, missCount = 1, failureCount = 0]
2024-12-15T14:28:00.992-03:00 DEBUG 43375 --- [tienda-ms-pedidos] [           main] org.springframework.test.context.cache   : Spring test ApplicationContext cache statistics: [DefaultContextCache@30d9004d size = 1, maxSize = 32, parentContextCount = 0, hitCount = 113, missCount = 1, failureCount = 0]
2024-12-15T14:28:00.992-03:00 DEBUG 43375 --- [tienda-ms-pedidos] [           main] org.springframework.test.context.cache   : Spring test ApplicationContext cache statistics: [DefaultContextCache@30d9004d size = 1, maxSize = 32, parentContextCount = 0, hitCount = 114, missCount = 1, failureCount = 0]
2024-12-15T14:28:00.993-03:00 DEBUG 43375 --- [tienda-ms-pedidos] [           main] org.springframework.test.context.cache   : Spring test ApplicationContext cache statistics: [DefaultContextCache@30d9004d size = 1, maxSize = 32, parentContextCount = 0, hitCount = 115, missCount = 1, failureCount = 0]
2024-12-15T14:28:00.994-03:00 DEBUG 43375 --- [tienda-ms-pedidos] [           main] org.springframework.test.context.cache   : Spring test ApplicationContext cache statistics: [DefaultContextCache@30d9004d size = 1, maxSize = 32, parentContextCount = 0, hitCount = 116, missCount = 1, failureCount = 0]
2024-12-15T14:28:00.994-03:00 DEBUG 43375 --- [tienda-ms-pedidos] [           main] org.springframework.test.context.cache   : Spring test ApplicationContext cache statistics: [DefaultContextCache@30d9004d size = 1, maxSize = 32, parentContextCount = 0, hitCount = 117, missCount = 1, failureCount = 0]
2024-12-15T14:28:00.994-03:00 DEBUG 43375 --- [tienda-ms-pedidos] [           main] o.s.orm.jpa.JpaTransactionManager        : Initiating transaction rollback
2024-12-15T14:28:00.994-03:00 DEBUG 43375 --- [tienda-ms-pedidos] [           main] o.s.orm.jpa.JpaTransactionManager        : Rolling back JPA transaction on EntityManager [SessionImpl(2079724675<open>)]
2024-12-15T14:28:00.994-03:00 DEBUG 43375 --- [tienda-ms-pedidos] [           main] o.h.e.t.internal.TransactionImpl         : rolling back
2024-12-15T14:28:00.995-03:00 DEBUG 43375 --- [tienda-ms-pedidos] [           main] o.s.orm.jpa.JpaTransactionManager        : Closing JPA EntityManager [SessionImpl(2079724675<open>)] after transaction
2024-12-15T14:28:00.995-03:00 DEBUG 43375 --- [tienda-ms-pedidos] [           main] o.s.t.c.transaction.TransactionContext   : Rolled back transaction (1) for test class [com.example.tienda_ms_pedidos.repository.ProductoRepositoryTest]; test method [crudOperations]
2024-12-15T14:28:00.995-03:00 DEBUG 43375 --- [tienda-ms-pedidos] [           main] .c.s.DirtiesContextTestExecutionListener : After test method: class [ProductoRepositoryTest], method [crudOperations], class annotated with @DirtiesContext [false] with mode [null], method annotated with @DirtiesContext [false] with mode [null]
]]></system-out>
  </testcase>
  <testcase name="buscarPorNombreOCategoria_PorCategoria" classname="com.example.tienda_ms_pedidos.repository.ProductoRepositoryTest" time="0.03">
    <system-out><![CDATA[2024-12-15T14:28:00.996-03:00 DEBUG 43375 --- [tienda-ms-pedidos] [           main] DependencyInjectionTestExecutionListener : Performing dependency injection for test class com.example.tienda_ms_pedidos.repository.ProductoRepositoryTest
2024-12-15T14:28:00.996-03:00 DEBUG 43375 --- [tienda-ms-pedidos] [           main] org.springframework.test.context.cache   : Spring test ApplicationContext cache statistics: [DefaultContextCache@30d9004d size = 1, maxSize = 32, parentContextCount = 0, hitCount = 118, missCount = 1, failureCount = 0]
2024-12-15T14:28:00.997-03:00 DEBUG 43375 --- [tienda-ms-pedidos] [           main] org.springframework.test.context.cache   : Spring test ApplicationContext cache statistics: [DefaultContextCache@30d9004d size = 1, maxSize = 32, parentContextCount = 0, hitCount = 119, missCount = 1, failureCount = 0]
2024-12-15T14:28:00.997-03:00 DEBUG 43375 --- [tienda-ms-pedidos] [           main] sContextBeforeModesTestExecutionListener : Before test method: class [ProductoRepositoryTest], method [buscarPorNombreOCategoria_PorCategoria], class annotated with @DirtiesContext [false] with mode [null], method annotated with @DirtiesContext [false] with mode [null]
2024-12-15T14:28:00.998-03:00 DEBUG 43375 --- [tienda-ms-pedidos] [           main] t.c.t.TransactionalTestExecutionListener : Explicit transaction definition [PROPAGATION_REQUIRED,ISOLATION_DEFAULT] found for test class [com.example.tienda_ms_pedidos.repository.ProductoRepositoryTest] and test method [buscarPorNombreOCategoria_PorCategoria]
2024-12-15T14:28:00.998-03:00 DEBUG 43375 --- [tienda-ms-pedidos] [           main] org.springframework.test.context.cache   : Spring test ApplicationContext cache statistics: [DefaultContextCache@30d9004d size = 1, maxSize = 32, parentContextCount = 0, hitCount = 120, missCount = 1, failureCount = 0]
2024-12-15T14:28:00.998-03:00 DEBUG 43375 --- [tienda-ms-pedidos] [           main] t.c.t.TransactionalTestExecutionListener : No method-level @Rollback override: using default rollback [true] for test method [void com.example.tienda_ms_pedidos.repository.ProductoRepositoryTest.buscarPorNombreOCategoria_PorCategoria()]
2024-12-15T14:28:00.998-03:00 DEBUG 43375 --- [tienda-ms-pedidos] [           main] o.s.orm.jpa.JpaTransactionManager        : Creating new transaction with name [com.example.tienda_ms_pedidos.repository.ProductoRepositoryTest.buscarPorNombreOCategoria_PorCategoria]: PROPAGATION_REQUIRED,ISOLATION_DEFAULT
2024-12-15T14:28:00.998-03:00 DEBUG 43375 --- [tienda-ms-pedidos] [           main] o.s.orm.jpa.JpaTransactionManager        : Opened new EntityManager [SessionImpl(1064528727<open>)] for JPA transaction
2024-12-15T14:28:00.998-03:00 DEBUG 43375 --- [tienda-ms-pedidos] [           main] o.h.e.t.internal.TransactionImpl         : On TransactionImpl creation, JpaCompliance#isJpaTransactionComplianceEnabled == false
2024-12-15T14:28:00.998-03:00 DEBUG 43375 --- [tienda-ms-pedidos] [           main] o.h.e.t.internal.TransactionImpl         : begin
2024-12-15T14:28:00.998-03:00 DEBUG 43375 --- [tienda-ms-pedidos] [           main] o.s.orm.jpa.JpaTransactionManager        : Exposing JPA transaction as JDBC [org.springframework.orm.jpa.vendor.HibernateJpaDialect$HibernateConnectionHandle@45faedac]
2024-12-15T14:28:00.998-03:00 DEBUG 43375 --- [tienda-ms-pedidos] [           main] o.s.t.c.transaction.TransactionContext   : Began transaction (1) for test class [com.example.tienda_ms_pedidos.repository.ProductoRepositoryTest]; test method [buscarPorNombreOCategoria_PorCategoria]; transaction manager [org.springframework.orm.jpa.JpaTransactionManager@5be0e16f]; rollback [true]
2024-12-15T14:28:00.998-03:00 DEBUG 43375 --- [tienda-ms-pedidos] [           main] org.springframework.test.context.cache   : Spring test ApplicationContext cache statistics: [DefaultContextCache@30d9004d size = 1, maxSize = 32, parentContextCount = 0, hitCount = 121, missCount = 1, failureCount = 0]
2024-12-15T14:28:00.998-03:00 DEBUG 43375 --- [tienda-ms-pedidos] [           main] org.springframework.test.context.cache   : Spring test ApplicationContext cache statistics: [DefaultContextCache@30d9004d size = 1, maxSize = 32, parentContextCount = 0, hitCount = 122, missCount = 1, failureCount = 0]
2024-12-15T14:28:00.999-03:00 DEBUG 43375 --- [tienda-ms-pedidos] [           main] org.springframework.test.context.cache   : Spring test ApplicationContext cache statistics: [DefaultContextCache@30d9004d size = 1, maxSize = 32, parentContextCount = 0, hitCount = 123, missCount = 1, failureCount = 0]
2024-12-15T14:28:00.999-03:00 DEBUG 43375 --- [tienda-ms-pedidos] [           main] org.springframework.test.context.cache   : Spring test ApplicationContext cache statistics: [DefaultContextCache@30d9004d size = 1, maxSize = 32, parentContextCount = 0, hitCount = 124, missCount = 1, failureCount = 0]
2024-12-15T14:28:00.999-03:00 DEBUG 43375 --- [tienda-ms-pedidos] [           main] org.hibernate.engine.spi.ActionQueue     : Executing identity-insert immediately
2024-12-15T14:28:00.999-03:00 DEBUG 43375 --- [tienda-ms-pedidos] [           main] org.hibernate.SQL                        : 
    /* insert for
        com.example.tienda_ms_pedidos.model.Categoria */insert 
    into
        categoria (descripcion, nombre, id_categoria) 
    values
        (?, ?, default)
Hibernate: 
    /* insert for
        com.example.tienda_ms_pedidos.model.Categoria */insert 
    into
        categoria (descripcion, nombre, id_categoria) 
    values
        (?, ?, default)
2024-12-15T14:28:01.000-03:00 DEBUG 43375 --- [tienda-ms-pedidos] [           main] org.hibernate.orm.results                : Initializer list is empty
2024-12-15T14:28:01.000-03:00 DEBUG 43375 --- [tienda-ms-pedidos] [           main] o.h.id.IdentifierGeneratorHelper         : Extracted generated values [com.example.tienda_ms_pedidos.model.Categoria]: [Ljava.lang.Object;@404bf19b
2024-12-15T14:28:01.000-03:00 DEBUG 43375 --- [tienda-ms-pedidos] [           main] org.hibernate.engine.spi.ActionQueue     : Executing identity-insert immediately
2024-12-15T14:28:01.000-03:00 DEBUG 43375 --- [tienda-ms-pedidos] [           main] org.hibernate.SQL                        : 
    /* insert for
        com.example.tienda_ms_pedidos.model.Categoria */insert 
    into
        categoria (descripcion, nombre, id_categoria) 
    values
        (?, ?, default)
Hibernate: 
    /* insert for
        com.example.tienda_ms_pedidos.model.Categoria */insert 
    into
        categoria (descripcion, nombre, id_categoria) 
    values
        (?, ?, default)
2024-12-15T14:28:01.001-03:00 DEBUG 43375 --- [tienda-ms-pedidos] [           main] org.hibernate.orm.results                : Initializer list is empty
2024-12-15T14:28:01.001-03:00 DEBUG 43375 --- [tienda-ms-pedidos] [           main] o.h.id.IdentifierGeneratorHelper         : Extracted generated values [com.example.tienda_ms_pedidos.model.Categoria]: [Ljava.lang.Object;@3a91318b
2024-12-15T14:28:01.001-03:00 DEBUG 43375 --- [tienda-ms-pedidos] [           main] org.hibernate.engine.spi.ActionQueue     : Executing identity-insert immediately
2024-12-15T14:28:01.002-03:00 DEBUG 43375 --- [tienda-ms-pedidos] [           main] org.hibernate.SQL                        : 
    /* insert for
        com.example.tienda_ms_pedidos.model.Producto */insert 
    into
        producto (descripcion, imagen, nombre, precio, stock, id_producto) 
    values
        (?, ?, ?, ?, ?, default)
Hibernate: 
    /* insert for
        com.example.tienda_ms_pedidos.model.Producto */insert 
    into
        producto (descripcion, imagen, nombre, precio, stock, id_producto) 
    values
        (?, ?, ?, ?, ?, default)
2024-12-15T14:28:01.003-03:00 DEBUG 43375 --- [tienda-ms-pedidos] [           main] org.hibernate.orm.results                : Initializer list is empty
2024-12-15T14:28:01.003-03:00 DEBUG 43375 --- [tienda-ms-pedidos] [           main] o.h.id.IdentifierGeneratorHelper         : Extracted generated values [com.example.tienda_ms_pedidos.model.Producto]: [Ljava.lang.Object;@6b703ad6
2024-12-15T14:28:01.003-03:00 DEBUG 43375 --- [tienda-ms-pedidos] [           main] org.hibernate.engine.spi.ActionQueue     : Executing identity-insert immediately
2024-12-15T14:28:01.003-03:00 DEBUG 43375 --- [tienda-ms-pedidos] [           main] org.hibernate.SQL                        : 
    /* insert for
        com.example.tienda_ms_pedidos.model.Producto */insert 
    into
        producto (descripcion, imagen, nombre, precio, stock, id_producto) 
    values
        (?, ?, ?, ?, ?, default)
Hibernate: 
    /* insert for
        com.example.tienda_ms_pedidos.model.Producto */insert 
    into
        producto (descripcion, imagen, nombre, precio, stock, id_producto) 
    values
        (?, ?, ?, ?, ?, default)
2024-12-15T14:28:01.003-03:00 DEBUG 43375 --- [tienda-ms-pedidos] [           main] org.hibernate.orm.results                : Initializer list is empty
2024-12-15T14:28:01.003-03:00 DEBUG 43375 --- [tienda-ms-pedidos] [           main] o.h.id.IdentifierGeneratorHelper         : Extracted generated values [com.example.tienda_ms_pedidos.model.Producto]: [Ljava.lang.Object;@6cf59756
2024-12-15T14:28:01.003-03:00 DEBUG 43375 --- [tienda-ms-pedidos] [           main] org.hibernate.engine.spi.ActionQueue     : Executing identity-insert immediately
2024-12-15T14:28:01.003-03:00 DEBUG 43375 --- [tienda-ms-pedidos] [           main] org.hibernate.SQL                        : 
    /* insert for
        com.example.tienda_ms_pedidos.model.Producto */insert 
    into
        producto (descripcion, imagen, nombre, precio, stock, id_producto) 
    values
        (?, ?, ?, ?, ?, default)
Hibernate: 
    /* insert for
        com.example.tienda_ms_pedidos.model.Producto */insert 
    into
        producto (descripcion, imagen, nombre, precio, stock, id_producto) 
    values
        (?, ?, ?, ?, ?, default)
2024-12-15T14:28:01.004-03:00 DEBUG 43375 --- [tienda-ms-pedidos] [           main] org.hibernate.orm.results                : Initializer list is empty
2024-12-15T14:28:01.004-03:00 DEBUG 43375 --- [tienda-ms-pedidos] [           main] o.h.id.IdentifierGeneratorHelper         : Extracted generated values [com.example.tienda_ms_pedidos.model.Producto]: [Ljava.lang.Object;@59a9fe18
2024-12-15T14:28:01.004-03:00 DEBUG 43375 --- [tienda-ms-pedidos] [           main] o.h.e.i.AbstractFlushingEventListener    : Processing flush-time cascades
2024-12-15T14:28:01.004-03:00 DEBUG 43375 --- [tienda-ms-pedidos] [           main] o.h.e.i.AbstractFlushingEventListener    : Dirty checking collections
2024-12-15T14:28:01.005-03:00 DEBUG 43375 --- [tienda-ms-pedidos] [           main] o.hibernate.engine.internal.Collections  : Collection found: [com.example.tienda_ms_pedidos.model.Categoria.productos#2], was: [<unreferenced>] (initialized)
2024-12-15T14:28:01.005-03:00 DEBUG 43375 --- [tienda-ms-pedidos] [           main] o.hibernate.engine.internal.Collections  : Collection found: [com.example.tienda_ms_pedidos.model.Categoria.productos#3], was: [<unreferenced>] (initialized)
2024-12-15T14:28:01.005-03:00 DEBUG 43375 --- [tienda-ms-pedidos] [           main] o.hibernate.engine.internal.Collections  : Collection found: [com.example.tienda_ms_pedidos.model.Producto.categorias#2], was: [<unreferenced>] (initialized)
2024-12-15T14:28:01.005-03:00 DEBUG 43375 --- [tienda-ms-pedidos] [           main] o.hibernate.engine.internal.Collections  : Collection found: [com.example.tienda_ms_pedidos.model.Producto.categorias#3], was: [<unreferenced>] (initialized)
2024-12-15T14:28:01.006-03:00 DEBUG 43375 --- [tienda-ms-pedidos] [           main] o.hibernate.engine.internal.Collections  : Collection found: [com.example.tienda_ms_pedidos.model.Producto.categorias#4], was: [<unreferenced>] (initialized)
2024-12-15T14:28:01.006-03:00 DEBUG 43375 --- [tienda-ms-pedidos] [           main] o.h.e.i.AbstractFlushingEventListener    : Flushed: 0 insertions, 0 updates, 0 deletions to 5 objects
2024-12-15T14:28:01.006-03:00 DEBUG 43375 --- [tienda-ms-pedidos] [           main] o.h.e.i.AbstractFlushingEventListener    : Flushed: 5 (re)creations, 0 updates, 0 removals to 5 collections
2024-12-15T14:28:01.006-03:00 DEBUG 43375 --- [tienda-ms-pedidos] [           main] o.hibernate.internal.util.EntityPrinter  : Listing entities:
2024-12-15T14:28:01.006-03:00 DEBUG 43375 --- [tienda-ms-pedidos] [           main] o.hibernate.internal.util.EntityPrinter  : com.example.tienda_ms_pedidos.model.Categoria{descripcion=Productos electrónicos y tecnología, id=2, nombre=Electrónicos, productos=[]}
2024-12-15T14:28:01.006-03:00 DEBUG 43375 --- [tienda-ms-pedidos] [           main] o.hibernate.internal.util.EntityPrinter  : com.example.tienda_ms_pedidos.model.Categoria{descripcion=Productos de vestir y accesorios, id=3, nombre=Ropa, productos=[]}
2024-12-15T14:28:01.006-03:00 DEBUG 43375 --- [tienda-ms-pedidos] [           main] o.hibernate.internal.util.EntityPrinter  : com.example.tienda_ms_pedidos.model.Producto{descripcion=Camisa de algodón, precio=100.0, categorias=[com.example.tienda_ms_pedidos.model.Categoria#3], imagen=imagen.jpg, id=4, stock=10.0, nombre=Camisa}
2024-12-15T14:28:01.006-03:00 DEBUG 43375 --- [tienda-ms-pedidos] [           main] o.hibernate.internal.util.EntityPrinter  : com.example.tienda_ms_pedidos.model.Producto{descripcion=Smartphone Apple, precio=100.0, categorias=[com.example.tienda_ms_pedidos.model.Categoria#2], imagen=imagen.jpg, id=2, stock=10.0, nombre=iPhone}
2024-12-15T14:28:01.007-03:00 DEBUG 43375 --- [tienda-ms-pedidos] [           main] o.hibernate.internal.util.EntityPrinter  : com.example.tienda_ms_pedidos.model.Producto{descripcion=Smartphone Samsung, precio=100.0, categorias=[com.example.tienda_ms_pedidos.model.Categoria#2], imagen=imagen.jpg, id=3, stock=10.0, nombre=Samsung}
2024-12-15T14:28:01.008-03:00 DEBUG 43375 --- [tienda-ms-pedidos] [           main] org.hibernate.orm.jdbc.mutation          : Inserting collection rows - com.example.tienda_ms_pedidos.model.Producto.categorias : 2
2024-12-15T14:28:01.009-03:00 DEBUG 43375 --- [tienda-ms-pedidos] [           main] org.hibernate.SQL                        : 
    /* insert for
        com.example.tienda_ms_pedidos.model.Producto.categorias */insert 
    into
        producto_categoria (id_producto, id_categoria) 
    values
        (?, ?)
Hibernate: 
    /* insert for
        com.example.tienda_ms_pedidos.model.Producto.categorias */insert 
    into
        producto_categoria (id_producto, id_categoria) 
    values
        (?, ?)
2024-12-15T14:28:01.009-03:00 DEBUG 43375 --- [tienda-ms-pedidos] [           main] org.hibernate.orm.jdbc.mutation          : Done inserting `1` collection rows : com.example.tienda_ms_pedidos.model.Producto.categorias
2024-12-15T14:28:01.009-03:00 DEBUG 43375 --- [tienda-ms-pedidos] [           main] org.hibernate.orm.jdbc.mutation          : Inserting collection rows - com.example.tienda_ms_pedidos.model.Producto.categorias : 3
2024-12-15T14:28:01.010-03:00 DEBUG 43375 --- [tienda-ms-pedidos] [           main] org.hibernate.SQL                        : 
    /* insert for
        com.example.tienda_ms_pedidos.model.Producto.categorias */insert 
    into
        producto_categoria (id_producto, id_categoria) 
    values
        (?, ?)
Hibernate: 
    /* insert for
        com.example.tienda_ms_pedidos.model.Producto.categorias */insert 
    into
        producto_categoria (id_producto, id_categoria) 
    values
        (?, ?)
2024-12-15T14:28:01.010-03:00 DEBUG 43375 --- [tienda-ms-pedidos] [           main] org.hibernate.orm.jdbc.mutation          : Done inserting `1` collection rows : com.example.tienda_ms_pedidos.model.Producto.categorias
2024-12-15T14:28:01.010-03:00 DEBUG 43375 --- [tienda-ms-pedidos] [           main] org.hibernate.orm.jdbc.mutation          : Inserting collection rows - com.example.tienda_ms_pedidos.model.Producto.categorias : 4
2024-12-15T14:28:01.010-03:00 DEBUG 43375 --- [tienda-ms-pedidos] [           main] org.hibernate.SQL                        : 
    /* insert for
        com.example.tienda_ms_pedidos.model.Producto.categorias */insert 
    into
        producto_categoria (id_producto, id_categoria) 
    values
        (?, ?)
Hibernate: 
    /* insert for
        com.example.tienda_ms_pedidos.model.Producto.categorias */insert 
    into
        producto_categoria (id_producto, id_categoria) 
    values
        (?, ?)
2024-12-15T14:28:01.011-03:00 DEBUG 43375 --- [tienda-ms-pedidos] [           main] org.hibernate.orm.jdbc.mutation          : Done inserting `1` collection rows : com.example.tienda_ms_pedidos.model.Producto.categorias
2024-12-15T14:28:01.012-03:00 DEBUG 43375 --- [tienda-ms-pedidos] [           main] o.h.e.i.AbstractFlushingEventListener    : Processing flush-time cascades
2024-12-15T14:28:01.012-03:00 DEBUG 43375 --- [tienda-ms-pedidos] [           main] o.h.e.i.AbstractFlushingEventListener    : Dirty checking collections
2024-12-15T14:28:01.013-03:00 DEBUG 43375 --- [tienda-ms-pedidos] [           main] org.hibernate.orm.sql.ast.create         : Created new SQL alias : p1_0
2024-12-15T14:28:01.013-03:00 DEBUG 43375 --- [tienda-ms-pedidos] [           main] org.hibernate.orm.sql.ast.create         : Registration of TableGroup [StandardTableGroup(com.example.tienda_ms_pedidos.model.Producto(p))] with identifierForTableGroup [com.example.tienda_ms_pedidos.model.Producto] for NavigablePath [com.example.tienda_ms_pedidos.model.Producto] 
2024-12-15T14:28:01.013-03:00 DEBUG 43375 --- [tienda-ms-pedidos] [           main] org.hibernate.orm.sql.ast.create         : Created new SQL alias : c1_0
2024-12-15T14:28:01.013-03:00 DEBUG 43375 --- [tienda-ms-pedidos] [           main] org.hibernate.orm.sql.ast.create         : Registration of TableGroup [CollectionTableGroup(com.example.tienda_ms_pedidos.model.Producto(p).categorias(c))] with identifierForTableGroup [com.example.tienda_ms_pedidos.model.Producto(p).categorias] for NavigablePath [com.example.tienda_ms_pedidos.model.Producto(p).categorias] 
2024-12-15T14:28:01.013-03:00 DEBUG 43375 --- [tienda-ms-pedidos] [           main] org.hibernate.orm.sql.ast.create         : Registration of TableGroup [org.hibernate.sql.ast.tree.from.LazyTableGroup@7bc37039] with identifierForTableGroup [com.example.tienda_ms_pedidos.model.Producto(p).categorias(c).{element}] for NavigablePath [com.example.tienda_ms_pedidos.model.Producto(p).categorias(c).{element}] 
2024-12-15T14:28:01.017-03:00 DEBUG 43375 --- [tienda-ms-pedidos] [           main] o.h.q.sqm.sql.BaseSqmToSqlAstConverter   : Determining mapping-model type for SqmParameter : SqmNamedParameter(filtro)
2024-12-15T14:28:01.018-03:00 DEBUG 43375 --- [tienda-ms-pedidos] [           main] org.hibernate.orm.sql.ast.create         : Created new SQL alias : c1_1
2024-12-15T14:28:01.018-03:00 DEBUG 43375 --- [tienda-ms-pedidos] [           main] o.h.q.sqm.sql.BaseSqmToSqlAstConverter   : Determining mapping-model type for SqmParameter : SqmNamedParameter(filtro)
2024-12-15T14:28:01.018-03:00 DEBUG 43375 --- [tienda-ms-pedidos] [           main] org.hibernate.orm.results.graph.AST      : DomainResult Graph:
 \-EntityResultImpl [com.example.tienda_ms_pedidos.model.Producto(p)]
 |  +-SelectEagerCollectionFetch [com.example.tienda_ms_pedidos.model.Producto(p).categorias]
 |  +-BasicFetch [com.example.tienda_ms_pedidos.model.Producto(p).descripcion]
 |  +-BasicFetch [com.example.tienda_ms_pedidos.model.Producto(p).imagen]
 |  +-BasicFetch [com.example.tienda_ms_pedidos.model.Producto(p).nombre]
 |  +-BasicFetch [com.example.tienda_ms_pedidos.model.Producto(p).precio]
 |  \-BasicFetch [com.example.tienda_ms_pedidos.model.Producto(p).stock]

2024-12-15T14:28:01.018-03:00 DEBUG 43375 --- [tienda-ms-pedidos] [           main] org.hibernate.orm.sql.ast.tree           : SQL AST Tree:
    SelectStatement {
      FromClause {
        StandardTableGroup (p1 : com.example.tienda_ms_pedidos.model.Producto(p)) {
          primaryTableReference : producto as p1_0
          TableGroupJoins {
             join CollectionTableGroup (c1 : com.example.tienda_ms_pedidos.model.Producto(p).categorias(c)) {
              primaryTableReference : producto_categoria as c1_0
              TableGroupJoins {
                 join LazyTableGroup (c1 : com.example.tienda_ms_pedidos.model.Producto(p).categorias(c).{element}) {
                  primaryTableReference : categoria as c1_1
                }
              }
            }
          }
        }
      }
    }

2024-12-15T14:28:01.019-03:00 DEBUG 43375 --- [tienda-ms-pedidos] [           main] o.hibernate.engine.internal.Collections  : Collection found: [com.example.tienda_ms_pedidos.model.Categoria.productos#2], was: [com.example.tienda_ms_pedidos.model.Categoria.productos#2] (initialized)
2024-12-15T14:28:01.019-03:00 DEBUG 43375 --- [tienda-ms-pedidos] [           main] o.hibernate.engine.internal.Collections  : Collection found: [com.example.tienda_ms_pedidos.model.Categoria.productos#3], was: [com.example.tienda_ms_pedidos.model.Categoria.productos#3] (initialized)
2024-12-15T14:28:01.019-03:00 DEBUG 43375 --- [tienda-ms-pedidos] [           main] o.hibernate.engine.internal.Collections  : Collection found: [com.example.tienda_ms_pedidos.model.Producto.categorias#2], was: [com.example.tienda_ms_pedidos.model.Producto.categorias#2] (initialized)
2024-12-15T14:28:01.019-03:00 DEBUG 43375 --- [tienda-ms-pedidos] [           main] o.hibernate.engine.internal.Collections  : Collection found: [com.example.tienda_ms_pedidos.model.Producto.categorias#3], was: [com.example.tienda_ms_pedidos.model.Producto.categorias#3] (initialized)
2024-12-15T14:28:01.019-03:00 DEBUG 43375 --- [tienda-ms-pedidos] [           main] o.hibernate.engine.internal.Collections  : Collection found: [com.example.tienda_ms_pedidos.model.Producto.categorias#4], was: [com.example.tienda_ms_pedidos.model.Producto.categorias#4] (initialized)
2024-12-15T14:28:01.019-03:00 DEBUG 43375 --- [tienda-ms-pedidos] [           main] o.h.e.i.AbstractFlushingEventListener    : Flushed: 0 insertions, 0 updates, 0 deletions to 5 objects
2024-12-15T14:28:01.019-03:00 DEBUG 43375 --- [tienda-ms-pedidos] [           main] o.h.e.i.AbstractFlushingEventListener    : Flushed: 0 (re)creations, 0 updates, 0 removals to 5 collections
2024-12-15T14:28:01.019-03:00 DEBUG 43375 --- [tienda-ms-pedidos] [           main] o.hibernate.internal.util.EntityPrinter  : Listing entities:
2024-12-15T14:28:01.019-03:00 DEBUG 43375 --- [tienda-ms-pedidos] [           main] o.hibernate.internal.util.EntityPrinter  : com.example.tienda_ms_pedidos.model.Categoria{descripcion=Productos electrónicos y tecnología, id=2, nombre=Electrónicos, productos=[]}
2024-12-15T14:28:01.019-03:00 DEBUG 43375 --- [tienda-ms-pedidos] [           main] o.hibernate.internal.util.EntityPrinter  : com.example.tienda_ms_pedidos.model.Categoria{descripcion=Productos de vestir y accesorios, id=3, nombre=Ropa, productos=[]}
2024-12-15T14:28:01.019-03:00 DEBUG 43375 --- [tienda-ms-pedidos] [           main] o.hibernate.internal.util.EntityPrinter  : com.example.tienda_ms_pedidos.model.Producto{descripcion=Camisa de algodón, precio=100.0, categorias=[com.example.tienda_ms_pedidos.model.Categoria#3], imagen=imagen.jpg, id=4, stock=10.0, nombre=Camisa}
2024-12-15T14:28:01.019-03:00 DEBUG 43375 --- [tienda-ms-pedidos] [           main] o.hibernate.internal.util.EntityPrinter  : com.example.tienda_ms_pedidos.model.Producto{descripcion=Smartphone Apple, precio=100.0, categorias=[com.example.tienda_ms_pedidos.model.Categoria#2], imagen=imagen.jpg, id=2, stock=10.0, nombre=iPhone}
2024-12-15T14:28:01.019-03:00 DEBUG 43375 --- [tienda-ms-pedidos] [           main] o.hibernate.internal.util.EntityPrinter  : com.example.tienda_ms_pedidos.model.Producto{descripcion=Smartphone Samsung, precio=100.0, categorias=[com.example.tienda_ms_pedidos.model.Categoria#2], imagen=imagen.jpg, id=3, stock=10.0, nombre=Samsung}
2024-12-15T14:28:01.019-03:00 DEBUG 43375 --- [tienda-ms-pedidos] [           main] org.hibernate.orm.sql.exec               : Skipping reading Query result cache data: cache-enabled = false, cache-mode = NORMAL
2024-12-15T14:28:01.019-03:00 DEBUG 43375 --- [tienda-ms-pedidos] [           main] org.hibernate.SQL                        : 
    /* SELECT
        DISTINCT p 
    FROM
        Producto p 
    JOIN
        p.categorias c 
    WHERE
        LOWER(p.nombre) LIKE LOWER(CONCAT('%', :filtro, '%'))    
        OR LOWER(c.nombre) LIKE LOWER(CONCAT('%', :filtro, '%')) */ select
            distinct p1_0.id_producto,
            p1_0.descripcion,
            p1_0.imagen,
            p1_0.nombre,
            p1_0.precio,
            p1_0.stock 
        from
            producto p1_0 
        join
            producto_categoria c1_0 
                on p1_0.id_producto=c1_0.id_producto 
        join
            categoria c1_1 
                on c1_1.id_categoria=c1_0.id_categoria 
        where
            lower(p1_0.nombre) like lower(('%'||?||'%')) 
            or lower(c1_1.nombre) like lower(('%'||?||'%'))
Hibernate: 
    /* SELECT
        DISTINCT p 
    FROM
        Producto p 
    JOIN
        p.categorias c 
    WHERE
        LOWER(p.nombre) LIKE LOWER(CONCAT('%', :filtro, '%'))    
        OR LOWER(c.nombre) LIKE LOWER(CONCAT('%', :filtro, '%')) */ select
            distinct p1_0.id_producto,
            p1_0.descripcion,
            p1_0.imagen,
            p1_0.nombre,
            p1_0.precio,
            p1_0.stock 
        from
            producto p1_0 
        join
            producto_categoria c1_0 
                on p1_0.id_producto=c1_0.id_producto 
        join
            categoria c1_1 
                on c1_1.id_categoria=c1_0.id_categoria 
        where
            lower(p1_0.nombre) like lower(('%'||?||'%')) 
            or lower(c1_1.nombre) like lower(('%'||?||'%'))
2024-12-15T14:28:01.024-03:00 DEBUG 43375 --- [tienda-ms-pedidos] [           main] org.hibernate.orm.results                : Initializer list:
	  com.example.tienda_ms_pedidos.model.Producto(p) -> EntityJoinedFetchInitializer(com.example.tienda_ms_pedidos.model.Producto(p))@171149908 (SingleTableEntityPersister(com.example.tienda_ms_pedidos.model.Producto))
	  com.example.tienda_ms_pedidos.model.Producto(p).categorias -> SelectEagerCollectionInitializer(com.example.tienda_ms_pedidos.model.Producto(p).categorias)@254655264 (PluralAttribute(com.example.tienda_ms_pedidos.model.Producto.categorias))

2024-12-15T14:28:01.025-03:00 DEBUG 43375 --- [tienda-ms-pedidos] [           main] org.springframework.test.context.cache   : Spring test ApplicationContext cache statistics: [DefaultContextCache@30d9004d size = 1, maxSize = 32, parentContextCount = 0, hitCount = 125, missCount = 1, failureCount = 0]
2024-12-15T14:28:01.025-03:00 DEBUG 43375 --- [tienda-ms-pedidos] [           main] org.springframework.test.context.cache   : Spring test ApplicationContext cache statistics: [DefaultContextCache@30d9004d size = 1, maxSize = 32, parentContextCount = 0, hitCount = 126, missCount = 1, failureCount = 0]
2024-12-15T14:28:01.026-03:00 DEBUG 43375 --- [tienda-ms-pedidos] [           main] org.springframework.test.context.cache   : Spring test ApplicationContext cache statistics: [DefaultContextCache@30d9004d size = 1, maxSize = 32, parentContextCount = 0, hitCount = 127, missCount = 1, failureCount = 0]
2024-12-15T14:28:01.026-03:00 DEBUG 43375 --- [tienda-ms-pedidos] [           main] org.springframework.test.context.cache   : Spring test ApplicationContext cache statistics: [DefaultContextCache@30d9004d size = 1, maxSize = 32, parentContextCount = 0, hitCount = 128, missCount = 1, failureCount = 0]
2024-12-15T14:28:01.026-03:00 DEBUG 43375 --- [tienda-ms-pedidos] [           main] org.springframework.test.context.cache   : Spring test ApplicationContext cache statistics: [DefaultContextCache@30d9004d size = 1, maxSize = 32, parentContextCount = 0, hitCount = 129, missCount = 1, failureCount = 0]
2024-12-15T14:28:01.026-03:00 DEBUG 43375 --- [tienda-ms-pedidos] [           main] org.springframework.test.context.cache   : Spring test ApplicationContext cache statistics: [DefaultContextCache@30d9004d size = 1, maxSize = 32, parentContextCount = 0, hitCount = 130, missCount = 1, failureCount = 0]
2024-12-15T14:28:01.026-03:00 DEBUG 43375 --- [tienda-ms-pedidos] [           main] org.springframework.test.context.cache   : Spring test ApplicationContext cache statistics: [DefaultContextCache@30d9004d size = 1, maxSize = 32, parentContextCount = 0, hitCount = 131, missCount = 1, failureCount = 0]
2024-12-15T14:28:01.026-03:00 DEBUG 43375 --- [tienda-ms-pedidos] [           main] o.s.orm.jpa.JpaTransactionManager        : Initiating transaction rollback
2024-12-15T14:28:01.026-03:00 DEBUG 43375 --- [tienda-ms-pedidos] [           main] o.s.orm.jpa.JpaTransactionManager        : Rolling back JPA transaction on EntityManager [SessionImpl(1064528727<open>)]
2024-12-15T14:28:01.026-03:00 DEBUG 43375 --- [tienda-ms-pedidos] [           main] o.h.e.t.internal.TransactionImpl         : rolling back
2024-12-15T14:28:01.027-03:00 DEBUG 43375 --- [tienda-ms-pedidos] [           main] o.s.orm.jpa.JpaTransactionManager        : Closing JPA EntityManager [SessionImpl(1064528727<open>)] after transaction
2024-12-15T14:28:01.027-03:00 DEBUG 43375 --- [tienda-ms-pedidos] [           main] o.s.t.c.transaction.TransactionContext   : Rolled back transaction (1) for test class [com.example.tienda_ms_pedidos.repository.ProductoRepositoryTest]; test method [buscarPorNombreOCategoria_PorCategoria]
2024-12-15T14:28:01.027-03:00 DEBUG 43375 --- [tienda-ms-pedidos] [           main] .c.s.DirtiesContextTestExecutionListener : After test method: class [ProductoRepositoryTest], method [buscarPorNombreOCategoria_PorCategoria], class annotated with @DirtiesContext [false] with mode [null], method annotated with @DirtiesContext [false] with mode [null]
]]></system-out>
  </testcase>
  <testcase name="buscarPorNombreOCategoria_SinResultados" classname="com.example.tienda_ms_pedidos.repository.ProductoRepositoryTest" time="0.014">
    <system-out><![CDATA[2024-12-15T14:28:01.028-03:00 DEBUG 43375 --- [tienda-ms-pedidos] [           main] DependencyInjectionTestExecutionListener : Performing dependency injection for test class com.example.tienda_ms_pedidos.repository.ProductoRepositoryTest
2024-12-15T14:28:01.028-03:00 DEBUG 43375 --- [tienda-ms-pedidos] [           main] org.springframework.test.context.cache   : Spring test ApplicationContext cache statistics: [DefaultContextCache@30d9004d size = 1, maxSize = 32, parentContextCount = 0, hitCount = 132, missCount = 1, failureCount = 0]
2024-12-15T14:28:01.028-03:00 DEBUG 43375 --- [tienda-ms-pedidos] [           main] org.springframework.test.context.cache   : Spring test ApplicationContext cache statistics: [DefaultContextCache@30d9004d size = 1, maxSize = 32, parentContextCount = 0, hitCount = 133, missCount = 1, failureCount = 0]
2024-12-15T14:28:01.029-03:00 DEBUG 43375 --- [tienda-ms-pedidos] [           main] sContextBeforeModesTestExecutionListener : Before test method: class [ProductoRepositoryTest], method [buscarPorNombreOCategoria_SinResultados], class annotated with @DirtiesContext [false] with mode [null], method annotated with @DirtiesContext [false] with mode [null]
2024-12-15T14:28:01.029-03:00 DEBUG 43375 --- [tienda-ms-pedidos] [           main] t.c.t.TransactionalTestExecutionListener : Explicit transaction definition [PROPAGATION_REQUIRED,ISOLATION_DEFAULT] found for test class [com.example.tienda_ms_pedidos.repository.ProductoRepositoryTest] and test method [buscarPorNombreOCategoria_SinResultados]
2024-12-15T14:28:01.029-03:00 DEBUG 43375 --- [tienda-ms-pedidos] [           main] org.springframework.test.context.cache   : Spring test ApplicationContext cache statistics: [DefaultContextCache@30d9004d size = 1, maxSize = 32, parentContextCount = 0, hitCount = 134, missCount = 1, failureCount = 0]
2024-12-15T14:28:01.029-03:00 DEBUG 43375 --- [tienda-ms-pedidos] [           main] t.c.t.TransactionalTestExecutionListener : No method-level @Rollback override: using default rollback [true] for test method [void com.example.tienda_ms_pedidos.repository.ProductoRepositoryTest.buscarPorNombreOCategoria_SinResultados()]
2024-12-15T14:28:01.029-03:00 DEBUG 43375 --- [tienda-ms-pedidos] [           main] o.s.orm.jpa.JpaTransactionManager        : Creating new transaction with name [com.example.tienda_ms_pedidos.repository.ProductoRepositoryTest.buscarPorNombreOCategoria_SinResultados]: PROPAGATION_REQUIRED,ISOLATION_DEFAULT
2024-12-15T14:28:01.029-03:00 DEBUG 43375 --- [tienda-ms-pedidos] [           main] o.s.orm.jpa.JpaTransactionManager        : Opened new EntityManager [SessionImpl(1965229017<open>)] for JPA transaction
2024-12-15T14:28:01.029-03:00 DEBUG 43375 --- [tienda-ms-pedidos] [           main] o.h.e.t.internal.TransactionImpl         : On TransactionImpl creation, JpaCompliance#isJpaTransactionComplianceEnabled == false
2024-12-15T14:28:01.029-03:00 DEBUG 43375 --- [tienda-ms-pedidos] [           main] o.h.e.t.internal.TransactionImpl         : begin
2024-12-15T14:28:01.029-03:00 DEBUG 43375 --- [tienda-ms-pedidos] [           main] o.s.orm.jpa.JpaTransactionManager        : Exposing JPA transaction as JDBC [org.springframework.orm.jpa.vendor.HibernateJpaDialect$HibernateConnectionHandle@7ce9c69f]
2024-12-15T14:28:01.029-03:00 DEBUG 43375 --- [tienda-ms-pedidos] [           main] o.s.t.c.transaction.TransactionContext   : Began transaction (1) for test class [com.example.tienda_ms_pedidos.repository.ProductoRepositoryTest]; test method [buscarPorNombreOCategoria_SinResultados]; transaction manager [org.springframework.orm.jpa.JpaTransactionManager@5be0e16f]; rollback [true]
2024-12-15T14:28:01.030-03:00 DEBUG 43375 --- [tienda-ms-pedidos] [           main] org.springframework.test.context.cache   : Spring test ApplicationContext cache statistics: [DefaultContextCache@30d9004d size = 1, maxSize = 32, parentContextCount = 0, hitCount = 135, missCount = 1, failureCount = 0]
2024-12-15T14:28:01.030-03:00 DEBUG 43375 --- [tienda-ms-pedidos] [           main] org.springframework.test.context.cache   : Spring test ApplicationContext cache statistics: [DefaultContextCache@30d9004d size = 1, maxSize = 32, parentContextCount = 0, hitCount = 136, missCount = 1, failureCount = 0]
2024-12-15T14:28:01.030-03:00 DEBUG 43375 --- [tienda-ms-pedidos] [           main] org.springframework.test.context.cache   : Spring test ApplicationContext cache statistics: [DefaultContextCache@30d9004d size = 1, maxSize = 32, parentContextCount = 0, hitCount = 137, missCount = 1, failureCount = 0]
2024-12-15T14:28:01.030-03:00 DEBUG 43375 --- [tienda-ms-pedidos] [           main] org.springframework.test.context.cache   : Spring test ApplicationContext cache statistics: [DefaultContextCache@30d9004d size = 1, maxSize = 32, parentContextCount = 0, hitCount = 138, missCount = 1, failureCount = 0]
2024-12-15T14:28:01.031-03:00 DEBUG 43375 --- [tienda-ms-pedidos] [           main] org.hibernate.engine.spi.ActionQueue     : Executing identity-insert immediately
2024-12-15T14:28:01.031-03:00 DEBUG 43375 --- [tienda-ms-pedidos] [           main] org.hibernate.SQL                        : 
    /* insert for
        com.example.tienda_ms_pedidos.model.Categoria */insert 
    into
        categoria (descripcion, nombre, id_categoria) 
    values
        (?, ?, default)
Hibernate: 
    /* insert for
        com.example.tienda_ms_pedidos.model.Categoria */insert 
    into
        categoria (descripcion, nombre, id_categoria) 
    values
        (?, ?, default)
2024-12-15T14:28:01.031-03:00 DEBUG 43375 --- [tienda-ms-pedidos] [           main] org.hibernate.orm.results                : Initializer list is empty
2024-12-15T14:28:01.032-03:00 DEBUG 43375 --- [tienda-ms-pedidos] [           main] o.h.id.IdentifierGeneratorHelper         : Extracted generated values [com.example.tienda_ms_pedidos.model.Categoria]: [Ljava.lang.Object;@66a388d4
2024-12-15T14:28:01.032-03:00 DEBUG 43375 --- [tienda-ms-pedidos] [           main] org.hibernate.engine.spi.ActionQueue     : Executing identity-insert immediately
2024-12-15T14:28:01.032-03:00 DEBUG 43375 --- [tienda-ms-pedidos] [           main] org.hibernate.SQL                        : 
    /* insert for
        com.example.tienda_ms_pedidos.model.Producto */insert 
    into
        producto (descripcion, imagen, nombre, precio, stock, id_producto) 
    values
        (?, ?, ?, ?, ?, default)
Hibernate: 
    /* insert for
        com.example.tienda_ms_pedidos.model.Producto */insert 
    into
        producto (descripcion, imagen, nombre, precio, stock, id_producto) 
    values
        (?, ?, ?, ?, ?, default)
2024-12-15T14:28:01.032-03:00 DEBUG 43375 --- [tienda-ms-pedidos] [           main] org.hibernate.orm.results                : Initializer list is empty
2024-12-15T14:28:01.033-03:00 DEBUG 43375 --- [tienda-ms-pedidos] [           main] o.h.id.IdentifierGeneratorHelper         : Extracted generated values [com.example.tienda_ms_pedidos.model.Producto]: [Ljava.lang.Object;@4f68beae
2024-12-15T14:28:01.033-03:00 DEBUG 43375 --- [tienda-ms-pedidos] [           main] o.h.e.i.AbstractFlushingEventListener    : Processing flush-time cascades
2024-12-15T14:28:01.033-03:00 DEBUG 43375 --- [tienda-ms-pedidos] [           main] o.h.e.i.AbstractFlushingEventListener    : Dirty checking collections
2024-12-15T14:28:01.033-03:00 DEBUG 43375 --- [tienda-ms-pedidos] [           main] o.hibernate.engine.internal.Collections  : Collection found: [com.example.tienda_ms_pedidos.model.Categoria.productos#4], was: [<unreferenced>] (initialized)
2024-12-15T14:28:01.033-03:00 DEBUG 43375 --- [tienda-ms-pedidos] [           main] o.hibernate.engine.internal.Collections  : Collection found: [com.example.tienda_ms_pedidos.model.Producto.categorias#5], was: [<unreferenced>] (initialized)
2024-12-15T14:28:01.033-03:00 DEBUG 43375 --- [tienda-ms-pedidos] [           main] o.h.e.i.AbstractFlushingEventListener    : Flushed: 0 insertions, 0 updates, 0 deletions to 2 objects
2024-12-15T14:28:01.033-03:00 DEBUG 43375 --- [tienda-ms-pedidos] [           main] o.h.e.i.AbstractFlushingEventListener    : Flushed: 2 (re)creations, 0 updates, 0 removals to 2 collections
2024-12-15T14:28:01.033-03:00 DEBUG 43375 --- [tienda-ms-pedidos] [           main] o.hibernate.internal.util.EntityPrinter  : Listing entities:
2024-12-15T14:28:01.033-03:00 DEBUG 43375 --- [tienda-ms-pedidos] [           main] o.hibernate.internal.util.EntityPrinter  : com.example.tienda_ms_pedidos.model.Categoria{descripcion=Productos electrónicos y tecnología, id=4, nombre=Electrónicos, productos=[]}
2024-12-15T14:28:01.033-03:00 DEBUG 43375 --- [tienda-ms-pedidos] [           main] o.hibernate.internal.util.EntityPrinter  : com.example.tienda_ms_pedidos.model.Producto{descripcion=Smartphone Apple, precio=100.0, categorias=[com.example.tienda_ms_pedidos.model.Categoria#4], imagen=imagen.jpg, id=5, stock=10.0, nombre=iPhone}
2024-12-15T14:28:01.033-03:00 DEBUG 43375 --- [tienda-ms-pedidos] [           main] org.hibernate.orm.jdbc.mutation          : Inserting collection rows - com.example.tienda_ms_pedidos.model.Producto.categorias : 5
2024-12-15T14:28:01.034-03:00 DEBUG 43375 --- [tienda-ms-pedidos] [           main] org.hibernate.SQL                        : 
    /* insert for
        com.example.tienda_ms_pedidos.model.Producto.categorias */insert 
    into
        producto_categoria (id_producto, id_categoria) 
    values
        (?, ?)
Hibernate: 
    /* insert for
        com.example.tienda_ms_pedidos.model.Producto.categorias */insert 
    into
        producto_categoria (id_producto, id_categoria) 
    values
        (?, ?)
2024-12-15T14:28:01.034-03:00 DEBUG 43375 --- [tienda-ms-pedidos] [           main] org.hibernate.orm.jdbc.mutation          : Done inserting `1` collection rows : com.example.tienda_ms_pedidos.model.Producto.categorias
2024-12-15T14:28:01.035-03:00 DEBUG 43375 --- [tienda-ms-pedidos] [           main] o.h.e.i.AbstractFlushingEventListener    : Processing flush-time cascades
2024-12-15T14:28:01.035-03:00 DEBUG 43375 --- [tienda-ms-pedidos] [           main] o.h.e.i.AbstractFlushingEventListener    : Dirty checking collections
2024-12-15T14:28:01.036-03:00 DEBUG 43375 --- [tienda-ms-pedidos] [           main] org.hibernate.orm.sql.ast.create         : Created new SQL alias : p1_0
2024-12-15T14:28:01.036-03:00 DEBUG 43375 --- [tienda-ms-pedidos] [           main] org.hibernate.orm.sql.ast.create         : Registration of TableGroup [StandardTableGroup(com.example.tienda_ms_pedidos.model.Producto(p))] with identifierForTableGroup [com.example.tienda_ms_pedidos.model.Producto] for NavigablePath [com.example.tienda_ms_pedidos.model.Producto] 
2024-12-15T14:28:01.036-03:00 DEBUG 43375 --- [tienda-ms-pedidos] [           main] org.hibernate.orm.sql.ast.create         : Created new SQL alias : c1_0
2024-12-15T14:28:01.036-03:00 DEBUG 43375 --- [tienda-ms-pedidos] [           main] org.hibernate.orm.sql.ast.create         : Registration of TableGroup [CollectionTableGroup(com.example.tienda_ms_pedidos.model.Producto(p).categorias(c))] with identifierForTableGroup [com.example.tienda_ms_pedidos.model.Producto(p).categorias] for NavigablePath [com.example.tienda_ms_pedidos.model.Producto(p).categorias] 
2024-12-15T14:28:01.036-03:00 DEBUG 43375 --- [tienda-ms-pedidos] [           main] org.hibernate.orm.sql.ast.create         : Registration of TableGroup [org.hibernate.sql.ast.tree.from.LazyTableGroup@18208373] with identifierForTableGroup [com.example.tienda_ms_pedidos.model.Producto(p).categorias(c).{element}] for NavigablePath [com.example.tienda_ms_pedidos.model.Producto(p).categorias(c).{element}] 
2024-12-15T14:28:01.037-03:00 DEBUG 43375 --- [tienda-ms-pedidos] [           main] o.h.q.sqm.sql.BaseSqmToSqlAstConverter   : Determining mapping-model type for SqmParameter : SqmNamedParameter(filtro)
2024-12-15T14:28:01.037-03:00 DEBUG 43375 --- [tienda-ms-pedidos] [           main] org.hibernate.orm.sql.ast.create         : Created new SQL alias : c1_1
2024-12-15T14:28:01.037-03:00 DEBUG 43375 --- [tienda-ms-pedidos] [           main] o.h.q.sqm.sql.BaseSqmToSqlAstConverter   : Determining mapping-model type for SqmParameter : SqmNamedParameter(filtro)
2024-12-15T14:28:01.037-03:00 DEBUG 43375 --- [tienda-ms-pedidos] [           main] org.hibernate.orm.results.graph.AST      : DomainResult Graph:
 \-EntityResultImpl [com.example.tienda_ms_pedidos.model.Producto(p)]
 |  +-SelectEagerCollectionFetch [com.example.tienda_ms_pedidos.model.Producto(p).categorias]
 |  +-BasicFetch [com.example.tienda_ms_pedidos.model.Producto(p).descripcion]
 |  +-BasicFetch [com.example.tienda_ms_pedidos.model.Producto(p).imagen]
 |  +-BasicFetch [com.example.tienda_ms_pedidos.model.Producto(p).nombre]
 |  +-BasicFetch [com.example.tienda_ms_pedidos.model.Producto(p).precio]
 |  \-BasicFetch [com.example.tienda_ms_pedidos.model.Producto(p).stock]

2024-12-15T14:28:01.037-03:00 DEBUG 43375 --- [tienda-ms-pedidos] [           main] org.hibernate.orm.sql.ast.tree           : SQL AST Tree:
    SelectStatement {
      FromClause {
        StandardTableGroup (p1 : com.example.tienda_ms_pedidos.model.Producto(p)) {
          primaryTableReference : producto as p1_0
          TableGroupJoins {
             join CollectionTableGroup (c1 : com.example.tienda_ms_pedidos.model.Producto(p).categorias(c)) {
              primaryTableReference : producto_categoria as c1_0
              TableGroupJoins {
                 join LazyTableGroup (c1 : com.example.tienda_ms_pedidos.model.Producto(p).categorias(c).{element}) {
                  primaryTableReference : categoria as c1_1
                }
              }
            }
          }
        }
      }
    }

2024-12-15T14:28:01.037-03:00 DEBUG 43375 --- [tienda-ms-pedidos] [           main] o.hibernate.engine.internal.Collections  : Collection found: [com.example.tienda_ms_pedidos.model.Categoria.productos#4], was: [com.example.tienda_ms_pedidos.model.Categoria.productos#4] (initialized)
2024-12-15T14:28:01.037-03:00 DEBUG 43375 --- [tienda-ms-pedidos] [           main] o.hibernate.engine.internal.Collections  : Collection found: [com.example.tienda_ms_pedidos.model.Producto.categorias#5], was: [com.example.tienda_ms_pedidos.model.Producto.categorias#5] (initialized)
2024-12-15T14:28:01.038-03:00 DEBUG 43375 --- [tienda-ms-pedidos] [           main] o.h.e.i.AbstractFlushingEventListener    : Flushed: 0 insertions, 0 updates, 0 deletions to 2 objects
2024-12-15T14:28:01.038-03:00 DEBUG 43375 --- [tienda-ms-pedidos] [           main] o.h.e.i.AbstractFlushingEventListener    : Flushed: 0 (re)creations, 0 updates, 0 removals to 2 collections
2024-12-15T14:28:01.038-03:00 DEBUG 43375 --- [tienda-ms-pedidos] [           main] o.hibernate.internal.util.EntityPrinter  : Listing entities:
2024-12-15T14:28:01.038-03:00 DEBUG 43375 --- [tienda-ms-pedidos] [           main] o.hibernate.internal.util.EntityPrinter  : com.example.tienda_ms_pedidos.model.Categoria{descripcion=Productos electrónicos y tecnología, id=4, nombre=Electrónicos, productos=[]}
2024-12-15T14:28:01.038-03:00 DEBUG 43375 --- [tienda-ms-pedidos] [           main] o.hibernate.internal.util.EntityPrinter  : com.example.tienda_ms_pedidos.model.Producto{descripcion=Smartphone Apple, precio=100.0, categorias=[com.example.tienda_ms_pedidos.model.Categoria#4], imagen=imagen.jpg, id=5, stock=10.0, nombre=iPhone}
2024-12-15T14:28:01.038-03:00 DEBUG 43375 --- [tienda-ms-pedidos] [           main] org.hibernate.orm.sql.exec               : Skipping reading Query result cache data: cache-enabled = false, cache-mode = NORMAL
2024-12-15T14:28:01.038-03:00 DEBUG 43375 --- [tienda-ms-pedidos] [           main] org.hibernate.SQL                        : 
    /* SELECT
        DISTINCT p 
    FROM
        Producto p 
    JOIN
        p.categorias c 
    WHERE
        LOWER(p.nombre) LIKE LOWER(CONCAT('%', :filtro, '%'))    
        OR LOWER(c.nombre) LIKE LOWER(CONCAT('%', :filtro, '%')) */ select
            distinct p1_0.id_producto,
            p1_0.descripcion,
            p1_0.imagen,
            p1_0.nombre,
            p1_0.precio,
            p1_0.stock 
        from
            producto p1_0 
        join
            producto_categoria c1_0 
                on p1_0.id_producto=c1_0.id_producto 
        join
            categoria c1_1 
                on c1_1.id_categoria=c1_0.id_categoria 
        where
            lower(p1_0.nombre) like lower(('%'||?||'%')) 
            or lower(c1_1.nombre) like lower(('%'||?||'%'))
Hibernate: 
    /* SELECT
        DISTINCT p 
    FROM
        Producto p 
    JOIN
        p.categorias c 
    WHERE
        LOWER(p.nombre) LIKE LOWER(CONCAT('%', :filtro, '%'))    
        OR LOWER(c.nombre) LIKE LOWER(CONCAT('%', :filtro, '%')) */ select
            distinct p1_0.id_producto,
            p1_0.descripcion,
            p1_0.imagen,
            p1_0.nombre,
            p1_0.precio,
            p1_0.stock 
        from
            producto p1_0 
        join
            producto_categoria c1_0 
                on p1_0.id_producto=c1_0.id_producto 
        join
            categoria c1_1 
                on c1_1.id_categoria=c1_0.id_categoria 
        where
            lower(p1_0.nombre) like lower(('%'||?||'%')) 
            or lower(c1_1.nombre) like lower(('%'||?||'%'))
2024-12-15T14:28:01.039-03:00 DEBUG 43375 --- [tienda-ms-pedidos] [           main] org.hibernate.orm.results                : Initializer list:
	  com.example.tienda_ms_pedidos.model.Producto(p) -> EntityJoinedFetchInitializer(com.example.tienda_ms_pedidos.model.Producto(p))@1347652339 (SingleTableEntityPersister(com.example.tienda_ms_pedidos.model.Producto))
	  com.example.tienda_ms_pedidos.model.Producto(p).categorias -> SelectEagerCollectionInitializer(com.example.tienda_ms_pedidos.model.Producto(p).categorias)@1306781873 (PluralAttribute(com.example.tienda_ms_pedidos.model.Producto.categorias))

2024-12-15T14:28:01.039-03:00 DEBUG 43375 --- [tienda-ms-pedidos] [           main] org.springframework.test.context.cache   : Spring test ApplicationContext cache statistics: [DefaultContextCache@30d9004d size = 1, maxSize = 32, parentContextCount = 0, hitCount = 139, missCount = 1, failureCount = 0]
2024-12-15T14:28:01.040-03:00 DEBUG 43375 --- [tienda-ms-pedidos] [           main] org.springframework.test.context.cache   : Spring test ApplicationContext cache statistics: [DefaultContextCache@30d9004d size = 1, maxSize = 32, parentContextCount = 0, hitCount = 140, missCount = 1, failureCount = 0]
2024-12-15T14:28:01.040-03:00 DEBUG 43375 --- [tienda-ms-pedidos] [           main] org.springframework.test.context.cache   : Spring test ApplicationContext cache statistics: [DefaultContextCache@30d9004d size = 1, maxSize = 32, parentContextCount = 0, hitCount = 141, missCount = 1, failureCount = 0]
2024-12-15T14:28:01.040-03:00 DEBUG 43375 --- [tienda-ms-pedidos] [           main] org.springframework.test.context.cache   : Spring test ApplicationContext cache statistics: [DefaultContextCache@30d9004d size = 1, maxSize = 32, parentContextCount = 0, hitCount = 142, missCount = 1, failureCount = 0]
2024-12-15T14:28:01.041-03:00 DEBUG 43375 --- [tienda-ms-pedidos] [           main] org.springframework.test.context.cache   : Spring test ApplicationContext cache statistics: [DefaultContextCache@30d9004d size = 1, maxSize = 32, parentContextCount = 0, hitCount = 143, missCount = 1, failureCount = 0]
2024-12-15T14:28:01.041-03:00 DEBUG 43375 --- [tienda-ms-pedidos] [           main] org.springframework.test.context.cache   : Spring test ApplicationContext cache statistics: [DefaultContextCache@30d9004d size = 1, maxSize = 32, parentContextCount = 0, hitCount = 144, missCount = 1, failureCount = 0]
2024-12-15T14:28:01.041-03:00 DEBUG 43375 --- [tienda-ms-pedidos] [           main] org.springframework.test.context.cache   : Spring test ApplicationContext cache statistics: [DefaultContextCache@30d9004d size = 1, maxSize = 32, parentContextCount = 0, hitCount = 145, missCount = 1, failureCount = 0]
2024-12-15T14:28:01.041-03:00 DEBUG 43375 --- [tienda-ms-pedidos] [           main] o.s.orm.jpa.JpaTransactionManager        : Initiating transaction rollback
2024-12-15T14:28:01.041-03:00 DEBUG 43375 --- [tienda-ms-pedidos] [           main] o.s.orm.jpa.JpaTransactionManager        : Rolling back JPA transaction on EntityManager [SessionImpl(1965229017<open>)]
2024-12-15T14:28:01.041-03:00 DEBUG 43375 --- [tienda-ms-pedidos] [           main] o.h.e.t.internal.TransactionImpl         : rolling back
2024-12-15T14:28:01.042-03:00 DEBUG 43375 --- [tienda-ms-pedidos] [           main] o.s.orm.jpa.JpaTransactionManager        : Closing JPA EntityManager [SessionImpl(1965229017<open>)] after transaction
2024-12-15T14:28:01.042-03:00 DEBUG 43375 --- [tienda-ms-pedidos] [           main] o.s.t.c.transaction.TransactionContext   : Rolled back transaction (1) for test class [com.example.tienda_ms_pedidos.repository.ProductoRepositoryTest]; test method [buscarPorNombreOCategoria_SinResultados]
2024-12-15T14:28:01.042-03:00 DEBUG 43375 --- [tienda-ms-pedidos] [           main] .c.s.DirtiesContextTestExecutionListener : After test method: class [ProductoRepositoryTest], method [buscarPorNombreOCategoria_SinResultados], class annotated with @DirtiesContext [false] with mode [null], method annotated with @DirtiesContext [false] with mode [null]
]]></system-out>
  </testcase>
  <testcase name="createCategoria_WithInvalidDescription_ThrowsException" classname="com.example.tienda_ms_pedidos.repository.ProductoRepositoryTest" time="0.01">
    <system-out><![CDATA[2024-12-15T14:28:01.042-03:00 DEBUG 43375 --- [tienda-ms-pedidos] [           main] DependencyInjectionTestExecutionListener : Performing dependency injection for test class com.example.tienda_ms_pedidos.repository.ProductoRepositoryTest
2024-12-15T14:28:01.043-03:00 DEBUG 43375 --- [tienda-ms-pedidos] [           main] org.springframework.test.context.cache   : Spring test ApplicationContext cache statistics: [DefaultContextCache@30d9004d size = 1, maxSize = 32, parentContextCount = 0, hitCount = 146, missCount = 1, failureCount = 0]
2024-12-15T14:28:01.043-03:00 DEBUG 43375 --- [tienda-ms-pedidos] [           main] org.springframework.test.context.cache   : Spring test ApplicationContext cache statistics: [DefaultContextCache@30d9004d size = 1, maxSize = 32, parentContextCount = 0, hitCount = 147, missCount = 1, failureCount = 0]
2024-12-15T14:28:01.043-03:00 DEBUG 43375 --- [tienda-ms-pedidos] [           main] sContextBeforeModesTestExecutionListener : Before test method: class [ProductoRepositoryTest], method [createCategoria_WithInvalidDescription_ThrowsException], class annotated with @DirtiesContext [false] with mode [null], method annotated with @DirtiesContext [false] with mode [null]
2024-12-15T14:28:01.043-03:00 DEBUG 43375 --- [tienda-ms-pedidos] [           main] t.c.t.TransactionalTestExecutionListener : Explicit transaction definition [PROPAGATION_REQUIRED,ISOLATION_DEFAULT] found for test class [com.example.tienda_ms_pedidos.repository.ProductoRepositoryTest] and test method [createCategoria_WithInvalidDescription_ThrowsException]
2024-12-15T14:28:01.043-03:00 DEBUG 43375 --- [tienda-ms-pedidos] [           main] org.springframework.test.context.cache   : Spring test ApplicationContext cache statistics: [DefaultContextCache@30d9004d size = 1, maxSize = 32, parentContextCount = 0, hitCount = 148, missCount = 1, failureCount = 0]
2024-12-15T14:28:01.043-03:00 DEBUG 43375 --- [tienda-ms-pedidos] [           main] t.c.t.TransactionalTestExecutionListener : No method-level @Rollback override: using default rollback [true] for test method [void com.example.tienda_ms_pedidos.repository.ProductoRepositoryTest.createCategoria_WithInvalidDescription_ThrowsException()]
2024-12-15T14:28:01.043-03:00 DEBUG 43375 --- [tienda-ms-pedidos] [           main] o.s.orm.jpa.JpaTransactionManager        : Creating new transaction with name [com.example.tienda_ms_pedidos.repository.ProductoRepositoryTest.createCategoria_WithInvalidDescription_ThrowsException]: PROPAGATION_REQUIRED,ISOLATION_DEFAULT
2024-12-15T14:28:01.044-03:00 DEBUG 43375 --- [tienda-ms-pedidos] [           main] o.s.orm.jpa.JpaTransactionManager        : Opened new EntityManager [SessionImpl(1045271391<open>)] for JPA transaction
2024-12-15T14:28:01.044-03:00 DEBUG 43375 --- [tienda-ms-pedidos] [           main] o.h.e.t.internal.TransactionImpl         : On TransactionImpl creation, JpaCompliance#isJpaTransactionComplianceEnabled == false
2024-12-15T14:28:01.044-03:00 DEBUG 43375 --- [tienda-ms-pedidos] [           main] o.h.e.t.internal.TransactionImpl         : begin
2024-12-15T14:28:01.044-03:00 DEBUG 43375 --- [tienda-ms-pedidos] [           main] o.s.orm.jpa.JpaTransactionManager        : Exposing JPA transaction as JDBC [org.springframework.orm.jpa.vendor.HibernateJpaDialect$HibernateConnectionHandle@68832f1c]
2024-12-15T14:28:01.044-03:00 DEBUG 43375 --- [tienda-ms-pedidos] [           main] o.s.t.c.transaction.TransactionContext   : Began transaction (1) for test class [com.example.tienda_ms_pedidos.repository.ProductoRepositoryTest]; test method [createCategoria_WithInvalidDescription_ThrowsException]; transaction manager [org.springframework.orm.jpa.JpaTransactionManager@5be0e16f]; rollback [true]
2024-12-15T14:28:01.044-03:00 DEBUG 43375 --- [tienda-ms-pedidos] [           main] org.springframework.test.context.cache   : Spring test ApplicationContext cache statistics: [DefaultContextCache@30d9004d size = 1, maxSize = 32, parentContextCount = 0, hitCount = 149, missCount = 1, failureCount = 0]
2024-12-15T14:28:01.044-03:00 DEBUG 43375 --- [tienda-ms-pedidos] [           main] org.springframework.test.context.cache   : Spring test ApplicationContext cache statistics: [DefaultContextCache@30d9004d size = 1, maxSize = 32, parentContextCount = 0, hitCount = 150, missCount = 1, failureCount = 0]
2024-12-15T14:28:01.044-03:00 DEBUG 43375 --- [tienda-ms-pedidos] [           main] org.springframework.test.context.cache   : Spring test ApplicationContext cache statistics: [DefaultContextCache@30d9004d size = 1, maxSize = 32, parentContextCount = 0, hitCount = 151, missCount = 1, failureCount = 0]
2024-12-15T14:28:01.045-03:00 DEBUG 43375 --- [tienda-ms-pedidos] [           main] org.springframework.test.context.cache   : Spring test ApplicationContext cache statistics: [DefaultContextCache@30d9004d size = 1, maxSize = 32, parentContextCount = 0, hitCount = 152, missCount = 1, failureCount = 0]
2024-12-15T14:28:01.045-03:00 DEBUG 43375 --- [tienda-ms-pedidos] [           main] org.hibernate.engine.spi.ActionQueue     : Executing identity-insert immediately
2024-12-15T14:28:01.049-03:00 DEBUG 43375 --- [tienda-ms-pedidos] [           main] cResourceLocalTransactionCoordinatorImpl : JDBC transaction marked for rollback-only (exception provided for stack trace)

java.lang.Exception: exception just for purpose of providing stack trace
	at org.hibernate.resource.transaction.backend.jdbc.internal.JdbcResourceLocalTransactionCoordinatorImpl$TransactionDriverControlImpl.markRollbackOnly(JdbcResourceLocalTransactionCoordinatorImpl.java:309) ~[hibernate-core-6.6.2.Final.jar:6.6.2.Final]
	at org.hibernate.engine.transaction.internal.TransactionImpl.markRollbackOnly(TransactionImpl.java:203) ~[hibernate-core-6.6.2.Final.jar:6.6.2.Final]
	at org.hibernate.internal.AbstractSharedSessionContract.markForRollbackOnly(AbstractSharedSessionContract.java:542) ~[hibernate-core-6.6.2.Final.jar:6.6.2.Final]
	at org.hibernate.internal.ExceptionConverterImpl.convert(ExceptionConverterImpl.java:176) ~[hibernate-core-6.6.2.Final.jar:6.6.2.Final]
	at org.hibernate.internal.SessionImpl.firePersist(SessionImpl.java:767) ~[hibernate-core-6.6.2.Final.jar:6.6.2.Final]
	at org.hibernate.internal.SessionImpl.persist(SessionImpl.java:745) ~[hibernate-core-6.6.2.Final.jar:6.6.2.Final]
	at org.springframework.boot.test.autoconfigure.orm.jpa.TestEntityManager.persist(TestEntityManager.java:92) ~[spring-boot-test-autoconfigure-3.4.0.jar:3.4.0]
	at com.example.tienda_ms_pedidos.repository.ProductoRepositoryTest.lambda$createCategoria_WithInvalidDescription_ThrowsException$2(ProductoRepositoryTest.java:154) ~[test-classes/:na]
	at org.junit.jupiter.api.AssertThrows.assertThrows(AssertThrows.java:53) ~[junit-jupiter-api-5.11.3.jar:5.11.3]
	at org.junit.jupiter.api.AssertThrows.assertThrows(AssertThrows.java:35) ~[junit-jupiter-api-5.11.3.jar:5.11.3]
	at org.junit.jupiter.api.Assertions.assertThrows(Assertions.java:3128) ~[junit-jupiter-api-5.11.3.jar:5.11.3]
	at com.example.tienda_ms_pedidos.repository.ProductoRepositoryTest.createCategoria_WithInvalidDescription_ThrowsException(ProductoRepositoryTest.java:153) ~[test-classes/:na]
	at java.base/jdk.internal.reflect.DirectMethodHandleAccessor.invoke(DirectMethodHandleAccessor.java:103) ~[na:na]
	at java.base/java.lang.reflect.Method.invoke(Method.java:580) ~[na:na]
	at org.junit.platform.commons.util.ReflectionUtils.invokeMethod(ReflectionUtils.java:767) ~[junit-platform-commons-1.11.3.jar:1.11.3]
	at org.junit.jupiter.engine.execution.MethodInvocation.proceed(MethodInvocation.java:60) ~[junit-jupiter-engine-5.11.3.jar:5.11.3]
	at org.junit.jupiter.engine.execution.InvocationInterceptorChain$ValidatingInvocation.proceed(InvocationInterceptorChain.java:131) ~[junit-jupiter-engine-5.11.3.jar:5.11.3]
	at org.junit.jupiter.engine.extension.TimeoutExtension.intercept(TimeoutExtension.java:156) ~[junit-jupiter-engine-5.11.3.jar:5.11.3]
	at org.junit.jupiter.engine.extension.TimeoutExtension.interceptTestableMethod(TimeoutExtension.java:147) ~[junit-jupiter-engine-5.11.3.jar:5.11.3]
	at org.junit.jupiter.engine.extension.TimeoutExtension.interceptTestMethod(TimeoutExtension.java:86) ~[junit-jupiter-engine-5.11.3.jar:5.11.3]
	at org.junit.jupiter.engine.execution.InterceptingExecutableInvoker$ReflectiveInterceptorCall.lambda$ofVoidMethod$0(InterceptingExecutableInvoker.java:103) ~[junit-jupiter-engine-5.11.3.jar:5.11.3]
	at org.junit.jupiter.engine.execution.InterceptingExecutableInvoker.lambda$invoke$0(InterceptingExecutableInvoker.java:93) ~[junit-jupiter-engine-5.11.3.jar:5.11.3]
	at org.junit.jupiter.engine.execution.InvocationInterceptorChain$InterceptedInvocation.proceed(InvocationInterceptorChain.java:106) ~[junit-jupiter-engine-5.11.3.jar:5.11.3]
	at org.junit.jupiter.engine.execution.InvocationInterceptorChain.proceed(InvocationInterceptorChain.java:64) ~[junit-jupiter-engine-5.11.3.jar:5.11.3]
	at org.junit.jupiter.engine.execution.InvocationInterceptorChain.chainAndInvoke(InvocationInterceptorChain.java:45) ~[junit-jupiter-engine-5.11.3.jar:5.11.3]
	at org.junit.jupiter.engine.execution.InvocationInterceptorChain.invoke(InvocationInterceptorChain.java:37) ~[junit-jupiter-engine-5.11.3.jar:5.11.3]
	at org.junit.jupiter.engine.execution.InterceptingExecutableInvoker.invoke(InterceptingExecutableInvoker.java:92) ~[junit-jupiter-engine-5.11.3.jar:5.11.3]
	at org.junit.jupiter.engine.execution.InterceptingExecutableInvoker.invoke(InterceptingExecutableInvoker.java:86) ~[junit-jupiter-engine-5.11.3.jar:5.11.3]
	at org.junit.jupiter.engine.descriptor.TestMethodTestDescriptor.lambda$invokeTestMethod$8(TestMethodTestDescriptor.java:217) ~[junit-jupiter-engine-5.11.3.jar:5.11.3]
	at org.junit.platform.engine.support.hierarchical.ThrowableCollector.execute(ThrowableCollector.java:73) ~[junit-platform-engine-1.11.3.jar:1.11.3]
	at org.junit.jupiter.engine.descriptor.TestMethodTestDescriptor.invokeTestMethod(TestMethodTestDescriptor.java:213) ~[junit-jupiter-engine-5.11.3.jar:5.11.3]
	at org.junit.jupiter.engine.descriptor.TestMethodTestDescriptor.execute(TestMethodTestDescriptor.java:138) ~[junit-jupiter-engine-5.11.3.jar:5.11.3]
	at org.junit.jupiter.engine.descriptor.TestMethodTestDescriptor.execute(TestMethodTestDescriptor.java:68) ~[junit-jupiter-engine-5.11.3.jar:5.11.3]
	at org.junit.platform.engine.support.hierarchical.NodeTestTask.lambda$executeRecursively$6(NodeTestTask.java:156) ~[junit-platform-engine-1.11.3.jar:1.11.3]
	at org.junit.platform.engine.support.hierarchical.ThrowableCollector.execute(ThrowableCollector.java:73) ~[junit-platform-engine-1.11.3.jar:1.11.3]
	at org.junit.platform.engine.support.hierarchical.NodeTestTask.lambda$executeRecursively$8(NodeTestTask.java:146) ~[junit-platform-engine-1.11.3.jar:1.11.3]
	at org.junit.platform.engine.support.hierarchical.Node.around(Node.java:137) ~[junit-platform-engine-1.11.3.jar:1.11.3]
	at org.junit.platform.engine.support.hierarchical.NodeTestTask.lambda$executeRecursively$9(NodeTestTask.java:144) ~[junit-platform-engine-1.11.3.jar:1.11.3]
	at org.junit.platform.engine.support.hierarchical.ThrowableCollector.execute(ThrowableCollector.java:73) ~[junit-platform-engine-1.11.3.jar:1.11.3]
	at org.junit.platform.engine.support.hierarchical.NodeTestTask.executeRecursively(NodeTestTask.java:143) ~[junit-platform-engine-1.11.3.jar:1.11.3]
	at org.junit.platform.engine.support.hierarchical.NodeTestTask.execute(NodeTestTask.java:100) ~[junit-platform-engine-1.11.3.jar:1.11.3]
	at java.base/java.util.ArrayList.forEach(ArrayList.java:1597) ~[na:na]
	at org.junit.platform.engine.support.hierarchical.SameThreadHierarchicalTestExecutorService.invokeAll(SameThreadHierarchicalTestExecutorService.java:41) ~[junit-platform-engine-1.11.3.jar:1.11.3]
	at org.junit.platform.engine.support.hierarchical.NodeTestTask.lambda$executeRecursively$6(NodeTestTask.java:160) ~[junit-platform-engine-1.11.3.jar:1.11.3]
	at org.junit.platform.engine.support.hierarchical.ThrowableCollector.execute(ThrowableCollector.java:73) ~[junit-platform-engine-1.11.3.jar:1.11.3]
	at org.junit.platform.engine.support.hierarchical.NodeTestTask.lambda$executeRecursively$8(NodeTestTask.java:146) ~[junit-platform-engine-1.11.3.jar:1.11.3]
	at org.junit.platform.engine.support.hierarchical.Node.around(Node.java:137) ~[junit-platform-engine-1.11.3.jar:1.11.3]
	at org.junit.platform.engine.support.hierarchical.NodeTestTask.lambda$executeRecursively$9(NodeTestTask.java:144) ~[junit-platform-engine-1.11.3.jar:1.11.3]
	at org.junit.platform.engine.support.hierarchical.ThrowableCollector.execute(ThrowableCollector.java:73) ~[junit-platform-engine-1.11.3.jar:1.11.3]
	at org.junit.platform.engine.support.hierarchical.NodeTestTask.executeRecursively(NodeTestTask.java:143) ~[junit-platform-engine-1.11.3.jar:1.11.3]
	at org.junit.platform.engine.support.hierarchical.NodeTestTask.execute(NodeTestTask.java:100) ~[junit-platform-engine-1.11.3.jar:1.11.3]
	at java.base/java.util.ArrayList.forEach(ArrayList.java:1597) ~[na:na]
	at org.junit.platform.engine.support.hierarchical.SameThreadHierarchicalTestExecutorService.invokeAll(SameThreadHierarchicalTestExecutorService.java:41) ~[junit-platform-engine-1.11.3.jar:1.11.3]
	at org.junit.platform.engine.support.hierarchical.NodeTestTask.lambda$executeRecursively$6(NodeTestTask.java:160) ~[junit-platform-engine-1.11.3.jar:1.11.3]
	at org.junit.platform.engine.support.hierarchical.ThrowableCollector.execute(ThrowableCollector.java:73) ~[junit-platform-engine-1.11.3.jar:1.11.3]
	at org.junit.platform.engine.support.hierarchical.NodeTestTask.lambda$executeRecursively$8(NodeTestTask.java:146) ~[junit-platform-engine-1.11.3.jar:1.11.3]
	at org.junit.platform.engine.support.hierarchical.Node.around(Node.java:137) ~[junit-platform-engine-1.11.3.jar:1.11.3]
	at org.junit.platform.engine.support.hierarchical.NodeTestTask.lambda$executeRecursively$9(NodeTestTask.java:144) ~[junit-platform-engine-1.11.3.jar:1.11.3]
	at org.junit.platform.engine.support.hierarchical.ThrowableCollector.execute(ThrowableCollector.java:73) ~[junit-platform-engine-1.11.3.jar:1.11.3]
	at org.junit.platform.engine.support.hierarchical.NodeTestTask.executeRecursively(NodeTestTask.java:143) ~[junit-platform-engine-1.11.3.jar:1.11.3]
	at org.junit.platform.engine.support.hierarchical.NodeTestTask.execute(NodeTestTask.java:100) ~[junit-platform-engine-1.11.3.jar:1.11.3]
	at org.junit.platform.engine.support.hierarchical.SameThreadHierarchicalTestExecutorService.submit(SameThreadHierarchicalTestExecutorService.java:35) ~[junit-platform-engine-1.11.3.jar:1.11.3]
	at org.junit.platform.engine.support.hierarchical.HierarchicalTestExecutor.execute(HierarchicalTestExecutor.java:57) ~[junit-platform-engine-1.11.3.jar:1.11.3]
	at org.junit.platform.engine.support.hierarchical.HierarchicalTestEngine.execute(HierarchicalTestEngine.java:54) ~[junit-platform-engine-1.11.3.jar:1.11.3]
	at org.junit.platform.launcher.core.EngineExecutionOrchestrator.execute(EngineExecutionOrchestrator.java:198) ~[junit-platform-launcher-1.11.3.jar:1.11.3]
	at org.junit.platform.launcher.core.EngineExecutionOrchestrator.execute(EngineExecutionOrchestrator.java:169) ~[junit-platform-launcher-1.11.3.jar:1.11.3]
	at org.junit.platform.launcher.core.EngineExecutionOrchestrator.execute(EngineExecutionOrchestrator.java:93) ~[junit-platform-launcher-1.11.3.jar:1.11.3]
	at org.junit.platform.launcher.core.EngineExecutionOrchestrator.lambda$execute$0(EngineExecutionOrchestrator.java:58) ~[junit-platform-launcher-1.11.3.jar:1.11.3]
	at org.junit.platform.launcher.core.EngineExecutionOrchestrator.withInterceptedStreams(EngineExecutionOrchestrator.java:141) ~[junit-platform-launcher-1.11.3.jar:1.11.3]
	at org.junit.platform.launcher.core.EngineExecutionOrchestrator.execute(EngineExecutionOrchestrator.java:57) ~[junit-platform-launcher-1.11.3.jar:1.11.3]
	at org.junit.platform.launcher.core.DefaultLauncher.execute(DefaultLauncher.java:103) ~[junit-platform-launcher-1.11.3.jar:1.11.3]
	at org.junit.platform.launcher.core.DefaultLauncher.execute(DefaultLauncher.java:85) ~[junit-platform-launcher-1.11.3.jar:1.11.3]
	at org.junit.platform.launcher.core.DelegatingLauncher.execute(DelegatingLauncher.java:47) ~[junit-platform-launcher-1.11.3.jar:1.11.3]
	at org.apache.maven.surefire.junitplatform.LazyLauncher.execute(LazyLauncher.java:56) ~[surefire-junit-platform-3.5.2.jar:3.5.2]
	at org.apache.maven.surefire.junitplatform.JUnitPlatformProvider.execute(JUnitPlatformProvider.java:184) ~[surefire-junit-platform-3.5.2.jar:3.5.2]
	at org.apache.maven.surefire.junitplatform.JUnitPlatformProvider.invokeAllTests(JUnitPlatformProvider.java:148) ~[surefire-junit-platform-3.5.2.jar:3.5.2]
	at org.apache.maven.surefire.junitplatform.JUnitPlatformProvider.invoke(JUnitPlatformProvider.java:122) ~[surefire-junit-platform-3.5.2.jar:3.5.2]
	at org.apache.maven.surefire.booter.ForkedBooter.runSuitesInProcess(ForkedBooter.java:385) ~[surefire-booter-3.5.2.jar:3.5.2]
	at org.apache.maven.surefire.booter.ForkedBooter.execute(ForkedBooter.java:162) ~[surefire-booter-3.5.2.jar:3.5.2]
	at org.apache.maven.surefire.booter.ForkedBooter.run(ForkedBooter.java:507) ~[surefire-booter-3.5.2.jar:3.5.2]
	at org.apache.maven.surefire.booter.ForkedBooter.main(ForkedBooter.java:495) ~[surefire-booter-3.5.2.jar:3.5.2]

2024-12-15T14:28:01.051-03:00 DEBUG 43375 --- [tienda-ms-pedidos] [           main] org.springframework.test.context.cache   : Spring test ApplicationContext cache statistics: [DefaultContextCache@30d9004d size = 1, maxSize = 32, parentContextCount = 0, hitCount = 153, missCount = 1, failureCount = 0]
2024-12-15T14:28:01.051-03:00 DEBUG 43375 --- [tienda-ms-pedidos] [           main] org.springframework.test.context.cache   : Spring test ApplicationContext cache statistics: [DefaultContextCache@30d9004d size = 1, maxSize = 32, parentContextCount = 0, hitCount = 154, missCount = 1, failureCount = 0]
2024-12-15T14:28:01.051-03:00 DEBUG 43375 --- [tienda-ms-pedidos] [           main] org.springframework.test.context.cache   : Spring test ApplicationContext cache statistics: [DefaultContextCache@30d9004d size = 1, maxSize = 32, parentContextCount = 0, hitCount = 155, missCount = 1, failureCount = 0]
2024-12-15T14:28:01.052-03:00 DEBUG 43375 --- [tienda-ms-pedidos] [           main] org.springframework.test.context.cache   : Spring test ApplicationContext cache statistics: [DefaultContextCache@30d9004d size = 1, maxSize = 32, parentContextCount = 0, hitCount = 156, missCount = 1, failureCount = 0]
2024-12-15T14:28:01.052-03:00 DEBUG 43375 --- [tienda-ms-pedidos] [           main] org.springframework.test.context.cache   : Spring test ApplicationContext cache statistics: [DefaultContextCache@30d9004d size = 1, maxSize = 32, parentContextCount = 0, hitCount = 157, missCount = 1, failureCount = 0]
2024-12-15T14:28:01.052-03:00 DEBUG 43375 --- [tienda-ms-pedidos] [           main] org.springframework.test.context.cache   : Spring test ApplicationContext cache statistics: [DefaultContextCache@30d9004d size = 1, maxSize = 32, parentContextCount = 0, hitCount = 158, missCount = 1, failureCount = 0]
2024-12-15T14:28:01.052-03:00 DEBUG 43375 --- [tienda-ms-pedidos] [           main] org.springframework.test.context.cache   : Spring test ApplicationContext cache statistics: [DefaultContextCache@30d9004d size = 1, maxSize = 32, parentContextCount = 0, hitCount = 159, missCount = 1, failureCount = 0]
2024-12-15T14:28:01.052-03:00 DEBUG 43375 --- [tienda-ms-pedidos] [           main] o.s.orm.jpa.JpaTransactionManager        : Initiating transaction rollback
2024-12-15T14:28:01.052-03:00 DEBUG 43375 --- [tienda-ms-pedidos] [           main] o.s.orm.jpa.JpaTransactionManager        : Rolling back JPA transaction on EntityManager [SessionImpl(1045271391<open>)]
2024-12-15T14:28:01.052-03:00 DEBUG 43375 --- [tienda-ms-pedidos] [           main] o.h.e.t.internal.TransactionImpl         : rolling back
2024-12-15T14:28:01.052-03:00 DEBUG 43375 --- [tienda-ms-pedidos] [           main] o.s.orm.jpa.JpaTransactionManager        : Closing JPA EntityManager [SessionImpl(1045271391<open>)] after transaction
2024-12-15T14:28:01.052-03:00 DEBUG 43375 --- [tienda-ms-pedidos] [           main] o.s.t.c.transaction.TransactionContext   : Rolled back transaction (1) for test class [com.example.tienda_ms_pedidos.repository.ProductoRepositoryTest]; test method [createCategoria_WithInvalidDescription_ThrowsException]
2024-12-15T14:28:01.053-03:00 DEBUG 43375 --- [tienda-ms-pedidos] [           main] .c.s.DirtiesContextTestExecutionListener : After test method: class [ProductoRepositoryTest], method [createCategoria_WithInvalidDescription_ThrowsException], class annotated with @DirtiesContext [false] with mode [null], method annotated with @DirtiesContext [false] with mode [null]
]]></system-out>
  </testcase>
  <testcase name="buscarPorNombreOCategoria_PorNombre" classname="com.example.tienda_ms_pedidos.repository.ProductoRepositoryTest" time="0.009">
    <system-out><![CDATA[2024-12-15T14:28:01.053-03:00 DEBUG 43375 --- [tienda-ms-pedidos] [           main] DependencyInjectionTestExecutionListener : Performing dependency injection for test class com.example.tienda_ms_pedidos.repository.ProductoRepositoryTest
2024-12-15T14:28:01.053-03:00 DEBUG 43375 --- [tienda-ms-pedidos] [           main] org.springframework.test.context.cache   : Spring test ApplicationContext cache statistics: [DefaultContextCache@30d9004d size = 1, maxSize = 32, parentContextCount = 0, hitCount = 160, missCount = 1, failureCount = 0]
2024-12-15T14:28:01.054-03:00 DEBUG 43375 --- [tienda-ms-pedidos] [           main] org.springframework.test.context.cache   : Spring test ApplicationContext cache statistics: [DefaultContextCache@30d9004d size = 1, maxSize = 32, parentContextCount = 0, hitCount = 161, missCount = 1, failureCount = 0]
2024-12-15T14:28:01.054-03:00 DEBUG 43375 --- [tienda-ms-pedidos] [           main] sContextBeforeModesTestExecutionListener : Before test method: class [ProductoRepositoryTest], method [buscarPorNombreOCategoria_PorNombre], class annotated with @DirtiesContext [false] with mode [null], method annotated with @DirtiesContext [false] with mode [null]
2024-12-15T14:28:01.054-03:00 DEBUG 43375 --- [tienda-ms-pedidos] [           main] t.c.t.TransactionalTestExecutionListener : Explicit transaction definition [PROPAGATION_REQUIRED,ISOLATION_DEFAULT] found for test class [com.example.tienda_ms_pedidos.repository.ProductoRepositoryTest] and test method [buscarPorNombreOCategoria_PorNombre]
2024-12-15T14:28:01.054-03:00 DEBUG 43375 --- [tienda-ms-pedidos] [           main] org.springframework.test.context.cache   : Spring test ApplicationContext cache statistics: [DefaultContextCache@30d9004d size = 1, maxSize = 32, parentContextCount = 0, hitCount = 162, missCount = 1, failureCount = 0]
2024-12-15T14:28:01.054-03:00 DEBUG 43375 --- [tienda-ms-pedidos] [           main] t.c.t.TransactionalTestExecutionListener : No method-level @Rollback override: using default rollback [true] for test method [void com.example.tienda_ms_pedidos.repository.ProductoRepositoryTest.buscarPorNombreOCategoria_PorNombre()]
2024-12-15T14:28:01.054-03:00 DEBUG 43375 --- [tienda-ms-pedidos] [           main] o.s.orm.jpa.JpaTransactionManager        : Creating new transaction with name [com.example.tienda_ms_pedidos.repository.ProductoRepositoryTest.buscarPorNombreOCategoria_PorNombre]: PROPAGATION_REQUIRED,ISOLATION_DEFAULT
2024-12-15T14:28:01.054-03:00 DEBUG 43375 --- [tienda-ms-pedidos] [           main] o.s.orm.jpa.JpaTransactionManager        : Opened new EntityManager [SessionImpl(817851970<open>)] for JPA transaction
2024-12-15T14:28:01.054-03:00 DEBUG 43375 --- [tienda-ms-pedidos] [           main] o.h.e.t.internal.TransactionImpl         : On TransactionImpl creation, JpaCompliance#isJpaTransactionComplianceEnabled == false
2024-12-15T14:28:01.054-03:00 DEBUG 43375 --- [tienda-ms-pedidos] [           main] o.h.e.t.internal.TransactionImpl         : begin
2024-12-15T14:28:01.055-03:00 DEBUG 43375 --- [tienda-ms-pedidos] [           main] o.s.orm.jpa.JpaTransactionManager        : Exposing JPA transaction as JDBC [org.springframework.orm.jpa.vendor.HibernateJpaDialect$HibernateConnectionHandle@7b3fd6fa]
2024-12-15T14:28:01.055-03:00 DEBUG 43375 --- [tienda-ms-pedidos] [           main] o.s.t.c.transaction.TransactionContext   : Began transaction (1) for test class [com.example.tienda_ms_pedidos.repository.ProductoRepositoryTest]; test method [buscarPorNombreOCategoria_PorNombre]; transaction manager [org.springframework.orm.jpa.JpaTransactionManager@5be0e16f]; rollback [true]
2024-12-15T14:28:01.055-03:00 DEBUG 43375 --- [tienda-ms-pedidos] [           main] org.springframework.test.context.cache   : Spring test ApplicationContext cache statistics: [DefaultContextCache@30d9004d size = 1, maxSize = 32, parentContextCount = 0, hitCount = 163, missCount = 1, failureCount = 0]
2024-12-15T14:28:01.055-03:00 DEBUG 43375 --- [tienda-ms-pedidos] [           main] org.springframework.test.context.cache   : Spring test ApplicationContext cache statistics: [DefaultContextCache@30d9004d size = 1, maxSize = 32, parentContextCount = 0, hitCount = 164, missCount = 1, failureCount = 0]
2024-12-15T14:28:01.055-03:00 DEBUG 43375 --- [tienda-ms-pedidos] [           main] org.springframework.test.context.cache   : Spring test ApplicationContext cache statistics: [DefaultContextCache@30d9004d size = 1, maxSize = 32, parentContextCount = 0, hitCount = 165, missCount = 1, failureCount = 0]
2024-12-15T14:28:01.055-03:00 DEBUG 43375 --- [tienda-ms-pedidos] [           main] org.springframework.test.context.cache   : Spring test ApplicationContext cache statistics: [DefaultContextCache@30d9004d size = 1, maxSize = 32, parentContextCount = 0, hitCount = 166, missCount = 1, failureCount = 0]
2024-12-15T14:28:01.055-03:00 DEBUG 43375 --- [tienda-ms-pedidos] [           main] org.hibernate.engine.spi.ActionQueue     : Executing identity-insert immediately
2024-12-15T14:28:01.056-03:00 DEBUG 43375 --- [tienda-ms-pedidos] [           main] org.hibernate.SQL                        : 
    /* insert for
        com.example.tienda_ms_pedidos.model.Categoria */insert 
    into
        categoria (descripcion, nombre, id_categoria) 
    values
        (?, ?, default)
Hibernate: 
    /* insert for
        com.example.tienda_ms_pedidos.model.Categoria */insert 
    into
        categoria (descripcion, nombre, id_categoria) 
    values
        (?, ?, default)
2024-12-15T14:28:01.056-03:00 DEBUG 43375 --- [tienda-ms-pedidos] [           main] org.hibernate.orm.results                : Initializer list is empty
2024-12-15T14:28:01.056-03:00 DEBUG 43375 --- [tienda-ms-pedidos] [           main] o.h.id.IdentifierGeneratorHelper         : Extracted generated values [com.example.tienda_ms_pedidos.model.Categoria]: [Ljava.lang.Object;@67466824
2024-12-15T14:28:01.056-03:00 DEBUG 43375 --- [tienda-ms-pedidos] [           main] org.hibernate.engine.spi.ActionQueue     : Executing identity-insert immediately
2024-12-15T14:28:01.057-03:00 DEBUG 43375 --- [tienda-ms-pedidos] [           main] org.hibernate.SQL                        : 
    /* insert for
        com.example.tienda_ms_pedidos.model.Producto */insert 
    into
        producto (descripcion, imagen, nombre, precio, stock, id_producto) 
    values
        (?, ?, ?, ?, ?, default)
Hibernate: 
    /* insert for
        com.example.tienda_ms_pedidos.model.Producto */insert 
    into
        producto (descripcion, imagen, nombre, precio, stock, id_producto) 
    values
        (?, ?, ?, ?, ?, default)
2024-12-15T14:28:01.057-03:00 DEBUG 43375 --- [tienda-ms-pedidos] [           main] org.hibernate.orm.results                : Initializer list is empty
2024-12-15T14:28:01.057-03:00 DEBUG 43375 --- [tienda-ms-pedidos] [           main] o.h.id.IdentifierGeneratorHelper         : Extracted generated values [com.example.tienda_ms_pedidos.model.Producto]: [Ljava.lang.Object;@1b535c0d
2024-12-15T14:28:01.057-03:00 DEBUG 43375 --- [tienda-ms-pedidos] [           main] org.hibernate.engine.spi.ActionQueue     : Executing identity-insert immediately
2024-12-15T14:28:01.057-03:00 DEBUG 43375 --- [tienda-ms-pedidos] [           main] org.hibernate.SQL                        : 
    /* insert for
        com.example.tienda_ms_pedidos.model.Producto */insert 
    into
        producto (descripcion, imagen, nombre, precio, stock, id_producto) 
    values
        (?, ?, ?, ?, ?, default)
Hibernate: 
    /* insert for
        com.example.tienda_ms_pedidos.model.Producto */insert 
    into
        producto (descripcion, imagen, nombre, precio, stock, id_producto) 
    values
        (?, ?, ?, ?, ?, default)
2024-12-15T14:28:01.058-03:00 DEBUG 43375 --- [tienda-ms-pedidos] [           main] org.hibernate.orm.results                : Initializer list is empty
2024-12-15T14:28:01.058-03:00 DEBUG 43375 --- [tienda-ms-pedidos] [           main] o.h.id.IdentifierGeneratorHelper         : Extracted generated values [com.example.tienda_ms_pedidos.model.Producto]: [Ljava.lang.Object;@2ee4446f
2024-12-15T14:28:01.058-03:00 DEBUG 43375 --- [tienda-ms-pedidos] [           main] o.h.e.i.AbstractFlushingEventListener    : Processing flush-time cascades
2024-12-15T14:28:01.058-03:00 DEBUG 43375 --- [tienda-ms-pedidos] [           main] o.h.e.i.AbstractFlushingEventListener    : Dirty checking collections
2024-12-15T14:28:01.058-03:00 DEBUG 43375 --- [tienda-ms-pedidos] [           main] o.hibernate.engine.internal.Collections  : Collection found: [com.example.tienda_ms_pedidos.model.Categoria.productos#5], was: [<unreferenced>] (initialized)
2024-12-15T14:28:01.058-03:00 DEBUG 43375 --- [tienda-ms-pedidos] [           main] o.hibernate.engine.internal.Collections  : Collection found: [com.example.tienda_ms_pedidos.model.Producto.categorias#6], was: [<unreferenced>] (initialized)
2024-12-15T14:28:01.058-03:00 DEBUG 43375 --- [tienda-ms-pedidos] [           main] o.hibernate.engine.internal.Collections  : Collection found: [com.example.tienda_ms_pedidos.model.Producto.categorias#7], was: [<unreferenced>] (initialized)
2024-12-15T14:28:01.058-03:00 DEBUG 43375 --- [tienda-ms-pedidos] [           main] o.h.e.i.AbstractFlushingEventListener    : Flushed: 0 insertions, 0 updates, 0 deletions to 3 objects
2024-12-15T14:28:01.058-03:00 DEBUG 43375 --- [tienda-ms-pedidos] [           main] o.h.e.i.AbstractFlushingEventListener    : Flushed: 3 (re)creations, 0 updates, 0 removals to 3 collections
2024-12-15T14:28:01.058-03:00 DEBUG 43375 --- [tienda-ms-pedidos] [           main] o.hibernate.internal.util.EntityPrinter  : Listing entities:
2024-12-15T14:28:01.058-03:00 DEBUG 43375 --- [tienda-ms-pedidos] [           main] o.hibernate.internal.util.EntityPrinter  : com.example.tienda_ms_pedidos.model.Categoria{descripcion=Productos electrónicos y tecnología, id=5, nombre=Electrónicos, productos=[]}
2024-12-15T14:28:01.058-03:00 DEBUG 43375 --- [tienda-ms-pedidos] [           main] o.hibernate.internal.util.EntityPrinter  : com.example.tienda_ms_pedidos.model.Producto{descripcion=Smartphone Apple, precio=100.0, categorias=[com.example.tienda_ms_pedidos.model.Categoria#5], imagen=imagen.jpg, id=6, stock=10.0, nombre=iPhone Test}
2024-12-15T14:28:01.058-03:00 DEBUG 43375 --- [tienda-ms-pedidos] [           main] o.hibernate.internal.util.EntityPrinter  : com.example.tienda_ms_pedidos.model.Producto{descripcion=Smartphone Samsung, precio=100.0, categorias=[com.example.tienda_ms_pedidos.model.Categoria#5], imagen=imagen.jpg, id=7, stock=10.0, nombre=Samsung Galaxy}
2024-12-15T14:28:01.058-03:00 DEBUG 43375 --- [tienda-ms-pedidos] [           main] org.hibernate.orm.jdbc.mutation          : Inserting collection rows - com.example.tienda_ms_pedidos.model.Producto.categorias : 6
2024-12-15T14:28:01.058-03:00 DEBUG 43375 --- [tienda-ms-pedidos] [           main] org.hibernate.SQL                        : 
    /* insert for
        com.example.tienda_ms_pedidos.model.Producto.categorias */insert 
    into
        producto_categoria (id_producto, id_categoria) 
    values
        (?, ?)
Hibernate: 
    /* insert for
        com.example.tienda_ms_pedidos.model.Producto.categorias */insert 
    into
        producto_categoria (id_producto, id_categoria) 
    values
        (?, ?)
2024-12-15T14:28:01.058-03:00 DEBUG 43375 --- [tienda-ms-pedidos] [           main] org.hibernate.orm.jdbc.mutation          : Done inserting `1` collection rows : com.example.tienda_ms_pedidos.model.Producto.categorias
2024-12-15T14:28:01.058-03:00 DEBUG 43375 --- [tienda-ms-pedidos] [           main] org.hibernate.orm.jdbc.mutation          : Inserting collection rows - com.example.tienda_ms_pedidos.model.Producto.categorias : 7
2024-12-15T14:28:01.058-03:00 DEBUG 43375 --- [tienda-ms-pedidos] [           main] org.hibernate.SQL                        : 
    /* insert for
        com.example.tienda_ms_pedidos.model.Producto.categorias */insert 
    into
        producto_categoria (id_producto, id_categoria) 
    values
        (?, ?)
Hibernate: 
    /* insert for
        com.example.tienda_ms_pedidos.model.Producto.categorias */insert 
    into
        producto_categoria (id_producto, id_categoria) 
    values
        (?, ?)
2024-12-15T14:28:01.059-03:00 DEBUG 43375 --- [tienda-ms-pedidos] [           main] org.hibernate.orm.jdbc.mutation          : Done inserting `1` collection rows : com.example.tienda_ms_pedidos.model.Producto.categorias
2024-12-15T14:28:01.059-03:00 DEBUG 43375 --- [tienda-ms-pedidos] [           main] o.h.e.i.AbstractFlushingEventListener    : Processing flush-time cascades
2024-12-15T14:28:01.059-03:00 DEBUG 43375 --- [tienda-ms-pedidos] [           main] o.h.e.i.AbstractFlushingEventListener    : Dirty checking collections
2024-12-15T14:28:01.059-03:00 DEBUG 43375 --- [tienda-ms-pedidos] [           main] org.hibernate.orm.sql.ast.create         : Created new SQL alias : p1_0
2024-12-15T14:28:01.059-03:00 DEBUG 43375 --- [tienda-ms-pedidos] [           main] org.hibernate.orm.sql.ast.create         : Registration of TableGroup [StandardTableGroup(com.example.tienda_ms_pedidos.model.Producto(p))] with identifierForTableGroup [com.example.tienda_ms_pedidos.model.Producto] for NavigablePath [com.example.tienda_ms_pedidos.model.Producto] 
2024-12-15T14:28:01.059-03:00 DEBUG 43375 --- [tienda-ms-pedidos] [           main] org.hibernate.orm.sql.ast.create         : Created new SQL alias : c1_0
2024-12-15T14:28:01.059-03:00 DEBUG 43375 --- [tienda-ms-pedidos] [           main] org.hibernate.orm.sql.ast.create         : Registration of TableGroup [CollectionTableGroup(com.example.tienda_ms_pedidos.model.Producto(p).categorias(c))] with identifierForTableGroup [com.example.tienda_ms_pedidos.model.Producto(p).categorias] for NavigablePath [com.example.tienda_ms_pedidos.model.Producto(p).categorias] 
2024-12-15T14:28:01.059-03:00 DEBUG 43375 --- [tienda-ms-pedidos] [           main] org.hibernate.orm.sql.ast.create         : Registration of TableGroup [org.hibernate.sql.ast.tree.from.LazyTableGroup@1034c679] with identifierForTableGroup [com.example.tienda_ms_pedidos.model.Producto(p).categorias(c).{element}] for NavigablePath [com.example.tienda_ms_pedidos.model.Producto(p).categorias(c).{element}] 
2024-12-15T14:28:01.059-03:00 DEBUG 43375 --- [tienda-ms-pedidos] [           main] o.h.q.sqm.sql.BaseSqmToSqlAstConverter   : Determining mapping-model type for SqmParameter : SqmNamedParameter(filtro)
2024-12-15T14:28:01.059-03:00 DEBUG 43375 --- [tienda-ms-pedidos] [           main] org.hibernate.orm.sql.ast.create         : Created new SQL alias : c1_1
2024-12-15T14:28:01.060-03:00 DEBUG 43375 --- [tienda-ms-pedidos] [           main] o.h.q.sqm.sql.BaseSqmToSqlAstConverter   : Determining mapping-model type for SqmParameter : SqmNamedParameter(filtro)
2024-12-15T14:28:01.060-03:00 DEBUG 43375 --- [tienda-ms-pedidos] [           main] org.hibernate.orm.results.graph.AST      : DomainResult Graph:
 \-EntityResultImpl [com.example.tienda_ms_pedidos.model.Producto(p)]
 |  +-SelectEagerCollectionFetch [com.example.tienda_ms_pedidos.model.Producto(p).categorias]
 |  +-BasicFetch [com.example.tienda_ms_pedidos.model.Producto(p).descripcion]
 |  +-BasicFetch [com.example.tienda_ms_pedidos.model.Producto(p).imagen]
 |  +-BasicFetch [com.example.tienda_ms_pedidos.model.Producto(p).nombre]
 |  +-BasicFetch [com.example.tienda_ms_pedidos.model.Producto(p).precio]
 |  \-BasicFetch [com.example.tienda_ms_pedidos.model.Producto(p).stock]

2024-12-15T14:28:01.060-03:00 DEBUG 43375 --- [tienda-ms-pedidos] [           main] org.hibernate.orm.sql.ast.tree           : SQL AST Tree:
    SelectStatement {
      FromClause {
        StandardTableGroup (p1 : com.example.tienda_ms_pedidos.model.Producto(p)) {
          primaryTableReference : producto as p1_0
          TableGroupJoins {
             join CollectionTableGroup (c1 : com.example.tienda_ms_pedidos.model.Producto(p).categorias(c)) {
              primaryTableReference : producto_categoria as c1_0
              TableGroupJoins {
                 join LazyTableGroup (c1 : com.example.tienda_ms_pedidos.model.Producto(p).categorias(c).{element}) {
                  primaryTableReference : categoria as c1_1
                }
              }
            }
          }
        }
      }
    }

2024-12-15T14:28:01.060-03:00 DEBUG 43375 --- [tienda-ms-pedidos] [           main] o.hibernate.engine.internal.Collections  : Collection found: [com.example.tienda_ms_pedidos.model.Categoria.productos#5], was: [com.example.tienda_ms_pedidos.model.Categoria.productos#5] (initialized)
2024-12-15T14:28:01.060-03:00 DEBUG 43375 --- [tienda-ms-pedidos] [           main] o.hibernate.engine.internal.Collections  : Collection found: [com.example.tienda_ms_pedidos.model.Producto.categorias#6], was: [com.example.tienda_ms_pedidos.model.Producto.categorias#6] (initialized)
2024-12-15T14:28:01.060-03:00 DEBUG 43375 --- [tienda-ms-pedidos] [           main] o.hibernate.engine.internal.Collections  : Collection found: [com.example.tienda_ms_pedidos.model.Producto.categorias#7], was: [com.example.tienda_ms_pedidos.model.Producto.categorias#7] (initialized)
2024-12-15T14:28:01.060-03:00 DEBUG 43375 --- [tienda-ms-pedidos] [           main] o.h.e.i.AbstractFlushingEventListener    : Flushed: 0 insertions, 0 updates, 0 deletions to 3 objects
2024-12-15T14:28:01.060-03:00 DEBUG 43375 --- [tienda-ms-pedidos] [           main] o.h.e.i.AbstractFlushingEventListener    : Flushed: 0 (re)creations, 0 updates, 0 removals to 3 collections
2024-12-15T14:28:01.060-03:00 DEBUG 43375 --- [tienda-ms-pedidos] [           main] o.hibernate.internal.util.EntityPrinter  : Listing entities:
2024-12-15T14:28:01.060-03:00 DEBUG 43375 --- [tienda-ms-pedidos] [           main] o.hibernate.internal.util.EntityPrinter  : com.example.tienda_ms_pedidos.model.Categoria{descripcion=Productos electrónicos y tecnología, id=5, nombre=Electrónicos, productos=[]}
2024-12-15T14:28:01.060-03:00 DEBUG 43375 --- [tienda-ms-pedidos] [           main] o.hibernate.internal.util.EntityPrinter  : com.example.tienda_ms_pedidos.model.Producto{descripcion=Smartphone Apple, precio=100.0, categorias=[com.example.tienda_ms_pedidos.model.Categoria#5], imagen=imagen.jpg, id=6, stock=10.0, nombre=iPhone Test}
2024-12-15T14:28:01.060-03:00 DEBUG 43375 --- [tienda-ms-pedidos] [           main] o.hibernate.internal.util.EntityPrinter  : com.example.tienda_ms_pedidos.model.Producto{descripcion=Smartphone Samsung, precio=100.0, categorias=[com.example.tienda_ms_pedidos.model.Categoria#5], imagen=imagen.jpg, id=7, stock=10.0, nombre=Samsung Galaxy}
2024-12-15T14:28:01.060-03:00 DEBUG 43375 --- [tienda-ms-pedidos] [           main] org.hibernate.orm.sql.exec               : Skipping reading Query result cache data: cache-enabled = false, cache-mode = NORMAL
2024-12-15T14:28:01.060-03:00 DEBUG 43375 --- [tienda-ms-pedidos] [           main] org.hibernate.SQL                        : 
    /* SELECT
        DISTINCT p 
    FROM
        Producto p 
    JOIN
        p.categorias c 
    WHERE
        LOWER(p.nombre) LIKE LOWER(CONCAT('%', :filtro, '%'))    
        OR LOWER(c.nombre) LIKE LOWER(CONCAT('%', :filtro, '%')) */ select
            distinct p1_0.id_producto,
            p1_0.descripcion,
            p1_0.imagen,
            p1_0.nombre,
            p1_0.precio,
            p1_0.stock 
        from
            producto p1_0 
        join
            producto_categoria c1_0 
                on p1_0.id_producto=c1_0.id_producto 
        join
            categoria c1_1 
                on c1_1.id_categoria=c1_0.id_categoria 
        where
            lower(p1_0.nombre) like lower(('%'||?||'%')) 
            or lower(c1_1.nombre) like lower(('%'||?||'%'))
Hibernate: 
    /* SELECT
        DISTINCT p 
    FROM
        Producto p 
    JOIN
        p.categorias c 
    WHERE
        LOWER(p.nombre) LIKE LOWER(CONCAT('%', :filtro, '%'))    
        OR LOWER(c.nombre) LIKE LOWER(CONCAT('%', :filtro, '%')) */ select
            distinct p1_0.id_producto,
            p1_0.descripcion,
            p1_0.imagen,
            p1_0.nombre,
            p1_0.precio,
            p1_0.stock 
        from
            producto p1_0 
        join
            producto_categoria c1_0 
                on p1_0.id_producto=c1_0.id_producto 
        join
            categoria c1_1 
                on c1_1.id_categoria=c1_0.id_categoria 
        where
            lower(p1_0.nombre) like lower(('%'||?||'%')) 
            or lower(c1_1.nombre) like lower(('%'||?||'%'))
2024-12-15T14:28:01.061-03:00 DEBUG 43375 --- [tienda-ms-pedidos] [           main] org.hibernate.orm.results                : Initializer list:
	  com.example.tienda_ms_pedidos.model.Producto(p) -> EntityJoinedFetchInitializer(com.example.tienda_ms_pedidos.model.Producto(p))@2121945556 (SingleTableEntityPersister(com.example.tienda_ms_pedidos.model.Producto))
	  com.example.tienda_ms_pedidos.model.Producto(p).categorias -> SelectEagerCollectionInitializer(com.example.tienda_ms_pedidos.model.Producto(p).categorias)@235448939 (PluralAttribute(com.example.tienda_ms_pedidos.model.Producto.categorias))

2024-12-15T14:28:01.062-03:00 DEBUG 43375 --- [tienda-ms-pedidos] [           main] org.springframework.test.context.cache   : Spring test ApplicationContext cache statistics: [DefaultContextCache@30d9004d size = 1, maxSize = 32, parentContextCount = 0, hitCount = 167, missCount = 1, failureCount = 0]
2024-12-15T14:28:01.062-03:00 DEBUG 43375 --- [tienda-ms-pedidos] [           main] org.springframework.test.context.cache   : Spring test ApplicationContext cache statistics: [DefaultContextCache@30d9004d size = 1, maxSize = 32, parentContextCount = 0, hitCount = 168, missCount = 1, failureCount = 0]
2024-12-15T14:28:01.062-03:00 DEBUG 43375 --- [tienda-ms-pedidos] [           main] org.springframework.test.context.cache   : Spring test ApplicationContext cache statistics: [DefaultContextCache@30d9004d size = 1, maxSize = 32, parentContextCount = 0, hitCount = 169, missCount = 1, failureCount = 0]
2024-12-15T14:28:01.062-03:00 DEBUG 43375 --- [tienda-ms-pedidos] [           main] org.springframework.test.context.cache   : Spring test ApplicationContext cache statistics: [DefaultContextCache@30d9004d size = 1, maxSize = 32, parentContextCount = 0, hitCount = 170, missCount = 1, failureCount = 0]
2024-12-15T14:28:01.062-03:00 DEBUG 43375 --- [tienda-ms-pedidos] [           main] org.springframework.test.context.cache   : Spring test ApplicationContext cache statistics: [DefaultContextCache@30d9004d size = 1, maxSize = 32, parentContextCount = 0, hitCount = 171, missCount = 1, failureCount = 0]
2024-12-15T14:28:01.062-03:00 DEBUG 43375 --- [tienda-ms-pedidos] [           main] org.springframework.test.context.cache   : Spring test ApplicationContext cache statistics: [DefaultContextCache@30d9004d size = 1, maxSize = 32, parentContextCount = 0, hitCount = 172, missCount = 1, failureCount = 0]
2024-12-15T14:28:01.063-03:00 DEBUG 43375 --- [tienda-ms-pedidos] [           main] org.springframework.test.context.cache   : Spring test ApplicationContext cache statistics: [DefaultContextCache@30d9004d size = 1, maxSize = 32, parentContextCount = 0, hitCount = 173, missCount = 1, failureCount = 0]
2024-12-15T14:28:01.063-03:00 DEBUG 43375 --- [tienda-ms-pedidos] [           main] o.s.orm.jpa.JpaTransactionManager        : Initiating transaction rollback
2024-12-15T14:28:01.063-03:00 DEBUG 43375 --- [tienda-ms-pedidos] [           main] o.s.orm.jpa.JpaTransactionManager        : Rolling back JPA transaction on EntityManager [SessionImpl(817851970<open>)]
2024-12-15T14:28:01.063-03:00 DEBUG 43375 --- [tienda-ms-pedidos] [           main] o.h.e.t.internal.TransactionImpl         : rolling back
2024-12-15T14:28:01.063-03:00 DEBUG 43375 --- [tienda-ms-pedidos] [           main] o.s.orm.jpa.JpaTransactionManager        : Closing JPA EntityManager [SessionImpl(817851970<open>)] after transaction
2024-12-15T14:28:01.063-03:00 DEBUG 43375 --- [tienda-ms-pedidos] [           main] o.s.t.c.transaction.TransactionContext   : Rolled back transaction (1) for test class [com.example.tienda_ms_pedidos.repository.ProductoRepositoryTest]; test method [buscarPorNombreOCategoria_PorNombre]
2024-12-15T14:28:01.063-03:00 DEBUG 43375 --- [tienda-ms-pedidos] [           main] .c.s.DirtiesContextTestExecutionListener : After test method: class [ProductoRepositoryTest], method [buscarPorNombreOCategoria_PorNombre], class annotated with @DirtiesContext [false] with mode [null], method annotated with @DirtiesContext [false] with mode [null]
]]></system-out>
  </testcase>
</testsuite>